=== Test 1: sbatch direct cuInit ===
sbatch cuInit: 3

=== Test 2: srun cuInit (within sbatch) ===
srun cuInit: 0
Device count: 1

=== Test 3: Compare /proc/self/status ===
sbatch task_special:
Uid:	1796601748	1796601748	1796601748	1796601748
Gid:	1796600513	1796600513	1796600513	1796600513
Groups:	1796600513 1796601655 1796601810 1796601812 1796601826 1796602603 1796602657 1796603134 
CapPrm:	0000000000000000
CapEff:	0000000000000000
CapBnd:	000001ffffffffff
Seccomp:	0
Seccomp_filters:	0

srun task:
Uid:	1796601748	1796601748	1796601748	1796601748
Gid:	1796600513	1796600513	1796600513	1796600513
Groups:	1796600513 1796601655 1796601810 1796601812 1796601826 1796602603 1796602657 1796603134 
CapPrm:	0000000000000000
CapEff:	0000000000000000
CapBnd:	000001ffffffffff
Seccomp:	0
Seccomp_filters:	0

=== Test 4: Compare namespace ===
sbatch:
total 0
dr-x--x--x 2 1796601748 1796600513 0 Dec 26 23:52 .
dr-xr-xr-x 9 1796601748 1796600513 0 Dec 26 23:52 ..
lrwxrwxrwx 1 1796601748 1796600513 0 Dec 26 23:52 cgroup -> cgroup:[4026531835]
lrwxrwxrwx 1 1796601748 1796600513 0 Dec 26 23:52 ipc -> ipc:[4026531839]
lrwxrwxrwx 1 1796601748 1796600513 0 Dec 26 23:52 mnt -> mnt:[4026531841]
lrwxrwxrwx 1 1796601748 1796600513 0 Dec 26 23:52 net -> net:[4026531840]
lrwxrwxrwx 1 1796601748 1796600513 0 Dec 26 23:52 pid -> pid:[4026531836]
lrwxrwxrwx 1 1796601748 1796600513 0 Dec 26 23:52 pid_for_children -> pid:[4026531836]
lrwxrwxrwx 1 1796601748 1796600513 0 Dec 26 23:52 time -> time:[4026531834]
lrwxrwxrwx 1 1796601748 1796600513 0 Dec 26 23:52 time_for_children -> time:[4026531834]
lrwxrwxrwx 1 1796601748 1796600513 0 Dec 26 23:52 user -> user:[4026531837]
lrwxrwxrwx 1 1796601748 1796600513 0 Dec 26 23:52 uts -> uts:[4026531838]

srun:
total 0
dr-x--x--x 2 1796601748 1796600513 0 Dec 26 23:52 .
dr-xr-xr-x 9 1796601748 1796600513 0 Dec 26 23:52 ..
lrwxrwxrwx 1 1796601748 1796600513 0 Dec 26 23:52 cgroup -> cgroup:[4026531835]
lrwxrwxrwx 1 1796601748 1796600513 0 Dec 26 23:52 ipc -> ipc:[4026531839]
lrwxrwxrwx 1 1796601748 1796600513 0 Dec 26 23:52 mnt -> mnt:[4026531841]
lrwxrwxrwx 1 1796601748 1796600513 0 Dec 26 23:52 net -> net:[4026531840]
lrwxrwxrwx 1 1796601748 1796600513 0 Dec 26 23:52 pid -> pid:[4026531836]
lrwxrwxrwx 1 1796601748 1796600513 0 Dec 26 23:52 pid_for_children -> pid:[4026531836]
lrwxrwxrwx 1 1796601748 1796600513 0 Dec 26 23:52 time -> time:[4026531834]
lrwxrwxrwx 1 1796601748 1796600513 0 Dec 26 23:52 time_for_children -> time:[4026531834]
lrwxrwxrwx 1 1796601748 1796600513 0 Dec 26 23:52 user -> user:[4026531837]
lrwxrwxrwx 1 1796601748 1796600513 0 Dec 26 23:52 uts -> uts:[4026531838]
