2025-12-21 06:51:26,398 - __main__ - INFO - 🚀 Start Ray V2 federated learning
2025-12-21 06:51:26,399 - __main__ - INFO - 📊 Configuration: 50 clients, 100 rounds training, total nodes: 51
2025-12-21 06:51:26,399 - __main__ - INFO - 🧹 Clean environment...
2025-12-21 06:51:27,618 - __main__ - INFO - ✅ Environment cleanup completed
2025-12-21 06:51:27,618 - __main__ - INFO - 🚀 Applying host network optimizations for ultra-high concurrency...
2025-12-21 06:51:27,732 - __main__ - WARNING - ⚠️  22 network optimizations could not be applied (may need sudo access)
2025-12-21 06:51:27,732 - __main__ - WARNING - ⚠️  No host network optimizations applied! High-concurrency FL may experience issues.
2025-12-21 06:51:27,732 - __main__ - WARNING -    Consider running with sudo or contacting HPC admin to apply these settings.
2025-12-21 06:51:27,733 - __main__ - INFO - 🦭 Initializing Podman rootless environment...
2025-12-21 06:51:27,736 - __main__ - WARNING - ⚠️  Podman unavailable, trying Docker...
2025-12-21 06:51:27,737 - __main__ - INFO - 📦 Using non-container mode (Fallback)
2025-12-21 06:51:27,763	INFO worker.py:1821 -- Connecting to existing Ray cluster at address: 10.0.0.2:6379...
2025-12-21 06:51:27,777	INFO worker.py:1998 -- Connected to Ray cluster. View the dashboard at [1m[32m10.0.0.2:8265 [39m[22m
/home/naicheng_li/.conda/envs/flv2/lib/python3.10/site-packages/ray/_private/worker.py:2046: FutureWarning: Tip: In future versions of Ray, Ray will no longer override accelerator visible devices env var if num_gpus=0 or num_gpus=None (default). To enable this behavior and turn off this error message, set RAY_ACCEL_ENV_VAR_OVERRIDE_ON_ZERO=0
  warnings.warn(
2025-12-21 06:51:28,877 - __main__ - INFO - 🚀 Connected to external Ray cluster: 10.0.0.2:6379
2025-12-21 06:51:28,877 - __main__ - INFO -    📊 Resources: {'accelerator_type:L4': 1.0, 'memory': 549429123892.0, 'GPU': 6.0, 'object_store_memory': 235469624524.0, 'CPU': 128.0, 'node:10.0.0.1': 1.0, 'node:10.0.0.2': 1.0, 'node:__internal_head__': 1.0, 'accelerator_type:A100': 1.0}
2025-12-21 06:51:28,877 - __main__ - INFO - 🌐 Ray Cluster Topology:
2025-12-21 06:51:28,877 - __main__ - INFO -    📍 Head node: a7e19f545cde... (Server will run here)
2025-12-21 06:51:28,877 - __main__ - INFO -    📍 Worker nodes: 1 available
2025-12-21 06:51:28,877 - __main__ - INFO -       Worker 1: 4714a5401425...
2025-12-21 06:51:28,878 - __main__ - INFO - 🎮 Detected GPU type on node a7e19f545cde...: A100 -> 40.0GB per GPU
2025-12-21 06:51:28,878 - __main__ - INFO - 📍 Head node (a7e19f545cde...): 4.0 GPUs, 160.0GB total memory
2025-12-21 06:51:28,879 - __main__ - INFO - 🎮 Detected GPU type on node 4714a5401425...: L4 -> 23.0GB per GPU
2025-12-21 06:51:28,879 - __main__ - INFO - 📍 Worker node (4714a5401425...): 2.0 GPUs, 46.0GB total memory
2025-12-21 06:51:28,879 - __main__ - INFO - 📊 Total GPU memory across all nodes: 206.0GB
2025-12-21 06:51:28,879 - __main__ - INFO - 📊 Memory per client: 3.0GB → Max capacity: 68 clients
2025-12-21 06:51:28,879 - __main__ - INFO -    Node a7e19f545cde...: 38 clients (160.0GB / 38 = 4.2GB/client)
2025-12-21 06:51:28,879 - __main__ - INFO -    Node 4714a5401425...: 12 clients (46.0GB / 12 = 3.8GB/client)
2025-12-21 06:51:28,880 - __main__ - INFO -    Node a7e19f545cde...: 4.0 GPU, 38 clients, max 10 clients/GPU -> 0.0950 GPU/client
2025-12-21 06:51:28,880 - __main__ - INFO -    Node 4714a5401425...: 2.0 GPU, 12 clients, max 6 clients/GPU -> 0.1583 GPU/client
2025-12-21 06:51:28,880 - __main__ - INFO - 🎯 GPU allocation summary: {'total_available_gpus': 6.0, 'total_allocated_gpus': 5.5096, 'utilization_rate': '91.83%', 'server': 'CPU only', 'per_node_allocation': {'a7e19f545cde': {'count': 38, 'total_gpu': 3.610000000000003}, '4714a5401425': {'count': 12, 'total_gpu': 1.8996000000000004}}, 'gpu_clients': 50, 'cpu_clients': 0}
2025-12-21 06:51:28,880 - __main__ - INFO - 📋 Client distribution: 50 GPU clients, 0 CPU clients
2025-12-21 06:51:30,999 - __main__ - INFO - 📍 Server scheduled to head node: a7e19f545cde...
2025-12-21 06:51:31,094 - __main__ - INFO - 📦 Using Fallback (no container) for Server
2025-12-21 06:51:31,153 - __main__ - INFO - ✅ Server started: 10.0.0.2:33041
2025-12-21 06:51:46,170 - __main__ - INFO - 📱 Edge device distribution: {'smartphone': 50}
2025-12-21 06:51:46,170 - __main__ - INFO - 📊 Client distribution plan:
2025-12-21 06:51:46,171 - __main__ - INFO -    Client 1 -> head (a7e19f545cde...), Node CPUs: 64.0, Clients on node: 38
2025-12-21 06:51:46,171 - __main__ - INFO -    Client 2 -> head (a7e19f545cde...), Node CPUs: 64.0, Clients on node: 38
2025-12-21 06:51:46,172 - __main__ - INFO -    Client 3 -> head (a7e19f545cde...), Node CPUs: 64.0, Clients on node: 38
2025-12-21 06:51:46,173 - __main__ - INFO -    Client 4 -> head (a7e19f545cde...), Node CPUs: 64.0, Clients on node: 38
2025-12-21 06:51:46,173 - __main__ - INFO -    Client 5 -> head (a7e19f545cde...), Node CPUs: 64.0, Clients on node: 38
2025-12-21 06:51:46,174 - __main__ - INFO -    Client 6 -> head (a7e19f545cde...), Node CPUs: 64.0, Clients on node: 38
2025-12-21 06:51:46,174 - __main__ - INFO -    Client 7 -> head (a7e19f545cde...), Node CPUs: 64.0, Clients on node: 38
2025-12-21 06:51:46,175 - __main__ - INFO -    Client 8 -> head (a7e19f545cde...), Node CPUs: 64.0, Clients on node: 38
2025-12-21 06:51:46,175 - __main__ - INFO -    Client 9 -> head (a7e19f545cde...), Node CPUs: 64.0, Clients on node: 38
2025-12-21 06:51:46,176 - __main__ - INFO -    Client 10 -> head (a7e19f545cde...), Node CPUs: 64.0, Clients on node: 38
2025-12-21 06:51:46,176 - __main__ - INFO -    Client 11 -> head (a7e19f545cde...), Node CPUs: 64.0, Clients on node: 38
2025-12-21 06:51:46,177 - __main__ - INFO -    Client 12 -> head (a7e19f545cde...), Node CPUs: 64.0, Clients on node: 38
2025-12-21 06:51:46,177 - __main__ - INFO -    Client 13 -> head (a7e19f545cde...), Node CPUs: 64.0, Clients on node: 38
2025-12-21 06:51:46,177 - __main__ - INFO -    Client 14 -> head (a7e19f545cde...), Node CPUs: 64.0, Clients on node: 38
2025-12-21 06:51:46,178 - __main__ - INFO -    Client 15 -> head (a7e19f545cde...), Node CPUs: 64.0, Clients on node: 38
2025-12-21 06:51:46,178 - __main__ - INFO -    Client 16 -> head (a7e19f545cde...), Node CPUs: 64.0, Clients on node: 38
2025-12-21 06:51:46,179 - __main__ - INFO -    Client 17 -> head (a7e19f545cde...), Node CPUs: 64.0, Clients on node: 38
2025-12-21 06:51:46,179 - __main__ - INFO -    Client 18 -> head (a7e19f545cde...), Node CPUs: 64.0, Clients on node: 38
2025-12-21 06:51:46,180 - __main__ - INFO -    Client 19 -> head (a7e19f545cde...), Node CPUs: 64.0, Clients on node: 38
2025-12-21 06:51:46,180 - __main__ - INFO -    Client 20 -> head (a7e19f545cde...), Node CPUs: 64.0, Clients on node: 38
2025-12-21 06:51:46,181 - __main__ - INFO -    Client 21 -> head (a7e19f545cde...), Node CPUs: 64.0, Clients on node: 38
2025-12-21 06:51:46,181 - __main__ - INFO -    Client 22 -> head (a7e19f545cde...), Node CPUs: 64.0, Clients on node: 38
2025-12-21 06:51:46,182 - __main__ - INFO -    Client 23 -> head (a7e19f545cde...), Node CPUs: 64.0, Clients on node: 38
2025-12-21 06:51:46,182 - __main__ - INFO -    Client 24 -> head (a7e19f545cde...), Node CPUs: 64.0, Clients on node: 38
2025-12-21 06:51:46,182 - __main__ - INFO -    Client 25 -> head (a7e19f545cde...), Node CPUs: 64.0, Clients on node: 38
2025-12-21 06:51:46,183 - __main__ - INFO -    Client 26 -> head (a7e19f545cde...), Node CPUs: 64.0, Clients on node: 38
2025-12-21 06:51:46,183 - __main__ - INFO -    Client 27 -> head (a7e19f545cde...), Node CPUs: 64.0, Clients on node: 38
2025-12-21 06:51:46,184 - __main__ - INFO -    Client 28 -> head (a7e19f545cde...), Node CPUs: 64.0, Clients on node: 38
2025-12-21 06:51:46,184 - __main__ - INFO -    Client 29 -> head (a7e19f545cde...), Node CPUs: 64.0, Clients on node: 38
2025-12-21 06:51:46,184 - __main__ - INFO -    Client 30 -> head (a7e19f545cde...), Node CPUs: 64.0, Clients on node: 38
2025-12-21 06:51:46,185 - __main__ - INFO -    Client 31 -> head (a7e19f545cde...), Node CPUs: 64.0, Clients on node: 38
2025-12-21 06:51:46,185 - __main__ - INFO -    Client 32 -> head (a7e19f545cde...), Node CPUs: 64.0, Clients on node: 38
2025-12-21 06:51:46,186 - __main__ - INFO -    Client 33 -> head (a7e19f545cde...), Node CPUs: 64.0, Clients on node: 38
2025-12-21 06:51:46,186 - __main__ - INFO -    Client 34 -> head (a7e19f545cde...), Node CPUs: 64.0, Clients on node: 38
2025-12-21 06:51:46,187 - __main__ - INFO -    Client 35 -> head (a7e19f545cde...), Node CPUs: 64.0, Clients on node: 38
2025-12-21 06:51:46,187 - __main__ - INFO -    Client 36 -> head (a7e19f545cde...), Node CPUs: 64.0, Clients on node: 38
2025-12-21 06:51:46,187 - __main__ - INFO -    Client 37 -> head (a7e19f545cde...), Node CPUs: 64.0, Clients on node: 38
2025-12-21 06:51:46,188 - __main__ - INFO -    Client 38 -> head (a7e19f545cde...), Node CPUs: 64.0, Clients on node: 38
2025-12-21 06:51:46,188 - __main__ - INFO -    Client 39 -> worker (4714a5401425...), Node CPUs: 64.0, Clients on node: 12
2025-12-21 06:51:46,189 - __main__ - INFO -    Client 40 -> worker (4714a5401425...), Node CPUs: 64.0, Clients on node: 12
2025-12-21 06:51:46,189 - __main__ - INFO -    Client 41 -> worker (4714a5401425...), Node CPUs: 64.0, Clients on node: 12
2025-12-21 06:51:46,190 - __main__ - INFO -    Client 42 -> worker (4714a5401425...), Node CPUs: 64.0, Clients on node: 12
2025-12-21 06:51:46,190 - __main__ - INFO -    Client 43 -> worker (4714a5401425...), Node CPUs: 64.0, Clients on node: 12
2025-12-21 06:51:46,190 - __main__ - INFO -    Client 44 -> worker (4714a5401425...), Node CPUs: 64.0, Clients on node: 12
2025-12-21 06:51:46,191 - __main__ - INFO -    Client 45 -> worker (4714a5401425...), Node CPUs: 64.0, Clients on node: 12
2025-12-21 06:51:46,191 - __main__ - INFO -    Client 46 -> worker (4714a5401425...), Node CPUs: 64.0, Clients on node: 12
2025-12-21 06:51:46,192 - __main__ - INFO -    Client 47 -> worker (4714a5401425...), Node CPUs: 64.0, Clients on node: 12
2025-12-21 06:51:46,192 - __main__ - INFO -    Client 48 -> worker (4714a5401425...), Node CPUs: 64.0, Clients on node: 12
2025-12-21 06:51:46,193 - __main__ - INFO -    Client 49 -> worker (4714a5401425...), Node CPUs: 64.0, Clients on node: 12
2025-12-21 06:51:46,193 - __main__ - INFO -    Client 50 -> worker (4714a5401425...), Node CPUs: 64.0, Clients on node: 12
2025-12-21 06:51:46,193 - __main__ - INFO - 🔧 Client 1 resources: num_cpus=1.4632, num_gpus=0.0950, memory=2.00GB
2025-12-21 06:51:46,270 - __main__ - INFO - ✅ Client 1 (smartphone) started on head node (a7e19f545cde...)
2025-12-21 06:51:49,274 - __main__ - INFO - 🔧 Client 2 resources: num_cpus=1.4632, num_gpus=0.0950, memory=2.00GB
2025-12-21 06:51:49,345 - __main__ - INFO - ✅ Client 2 (smartphone) started on head node (a7e19f545cde...)
2025-12-21 06:51:52,349 - __main__ - INFO - 🔧 Client 3 resources: num_cpus=1.4632, num_gpus=0.0950, memory=2.00GB
2025-12-21 06:51:52,424 - __main__ - INFO - ✅ Client 3 (smartphone) started on head node (a7e19f545cde...)
2025-12-21 06:51:55,426 - __main__ - INFO - 🔧 Client 4 resources: num_cpus=1.4632, num_gpus=0.0950, memory=2.00GB
2025-12-21 06:51:55,500 - __main__ - INFO - ✅ Client 4 (smartphone) started on head node (a7e19f545cde...)
2025-12-21 06:51:58,504 - __main__ - INFO - 🔧 Client 5 resources: num_cpus=1.4632, num_gpus=0.0950, memory=2.00GB
2025-12-21 06:51:58,588 - __main__ - INFO - ✅ Client 5 (smartphone) started on head node (a7e19f545cde...)
2025-12-21 06:52:01,592 - __main__ - INFO - 🔧 Client 6 resources: num_cpus=1.4632, num_gpus=0.0950, memory=2.00GB
2025-12-21 06:52:01,660 - __main__ - INFO - ✅ Client 6 (smartphone) started on head node (a7e19f545cde...)
2025-12-21 06:52:04,662 - __main__ - INFO - 🔧 Client 7 resources: num_cpus=1.4632, num_gpus=0.0950, memory=2.00GB
2025-12-21 06:52:04,734 - __main__ - INFO - ✅ Client 7 (smartphone) started on head node (a7e19f545cde...)
2025-12-21 06:52:07,738 - __main__ - INFO - 🔧 Client 8 resources: num_cpus=1.4632, num_gpus=0.0950, memory=2.00GB
2025-12-21 06:52:07,819 - __main__ - INFO - ✅ Client 8 (smartphone) started on head node (a7e19f545cde...)
2025-12-21 06:52:10,823 - __main__ - INFO - 🔧 Client 9 resources: num_cpus=1.4632, num_gpus=0.0950, memory=2.00GB
2025-12-21 06:52:10,896 - __main__ - INFO - ✅ Client 9 (smartphone) started on head node (a7e19f545cde...)
2025-12-21 06:52:13,900 - __main__ - INFO - 🔧 Client 10 resources: num_cpus=1.4632, num_gpus=0.0950, memory=2.00GB
2025-12-21 06:52:13,974 - __main__ - INFO - ✅ Client 10 (smartphone) started on head node (a7e19f545cde...)
2025-12-21 06:52:16,976 - __main__ - INFO - 🔧 Client 11 resources: num_cpus=1.4632, num_gpus=0.0950, memory=2.00GB
2025-12-21 06:52:17,052 - __main__ - INFO - ✅ Client 11 (smartphone) started on head node (a7e19f545cde...)
2025-12-21 06:52:20,056 - __main__ - INFO - 🔧 Client 12 resources: num_cpus=1.4632, num_gpus=0.0950, memory=2.00GB
2025-12-21 06:52:20,148 - __main__ - INFO - ✅ Client 12 (smartphone) started on head node (a7e19f545cde...)
2025-12-21 06:52:23,152 - __main__ - INFO - 🔧 Client 13 resources: num_cpus=1.4632, num_gpus=0.0950, memory=2.00GB
2025-12-21 06:52:23,218 - __main__ - INFO - ✅ Client 13 (smartphone) started on head node (a7e19f545cde...)
2025-12-21 06:52:26,222 - __main__ - INFO - 🔧 Client 14 resources: num_cpus=1.4632, num_gpus=0.0950, memory=2.00GB
2025-12-21 06:52:26,291 - __main__ - INFO - ✅ Client 14 (smartphone) started on head node (a7e19f545cde...)
2025-12-21 06:52:29,295 - __main__ - INFO - 🔧 Client 15 resources: num_cpus=1.4632, num_gpus=0.0950, memory=2.00GB
2025-12-21 06:52:29,367 - __main__ - INFO - ✅ Client 15 (smartphone) started on head node (a7e19f545cde...)
2025-12-21 06:52:32,370 - __main__ - INFO - 🔧 Client 16 resources: num_cpus=1.4632, num_gpus=0.0950, memory=2.00GB
2025-12-21 06:52:32,452 - __main__ - INFO - ✅ Client 16 (smartphone) started on head node (a7e19f545cde...)
2025-12-21 06:52:35,456 - __main__ - INFO - 🔧 Client 17 resources: num_cpus=1.4632, num_gpus=0.0950, memory=2.00GB
2025-12-21 06:52:35,526 - __main__ - INFO - ✅ Client 17 (smartphone) started on head node (a7e19f545cde...)
2025-12-21 06:52:38,529 - __main__ - INFO - 🔧 Client 18 resources: num_cpus=1.4632, num_gpus=0.0950, memory=2.00GB
2025-12-21 06:52:38,599 - __main__ - INFO - ✅ Client 18 (smartphone) started on head node (a7e19f545cde...)
2025-12-21 06:52:41,602 - __main__ - INFO - 🔧 Client 19 resources: num_cpus=1.4632, num_gpus=0.0950, memory=2.00GB
2025-12-21 06:52:41,673 - __main__ - INFO - ✅ Client 19 (smartphone) started on head node (a7e19f545cde...)
2025-12-21 06:52:44,677 - __main__ - INFO - 🔧 Client 20 resources: num_cpus=1.4632, num_gpus=0.0950, memory=2.00GB
2025-12-21 06:52:44,753 - __main__ - INFO - ✅ Client 20 (smartphone) started on head node (a7e19f545cde...)
2025-12-21 06:52:47,757 - __main__ - INFO - 🔧 Client 21 resources: num_cpus=1.4632, num_gpus=0.0950, memory=2.00GB
2025-12-21 06:52:47,841 - __main__ - INFO - ✅ Client 21 (smartphone) started on head node (a7e19f545cde...)
2025-12-21 06:52:50,845 - __main__ - INFO - 🔧 Client 22 resources: num_cpus=1.4632, num_gpus=0.0950, memory=2.00GB
2025-12-21 06:52:50,912 - __main__ - INFO - ✅ Client 22 (smartphone) started on head node (a7e19f545cde...)
2025-12-21 06:52:53,916 - __main__ - INFO - 🔧 Client 23 resources: num_cpus=1.4632, num_gpus=0.0950, memory=2.00GB
2025-12-21 06:52:54,000 - __main__ - INFO - ✅ Client 23 (smartphone) started on head node (a7e19f545cde...)
2025-12-21 06:52:57,002 - __main__ - INFO - 🔧 Client 24 resources: num_cpus=1.4632, num_gpus=0.0950, memory=2.00GB
2025-12-21 06:52:57,072 - __main__ - INFO - ✅ Client 24 (smartphone) started on head node (a7e19f545cde...)
2025-12-21 06:53:00,076 - __main__ - INFO - 🔧 Client 25 resources: num_cpus=1.4632, num_gpus=0.0950, memory=2.00GB
2025-12-21 06:53:00,158 - __main__ - INFO - ✅ Client 25 (smartphone) started on head node (a7e19f545cde...)
2025-12-21 06:53:03,160 - __main__ - INFO - 🔧 Client 26 resources: num_cpus=1.4632, num_gpus=0.0950, memory=2.00GB
2025-12-21 06:53:03,236 - __main__ - INFO - ✅ Client 26 (smartphone) started on head node (a7e19f545cde...)
2025-12-21 06:53:06,240 - __main__ - INFO - 🔧 Client 27 resources: num_cpus=1.4632, num_gpus=0.0950, memory=2.00GB
2025-12-21 06:53:06,327 - __main__ - INFO - ✅ Client 27 (smartphone) started on head node (a7e19f545cde...)
2025-12-21 06:53:09,331 - __main__ - INFO - 🔧 Client 28 resources: num_cpus=1.4632, num_gpus=0.0950, memory=2.00GB
2025-12-21 06:53:09,405 - __main__ - INFO - ✅ Client 28 (smartphone) started on head node (a7e19f545cde...)
2025-12-21 06:53:12,408 - __main__ - INFO - 🔧 Client 29 resources: num_cpus=1.4632, num_gpus=0.0950, memory=2.00GB
2025-12-21 06:53:12,493 - __main__ - INFO - ✅ Client 29 (smartphone) started on head node (a7e19f545cde...)
2025-12-21 06:53:15,498 - __main__ - INFO - 🔧 Client 30 resources: num_cpus=1.4632, num_gpus=0.0950, memory=2.00GB
2025-12-21 06:53:15,581 - __main__ - INFO - ✅ Client 30 (smartphone) started on head node (a7e19f545cde...)
2025-12-21 06:53:18,586 - __main__ - INFO - 🔧 Client 31 resources: num_cpus=1.4632, num_gpus=0.0950, memory=2.00GB
2025-12-21 06:53:18,667 - __main__ - INFO - ✅ Client 31 (smartphone) started on head node (a7e19f545cde...)
2025-12-21 06:53:21,670 - __main__ - INFO - 🔧 Client 32 resources: num_cpus=1.4632, num_gpus=0.0950, memory=2.00GB
2025-12-21 06:53:21,740 - __main__ - INFO - ✅ Client 32 (smartphone) started on head node (a7e19f545cde...)
2025-12-21 06:53:24,744 - __main__ - INFO - 🔧 Client 33 resources: num_cpus=1.4632, num_gpus=0.0950, memory=2.00GB
2025-12-21 06:53:24,826 - __main__ - INFO - ✅ Client 33 (smartphone) started on head node (a7e19f545cde...)
2025-12-21 06:53:27,829 - __main__ - INFO - 🔧 Client 34 resources: num_cpus=1.4632, num_gpus=0.0950, memory=2.00GB
2025-12-21 06:53:27,909 - __main__ - INFO - ✅ Client 34 (smartphone) started on head node (a7e19f545cde...)
2025-12-21 06:53:30,913 - __main__ - INFO - 🔧 Client 35 resources: num_cpus=1.4632, num_gpus=0.0950, memory=2.00GB
2025-12-21 06:53:30,991 - __main__ - INFO - ✅ Client 35 (smartphone) started on head node (a7e19f545cde...)
2025-12-21 06:53:33,995 - __main__ - INFO - 🔧 Client 36 resources: num_cpus=1.4632, num_gpus=0.0950, memory=2.00GB
2025-12-21 06:53:34,073 - __main__ - INFO - ✅ Client 36 (smartphone) started on head node (a7e19f545cde...)
2025-12-21 06:53:37,077 - __main__ - INFO - 🔧 Client 37 resources: num_cpus=1.4632, num_gpus=0.0950, memory=2.00GB
2025-12-21 06:53:37,157 - __main__ - INFO - ✅ Client 37 (smartphone) started on head node (a7e19f545cde...)
2025-12-21 06:53:40,161 - __main__ - INFO - 🔧 Client 38 resources: num_cpus=1.4632, num_gpus=0.0950, memory=2.00GB
2025-12-21 06:53:40,242 - __main__ - INFO - ✅ Client 38 (smartphone) started on head node (a7e19f545cde...)
2025-12-21 06:53:43,246 - __main__ - INFO - 🔧 Client 39 resources: num_cpus=4.8000, num_gpus=0.1583, memory=2.00GB
2025-12-21 06:53:44,363 - __main__ - INFO - ✅ Client 39 (smartphone) started on worker node (4714a5401425...)
2025-12-21 06:53:47,366 - __main__ - INFO - 🔧 Client 40 resources: num_cpus=4.8000, num_gpus=0.1583, memory=2.00GB
2025-12-21 06:53:48,150 - __main__ - INFO - ✅ Client 40 (smartphone) started on worker node (4714a5401425...)
2025-12-21 06:53:51,154 - __main__ - INFO - 🔧 Client 41 resources: num_cpus=4.8000, num_gpus=0.1583, memory=2.00GB
2025-12-21 06:53:51,842 - __main__ - INFO - ✅ Client 41 (smartphone) started on worker node (4714a5401425...)
2025-12-21 06:53:54,846 - __main__ - INFO - 🔧 Client 42 resources: num_cpus=4.8000, num_gpus=0.1583, memory=2.00GB
2025-12-21 06:53:55,389 - __main__ - INFO - ✅ Client 42 (smartphone) started on worker node (4714a5401425...)
2025-12-21 06:53:58,392 - __main__ - INFO - 🔧 Client 43 resources: num_cpus=4.8000, num_gpus=0.1583, memory=2.00GB
2025-12-21 06:53:58,929 - __main__ - INFO - ✅ Client 43 (smartphone) started on worker node (4714a5401425...)
2025-12-21 06:54:01,933 - __main__ - INFO - 🔧 Client 44 resources: num_cpus=4.8000, num_gpus=0.1583, memory=2.00GB
2025-12-21 06:54:02,437 - __main__ - INFO - ✅ Client 44 (smartphone) started on worker node (4714a5401425...)
2025-12-21 06:54:05,441 - __main__ - INFO - 🔧 Client 45 resources: num_cpus=4.8000, num_gpus=0.1583, memory=2.00GB
2025-12-21 06:54:05,990 - __main__ - INFO - ✅ Client 45 (smartphone) started on worker node (4714a5401425...)
2025-12-21 06:54:08,994 - __main__ - INFO - 🔧 Client 46 resources: num_cpus=4.8000, num_gpus=0.1583, memory=2.00GB
2025-12-21 06:54:09,412 - __main__ - INFO - ✅ Client 46 (smartphone) started on worker node (4714a5401425...)
2025-12-21 06:54:12,414 - __main__ - INFO - 🔧 Client 47 resources: num_cpus=4.8000, num_gpus=0.1583, memory=2.00GB
2025-12-21 06:54:12,886 - __main__ - INFO - ✅ Client 47 (smartphone) started on worker node (4714a5401425...)
2025-12-21 06:54:15,888 - __main__ - INFO - 🔧 Client 48 resources: num_cpus=4.8000, num_gpus=0.1583, memory=2.00GB
2025-12-21 06:54:16,430 - __main__ - INFO - ✅ Client 48 (smartphone) started on worker node (4714a5401425...)
2025-12-21 06:54:19,434 - __main__ - INFO - 🔧 Client 49 resources: num_cpus=4.8000, num_gpus=0.1583, memory=2.00GB
2025-12-21 06:54:19,972 - __main__ - INFO - ✅ Client 49 (smartphone) started on worker node (4714a5401425...)
2025-12-21 06:54:22,976 - __main__ - INFO - 🔧 Client 50 resources: num_cpus=4.8000, num_gpus=0.1583, memory=2.00GB
2025-12-21 06:54:23,440 - __main__ - INFO - ✅ Client 50 (smartphone) started on worker node (4714a5401425...)
2025-12-21 06:54:26,443 - __main__ - INFO - ✅ 50/50 Docker clients started successfully
2025-12-21 06:54:26,443 - __main__ - INFO - ✅ All 50 clients have completed startup
2025-12-21 06:54:26,443 - __main__ - INFO - 📊 Starting training monitoring (999999999 seconds)...
2025-12-21 06:54:26,457 - __main__ - INFO - ⏰ 0s | Server: running (CPU) | Clients: 50 nodes (fractional GPU) | Ray GPU usage: 5.5/6.0 (91.8%)
2025-12-21 06:54:31,473 - __main__ - INFO - ⏰ 5s | Server: running (CPU) | Clients: 50 nodes (fractional GPU) | Ray GPU usage: 5.5/6.0 (91.8%)
2025-12-21 06:54:36,493 - __main__ - INFO - ⏰ 10s | Server: running (CPU) | Clients: 50 nodes (fractional GPU) | Ray GPU usage: 5.5/6.0 (91.8%)
2025-12-21 06:54:41,512 - __main__ - INFO - ⏰ 15s | Server: running (CPU) | Clients: 50 nodes (fractional GPU) | Ray GPU usage: 5.5/6.0 (91.8%)
2025-12-21 06:54:46,531 - __main__ - INFO - ⏰ 20s | Server: running (CPU) | Clients: 50 nodes (fractional GPU) | Ray GPU usage: 5.5/6.0 (91.8%)
2025-12-21 06:54:51,548 - __main__ - INFO - ⏰ 25s | Server: running (CPU) | Clients: 50 nodes (fractional GPU) | Ray GPU usage: 5.5/6.0 (91.8%)
2025-12-21 06:54:56,566 - __main__ - INFO - ⏰ 30s | Server: running (CPU) | Clients: 50 nodes (fractional GPU) | Ray GPU usage: 5.5/6.0 (91.8%)
2025-12-21 06:55:01,582 - __main__ - INFO - ⏰ 35s | Server: running (CPU) | Clients: 50 nodes (fractional GPU) | Ray GPU usage: 5.5/6.0 (91.8%)
2025-12-21 06:55:06,598 - __main__ - INFO - ⏰ 40s | Server: running (CPU) | Clients: 50 nodes (fractional GPU) | Ray GPU usage: 5.5/6.0 (91.8%)
2025-12-21 06:55:11,613 - __main__ - INFO - ⏰ 45s | Server: running (CPU) | Clients: 50 nodes (fractional GPU) | Ray GPU usage: 5.5/6.0 (91.8%)
2025-12-21 06:55:16,630 - __main__ - INFO - ⏰ 50s | Server: running (CPU) | Clients: 50 nodes (fractional GPU) | Ray GPU usage: 5.5/6.0 (91.8%)
2025-12-21 06:55:21,648 - __main__ - INFO - ⏰ 55s | Server: running (CPU) | Clients: 50 nodes (fractional GPU) | Ray GPU usage: 5.5/6.0 (91.8%)
2025-12-21 06:55:26,667 - __main__ - INFO - ⏰ 60s | Server: running (CPU) | Clients: 50 nodes (fractional GPU) | Ray GPU usage: 5.5/6.0 (91.8%)
2025-12-21 06:55:31,681 - __main__ - INFO - ⏰ 65s | Server: running (CPU) | Clients: 50 nodes (fractional GPU) | Ray GPU usage: 5.5/6.0 (91.8%)
2025-12-21 06:55:36,693 - __main__ - INFO - ⏰ 70s | Server: running (CPU) | Clients: 50 nodes (fractional GPU) | Ray GPU usage: 5.5/6.0 (91.8%)
2025-12-21 06:55:41,707 - __main__ - INFO - ⏰ 75s | Server: running (CPU) | Clients: 50 nodes (fractional GPU) | Ray GPU usage: 5.5/6.0 (91.8%)
2025-12-21 06:55:46,723 - __main__ - INFO - ⏰ 80s | Server: running (CPU) | Clients: 50 nodes (fractional GPU) | Ray GPU usage: 5.5/6.0 (91.8%)
2025-12-21 06:55:51,740 - __main__ - INFO - ⏰ 85s | Server: running (CPU) | Clients: 50 nodes (fractional GPU) | Ray GPU usage: 5.5/6.0 (91.8%)
2025-12-21 06:55:56,758 - __main__ - INFO - ⏰ 90s | Server: running (CPU) | Clients: 50 nodes (fractional GPU) | Ray GPU usage: 5.5/6.0 (91.8%)
2025-12-21 06:56:01,775 - __main__ - INFO - ⏰ 95s | Server: running (CPU) | Clients: 50 nodes (fractional GPU) | Ray GPU usage: 5.5/6.0 (91.8%)
2025-12-21 06:56:06,789 - __main__ - INFO - ⏰ 100s | Server: running (CPU) | Clients: 50 nodes (fractional GPU) | Ray GPU usage: 5.5/6.0 (91.8%)
2025-12-21 06:56:11,808 - __main__ - INFO - ⏰ 105s | Server: running (CPU) | Clients: 50 nodes (fractional GPU) | Ray GPU usage: 5.5/6.0 (91.8%)
2025-12-21 06:56:16,826 - __main__ - INFO - ⏰ 110s | Server: running (CPU) | Clients: 50 nodes (fractional GPU) | Ray GPU usage: 5.5/6.0 (91.8%)
2025-12-21 06:56:21,845 - __main__ - INFO - ⏰ 115s | Server: running (CPU) | Clients: 50 nodes (fractional GPU) | Ray GPU usage: 5.5/6.0 (91.8%)
2025-12-21 06:56:26,863 - __main__ - INFO - ⏰ 120s | Server: running (CPU) | Clients: 50 nodes (fractional GPU) | Ray GPU usage: 5.5/6.0 (91.8%)
2025-12-21 06:56:31,876 - __main__ - INFO - ⏰ 125s | Server: running (CPU) | Clients: 50 nodes (fractional GPU) | Ray GPU usage: 5.5/6.0 (91.8%)
2025-12-21 06:56:36,891 - __main__ - INFO - ⏰ 130s | Server: running (CPU) | Clients: 50 nodes (fractional GPU) | Ray GPU usage: 5.5/6.0 (91.8%)
2025-12-21 06:56:41,910 - __main__ - INFO - ⏰ 135s | Server: running (CPU) | Clients: 50 nodes (fractional GPU) | Ray GPU usage: 5.5/6.0 (91.8%)
2025-12-21 06:56:46,925 - __main__ - INFO - ⏰ 140s | Server: running (CPU) | Clients: 50 nodes (fractional GPU) | Ray GPU usage: 5.5/6.0 (91.8%)
2025-12-21 06:56:51,942 - __main__ - INFO - ⏰ 145s | Server: running (CPU) | Clients: 50 nodes (fractional GPU) | Ray GPU usage: 5.5/6.0 (91.8%)
2025-12-21 06:56:56,962 - __main__ - INFO - ⏰ 150s | Server: running (CPU) | Clients: 50 nodes (fractional GPU) | Ray GPU usage: 5.5/6.0 (91.8%)
2025-12-21 06:57:01,975 - __main__ - INFO - ⏰ 155s | Server: running (CPU) | Clients: 50 nodes (fractional GPU) | Ray GPU usage: 5.5/6.0 (91.8%)
2025-12-21 06:57:06,991 - __main__ - INFO - ⏰ 160s | Server: running (CPU) | Clients: 50 nodes (fractional GPU) | Ray GPU usage: 5.5/6.0 (91.8%)
2025-12-21 06:57:12,010 - __main__ - INFO - ⏰ 165s | Server: running (CPU) | Clients: 50 nodes (fractional GPU) | Ray GPU usage: 5.5/6.0 (91.8%)
2025-12-21 06:57:17,026 - __main__ - INFO - ⏰ 170s | Server: running (CPU) | Clients: 50 nodes (fractional GPU) | Ray GPU usage: 5.5/6.0 (91.8%)
2025-12-21 06:57:22,043 - __main__ - INFO - ⏰ 175s | Server: running (CPU) | Clients: 50 nodes (fractional GPU) | Ray GPU usage: 5.5/6.0 (91.8%)
2025-12-21 06:57:27,062 - __main__ - INFO - ⏰ 180s | Server: running (CPU) | Clients: 50 nodes (fractional GPU) | Ray GPU usage: 5.5/6.0 (91.8%)
2025-12-21 06:57:32,079 - __main__ - INFO - ⏰ 185s | Server: running (CPU) | Clients: 50 nodes (fractional GPU) | Ray GPU usage: 5.5/6.0 (91.8%)
2025-12-21 06:57:37,098 - __main__ - INFO - ⏰ 190s | Server: running (CPU) | Clients: 50 nodes (fractional GPU) | Ray GPU usage: 5.5/6.0 (91.8%)
2025-12-21 06:57:42,117 - __main__ - INFO - ⏰ 195s | Server: running (CPU) | Clients: 50 nodes (fractional GPU) | Ray GPU usage: 5.5/6.0 (91.8%)
2025-12-21 06:57:47,132 - __main__ - INFO - ⏰ 200s | Server: running (CPU) | Clients: 50 nodes (fractional GPU) | Ray GPU usage: 5.5/6.0 (91.8%)
2025-12-21 06:57:52,150 - __main__ - INFO - ⏰ 205s | Server: running (CPU) | Clients: 50 nodes (fractional GPU) | Ray GPU usage: 5.5/6.0 (91.8%)
2025-12-21 06:57:57,164 - __main__ - INFO - ⏰ 210s | Server: running (CPU) | Clients: 50 nodes (fractional GPU) | Ray GPU usage: 5.5/6.0 (91.8%)
2025-12-21 06:58:02,182 - __main__ - INFO - ⏰ 215s | Server: running (CPU) | Clients: 50 nodes (fractional GPU) | Ray GPU usage: 5.5/6.0 (91.8%)
2025-12-21 06:58:07,203 - __main__ - INFO - ⏰ 220s | Server: running (CPU) | Clients: 50 nodes (fractional GPU) | Ray GPU usage: 5.5/6.0 (91.8%)
2025-12-21 06:58:12,221 - __main__ - INFO - ⏰ 225s | Server: running (CPU) | Clients: 50 nodes (fractional GPU) | Ray GPU usage: 5.5/6.0 (91.8%)
2025-12-21 06:58:17,238 - __main__ - INFO - ⏰ 230s | Server: running (CPU) | Clients: 50 nodes (fractional GPU) | Ray GPU usage: 5.5/6.0 (91.8%)
2025-12-21 06:58:22,254 - __main__ - INFO - ⏰ 235s | Server: running (CPU) | Clients: 50 nodes (fractional GPU) | Ray GPU usage: 5.5/6.0 (91.8%)
2025-12-21 06:58:27,273 - __main__ - INFO - ⏰ 240s | Server: running (CPU) | Clients: 50 nodes (fractional GPU) | Ray GPU usage: 5.5/6.0 (91.8%)
2025-12-21 06:58:32,291 - __main__ - INFO - ⏰ 245s | Server: running (CPU) | Clients: 50 nodes (fractional GPU) | Ray GPU usage: 5.5/6.0 (91.8%)
2025-12-21 06:58:37,308 - __main__ - INFO - ⏰ 250s | Server: running (CPU) | Clients: 50 nodes (fractional GPU) | Ray GPU usage: 5.5/6.0 (91.8%)
2025-12-21 06:58:42,327 - __main__ - INFO - ⏰ 255s | Server: running (CPU) | Clients: 50 nodes (fractional GPU) | Ray GPU usage: 5.5/6.0 (91.8%)
2025-12-21 06:58:47,345 - __main__ - INFO - ⏰ 260s | Server: running (CPU) | Clients: 50 nodes (fractional GPU) | Ray GPU usage: 5.5/6.0 (91.8%)
2025-12-21 06:58:52,360 - __main__ - INFO - ⏰ 265s | Server: running (CPU) | Clients: 50 nodes (fractional GPU) | Ray GPU usage: 5.5/6.0 (91.8%)
2025-12-21 06:58:57,378 - __main__ - INFO - ⏰ 270s | Server: running (CPU) | Clients: 50 nodes (fractional GPU) | Ray GPU usage: 5.5/6.0 (91.8%)
2025-12-21 06:59:02,393 - __main__ - INFO - ⏰ 275s | Server: running (CPU) | Clients: 50 nodes (fractional GPU) | Ray GPU usage: 5.5/6.0 (91.8%)
2025-12-21 06:59:07,411 - __main__ - INFO - ⏰ 280s | Server: running (CPU) | Clients: 50 nodes (fractional GPU) | Ray GPU usage: 5.5/6.0 (91.8%)
2025-12-21 06:59:12,427 - __main__ - INFO - ⏰ 285s | Server: running (CPU) | Clients: 50 nodes (fractional GPU) | Ray GPU usage: 5.5/6.0 (91.8%)
2025-12-21 06:59:17,443 - __main__ - INFO - ⏰ 290s | Server: running (CPU) | Clients: 50 nodes (fractional GPU) | Ray GPU usage: 5.5/6.0 (91.8%)
2025-12-21 06:59:22,461 - __main__ - INFO - ⏰ 296s | Server: running (CPU) | Clients: 50 nodes (fractional GPU) | Ray GPU usage: 5.5/6.0 (91.8%)
2025-12-21 06:59:27,478 - __main__ - INFO - ⏰ 301s | Server: running (CPU) | Clients: 50 nodes (fractional GPU) | Ray GPU usage: 5.5/6.0 (91.8%)
2025-12-21 06:59:32,497 - __main__ - INFO - ⏰ 306s | Server: running (CPU) | Clients: 50 nodes (fractional GPU) | Ray GPU usage: 5.5/6.0 (91.8%)
2025-12-21 06:59:37,515 - __main__ - INFO - ⏰ 311s | Server: running (CPU) | Clients: 50 nodes (fractional GPU) | Ray GPU usage: 5.5/6.0 (91.8%)
2025-12-21 06:59:42,531 - __main__ - INFO - ⏰ 316s | Server: running (CPU) | Clients: 50 nodes (fractional GPU) | Ray GPU usage: 5.5/6.0 (91.8%)
2025-12-21 06:59:47,548 - __main__ - INFO - ⏰ 321s | Server: running (CPU) | Clients: 50 nodes (fractional GPU) | Ray GPU usage: 5.5/6.0 (91.8%)
2025-12-21 06:59:52,564 - __main__ - INFO - ⏰ 326s | Server: running (CPU) | Clients: 50 nodes (fractional GPU) | Ray GPU usage: 5.5/6.0 (91.8%)
2025-12-21 06:59:57,581 - __main__ - INFO - ⏰ 331s | Server: running (CPU) | Clients: 50 nodes (fractional GPU) | Ray GPU usage: 5.5/6.0 (91.8%)
2025-12-21 07:00:02,598 - __main__ - INFO - ⏰ 336s | Server: running (CPU) | Clients: 50 nodes (fractional GPU) | Ray GPU usage: 5.5/6.0 (91.8%)
2025-12-21 07:00:07,615 - __main__ - INFO - ⏰ 341s | Server: running (CPU) | Clients: 50 nodes (fractional GPU) | Ray GPU usage: 5.5/6.0 (91.8%)
2025-12-21 07:00:12,633 - __main__ - INFO - ⏰ 346s | Server: running (CPU) | Clients: 50 nodes (fractional GPU) | Ray GPU usage: 5.5/6.0 (91.8%)
2025-12-21 07:00:17,648 - __main__ - INFO - ⏰ 351s | Server: running (CPU) | Clients: 50 nodes (fractional GPU) | Ray GPU usage: 5.5/6.0 (91.8%)
2025-12-21 07:00:22,665 - __main__ - INFO - ⏰ 356s | Server: running (CPU) | Clients: 50 nodes (fractional GPU) | Ray GPU usage: 5.5/6.0 (91.8%)
2025-12-21 07:00:27,682 - __main__ - INFO - ⏰ 361s | Server: running (CPU) | Clients: 50 nodes (fractional GPU) | Ray GPU usage: 5.5/6.0 (91.8%)
2025-12-21 07:00:32,699 - __main__ - INFO - ⏰ 366s | Server: running (CPU) | Clients: 50 nodes (fractional GPU) | Ray GPU usage: 5.5/6.0 (91.8%)
2025-12-21 07:00:37,716 - __main__ - INFO - ⏰ 371s | Server: running (CPU) | Clients: 50 nodes (fractional GPU) | Ray GPU usage: 5.5/6.0 (91.8%)
2025-12-21 07:00:42,731 - __main__ - INFO - ⏰ 376s | Server: running (CPU) | Clients: 50 nodes (fractional GPU) | Ray GPU usage: 5.5/6.0 (91.8%)
2025-12-21 07:00:47,749 - __main__ - INFO - ⏰ 381s | Server: running (CPU) | Clients: 50 nodes (fractional GPU) | Ray GPU usage: 5.5/6.0 (91.8%)
2025-12-21 07:00:52,767 - __main__ - INFO - ⏰ 386s | Server: running (CPU) | Clients: 50 nodes (fractional GPU) | Ray GPU usage: 5.5/6.0 (91.8%)
2025-12-21 07:00:57,784 - __main__ - INFO - ⏰ 391s | Server: running (CPU) | Clients: 50 nodes (fractional GPU) | Ray GPU usage: 5.5/6.0 (91.8%)
2025-12-21 07:01:02,803 - __main__ - INFO - ⏰ 396s | Server: running (CPU) | Clients: 50 nodes (fractional GPU) | Ray GPU usage: 5.5/6.0 (91.8%)
2025-12-21 07:01:07,820 - __main__ - INFO - ⏰ 401s | Server: running (CPU) | Clients: 50 nodes (fractional GPU) | Ray GPU usage: 5.5/6.0 (91.8%)
srun: Job step aborted: Waiting up to 32 seconds for job step to finish.
srun: Job step aborted: Waiting up to 32 seconds for job step to finish.
slurmstepd-srv-it-node01: error: *** STEP 449.1 ON srv-it-node01 CANCELLED AT 2025-12-21T07:01:10 ***
slurmstepd-srv-it-node02: error: *** STEP 448.0 ON srv-it-node02 CANCELLED AT 2025-12-21T07:01:10 ***
slurmstepd-srv-it-node02: error: *** JOB 448 ON srv-it-node02 CANCELLED AT 2025-12-21T07:01:10 ***
