2025-12-21 04:23:08,007 - __main__ - INFO - 🚀 Start Ray V2 federated learning
2025-12-21 04:23:08,007 - __main__ - INFO - 📊 Configuration: 50 clients, 100 rounds training, total nodes: 51
2025-12-21 04:23:08,007 - __main__ - INFO - 🧹 Clean environment...
2025-12-21 04:23:09,148 - __main__ - INFO - ✅ Environment cleanup completed
2025-12-21 04:23:09,152 - __main__ - WARNING - ⚠️  Docker unavailable, switch to non-container mode
2025-12-21 04:23:09,174	INFO worker.py:1821 -- Connecting to existing Ray cluster at address: 10.0.0.2:6379...
2025-12-21 04:23:09,186	INFO worker.py:1998 -- Connected to Ray cluster. View the dashboard at [1m[32m10.0.0.2:8265 [39m[22m
/home/naicheng_li/.conda/envs/flv2/lib/python3.10/site-packages/ray/_private/worker.py:2046: FutureWarning: Tip: In future versions of Ray, Ray will no longer override accelerator visible devices env var if num_gpus=0 or num_gpus=None (default). To enable this behavior and turn off this error message, set RAY_ACCEL_ENV_VAR_OVERRIDE_ON_ZERO=0
  warnings.warn(
2025-12-21 04:23:10,291 - __main__ - INFO - 🚀 Connected to external Ray cluster: 10.0.0.2:6379
2025-12-21 04:23:10,291 - __main__ - INFO -    📊 Resources: {'CPU': 128.0, 'memory': 549453013402.0, 'object_store_memory': 235479862886.0, 'node:__internal_head__': 1.0, 'accelerator_type:A100': 1.0, 'node:10.0.0.2': 1.0, 'GPU': 6.0, 'accelerator_type:L4': 1.0, 'node:10.0.0.1': 1.0}
2025-12-21 04:23:10,292 - __main__ - INFO - 🌐 Ray Cluster Topology:
2025-12-21 04:23:10,292 - __main__ - INFO -    📍 Head node: 503666cb2042... (Server will run here)
2025-12-21 04:23:10,292 - __main__ - INFO -    📍 Worker nodes: 1 available
2025-12-21 04:23:10,292 - __main__ - INFO -       Worker 1: 62c6707d7c8f...
2025-12-21 04:23:10,292 - __main__ - INFO - 📍 Head node (503666cb2042...): 4.0 GPUs
2025-12-21 04:23:10,293 - __main__ - INFO - 📍 Worker node (62c6707d7c8f...): 2.0 GPUs
2025-12-21 04:23:10,293 - __main__ - INFO - 📊 Total GPUs across all nodes: 6.0
2025-12-21 04:23:10,293 - __main__ - INFO -    Node 503666cb2042...: 33 clients (based on 4.0 GPUs)
2025-12-21 04:23:10,293 - __main__ - INFO -    Node 62c6707d7c8f...: 17 clients (based on 2.0 GPUs)
2025-12-21 04:23:10,294 - __main__ - INFO -    Node 503666cb2042...: 4.0 GPU, 33 clients, max 9 clients/GPU -> 0.1056 GPU/client
2025-12-21 04:23:10,294 - __main__ - INFO -    Node 62c6707d7c8f...: 2.0 GPU, 17 clients, max 9 clients/GPU -> 0.1056 GPU/client
2025-12-21 04:23:10,294 - __main__ - INFO - 🎯 GPU allocation summary: {'total_available_gpus': 6.0, 'total_allocated_gpus': 5.28, 'utilization_rate': '88.00%', 'server': 'CPU only', 'per_node_allocation': {'503666cb2042': {'count': 33, 'total_gpu': 3.484799999999998}, '62c6707d7c8f': {'count': 17, 'total_gpu': 1.7951999999999995}}, 'gpu_clients': 50, 'cpu_clients': 0}
2025-12-21 04:23:10,294 - __main__ - INFO - 📋 Client distribution: 50 GPU clients, 0 CPU clients
2025-12-21 04:23:12,469 - __main__ - INFO - 📍 Server scheduled to head node: 503666cb2042...
2025-12-21 04:23:12,631 - __main__ - INFO - ✅ Server started: 10.0.0.2:51009
2025-12-21 04:23:27,647 - __main__ - INFO - 📱 Edge device distribution: {'smartphone': 50}
2025-12-21 04:23:27,648 - __main__ - INFO - 📊 Client distribution plan:
2025-12-21 04:23:27,649 - __main__ - INFO -    Client 1 -> head (503666cb2042...), Node CPUs: 64.0, Clients on node: 33
2025-12-21 04:23:27,649 - __main__ - INFO -    Client 2 -> head (503666cb2042...), Node CPUs: 64.0, Clients on node: 33
2025-12-21 04:23:27,650 - __main__ - INFO -    Client 3 -> head (503666cb2042...), Node CPUs: 64.0, Clients on node: 33
2025-12-21 04:23:27,650 - __main__ - INFO -    Client 4 -> head (503666cb2042...), Node CPUs: 64.0, Clients on node: 33
2025-12-21 04:23:27,651 - __main__ - INFO -    Client 5 -> head (503666cb2042...), Node CPUs: 64.0, Clients on node: 33
2025-12-21 04:23:27,652 - __main__ - INFO -    Client 6 -> head (503666cb2042...), Node CPUs: 64.0, Clients on node: 33
2025-12-21 04:23:27,652 - __main__ - INFO -    Client 7 -> head (503666cb2042...), Node CPUs: 64.0, Clients on node: 33
2025-12-21 04:23:27,652 - __main__ - INFO -    Client 8 -> head (503666cb2042...), Node CPUs: 64.0, Clients on node: 33
2025-12-21 04:23:27,653 - __main__ - INFO -    Client 9 -> head (503666cb2042...), Node CPUs: 64.0, Clients on node: 33
2025-12-21 04:23:27,654 - __main__ - INFO -    Client 10 -> head (503666cb2042...), Node CPUs: 64.0, Clients on node: 33
2025-12-21 04:23:27,654 - __main__ - INFO -    Client 11 -> head (503666cb2042...), Node CPUs: 64.0, Clients on node: 33
2025-12-21 04:23:27,654 - __main__ - INFO -    Client 12 -> head (503666cb2042...), Node CPUs: 64.0, Clients on node: 33
2025-12-21 04:23:27,655 - __main__ - INFO -    Client 13 -> head (503666cb2042...), Node CPUs: 64.0, Clients on node: 33
2025-12-21 04:23:27,655 - __main__ - INFO -    Client 14 -> head (503666cb2042...), Node CPUs: 64.0, Clients on node: 33
2025-12-21 04:23:27,656 - __main__ - INFO -    Client 15 -> head (503666cb2042...), Node CPUs: 64.0, Clients on node: 33
2025-12-21 04:23:27,656 - __main__ - INFO -    Client 16 -> head (503666cb2042...), Node CPUs: 64.0, Clients on node: 33
2025-12-21 04:23:27,657 - __main__ - INFO -    Client 17 -> head (503666cb2042...), Node CPUs: 64.0, Clients on node: 33
2025-12-21 04:23:27,657 - __main__ - INFO -    Client 18 -> head (503666cb2042...), Node CPUs: 64.0, Clients on node: 33
2025-12-21 04:23:27,658 - __main__ - INFO -    Client 19 -> head (503666cb2042...), Node CPUs: 64.0, Clients on node: 33
2025-12-21 04:23:27,658 - __main__ - INFO -    Client 20 -> head (503666cb2042...), Node CPUs: 64.0, Clients on node: 33
2025-12-21 04:23:27,659 - __main__ - INFO -    Client 21 -> head (503666cb2042...), Node CPUs: 64.0, Clients on node: 33
2025-12-21 04:23:27,659 - __main__ - INFO -    Client 22 -> head (503666cb2042...), Node CPUs: 64.0, Clients on node: 33
2025-12-21 04:23:27,659 - __main__ - INFO -    Client 23 -> head (503666cb2042...), Node CPUs: 64.0, Clients on node: 33
2025-12-21 04:23:27,660 - __main__ - INFO -    Client 24 -> head (503666cb2042...), Node CPUs: 64.0, Clients on node: 33
2025-12-21 04:23:27,660 - __main__ - INFO -    Client 25 -> head (503666cb2042...), Node CPUs: 64.0, Clients on node: 33
2025-12-21 04:23:27,661 - __main__ - INFO -    Client 26 -> head (503666cb2042...), Node CPUs: 64.0, Clients on node: 33
2025-12-21 04:23:27,661 - __main__ - INFO -    Client 27 -> head (503666cb2042...), Node CPUs: 64.0, Clients on node: 33
2025-12-21 04:23:27,662 - __main__ - INFO -    Client 28 -> head (503666cb2042...), Node CPUs: 64.0, Clients on node: 33
2025-12-21 04:23:27,662 - __main__ - INFO -    Client 29 -> head (503666cb2042...), Node CPUs: 64.0, Clients on node: 33
2025-12-21 04:23:27,662 - __main__ - INFO -    Client 30 -> head (503666cb2042...), Node CPUs: 64.0, Clients on node: 33
2025-12-21 04:23:27,663 - __main__ - INFO -    Client 31 -> head (503666cb2042...), Node CPUs: 64.0, Clients on node: 33
2025-12-21 04:23:27,663 - __main__ - INFO -    Client 32 -> head (503666cb2042...), Node CPUs: 64.0, Clients on node: 33
2025-12-21 04:23:27,664 - __main__ - INFO -    Client 33 -> head (503666cb2042...), Node CPUs: 64.0, Clients on node: 33
2025-12-21 04:23:27,664 - __main__ - INFO -    Client 34 -> worker (62c6707d7c8f...), Node CPUs: 64.0, Clients on node: 17
2025-12-21 04:23:27,665 - __main__ - INFO -    Client 35 -> worker (62c6707d7c8f...), Node CPUs: 64.0, Clients on node: 17
2025-12-21 04:23:27,665 - __main__ - INFO -    Client 36 -> worker (62c6707d7c8f...), Node CPUs: 64.0, Clients on node: 17
2025-12-21 04:23:27,666 - __main__ - INFO -    Client 37 -> worker (62c6707d7c8f...), Node CPUs: 64.0, Clients on node: 17
2025-12-21 04:23:27,666 - __main__ - INFO -    Client 38 -> worker (62c6707d7c8f...), Node CPUs: 64.0, Clients on node: 17
2025-12-21 04:23:27,666 - __main__ - INFO -    Client 39 -> worker (62c6707d7c8f...), Node CPUs: 64.0, Clients on node: 17
2025-12-21 04:23:27,667 - __main__ - INFO -    Client 40 -> worker (62c6707d7c8f...), Node CPUs: 64.0, Clients on node: 17
2025-12-21 04:23:27,667 - __main__ - INFO -    Client 41 -> worker (62c6707d7c8f...), Node CPUs: 64.0, Clients on node: 17
2025-12-21 04:23:27,668 - __main__ - INFO -    Client 42 -> worker (62c6707d7c8f...), Node CPUs: 64.0, Clients on node: 17
2025-12-21 04:23:27,668 - __main__ - INFO -    Client 43 -> worker (62c6707d7c8f...), Node CPUs: 64.0, Clients on node: 17
2025-12-21 04:23:27,668 - __main__ - INFO -    Client 44 -> worker (62c6707d7c8f...), Node CPUs: 64.0, Clients on node: 17
2025-12-21 04:23:27,669 - __main__ - INFO -    Client 45 -> worker (62c6707d7c8f...), Node CPUs: 64.0, Clients on node: 17
2025-12-21 04:23:27,669 - __main__ - INFO -    Client 46 -> worker (62c6707d7c8f...), Node CPUs: 64.0, Clients on node: 17
2025-12-21 04:23:27,670 - __main__ - INFO -    Client 47 -> worker (62c6707d7c8f...), Node CPUs: 64.0, Clients on node: 17
2025-12-21 04:23:27,670 - __main__ - INFO -    Client 48 -> worker (62c6707d7c8f...), Node CPUs: 64.0, Clients on node: 17
2025-12-21 04:23:27,670 - __main__ - INFO -    Client 49 -> worker (62c6707d7c8f...), Node CPUs: 64.0, Clients on node: 17
2025-12-21 04:23:27,671 - __main__ - INFO -    Client 50 -> worker (62c6707d7c8f...), Node CPUs: 64.0, Clients on node: 17
2025-12-21 04:23:27,671 - __main__ - INFO - 🔧 Client 1 resources: num_cpus=1.6848, num_gpus=0.1056, memory=2.00GB
2025-12-21 04:23:27,749 - __main__ - INFO - ✅ Client 1 (smartphone) started on head node (503666cb2042...)
2025-12-21 04:23:30,751 - __main__ - INFO - 🔧 Client 2 resources: num_cpus=1.6848, num_gpus=0.1056, memory=2.00GB
2025-12-21 04:23:30,820 - __main__ - INFO - ✅ Client 2 (smartphone) started on head node (503666cb2042...)
2025-12-21 04:23:33,824 - __main__ - INFO - 🔧 Client 3 resources: num_cpus=1.6848, num_gpus=0.1056, memory=2.00GB
2025-12-21 04:23:33,915 - __main__ - INFO - ✅ Client 3 (smartphone) started on head node (503666cb2042...)
2025-12-21 04:23:36,918 - __main__ - INFO - 🔧 Client 4 resources: num_cpus=1.6848, num_gpus=0.1056, memory=2.00GB
2025-12-21 04:23:37,001 - __main__ - INFO - ✅ Client 4 (smartphone) started on head node (503666cb2042...)
2025-12-21 04:23:40,004 - __main__ - INFO - 🔧 Client 5 resources: num_cpus=1.6848, num_gpus=0.1056, memory=2.00GB
2025-12-21 04:23:40,085 - __main__ - INFO - ✅ Client 5 (smartphone) started on head node (503666cb2042...)
2025-12-21 04:23:43,088 - __main__ - INFO - 🔧 Client 6 resources: num_cpus=1.6848, num_gpus=0.1056, memory=2.00GB
2025-12-21 04:23:43,170 - __main__ - INFO - ✅ Client 6 (smartphone) started on head node (503666cb2042...)
2025-12-21 04:23:46,174 - __main__ - INFO - 🔧 Client 7 resources: num_cpus=1.6848, num_gpus=0.1056, memory=2.00GB
2025-12-21 04:23:46,248 - __main__ - INFO - ✅ Client 7 (smartphone) started on head node (503666cb2042...)
2025-12-21 04:23:49,251 - __main__ - INFO - 🔧 Client 8 resources: num_cpus=1.6848, num_gpus=0.1056, memory=2.00GB
2025-12-21 04:23:49,319 - __main__ - INFO - ✅ Client 8 (smartphone) started on head node (503666cb2042...)
2025-12-21 04:23:52,323 - __main__ - INFO - 🔧 Client 9 resources: num_cpus=1.6848, num_gpus=0.1056, memory=2.00GB
2025-12-21 04:23:52,406 - __main__ - INFO - ✅ Client 9 (smartphone) started on head node (503666cb2042...)
2025-12-21 04:23:55,408 - __main__ - INFO - 🔧 Client 10 resources: num_cpus=1.6848, num_gpus=0.1056, memory=2.00GB
2025-12-21 04:23:55,479 - __main__ - INFO - ✅ Client 10 (smartphone) started on head node (503666cb2042...)
2025-12-21 04:23:58,481 - __main__ - INFO - 🔧 Client 11 resources: num_cpus=1.6848, num_gpus=0.1056, memory=2.00GB
2025-12-21 04:23:58,556 - __main__ - INFO - ✅ Client 11 (smartphone) started on head node (503666cb2042...)
2025-12-21 04:24:01,560 - __main__ - INFO - 🔧 Client 12 resources: num_cpus=1.6848, num_gpus=0.1056, memory=2.00GB
2025-12-21 04:24:01,631 - __main__ - INFO - ✅ Client 12 (smartphone) started on head node (503666cb2042...)
2025-12-21 04:24:04,634 - __main__ - INFO - 🔧 Client 13 resources: num_cpus=1.6848, num_gpus=0.1056, memory=2.00GB
2025-12-21 04:24:04,705 - __main__ - INFO - ✅ Client 13 (smartphone) started on head node (503666cb2042...)
2025-12-21 04:24:07,709 - __main__ - INFO - 🔧 Client 14 resources: num_cpus=1.6848, num_gpus=0.1056, memory=2.00GB
2025-12-21 04:24:07,778 - __main__ - INFO - ✅ Client 14 (smartphone) started on head node (503666cb2042...)
2025-12-21 04:24:10,782 - __main__ - INFO - 🔧 Client 15 resources: num_cpus=1.6848, num_gpus=0.1056, memory=2.00GB
2025-12-21 04:24:10,856 - __main__ - INFO - ✅ Client 15 (smartphone) started on head node (503666cb2042...)
2025-12-21 04:24:13,859 - __main__ - INFO - 🔧 Client 16 resources: num_cpus=1.6848, num_gpus=0.1056, memory=2.00GB
2025-12-21 04:24:13,932 - __main__ - INFO - ✅ Client 16 (smartphone) started on head node (503666cb2042...)
2025-12-21 04:24:16,933 - __main__ - INFO - 🔧 Client 17 resources: num_cpus=1.6848, num_gpus=0.1056, memory=2.00GB
2025-12-21 04:24:17,008 - __main__ - INFO - ✅ Client 17 (smartphone) started on head node (503666cb2042...)
2025-12-21 04:24:20,009 - __main__ - INFO - 🔧 Client 18 resources: num_cpus=1.6848, num_gpus=0.1056, memory=2.00GB
2025-12-21 04:24:20,075 - __main__ - INFO - ✅ Client 18 (smartphone) started on head node (503666cb2042...)
2025-12-21 04:24:23,077 - __main__ - INFO - 🔧 Client 19 resources: num_cpus=1.6848, num_gpus=0.1056, memory=2.00GB
2025-12-21 04:24:23,149 - __main__ - INFO - ✅ Client 19 (smartphone) started on head node (503666cb2042...)
2025-12-21 04:24:26,151 - __main__ - INFO - 🔧 Client 20 resources: num_cpus=1.6848, num_gpus=0.1056, memory=2.00GB
2025-12-21 04:24:26,221 - __main__ - INFO - ✅ Client 20 (smartphone) started on head node (503666cb2042...)
2025-12-21 04:24:29,225 - __main__ - INFO - 🔧 Client 21 resources: num_cpus=1.6848, num_gpus=0.1056, memory=2.00GB
2025-12-21 04:24:29,300 - __main__ - INFO - ✅ Client 21 (smartphone) started on head node (503666cb2042...)
2025-12-21 04:24:32,303 - __main__ - INFO - 🔧 Client 22 resources: num_cpus=1.6848, num_gpus=0.1056, memory=2.00GB
2025-12-21 04:24:32,377 - __main__ - INFO - ✅ Client 22 (smartphone) started on head node (503666cb2042...)
2025-12-21 04:24:35,380 - __main__ - INFO - 🔧 Client 23 resources: num_cpus=1.6848, num_gpus=0.1056, memory=2.00GB
2025-12-21 04:24:35,454 - __main__ - INFO - ✅ Client 23 (smartphone) started on head node (503666cb2042...)
2025-12-21 04:24:38,458 - __main__ - INFO - 🔧 Client 24 resources: num_cpus=1.6848, num_gpus=0.1056, memory=2.00GB
2025-12-21 04:24:38,538 - __main__ - INFO - ✅ Client 24 (smartphone) started on head node (503666cb2042...)
2025-12-21 04:24:41,541 - __main__ - INFO - 🔧 Client 25 resources: num_cpus=1.6848, num_gpus=0.1056, memory=2.00GB
2025-12-21 04:24:41,620 - __main__ - INFO - ✅ Client 25 (smartphone) started on head node (503666cb2042...)
2025-12-21 04:24:44,624 - __main__ - INFO - 🔧 Client 26 resources: num_cpus=1.6848, num_gpus=0.1056, memory=2.00GB
2025-12-21 04:24:44,705 - __main__ - INFO - ✅ Client 26 (smartphone) started on head node (503666cb2042...)
2025-12-21 04:24:47,709 - __main__ - INFO - 🔧 Client 27 resources: num_cpus=1.6848, num_gpus=0.1056, memory=2.00GB
2025-12-21 04:24:47,783 - __main__ - INFO - ✅ Client 27 (smartphone) started on head node (503666cb2042...)
2025-12-21 04:24:50,787 - __main__ - INFO - 🔧 Client 28 resources: num_cpus=1.6848, num_gpus=0.1056, memory=2.00GB
2025-12-21 04:24:50,868 - __main__ - INFO - ✅ Client 28 (smartphone) started on head node (503666cb2042...)
2025-12-21 04:24:53,872 - __main__ - INFO - 🔧 Client 29 resources: num_cpus=1.6848, num_gpus=0.1056, memory=2.00GB
2025-12-21 04:24:53,942 - __main__ - INFO - ✅ Client 29 (smartphone) started on head node (503666cb2042...)
2025-12-21 04:24:56,945 - __main__ - INFO - 🔧 Client 30 resources: num_cpus=1.6848, num_gpus=0.1056, memory=2.00GB
2025-12-21 04:24:57,019 - __main__ - INFO - ✅ Client 30 (smartphone) started on head node (503666cb2042...)
2025-12-21 04:25:00,022 - __main__ - INFO - 🔧 Client 31 resources: num_cpus=1.6848, num_gpus=0.1056, memory=2.00GB
2025-12-21 04:25:00,090 - __main__ - INFO - ✅ Client 31 (smartphone) started on head node (503666cb2042...)
2025-12-21 04:25:03,093 - __main__ - INFO - 🔧 Client 32 resources: num_cpus=1.6848, num_gpus=0.1056, memory=2.00GB
2025-12-21 04:25:03,163 - __main__ - INFO - ✅ Client 32 (smartphone) started on head node (503666cb2042...)
2025-12-21 04:25:06,164 - __main__ - INFO - 🔧 Client 33 resources: num_cpus=1.6848, num_gpus=0.1056, memory=2.00GB
2025-12-21 04:25:06,236 - __main__ - INFO - ✅ Client 33 (smartphone) started on head node (503666cb2042...)
2025-12-21 04:25:09,240 - __main__ - INFO - 🔧 Client 34 resources: num_cpus=3.3882, num_gpus=0.1056, memory=2.00GB
2025-12-21 04:25:10,351 - __main__ - INFO - ✅ Client 34 (smartphone) started on worker node (62c6707d7c8f...)
2025-12-21 04:25:13,352 - __main__ - INFO - 🔧 Client 35 resources: num_cpus=3.3882, num_gpus=0.1056, memory=2.00GB
2025-12-21 04:25:14,153 - __main__ - INFO - ✅ Client 35 (smartphone) started on worker node (62c6707d7c8f...)
2025-12-21 04:25:17,157 - __main__ - INFO - 🔧 Client 36 resources: num_cpus=3.3882, num_gpus=0.1056, memory=2.00GB
2025-12-21 04:25:17,861 - __main__ - INFO - ✅ Client 36 (smartphone) started on worker node (62c6707d7c8f...)
2025-12-21 04:25:20,863 - __main__ - INFO - 🔧 Client 37 resources: num_cpus=3.3882, num_gpus=0.1056, memory=2.00GB
2025-12-21 04:25:21,574 - __main__ - INFO - ✅ Client 37 (smartphone) started on worker node (62c6707d7c8f...)
2025-12-21 04:25:24,578 - __main__ - INFO - 🔧 Client 38 resources: num_cpus=3.3882, num_gpus=0.1056, memory=2.00GB
2025-12-21 04:25:25,128 - __main__ - INFO - ✅ Client 38 (smartphone) started on worker node (62c6707d7c8f...)
2025-12-21 04:25:28,131 - __main__ - INFO - 🔧 Client 39 resources: num_cpus=3.3882, num_gpus=0.1056, memory=2.00GB
2025-12-21 04:25:28,677 - __main__ - INFO - ✅ Client 39 (smartphone) started on worker node (62c6707d7c8f...)
2025-12-21 04:25:31,681 - __main__ - INFO - 🔧 Client 40 resources: num_cpus=3.3882, num_gpus=0.1056, memory=2.00GB
2025-12-21 04:25:32,099 - __main__ - INFO - ✅ Client 40 (smartphone) started on worker node (62c6707d7c8f...)
2025-12-21 04:25:35,103 - __main__ - INFO - 🔧 Client 41 resources: num_cpus=3.3882, num_gpus=0.1056, memory=2.00GB
2025-12-21 04:25:35,639 - __main__ - INFO - ✅ Client 41 (smartphone) started on worker node (62c6707d7c8f...)
2025-12-21 04:25:38,643 - __main__ - INFO - 🔧 Client 42 resources: num_cpus=3.3882, num_gpus=0.1056, memory=2.00GB
2025-12-21 04:25:39,179 - __main__ - INFO - ✅ Client 42 (smartphone) started on worker node (62c6707d7c8f...)
2025-12-21 04:25:42,182 - __main__ - INFO - 🔧 Client 43 resources: num_cpus=3.3882, num_gpus=0.1056, memory=2.00GB
2025-12-21 04:25:42,721 - __main__ - INFO - ✅ Client 43 (smartphone) started on worker node (62c6707d7c8f...)
2025-12-21 04:25:45,725 - __main__ - INFO - 🔧 Client 44 resources: num_cpus=3.3882, num_gpus=0.1056, memory=2.00GB
2025-12-21 04:25:46,261 - __main__ - INFO - ✅ Client 44 (smartphone) started on worker node (62c6707d7c8f...)
2025-12-21 04:25:49,265 - __main__ - INFO - 🔧 Client 45 resources: num_cpus=3.3882, num_gpus=0.1056, memory=2.00GB
2025-12-21 04:25:49,812 - __main__ - INFO - ✅ Client 45 (smartphone) started on worker node (62c6707d7c8f...)
2025-12-21 04:25:52,814 - __main__ - INFO - 🔧 Client 46 resources: num_cpus=3.3882, num_gpus=0.1056, memory=2.00GB
2025-12-21 04:25:53,371 - __main__ - INFO - ✅ Client 46 (smartphone) started on worker node (62c6707d7c8f...)
2025-12-21 04:25:56,375 - __main__ - INFO - 🔧 Client 47 resources: num_cpus=3.3882, num_gpus=0.1056, memory=2.00GB
2025-12-21 04:25:56,932 - __main__ - INFO - ✅ Client 47 (smartphone) started on worker node (62c6707d7c8f...)
2025-12-21 04:25:59,934 - __main__ - INFO - 🔧 Client 48 resources: num_cpus=3.3882, num_gpus=0.1056, memory=2.00GB
2025-12-21 04:26:00,482 - __main__ - INFO - ✅ Client 48 (smartphone) started on worker node (62c6707d7c8f...)
2025-12-21 04:26:03,488 - __main__ - INFO - 🔧 Client 49 resources: num_cpus=3.3882, num_gpus=0.1056, memory=2.00GB
2025-12-21 04:26:04,064 - __main__ - INFO - ✅ Client 49 (smartphone) started on worker node (62c6707d7c8f...)
2025-12-21 04:26:07,068 - __main__ - INFO - 🔧 Client 50 resources: num_cpus=3.3882, num_gpus=0.1056, memory=2.00GB
2025-12-21 04:26:07,619 - __main__ - INFO - ✅ Client 50 (smartphone) started on worker node (62c6707d7c8f...)
2025-12-21 04:26:10,622 - __main__ - INFO - ✅ 50/50 Docker clients started successfully
2025-12-21 04:26:10,622 - __main__ - INFO - ✅ All 50 clients have completed startup
2025-12-21 04:26:10,622 - __main__ - INFO - 📊 Starting training monitoring (999999999 seconds)...
2025-12-21 04:26:10,638 - __main__ - INFO - ⏰ 0s | Server: running (CPU) | Clients: 50 nodes (fractional GPU) | Ray GPU usage: 5.3/6.0 (88.0%)
2025-12-21 04:26:15,655 - __main__ - INFO - ⏰ 5s | Server: running (CPU) | Clients: 50 nodes (fractional GPU) | Ray GPU usage: 5.3/6.0 (88.0%)
2025-12-21 04:26:20,670 - __main__ - INFO - ⏰ 10s | Server: running (CPU) | Clients: 50 nodes (fractional GPU) | Ray GPU usage: 5.3/6.0 (88.0%)
2025-12-21 04:26:25,687 - __main__ - INFO - ⏰ 15s | Server: running (CPU) | Clients: 50 nodes (fractional GPU) | Ray GPU usage: 5.3/6.0 (88.0%)
2025-12-21 04:26:30,700 - __main__ - INFO - ⏰ 20s | Server: running (CPU) | Clients: 50 nodes (fractional GPU) | Ray GPU usage: 5.3/6.0 (88.0%)
2025-12-21 04:26:35,715 - __main__ - INFO - ⏰ 25s | Server: running (CPU) | Clients: 50 nodes (fractional GPU) | Ray GPU usage: 5.3/6.0 (88.0%)
2025-12-21 04:26:40,728 - __main__ - INFO - ⏰ 30s | Server: running (CPU) | Clients: 50 nodes (fractional GPU) | Ray GPU usage: 5.3/6.0 (88.0%)
2025-12-21 04:26:45,745 - __main__ - INFO - ⏰ 35s | Server: running (CPU) | Clients: 50 nodes (fractional GPU) | Ray GPU usage: 5.3/6.0 (88.0%)
2025-12-21 04:26:50,762 - __main__ - INFO - ⏰ 40s | Server: running (CPU) | Clients: 50 nodes (fractional GPU) | Ray GPU usage: 5.3/6.0 (88.0%)
2025-12-21 04:26:55,779 - __main__ - INFO - ⏰ 45s | Server: running (CPU) | Clients: 50 nodes (fractional GPU) | Ray GPU usage: 5.3/6.0 (88.0%)
2025-12-21 04:27:00,797 - __main__ - INFO - ⏰ 50s | Server: running (CPU) | Clients: 50 nodes (fractional GPU) | Ray GPU usage: 5.3/6.0 (88.0%)
2025-12-21 04:27:05,815 - __main__ - INFO - ⏰ 55s | Server: running (CPU) | Clients: 50 nodes (fractional GPU) | Ray GPU usage: 5.3/6.0 (88.0%)
2025-12-21 04:27:10,833 - __main__ - INFO - ⏰ 60s | Server: running (CPU) | Clients: 50 nodes (fractional GPU) | Ray GPU usage: 5.3/6.0 (88.0%)
2025-12-21 04:27:15,852 - __main__ - INFO - ⏰ 65s | Server: running (CPU) | Clients: 50 nodes (fractional GPU) | Ray GPU usage: 5.3/6.0 (88.0%)
2025-12-21 04:27:20,869 - __main__ - INFO - ⏰ 70s | Server: running (CPU) | Clients: 50 nodes (fractional GPU) | Ray GPU usage: 5.3/6.0 (88.0%)
2025-12-21 04:27:25,886 - __main__ - INFO - ⏰ 75s | Server: running (CPU) | Clients: 50 nodes (fractional GPU) | Ray GPU usage: 5.3/6.0 (88.0%)
2025-12-21 04:27:30,903 - __main__ - INFO - ⏰ 80s | Server: running (CPU) | Clients: 50 nodes (fractional GPU) | Ray GPU usage: 5.3/6.0 (88.0%)
2025-12-21 04:27:35,921 - __main__ - INFO - ⏰ 85s | Server: running (CPU) | Clients: 50 nodes (fractional GPU) | Ray GPU usage: 5.3/6.0 (88.0%)
2025-12-21 04:27:40,939 - __main__ - INFO - ⏰ 90s | Server: running (CPU) | Clients: 50 nodes (fractional GPU) | Ray GPU usage: 5.3/6.0 (88.0%)
2025-12-21 04:27:45,957 - __main__ - INFO - ⏰ 95s | Server: running (CPU) | Clients: 50 nodes (fractional GPU) | Ray GPU usage: 5.3/6.0 (88.0%)
2025-12-21 04:27:50,976 - __main__ - INFO - ⏰ 100s | Server: running (CPU) | Clients: 50 nodes (fractional GPU) | Ray GPU usage: 5.3/6.0 (88.0%)
2025-12-21 04:27:55,993 - __main__ - INFO - ⏰ 105s | Server: running (CPU) | Clients: 50 nodes (fractional GPU) | Ray GPU usage: 5.3/6.0 (88.0%)
2025-12-21 04:28:01,011 - __main__ - INFO - ⏰ 110s | Server: running (CPU) | Clients: 50 nodes (fractional GPU) | Ray GPU usage: 5.3/6.0 (88.0%)
2025-12-21 04:28:06,027 - __main__ - INFO - ⏰ 115s | Server: running (CPU) | Clients: 50 nodes (fractional GPU) | Ray GPU usage: 5.3/6.0 (88.0%)
2025-12-21 04:28:11,045 - __main__ - INFO - ⏰ 120s | Server: running (CPU) | Clients: 50 nodes (fractional GPU) | Ray GPU usage: 5.3/6.0 (88.0%)
2025-12-21 04:28:16,063 - __main__ - INFO - ⏰ 125s | Server: running (CPU) | Clients: 50 nodes (fractional GPU) | Ray GPU usage: 5.3/6.0 (88.0%)
2025-12-21 04:28:21,082 - __main__ - INFO - ⏰ 130s | Server: running (CPU) | Clients: 50 nodes (fractional GPU) | Ray GPU usage: 5.3/6.0 (88.0%)
2025-12-21 04:28:26,100 - __main__ - INFO - ⏰ 135s | Server: running (CPU) | Clients: 50 nodes (fractional GPU) | Ray GPU usage: 5.3/6.0 (88.0%)
2025-12-21 04:28:31,118 - __main__ - INFO - ⏰ 140s | Server: running (CPU) | Clients: 50 nodes (fractional GPU) | Ray GPU usage: 5.3/6.0 (88.0%)
2025-12-21 04:28:36,137 - __main__ - INFO - ⏰ 145s | Server: running (CPU) | Clients: 50 nodes (fractional GPU) | Ray GPU usage: 5.3/6.0 (88.0%)
2025-12-21 04:28:41,156 - __main__ - INFO - ⏰ 150s | Server: running (CPU) | Clients: 50 nodes (fractional GPU) | Ray GPU usage: 5.3/6.0 (88.0%)
2025-12-21 04:28:46,175 - __main__ - INFO - ⏰ 155s | Server: running (CPU) | Clients: 50 nodes (fractional GPU) | Ray GPU usage: 5.3/6.0 (88.0%)
2025-12-21 04:28:51,193 - __main__ - INFO - ⏰ 160s | Server: running (CPU) | Clients: 50 nodes (fractional GPU) | Ray GPU usage: 5.3/6.0 (88.0%)
2025-12-21 04:28:56,211 - __main__ - INFO - ⏰ 165s | Server: running (CPU) | Clients: 50 nodes (fractional GPU) | Ray GPU usage: 5.3/6.0 (88.0%)
2025-12-21 04:29:01,228 - __main__ - INFO - ⏰ 170s | Server: running (CPU) | Clients: 50 nodes (fractional GPU) | Ray GPU usage: 5.3/6.0 (88.0%)
2025-12-21 04:29:06,246 - __main__ - INFO - ⏰ 175s | Server: running (CPU) | Clients: 50 nodes (fractional GPU) | Ray GPU usage: 5.3/6.0 (88.0%)
2025-12-21 04:29:11,263 - __main__ - INFO - ⏰ 180s | Server: running (CPU) | Clients: 50 nodes (fractional GPU) | Ray GPU usage: 5.3/6.0 (88.0%)
2025-12-21 04:29:16,281 - __main__ - INFO - ⏰ 185s | Server: running (CPU) | Clients: 50 nodes (fractional GPU) | Ray GPU usage: 5.3/6.0 (88.0%)
2025-12-21 04:29:21,298 - __main__ - INFO - ⏰ 190s | Server: running (CPU) | Clients: 50 nodes (fractional GPU) | Ray GPU usage: 5.3/6.0 (88.0%)
2025-12-21 04:29:26,315 - __main__ - INFO - ⏰ 195s | Server: running (CPU) | Clients: 50 nodes (fractional GPU) | Ray GPU usage: 5.3/6.0 (88.0%)
2025-12-21 04:29:31,330 - __main__ - INFO - ⏰ 200s | Server: running (CPU) | Clients: 50 nodes (fractional GPU) | Ray GPU usage: 5.3/6.0 (88.0%)
2025-12-21 04:29:36,347 - __main__ - INFO - ⏰ 205s | Server: running (CPU) | Clients: 50 nodes (fractional GPU) | Ray GPU usage: 5.3/6.0 (88.0%)
2025-12-21 04:29:41,361 - __main__ - INFO - ⏰ 210s | Server: running (CPU) | Clients: 50 nodes (fractional GPU) | Ray GPU usage: 5.3/6.0 (88.0%)
2025-12-21 04:29:46,375 - __main__ - INFO - ⏰ 215s | Server: running (CPU) | Clients: 50 nodes (fractional GPU) | Ray GPU usage: 5.3/6.0 (88.0%)
2025-12-21 04:29:51,396 - __main__ - INFO - ⏰ 220s | Server: running (CPU) | Clients: 50 nodes (fractional GPU) | Ray GPU usage: 5.3/6.0 (88.0%)
2025-12-21 04:29:56,415 - __main__ - INFO - ⏰ 225s | Server: running (CPU) | Clients: 50 nodes (fractional GPU) | Ray GPU usage: 5.3/6.0 (88.0%)
2025-12-21 04:30:01,433 - __main__ - INFO - ⏰ 230s | Server: running (CPU) | Clients: 50 nodes (fractional GPU) | Ray GPU usage: 5.3/6.0 (88.0%)
2025-12-21 04:30:06,452 - __main__ - INFO - ⏰ 235s | Server: running (CPU) | Clients: 50 nodes (fractional GPU) | Ray GPU usage: 5.3/6.0 (88.0%)
2025-12-21 04:30:11,470 - __main__ - INFO - ⏰ 240s | Server: running (CPU) | Clients: 50 nodes (fractional GPU) | Ray GPU usage: 5.3/6.0 (88.0%)
2025-12-21 04:30:16,487 - __main__ - INFO - ⏰ 245s | Server: running (CPU) | Clients: 50 nodes (fractional GPU) | Ray GPU usage: 5.3/6.0 (88.0%)
2025-12-21 04:30:21,507 - __main__ - INFO - ⏰ 250s | Server: running (CPU) | Clients: 50 nodes (fractional GPU) | Ray GPU usage: 5.3/6.0 (88.0%)
2025-12-21 04:30:26,527 - __main__ - INFO - ⏰ 255s | Server: running (CPU) | Clients: 50 nodes (fractional GPU) | Ray GPU usage: 5.3/6.0 (88.0%)
2025-12-21 04:30:31,547 - __main__ - INFO - ⏰ 260s | Server: running (CPU) | Clients: 50 nodes (fractional GPU) | Ray GPU usage: 5.3/6.0 (88.0%)
2025-12-21 04:30:36,566 - __main__ - INFO - ⏰ 265s | Server: running (CPU) | Clients: 50 nodes (fractional GPU) | Ray GPU usage: 5.3/6.0 (88.0%)
2025-12-21 04:30:41,584 - __main__ - INFO - ⏰ 270s | Server: running (CPU) | Clients: 50 nodes (fractional GPU) | Ray GPU usage: 5.3/6.0 (88.0%)
2025-12-21 04:30:46,601 - __main__ - INFO - ⏰ 275s | Server: running (CPU) | Clients: 50 nodes (fractional GPU) | Ray GPU usage: 5.3/6.0 (88.0%)
2025-12-21 04:30:51,619 - __main__ - INFO - ⏰ 280s | Server: running (CPU) | Clients: 50 nodes (fractional GPU) | Ray GPU usage: 5.3/6.0 (88.0%)
2025-12-21 04:30:56,636 - __main__ - INFO - ⏰ 286s | Server: running (CPU) | Clients: 50 nodes (fractional GPU) | Ray GPU usage: 5.3/6.0 (88.0%)
2025-12-21 04:31:01,656 - __main__ - INFO - ⏰ 291s | Server: running (CPU) | Clients: 50 nodes (fractional GPU) | Ray GPU usage: 5.3/6.0 (88.0%)
2025-12-21 04:31:06,674 - __main__ - INFO - ⏰ 296s | Server: running (CPU) | Clients: 50 nodes (fractional GPU) | Ray GPU usage: 5.3/6.0 (88.0%)
2025-12-21 04:31:11,692 - __main__ - INFO - ⏰ 301s | Server: running (CPU) | Clients: 50 nodes (fractional GPU) | Ray GPU usage: 5.3/6.0 (88.0%)
2025-12-21 04:31:16,711 - __main__ - INFO - ⏰ 306s | Server: running (CPU) | Clients: 50 nodes (fractional GPU) | Ray GPU usage: 5.3/6.0 (88.0%)
2025-12-21 04:31:21,729 - __main__ - INFO - ⏰ 311s | Server: running (CPU) | Clients: 50 nodes (fractional GPU) | Ray GPU usage: 5.3/6.0 (88.0%)
2025-12-21 04:31:26,746 - __main__ - INFO - ⏰ 316s | Server: running (CPU) | Clients: 50 nodes (fractional GPU) | Ray GPU usage: 5.3/6.0 (88.0%)
2025-12-21 04:31:31,761 - __main__ - INFO - ⏰ 321s | Server: running (CPU) | Clients: 50 nodes (fractional GPU) | Ray GPU usage: 5.3/6.0 (88.0%)
2025-12-21 04:31:36,779 - __main__ - INFO - ⏰ 326s | Server: running (CPU) | Clients: 50 nodes (fractional GPU) | Ray GPU usage: 5.3/6.0 (88.0%)
2025-12-21 04:31:41,796 - __main__ - INFO - ⏰ 331s | Server: running (CPU) | Clients: 50 nodes (fractional GPU) | Ray GPU usage: 5.3/6.0 (88.0%)
2025-12-21 04:31:46,813 - __main__ - INFO - ⏰ 336s | Server: running (CPU) | Clients: 50 nodes (fractional GPU) | Ray GPU usage: 5.3/6.0 (88.0%)
2025-12-21 04:31:51,831 - __main__ - INFO - ⏰ 341s | Server: running (CPU) | Clients: 50 nodes (fractional GPU) | Ray GPU usage: 5.3/6.0 (88.0%)
2025-12-21 04:31:56,850 - __main__ - INFO - ⏰ 346s | Server: running (CPU) | Clients: 50 nodes (fractional GPU) | Ray GPU usage: 5.3/6.0 (88.0%)
2025-12-21 04:32:01,869 - __main__ - INFO - ⏰ 351s | Server: running (CPU) | Clients: 50 nodes (fractional GPU) | Ray GPU usage: 5.3/6.0 (88.0%)
2025-12-21 04:32:06,888 - __main__ - INFO - ⏰ 356s | Server: running (CPU) | Clients: 50 nodes (fractional GPU) | Ray GPU usage: 5.3/6.0 (88.0%)
2025-12-21 04:32:11,905 - __main__ - INFO - ⏰ 361s | Server: running (CPU) | Clients: 50 nodes (fractional GPU) | Ray GPU usage: 5.3/6.0 (88.0%)
2025-12-21 04:32:16,926 - __main__ - INFO - ⏰ 366s | Server: running (CPU) | Clients: 50 nodes (fractional GPU) | Ray GPU usage: 5.3/6.0 (88.0%)
2025-12-21 04:32:21,945 - __main__ - INFO - ⏰ 371s | Server: running (CPU) | Clients: 50 nodes (fractional GPU) | Ray GPU usage: 5.3/6.0 (88.0%)
2025-12-21 04:32:26,962 - __main__ - INFO - ⏰ 376s | Server: running (CPU) | Clients: 50 nodes (fractional GPU) | Ray GPU usage: 5.3/6.0 (88.0%)
2025-12-21 04:32:31,982 - __main__ - INFO - ⏰ 381s | Server: running (CPU) | Clients: 50 nodes (fractional GPU) | Ray GPU usage: 5.3/6.0 (88.0%)
2025-12-21 04:32:37,001 - __main__ - INFO - ⏰ 386s | Server: running (CPU) | Clients: 50 nodes (fractional GPU) | Ray GPU usage: 5.3/6.0 (88.0%)
2025-12-21 04:32:42,020 - __main__ - INFO - ⏰ 391s | Server: running (CPU) | Clients: 50 nodes (fractional GPU) | Ray GPU usage: 5.3/6.0 (88.0%)
2025-12-21 04:32:47,035 - __main__ - INFO - ⏰ 396s | Server: running (CPU) | Clients: 50 nodes (fractional GPU) | Ray GPU usage: 5.3/6.0 (88.0%)
2025-12-21 04:32:52,054 - __main__ - INFO - ⏰ 401s | Server: running (CPU) | Clients: 50 nodes (fractional GPU) | Ray GPU usage: 5.3/6.0 (88.0%)
2025-12-21 04:32:57,072 - __main__ - INFO - ⏰ 406s | Server: running (CPU) | Clients: 50 nodes (fractional GPU) | Ray GPU usage: 5.3/6.0 (88.0%)
2025-12-21 04:33:02,091 - __main__ - INFO - ⏰ 411s | Server: running (CPU) | Clients: 50 nodes (fractional GPU) | Ray GPU usage: 5.3/6.0 (88.0%)
2025-12-21 04:33:07,106 - __main__ - INFO - ⏰ 416s | Server: running (CPU) | Clients: 50 nodes (fractional GPU) | Ray GPU usage: 5.3/6.0 (88.0%)
2025-12-21 04:33:12,124 - __main__ - INFO - ⏰ 421s | Server: running (CPU) | Clients: 50 nodes (fractional GPU) | Ray GPU usage: 5.3/6.0 (88.0%)
2025-12-21 04:33:17,142 - __main__ - INFO - ⏰ 426s | Server: running (CPU) | Clients: 50 nodes (fractional GPU) | Ray GPU usage: 5.3/6.0 (88.0%)
2025-12-21 04:33:22,161 - __main__ - INFO - ⏰ 431s | Server: running (CPU) | Clients: 50 nodes (fractional GPU) | Ray GPU usage: 5.3/6.0 (88.0%)
2025-12-21 04:33:27,178 - __main__ - INFO - ⏰ 436s | Server: running (CPU) | Clients: 50 nodes (fractional GPU) | Ray GPU usage: 5.3/6.0 (88.0%)
2025-12-21 04:33:32,193 - __main__ - INFO - ⏰ 441s | Server: running (CPU) | Clients: 50 nodes (fractional GPU) | Ray GPU usage: 5.3/6.0 (88.0%)
2025-12-21 04:33:37,212 - __main__ - INFO - ⏰ 446s | Server: running (CPU) | Clients: 50 nodes (fractional GPU) | Ray GPU usage: 5.3/6.0 (88.0%)
2025-12-21 04:33:42,230 - __main__ - INFO - ⏰ 451s | Server: running (CPU) | Clients: 50 nodes (fractional GPU) | Ray GPU usage: 5.3/6.0 (88.0%)
2025-12-21 04:33:47,248 - __main__ - INFO - ⏰ 456s | Server: running (CPU) | Clients: 50 nodes (fractional GPU) | Ray GPU usage: 5.3/6.0 (88.0%)
2025-12-21 04:33:52,268 - __main__ - INFO - ⏰ 461s | Server: running (CPU) | Clients: 50 nodes (fractional GPU) | Ray GPU usage: 5.3/6.0 (88.0%)
2025-12-21 04:33:57,287 - __main__ - INFO - ⏰ 466s | Server: running (CPU) | Clients: 50 nodes (fractional GPU) | Ray GPU usage: 5.3/6.0 (88.0%)
2025-12-21 04:34:02,303 - __main__ - INFO - ⏰ 471s | Server: running (CPU) | Clients: 50 nodes (fractional GPU) | Ray GPU usage: 5.3/6.0 (88.0%)
2025-12-21 04:34:07,321 - __main__ - INFO - ⏰ 476s | Server: running (CPU) | Clients: 50 nodes (fractional GPU) | Ray GPU usage: 5.3/6.0 (88.0%)
2025-12-21 04:34:12,339 - __main__ - INFO - ⏰ 481s | Server: running (CPU) | Clients: 50 nodes (fractional GPU) | Ray GPU usage: 5.3/6.0 (88.0%)
2025-12-21 04:34:17,358 - __main__ - INFO - ⏰ 486s | Server: running (CPU) | Clients: 50 nodes (fractional GPU) | Ray GPU usage: 5.3/6.0 (88.0%)
2025-12-21 04:34:22,376 - __main__ - INFO - ⏰ 491s | Server: running (CPU) | Clients: 50 nodes (fractional GPU) | Ray GPU usage: 5.3/6.0 (88.0%)
2025-12-21 04:34:27,396 - __main__ - INFO - ⏰ 496s | Server: running (CPU) | Clients: 50 nodes (fractional GPU) | Ray GPU usage: 5.3/6.0 (88.0%)
2025-12-21 04:34:32,414 - __main__ - INFO - ⏰ 501s | Server: running (CPU) | Clients: 50 nodes (fractional GPU) | Ray GPU usage: 5.3/6.0 (88.0%)
2025-12-21 04:34:37,432 - __main__ - INFO - ⏰ 506s | Server: running (CPU) | Clients: 50 nodes (fractional GPU) | Ray GPU usage: 5.3/6.0 (88.0%)
2025-12-21 04:34:42,448 - __main__ - INFO - ⏰ 511s | Server: running (CPU) | Clients: 50 nodes (fractional GPU) | Ray GPU usage: 5.3/6.0 (88.0%)
srun: Job step aborted: Waiting up to 32 seconds for job step to finish.
srun: Job step aborted: Waiting up to 32 seconds for job step to finish.
slurmstepd-srv-it-node01: error: *** STEP 433.1 ON srv-it-node01 CANCELLED AT 2025-12-21T04:34:46 ***
slurmstepd-srv-it-node02: error: *** STEP 432.0 ON srv-it-node02 CANCELLED AT 2025-12-21T04:34:46 ***
slurmstepd-srv-it-node02: error: *** JOB 432 ON srv-it-node02 CANCELLED AT 2025-12-21T04:34:46 ***
