2025-12-26 05:11:16,210 - __main__ - INFO - 🚀 Start Ray V2 federated learning
2025-12-26 05:11:16,210 - __main__ - INFO - 📊 Configuration: 50 clients, 100 rounds training, total nodes: 51
2025-12-26 05:11:16,210 - __main__ - INFO - 🧹 Clean environment...
2025-12-26 05:11:29,931 - __main__ - INFO - 🗑️  Cleaned tmpfs chunk directory: /tmp/fl_chunks
2025-12-26 05:11:30,534 - __main__ - DEBUG - 🗑️  Cleaned mount directory (simple): /home/naicheng_li/FLTorrent/docker_data/tmp
2025-12-26 05:11:30,538 - __main__ - DEBUG - 🗑️  Cleaned mount directory (simple): /home/naicheng_li/FLTorrent/docker_data/app_tmp
2025-12-26 05:11:31,548 - __main__ - INFO - ✅ Environment cleanup completed
2025-12-26 05:11:31,548 - __main__ - INFO - 🚀 Applying host network optimizations for ultra-high concurrency...
2025-12-26 05:11:31,654 - __main__ - WARNING - ⚠️  22 network optimizations could not be applied (may need sudo access)
2025-12-26 05:11:31,654 - __main__ - DEBUG -    Failed: net.core.somaxconn - sudo: you do not exist in the passwd database
2025-12-26 05:11:31,654 - __main__ - DEBUG -    Failed: net.core.netdev_max_backlog - sudo: you do not exist in the passwd database
2025-12-26 05:11:31,654 - __main__ - DEBUG -    Failed: net.core.rmem_default - sudo: you do not exist in the passwd database
2025-12-26 05:11:31,654 - __main__ - WARNING - ⚠️  No host network optimizations applied! High-concurrency FL may experience issues.
2025-12-26 05:11:31,655 - __main__ - WARNING -    Consider running with sudo or contacting HPC admin to apply these settings.
2025-12-26 05:11:31,655 - __main__ - INFO - 🦭 Initializing Podman rootless environment...
2025-12-26 05:11:31,657 - __main__ - WARNING - ⚠️  Podman unavailable, trying Docker...
2025-12-26 05:11:31,657 - __main__ - INFO - 📦 Using non-container mode (Fallback)
2025-12-26 05:11:33,579 - __main__ - INFO - 🔍 Found available port for Ray dashboard: 8265
2025-12-26 05:11:33,657 - filelock - DEBUG - Attempting to acquire lock 140592280350832 on /home/naicheng_li/ray/session_2025-12-26_05-11-33_649979_2183745/node_ip_address.json.lock
2025-12-26 05:11:33,660 - filelock - DEBUG - Lock 140592280350832 acquired on /home/naicheng_li/ray/session_2025-12-26_05-11-33_649979_2183745/node_ip_address.json.lock
2025-12-26 05:11:33,662 - filelock - DEBUG - Attempting to release lock 140592280350832 on /home/naicheng_li/ray/session_2025-12-26_05-11-33_649979_2183745/node_ip_address.json.lock
2025-12-26 05:11:33,662 - filelock - DEBUG - Lock 140592280350832 released on /home/naicheng_li/ray/session_2025-12-26_05-11-33_649979_2183745/node_ip_address.json.lock
2025-12-26 05:11:33,664 - filelock - DEBUG - Attempting to acquire lock 140592280346128 on /home/naicheng_li/ray/session_2025-12-26_05-11-33_649979_2183745/ports_by_node.json.lock
2025-12-26 05:11:33,665 - filelock - DEBUG - Lock 140592280346128 acquired on /home/naicheng_li/ray/session_2025-12-26_05-11-33_649979_2183745/ports_by_node.json.lock
2025-12-26 05:11:33,667 - filelock - DEBUG - Attempting to release lock 140592280346128 on /home/naicheng_li/ray/session_2025-12-26_05-11-33_649979_2183745/ports_by_node.json.lock
2025-12-26 05:11:33,667 - filelock - DEBUG - Lock 140592280346128 released on /home/naicheng_li/ray/session_2025-12-26_05-11-33_649979_2183745/ports_by_node.json.lock
2025-12-26 05:11:33,667 - filelock - DEBUG - Attempting to acquire lock 140592280346176 on /home/naicheng_li/ray/session_2025-12-26_05-11-33_649979_2183745/ports_by_node.json.lock
2025-12-26 05:11:33,668 - filelock - DEBUG - Lock 140592280346176 acquired on /home/naicheng_li/ray/session_2025-12-26_05-11-33_649979_2183745/ports_by_node.json.lock
2025-12-26 05:11:33,669 - filelock - DEBUG - Attempting to release lock 140592280346176 on /home/naicheng_li/ray/session_2025-12-26_05-11-33_649979_2183745/ports_by_node.json.lock
2025-12-26 05:11:33,669 - filelock - DEBUG - Lock 140592280346176 released on /home/naicheng_li/ray/session_2025-12-26_05-11-33_649979_2183745/ports_by_node.json.lock
2025-12-26 05:11:33,670 - filelock - DEBUG - Attempting to acquire lock 140592280350688 on /home/naicheng_li/ray/session_2025-12-26_05-11-33_649979_2183745/ports_by_node.json.lock
2025-12-26 05:11:33,670 - filelock - DEBUG - Lock 140592280350688 acquired on /home/naicheng_li/ray/session_2025-12-26_05-11-33_649979_2183745/ports_by_node.json.lock
2025-12-26 05:11:33,672 - filelock - DEBUG - Attempting to release lock 140592280350688 on /home/naicheng_li/ray/session_2025-12-26_05-11-33_649979_2183745/ports_by_node.json.lock
2025-12-26 05:11:33,672 - filelock - DEBUG - Lock 140592280350688 released on /home/naicheng_li/ray/session_2025-12-26_05-11-33_649979_2183745/ports_by_node.json.lock
2025-12-26 05:11:33,672 - filelock - DEBUG - Attempting to acquire lock 140592280353328 on /home/naicheng_li/ray/session_2025-12-26_05-11-33_649979_2183745/ports_by_node.json.lock
2025-12-26 05:11:33,673 - filelock - DEBUG - Lock 140592280353328 acquired on /home/naicheng_li/ray/session_2025-12-26_05-11-33_649979_2183745/ports_by_node.json.lock
2025-12-26 05:11:33,674 - filelock - DEBUG - Attempting to release lock 140592280353328 on /home/naicheng_li/ray/session_2025-12-26_05-11-33_649979_2183745/ports_by_node.json.lock
2025-12-26 05:11:33,674 - filelock - DEBUG - Lock 140592280353328 released on /home/naicheng_li/ray/session_2025-12-26_05-11-33_649979_2183745/ports_by_node.json.lock
2025-12-26 05:11:33,674 - filelock - DEBUG - Attempting to acquire lock 140592280347808 on /home/naicheng_li/ray/session_2025-12-26_05-11-33_649979_2183745/ports_by_node.json.lock
2025-12-26 05:11:33,675 - filelock - DEBUG - Lock 140592280347808 acquired on /home/naicheng_li/ray/session_2025-12-26_05-11-33_649979_2183745/ports_by_node.json.lock
2025-12-26 05:11:33,676 - filelock - DEBUG - Attempting to release lock 140592280347808 on /home/naicheng_li/ray/session_2025-12-26_05-11-33_649979_2183745/ports_by_node.json.lock
2025-12-26 05:11:33,676 - filelock - DEBUG - Lock 140592280347808 released on /home/naicheng_li/ray/session_2025-12-26_05-11-33_649979_2183745/ports_by_node.json.lock
2025-12-26 05:11:36,203	INFO worker.py:1998 -- Started a local Ray instance. View the dashboard at [1m[32m10.0.0.2:8265 [39m[22m
/home/naicheng_li/.conda/envs/flv2/lib/python3.10/site-packages/ray/_private/worker.py:2046: FutureWarning: Tip: In future versions of Ray, Ray will no longer override accelerator visible devices env var if num_gpus=0 or num_gpus=None (default). To enable this behavior and turn off this error message, set RAY_ACCEL_ENV_VAR_OVERRIDE_ON_ZERO=0
  warnings.warn(
2025-12-26 05:11:37,154 - __main__ - INFO - 🚀 Ray cluster initialization completed:
2025-12-26 05:11:37,154 - __main__ - INFO -    📊 Resources: {'node:__internal_head__': 1.0, 'GPU': 4.0, 'node:10.0.0.2': 1.0, 'accelerator_type:A100': 1.0, 'CPU': 64.0, 'object_store_memory': 145967201280.0, 'memory': 376002135040.0}
2025-12-26 05:11:37,154 - __main__ - INFO -    🌐 Dashboard: http://127.0.0.1:8265
2025-12-26 05:11:37,155 - __main__ - DEBUG - Found node: 3dbbf3845d86... IP: 10.0.0.2, Resources: {'GPU': 4.0, 'CPU': 64.0, 'object_store_memory': 145967201280.0, 'node:__internal_head__': 1.0, 'accelerator_type:A100': 1.0, 'node:10.0.0.2': 1.0, 'memory': 376002135040.0}
2025-12-26 05:11:37,155 - __main__ - INFO - 🌐 Ray Cluster Topology:
2025-12-26 05:11:37,155 - __main__ - INFO -    📍 Head node: 3dbbf3845d86... (Server will run here)
2025-12-26 05:11:37,155 - __main__ - WARNING -    ⚠️ No worker nodes found! Clients will run on head node (not recommended)
2025-12-26 05:11:37,156 - __main__ - INFO - 🎮 Detected GPU type on node 3dbbf3845d86...: A100 -> 40.0GB per GPU
2025-12-26 05:11:37,156 - __main__ - INFO - 📍 Head node (3dbbf3845d86...): 4.0 GPUs, 160.0GB total memory
2025-12-26 05:11:37,156 - __main__ - INFO - 📊 Total GPU memory across all nodes: 160.0GB
2025-12-26 05:11:37,156 - __main__ - INFO - 📊 Memory per client: 3.0GB → Max capacity: 53 clients
2025-12-26 05:11:37,156 - __main__ - INFO -    Node 3dbbf3845d86...: 50 clients (160.0GB / 50 = 3.2GB/client)
2025-12-26 05:11:37,156 - __main__ - INFO -    Node 3dbbf3845d86...: 4.0 GPU, 50 clients, max 13 clients/GPU -> 0.0731 GPU/client
2025-12-26 05:11:37,157 - __main__ - INFO - 🎯 GPU allocation summary: {'total_available_gpus': 4.0, 'total_allocated_gpus': 3.655, 'utilization_rate': '91.38%', 'server': 'CPU only', 'per_node_allocation': {'3dbbf3845d86': {'count': 50, 'total_gpu': 3.6550000000000025}}, 'gpu_clients': 50, 'cpu_clients': 0}
2025-12-26 05:11:37,157 - __main__ - INFO - 📋 Client distribution: 50 GPU clients, 0 CPU clients
2025-12-26 05:11:37,157 - __main__ - INFO - 🔌 Single-node mode detected - UDS can be enabled
2025-12-26 05:11:37,157 - __main__ - INFO - 📍 Server scheduled to head node: 3dbbf3845d86...
2025-12-26 05:11:37,251 - __main__ - INFO - 📦 Using Fallback (no container) for Server
2025-12-26 05:11:37,329 - __main__ - INFO - ✅ Server started: unix:///tmp/federatedscope_uds/server_41873.sock:41873
2025-12-26 05:11:52,343 - __main__ - INFO - 📱 Edge device distribution: {'smartphone': 50}
2025-12-26 05:11:52,344 - __main__ - INFO - 📊 Client distribution plan:
2025-12-26 05:11:52,344 - __main__ - INFO -    Client 1 -> head (3dbbf3845d86...), Node CPUs: 64.0, Clients on node: 50
2025-12-26 05:11:52,345 - __main__ - INFO -    Client 2 -> head (3dbbf3845d86...), Node CPUs: 64.0, Clients on node: 50
2025-12-26 05:11:52,346 - __main__ - INFO -    Client 3 -> head (3dbbf3845d86...), Node CPUs: 64.0, Clients on node: 50
2025-12-26 05:11:52,346 - __main__ - INFO -    Client 4 -> head (3dbbf3845d86...), Node CPUs: 64.0, Clients on node: 50
2025-12-26 05:11:52,346 - __main__ - INFO -    Client 5 -> head (3dbbf3845d86...), Node CPUs: 64.0, Clients on node: 50
2025-12-26 05:11:52,347 - __main__ - INFO -    Client 6 -> head (3dbbf3845d86...), Node CPUs: 64.0, Clients on node: 50
2025-12-26 05:11:52,347 - __main__ - INFO -    Client 7 -> head (3dbbf3845d86...), Node CPUs: 64.0, Clients on node: 50
2025-12-26 05:11:52,348 - __main__ - INFO -    Client 8 -> head (3dbbf3845d86...), Node CPUs: 64.0, Clients on node: 50
2025-12-26 05:11:52,348 - __main__ - INFO -    Client 9 -> head (3dbbf3845d86...), Node CPUs: 64.0, Clients on node: 50
2025-12-26 05:11:52,349 - __main__ - INFO -    Client 10 -> head (3dbbf3845d86...), Node CPUs: 64.0, Clients on node: 50
2025-12-26 05:11:52,349 - __main__ - INFO -    Client 11 -> head (3dbbf3845d86...), Node CPUs: 64.0, Clients on node: 50
2025-12-26 05:11:52,349 - __main__ - INFO -    Client 12 -> head (3dbbf3845d86...), Node CPUs: 64.0, Clients on node: 50
2025-12-26 05:11:52,350 - __main__ - INFO -    Client 13 -> head (3dbbf3845d86...), Node CPUs: 64.0, Clients on node: 50
2025-12-26 05:11:52,350 - __main__ - INFO -    Client 14 -> head (3dbbf3845d86...), Node CPUs: 64.0, Clients on node: 50
2025-12-26 05:11:52,351 - __main__ - INFO -    Client 15 -> head (3dbbf3845d86...), Node CPUs: 64.0, Clients on node: 50
2025-12-26 05:11:52,351 - __main__ - INFO -    Client 16 -> head (3dbbf3845d86...), Node CPUs: 64.0, Clients on node: 50
2025-12-26 05:11:52,352 - __main__ - INFO -    Client 17 -> head (3dbbf3845d86...), Node CPUs: 64.0, Clients on node: 50
2025-12-26 05:11:52,352 - __main__ - INFO -    Client 18 -> head (3dbbf3845d86...), Node CPUs: 64.0, Clients on node: 50
2025-12-26 05:11:52,352 - __main__ - INFO -    Client 19 -> head (3dbbf3845d86...), Node CPUs: 64.0, Clients on node: 50
2025-12-26 05:11:52,353 - __main__ - INFO -    Client 20 -> head (3dbbf3845d86...), Node CPUs: 64.0, Clients on node: 50
2025-12-26 05:11:52,353 - __main__ - INFO -    Client 21 -> head (3dbbf3845d86...), Node CPUs: 64.0, Clients on node: 50
2025-12-26 05:11:52,353 - __main__ - INFO -    Client 22 -> head (3dbbf3845d86...), Node CPUs: 64.0, Clients on node: 50
2025-12-26 05:11:52,354 - __main__ - INFO -    Client 23 -> head (3dbbf3845d86...), Node CPUs: 64.0, Clients on node: 50
2025-12-26 05:11:52,354 - __main__ - INFO -    Client 24 -> head (3dbbf3845d86...), Node CPUs: 64.0, Clients on node: 50
2025-12-26 05:11:52,355 - __main__ - INFO -    Client 25 -> head (3dbbf3845d86...), Node CPUs: 64.0, Clients on node: 50
2025-12-26 05:11:52,355 - __main__ - INFO -    Client 26 -> head (3dbbf3845d86...), Node CPUs: 64.0, Clients on node: 50
2025-12-26 05:11:52,355 - __main__ - INFO -    Client 27 -> head (3dbbf3845d86...), Node CPUs: 64.0, Clients on node: 50
2025-12-26 05:11:52,356 - __main__ - INFO -    Client 28 -> head (3dbbf3845d86...), Node CPUs: 64.0, Clients on node: 50
2025-12-26 05:11:52,356 - __main__ - INFO -    Client 29 -> head (3dbbf3845d86...), Node CPUs: 64.0, Clients on node: 50
2025-12-26 05:11:52,357 - __main__ - INFO -    Client 30 -> head (3dbbf3845d86...), Node CPUs: 64.0, Clients on node: 50
2025-12-26 05:11:52,357 - __main__ - INFO -    Client 31 -> head (3dbbf3845d86...), Node CPUs: 64.0, Clients on node: 50
2025-12-26 05:11:52,357 - __main__ - INFO -    Client 32 -> head (3dbbf3845d86...), Node CPUs: 64.0, Clients on node: 50
2025-12-26 05:11:52,358 - __main__ - INFO -    Client 33 -> head (3dbbf3845d86...), Node CPUs: 64.0, Clients on node: 50
2025-12-26 05:11:52,358 - __main__ - INFO -    Client 34 -> head (3dbbf3845d86...), Node CPUs: 64.0, Clients on node: 50
2025-12-26 05:11:52,359 - __main__ - INFO -    Client 35 -> head (3dbbf3845d86...), Node CPUs: 64.0, Clients on node: 50
2025-12-26 05:11:52,359 - __main__ - INFO -    Client 36 -> head (3dbbf3845d86...), Node CPUs: 64.0, Clients on node: 50
2025-12-26 05:11:52,359 - __main__ - INFO -    Client 37 -> head (3dbbf3845d86...), Node CPUs: 64.0, Clients on node: 50
2025-12-26 05:11:52,360 - __main__ - INFO -    Client 38 -> head (3dbbf3845d86...), Node CPUs: 64.0, Clients on node: 50
2025-12-26 05:11:52,360 - __main__ - INFO -    Client 39 -> head (3dbbf3845d86...), Node CPUs: 64.0, Clients on node: 50
2025-12-26 05:11:52,360 - __main__ - INFO -    Client 40 -> head (3dbbf3845d86...), Node CPUs: 64.0, Clients on node: 50
2025-12-26 05:11:52,361 - __main__ - INFO -    Client 41 -> head (3dbbf3845d86...), Node CPUs: 64.0, Clients on node: 50
2025-12-26 05:11:52,361 - __main__ - INFO -    Client 42 -> head (3dbbf3845d86...), Node CPUs: 64.0, Clients on node: 50
2025-12-26 05:11:52,362 - __main__ - INFO -    Client 43 -> head (3dbbf3845d86...), Node CPUs: 64.0, Clients on node: 50
2025-12-26 05:11:52,362 - __main__ - INFO -    Client 44 -> head (3dbbf3845d86...), Node CPUs: 64.0, Clients on node: 50
2025-12-26 05:11:52,362 - __main__ - INFO -    Client 45 -> head (3dbbf3845d86...), Node CPUs: 64.0, Clients on node: 50
2025-12-26 05:11:52,363 - __main__ - INFO -    Client 46 -> head (3dbbf3845d86...), Node CPUs: 64.0, Clients on node: 50
2025-12-26 05:11:52,363 - __main__ - INFO -    Client 47 -> head (3dbbf3845d86...), Node CPUs: 64.0, Clients on node: 50
2025-12-26 05:11:52,364 - __main__ - INFO -    Client 48 -> head (3dbbf3845d86...), Node CPUs: 64.0, Clients on node: 50
2025-12-26 05:11:52,364 - __main__ - INFO -    Client 49 -> head (3dbbf3845d86...), Node CPUs: 64.0, Clients on node: 50
2025-12-26 05:11:52,364 - __main__ - INFO -    Client 50 -> head (3dbbf3845d86...), Node CPUs: 64.0, Clients on node: 50
2025-12-26 05:11:52,365 - __main__ - INFO - 🔧 Client 1 resources: num_cpus=1.1120, num_gpus=0.0731, memory=2.00GB
2025-12-26 05:11:52,452 - __main__ - INFO - ✅ Client 1 (smartphone) started on head node (3dbbf3845d86...)
2025-12-26 05:11:55,456 - __main__ - INFO - 🔧 Client 2 resources: num_cpus=1.1120, num_gpus=0.0731, memory=2.00GB
2025-12-26 05:11:55,553 - __main__ - INFO - ✅ Client 2 (smartphone) started on head node (3dbbf3845d86...)
2025-12-26 05:11:58,556 - __main__ - INFO - 🔧 Client 3 resources: num_cpus=1.1120, num_gpus=0.0731, memory=2.00GB
2025-12-26 05:11:58,644 - __main__ - INFO - ✅ Client 3 (smartphone) started on head node (3dbbf3845d86...)
2025-12-26 05:12:01,648 - __main__ - INFO - 🔧 Client 4 resources: num_cpus=1.1120, num_gpus=0.0731, memory=2.00GB
2025-12-26 05:12:01,747 - __main__ - INFO - ✅ Client 4 (smartphone) started on head node (3dbbf3845d86...)
2025-12-26 05:12:04,750 - __main__ - INFO - 🔧 Client 5 resources: num_cpus=1.1120, num_gpus=0.0731, memory=2.00GB
2025-12-26 05:12:04,850 - __main__ - INFO - ✅ Client 5 (smartphone) started on head node (3dbbf3845d86...)
2025-12-26 05:12:07,854 - __main__ - INFO - 🔧 Client 6 resources: num_cpus=1.1120, num_gpus=0.0731, memory=2.00GB
2025-12-26 05:12:07,947 - __main__ - INFO - ✅ Client 6 (smartphone) started on head node (3dbbf3845d86...)
2025-12-26 05:12:10,948 - __main__ - INFO - 🔧 Client 7 resources: num_cpus=1.1120, num_gpus=0.0731, memory=2.00GB
2025-12-26 05:12:11,038 - __main__ - INFO - ✅ Client 7 (smartphone) started on head node (3dbbf3845d86...)
2025-12-26 05:12:14,040 - __main__ - INFO - 🔧 Client 8 resources: num_cpus=1.1120, num_gpus=0.0731, memory=2.00GB
2025-12-26 05:12:14,128 - __main__ - INFO - ✅ Client 8 (smartphone) started on head node (3dbbf3845d86...)
2025-12-26 05:12:17,130 - __main__ - INFO - 🔧 Client 9 resources: num_cpus=1.1120, num_gpus=0.0731, memory=2.00GB
2025-12-26 05:12:17,226 - __main__ - INFO - ✅ Client 9 (smartphone) started on head node (3dbbf3845d86...)
2025-12-26 05:12:20,230 - __main__ - INFO - 🔧 Client 10 resources: num_cpus=1.1120, num_gpus=0.0731, memory=2.00GB
2025-12-26 05:12:20,317 - __main__ - INFO - ✅ Client 10 (smartphone) started on head node (3dbbf3845d86...)
2025-12-26 05:12:23,319 - __main__ - INFO - 🔧 Client 11 resources: num_cpus=1.1120, num_gpus=0.0731, memory=2.00GB
2025-12-26 05:12:23,410 - __main__ - INFO - ✅ Client 11 (smartphone) started on head node (3dbbf3845d86...)
2025-12-26 05:12:26,411 - __main__ - INFO - 🔧 Client 12 resources: num_cpus=1.1120, num_gpus=0.0731, memory=2.00GB
2025-12-26 05:12:26,500 - __main__ - INFO - ✅ Client 12 (smartphone) started on head node (3dbbf3845d86...)
2025-12-26 05:12:29,504 - __main__ - INFO - 🔧 Client 13 resources: num_cpus=1.1120, num_gpus=0.0731, memory=2.00GB
2025-12-26 05:12:29,599 - __main__ - INFO - ✅ Client 13 (smartphone) started on head node (3dbbf3845d86...)
2025-12-26 05:12:32,603 - __main__ - INFO - 🔧 Client 14 resources: num_cpus=1.1120, num_gpus=0.0731, memory=2.00GB
2025-12-26 05:12:32,698 - __main__ - INFO - ✅ Client 14 (smartphone) started on head node (3dbbf3845d86...)
2025-12-26 05:12:35,702 - __main__ - INFO - 🔧 Client 15 resources: num_cpus=1.1120, num_gpus=0.0731, memory=2.00GB
2025-12-26 05:12:35,787 - __main__ - INFO - ✅ Client 15 (smartphone) started on head node (3dbbf3845d86...)
2025-12-26 05:12:38,792 - __main__ - INFO - 🔧 Client 16 resources: num_cpus=1.1120, num_gpus=0.0731, memory=2.00GB
2025-12-26 05:12:38,869 - __main__ - INFO - ✅ Client 16 (smartphone) started on head node (3dbbf3845d86...)
2025-12-26 05:12:41,873 - __main__ - INFO - 🔧 Client 17 resources: num_cpus=1.1120, num_gpus=0.0731, memory=2.00GB
2025-12-26 05:12:41,969 - __main__ - INFO - ✅ Client 17 (smartphone) started on head node (3dbbf3845d86...)
2025-12-26 05:12:44,973 - __main__ - INFO - 🔧 Client 18 resources: num_cpus=1.1120, num_gpus=0.0731, memory=2.00GB
2025-12-26 05:12:45,057 - __main__ - INFO - ✅ Client 18 (smartphone) started on head node (3dbbf3845d86...)
2025-12-26 05:12:48,059 - __main__ - INFO - 🔧 Client 19 resources: num_cpus=1.1120, num_gpus=0.0731, memory=2.00GB
2025-12-26 05:12:48,150 - __main__ - INFO - ✅ Client 19 (smartphone) started on head node (3dbbf3845d86...)
2025-12-26 05:12:51,153 - __main__ - INFO - 🔧 Client 20 resources: num_cpus=1.1120, num_gpus=0.0731, memory=2.00GB
2025-12-26 05:12:51,250 - __main__ - INFO - ✅ Client 20 (smartphone) started on head node (3dbbf3845d86...)
2025-12-26 05:12:54,252 - __main__ - INFO - 🔧 Client 21 resources: num_cpus=1.1120, num_gpus=0.0731, memory=2.00GB
2025-12-26 05:12:54,338 - __main__ - INFO - ✅ Client 21 (smartphone) started on head node (3dbbf3845d86...)
2025-12-26 05:12:57,342 - __main__ - INFO - 🔧 Client 22 resources: num_cpus=1.1120, num_gpus=0.0731, memory=2.00GB
2025-12-26 05:12:57,431 - __main__ - INFO - ✅ Client 22 (smartphone) started on head node (3dbbf3845d86...)
2025-12-26 05:13:00,435 - __main__ - INFO - 🔧 Client 23 resources: num_cpus=1.1120, num_gpus=0.0731, memory=2.00GB
2025-12-26 05:13:00,528 - __main__ - INFO - ✅ Client 23 (smartphone) started on head node (3dbbf3845d86...)
2025-12-26 05:13:03,530 - __main__ - INFO - 🔧 Client 24 resources: num_cpus=1.1120, num_gpus=0.0731, memory=2.00GB
2025-12-26 05:13:03,614 - __main__ - INFO - ✅ Client 24 (smartphone) started on head node (3dbbf3845d86...)
2025-12-26 05:13:06,618 - __main__ - INFO - 🔧 Client 25 resources: num_cpus=1.1120, num_gpus=0.0731, memory=2.00GB
2025-12-26 05:13:06,703 - __main__ - INFO - ✅ Client 25 (smartphone) started on head node (3dbbf3845d86...)
2025-12-26 05:13:09,706 - __main__ - INFO - 🔧 Client 26 resources: num_cpus=1.1120, num_gpus=0.0731, memory=2.00GB
2025-12-26 05:13:09,797 - __main__ - INFO - ✅ Client 26 (smartphone) started on head node (3dbbf3845d86...)
2025-12-26 05:13:12,800 - __main__ - INFO - 🔧 Client 27 resources: num_cpus=1.1120, num_gpus=0.0731, memory=2.00GB
2025-12-26 05:13:12,892 - __main__ - INFO - ✅ Client 27 (smartphone) started on head node (3dbbf3845d86...)
2025-12-26 05:13:15,895 - __main__ - INFO - 🔧 Client 28 resources: num_cpus=1.1120, num_gpus=0.0731, memory=2.00GB
2025-12-26 05:13:15,989 - __main__ - INFO - ✅ Client 28 (smartphone) started on head node (3dbbf3845d86...)
2025-12-26 05:13:18,991 - __main__ - INFO - 🔧 Client 29 resources: num_cpus=1.1120, num_gpus=0.0731, memory=2.00GB
2025-12-26 05:13:19,081 - __main__ - INFO - ✅ Client 29 (smartphone) started on head node (3dbbf3845d86...)
2025-12-26 05:13:22,083 - __main__ - INFO - 🔧 Client 30 resources: num_cpus=1.1120, num_gpus=0.0731, memory=2.00GB
2025-12-26 05:13:22,168 - __main__ - INFO - ✅ Client 30 (smartphone) started on head node (3dbbf3845d86...)
2025-12-26 05:13:25,170 - __main__ - INFO - 🔧 Client 31 resources: num_cpus=1.1120, num_gpus=0.0731, memory=2.00GB
2025-12-26 05:13:25,261 - __main__ - INFO - ✅ Client 31 (smartphone) started on head node (3dbbf3845d86...)
2025-12-26 05:13:28,265 - __main__ - INFO - 🔧 Client 32 resources: num_cpus=1.1120, num_gpus=0.0731, memory=2.00GB
2025-12-26 05:13:28,357 - __main__ - INFO - ✅ Client 32 (smartphone) started on head node (3dbbf3845d86...)
2025-12-26 05:13:31,361 - __main__ - INFO - 🔧 Client 33 resources: num_cpus=1.1120, num_gpus=0.0731, memory=2.00GB
2025-12-26 05:13:31,447 - __main__ - INFO - ✅ Client 33 (smartphone) started on head node (3dbbf3845d86...)
2025-12-26 05:13:34,451 - __main__ - INFO - 🔧 Client 34 resources: num_cpus=1.1120, num_gpus=0.0731, memory=2.00GB
2025-12-26 05:13:34,536 - __main__ - INFO - ✅ Client 34 (smartphone) started on head node (3dbbf3845d86...)
2025-12-26 05:13:37,540 - __main__ - INFO - 🔧 Client 35 resources: num_cpus=1.1120, num_gpus=0.0731, memory=2.00GB
2025-12-26 05:13:37,628 - __main__ - INFO - ✅ Client 35 (smartphone) started on head node (3dbbf3845d86...)
2025-12-26 05:13:40,631 - __main__ - INFO - 🔧 Client 36 resources: num_cpus=1.1120, num_gpus=0.0731, memory=2.00GB
2025-12-26 05:13:40,718 - __main__ - INFO - ✅ Client 36 (smartphone) started on head node (3dbbf3845d86...)
2025-12-26 05:13:43,722 - __main__ - INFO - 🔧 Client 37 resources: num_cpus=1.1120, num_gpus=0.0731, memory=2.00GB
2025-12-26 05:13:43,812 - __main__ - INFO - ✅ Client 37 (smartphone) started on head node (3dbbf3845d86...)
2025-12-26 05:13:46,816 - __main__ - INFO - 🔧 Client 38 resources: num_cpus=1.1120, num_gpus=0.0731, memory=2.00GB
2025-12-26 05:13:46,909 - __main__ - INFO - ✅ Client 38 (smartphone) started on head node (3dbbf3845d86...)
2025-12-26 05:13:49,914 - __main__ - INFO - 🔧 Client 39 resources: num_cpus=1.1120, num_gpus=0.0731, memory=2.00GB
2025-12-26 05:13:50,007 - __main__ - INFO - ✅ Client 39 (smartphone) started on head node (3dbbf3845d86...)
2025-12-26 05:13:53,011 - __main__ - INFO - 🔧 Client 40 resources: num_cpus=1.1120, num_gpus=0.0731, memory=2.00GB
2025-12-26 05:13:53,101 - __main__ - INFO - ✅ Client 40 (smartphone) started on head node (3dbbf3845d86...)
2025-12-26 05:13:56,103 - __main__ - INFO - 🔧 Client 41 resources: num_cpus=1.1120, num_gpus=0.0731, memory=2.00GB
2025-12-26 05:13:56,197 - __main__ - INFO - ✅ Client 41 (smartphone) started on head node (3dbbf3845d86...)
2025-12-26 05:13:59,200 - __main__ - INFO - 🔧 Client 42 resources: num_cpus=1.1120, num_gpus=0.0731, memory=2.00GB
2025-12-26 05:13:59,292 - __main__ - INFO - ✅ Client 42 (smartphone) started on head node (3dbbf3845d86...)
2025-12-26 05:14:02,296 - __main__ - INFO - 🔧 Client 43 resources: num_cpus=1.1120, num_gpus=0.0731, memory=2.00GB
2025-12-26 05:14:02,397 - __main__ - INFO - ✅ Client 43 (smartphone) started on head node (3dbbf3845d86...)
2025-12-26 05:14:05,400 - __main__ - INFO - 🔧 Client 44 resources: num_cpus=1.1120, num_gpus=0.0731, memory=2.00GB
2025-12-26 05:14:05,494 - __main__ - INFO - ✅ Client 44 (smartphone) started on head node (3dbbf3845d86...)
2025-12-26 05:14:08,498 - __main__ - INFO - 🔧 Client 45 resources: num_cpus=1.1120, num_gpus=0.0731, memory=2.00GB
2025-12-26 05:14:08,585 - __main__ - INFO - ✅ Client 45 (smartphone) started on head node (3dbbf3845d86...)
2025-12-26 05:14:11,586 - __main__ - INFO - 🔧 Client 46 resources: num_cpus=1.1120, num_gpus=0.0731, memory=2.00GB
2025-12-26 05:14:11,675 - __main__ - INFO - ✅ Client 46 (smartphone) started on head node (3dbbf3845d86...)
2025-12-26 05:14:14,676 - __main__ - INFO - 🔧 Client 47 resources: num_cpus=1.1120, num_gpus=0.0731, memory=2.00GB
2025-12-26 05:14:14,764 - __main__ - INFO - ✅ Client 47 (smartphone) started on head node (3dbbf3845d86...)
2025-12-26 05:14:17,766 - __main__ - INFO - 🔧 Client 48 resources: num_cpus=1.1120, num_gpus=0.0731, memory=2.00GB
2025-12-26 05:14:17,858 - __main__ - INFO - ✅ Client 48 (smartphone) started on head node (3dbbf3845d86...)
2025-12-26 05:14:20,862 - __main__ - INFO - 🔧 Client 49 resources: num_cpus=1.1120, num_gpus=0.0731, memory=2.00GB
2025-12-26 05:14:20,952 - __main__ - INFO - ✅ Client 49 (smartphone) started on head node (3dbbf3845d86...)
2025-12-26 05:14:23,954 - __main__ - INFO - 🔧 Client 50 resources: num_cpus=1.1120, num_gpus=0.0731, memory=2.00GB
2025-12-26 05:14:24,046 - __main__ - INFO - ✅ Client 50 (smartphone) started on head node (3dbbf3845d86...)
2025-12-26 05:14:27,048 - __main__ - INFO - ✅ 50/50 Docker clients started successfully
2025-12-26 05:14:27,048 - __main__ - INFO - ✅ All 50 clients have completed startup
2025-12-26 05:14:27,048 - __main__ - INFO - 📊 Starting training monitoring (999999999 seconds)...
2025-12-26 05:14:27,060 - __main__ - INFO - ⏰ 0s | Server: running (CPU) | Clients: 50 nodes (fractional GPU) | Ray GPU usage: 3.7/4.0 (91.4%)
2025-12-26 05:14:32,076 - __main__ - INFO - ⏰ 5s | Server: running (CPU) | Clients: 50 nodes (fractional GPU) | Ray GPU usage: 3.7/4.0 (91.4%)
2025-12-26 05:14:37,093 - __main__ - INFO - ⏰ 10s | Server: running (CPU) | Clients: 50 nodes (fractional GPU) | Ray GPU usage: 3.7/4.0 (91.4%)
2025-12-26 05:14:42,111 - __main__ - INFO - ⏰ 15s | Server: running (CPU) | Clients: 50 nodes (fractional GPU) | Ray GPU usage: 3.7/4.0 (91.4%)
2025-12-26 05:14:47,127 - __main__ - INFO - ⏰ 20s | Server: running (CPU) | Clients: 50 nodes (fractional GPU) | Ray GPU usage: 3.7/4.0 (91.4%)
2025-12-26 05:14:52,144 - __main__ - INFO - ⏰ 25s | Server: running (CPU) | Clients: 50 nodes (fractional GPU) | Ray GPU usage: 3.7/4.0 (91.4%)
2025-12-26 05:14:57,164 - __main__ - INFO - ⏰ 30s | Server: running (CPU) | Clients: 50 nodes (fractional GPU) | Ray GPU usage: 3.7/4.0 (91.4%)
2025-12-26 05:15:02,179 - __main__ - INFO - ⏰ 35s | Server: running (CPU) | Clients: 50 nodes (fractional GPU) | Ray GPU usage: 3.7/4.0 (91.4%)
2025-12-26 05:15:07,216 - __main__ - INFO - ⏰ 40s | Server: running (CPU) | Clients: 50 nodes (fractional GPU) | Ray GPU usage: 3.7/4.0 (91.4%)
2025-12-26 05:15:12,246 - __main__ - INFO - ⏰ 45s | Server: running (CPU) | Clients: 50 nodes (fractional GPU) | Ray GPU usage: 3.7/4.0 (91.4%)
2025-12-26 05:15:17,289 - __main__ - INFO - ⏰ 50s | Server: running (CPU) | Clients: 50 nodes (fractional GPU) | Ray GPU usage: 3.7/4.0 (91.4%)
2025-12-26 05:15:22,329 - __main__ - INFO - ⏰ 55s | Server: running (CPU) | Clients: 50 nodes (fractional GPU) | Ray GPU usage: 3.7/4.0 (91.4%)
2025-12-26 05:15:27,371 - __main__ - INFO - ⏰ 60s | Server: running (CPU) | Clients: 50 nodes (fractional GPU) | Ray GPU usage: 3.7/4.0 (91.4%)
2025-12-26 05:15:32,402 - __main__ - INFO - ⏰ 65s | Server: running (CPU) | Clients: 50 nodes (fractional GPU) | Ray GPU usage: 3.7/4.0 (91.4%)
2025-12-26 05:15:37,432 - __main__ - INFO - ⏰ 70s | Server: running (CPU) | Clients: 50 nodes (fractional GPU) | Ray GPU usage: 3.7/4.0 (91.4%)
2025-12-26 05:15:42,468 - __main__ - INFO - ⏰ 75s | Server: running (CPU) | Clients: 50 nodes (fractional GPU) | Ray GPU usage: 3.7/4.0 (91.4%)
2025-12-26 05:15:47,505 - __main__ - INFO - ⏰ 80s | Server: running (CPU) | Clients: 50 nodes (fractional GPU) | Ray GPU usage: 3.7/4.0 (91.4%)
2025-12-26 05:15:52,570 - __main__ - INFO - ⏰ 85s | Server: running (CPU) | Clients: 50 nodes (fractional GPU) | Ray GPU usage: 3.7/4.0 (91.4%)
2025-12-26 05:15:57,611 - __main__ - INFO - ⏰ 90s | Server: running (CPU) | Clients: 50 nodes (fractional GPU) | Ray GPU usage: 3.7/4.0 (91.4%)
2025-12-26 05:16:02,670 - __main__ - INFO - ⏰ 95s | Server: running (CPU) | Clients: 50 nodes (fractional GPU) | Ray GPU usage: 3.7/4.0 (91.4%)
2025-12-26 05:16:07,735 - __main__ - INFO - ⏰ 100s | Server: running (CPU) | Clients: 50 nodes (fractional GPU) | Ray GPU usage: 3.7/4.0 (91.4%)
2025-12-26 05:16:12,766 - __main__ - INFO - ⏰ 105s | Server: running (CPU) | Clients: 50 nodes (fractional GPU) | Ray GPU usage: 3.7/4.0 (91.4%)
2025-12-26 05:16:17,805 - __main__ - INFO - ⏰ 110s | Server: running (CPU) | Clients: 50 nodes (fractional GPU) | Ray GPU usage: 3.7/4.0 (91.4%)
2025-12-26 05:16:22,832 - __main__ - INFO - ⏰ 115s | Server: running (CPU) | Clients: 50 nodes (fractional GPU) | Ray GPU usage: 3.7/4.0 (91.4%)
2025-12-26 05:16:27,862 - __main__ - INFO - ⏰ 120s | Server: running (CPU) | Clients: 50 nodes (fractional GPU) | Ray GPU usage: 3.7/4.0 (91.4%)
2025-12-26 05:16:32,896 - __main__ - INFO - ⏰ 125s | Server: running (CPU) | Clients: 50 nodes (fractional GPU) | Ray GPU usage: 3.7/4.0 (91.4%)
2025-12-26 05:16:37,928 - __main__ - INFO - ⏰ 130s | Server: running (CPU) | Clients: 50 nodes (fractional GPU) | Ray GPU usage: 3.7/4.0 (91.4%)
2025-12-26 05:16:42,954 - __main__ - INFO - ⏰ 135s | Server: running (CPU) | Clients: 50 nodes (fractional GPU) | Ray GPU usage: 3.7/4.0 (91.4%)
2025-12-26 05:16:47,982 - __main__ - INFO - ⏰ 140s | Server: running (CPU) | Clients: 50 nodes (fractional GPU) | Ray GPU usage: 3.7/4.0 (91.4%)
2025-12-26 05:16:53,016 - __main__ - INFO - ⏰ 145s | Server: running (CPU) | Clients: 50 nodes (fractional GPU) | Ray GPU usage: 3.7/4.0 (91.4%)
2025-12-26 05:16:58,037 - __main__ - INFO - ⏰ 150s | Server: running (CPU) | Clients: 50 nodes (fractional GPU) | Ray GPU usage: 3.7/4.0 (91.4%)
2025-12-26 05:17:03,063 - __main__ - INFO - ⏰ 155s | Server: running (CPU) | Clients: 50 nodes (fractional GPU) | Ray GPU usage: 3.7/4.0 (91.4%)
2025-12-26 05:17:08,086 - __main__ - INFO - ⏰ 161s | Server: running (CPU) | Clients: 50 nodes (fractional GPU) | Ray GPU usage: 3.7/4.0 (91.4%)
2025-12-26 05:17:13,110 - __main__ - INFO - ⏰ 166s | Server: running (CPU) | Clients: 50 nodes (fractional GPU) | Ray GPU usage: 3.7/4.0 (91.4%)
2025-12-26 05:17:18,146 - __main__ - INFO - ⏰ 171s | Server: running (CPU) | Clients: 50 nodes (fractional GPU) | Ray GPU usage: 3.7/4.0 (91.4%)
2025-12-26 05:17:23,175 - __main__ - INFO - ⏰ 176s | Server: running (CPU) | Clients: 50 nodes (fractional GPU) | Ray GPU usage: 3.7/4.0 (91.4%)
2025-12-26 05:17:28,209 - __main__ - INFO - ⏰ 181s | Server: running (CPU) | Clients: 50 nodes (fractional GPU) | Ray GPU usage: 3.7/4.0 (91.4%)
2025-12-26 05:17:33,239 - __main__ - INFO - ⏰ 186s | Server: running (CPU) | Clients: 50 nodes (fractional GPU) | Ray GPU usage: 3.7/4.0 (91.4%)
2025-12-26 05:17:38,271 - __main__ - INFO - ⏰ 191s | Server: running (CPU) | Clients: 50 nodes (fractional GPU) | Ray GPU usage: 3.7/4.0 (91.4%)
2025-12-26 05:17:43,308 - __main__ - INFO - ⏰ 196s | Server: running (CPU) | Clients: 50 nodes (fractional GPU) | Ray GPU usage: 3.7/4.0 (91.4%)
2025-12-26 05:17:48,333 - __main__ - INFO - ⏰ 201s | Server: running (CPU) | Clients: 50 nodes (fractional GPU) | Ray GPU usage: 3.7/4.0 (91.4%)
2025-12-26 05:17:53,358 - __main__ - INFO - ⏰ 206s | Server: running (CPU) | Clients: 50 nodes (fractional GPU) | Ray GPU usage: 3.7/4.0 (91.4%)
2025-12-26 05:17:58,375 - __main__ - INFO - ⏰ 211s | Server: running (CPU) | Clients: 50 nodes (fractional GPU) | Ray GPU usage: 3.7/4.0 (91.4%)
2025-12-26 05:18:03,393 - __main__ - INFO - ⏰ 216s | Server: running (CPU) | Clients: 50 nodes (fractional GPU) | Ray GPU usage: 3.7/4.0 (91.4%)
2025-12-26 05:18:08,410 - __main__ - INFO - ⏰ 221s | Server: running (CPU) | Clients: 50 nodes (fractional GPU) | Ray GPU usage: 3.7/4.0 (91.4%)
2025-12-26 05:18:13,424 - __main__ - INFO - ⏰ 226s | Server: running (CPU) | Clients: 50 nodes (fractional GPU) | Ray GPU usage: 3.7/4.0 (91.4%)
2025-12-26 05:18:18,439 - __main__ - INFO - ⏰ 231s | Server: running (CPU) | Clients: 50 nodes (fractional GPU) | Ray GPU usage: 3.7/4.0 (91.4%)
2025-12-26 05:18:23,453 - __main__ - INFO - ⏰ 236s | Server: running (CPU) | Clients: 50 nodes (fractional GPU) | Ray GPU usage: 3.7/4.0 (91.4%)
2025-12-26 05:18:28,467 - __main__ - INFO - ⏰ 241s | Server: running (CPU) | Clients: 50 nodes (fractional GPU) | Ray GPU usage: 3.7/4.0 (91.4%)
2025-12-26 05:18:33,482 - __main__ - INFO - ⏰ 246s | Server: running (CPU) | Clients: 50 nodes (fractional GPU) | Ray GPU usage: 3.7/4.0 (91.4%)
2025-12-26 05:18:38,496 - __main__ - INFO - ⏰ 251s | Server: running (CPU) | Clients: 50 nodes (fractional GPU) | Ray GPU usage: 3.7/4.0 (91.4%)
2025-12-26 05:18:43,510 - __main__ - INFO - ⏰ 256s | Server: running (CPU) | Clients: 50 nodes (fractional GPU) | Ray GPU usage: 3.7/4.0 (91.4%)
2025-12-26 05:18:48,524 - __main__ - INFO - ⏰ 261s | Server: running (CPU) | Clients: 50 nodes (fractional GPU) | Ray GPU usage: 3.7/4.0 (91.4%)
2025-12-26 05:18:53,538 - __main__ - INFO - ⏰ 266s | Server: running (CPU) | Clients: 50 nodes (fractional GPU) | Ray GPU usage: 3.7/4.0 (91.4%)
2025-12-26 05:18:58,552 - __main__ - INFO - ⏰ 271s | Server: running (CPU) | Clients: 50 nodes (fractional GPU) | Ray GPU usage: 3.7/4.0 (91.4%)
2025-12-26 05:19:03,566 - __main__ - INFO - ⏰ 276s | Server: running (CPU) | Clients: 50 nodes (fractional GPU) | Ray GPU usage: 3.7/4.0 (91.4%)
2025-12-26 05:19:08,579 - __main__ - INFO - ⏰ 281s | Server: running (CPU) | Clients: 50 nodes (fractional GPU) | Ray GPU usage: 3.7/4.0 (91.4%)
2025-12-26 05:19:13,593 - __main__ - INFO - ⏰ 286s | Server: running (CPU) | Clients: 50 nodes (fractional GPU) | Ray GPU usage: 3.7/4.0 (91.4%)
2025-12-26 05:19:18,609 - __main__ - INFO - ⏰ 291s | Server: running (CPU) | Clients: 50 nodes (fractional GPU) | Ray GPU usage: 3.7/4.0 (91.4%)
2025-12-26 05:19:23,623 - __main__ - INFO - ⏰ 296s | Server: running (CPU) | Clients: 50 nodes (fractional GPU) | Ray GPU usage: 3.7/4.0 (91.4%)
2025-12-26 05:19:28,636 - __main__ - INFO - ⏰ 301s | Server: running (CPU) | Clients: 50 nodes (fractional GPU) | Ray GPU usage: 3.7/4.0 (91.4%)
2025-12-26 05:19:33,650 - __main__ - INFO - ⏰ 306s | Server: running (CPU) | Clients: 50 nodes (fractional GPU) | Ray GPU usage: 3.7/4.0 (91.4%)
2025-12-26 05:19:38,663 - __main__ - INFO - ⏰ 311s | Server: running (CPU) | Clients: 50 nodes (fractional GPU) | Ray GPU usage: 3.7/4.0 (91.4%)
2025-12-26 05:19:43,677 - __main__ - INFO - ⏰ 316s | Server: running (CPU) | Clients: 50 nodes (fractional GPU) | Ray GPU usage: 3.7/4.0 (91.4%)
2025-12-26 05:19:48,691 - __main__ - INFO - ⏰ 321s | Server: running (CPU) | Clients: 50 nodes (fractional GPU) | Ray GPU usage: 3.7/4.0 (91.4%)
2025-12-26 05:19:53,706 - __main__ - INFO - ⏰ 326s | Server: running (CPU) | Clients: 50 nodes (fractional GPU) | Ray GPU usage: 3.7/4.0 (91.4%)
2025-12-26 05:19:58,719 - __main__ - INFO - ⏰ 331s | Server: running (CPU) | Clients: 50 nodes (fractional GPU) | Ray GPU usage: 3.7/4.0 (91.4%)
2025-12-26 05:20:03,733 - __main__ - INFO - ⏰ 336s | Server: running (CPU) | Clients: 50 nodes (fractional GPU) | Ray GPU usage: 3.7/4.0 (91.4%)
2025-12-26 05:20:08,747 - __main__ - INFO - ⏰ 341s | Server: running (CPU) | Clients: 50 nodes (fractional GPU) | Ray GPU usage: 3.7/4.0 (91.4%)
2025-12-26 05:20:13,763 - __main__ - INFO - ⏰ 346s | Server: running (CPU) | Clients: 50 nodes (fractional GPU) | Ray GPU usage: 3.7/4.0 (91.4%)
2025-12-26 05:20:18,778 - __main__ - INFO - ⏰ 351s | Server: running (CPU) | Clients: 50 nodes (fractional GPU) | Ray GPU usage: 3.7/4.0 (91.4%)
2025-12-26 05:20:23,794 - __main__ - INFO - ⏰ 356s | Server: running (CPU) | Clients: 50 nodes (fractional GPU) | Ray GPU usage: 3.7/4.0 (91.4%)
2025-12-26 05:20:28,810 - __main__ - INFO - ⏰ 361s | Server: running (CPU) | Clients: 50 nodes (fractional GPU) | Ray GPU usage: 3.7/4.0 (91.4%)
2025-12-26 05:20:33,826 - __main__ - INFO - ⏰ 366s | Server: running (CPU) | Clients: 50 nodes (fractional GPU) | Ray GPU usage: 3.7/4.0 (91.4%)
2025-12-26 05:20:38,840 - __main__ - INFO - ⏰ 371s | Server: running (CPU) | Clients: 50 nodes (fractional GPU) | Ray GPU usage: 3.7/4.0 (91.4%)
2025-12-26 05:20:43,856 - __main__ - INFO - ⏰ 376s | Server: running (CPU) | Clients: 50 nodes (fractional GPU) | Ray GPU usage: 3.7/4.0 (91.4%)
2025-12-26 05:20:48,872 - __main__ - INFO - ⏰ 381s | Server: running (CPU) | Clients: 50 nodes (fractional GPU) | Ray GPU usage: 3.7/4.0 (91.4%)
2025-12-26 05:20:53,886 - __main__ - INFO - ⏰ 386s | Server: running (CPU) | Clients: 50 nodes (fractional GPU) | Ray GPU usage: 3.7/4.0 (91.4%)
2025-12-26 05:20:58,899 - __main__ - INFO - ⏰ 391s | Server: running (CPU) | Clients: 50 nodes (fractional GPU) | Ray GPU usage: 3.7/4.0 (91.4%)
2025-12-26 05:21:03,913 - __main__ - INFO - ⏰ 396s | Server: running (CPU) | Clients: 50 nodes (fractional GPU) | Ray GPU usage: 3.7/4.0 (91.4%)
2025-12-26 05:21:08,929 - __main__ - INFO - ⏰ 401s | Server: running (CPU) | Clients: 50 nodes (fractional GPU) | Ray GPU usage: 3.7/4.0 (91.4%)
2025-12-26 05:21:13,945 - __main__ - INFO - ⏰ 406s | Server: running (CPU) | Clients: 50 nodes (fractional GPU) | Ray GPU usage: 3.7/4.0 (91.4%)
2025-12-26 05:21:18,961 - __main__ - INFO - ⏰ 411s | Server: running (CPU) | Clients: 50 nodes (fractional GPU) | Ray GPU usage: 3.7/4.0 (91.4%)
2025-12-26 05:21:23,975 - __main__ - INFO - ⏰ 416s | Server: running (CPU) | Clients: 50 nodes (fractional GPU) | Ray GPU usage: 3.7/4.0 (91.4%)
2025-12-26 05:21:28,988 - __main__ - INFO - ⏰ 421s | Server: running (CPU) | Clients: 50 nodes (fractional GPU) | Ray GPU usage: 3.7/4.0 (91.4%)
2025-12-26 05:21:34,001 - __main__ - INFO - ⏰ 426s | Server: running (CPU) | Clients: 50 nodes (fractional GPU) | Ray GPU usage: 3.7/4.0 (91.4%)
2025-12-26 05:21:39,014 - __main__ - INFO - ⏰ 431s | Server: running (CPU) | Clients: 50 nodes (fractional GPU) | Ray GPU usage: 3.7/4.0 (91.4%)
2025-12-26 05:21:44,029 - __main__ - INFO - ⏰ 436s | Server: running (CPU) | Clients: 50 nodes (fractional GPU) | Ray GPU usage: 3.7/4.0 (91.4%)
2025-12-26 05:21:49,043 - __main__ - INFO - ⏰ 441s | Server: running (CPU) | Clients: 50 nodes (fractional GPU) | Ray GPU usage: 3.7/4.0 (91.4%)
2025-12-26 05:21:54,060 - __main__ - INFO - ⏰ 446s | Server: running (CPU) | Clients: 50 nodes (fractional GPU) | Ray GPU usage: 3.7/4.0 (91.4%)
2025-12-26 05:21:59,073 - __main__ - INFO - ⏰ 452s | Server: running (CPU) | Clients: 50 nodes (fractional GPU) | Ray GPU usage: 3.7/4.0 (91.4%)
2025-12-26 05:22:04,087 - __main__ - INFO - ⏰ 457s | Server: running (CPU) | Clients: 50 nodes (fractional GPU) | Ray GPU usage: 3.7/4.0 (91.4%)
2025-12-26 05:22:09,100 - __main__ - INFO - ⏰ 462s | Server: running (CPU) | Clients: 50 nodes (fractional GPU) | Ray GPU usage: 3.7/4.0 (91.4%)
2025-12-26 05:22:14,113 - __main__ - INFO - ⏰ 467s | Server: running (CPU) | Clients: 50 nodes (fractional GPU) | Ray GPU usage: 3.7/4.0 (91.4%)
2025-12-26 05:22:19,127 - __main__ - INFO - ⏰ 472s | Server: running (CPU) | Clients: 50 nodes (fractional GPU) | Ray GPU usage: 3.7/4.0 (91.4%)
2025-12-26 05:22:24,143 - __main__ - INFO - ⏰ 477s | Server: running (CPU) | Clients: 50 nodes (fractional GPU) | Ray GPU usage: 3.7/4.0 (91.4%)
2025-12-26 05:22:29,158 - __main__ - INFO - ⏰ 482s | Server: running (CPU) | Clients: 50 nodes (fractional GPU) | Ray GPU usage: 3.7/4.0 (91.4%)
2025-12-26 05:22:34,174 - __main__ - INFO - ⏰ 487s | Server: running (CPU) | Clients: 50 nodes (fractional GPU) | Ray GPU usage: 3.7/4.0 (91.4%)
2025-12-26 05:22:39,189 - __main__ - INFO - ⏰ 492s | Server: running (CPU) | Clients: 50 nodes (fractional GPU) | Ray GPU usage: 3.7/4.0 (91.4%)
2025-12-26 05:22:44,205 - __main__ - INFO - ⏰ 497s | Server: running (CPU) | Clients: 50 nodes (fractional GPU) | Ray GPU usage: 3.7/4.0 (91.4%)
2025-12-26 05:22:49,219 - __main__ - INFO - ⏰ 502s | Server: running (CPU) | Clients: 50 nodes (fractional GPU) | Ray GPU usage: 3.7/4.0 (91.4%)
2025-12-26 05:22:54,234 - __main__ - INFO - ⏰ 507s | Server: running (CPU) | Clients: 50 nodes (fractional GPU) | Ray GPU usage: 3.7/4.0 (91.4%)
2025-12-26 05:22:59,247 - __main__ - INFO - ⏰ 512s | Server: running (CPU) | Clients: 50 nodes (fractional GPU) | Ray GPU usage: 3.7/4.0 (91.4%)
2025-12-26 05:23:04,260 - __main__ - INFO - ⏰ 517s | Server: running (CPU) | Clients: 50 nodes (fractional GPU) | Ray GPU usage: 3.7/4.0 (91.4%)
2025-12-26 05:23:09,274 - __main__ - INFO - ⏰ 522s | Server: running (CPU) | Clients: 50 nodes (fractional GPU) | Ray GPU usage: 3.7/4.0 (91.4%)
2025-12-26 05:23:14,288 - __main__ - INFO - ⏰ 527s | Server: running (CPU) | Clients: 50 nodes (fractional GPU) | Ray GPU usage: 3.7/4.0 (91.4%)
2025-12-26 05:23:19,304 - __main__ - INFO - ⏰ 532s | Server: running (CPU) | Clients: 50 nodes (fractional GPU) | Ray GPU usage: 3.7/4.0 (91.4%)
2025-12-26 05:23:24,322 - __main__ - INFO - ⏰ 537s | Server: running (CPU) | Clients: 50 nodes (fractional GPU) | Ray GPU usage: 3.7/4.0 (91.4%)
2025-12-26 05:23:29,337 - __main__ - INFO - ⏰ 542s | Server: running (CPU) | Clients: 50 nodes (fractional GPU) | Ray GPU usage: 3.7/4.0 (91.4%)
2025-12-26 05:23:34,353 - __main__ - INFO - ⏰ 547s | Server: running (CPU) | Clients: 50 nodes (fractional GPU) | Ray GPU usage: 3.7/4.0 (91.4%)
2025-12-26 05:23:39,365 - __main__ - INFO - ⏰ 552s | Server: running (CPU) | Clients: 50 nodes (fractional GPU) | Ray GPU usage: 3.7/4.0 (91.4%)
2025-12-26 05:23:44,381 - __main__ - INFO - ⏰ 557s | Server: running (CPU) | Clients: 50 nodes (fractional GPU) | Ray GPU usage: 3.7/4.0 (91.4%)
2025-12-26 05:23:49,395 - __main__ - INFO - ⏰ 562s | Server: running (CPU) | Clients: 50 nodes (fractional GPU) | Ray GPU usage: 3.7/4.0 (91.4%)
2025-12-26 05:23:54,410 - __main__ - INFO - ⏰ 567s | Server: running (CPU) | Clients: 50 nodes (fractional GPU) | Ray GPU usage: 3.7/4.0 (91.4%)
2025-12-26 05:23:59,424 - __main__ - INFO - ⏰ 572s | Server: running (CPU) | Clients: 50 nodes (fractional GPU) | Ray GPU usage: 3.7/4.0 (91.4%)
2025-12-26 05:24:04,438 - __main__ - INFO - ⏰ 577s | Server: running (CPU) | Clients: 50 nodes (fractional GPU) | Ray GPU usage: 3.7/4.0 (91.4%)
2025-12-26 05:24:09,450 - __main__ - INFO - ⏰ 582s | Server: running (CPU) | Clients: 50 nodes (fractional GPU) | Ray GPU usage: 3.7/4.0 (91.4%)
2025-12-26 05:24:14,464 - __main__ - INFO - ⏰ 587s | Server: running (CPU) | Clients: 50 nodes (fractional GPU) | Ray GPU usage: 3.7/4.0 (91.4%)
2025-12-26 05:24:19,482 - __main__ - INFO - ⏰ 592s | Server: running (CPU) | Clients: 50 nodes (fractional GPU) | Ray GPU usage: 3.7/4.0 (91.4%)
2025-12-26 05:24:24,501 - __main__ - INFO - ⏰ 597s | Server: running (CPU) | Clients: 50 nodes (fractional GPU) | Ray GPU usage: 3.7/4.0 (91.4%)
2025-12-26 05:24:29,515 - __main__ - INFO - ⏰ 602s | Server: running (CPU) | Clients: 50 nodes (fractional GPU) | Ray GPU usage: 3.7/4.0 (91.4%)
2025-12-26 05:24:34,528 - __main__ - INFO - ⏰ 607s | Server: running (CPU) | Clients: 50 nodes (fractional GPU) | Ray GPU usage: 3.7/4.0 (91.4%)
2025-12-26 05:24:39,543 - __main__ - INFO - ⏰ 612s | Server: running (CPU) | Clients: 50 nodes (fractional GPU) | Ray GPU usage: 3.7/4.0 (91.4%)
2025-12-26 05:24:44,556 - __main__ - INFO - ⏰ 617s | Server: running (CPU) | Clients: 50 nodes (fractional GPU) | Ray GPU usage: 3.7/4.0 (91.4%)
2025-12-26 05:24:49,569 - __main__ - INFO - ⏰ 622s | Server: running (CPU) | Clients: 50 nodes (fractional GPU) | Ray GPU usage: 3.7/4.0 (91.4%)
2025-12-26 05:24:54,584 - __main__ - INFO - ⏰ 627s | Server: running (CPU) | Clients: 50 nodes (fractional GPU) | Ray GPU usage: 3.7/4.0 (91.4%)
2025-12-26 05:24:59,599 - __main__ - INFO - ⏰ 632s | Server: running (CPU) | Clients: 50 nodes (fractional GPU) | Ray GPU usage: 3.7/4.0 (91.4%)
2025-12-26 05:25:04,613 - __main__ - INFO - ⏰ 637s | Server: running (CPU) | Clients: 50 nodes (fractional GPU) | Ray GPU usage: 3.7/4.0 (91.4%)
2025-12-26 05:25:09,626 - __main__ - INFO - ⏰ 642s | Server: running (CPU) | Clients: 50 nodes (fractional GPU) | Ray GPU usage: 3.7/4.0 (91.4%)
2025-12-26 05:25:14,640 - __main__ - INFO - ⏰ 647s | Server: running (CPU) | Clients: 50 nodes (fractional GPU) | Ray GPU usage: 3.7/4.0 (91.4%)
2025-12-26 05:25:19,653 - __main__ - INFO - ⏰ 652s | Server: running (CPU) | Clients: 50 nodes (fractional GPU) | Ray GPU usage: 3.7/4.0 (91.4%)
2025-12-26 05:25:24,667 - __main__ - INFO - ⏰ 657s | Server: running (CPU) | Clients: 50 nodes (fractional GPU) | Ray GPU usage: 3.7/4.0 (91.4%)
2025-12-26 05:25:29,680 - __main__ - INFO - ⏰ 662s | Server: running (CPU) | Clients: 50 nodes (fractional GPU) | Ray GPU usage: 3.7/4.0 (91.4%)
2025-12-26 05:25:34,692 - __main__ - INFO - ⏰ 667s | Server: running (CPU) | Clients: 50 nodes (fractional GPU) | Ray GPU usage: 3.7/4.0 (91.4%)
2025-12-26 05:25:39,705 - __main__ - INFO - ⏰ 672s | Server: running (CPU) | Clients: 50 nodes (fractional GPU) | Ray GPU usage: 3.7/4.0 (91.4%)
2025-12-26 05:25:44,721 - __main__ - INFO - ⏰ 677s | Server: running (CPU) | Clients: 50 nodes (fractional GPU) | Ray GPU usage: 3.7/4.0 (91.4%)
2025-12-26 05:25:49,737 - __main__ - INFO - ⏰ 682s | Server: running (CPU) | Clients: 50 nodes (fractional GPU) | Ray GPU usage: 3.7/4.0 (91.4%)
2025-12-26 05:25:54,754 - __main__ - INFO - ⏰ 687s | Server: running (CPU) | Clients: 50 nodes (fractional GPU) | Ray GPU usage: 3.7/4.0 (91.4%)
2025-12-26 05:25:59,770 - __main__ - INFO - ⏰ 692s | Server: running (CPU) | Clients: 50 nodes (fractional GPU) | Ray GPU usage: 3.7/4.0 (91.4%)
2025-12-26 05:26:04,785 - __main__ - INFO - ⏰ 697s | Server: running (CPU) | Clients: 50 nodes (fractional GPU) | Ray GPU usage: 3.7/4.0 (91.4%)
2025-12-26 05:26:09,800 - __main__ - INFO - ⏰ 702s | Server: running (CPU) | Clients: 50 nodes (fractional GPU) | Ray GPU usage: 3.7/4.0 (91.4%)
2025-12-26 05:26:14,816 - __main__ - INFO - ⏰ 707s | Server: running (CPU) | Clients: 50 nodes (fractional GPU) | Ray GPU usage: 3.7/4.0 (91.4%)
2025-12-26 05:26:19,831 - __main__ - INFO - ⏰ 712s | Server: running (CPU) | Clients: 50 nodes (fractional GPU) | Ray GPU usage: 3.7/4.0 (91.4%)
2025-12-26 05:26:24,846 - __main__ - INFO - ⏰ 717s | Server: running (CPU) | Clients: 50 nodes (fractional GPU) | Ray GPU usage: 3.7/4.0 (91.4%)
2025-12-26 05:26:29,861 - __main__ - INFO - ⏰ 722s | Server: running (CPU) | Clients: 50 nodes (fractional GPU) | Ray GPU usage: 3.7/4.0 (91.4%)
2025-12-26 05:26:34,876 - __main__ - INFO - ⏰ 727s | Server: running (CPU) | Clients: 50 nodes (fractional GPU) | Ray GPU usage: 3.7/4.0 (91.4%)
2025-12-26 05:26:39,892 - __main__ - INFO - ⏰ 732s | Server: running (CPU) | Clients: 50 nodes (fractional GPU) | Ray GPU usage: 3.7/4.0 (91.4%)
2025-12-26 05:26:44,907 - __main__ - INFO - ⏰ 737s | Server: running (CPU) | Clients: 50 nodes (fractional GPU) | Ray GPU usage: 3.7/4.0 (91.4%)
2025-12-26 05:26:49,922 - __main__ - INFO - ⏰ 742s | Server: running (CPU) | Clients: 50 nodes (fractional GPU) | Ray GPU usage: 3.7/4.0 (91.4%)
2025-12-26 05:26:54,937 - __main__ - INFO - ⏰ 747s | Server: running (CPU) | Clients: 50 nodes (fractional GPU) | Ray GPU usage: 3.7/4.0 (91.4%)
2025-12-26 05:26:59,949 - __main__ - INFO - ⏰ 752s | Server: running (CPU) | Clients: 50 nodes (fractional GPU) | Ray GPU usage: 3.7/4.0 (91.4%)
2025-12-26 05:27:04,964 - __main__ - INFO - ⏰ 757s | Server: running (CPU) | Clients: 50 nodes (fractional GPU) | Ray GPU usage: 3.7/4.0 (91.4%)
2025-12-26 05:27:09,980 - __main__ - INFO - ⏰ 762s | Server: running (CPU) | Clients: 50 nodes (fractional GPU) | Ray GPU usage: 3.7/4.0 (91.4%)
2025-12-26 05:27:14,994 - __main__ - INFO - ⏰ 767s | Server: running (CPU) | Clients: 50 nodes (fractional GPU) | Ray GPU usage: 3.7/4.0 (91.4%)
2025-12-26 05:27:20,009 - __main__ - INFO - ⏰ 772s | Server: running (CPU) | Clients: 50 nodes (fractional GPU) | Ray GPU usage: 3.7/4.0 (91.4%)
2025-12-26 05:27:25,024 - __main__ - INFO - ⏰ 777s | Server: running (CPU) | Clients: 50 nodes (fractional GPU) | Ray GPU usage: 3.7/4.0 (91.4%)
2025-12-26 05:27:30,039 - __main__ - INFO - ⏰ 782s | Server: running (CPU) | Clients: 50 nodes (fractional GPU) | Ray GPU usage: 3.7/4.0 (91.4%)
2025-12-26 05:27:35,054 - __main__ - INFO - ⏰ 787s | Server: running (CPU) | Clients: 50 nodes (fractional GPU) | Ray GPU usage: 3.7/4.0 (91.4%)
2025-12-26 05:27:40,069 - __main__ - INFO - ⏰ 793s | Server: running (CPU) | Clients: 50 nodes (fractional GPU) | Ray GPU usage: 3.7/4.0 (91.4%)
2025-12-26 05:27:45,084 - __main__ - INFO - ⏰ 798s | Server: running (CPU) | Clients: 50 nodes (fractional GPU) | Ray GPU usage: 3.7/4.0 (91.4%)
2025-12-26 05:27:50,100 - __main__ - INFO - ⏰ 803s | Server: running (CPU) | Clients: 50 nodes (fractional GPU) | Ray GPU usage: 3.7/4.0 (91.4%)
2025-12-26 05:27:55,115 - __main__ - INFO - ⏰ 808s | Server: running (CPU) | Clients: 50 nodes (fractional GPU) | Ray GPU usage: 3.7/4.0 (91.4%)
2025-12-26 05:28:00,130 - __main__ - INFO - ⏰ 813s | Server: running (CPU) | Clients: 50 nodes (fractional GPU) | Ray GPU usage: 3.7/4.0 (91.4%)
2025-12-26 05:28:05,147 - __main__ - INFO - ⏰ 818s | Server: running (CPU) | Clients: 50 nodes (fractional GPU) | Ray GPU usage: 3.7/4.0 (91.4%)
2025-12-26 05:28:10,162 - __main__ - INFO - ⏰ 823s | Server: running (CPU) | Clients: 50 nodes (fractional GPU) | Ray GPU usage: 3.7/4.0 (91.4%)
2025-12-26 05:28:15,178 - __main__ - INFO - ⏰ 828s | Server: running (CPU) | Clients: 50 nodes (fractional GPU) | Ray GPU usage: 3.7/4.0 (91.4%)
2025-12-26 05:28:20,193 - __main__ - INFO - ⏰ 833s | Server: running (CPU) | Clients: 50 nodes (fractional GPU) | Ray GPU usage: 3.7/4.0 (91.4%)
2025-12-26 05:28:25,208 - __main__ - INFO - ⏰ 838s | Server: running (CPU) | Clients: 50 nodes (fractional GPU) | Ray GPU usage: 3.7/4.0 (91.4%)
2025-12-26 05:28:30,224 - __main__ - INFO - ⏰ 843s | Server: running (CPU) | Clients: 50 nodes (fractional GPU) | Ray GPU usage: 3.7/4.0 (91.4%)
2025-12-26 05:28:35,238 - __main__ - INFO - ⏰ 848s | Server: running (CPU) | Clients: 50 nodes (fractional GPU) | Ray GPU usage: 3.7/4.0 (91.4%)
2025-12-26 05:28:40,253 - __main__ - INFO - ⏰ 853s | Server: running (CPU) | Clients: 50 nodes (fractional GPU) | Ray GPU usage: 3.7/4.0 (91.4%)
2025-12-26 05:28:45,269 - __main__ - INFO - ⏰ 858s | Server: running (CPU) | Clients: 50 nodes (fractional GPU) | Ray GPU usage: 3.7/4.0 (91.4%)
2025-12-26 05:28:50,284 - __main__ - INFO - ⏰ 863s | Server: running (CPU) | Clients: 50 nodes (fractional GPU) | Ray GPU usage: 3.7/4.0 (91.4%)
2025-12-26 05:28:55,299 - __main__ - INFO - ⏰ 868s | Server: running (CPU) | Clients: 50 nodes (fractional GPU) | Ray GPU usage: 3.7/4.0 (91.4%)
2025-12-26 05:29:00,315 - __main__ - INFO - ⏰ 873s | Server: running (CPU) | Clients: 50 nodes (fractional GPU) | Ray GPU usage: 3.7/4.0 (91.4%)
2025-12-26 05:29:05,330 - __main__ - INFO - ⏰ 878s | Server: running (CPU) | Clients: 50 nodes (fractional GPU) | Ray GPU usage: 3.7/4.0 (91.4%)
2025-12-26 05:29:10,345 - __main__ - INFO - ⏰ 883s | Server: running (CPU) | Clients: 50 nodes (fractional GPU) | Ray GPU usage: 3.7/4.0 (91.4%)
2025-12-26 05:29:15,360 - __main__ - INFO - ⏰ 888s | Server: running (CPU) | Clients: 50 nodes (fractional GPU) | Ray GPU usage: 3.7/4.0 (91.4%)
2025-12-26 05:29:20,376 - __main__ - INFO - ⏰ 893s | Server: running (CPU) | Clients: 50 nodes (fractional GPU) | Ray GPU usage: 3.7/4.0 (91.4%)
2025-12-26 05:29:25,391 - __main__ - INFO - ⏰ 898s | Server: running (CPU) | Clients: 50 nodes (fractional GPU) | Ray GPU usage: 3.7/4.0 (91.4%)
2025-12-26 05:29:30,406 - __main__ - INFO - ⏰ 903s | Server: running (CPU) | Clients: 50 nodes (fractional GPU) | Ray GPU usage: 3.7/4.0 (91.4%)
2025-12-26 05:29:35,421 - __main__ - INFO - ⏰ 908s | Server: running (CPU) | Clients: 50 nodes (fractional GPU) | Ray GPU usage: 3.7/4.0 (91.4%)
2025-12-26 05:29:40,437 - __main__ - INFO - ⏰ 913s | Server: running (CPU) | Clients: 50 nodes (fractional GPU) | Ray GPU usage: 3.7/4.0 (91.4%)
2025-12-26 05:29:45,453 - __main__ - INFO - ⏰ 918s | Server: running (CPU) | Clients: 50 nodes (fractional GPU) | Ray GPU usage: 3.7/4.0 (91.4%)
2025-12-26 05:29:50,467 - __main__ - INFO - ⏰ 923s | Server: running (CPU) | Clients: 50 nodes (fractional GPU) | Ray GPU usage: 3.7/4.0 (91.4%)
2025-12-26 05:29:55,482 - __main__ - INFO - ⏰ 928s | Server: running (CPU) | Clients: 50 nodes (fractional GPU) | Ray GPU usage: 3.7/4.0 (91.4%)
2025-12-26 05:30:00,498 - __main__ - INFO - ⏰ 933s | Server: running (CPU) | Clients: 50 nodes (fractional GPU) | Ray GPU usage: 3.7/4.0 (91.4%)
2025-12-26 05:30:05,513 - __main__ - INFO - ⏰ 938s | Server: running (CPU) | Clients: 50 nodes (fractional GPU) | Ray GPU usage: 3.7/4.0 (91.4%)
2025-12-26 05:30:10,529 - __main__ - INFO - ⏰ 943s | Server: running (CPU) | Clients: 50 nodes (fractional GPU) | Ray GPU usage: 3.7/4.0 (91.4%)
2025-12-26 05:30:15,546 - __main__ - INFO - ⏰ 948s | Server: running (CPU) | Clients: 50 nodes (fractional GPU) | Ray GPU usage: 3.7/4.0 (91.4%)
2025-12-26 05:30:20,561 - __main__ - INFO - ⏰ 953s | Server: running (CPU) | Clients: 50 nodes (fractional GPU) | Ray GPU usage: 3.7/4.0 (91.4%)
2025-12-26 05:30:25,575 - __main__ - INFO - ⏰ 958s | Server: running (CPU) | Clients: 50 nodes (fractional GPU) | Ray GPU usage: 3.7/4.0 (91.4%)
2025-12-26 05:30:30,591 - __main__ - INFO - ⏰ 963s | Server: running (CPU) | Clients: 50 nodes (fractional GPU) | Ray GPU usage: 3.7/4.0 (91.4%)
2025-12-26 05:30:35,606 - __main__ - INFO - ⏰ 968s | Server: running (CPU) | Clients: 50 nodes (fractional GPU) | Ray GPU usage: 3.7/4.0 (91.4%)
2025-12-26 05:30:40,622 - __main__ - INFO - ⏰ 973s | Server: running (CPU) | Clients: 50 nodes (fractional GPU) | Ray GPU usage: 3.7/4.0 (91.4%)
2025-12-26 05:30:45,637 - __main__ - INFO - ⏰ 978s | Server: running (CPU) | Clients: 50 nodes (fractional GPU) | Ray GPU usage: 3.7/4.0 (91.4%)
2025-12-26 05:30:50,652 - __main__ - INFO - ⏰ 983s | Server: running (CPU) | Clients: 50 nodes (fractional GPU) | Ray GPU usage: 3.7/4.0 (91.4%)
2025-12-26 05:30:55,669 - __main__ - INFO - ⏰ 988s | Server: running (CPU) | Clients: 50 nodes (fractional GPU) | Ray GPU usage: 3.7/4.0 (91.4%)
2025-12-26 05:31:00,685 - __main__ - INFO - ⏰ 993s | Server: running (CPU) | Clients: 50 nodes (fractional GPU) | Ray GPU usage: 3.7/4.0 (91.4%)
2025-12-26 05:31:05,701 - __main__ - INFO - ⏰ 998s | Server: running (CPU) | Clients: 50 nodes (fractional GPU) | Ray GPU usage: 3.7/4.0 (91.4%)
2025-12-26 05:31:10,717 - __main__ - INFO - ⏰ 1003s | Server: running (CPU) | Clients: 50 nodes (fractional GPU) | Ray GPU usage: 3.7/4.0 (91.4%)
2025-12-26 05:31:15,732 - __main__ - INFO - ⏰ 1008s | Server: running (CPU) | Clients: 50 nodes (fractional GPU) | Ray GPU usage: 3.7/4.0 (91.4%)
2025-12-26 05:31:20,748 - __main__ - INFO - ⏰ 1013s | Server: running (CPU) | Clients: 50 nodes (fractional GPU) | Ray GPU usage: 3.7/4.0 (91.4%)
2025-12-26 05:31:25,765 - __main__ - INFO - ⏰ 1018s | Server: running (CPU) | Clients: 50 nodes (fractional GPU) | Ray GPU usage: 3.7/4.0 (91.4%)
2025-12-26 05:31:30,781 - __main__ - INFO - ⏰ 1023s | Server: running (CPU) | Clients: 50 nodes (fractional GPU) | Ray GPU usage: 3.7/4.0 (91.4%)
2025-12-26 05:31:35,799 - __main__ - INFO - ⏰ 1028s | Server: running (CPU) | Clients: 50 nodes (fractional GPU) | Ray GPU usage: 3.7/4.0 (91.4%)
2025-12-26 05:31:40,815 - __main__ - INFO - ⏰ 1033s | Server: running (CPU) | Clients: 50 nodes (fractional GPU) | Ray GPU usage: 3.7/4.0 (91.4%)
2025-12-26 05:31:45,831 - __main__ - INFO - ⏰ 1038s | Server: running (CPU) | Clients: 50 nodes (fractional GPU) | Ray GPU usage: 3.7/4.0 (91.4%)
2025-12-26 05:31:50,848 - __main__ - INFO - ⏰ 1043s | Server: running (CPU) | Clients: 50 nodes (fractional GPU) | Ray GPU usage: 3.7/4.0 (91.4%)
2025-12-26 05:31:55,863 - __main__ - INFO - ⏰ 1048s | Server: running (CPU) | Clients: 50 nodes (fractional GPU) | Ray GPU usage: 3.7/4.0 (91.4%)
2025-12-26 05:32:00,880 - __main__ - INFO - ⏰ 1053s | Server: running (CPU) | Clients: 50 nodes (fractional GPU) | Ray GPU usage: 3.7/4.0 (91.4%)
2025-12-26 05:32:05,895 - __main__ - INFO - ⏰ 1058s | Server: running (CPU) | Clients: 50 nodes (fractional GPU) | Ray GPU usage: 3.7/4.0 (91.4%)
2025-12-26 05:32:10,911 - __main__ - INFO - ⏰ 1063s | Server: running (CPU) | Clients: 50 nodes (fractional GPU) | Ray GPU usage: 3.7/4.0 (91.4%)
2025-12-26 05:32:15,925 - __main__ - INFO - ⏰ 1068s | Server: running (CPU) | Clients: 50 nodes (fractional GPU) | Ray GPU usage: 3.7/4.0 (91.4%)
2025-12-26 05:32:20,941 - __main__ - INFO - ⏰ 1073s | Server: running (CPU) | Clients: 50 nodes (fractional GPU) | Ray GPU usage: 3.7/4.0 (91.4%)
2025-12-26 05:32:25,957 - __main__ - INFO - ⏰ 1078s | Server: running (CPU) | Clients: 50 nodes (fractional GPU) | Ray GPU usage: 3.7/4.0 (91.4%)
2025-12-26 05:32:30,973 - __main__ - INFO - ⏰ 1083s | Server: running (CPU) | Clients: 50 nodes (fractional GPU) | Ray GPU usage: 3.7/4.0 (91.4%)
slurmstepd-srv-it-node02: error: *** JOB 557 ON srv-it-node02 CANCELLED AT 2025-12-26T05:32:34 ***
