2025-12-21 03:05:03,593 - __main__ - INFO - 🚀 Start Ray V2 federated learning
2025-12-21 03:05:03,593 - __main__ - INFO - 📊 Configuration: 50 clients, 100 rounds training, total nodes: 51
2025-12-21 03:05:03,593 - __main__ - INFO - 🧹 Clean environment...
2025-12-21 03:05:04,702 - __main__ - INFO - ✅ Environment cleanup completed
2025-12-21 03:05:04,705 - __main__ - WARNING - ⚠️  Docker unavailable, switch to non-container mode
2025-12-21 03:05:06,597 - __main__ - INFO - 🔍 Found available port for Ray dashboard: 8265
2025-12-21 03:05:09,296	INFO worker.py:1998 -- Started a local Ray instance. View the dashboard at [1m[32m10.0.0.2:8265 [39m[22m
/home/naicheng_li/.conda/envs/flv2/lib/python3.10/site-packages/ray/_private/worker.py:2046: FutureWarning: Tip: In future versions of Ray, Ray will no longer override accelerator visible devices env var if num_gpus=0 or num_gpus=None (default). To enable this behavior and turn off this error message, set RAY_ACCEL_ENV_VAR_OVERRIDE_ON_ZERO=0
  warnings.warn(
2025-12-21 03:05:10,347 - __main__ - INFO - 🚀 Ray cluster initialization completed:
2025-12-21 03:05:10,347 - __main__ - INFO -    📊 Resources: {'node:__internal_head__': 1.0, 'memory': 377163592704.0, 'accelerator_type:A100': 1.0, 'CPU': 64.0, 'object_store_memory': 145967201280.0, 'node:10.0.0.2': 1.0, 'GPU': 4.0}
2025-12-21 03:05:10,347 - __main__ - INFO -    🌐 Dashboard: http://127.0.0.1:8265
2025-12-21 03:05:10,347 - __main__ - INFO - 🌐 Ray Cluster Topology:
2025-12-21 03:05:10,347 - __main__ - INFO -    📍 Head node: 136409e2c00b... (Server will run here)
2025-12-21 03:05:10,348 - __main__ - WARNING -    ⚠️ No worker nodes found! Clients will run on head node (not recommended)
2025-12-21 03:05:10,348 - __main__ - WARNING - No worker nodes available, clients will run on head node
2025-12-21 03:05:10,348 - __main__ - INFO -    Node 136409e2c00b...: 4.0 GPU, 50 clients -> max 0.0760 GPU/client
2025-12-21 03:05:10,348 - __main__ - INFO - 🎯 GPU allocation summary: {'total_available_gpus': 4.0, 'total_allocated_gpus': 3.8, 'utilization_rate': '95.00%', 'server': 'CPU only', 'per_node_allocation': {'136409e2c00b': {'count': 50, 'total_gpu': 3.800000000000002}}, 'gpu_clients': 50, 'cpu_clients': 0}
2025-12-21 03:05:10,348 - __main__ - INFO - 📋 Client distribution: 50 GPU clients, 0 CPU clients
2025-12-21 03:05:10,349 - __main__ - INFO - 📍 Server scheduled to head node: 136409e2c00b...
2025-12-21 03:05:10,559 - __main__ - INFO - ✅ Server started: 10.0.0.2:58639
2025-12-21 03:05:25,571 - __main__ - INFO - 📱 Edge device distribution: {'smartphone': 50}
2025-12-21 03:05:25,571 - __main__ - INFO - 📊 Client distribution plan:
2025-12-21 03:05:25,572 - __main__ - INFO -    Client 1 -> head (136409e2c00b...), Node CPUs: 64.0, Clients on node: 50
2025-12-21 03:05:25,573 - __main__ - INFO -    Client 2 -> head (136409e2c00b...), Node CPUs: 64.0, Clients on node: 50
2025-12-21 03:05:25,573 - __main__ - INFO -    Client 3 -> head (136409e2c00b...), Node CPUs: 64.0, Clients on node: 50
2025-12-21 03:05:25,574 - __main__ - INFO -    Client 4 -> head (136409e2c00b...), Node CPUs: 64.0, Clients on node: 50
2025-12-21 03:05:25,574 - __main__ - INFO -    Client 5 -> head (136409e2c00b...), Node CPUs: 64.0, Clients on node: 50
2025-12-21 03:05:25,575 - __main__ - INFO -    Client 6 -> head (136409e2c00b...), Node CPUs: 64.0, Clients on node: 50
2025-12-21 03:05:25,575 - __main__ - INFO -    Client 7 -> head (136409e2c00b...), Node CPUs: 64.0, Clients on node: 50
2025-12-21 03:05:25,575 - __main__ - INFO -    Client 8 -> head (136409e2c00b...), Node CPUs: 64.0, Clients on node: 50
2025-12-21 03:05:25,576 - __main__ - INFO -    Client 9 -> head (136409e2c00b...), Node CPUs: 64.0, Clients on node: 50
2025-12-21 03:05:25,576 - __main__ - INFO -    Client 10 -> head (136409e2c00b...), Node CPUs: 64.0, Clients on node: 50
2025-12-21 03:05:25,577 - __main__ - INFO -    Client 11 -> head (136409e2c00b...), Node CPUs: 64.0, Clients on node: 50
2025-12-21 03:05:25,577 - __main__ - INFO -    Client 12 -> head (136409e2c00b...), Node CPUs: 64.0, Clients on node: 50
2025-12-21 03:05:25,577 - __main__ - INFO -    Client 13 -> head (136409e2c00b...), Node CPUs: 64.0, Clients on node: 50
2025-12-21 03:05:25,578 - __main__ - INFO -    Client 14 -> head (136409e2c00b...), Node CPUs: 64.0, Clients on node: 50
2025-12-21 03:05:25,578 - __main__ - INFO -    Client 15 -> head (136409e2c00b...), Node CPUs: 64.0, Clients on node: 50
2025-12-21 03:05:25,579 - __main__ - INFO -    Client 16 -> head (136409e2c00b...), Node CPUs: 64.0, Clients on node: 50
2025-12-21 03:05:25,579 - __main__ - INFO -    Client 17 -> head (136409e2c00b...), Node CPUs: 64.0, Clients on node: 50
2025-12-21 03:05:25,580 - __main__ - INFO -    Client 18 -> head (136409e2c00b...), Node CPUs: 64.0, Clients on node: 50
2025-12-21 03:05:25,580 - __main__ - INFO -    Client 19 -> head (136409e2c00b...), Node CPUs: 64.0, Clients on node: 50
2025-12-21 03:05:25,580 - __main__ - INFO -    Client 20 -> head (136409e2c00b...), Node CPUs: 64.0, Clients on node: 50
2025-12-21 03:05:25,581 - __main__ - INFO -    Client 21 -> head (136409e2c00b...), Node CPUs: 64.0, Clients on node: 50
2025-12-21 03:05:25,581 - __main__ - INFO -    Client 22 -> head (136409e2c00b...), Node CPUs: 64.0, Clients on node: 50
2025-12-21 03:05:25,581 - __main__ - INFO -    Client 23 -> head (136409e2c00b...), Node CPUs: 64.0, Clients on node: 50
2025-12-21 03:05:25,582 - __main__ - INFO -    Client 24 -> head (136409e2c00b...), Node CPUs: 64.0, Clients on node: 50
2025-12-21 03:05:25,582 - __main__ - INFO -    Client 25 -> head (136409e2c00b...), Node CPUs: 64.0, Clients on node: 50
2025-12-21 03:05:25,583 - __main__ - INFO -    Client 26 -> head (136409e2c00b...), Node CPUs: 64.0, Clients on node: 50
2025-12-21 03:05:25,583 - __main__ - INFO -    Client 27 -> head (136409e2c00b...), Node CPUs: 64.0, Clients on node: 50
2025-12-21 03:05:25,583 - __main__ - INFO -    Client 28 -> head (136409e2c00b...), Node CPUs: 64.0, Clients on node: 50
2025-12-21 03:05:25,584 - __main__ - INFO -    Client 29 -> head (136409e2c00b...), Node CPUs: 64.0, Clients on node: 50
2025-12-21 03:05:25,584 - __main__ - INFO -    Client 30 -> head (136409e2c00b...), Node CPUs: 64.0, Clients on node: 50
2025-12-21 03:05:25,584 - __main__ - INFO -    Client 31 -> head (136409e2c00b...), Node CPUs: 64.0, Clients on node: 50
2025-12-21 03:05:25,585 - __main__ - INFO -    Client 32 -> head (136409e2c00b...), Node CPUs: 64.0, Clients on node: 50
2025-12-21 03:05:25,585 - __main__ - INFO -    Client 33 -> head (136409e2c00b...), Node CPUs: 64.0, Clients on node: 50
2025-12-21 03:05:25,586 - __main__ - INFO -    Client 34 -> head (136409e2c00b...), Node CPUs: 64.0, Clients on node: 50
2025-12-21 03:05:25,586 - __main__ - INFO -    Client 35 -> head (136409e2c00b...), Node CPUs: 64.0, Clients on node: 50
2025-12-21 03:05:25,586 - __main__ - INFO -    Client 36 -> head (136409e2c00b...), Node CPUs: 64.0, Clients on node: 50
2025-12-21 03:05:25,587 - __main__ - INFO -    Client 37 -> head (136409e2c00b...), Node CPUs: 64.0, Clients on node: 50
2025-12-21 03:05:25,587 - __main__ - INFO -    Client 38 -> head (136409e2c00b...), Node CPUs: 64.0, Clients on node: 50
2025-12-21 03:05:25,588 - __main__ - INFO -    Client 39 -> head (136409e2c00b...), Node CPUs: 64.0, Clients on node: 50
2025-12-21 03:05:25,588 - __main__ - INFO -    Client 40 -> head (136409e2c00b...), Node CPUs: 64.0, Clients on node: 50
2025-12-21 03:05:25,588 - __main__ - INFO -    Client 41 -> head (136409e2c00b...), Node CPUs: 64.0, Clients on node: 50
2025-12-21 03:05:25,589 - __main__ - INFO -    Client 42 -> head (136409e2c00b...), Node CPUs: 64.0, Clients on node: 50
2025-12-21 03:05:25,589 - __main__ - INFO -    Client 43 -> head (136409e2c00b...), Node CPUs: 64.0, Clients on node: 50
2025-12-21 03:05:25,589 - __main__ - INFO -    Client 44 -> head (136409e2c00b...), Node CPUs: 64.0, Clients on node: 50
2025-12-21 03:05:25,590 - __main__ - INFO -    Client 45 -> head (136409e2c00b...), Node CPUs: 64.0, Clients on node: 50
2025-12-21 03:05:25,590 - __main__ - INFO -    Client 46 -> head (136409e2c00b...), Node CPUs: 64.0, Clients on node: 50
2025-12-21 03:05:25,590 - __main__ - INFO -    Client 47 -> head (136409e2c00b...), Node CPUs: 64.0, Clients on node: 50
2025-12-21 03:05:25,591 - __main__ - INFO -    Client 48 -> head (136409e2c00b...), Node CPUs: 64.0, Clients on node: 50
2025-12-21 03:05:25,591 - __main__ - INFO -    Client 49 -> head (136409e2c00b...), Node CPUs: 64.0, Clients on node: 50
2025-12-21 03:05:25,592 - __main__ - INFO -    Client 50 -> head (136409e2c00b...), Node CPUs: 64.0, Clients on node: 50
2025-12-21 03:05:25,685 - __main__ - INFO - ✅ Client 1 (smartphone) started on head node (136409e2c00b...)
2025-12-21 03:05:28,764 - __main__ - INFO - ✅ Client 2 (smartphone) started on head node (136409e2c00b...)
2025-12-21 03:05:31,862 - __main__ - INFO - ✅ Client 3 (smartphone) started on head node (136409e2c00b...)
2025-12-21 03:05:34,944 - __main__ - INFO - ✅ Client 4 (smartphone) started on head node (136409e2c00b...)
2025-12-21 03:05:38,024 - __main__ - INFO - ✅ Client 5 (smartphone) started on head node (136409e2c00b...)
2025-12-21 03:05:41,095 - __main__ - INFO - ✅ Client 6 (smartphone) started on head node (136409e2c00b...)
2025-12-21 03:05:44,171 - __main__ - INFO - ✅ Client 7 (smartphone) started on head node (136409e2c00b...)
2025-12-21 03:05:47,248 - __main__ - INFO - ✅ Client 8 (smartphone) started on head node (136409e2c00b...)
2025-12-21 03:05:50,323 - __main__ - INFO - ✅ Client 9 (smartphone) started on head node (136409e2c00b...)
2025-12-21 03:05:53,406 - __main__ - INFO - ✅ Client 10 (smartphone) started on head node (136409e2c00b...)
2025-12-21 03:05:56,505 - __main__ - INFO - ✅ Client 11 (smartphone) started on head node (136409e2c00b...)
2025-12-21 03:05:59,576 - __main__ - INFO - ✅ Client 12 (smartphone) started on head node (136409e2c00b...)
2025-12-21 03:06:02,669 - __main__ - INFO - ✅ Client 13 (smartphone) started on head node (136409e2c00b...)
2025-12-21 03:06:05,759 - __main__ - INFO - ✅ Client 14 (smartphone) started on head node (136409e2c00b...)
2025-12-21 03:06:08,850 - __main__ - INFO - ✅ Client 15 (smartphone) started on head node (136409e2c00b...)
2025-12-21 03:06:11,924 - __main__ - INFO - ✅ Client 16 (smartphone) started on head node (136409e2c00b...)
2025-12-21 03:06:15,008 - __main__ - INFO - ✅ Client 17 (smartphone) started on head node (136409e2c00b...)
2025-12-21 03:06:18,080 - __main__ - INFO - ✅ Client 18 (smartphone) started on head node (136409e2c00b...)
2025-12-21 03:06:21,161 - __main__ - INFO - ✅ Client 19 (smartphone) started on head node (136409e2c00b...)
2025-12-21 03:06:24,243 - __main__ - INFO - ✅ Client 20 (smartphone) started on head node (136409e2c00b...)
2025-12-21 03:06:27,314 - __main__ - INFO - ✅ Client 21 (smartphone) started on head node (136409e2c00b...)
2025-12-21 03:06:30,395 - __main__ - INFO - ✅ Client 22 (smartphone) started on head node (136409e2c00b...)
2025-12-21 03:06:33,474 - __main__ - INFO - ✅ Client 23 (smartphone) started on head node (136409e2c00b...)
2025-12-21 03:06:36,561 - __main__ - INFO - ✅ Client 24 (smartphone) started on head node (136409e2c00b...)
2025-12-21 03:06:39,642 - __main__ - INFO - ✅ Client 25 (smartphone) started on head node (136409e2c00b...)
2025-12-21 03:06:42,727 - __main__ - INFO - ✅ Client 26 (smartphone) started on head node (136409e2c00b...)
2025-12-21 03:06:45,810 - __main__ - INFO - ✅ Client 27 (smartphone) started on head node (136409e2c00b...)
2025-12-21 03:06:48,896 - __main__ - INFO - ✅ Client 28 (smartphone) started on head node (136409e2c00b...)
2025-12-21 03:06:51,975 - __main__ - INFO - ✅ Client 29 (smartphone) started on head node (136409e2c00b...)
2025-12-21 03:06:55,052 - __main__ - INFO - ✅ Client 30 (smartphone) started on head node (136409e2c00b...)
2025-12-21 03:06:58,124 - __main__ - INFO - ✅ Client 31 (smartphone) started on head node (136409e2c00b...)
2025-12-21 03:07:01,220 - __main__ - INFO - ✅ Client 32 (smartphone) started on head node (136409e2c00b...)
2025-12-21 03:07:04,299 - __main__ - INFO - ✅ Client 33 (smartphone) started on head node (136409e2c00b...)
2025-12-21 03:07:07,379 - __main__ - INFO - ✅ Client 34 (smartphone) started on head node (136409e2c00b...)
2025-12-21 03:07:10,481 - __main__ - INFO - ✅ Client 35 (smartphone) started on head node (136409e2c00b...)
2025-12-21 03:07:13,568 - __main__ - INFO - ✅ Client 36 (smartphone) started on head node (136409e2c00b...)
2025-12-21 03:07:16,648 - __main__ - INFO - ✅ Client 37 (smartphone) started on head node (136409e2c00b...)
2025-12-21 03:07:19,729 - __main__ - INFO - ✅ Client 38 (smartphone) started on head node (136409e2c00b...)
2025-12-21 03:07:22,809 - __main__ - INFO - ✅ Client 39 (smartphone) started on head node (136409e2c00b...)
2025-12-21 03:07:25,893 - __main__ - INFO - ✅ Client 40 (smartphone) started on head node (136409e2c00b...)
2025-12-21 03:07:28,971 - __main__ - INFO - ✅ Client 41 (smartphone) started on head node (136409e2c00b...)
2025-12-21 03:07:32,057 - __main__ - INFO - ✅ Client 42 (smartphone) started on head node (136409e2c00b...)
2025-12-21 03:07:35,145 - __main__ - INFO - ✅ Client 43 (smartphone) started on head node (136409e2c00b...)
2025-12-21 03:07:38,233 - __main__ - INFO - ✅ Client 44 (smartphone) started on head node (136409e2c00b...)
2025-12-21 03:07:41,317 - __main__ - INFO - ✅ Client 45 (smartphone) started on head node (136409e2c00b...)
2025-12-21 03:07:44,401 - __main__ - INFO - ✅ Client 46 (smartphone) started on head node (136409e2c00b...)
2025-12-21 03:07:47,490 - __main__ - INFO - ✅ Client 47 (smartphone) started on head node (136409e2c00b...)
2025-12-21 03:07:50,580 - __main__ - INFO - ✅ Client 48 (smartphone) started on head node (136409e2c00b...)
2025-12-21 03:07:53,667 - __main__ - INFO - ✅ Client 49 (smartphone) started on head node (136409e2c00b...)
2025-12-21 03:07:56,762 - __main__ - INFO - ✅ Client 50 (smartphone) started on head node (136409e2c00b...)
2025-12-21 03:07:59,765 - __main__ - INFO - ✅ 50/50 Docker clients started successfully
2025-12-21 03:07:59,765 - __main__ - INFO - ✅ All 50 clients have completed startup
2025-12-21 03:07:59,765 - __main__ - INFO - 📊 Starting training monitoring (999999999 seconds)...
2025-12-21 03:07:59,781 - __main__ - INFO - ⏰ 0s | Server: running (CPU) | Clients: 50 nodes (fractional GPU) | Ray GPU usage: 3.8/4.0 (95.0%)
2025-12-21 03:08:04,802 - __main__ - INFO - ⏰ 5s | Server: running (CPU) | Clients: 50 nodes (fractional GPU) | Ray GPU usage: 3.8/4.0 (95.0%)
2025-12-21 03:08:09,825 - __main__ - INFO - ⏰ 10s | Server: running (CPU) | Clients: 50 nodes (fractional GPU) | Ray GPU usage: 3.8/4.0 (95.0%)
2025-12-21 03:08:14,848 - __main__ - INFO - ⏰ 15s | Server: running (CPU) | Clients: 50 nodes (fractional GPU) | Ray GPU usage: 3.8/4.0 (95.0%)
2025-12-21 03:08:19,866 - __main__ - INFO - ⏰ 20s | Server: running (CPU) | Clients: 50 nodes (fractional GPU) | Ray GPU usage: 3.8/4.0 (95.0%)
2025-12-21 03:08:24,883 - __main__ - INFO - ⏰ 25s | Server: running (CPU) | Clients: 50 nodes (fractional GPU) | Ray GPU usage: 3.8/4.0 (95.0%)
2025-12-21 03:08:29,898 - __main__ - INFO - ⏰ 30s | Server: running (CPU) | Clients: 50 nodes (fractional GPU) | Ray GPU usage: 3.8/4.0 (95.0%)
2025-12-21 03:08:34,917 - __main__ - INFO - ⏰ 35s | Server: running (CPU) | Clients: 50 nodes (fractional GPU) | Ray GPU usage: 3.8/4.0 (95.0%)
2025-12-21 03:08:39,932 - __main__ - INFO - ⏰ 40s | Server: running (CPU) | Clients: 50 nodes (fractional GPU) | Ray GPU usage: 3.8/4.0 (95.0%)
2025-12-21 03:08:44,946 - __main__ - INFO - ⏰ 45s | Server: running (CPU) | Clients: 50 nodes (fractional GPU) | Ray GPU usage: 3.8/4.0 (95.0%)
2025-12-21 03:08:49,965 - __main__ - INFO - ⏰ 50s | Server: running (CPU) | Clients: 50 nodes (fractional GPU) | Ray GPU usage: 3.8/4.0 (95.0%)
2025-12-21 03:08:54,986 - __main__ - INFO - ⏰ 55s | Server: running (CPU) | Clients: 50 nodes (fractional GPU) | Ray GPU usage: 3.8/4.0 (95.0%)
2025-12-21 03:09:00,006 - __main__ - INFO - ⏰ 60s | Server: running (CPU) | Clients: 50 nodes (fractional GPU) | Ray GPU usage: 3.8/4.0 (95.0%)
2025-12-21 03:09:05,021 - __main__ - INFO - ⏰ 65s | Server: running (CPU) | Clients: 50 nodes (fractional GPU) | Ray GPU usage: 3.8/4.0 (95.0%)
2025-12-21 03:09:10,039 - __main__ - INFO - ⏰ 70s | Server: running (CPU) | Clients: 50 nodes (fractional GPU) | Ray GPU usage: 3.8/4.0 (95.0%)
2025-12-21 03:09:15,062 - __main__ - INFO - ⏰ 75s | Server: running (CPU) | Clients: 50 nodes (fractional GPU) | Ray GPU usage: 3.8/4.0 (95.0%)
2025-12-21 03:09:20,083 - __main__ - INFO - ⏰ 80s | Server: running (CPU) | Clients: 50 nodes (fractional GPU) | Ray GPU usage: 3.8/4.0 (95.0%)
2025-12-21 03:09:25,105 - __main__ - INFO - ⏰ 85s | Server: running (CPU) | Clients: 50 nodes (fractional GPU) | Ray GPU usage: 3.8/4.0 (95.0%)
2025-12-21 03:09:30,127 - __main__ - INFO - ⏰ 90s | Server: running (CPU) | Clients: 50 nodes (fractional GPU) | Ray GPU usage: 3.8/4.0 (95.0%)
2025-12-21 03:09:35,149 - __main__ - INFO - ⏰ 95s | Server: running (CPU) | Clients: 50 nodes (fractional GPU) | Ray GPU usage: 3.8/4.0 (95.0%)
2025-12-21 03:09:40,170 - __main__ - INFO - ⏰ 100s | Server: running (CPU) | Clients: 50 nodes (fractional GPU) | Ray GPU usage: 3.8/4.0 (95.0%)
2025-12-21 03:09:45,192 - __main__ - INFO - ⏰ 105s | Server: running (CPU) | Clients: 50 nodes (fractional GPU) | Ray GPU usage: 3.8/4.0 (95.0%)
2025-12-21 03:09:50,214 - __main__ - INFO - ⏰ 110s | Server: running (CPU) | Clients: 50 nodes (fractional GPU) | Ray GPU usage: 3.8/4.0 (95.0%)
2025-12-21 03:09:55,235 - __main__ - INFO - ⏰ 115s | Server: running (CPU) | Clients: 50 nodes (fractional GPU) | Ray GPU usage: 3.8/4.0 (95.0%)
2025-12-21 03:10:00,258 - __main__ - INFO - ⏰ 120s | Server: running (CPU) | Clients: 50 nodes (fractional GPU) | Ray GPU usage: 3.8/4.0 (95.0%)
2025-12-21 03:10:05,282 - __main__ - INFO - ⏰ 125s | Server: running (CPU) | Clients: 50 nodes (fractional GPU) | Ray GPU usage: 3.8/4.0 (95.0%)
2025-12-21 03:10:10,306 - __main__ - INFO - ⏰ 130s | Server: running (CPU) | Clients: 50 nodes (fractional GPU) | Ray GPU usage: 3.8/4.0 (95.0%)
2025-12-21 03:10:15,326 - __main__ - INFO - ⏰ 135s | Server: running (CPU) | Clients: 50 nodes (fractional GPU) | Ray GPU usage: 3.8/4.0 (95.0%)
2025-12-21 03:10:20,349 - __main__ - INFO - ⏰ 140s | Server: running (CPU) | Clients: 50 nodes (fractional GPU) | Ray GPU usage: 3.8/4.0 (95.0%)
2025-12-21 03:10:25,370 - __main__ - INFO - ⏰ 145s | Server: running (CPU) | Clients: 50 nodes (fractional GPU) | Ray GPU usage: 3.8/4.0 (95.0%)
2025-12-21 03:10:30,393 - __main__ - INFO - ⏰ 150s | Server: running (CPU) | Clients: 50 nodes (fractional GPU) | Ray GPU usage: 3.8/4.0 (95.0%)
2025-12-21 03:10:35,415 - __main__ - INFO - ⏰ 155s | Server: running (CPU) | Clients: 50 nodes (fractional GPU) | Ray GPU usage: 3.8/4.0 (95.0%)
2025-12-21 03:10:40,435 - __main__ - INFO - ⏰ 160s | Server: running (CPU) | Clients: 50 nodes (fractional GPU) | Ray GPU usage: 3.8/4.0 (95.0%)
2025-12-21 03:10:45,457 - __main__ - INFO - ⏰ 165s | Server: running (CPU) | Clients: 50 nodes (fractional GPU) | Ray GPU usage: 3.8/4.0 (95.0%)
2025-12-21 03:10:50,476 - __main__ - INFO - ⏰ 170s | Server: running (CPU) | Clients: 50 nodes (fractional GPU) | Ray GPU usage: 3.8/4.0 (95.0%)
2025-12-21 03:10:55,495 - __main__ - INFO - ⏰ 175s | Server: running (CPU) | Clients: 50 nodes (fractional GPU) | Ray GPU usage: 3.8/4.0 (95.0%)
2025-12-21 03:11:00,517 - __main__ - INFO - ⏰ 180s | Server: running (CPU) | Clients: 50 nodes (fractional GPU) | Ray GPU usage: 3.8/4.0 (95.0%)
2025-12-21 03:11:05,537 - __main__ - INFO - ⏰ 185s | Server: running (CPU) | Clients: 50 nodes (fractional GPU) | Ray GPU usage: 3.8/4.0 (95.0%)
2025-12-21 03:11:10,562 - __main__ - INFO - ⏰ 190s | Server: running (CPU) | Clients: 50 nodes (fractional GPU) | Ray GPU usage: 3.8/4.0 (95.0%)
2025-12-21 03:11:15,591 - __main__ - INFO - ⏰ 195s | Server: running (CPU) | Clients: 50 nodes (fractional GPU) | Ray GPU usage: 3.8/4.0 (95.0%)
2025-12-21 03:11:20,611 - __main__ - INFO - ⏰ 200s | Server: running (CPU) | Clients: 50 nodes (fractional GPU) | Ray GPU usage: 3.8/4.0 (95.0%)
2025-12-21 03:11:25,633 - __main__ - INFO - ⏰ 205s | Server: running (CPU) | Clients: 50 nodes (fractional GPU) | Ray GPU usage: 3.8/4.0 (95.0%)
2025-12-21 03:11:30,654 - __main__ - INFO - ⏰ 210s | Server: running (CPU) | Clients: 50 nodes (fractional GPU) | Ray GPU usage: 3.8/4.0 (95.0%)
2025-12-21 03:11:35,677 - __main__ - INFO - ⏰ 215s | Server: running (CPU) | Clients: 50 nodes (fractional GPU) | Ray GPU usage: 3.8/4.0 (95.0%)
2025-12-21 03:11:40,700 - __main__ - INFO - ⏰ 220s | Server: running (CPU) | Clients: 50 nodes (fractional GPU) | Ray GPU usage: 3.8/4.0 (95.0%)
2025-12-21 03:11:45,721 - __main__ - INFO - ⏰ 225s | Server: running (CPU) | Clients: 50 nodes (fractional GPU) | Ray GPU usage: 3.8/4.0 (95.0%)
2025-12-21 03:11:50,746 - __main__ - INFO - ⏰ 230s | Server: running (CPU) | Clients: 50 nodes (fractional GPU) | Ray GPU usage: 3.8/4.0 (95.0%)
2025-12-21 03:11:55,768 - __main__ - INFO - ⏰ 235s | Server: running (CPU) | Clients: 50 nodes (fractional GPU) | Ray GPU usage: 3.8/4.0 (95.0%)
2025-12-21 03:12:00,790 - __main__ - INFO - ⏰ 241s | Server: running (CPU) | Clients: 50 nodes (fractional GPU) | Ray GPU usage: 3.8/4.0 (95.0%)
2025-12-21 03:12:05,811 - __main__ - INFO - ⏰ 246s | Server: running (CPU) | Clients: 50 nodes (fractional GPU) | Ray GPU usage: 3.8/4.0 (95.0%)
2025-12-21 03:12:10,838 - __main__ - INFO - ⏰ 251s | Server: running (CPU) | Clients: 50 nodes (fractional GPU) | Ray GPU usage: 3.8/4.0 (95.0%)
2025-12-21 03:12:15,861 - __main__ - INFO - ⏰ 256s | Server: running (CPU) | Clients: 50 nodes (fractional GPU) | Ray GPU usage: 3.8/4.0 (95.0%)
2025-12-21 03:12:20,884 - __main__ - INFO - ⏰ 261s | Server: running (CPU) | Clients: 50 nodes (fractional GPU) | Ray GPU usage: 3.8/4.0 (95.0%)
2025-12-21 03:12:25,905 - __main__ - INFO - ⏰ 266s | Server: running (CPU) | Clients: 50 nodes (fractional GPU) | Ray GPU usage: 3.8/4.0 (95.0%)
2025-12-21 03:12:30,926 - __main__ - INFO - ⏰ 271s | Server: running (CPU) | Clients: 50 nodes (fractional GPU) | Ray GPU usage: 3.8/4.0 (95.0%)
2025-12-21 03:12:35,950 - __main__ - INFO - ⏰ 276s | Server: running (CPU) | Clients: 50 nodes (fractional GPU) | Ray GPU usage: 3.8/4.0 (95.0%)
2025-12-21 03:12:40,972 - __main__ - INFO - ⏰ 281s | Server: running (CPU) | Clients: 50 nodes (fractional GPU) | Ray GPU usage: 3.8/4.0 (95.0%)
2025-12-21 03:12:45,992 - __main__ - INFO - ⏰ 286s | Server: running (CPU) | Clients: 50 nodes (fractional GPU) | Ray GPU usage: 3.8/4.0 (95.0%)
2025-12-21 03:12:51,015 - __main__ - INFO - ⏰ 291s | Server: running (CPU) | Clients: 50 nodes (fractional GPU) | Ray GPU usage: 3.8/4.0 (95.0%)
2025-12-21 03:12:56,038 - __main__ - INFO - ⏰ 296s | Server: running (CPU) | Clients: 50 nodes (fractional GPU) | Ray GPU usage: 3.8/4.0 (95.0%)
2025-12-21 03:13:01,060 - __main__ - INFO - ⏰ 301s | Server: running (CPU) | Clients: 50 nodes (fractional GPU) | Ray GPU usage: 3.8/4.0 (95.0%)
2025-12-21 03:13:06,080 - __main__ - INFO - ⏰ 306s | Server: running (CPU) | Clients: 50 nodes (fractional GPU) | Ray GPU usage: 3.8/4.0 (95.0%)
2025-12-21 03:13:11,105 - __main__ - INFO - ⏰ 311s | Server: running (CPU) | Clients: 50 nodes (fractional GPU) | Ray GPU usage: 3.8/4.0 (95.0%)
2025-12-21 03:13:16,128 - __main__ - INFO - ⏰ 316s | Server: running (CPU) | Clients: 50 nodes (fractional GPU) | Ray GPU usage: 3.8/4.0 (95.0%)
2025-12-21 03:13:21,151 - __main__ - INFO - ⏰ 321s | Server: running (CPU) | Clients: 50 nodes (fractional GPU) | Ray GPU usage: 3.8/4.0 (95.0%)
2025-12-21 03:13:26,175 - __main__ - INFO - ⏰ 326s | Server: running (CPU) | Clients: 50 nodes (fractional GPU) | Ray GPU usage: 3.8/4.0 (95.0%)
2025-12-21 03:13:31,198 - __main__ - INFO - ⏰ 331s | Server: running (CPU) | Clients: 50 nodes (fractional GPU) | Ray GPU usage: 3.8/4.0 (95.0%)
2025-12-21 03:13:36,223 - __main__ - INFO - ⏰ 336s | Server: running (CPU) | Clients: 50 nodes (fractional GPU) | Ray GPU usage: 3.8/4.0 (95.0%)
2025-12-21 03:13:41,245 - __main__ - INFO - ⏰ 341s | Server: running (CPU) | Clients: 50 nodes (fractional GPU) | Ray GPU usage: 3.8/4.0 (95.0%)
2025-12-21 03:13:46,266 - __main__ - INFO - ⏰ 346s | Server: running (CPU) | Clients: 50 nodes (fractional GPU) | Ray GPU usage: 3.8/4.0 (95.0%)
2025-12-21 03:13:51,289 - __main__ - INFO - ⏰ 351s | Server: running (CPU) | Clients: 50 nodes (fractional GPU) | Ray GPU usage: 3.8/4.0 (95.0%)
2025-12-21 03:13:56,311 - __main__ - INFO - ⏰ 356s | Server: running (CPU) | Clients: 50 nodes (fractional GPU) | Ray GPU usage: 3.8/4.0 (95.0%)
2025-12-21 03:14:01,330 - __main__ - INFO - ⏰ 361s | Server: running (CPU) | Clients: 50 nodes (fractional GPU) | Ray GPU usage: 3.8/4.0 (95.0%)
2025-12-21 03:14:06,351 - __main__ - INFO - ⏰ 366s | Server: running (CPU) | Clients: 50 nodes (fractional GPU) | Ray GPU usage: 3.8/4.0 (95.0%)
2025-12-21 03:14:11,375 - __main__ - INFO - ⏰ 371s | Server: running (CPU) | Clients: 50 nodes (fractional GPU) | Ray GPU usage: 3.8/4.0 (95.0%)
2025-12-21 03:14:16,400 - __main__ - INFO - ⏰ 376s | Server: running (CPU) | Clients: 50 nodes (fractional GPU) | Ray GPU usage: 3.8/4.0 (95.0%)
2025-12-21 03:14:21,426 - __main__ - INFO - ⏰ 381s | Server: running (CPU) | Clients: 50 nodes (fractional GPU) | Ray GPU usage: 3.8/4.0 (95.0%)
2025-12-21 03:14:26,447 - __main__ - INFO - ⏰ 386s | Server: running (CPU) | Clients: 50 nodes (fractional GPU) | Ray GPU usage: 3.8/4.0 (95.0%)
2025-12-21 03:14:31,467 - __main__ - INFO - ⏰ 391s | Server: running (CPU) | Clients: 50 nodes (fractional GPU) | Ray GPU usage: 3.8/4.0 (95.0%)
2025-12-21 03:14:36,488 - __main__ - INFO - ⏰ 396s | Server: running (CPU) | Clients: 50 nodes (fractional GPU) | Ray GPU usage: 3.8/4.0 (95.0%)
2025-12-21 03:14:41,509 - __main__ - INFO - ⏰ 401s | Server: running (CPU) | Clients: 50 nodes (fractional GPU) | Ray GPU usage: 3.8/4.0 (95.0%)
2025-12-21 03:14:46,527 - __main__ - INFO - ⏰ 406s | Server: running (CPU) | Clients: 50 nodes (fractional GPU) | Ray GPU usage: 3.8/4.0 (95.0%)
2025-12-21 03:14:51,550 - __main__ - INFO - ⏰ 411s | Server: running (CPU) | Clients: 50 nodes (fractional GPU) | Ray GPU usage: 3.8/4.0 (95.0%)
2025-12-21 03:14:56,572 - __main__ - INFO - ⏰ 416s | Server: running (CPU) | Clients: 50 nodes (fractional GPU) | Ray GPU usage: 3.8/4.0 (95.0%)
2025-12-21 03:15:01,594 - __main__ - INFO - ⏰ 421s | Server: running (CPU) | Clients: 50 nodes (fractional GPU) | Ray GPU usage: 3.8/4.0 (95.0%)
2025-12-21 03:15:06,618 - __main__ - INFO - ⏰ 426s | Server: running (CPU) | Clients: 50 nodes (fractional GPU) | Ray GPU usage: 3.8/4.0 (95.0%)
2025-12-21 03:15:11,639 - __main__ - INFO - ⏰ 431s | Server: running (CPU) | Clients: 50 nodes (fractional GPU) | Ray GPU usage: 3.8/4.0 (95.0%)
2025-12-21 03:15:16,662 - __main__ - INFO - ⏰ 436s | Server: running (CPU) | Clients: 50 nodes (fractional GPU) | Ray GPU usage: 3.8/4.0 (95.0%)
2025-12-21 03:15:21,683 - __main__ - INFO - ⏰ 441s | Server: running (CPU) | Clients: 50 nodes (fractional GPU) | Ray GPU usage: 3.8/4.0 (95.0%)
2025-12-21 03:15:26,707 - __main__ - INFO - ⏰ 446s | Server: running (CPU) | Clients: 50 nodes (fractional GPU) | Ray GPU usage: 3.8/4.0 (95.0%)
2025-12-21 03:15:31,728 - __main__ - INFO - ⏰ 451s | Server: running (CPU) | Clients: 50 nodes (fractional GPU) | Ray GPU usage: 3.8/4.0 (95.0%)
2025-12-21 03:15:36,750 - __main__ - INFO - ⏰ 456s | Server: running (CPU) | Clients: 50 nodes (fractional GPU) | Ray GPU usage: 3.8/4.0 (95.0%)
2025-12-21 03:15:41,773 - __main__ - INFO - ⏰ 461s | Server: running (CPU) | Clients: 50 nodes (fractional GPU) | Ray GPU usage: 3.8/4.0 (95.0%)
2025-12-21 03:15:46,795 - __main__ - INFO - ⏰ 467s | Server: running (CPU) | Clients: 50 nodes (fractional GPU) | Ray GPU usage: 3.8/4.0 (95.0%)
2025-12-21 03:15:51,819 - __main__ - INFO - ⏰ 472s | Server: running (CPU) | Clients: 50 nodes (fractional GPU) | Ray GPU usage: 3.8/4.0 (95.0%)
2025-12-21 03:15:56,845 - __main__ - INFO - ⏰ 477s | Server: running (CPU) | Clients: 50 nodes (fractional GPU) | Ray GPU usage: 3.8/4.0 (95.0%)
2025-12-21 03:16:01,866 - __main__ - INFO - ⏰ 482s | Server: running (CPU) | Clients: 50 nodes (fractional GPU) | Ray GPU usage: 3.8/4.0 (95.0%)
2025-12-21 03:16:06,885 - __main__ - INFO - ⏰ 487s | Server: running (CPU) | Clients: 50 nodes (fractional GPU) | Ray GPU usage: 3.8/4.0 (95.0%)
2025-12-21 03:16:11,902 - __main__ - INFO - ⏰ 492s | Server: running (CPU) | Clients: 50 nodes (fractional GPU) | Ray GPU usage: 3.8/4.0 (95.0%)
2025-12-21 03:16:16,920 - __main__ - INFO - ⏰ 497s | Server: running (CPU) | Clients: 50 nodes (fractional GPU) | Ray GPU usage: 3.8/4.0 (95.0%)
2025-12-21 03:16:21,939 - __main__ - INFO - ⏰ 502s | Server: running (CPU) | Clients: 50 nodes (fractional GPU) | Ray GPU usage: 3.8/4.0 (95.0%)
2025-12-21 03:16:26,958 - __main__ - INFO - ⏰ 507s | Server: running (CPU) | Clients: 50 nodes (fractional GPU) | Ray GPU usage: 3.8/4.0 (95.0%)
2025-12-21 03:16:31,981 - __main__ - INFO - ⏰ 512s | Server: running (CPU) | Clients: 50 nodes (fractional GPU) | Ray GPU usage: 3.8/4.0 (95.0%)
2025-12-21 03:16:37,001 - __main__ - INFO - ⏰ 517s | Server: running (CPU) | Clients: 50 nodes (fractional GPU) | Ray GPU usage: 3.8/4.0 (95.0%)
2025-12-21 03:16:42,018 - __main__ - INFO - ⏰ 522s | Server: running (CPU) | Clients: 50 nodes (fractional GPU) | Ray GPU usage: 3.8/4.0 (95.0%)
2025-12-21 03:16:47,041 - __main__ - INFO - ⏰ 527s | Server: running (CPU) | Clients: 50 nodes (fractional GPU) | Ray GPU usage: 3.8/4.0 (95.0%)
2025-12-21 03:16:52,064 - __main__ - INFO - ⏰ 532s | Server: running (CPU) | Clients: 50 nodes (fractional GPU) | Ray GPU usage: 3.8/4.0 (95.0%)
2025-12-21 03:16:57,086 - __main__ - INFO - ⏰ 537s | Server: running (CPU) | Clients: 50 nodes (fractional GPU) | Ray GPU usage: 3.8/4.0 (95.0%)
2025-12-21 03:17:02,104 - __main__ - INFO - ⏰ 542s | Server: running (CPU) | Clients: 50 nodes (fractional GPU) | Ray GPU usage: 3.8/4.0 (95.0%)
2025-12-21 03:17:07,124 - __main__ - INFO - ⏰ 547s | Server: running (CPU) | Clients: 50 nodes (fractional GPU) | Ray GPU usage: 3.8/4.0 (95.0%)
2025-12-21 03:17:12,144 - __main__ - INFO - ⏰ 552s | Server: running (CPU) | Clients: 50 nodes (fractional GPU) | Ray GPU usage: 3.8/4.0 (95.0%)
2025-12-21 03:17:17,166 - __main__ - INFO - ⏰ 557s | Server: running (CPU) | Clients: 50 nodes (fractional GPU) | Ray GPU usage: 3.8/4.0 (95.0%)
2025-12-21 03:17:22,184 - __main__ - INFO - ⏰ 562s | Server: running (CPU) | Clients: 50 nodes (fractional GPU) | Ray GPU usage: 3.8/4.0 (95.0%)
2025-12-21 03:17:27,203 - __main__ - INFO - ⏰ 567s | Server: running (CPU) | Clients: 50 nodes (fractional GPU) | Ray GPU usage: 3.8/4.0 (95.0%)
2025-12-21 03:17:32,221 - __main__ - INFO - ⏰ 572s | Server: running (CPU) | Clients: 50 nodes (fractional GPU) | Ray GPU usage: 3.8/4.0 (95.0%)
2025-12-21 03:17:37,243 - __main__ - INFO - ⏰ 577s | Server: running (CPU) | Clients: 50 nodes (fractional GPU) | Ray GPU usage: 3.8/4.0 (95.0%)
2025-12-21 03:17:42,263 - __main__ - INFO - ⏰ 582s | Server: running (CPU) | Clients: 50 nodes (fractional GPU) | Ray GPU usage: 3.8/4.0 (95.0%)
2025-12-21 03:17:47,283 - __main__ - INFO - ⏰ 587s | Server: running (CPU) | Clients: 50 nodes (fractional GPU) | Ray GPU usage: 3.8/4.0 (95.0%)
2025-12-21 03:17:52,303 - __main__ - INFO - ⏰ 592s | Server: running (CPU) | Clients: 50 nodes (fractional GPU) | Ray GPU usage: 3.8/4.0 (95.0%)
2025-12-21 03:17:57,321 - __main__ - INFO - ⏰ 597s | Server: running (CPU) | Clients: 50 nodes (fractional GPU) | Ray GPU usage: 3.8/4.0 (95.0%)
2025-12-21 03:18:02,339 - __main__ - INFO - ⏰ 602s | Server: running (CPU) | Clients: 50 nodes (fractional GPU) | Ray GPU usage: 3.8/4.0 (95.0%)
2025-12-21 03:18:07,357 - __main__ - INFO - ⏰ 607s | Server: running (CPU) | Clients: 50 nodes (fractional GPU) | Ray GPU usage: 3.8/4.0 (95.0%)
2025-12-21 03:18:12,376 - __main__ - INFO - ⏰ 612s | Server: running (CPU) | Clients: 50 nodes (fractional GPU) | Ray GPU usage: 3.8/4.0 (95.0%)
2025-12-21 03:18:17,396 - __main__ - INFO - ⏰ 617s | Server: running (CPU) | Clients: 50 nodes (fractional GPU) | Ray GPU usage: 3.8/4.0 (95.0%)
2025-12-21 03:18:22,417 - __main__ - INFO - ⏰ 622s | Server: running (CPU) | Clients: 50 nodes (fractional GPU) | Ray GPU usage: 3.8/4.0 (95.0%)
2025-12-21 03:18:27,436 - __main__ - INFO - ⏰ 627s | Server: running (CPU) | Clients: 50 nodes (fractional GPU) | Ray GPU usage: 3.8/4.0 (95.0%)
2025-12-21 03:18:32,459 - __main__ - INFO - ⏰ 632s | Server: running (CPU) | Clients: 50 nodes (fractional GPU) | Ray GPU usage: 3.8/4.0 (95.0%)
2025-12-21 03:18:37,481 - __main__ - INFO - ⏰ 637s | Server: running (CPU) | Clients: 50 nodes (fractional GPU) | Ray GPU usage: 3.8/4.0 (95.0%)
2025-12-21 03:18:42,504 - __main__ - INFO - ⏰ 642s | Server: running (CPU) | Clients: 50 nodes (fractional GPU) | Ray GPU usage: 3.8/4.0 (95.0%)
2025-12-21 03:18:47,523 - __main__ - INFO - ⏰ 647s | Server: running (CPU) | Clients: 50 nodes (fractional GPU) | Ray GPU usage: 3.8/4.0 (95.0%)
2025-12-21 03:18:52,540 - __main__ - INFO - ⏰ 652s | Server: running (CPU) | Clients: 50 nodes (fractional GPU) | Ray GPU usage: 3.8/4.0 (95.0%)
2025-12-21 03:18:57,560 - __main__ - INFO - ⏰ 657s | Server: running (CPU) | Clients: 50 nodes (fractional GPU) | Ray GPU usage: 3.8/4.0 (95.0%)
2025-12-21 03:19:02,579 - __main__ - INFO - ⏰ 662s | Server: running (CPU) | Clients: 50 nodes (fractional GPU) | Ray GPU usage: 3.8/4.0 (95.0%)
2025-12-21 03:19:07,598 - __main__ - INFO - ⏰ 667s | Server: running (CPU) | Clients: 50 nodes (fractional GPU) | Ray GPU usage: 3.8/4.0 (95.0%)
2025-12-21 03:19:12,616 - __main__ - INFO - ⏰ 672s | Server: running (CPU) | Clients: 50 nodes (fractional GPU) | Ray GPU usage: 3.8/4.0 (95.0%)
2025-12-21 03:19:17,633 - __main__ - INFO - ⏰ 677s | Server: running (CPU) | Clients: 50 nodes (fractional GPU) | Ray GPU usage: 3.8/4.0 (95.0%)
2025-12-21 03:19:22,652 - __main__ - INFO - ⏰ 682s | Server: running (CPU) | Clients: 50 nodes (fractional GPU) | Ray GPU usage: 3.8/4.0 (95.0%)
2025-12-21 03:19:27,672 - __main__ - INFO - ⏰ 687s | Server: running (CPU) | Clients: 50 nodes (fractional GPU) | Ray GPU usage: 3.8/4.0 (95.0%)
2025-12-21 03:19:32,691 - __main__ - INFO - ⏰ 692s | Server: running (CPU) | Clients: 50 nodes (fractional GPU) | Ray GPU usage: 3.8/4.0 (95.0%)
2025-12-21 03:19:37,710 - __main__ - INFO - ⏰ 697s | Server: running (CPU) | Clients: 50 nodes (fractional GPU) | Ray GPU usage: 3.8/4.0 (95.0%)
2025-12-21 03:19:42,731 - __main__ - INFO - ⏰ 702s | Server: running (CPU) | Clients: 50 nodes (fractional GPU) | Ray GPU usage: 3.8/4.0 (95.0%)
2025-12-21 03:19:47,751 - __main__ - INFO - ⏰ 707s | Server: running (CPU) | Clients: 50 nodes (fractional GPU) | Ray GPU usage: 3.8/4.0 (95.0%)
2025-12-21 03:19:52,772 - __main__ - INFO - ⏰ 712s | Server: running (CPU) | Clients: 50 nodes (fractional GPU) | Ray GPU usage: 3.8/4.0 (95.0%)
2025-12-21 03:19:57,791 - __main__ - INFO - ⏰ 718s | Server: running (CPU) | Clients: 50 nodes (fractional GPU) | Ray GPU usage: 3.8/4.0 (95.0%)
2025-12-21 03:20:02,810 - __main__ - INFO - ⏰ 723s | Server: running (CPU) | Clients: 50 nodes (fractional GPU) | Ray GPU usage: 3.8/4.0 (95.0%)
2025-12-21 03:20:07,827 - __main__ - INFO - ⏰ 728s | Server: running (CPU) | Clients: 50 nodes (fractional GPU) | Ray GPU usage: 3.8/4.0 (95.0%)
2025-12-21 03:20:12,851 - __main__ - INFO - ⏰ 733s | Server: running (CPU) | Clients: 50 nodes (fractional GPU) | Ray GPU usage: 3.8/4.0 (95.0%)
2025-12-21 03:20:17,868 - __main__ - INFO - ⏰ 738s | Server: running (CPU) | Clients: 50 nodes (fractional GPU) | Ray GPU usage: 3.8/4.0 (95.0%)
2025-12-21 03:20:22,890 - __main__ - INFO - ⏰ 743s | Server: running (CPU) | Clients: 50 nodes (fractional GPU) | Ray GPU usage: 3.8/4.0 (95.0%)
2025-12-21 03:20:27,909 - __main__ - INFO - ⏰ 748s | Server: running (CPU) | Clients: 50 nodes (fractional GPU) | Ray GPU usage: 3.8/4.0 (95.0%)
2025-12-21 03:20:32,929 - __main__ - INFO - ⏰ 753s | Server: running (CPU) | Clients: 50 nodes (fractional GPU) | Ray GPU usage: 3.8/4.0 (95.0%)
2025-12-21 03:20:37,949 - __main__ - INFO - ⏰ 758s | Server: running (CPU) | Clients: 50 nodes (fractional GPU) | Ray GPU usage: 3.8/4.0 (95.0%)
2025-12-21 03:20:42,969 - __main__ - INFO - ⏰ 763s | Server: running (CPU) | Clients: 50 nodes (fractional GPU) | Ray GPU usage: 3.8/4.0 (95.0%)
2025-12-21 03:20:47,990 - __main__ - INFO - ⏰ 768s | Server: running (CPU) | Clients: 50 nodes (fractional GPU) | Ray GPU usage: 3.8/4.0 (95.0%)
2025-12-21 03:20:53,008 - __main__ - INFO - ⏰ 773s | Server: running (CPU) | Clients: 50 nodes (fractional GPU) | Ray GPU usage: 3.8/4.0 (95.0%)
2025-12-21 03:20:58,029 - __main__ - INFO - ⏰ 778s | Server: running (CPU) | Clients: 50 nodes (fractional GPU) | Ray GPU usage: 3.8/4.0 (95.0%)
2025-12-21 03:21:03,050 - __main__ - INFO - ⏰ 783s | Server: running (CPU) | Clients: 50 nodes (fractional GPU) | Ray GPU usage: 3.8/4.0 (95.0%)
2025-12-21 03:21:08,070 - __main__ - INFO - ⏰ 788s | Server: running (CPU) | Clients: 50 nodes (fractional GPU) | Ray GPU usage: 3.8/4.0 (95.0%)
slurmstepd-srv-it-node02: error: *** JOB 399 ON srv-it-node02 CANCELLED AT 2025-12-21T03:21:09 ***
