2025-12-27 07:47:01,668 - __main__ - INFO - 🚀 Start Ray V2 federated learning
2025-12-27 07:47:01,668 - __main__ - INFO - 📊 Configuration: 50 clients, 100 rounds training, total nodes: 51
2025-12-27 07:47:01,668 - __main__ - INFO - 🧹 Clean environment...
2025-12-27 07:47:19,754 - __main__ - INFO - 🗑️  Cleaned tmpfs chunk directory: /tmp/fl_chunks
2025-12-27 07:47:20,535 - __main__ - DEBUG - 🗑️  Cleaned mount directory (simple): /home/naicheng_li/FLTorrent/docker_data/tmp
2025-12-27 07:47:20,539 - __main__ - DEBUG - 🗑️  Cleaned mount directory (simple): /home/naicheng_li/FLTorrent/docker_data/app_tmp
2025-12-27 07:47:21,549 - __main__ - INFO - ✅ Environment cleanup completed
2025-12-27 07:47:21,549 - __main__ - INFO - 🚀 Applying host network optimizations for ultra-high concurrency...
2025-12-27 07:47:21,660 - __main__ - WARNING - ⚠️  22 network optimizations could not be applied (may need sudo access)
2025-12-27 07:47:21,661 - __main__ - DEBUG -    Failed: net.core.somaxconn - sudo: you do not exist in the passwd database
2025-12-27 07:47:21,661 - __main__ - DEBUG -    Failed: net.core.netdev_max_backlog - sudo: you do not exist in the passwd database
2025-12-27 07:47:21,661 - __main__ - DEBUG -    Failed: net.core.rmem_default - sudo: you do not exist in the passwd database
2025-12-27 07:47:21,661 - __main__ - WARNING - ⚠️  No host network optimizations applied! High-concurrency FL may experience issues.
2025-12-27 07:47:21,661 - __main__ - WARNING -    Consider running with sudo or contacting HPC admin to apply these settings.
2025-12-27 07:47:21,661 - __main__ - INFO - 🦭 Initializing Podman rootless environment...
2025-12-27 07:47:21,664 - __main__ - WARNING - ⚠️  Podman unavailable, trying Docker...
2025-12-27 07:47:21,664 - __main__ - INFO - 📦 Using non-container mode (Fallback)
2025-12-27 07:47:23,620 - __main__ - INFO - 🔍 Found available port for Ray dashboard: 8265
2025-12-27 07:47:23,700 - filelock - DEBUG - Attempting to acquire lock 139775996579984 on /home/naicheng_li/ray/session_2025-12-27_07-47-23_695512_3189320/node_ip_address.json.lock
2025-12-27 07:47:23,703 - filelock - DEBUG - Lock 139775996579984 acquired on /home/naicheng_li/ray/session_2025-12-27_07-47-23_695512_3189320/node_ip_address.json.lock
2025-12-27 07:47:23,705 - filelock - DEBUG - Attempting to release lock 139775996579984 on /home/naicheng_li/ray/session_2025-12-27_07-47-23_695512_3189320/node_ip_address.json.lock
2025-12-27 07:47:23,705 - filelock - DEBUG - Lock 139775996579984 released on /home/naicheng_li/ray/session_2025-12-27_07-47-23_695512_3189320/node_ip_address.json.lock
2025-12-27 07:47:23,707 - filelock - DEBUG - Attempting to acquire lock 139775996585408 on /home/naicheng_li/ray/session_2025-12-27_07-47-23_695512_3189320/ports_by_node.json.lock
2025-12-27 07:47:23,708 - filelock - DEBUG - Lock 139775996585408 acquired on /home/naicheng_li/ray/session_2025-12-27_07-47-23_695512_3189320/ports_by_node.json.lock
2025-12-27 07:47:23,710 - filelock - DEBUG - Attempting to release lock 139775996585408 on /home/naicheng_li/ray/session_2025-12-27_07-47-23_695512_3189320/ports_by_node.json.lock
2025-12-27 07:47:23,710 - filelock - DEBUG - Lock 139775996585408 released on /home/naicheng_li/ray/session_2025-12-27_07-47-23_695512_3189320/ports_by_node.json.lock
2025-12-27 07:47:23,710 - filelock - DEBUG - Attempting to acquire lock 139775996585360 on /home/naicheng_li/ray/session_2025-12-27_07-47-23_695512_3189320/ports_by_node.json.lock
2025-12-27 07:47:23,711 - filelock - DEBUG - Lock 139775996585360 acquired on /home/naicheng_li/ray/session_2025-12-27_07-47-23_695512_3189320/ports_by_node.json.lock
2025-12-27 07:47:23,712 - filelock - DEBUG - Attempting to release lock 139775996585360 on /home/naicheng_li/ray/session_2025-12-27_07-47-23_695512_3189320/ports_by_node.json.lock
2025-12-27 07:47:23,712 - filelock - DEBUG - Lock 139775996585360 released on /home/naicheng_li/ray/session_2025-12-27_07-47-23_695512_3189320/ports_by_node.json.lock
2025-12-27 07:47:23,713 - filelock - DEBUG - Attempting to acquire lock 139775996580128 on /home/naicheng_li/ray/session_2025-12-27_07-47-23_695512_3189320/ports_by_node.json.lock
2025-12-27 07:47:23,713 - filelock - DEBUG - Lock 139775996580128 acquired on /home/naicheng_li/ray/session_2025-12-27_07-47-23_695512_3189320/ports_by_node.json.lock
2025-12-27 07:47:23,715 - filelock - DEBUG - Attempting to release lock 139775996580128 on /home/naicheng_li/ray/session_2025-12-27_07-47-23_695512_3189320/ports_by_node.json.lock
2025-12-27 07:47:23,715 - filelock - DEBUG - Lock 139775996580128 released on /home/naicheng_li/ray/session_2025-12-27_07-47-23_695512_3189320/ports_by_node.json.lock
2025-12-27 07:47:23,715 - filelock - DEBUG - Attempting to acquire lock 139775996577488 on /home/naicheng_li/ray/session_2025-12-27_07-47-23_695512_3189320/ports_by_node.json.lock
2025-12-27 07:47:23,716 - filelock - DEBUG - Lock 139775996577488 acquired on /home/naicheng_li/ray/session_2025-12-27_07-47-23_695512_3189320/ports_by_node.json.lock
2025-12-27 07:47:23,717 - filelock - DEBUG - Attempting to release lock 139775996577488 on /home/naicheng_li/ray/session_2025-12-27_07-47-23_695512_3189320/ports_by_node.json.lock
2025-12-27 07:47:23,717 - filelock - DEBUG - Lock 139775996577488 released on /home/naicheng_li/ray/session_2025-12-27_07-47-23_695512_3189320/ports_by_node.json.lock
2025-12-27 07:47:23,717 - filelock - DEBUG - Attempting to acquire lock 139775996578544 on /home/naicheng_li/ray/session_2025-12-27_07-47-23_695512_3189320/ports_by_node.json.lock
2025-12-27 07:47:23,718 - filelock - DEBUG - Lock 139775996578544 acquired on /home/naicheng_li/ray/session_2025-12-27_07-47-23_695512_3189320/ports_by_node.json.lock
2025-12-27 07:47:23,719 - filelock - DEBUG - Attempting to release lock 139775996578544 on /home/naicheng_li/ray/session_2025-12-27_07-47-23_695512_3189320/ports_by_node.json.lock
2025-12-27 07:47:23,719 - filelock - DEBUG - Lock 139775996578544 released on /home/naicheng_li/ray/session_2025-12-27_07-47-23_695512_3189320/ports_by_node.json.lock
2025-12-27 07:47:26,141	INFO worker.py:1998 -- Started a local Ray instance. View the dashboard at [1m[32m10.0.0.2:8265 [39m[22m
/home/naicheng_li/.conda/envs/flv2/lib/python3.10/site-packages/ray/_private/worker.py:2046: FutureWarning: Tip: In future versions of Ray, Ray will no longer override accelerator visible devices env var if num_gpus=0 or num_gpus=None (default). To enable this behavior and turn off this error message, set RAY_ACCEL_ENV_VAR_OVERRIDE_ON_ZERO=0
  warnings.warn(
2025-12-27 07:47:27,098 - __main__ - INFO - 🚀 Ray cluster initialization completed:
2025-12-27 07:47:27,098 - __main__ - INFO -    📊 Resources: {'memory': 375945491456.0, 'GPU': 4.0, 'object_store_memory': 145967201280.0, 'accelerator_type:A100': 1.0, 'node:__internal_head__': 1.0, 'node:10.0.0.2': 1.0, 'CPU': 64.0}
2025-12-27 07:47:27,098 - __main__ - INFO -    🌐 Dashboard: http://127.0.0.1:8265
2025-12-27 07:47:27,098 - __main__ - DEBUG - Found node: 5ca289351a2b... IP: 10.0.0.2, Resources: {'memory': 375945491456.0, 'object_store_memory': 145967201280.0, 'accelerator_type:A100': 1.0, 'node:10.0.0.2': 1.0, 'node:__internal_head__': 1.0, 'CPU': 64.0, 'GPU': 4.0}
2025-12-27 07:47:27,098 - __main__ - INFO - 🌐 Ray Cluster Topology:
2025-12-27 07:47:27,098 - __main__ - INFO -    📍 Head node: 5ca289351a2b... (Server will run here)
2025-12-27 07:47:27,099 - __main__ - WARNING -    ⚠️ No worker nodes found! Clients will run on head node (not recommended)
2025-12-27 07:47:27,099 - __main__ - INFO - 🎮 Detected GPU type on node 5ca289351a2b...: A100 -> 40.0GB per GPU
2025-12-27 07:47:27,099 - __main__ - INFO - 📍 Head node (5ca289351a2b...): 4.0 GPUs, 160.0GB total memory
2025-12-27 07:47:27,099 - __main__ - INFO - 📊 Total GPU memory across all nodes: 160.0GB
2025-12-27 07:47:27,099 - __main__ - INFO - 📊 Memory per client: 3.0GB → Max capacity: 53 clients
2025-12-27 07:47:27,099 - __main__ - INFO -    Node 5ca289351a2b...: 50 clients (160.0GB / 50 = 3.2GB/client)
2025-12-27 07:47:27,100 - __main__ - INFO -    Node 5ca289351a2b...: 4.0 GPU, 50 clients, max 13 clients/GPU -> 0.0731 GPU/client
2025-12-27 07:47:27,100 - __main__ - INFO - 🎯 GPU allocation summary: {'total_available_gpus': 4.0, 'total_allocated_gpus': 3.655, 'utilization_rate': '91.38%', 'server': 'CPU only', 'per_node_allocation': {'5ca289351a2b': {'count': 50, 'total_gpu': 3.6550000000000025}}, 'gpu_clients': 50, 'cpu_clients': 0}
2025-12-27 07:47:27,100 - __main__ - INFO - 📋 Client distribution: 50 GPU clients, 0 CPU clients
2025-12-27 07:47:27,100 - __main__ - INFO - 🔌 Single-node mode detected - UDS can be enabled
2025-12-27 07:47:27,101 - __main__ - INFO - 📍 Server scheduled to head node: 5ca289351a2b...
2025-12-27 07:47:27,196 - __main__ - INFO - 📦 Using Fallback (no container) for Server
2025-12-27 07:47:27,286 - __main__ - INFO - ✅ Server started: unix:///tmp/federatedscope_uds/server_58039.sock:58039
2025-12-27 07:47:42,296 - __main__ - INFO - 📱 Edge device distribution: {'smartphone': 50}
2025-12-27 07:47:42,297 - __main__ - INFO - 📊 Client distribution plan:
2025-12-27 07:47:42,297 - __main__ - INFO -    Client 1 -> head (5ca289351a2b...), Node CPUs: 64.0, Clients on node: 50
2025-12-27 07:47:42,298 - __main__ - INFO -    Client 2 -> head (5ca289351a2b...), Node CPUs: 64.0, Clients on node: 50
2025-12-27 07:47:42,298 - __main__ - INFO -    Client 3 -> head (5ca289351a2b...), Node CPUs: 64.0, Clients on node: 50
2025-12-27 07:47:42,299 - __main__ - INFO -    Client 4 -> head (5ca289351a2b...), Node CPUs: 64.0, Clients on node: 50
2025-12-27 07:47:42,299 - __main__ - INFO -    Client 5 -> head (5ca289351a2b...), Node CPUs: 64.0, Clients on node: 50
2025-12-27 07:47:42,300 - __main__ - INFO -    Client 6 -> head (5ca289351a2b...), Node CPUs: 64.0, Clients on node: 50
2025-12-27 07:47:42,300 - __main__ - INFO -    Client 7 -> head (5ca289351a2b...), Node CPUs: 64.0, Clients on node: 50
2025-12-27 07:47:42,301 - __main__ - INFO -    Client 8 -> head (5ca289351a2b...), Node CPUs: 64.0, Clients on node: 50
2025-12-27 07:47:42,301 - __main__ - INFO -    Client 9 -> head (5ca289351a2b...), Node CPUs: 64.0, Clients on node: 50
2025-12-27 07:47:42,301 - __main__ - INFO -    Client 10 -> head (5ca289351a2b...), Node CPUs: 64.0, Clients on node: 50
2025-12-27 07:47:42,302 - __main__ - INFO -    Client 11 -> head (5ca289351a2b...), Node CPUs: 64.0, Clients on node: 50
2025-12-27 07:47:42,302 - __main__ - INFO -    Client 12 -> head (5ca289351a2b...), Node CPUs: 64.0, Clients on node: 50
2025-12-27 07:47:42,303 - __main__ - INFO -    Client 13 -> head (5ca289351a2b...), Node CPUs: 64.0, Clients on node: 50
2025-12-27 07:47:42,303 - __main__ - INFO -    Client 14 -> head (5ca289351a2b...), Node CPUs: 64.0, Clients on node: 50
2025-12-27 07:47:42,304 - __main__ - INFO -    Client 15 -> head (5ca289351a2b...), Node CPUs: 64.0, Clients on node: 50
2025-12-27 07:47:42,304 - __main__ - INFO -    Client 16 -> head (5ca289351a2b...), Node CPUs: 64.0, Clients on node: 50
2025-12-27 07:47:42,305 - __main__ - INFO -    Client 17 -> head (5ca289351a2b...), Node CPUs: 64.0, Clients on node: 50
2025-12-27 07:47:42,305 - __main__ - INFO -    Client 18 -> head (5ca289351a2b...), Node CPUs: 64.0, Clients on node: 50
2025-12-27 07:47:42,305 - __main__ - INFO -    Client 19 -> head (5ca289351a2b...), Node CPUs: 64.0, Clients on node: 50
2025-12-27 07:47:42,306 - __main__ - INFO -    Client 20 -> head (5ca289351a2b...), Node CPUs: 64.0, Clients on node: 50
2025-12-27 07:47:42,306 - __main__ - INFO -    Client 21 -> head (5ca289351a2b...), Node CPUs: 64.0, Clients on node: 50
2025-12-27 07:47:42,307 - __main__ - INFO -    Client 22 -> head (5ca289351a2b...), Node CPUs: 64.0, Clients on node: 50
2025-12-27 07:47:42,307 - __main__ - INFO -    Client 23 -> head (5ca289351a2b...), Node CPUs: 64.0, Clients on node: 50
2025-12-27 07:47:42,307 - __main__ - INFO -    Client 24 -> head (5ca289351a2b...), Node CPUs: 64.0, Clients on node: 50
2025-12-27 07:47:42,308 - __main__ - INFO -    Client 25 -> head (5ca289351a2b...), Node CPUs: 64.0, Clients on node: 50
2025-12-27 07:47:42,308 - __main__ - INFO -    Client 26 -> head (5ca289351a2b...), Node CPUs: 64.0, Clients on node: 50
2025-12-27 07:47:42,309 - __main__ - INFO -    Client 27 -> head (5ca289351a2b...), Node CPUs: 64.0, Clients on node: 50
2025-12-27 07:47:42,309 - __main__ - INFO -    Client 28 -> head (5ca289351a2b...), Node CPUs: 64.0, Clients on node: 50
2025-12-27 07:47:42,309 - __main__ - INFO -    Client 29 -> head (5ca289351a2b...), Node CPUs: 64.0, Clients on node: 50
2025-12-27 07:47:42,310 - __main__ - INFO -    Client 30 -> head (5ca289351a2b...), Node CPUs: 64.0, Clients on node: 50
2025-12-27 07:47:42,310 - __main__ - INFO -    Client 31 -> head (5ca289351a2b...), Node CPUs: 64.0, Clients on node: 50
2025-12-27 07:47:42,311 - __main__ - INFO -    Client 32 -> head (5ca289351a2b...), Node CPUs: 64.0, Clients on node: 50
2025-12-27 07:47:42,311 - __main__ - INFO -    Client 33 -> head (5ca289351a2b...), Node CPUs: 64.0, Clients on node: 50
2025-12-27 07:47:42,311 - __main__ - INFO -    Client 34 -> head (5ca289351a2b...), Node CPUs: 64.0, Clients on node: 50
2025-12-27 07:47:42,312 - __main__ - INFO -    Client 35 -> head (5ca289351a2b...), Node CPUs: 64.0, Clients on node: 50
2025-12-27 07:47:42,312 - __main__ - INFO -    Client 36 -> head (5ca289351a2b...), Node CPUs: 64.0, Clients on node: 50
2025-12-27 07:47:42,313 - __main__ - INFO -    Client 37 -> head (5ca289351a2b...), Node CPUs: 64.0, Clients on node: 50
2025-12-27 07:47:42,313 - __main__ - INFO -    Client 38 -> head (5ca289351a2b...), Node CPUs: 64.0, Clients on node: 50
2025-12-27 07:47:42,314 - __main__ - INFO -    Client 39 -> head (5ca289351a2b...), Node CPUs: 64.0, Clients on node: 50
2025-12-27 07:47:42,314 - __main__ - INFO -    Client 40 -> head (5ca289351a2b...), Node CPUs: 64.0, Clients on node: 50
2025-12-27 07:47:42,314 - __main__ - INFO -    Client 41 -> head (5ca289351a2b...), Node CPUs: 64.0, Clients on node: 50
2025-12-27 07:47:42,315 - __main__ - INFO -    Client 42 -> head (5ca289351a2b...), Node CPUs: 64.0, Clients on node: 50
2025-12-27 07:47:42,315 - __main__ - INFO -    Client 43 -> head (5ca289351a2b...), Node CPUs: 64.0, Clients on node: 50
2025-12-27 07:47:42,316 - __main__ - INFO -    Client 44 -> head (5ca289351a2b...), Node CPUs: 64.0, Clients on node: 50
2025-12-27 07:47:42,316 - __main__ - INFO -    Client 45 -> head (5ca289351a2b...), Node CPUs: 64.0, Clients on node: 50
2025-12-27 07:47:42,316 - __main__ - INFO -    Client 46 -> head (5ca289351a2b...), Node CPUs: 64.0, Clients on node: 50
2025-12-27 07:47:42,317 - __main__ - INFO -    Client 47 -> head (5ca289351a2b...), Node CPUs: 64.0, Clients on node: 50
2025-12-27 07:47:42,317 - __main__ - INFO -    Client 48 -> head (5ca289351a2b...), Node CPUs: 64.0, Clients on node: 50
2025-12-27 07:47:42,318 - __main__ - INFO -    Client 49 -> head (5ca289351a2b...), Node CPUs: 64.0, Clients on node: 50
2025-12-27 07:47:42,318 - __main__ - INFO -    Client 50 -> head (5ca289351a2b...), Node CPUs: 64.0, Clients on node: 50
2025-12-27 07:47:42,318 - __main__ - INFO - 🔧 Client 1 resources: num_cpus=1.1120, num_gpus=0.0731, memory=2.00GB
2025-12-27 07:47:42,420 - __main__ - INFO - ✅ Client 1 (smartphone) started on head node (5ca289351a2b...)
2025-12-27 07:47:45,423 - __main__ - INFO - 🔧 Client 2 resources: num_cpus=1.1120, num_gpus=0.0731, memory=2.00GB
2025-12-27 07:47:45,511 - __main__ - INFO - ✅ Client 2 (smartphone) started on head node (5ca289351a2b...)
2025-12-27 07:47:48,515 - __main__ - INFO - 🔧 Client 3 resources: num_cpus=1.1120, num_gpus=0.0731, memory=2.00GB
2025-12-27 07:47:48,609 - __main__ - INFO - ✅ Client 3 (smartphone) started on head node (5ca289351a2b...)
2025-12-27 07:47:51,613 - __main__ - INFO - 🔧 Client 4 resources: num_cpus=1.1120, num_gpus=0.0731, memory=2.00GB
2025-12-27 07:47:51,703 - __main__ - INFO - ✅ Client 4 (smartphone) started on head node (5ca289351a2b...)
2025-12-27 07:47:54,707 - __main__ - INFO - 🔧 Client 5 resources: num_cpus=1.1120, num_gpus=0.0731, memory=2.00GB
2025-12-27 07:47:54,791 - __main__ - INFO - ✅ Client 5 (smartphone) started on head node (5ca289351a2b...)
2025-12-27 07:47:57,795 - __main__ - INFO - 🔧 Client 6 resources: num_cpus=1.1120, num_gpus=0.0731, memory=2.00GB
2025-12-27 07:47:57,874 - __main__ - INFO - ✅ Client 6 (smartphone) started on head node (5ca289351a2b...)
2025-12-27 07:48:00,878 - __main__ - INFO - 🔧 Client 7 resources: num_cpus=1.1120, num_gpus=0.0731, memory=2.00GB
2025-12-27 07:48:00,956 - __main__ - INFO - ✅ Client 7 (smartphone) started on head node (5ca289351a2b...)
2025-12-27 07:48:03,958 - __main__ - INFO - 🔧 Client 8 resources: num_cpus=1.1120, num_gpus=0.0731, memory=2.00GB
2025-12-27 07:48:04,044 - __main__ - INFO - ✅ Client 8 (smartphone) started on head node (5ca289351a2b...)
2025-12-27 07:48:07,048 - __main__ - INFO - 🔧 Client 9 resources: num_cpus=1.1120, num_gpus=0.0731, memory=2.00GB
2025-12-27 07:48:07,133 - __main__ - INFO - ✅ Client 9 (smartphone) started on head node (5ca289351a2b...)
2025-12-27 07:48:10,137 - __main__ - INFO - 🔧 Client 10 resources: num_cpus=1.1120, num_gpus=0.0731, memory=2.00GB
2025-12-27 07:48:10,216 - __main__ - INFO - ✅ Client 10 (smartphone) started on head node (5ca289351a2b...)
2025-12-27 07:48:13,220 - __main__ - INFO - 🔧 Client 11 resources: num_cpus=1.1120, num_gpus=0.0731, memory=2.00GB
2025-12-27 07:48:13,299 - __main__ - INFO - ✅ Client 11 (smartphone) started on head node (5ca289351a2b...)
2025-12-27 07:48:16,303 - __main__ - INFO - 🔧 Client 12 resources: num_cpus=1.1120, num_gpus=0.0731, memory=2.00GB
2025-12-27 07:48:16,393 - __main__ - INFO - ✅ Client 12 (smartphone) started on head node (5ca289351a2b...)
2025-12-27 07:48:19,394 - __main__ - INFO - 🔧 Client 13 resources: num_cpus=1.1120, num_gpus=0.0731, memory=2.00GB
2025-12-27 07:48:19,481 - __main__ - INFO - ✅ Client 13 (smartphone) started on head node (5ca289351a2b...)
2025-12-27 07:48:22,483 - __main__ - INFO - 🔧 Client 14 resources: num_cpus=1.1120, num_gpus=0.0731, memory=2.00GB
2025-12-27 07:48:22,573 - __main__ - INFO - ✅ Client 14 (smartphone) started on head node (5ca289351a2b...)
2025-12-27 07:48:25,577 - __main__ - INFO - 🔧 Client 15 resources: num_cpus=1.1120, num_gpus=0.0731, memory=2.00GB
2025-12-27 07:48:25,658 - __main__ - INFO - ✅ Client 15 (smartphone) started on head node (5ca289351a2b...)
2025-12-27 07:48:28,662 - __main__ - INFO - 🔧 Client 16 resources: num_cpus=1.1120, num_gpus=0.0731, memory=2.00GB
2025-12-27 07:48:28,743 - __main__ - INFO - ✅ Client 16 (smartphone) started on head node (5ca289351a2b...)
2025-12-27 07:48:31,747 - __main__ - INFO - 🔧 Client 17 resources: num_cpus=1.1120, num_gpus=0.0731, memory=2.00GB
2025-12-27 07:48:31,836 - __main__ - INFO - ✅ Client 17 (smartphone) started on head node (5ca289351a2b...)
2025-12-27 07:48:34,838 - __main__ - INFO - 🔧 Client 18 resources: num_cpus=1.1120, num_gpus=0.0731, memory=2.00GB
2025-12-27 07:48:34,917 - __main__ - INFO - ✅ Client 18 (smartphone) started on head node (5ca289351a2b...)
2025-12-27 07:48:37,921 - __main__ - INFO - 🔧 Client 19 resources: num_cpus=1.1120, num_gpus=0.0731, memory=2.00GB
2025-12-27 07:48:38,006 - __main__ - INFO - ✅ Client 19 (smartphone) started on head node (5ca289351a2b...)
2025-12-27 07:48:41,007 - __main__ - INFO - 🔧 Client 20 resources: num_cpus=1.1120, num_gpus=0.0731, memory=2.00GB
2025-12-27 07:48:41,085 - __main__ - INFO - ✅ Client 20 (smartphone) started on head node (5ca289351a2b...)
2025-12-27 07:48:44,089 - __main__ - INFO - 🔧 Client 21 resources: num_cpus=1.1120, num_gpus=0.0731, memory=2.00GB
2025-12-27 07:48:44,174 - __main__ - INFO - ✅ Client 21 (smartphone) started on head node (5ca289351a2b...)
2025-12-27 07:48:47,178 - __main__ - INFO - 🔧 Client 22 resources: num_cpus=1.1120, num_gpus=0.0731, memory=2.00GB
2025-12-27 07:48:47,269 - __main__ - INFO - ✅ Client 22 (smartphone) started on head node (5ca289351a2b...)
2025-12-27 07:48:50,273 - __main__ - INFO - 🔧 Client 23 resources: num_cpus=1.1120, num_gpus=0.0731, memory=2.00GB
2025-12-27 07:48:50,364 - __main__ - INFO - ✅ Client 23 (smartphone) started on head node (5ca289351a2b...)
2025-12-27 07:48:53,369 - __main__ - INFO - 🔧 Client 24 resources: num_cpus=1.1120, num_gpus=0.0731, memory=2.00GB
2025-12-27 07:48:53,459 - __main__ - INFO - ✅ Client 24 (smartphone) started on head node (5ca289351a2b...)
2025-12-27 07:48:56,460 - __main__ - INFO - 🔧 Client 25 resources: num_cpus=1.1120, num_gpus=0.0731, memory=2.00GB
2025-12-27 07:48:56,542 - __main__ - INFO - ✅ Client 25 (smartphone) started on head node (5ca289351a2b...)
2025-12-27 07:48:59,545 - __main__ - INFO - 🔧 Client 26 resources: num_cpus=1.1120, num_gpus=0.0731, memory=2.00GB
2025-12-27 07:48:59,627 - __main__ - INFO - ✅ Client 26 (smartphone) started on head node (5ca289351a2b...)
2025-12-27 07:49:02,628 - __main__ - INFO - 🔧 Client 27 resources: num_cpus=1.1120, num_gpus=0.0731, memory=2.00GB
2025-12-27 07:49:02,706 - __main__ - INFO - ✅ Client 27 (smartphone) started on head node (5ca289351a2b...)
2025-12-27 07:49:05,710 - __main__ - INFO - 🔧 Client 28 resources: num_cpus=1.1120, num_gpus=0.0731, memory=2.00GB
2025-12-27 07:49:05,795 - __main__ - INFO - ✅ Client 28 (smartphone) started on head node (5ca289351a2b...)
2025-12-27 07:49:08,797 - __main__ - INFO - 🔧 Client 29 resources: num_cpus=1.1120, num_gpus=0.0731, memory=2.00GB
2025-12-27 07:49:08,884 - __main__ - INFO - ✅ Client 29 (smartphone) started on head node (5ca289351a2b...)
2025-12-27 07:49:11,888 - __main__ - INFO - 🔧 Client 30 resources: num_cpus=1.1120, num_gpus=0.0731, memory=2.00GB
2025-12-27 07:49:11,972 - __main__ - INFO - ✅ Client 30 (smartphone) started on head node (5ca289351a2b...)
2025-12-27 07:49:14,976 - __main__ - INFO - 🔧 Client 31 resources: num_cpus=1.1120, num_gpus=0.0731, memory=2.00GB
2025-12-27 07:49:15,065 - __main__ - INFO - ✅ Client 31 (smartphone) started on head node (5ca289351a2b...)
2025-12-27 07:49:18,068 - __main__ - INFO - 🔧 Client 32 resources: num_cpus=1.1120, num_gpus=0.0731, memory=2.00GB
2025-12-27 07:49:18,158 - __main__ - INFO - ✅ Client 32 (smartphone) started on head node (5ca289351a2b...)
2025-12-27 07:49:21,160 - __main__ - INFO - 🔧 Client 33 resources: num_cpus=1.1120, num_gpus=0.0731, memory=2.00GB
2025-12-27 07:49:21,250 - __main__ - INFO - ✅ Client 33 (smartphone) started on head node (5ca289351a2b...)
2025-12-27 07:49:24,253 - __main__ - INFO - 🔧 Client 34 resources: num_cpus=1.1120, num_gpus=0.0731, memory=2.00GB
2025-12-27 07:49:24,343 - __main__ - INFO - ✅ Client 34 (smartphone) started on head node (5ca289351a2b...)
2025-12-27 07:49:27,347 - __main__ - INFO - 🔧 Client 35 resources: num_cpus=1.1120, num_gpus=0.0731, memory=2.00GB
2025-12-27 07:49:27,440 - __main__ - INFO - ✅ Client 35 (smartphone) started on head node (5ca289351a2b...)
2025-12-27 07:49:30,442 - __main__ - INFO - 🔧 Client 36 resources: num_cpus=1.1120, num_gpus=0.0731, memory=2.00GB
2025-12-27 07:49:30,524 - __main__ - INFO - ✅ Client 36 (smartphone) started on head node (5ca289351a2b...)
2025-12-27 07:49:33,528 - __main__ - INFO - 🔧 Client 37 resources: num_cpus=1.1120, num_gpus=0.0731, memory=2.00GB
2025-12-27 07:49:33,620 - __main__ - INFO - ✅ Client 37 (smartphone) started on head node (5ca289351a2b...)
2025-12-27 07:49:36,624 - __main__ - INFO - 🔧 Client 38 resources: num_cpus=1.1120, num_gpus=0.0731, memory=2.00GB
2025-12-27 07:49:36,718 - __main__ - INFO - ✅ Client 38 (smartphone) started on head node (5ca289351a2b...)
2025-12-27 07:49:39,722 - __main__ - INFO - 🔧 Client 39 resources: num_cpus=1.1120, num_gpus=0.0731, memory=2.00GB
2025-12-27 07:49:39,818 - __main__ - INFO - ✅ Client 39 (smartphone) started on head node (5ca289351a2b...)
2025-12-27 07:49:42,822 - __main__ - INFO - 🔧 Client 40 resources: num_cpus=1.1120, num_gpus=0.0731, memory=2.00GB
2025-12-27 07:49:42,913 - __main__ - INFO - ✅ Client 40 (smartphone) started on head node (5ca289351a2b...)
2025-12-27 07:49:45,916 - __main__ - INFO - 🔧 Client 41 resources: num_cpus=1.1120, num_gpus=0.0731, memory=2.00GB
2025-12-27 07:49:46,007 - __main__ - INFO - ✅ Client 41 (smartphone) started on head node (5ca289351a2b...)
2025-12-27 07:49:49,010 - __main__ - INFO - 🔧 Client 42 resources: num_cpus=1.1120, num_gpus=0.0731, memory=2.00GB
2025-12-27 07:49:49,099 - __main__ - INFO - ✅ Client 42 (smartphone) started on head node (5ca289351a2b...)
2025-12-27 07:49:52,101 - __main__ - INFO - 🔧 Client 43 resources: num_cpus=1.1120, num_gpus=0.0731, memory=2.00GB
2025-12-27 07:49:52,195 - __main__ - INFO - ✅ Client 43 (smartphone) started on head node (5ca289351a2b...)
2025-12-27 07:49:55,198 - __main__ - INFO - 🔧 Client 44 resources: num_cpus=1.1120, num_gpus=0.0731, memory=2.00GB
2025-12-27 07:49:55,292 - __main__ - INFO - ✅ Client 44 (smartphone) started on head node (5ca289351a2b...)
2025-12-27 07:49:58,296 - __main__ - INFO - 🔧 Client 45 resources: num_cpus=1.1120, num_gpus=0.0731, memory=2.00GB
2025-12-27 07:49:58,384 - __main__ - INFO - ✅ Client 45 (smartphone) started on head node (5ca289351a2b...)
2025-12-27 07:50:01,388 - __main__ - INFO - 🔧 Client 46 resources: num_cpus=1.1120, num_gpus=0.0731, memory=2.00GB
2025-12-27 07:50:01,477 - __main__ - INFO - ✅ Client 46 (smartphone) started on head node (5ca289351a2b...)
2025-12-27 07:50:04,481 - __main__ - INFO - 🔧 Client 47 resources: num_cpus=1.1120, num_gpus=0.0731, memory=2.00GB
2025-12-27 07:50:04,569 - __main__ - INFO - ✅ Client 47 (smartphone) started on head node (5ca289351a2b...)
2025-12-27 07:50:07,573 - __main__ - INFO - 🔧 Client 48 resources: num_cpus=1.1120, num_gpus=0.0731, memory=2.00GB
2025-12-27 07:50:07,660 - __main__ - INFO - ✅ Client 48 (smartphone) started on head node (5ca289351a2b...)
2025-12-27 07:50:10,661 - __main__ - INFO - 🔧 Client 49 resources: num_cpus=1.1120, num_gpus=0.0731, memory=2.00GB
2025-12-27 07:50:10,760 - __main__ - INFO - ✅ Client 49 (smartphone) started on head node (5ca289351a2b...)
2025-12-27 07:50:13,764 - __main__ - INFO - 🔧 Client 50 resources: num_cpus=1.1120, num_gpus=0.0731, memory=2.00GB
2025-12-27 07:50:13,860 - __main__ - INFO - ✅ Client 50 (smartphone) started on head node (5ca289351a2b...)
2025-12-27 07:50:16,863 - __main__ - INFO - ✅ 50/50 Docker clients started successfully
2025-12-27 07:50:16,863 - __main__ - INFO - ✅ All 50 clients have completed startup
2025-12-27 07:50:16,863 - __main__ - INFO - 📊 Starting training monitoring (999999999 seconds)...
2025-12-27 07:50:16,875 - __main__ - INFO - ⏰ 0s | Server: running (CPU) | Clients: 50 nodes (fractional GPU) | Ray GPU usage: 3.7/4.0 (91.4%)
2025-12-27 07:50:21,893 - __main__ - INFO - ⏰ 5s | Server: running (CPU) | Clients: 50 nodes (fractional GPU) | Ray GPU usage: 3.7/4.0 (91.4%)
2025-12-27 07:50:26,909 - __main__ - INFO - ⏰ 10s | Server: running (CPU) | Clients: 50 nodes (fractional GPU) | Ray GPU usage: 3.7/4.0 (91.4%)
2025-12-27 07:50:31,927 - __main__ - INFO - ⏰ 15s | Server: running (CPU) | Clients: 50 nodes (fractional GPU) | Ray GPU usage: 3.7/4.0 (91.4%)
2025-12-27 07:50:36,944 - __main__ - INFO - ⏰ 20s | Server: running (CPU) | Clients: 50 nodes (fractional GPU) | Ray GPU usage: 3.7/4.0 (91.4%)
2025-12-27 07:50:41,962 - __main__ - INFO - ⏰ 25s | Server: running (CPU) | Clients: 50 nodes (fractional GPU) | Ray GPU usage: 3.7/4.0 (91.4%)
2025-12-27 07:50:46,983 - __main__ - INFO - ⏰ 30s | Server: running (CPU) | Clients: 50 nodes (fractional GPU) | Ray GPU usage: 3.7/4.0 (91.4%)
2025-12-27 07:50:52,002 - __main__ - INFO - ⏰ 35s | Server: running (CPU) | Clients: 50 nodes (fractional GPU) | Ray GPU usage: 3.7/4.0 (91.4%)
2025-12-27 07:50:57,019 - __main__ - INFO - ⏰ 40s | Server: running (CPU) | Clients: 50 nodes (fractional GPU) | Ray GPU usage: 3.7/4.0 (91.4%)
2025-12-27 07:51:02,057 - __main__ - INFO - ⏰ 45s | Server: running (CPU) | Clients: 50 nodes (fractional GPU) | Ray GPU usage: 3.7/4.0 (91.4%)
2025-12-27 07:51:07,096 - __main__ - INFO - ⏰ 50s | Server: running (CPU) | Clients: 50 nodes (fractional GPU) | Ray GPU usage: 3.7/4.0 (91.4%)
2025-12-27 07:51:12,137 - __main__ - INFO - ⏰ 55s | Server: running (CPU) | Clients: 50 nodes (fractional GPU) | Ray GPU usage: 3.7/4.0 (91.4%)
2025-12-27 07:51:17,185 - __main__ - INFO - ⏰ 60s | Server: running (CPU) | Clients: 50 nodes (fractional GPU) | Ray GPU usage: 3.7/4.0 (91.4%)
2025-12-27 07:51:22,233 - __main__ - INFO - ⏰ 65s | Server: running (CPU) | Clients: 50 nodes (fractional GPU) | Ray GPU usage: 3.7/4.0 (91.4%)
2025-12-27 07:51:27,272 - __main__ - INFO - ⏰ 70s | Server: running (CPU) | Clients: 50 nodes (fractional GPU) | Ray GPU usage: 3.7/4.0 (91.4%)
2025-12-27 07:51:32,319 - __main__ - INFO - ⏰ 75s | Server: running (CPU) | Clients: 50 nodes (fractional GPU) | Ray GPU usage: 3.7/4.0 (91.4%)
2025-12-27 07:51:37,360 - __main__ - INFO - ⏰ 80s | Server: running (CPU) | Clients: 50 nodes (fractional GPU) | Ray GPU usage: 3.7/4.0 (91.4%)
2025-12-27 07:51:42,401 - __main__ - INFO - ⏰ 85s | Server: running (CPU) | Clients: 50 nodes (fractional GPU) | Ray GPU usage: 3.7/4.0 (91.4%)
2025-12-27 07:51:47,438 - __main__ - INFO - ⏰ 90s | Server: running (CPU) | Clients: 50 nodes (fractional GPU) | Ray GPU usage: 3.7/4.0 (91.4%)
2025-12-27 07:51:52,473 - __main__ - INFO - ⏰ 95s | Server: running (CPU) | Clients: 50 nodes (fractional GPU) | Ray GPU usage: 3.7/4.0 (91.4%)
2025-12-27 07:51:57,507 - __main__ - INFO - ⏰ 100s | Server: running (CPU) | Clients: 50 nodes (fractional GPU) | Ray GPU usage: 3.7/4.0 (91.4%)
2025-12-27 07:52:02,545 - __main__ - INFO - ⏰ 105s | Server: running (CPU) | Clients: 50 nodes (fractional GPU) | Ray GPU usage: 3.7/4.0 (91.4%)
2025-12-27 07:52:07,589 - __main__ - INFO - ⏰ 110s | Server: running (CPU) | Clients: 50 nodes (fractional GPU) | Ray GPU usage: 3.7/4.0 (91.4%)
2025-12-27 07:52:12,646 - __main__ - INFO - ⏰ 115s | Server: running (CPU) | Clients: 50 nodes (fractional GPU) | Ray GPU usage: 3.7/4.0 (91.4%)
2025-12-27 07:52:17,685 - __main__ - INFO - ⏰ 120s | Server: running (CPU) | Clients: 50 nodes (fractional GPU) | Ray GPU usage: 3.7/4.0 (91.4%)
2025-12-27 07:52:22,722 - __main__ - INFO - ⏰ 125s | Server: running (CPU) | Clients: 50 nodes (fractional GPU) | Ray GPU usage: 3.7/4.0 (91.4%)
2025-12-27 07:52:27,756 - __main__ - INFO - ⏰ 130s | Server: running (CPU) | Clients: 50 nodes (fractional GPU) | Ray GPU usage: 3.7/4.0 (91.4%)
2025-12-27 07:52:32,792 - __main__ - INFO - ⏰ 135s | Server: running (CPU) | Clients: 50 nodes (fractional GPU) | Ray GPU usage: 3.7/4.0 (91.4%)
2025-12-27 07:52:37,824 - __main__ - INFO - ⏰ 140s | Server: running (CPU) | Clients: 50 nodes (fractional GPU) | Ray GPU usage: 3.7/4.0 (91.4%)
2025-12-27 07:52:42,865 - __main__ - INFO - ⏰ 145s | Server: running (CPU) | Clients: 50 nodes (fractional GPU) | Ray GPU usage: 3.7/4.0 (91.4%)
2025-12-27 07:52:47,898 - __main__ - INFO - ⏰ 151s | Server: running (CPU) | Clients: 50 nodes (fractional GPU) | Ray GPU usage: 3.7/4.0 (91.4%)
2025-12-27 07:52:52,931 - __main__ - INFO - ⏰ 156s | Server: running (CPU) | Clients: 50 nodes (fractional GPU) | Ray GPU usage: 3.7/4.0 (91.4%)
2025-12-27 07:52:57,967 - __main__ - INFO - ⏰ 161s | Server: running (CPU) | Clients: 50 nodes (fractional GPU) | Ray GPU usage: 3.7/4.0 (91.4%)
2025-12-27 07:53:03,001 - __main__ - INFO - ⏰ 166s | Server: running (CPU) | Clients: 50 nodes (fractional GPU) | Ray GPU usage: 3.7/4.0 (91.4%)
2025-12-27 07:53:08,036 - __main__ - INFO - ⏰ 171s | Server: running (CPU) | Clients: 50 nodes (fractional GPU) | Ray GPU usage: 3.7/4.0 (91.4%)
2025-12-27 07:53:13,070 - __main__ - INFO - ⏰ 176s | Server: running (CPU) | Clients: 50 nodes (fractional GPU) | Ray GPU usage: 3.7/4.0 (91.4%)
2025-12-27 07:53:18,107 - __main__ - INFO - ⏰ 181s | Server: running (CPU) | Clients: 50 nodes (fractional GPU) | Ray GPU usage: 3.7/4.0 (91.4%)
2025-12-27 07:53:23,154 - __main__ - INFO - ⏰ 186s | Server: running (CPU) | Clients: 50 nodes (fractional GPU) | Ray GPU usage: 3.7/4.0 (91.4%)
2025-12-27 07:53:28,197 - __main__ - INFO - ⏰ 191s | Server: running (CPU) | Clients: 50 nodes (fractional GPU) | Ray GPU usage: 3.7/4.0 (91.4%)
2025-12-27 07:53:33,220 - __main__ - INFO - ⏰ 196s | Server: running (CPU) | Clients: 50 nodes (fractional GPU) | Ray GPU usage: 3.7/4.0 (91.4%)
2025-12-27 07:53:38,235 - __main__ - INFO - ⏰ 201s | Server: running (CPU) | Clients: 50 nodes (fractional GPU) | Ray GPU usage: 3.7/4.0 (91.4%)
2025-12-27 07:53:43,253 - __main__ - INFO - ⏰ 206s | Server: running (CPU) | Clients: 50 nodes (fractional GPU) | Ray GPU usage: 3.7/4.0 (91.4%)
2025-12-27 07:53:48,272 - __main__ - INFO - ⏰ 211s | Server: running (CPU) | Clients: 50 nodes (fractional GPU) | Ray GPU usage: 3.7/4.0 (91.4%)
2025-12-27 07:53:53,311 - __main__ - INFO - ⏰ 216s | Server: running (CPU) | Clients: 50 nodes (fractional GPU) | Ray GPU usage: 3.7/4.0 (91.4%)
2025-12-27 07:53:58,357 - __main__ - INFO - ⏰ 221s | Server: running (CPU) | Clients: 50 nodes (fractional GPU) | Ray GPU usage: 3.7/4.0 (91.4%)
2025-12-27 07:54:03,399 - __main__ - INFO - ⏰ 226s | Server: running (CPU) | Clients: 50 nodes (fractional GPU) | Ray GPU usage: 3.7/4.0 (91.4%)
2025-12-27 07:54:08,432 - __main__ - INFO - ⏰ 231s | Server: running (CPU) | Clients: 50 nodes (fractional GPU) | Ray GPU usage: 3.7/4.0 (91.4%)
2025-12-27 07:54:13,464 - __main__ - INFO - ⏰ 236s | Server: running (CPU) | Clients: 50 nodes (fractional GPU) | Ray GPU usage: 3.7/4.0 (91.4%)
2025-12-27 07:54:18,495 - __main__ - INFO - ⏰ 241s | Server: running (CPU) | Clients: 50 nodes (fractional GPU) | Ray GPU usage: 3.7/4.0 (91.4%)
2025-12-27 07:54:23,525 - __main__ - INFO - ⏰ 246s | Server: running (CPU) | Clients: 50 nodes (fractional GPU) | Ray GPU usage: 3.7/4.0 (91.4%)
2025-12-27 07:54:28,556 - __main__ - INFO - ⏰ 251s | Server: running (CPU) | Clients: 50 nodes (fractional GPU) | Ray GPU usage: 3.7/4.0 (91.4%)
2025-12-27 07:54:33,584 - __main__ - INFO - ⏰ 256s | Server: running (CPU) | Clients: 50 nodes (fractional GPU) | Ray GPU usage: 3.7/4.0 (91.4%)
2025-12-27 07:54:38,624 - __main__ - INFO - ⏰ 261s | Server: running (CPU) | Clients: 50 nodes (fractional GPU) | Ray GPU usage: 3.7/4.0 (91.4%)
2025-12-27 07:54:43,659 - __main__ - INFO - ⏰ 266s | Server: running (CPU) | Clients: 50 nodes (fractional GPU) | Ray GPU usage: 3.7/4.0 (91.4%)
2025-12-27 07:54:48,691 - __main__ - INFO - ⏰ 271s | Server: running (CPU) | Clients: 50 nodes (fractional GPU) | Ray GPU usage: 3.7/4.0 (91.4%)
2025-12-27 07:54:53,720 - __main__ - INFO - ⏰ 276s | Server: running (CPU) | Clients: 50 nodes (fractional GPU) | Ray GPU usage: 3.7/4.0 (91.4%)
2025-12-27 07:54:58,760 - __main__ - INFO - ⏰ 281s | Server: running (CPU) | Clients: 50 nodes (fractional GPU) | Ray GPU usage: 3.7/4.0 (91.4%)
2025-12-27 07:55:03,794 - __main__ - INFO - ⏰ 286s | Server: running (CPU) | Clients: 50 nodes (fractional GPU) | Ray GPU usage: 3.7/4.0 (91.4%)
2025-12-27 07:55:08,826 - __main__ - INFO - ⏰ 291s | Server: running (CPU) | Clients: 50 nodes (fractional GPU) | Ray GPU usage: 3.7/4.0 (91.4%)
2025-12-27 07:55:13,860 - __main__ - INFO - ⏰ 296s | Server: running (CPU) | Clients: 50 nodes (fractional GPU) | Ray GPU usage: 3.7/4.0 (91.4%)
2025-12-27 07:55:18,893 - __main__ - INFO - ⏰ 302s | Server: running (CPU) | Clients: 50 nodes (fractional GPU) | Ray GPU usage: 3.7/4.0 (91.4%)
2025-12-27 07:55:23,929 - __main__ - INFO - ⏰ 307s | Server: running (CPU) | Clients: 50 nodes (fractional GPU) | Ray GPU usage: 3.7/4.0 (91.4%)
2025-12-27 07:55:28,964 - __main__ - INFO - ⏰ 312s | Server: running (CPU) | Clients: 50 nodes (fractional GPU) | Ray GPU usage: 3.7/4.0 (91.4%)
2025-12-27 07:55:34,001 - __main__ - INFO - ⏰ 317s | Server: running (CPU) | Clients: 50 nodes (fractional GPU) | Ray GPU usage: 3.7/4.0 (91.4%)
2025-12-27 07:55:39,033 - __main__ - INFO - ⏰ 322s | Server: running (CPU) | Clients: 50 nodes (fractional GPU) | Ray GPU usage: 3.7/4.0 (91.4%)
2025-12-27 07:55:44,070 - __main__ - INFO - ⏰ 327s | Server: running (CPU) | Clients: 50 nodes (fractional GPU) | Ray GPU usage: 3.7/4.0 (91.4%)
2025-12-27 07:55:49,103 - __main__ - INFO - ⏰ 332s | Server: running (CPU) | Clients: 50 nodes (fractional GPU) | Ray GPU usage: 3.7/4.0 (91.4%)
2025-12-27 07:55:54,143 - __main__ - INFO - ⏰ 337s | Server: running (CPU) | Clients: 50 nodes (fractional GPU) | Ray GPU usage: 3.7/4.0 (91.4%)
2025-12-27 07:55:59,168 - __main__ - INFO - ⏰ 342s | Server: running (CPU) | Clients: 50 nodes (fractional GPU) | Ray GPU usage: 3.7/4.0 (91.4%)
2025-12-27 07:56:04,197 - __main__ - INFO - ⏰ 347s | Server: running (CPU) | Clients: 50 nodes (fractional GPU) | Ray GPU usage: 3.7/4.0 (91.4%)
slurmstepd-srv-it-node02: error: *** JOB 655 ON srv-it-node02 CANCELLED AT 2025-12-27T07:56:05 ***
