/home/naicheng_li/.conda/envs/flv2/lib/python3.10/site-packages/torch/cuda/__init__.py:174: UserWarning: CUDA initialization: CUDA driver initialization failed, you might not have a CUDA gpu. (Triggered internally at /pytorch/c10/cuda/CUDAFunctions.cpp:109.)
  return torch._C._cuda_getDeviceCount() > 0
/home/naicheng_li/.conda/envs/flv2/lib/python3.10/site-packages/torch/cuda/__init__.py:174: UserWarning: CUDA initialization: CUDA driver initialization failed, you might not have a CUDA gpu. (Triggered internally at /pytorch/c10/cuda/CUDAFunctions.cpp:109.)
  return torch._C._cuda_getDeviceCount() > 0
2025-12-26 22:35:45,963 - __main__ - INFO - ðŸš€ Start Ray V2 federated learning
2025-12-26 22:35:45,963 - __main__ - INFO - ðŸ“Š Configuration: 50 clients, 100 rounds training, total nodes: 51
2025-12-26 22:35:45,963 - __main__ - INFO - ðŸ§¹ Clean environment...
2025-12-26 22:35:46,701 - __main__ - DEBUG - ðŸ—‘ï¸  Cleaned mount directory (simple): /home/naicheng_li/FLTorrent/docker_data/tmp
2025-12-26 22:35:46,705 - __main__ - DEBUG - ðŸ—‘ï¸  Cleaned mount directory (simple): /home/naicheng_li/FLTorrent/docker_data/app_tmp
2025-12-26 22:35:47,714 - __main__ - INFO - âœ… Environment cleanup completed
2025-12-26 22:35:47,714 - __main__ - INFO - ðŸš€ Applying host network optimizations for ultra-high concurrency...
2025-12-26 22:35:47,787 - __main__ - WARNING - âš ï¸  22 network optimizations could not be applied (may need sudo access)
2025-12-26 22:35:47,787 - __main__ - DEBUG -    Failed: net.core.somaxconn - sudo: you do not exist in the passwd database
2025-12-26 22:35:47,788 - __main__ - DEBUG -    Failed: net.core.netdev_max_backlog - sudo: you do not exist in the passwd database
2025-12-26 22:35:47,788 - __main__ - DEBUG -    Failed: net.core.rmem_default - sudo: you do not exist in the passwd database
2025-12-26 22:35:47,788 - __main__ - WARNING - âš ï¸  No host network optimizations applied! High-concurrency FL may experience issues.
2025-12-26 22:35:47,788 - __main__ - WARNING -    Consider running with sudo or contacting HPC admin to apply these settings.
2025-12-26 22:35:47,788 - __main__ - INFO - ðŸ¦­ Initializing Podman rootless environment...
2025-12-26 22:35:47,791 - __main__ - WARNING - âš ï¸  Podman unavailable, trying Docker...
2025-12-26 22:35:47,791 - __main__ - INFO - ðŸ“¦ Using non-container mode (Fallback)
/home/naicheng_li/.conda/envs/flv2/lib/python3.10/site-packages/torch/cuda/__init__.py:174: UserWarning: CUDA initialization: CUDA driver initialization failed, you might not have a CUDA gpu. (Triggered internally at /pytorch/c10/cuda/CUDAFunctions.cpp:109.)
  return torch._C._cuda_getDeviceCount() > 0
2025-12-26 22:35:49,571 - __main__ - INFO - ðŸ” Found available port for Ray dashboard: 8265
2025-12-26 22:35:49,672 - filelock - DEBUG - Attempting to acquire lock 140387121829280 on /home/naicheng_li/ray/session_2025-12-26_22-35-49_665066_674100/node_ip_address.json.lock
2025-12-26 22:35:49,676 - filelock - DEBUG - Lock 140387121829280 acquired on /home/naicheng_li/ray/session_2025-12-26_22-35-49_665066_674100/node_ip_address.json.lock
2025-12-26 22:35:49,680 - filelock - DEBUG - Attempting to release lock 140387121829280 on /home/naicheng_li/ray/session_2025-12-26_22-35-49_665066_674100/node_ip_address.json.lock
2025-12-26 22:35:49,680 - filelock - DEBUG - Lock 140387121829280 released on /home/naicheng_li/ray/session_2025-12-26_22-35-49_665066_674100/node_ip_address.json.lock
2025-12-26 22:35:49,682 - filelock - DEBUG - Attempting to acquire lock 140387121833072 on /home/naicheng_li/ray/session_2025-12-26_22-35-49_665066_674100/ports_by_node.json.lock
2025-12-26 22:35:49,683 - filelock - DEBUG - Lock 140387121833072 acquired on /home/naicheng_li/ray/session_2025-12-26_22-35-49_665066_674100/ports_by_node.json.lock
2025-12-26 22:35:49,685 - filelock - DEBUG - Attempting to release lock 140387121833072 on /home/naicheng_li/ray/session_2025-12-26_22-35-49_665066_674100/ports_by_node.json.lock
2025-12-26 22:35:49,685 - filelock - DEBUG - Lock 140387121833072 released on /home/naicheng_li/ray/session_2025-12-26_22-35-49_665066_674100/ports_by_node.json.lock
2025-12-26 22:35:49,685 - filelock - DEBUG - Attempting to acquire lock 140387121832928 on /home/naicheng_li/ray/session_2025-12-26_22-35-49_665066_674100/ports_by_node.json.lock
2025-12-26 22:35:49,686 - filelock - DEBUG - Lock 140387121832928 acquired on /home/naicheng_li/ray/session_2025-12-26_22-35-49_665066_674100/ports_by_node.json.lock
2025-12-26 22:35:49,687 - filelock - DEBUG - Attempting to release lock 140387121832928 on /home/naicheng_li/ray/session_2025-12-26_22-35-49_665066_674100/ports_by_node.json.lock
2025-12-26 22:35:49,687 - filelock - DEBUG - Lock 140387121832928 released on /home/naicheng_li/ray/session_2025-12-26_22-35-49_665066_674100/ports_by_node.json.lock
2025-12-26 22:35:49,687 - filelock - DEBUG - Attempting to acquire lock 140387121826160 on /home/naicheng_li/ray/session_2025-12-26_22-35-49_665066_674100/ports_by_node.json.lock
2025-12-26 22:35:49,688 - filelock - DEBUG - Lock 140387121826160 acquired on /home/naicheng_li/ray/session_2025-12-26_22-35-49_665066_674100/ports_by_node.json.lock
2025-12-26 22:35:49,689 - filelock - DEBUG - Attempting to release lock 140387121826160 on /home/naicheng_li/ray/session_2025-12-26_22-35-49_665066_674100/ports_by_node.json.lock
2025-12-26 22:35:49,689 - filelock - DEBUG - Lock 140387121826160 released on /home/naicheng_li/ray/session_2025-12-26_22-35-49_665066_674100/ports_by_node.json.lock
2025-12-26 22:35:49,689 - filelock - DEBUG - Attempting to acquire lock 140387121826640 on /home/naicheng_li/ray/session_2025-12-26_22-35-49_665066_674100/ports_by_node.json.lock
2025-12-26 22:35:49,690 - filelock - DEBUG - Lock 140387121826640 acquired on /home/naicheng_li/ray/session_2025-12-26_22-35-49_665066_674100/ports_by_node.json.lock
2025-12-26 22:35:49,691 - filelock - DEBUG - Attempting to release lock 140387121826640 on /home/naicheng_li/ray/session_2025-12-26_22-35-49_665066_674100/ports_by_node.json.lock
2025-12-26 22:35:49,691 - filelock - DEBUG - Lock 140387121826640 released on /home/naicheng_li/ray/session_2025-12-26_22-35-49_665066_674100/ports_by_node.json.lock
2025-12-26 22:35:49,691 - filelock - DEBUG - Attempting to acquire lock 140387121827744 on /home/naicheng_li/ray/session_2025-12-26_22-35-49_665066_674100/ports_by_node.json.lock
2025-12-26 22:35:49,692 - filelock - DEBUG - Lock 140387121827744 acquired on /home/naicheng_li/ray/session_2025-12-26_22-35-49_665066_674100/ports_by_node.json.lock
2025-12-26 22:35:49,693 - filelock - DEBUG - Attempting to release lock 140387121827744 on /home/naicheng_li/ray/session_2025-12-26_22-35-49_665066_674100/ports_by_node.json.lock
2025-12-26 22:35:49,693 - filelock - DEBUG - Lock 140387121827744 released on /home/naicheng_li/ray/session_2025-12-26_22-35-49_665066_674100/ports_by_node.json.lock
2025-12-26 22:35:53,554	INFO worker.py:1998 -- Started a local Ray instance. View the dashboard at [1m[32m10.0.0.3:8265 [39m[22m
/home/naicheng_li/.conda/envs/flv2/lib/python3.10/site-packages/ray/_private/worker.py:2046: FutureWarning: Tip: In future versions of Ray, Ray will no longer override accelerator visible devices env var if num_gpus=0 or num_gpus=None (default). To enable this behavior and turn off this error message, set RAY_ACCEL_ENV_VAR_OVERRIDE_ON_ZERO=0
  warnings.warn(
2025-12-26 22:35:55,260 - __main__ - INFO - ðŸš€ Ray cluster initialization completed:
2025-12-26 22:35:55,260 - __main__ - INFO -    ðŸ“Š Resources: {'node:__internal_head__': 1.0, 'node:10.0.0.3': 1.0, 'memory': 1159605779252.0, 'object_store_memory': 438187168972.0, 'CPU': 128.0}
2025-12-26 22:35:55,260 - __main__ - INFO -    ðŸŒ Dashboard: http://127.0.0.1:8265
2025-12-26 22:35:55,261 - __main__ - DEBUG - Found node: 509f9c42da16... IP: 10.0.0.3, Resources: {'node:__internal_head__': 1.0, 'CPU': 128.0, 'node:10.0.0.3': 1.0, 'object_store_memory': 438187168972.0, 'memory': 1159605779252.0}
2025-12-26 22:35:55,261 - __main__ - INFO - ðŸŒ Ray Cluster Topology:
2025-12-26 22:35:55,261 - __main__ - INFO -    ðŸ“ Head node: 509f9c42da16... (Server will run here)
2025-12-26 22:35:55,261 - __main__ - WARNING -    âš ï¸ No worker nodes found! Clients will run on head node (not recommended)
2025-12-26 22:35:55,262 - __main__ - WARNING - No GPU nodes available, clients will run on head node
2025-12-26 22:35:55,262 - __main__ - WARNING - âš ï¸ No GPU detected, all nodes use CPU mode
2025-12-26 22:35:55,262 - __main__ - WARNING - âš ï¸ CUDA unavailable, all nodes will use CPU mode
2025-12-26 22:35:55,262 - __main__ - INFO - ðŸ”Œ Single-node mode detected - UDS can be enabled
2025-12-26 22:35:55,263 - __main__ - INFO - ðŸ“ Server scheduled to head node: 509f9c42da16...
2025-12-26 22:35:55,397 - __main__ - INFO - ðŸ“¦ Using Fallback (no container) for Server
2025-12-26 22:35:55,469 - __main__ - INFO - âœ… Server started: unix:///tmp/federatedscope_uds/server_33401.sock:33401
2025-12-26 22:36:10,486 - __main__ - INFO - ðŸ“± Edge device distribution: {'smartphone': 50}
2025-12-26 22:36:10,487 - __main__ - INFO - ðŸ“Š Client distribution plan:
2025-12-26 22:36:10,487 - __main__ - INFO -    Client 1 -> head (509f9c42da16...), Node CPUs: 128.0, Clients on node: 50
2025-12-26 22:36:10,488 - __main__ - INFO -    Client 2 -> head (509f9c42da16...), Node CPUs: 128.0, Clients on node: 50
2025-12-26 22:36:10,489 - __main__ - INFO -    Client 3 -> head (509f9c42da16...), Node CPUs: 128.0, Clients on node: 50
2025-12-26 22:36:10,490 - __main__ - INFO -    Client 4 -> head (509f9c42da16...), Node CPUs: 128.0, Clients on node: 50
2025-12-26 22:36:10,490 - __main__ - INFO -    Client 5 -> head (509f9c42da16...), Node CPUs: 128.0, Clients on node: 50
2025-12-26 22:36:10,491 - __main__ - INFO -    Client 6 -> head (509f9c42da16...), Node CPUs: 128.0, Clients on node: 50
2025-12-26 22:36:10,492 - __main__ - INFO -    Client 7 -> head (509f9c42da16...), Node CPUs: 128.0, Clients on node: 50
2025-12-26 22:36:10,492 - __main__ - INFO -    Client 8 -> head (509f9c42da16...), Node CPUs: 128.0, Clients on node: 50
2025-12-26 22:36:10,493 - __main__ - INFO -    Client 9 -> head (509f9c42da16...), Node CPUs: 128.0, Clients on node: 50
2025-12-26 22:36:10,493 - __main__ - INFO -    Client 10 -> head (509f9c42da16...), Node CPUs: 128.0, Clients on node: 50
2025-12-26 22:36:10,494 - __main__ - INFO -    Client 11 -> head (509f9c42da16...), Node CPUs: 128.0, Clients on node: 50
2025-12-26 22:36:10,494 - __main__ - INFO -    Client 12 -> head (509f9c42da16...), Node CPUs: 128.0, Clients on node: 50
2025-12-26 22:36:10,495 - __main__ - INFO -    Client 13 -> head (509f9c42da16...), Node CPUs: 128.0, Clients on node: 50
2025-12-26 22:36:10,495 - __main__ - INFO -    Client 14 -> head (509f9c42da16...), Node CPUs: 128.0, Clients on node: 50
2025-12-26 22:36:10,496 - __main__ - INFO -    Client 15 -> head (509f9c42da16...), Node CPUs: 128.0, Clients on node: 50
2025-12-26 22:36:10,496 - __main__ - INFO -    Client 16 -> head (509f9c42da16...), Node CPUs: 128.0, Clients on node: 50
2025-12-26 22:36:10,497 - __main__ - INFO -    Client 17 -> head (509f9c42da16...), Node CPUs: 128.0, Clients on node: 50
2025-12-26 22:36:10,498 - __main__ - INFO -    Client 18 -> head (509f9c42da16...), Node CPUs: 128.0, Clients on node: 50
2025-12-26 22:36:10,498 - __main__ - INFO -    Client 19 -> head (509f9c42da16...), Node CPUs: 128.0, Clients on node: 50
2025-12-26 22:36:10,499 - __main__ - INFO -    Client 20 -> head (509f9c42da16...), Node CPUs: 128.0, Clients on node: 50
2025-12-26 22:36:10,499 - __main__ - INFO -    Client 21 -> head (509f9c42da16...), Node CPUs: 128.0, Clients on node: 50
2025-12-26 22:36:10,500 - __main__ - INFO -    Client 22 -> head (509f9c42da16...), Node CPUs: 128.0, Clients on node: 50
2025-12-26 22:36:10,500 - __main__ - INFO -    Client 23 -> head (509f9c42da16...), Node CPUs: 128.0, Clients on node: 50
2025-12-26 22:36:10,501 - __main__ - INFO -    Client 24 -> head (509f9c42da16...), Node CPUs: 128.0, Clients on node: 50
2025-12-26 22:36:10,502 - __main__ - INFO -    Client 25 -> head (509f9c42da16...), Node CPUs: 128.0, Clients on node: 50
2025-12-26 22:36:10,502 - __main__ - INFO -    Client 26 -> head (509f9c42da16...), Node CPUs: 128.0, Clients on node: 50
2025-12-26 22:36:10,503 - __main__ - INFO -    Client 27 -> head (509f9c42da16...), Node CPUs: 128.0, Clients on node: 50
2025-12-26 22:36:10,503 - __main__ - INFO -    Client 28 -> head (509f9c42da16...), Node CPUs: 128.0, Clients on node: 50
2025-12-26 22:36:10,504 - __main__ - INFO -    Client 29 -> head (509f9c42da16...), Node CPUs: 128.0, Clients on node: 50
2025-12-26 22:36:10,504 - __main__ - INFO -    Client 30 -> head (509f9c42da16...), Node CPUs: 128.0, Clients on node: 50
2025-12-26 22:36:10,505 - __main__ - INFO -    Client 31 -> head (509f9c42da16...), Node CPUs: 128.0, Clients on node: 50
2025-12-26 22:36:10,505 - __main__ - INFO -    Client 32 -> head (509f9c42da16...), Node CPUs: 128.0, Clients on node: 50
2025-12-26 22:36:10,506 - __main__ - INFO -    Client 33 -> head (509f9c42da16...), Node CPUs: 128.0, Clients on node: 50
2025-12-26 22:36:10,506 - __main__ - INFO -    Client 34 -> head (509f9c42da16...), Node CPUs: 128.0, Clients on node: 50
2025-12-26 22:36:10,507 - __main__ - INFO -    Client 35 -> head (509f9c42da16...), Node CPUs: 128.0, Clients on node: 50
2025-12-26 22:36:10,507 - __main__ - INFO -    Client 36 -> head (509f9c42da16...), Node CPUs: 128.0, Clients on node: 50
2025-12-26 22:36:10,508 - __main__ - INFO -    Client 37 -> head (509f9c42da16...), Node CPUs: 128.0, Clients on node: 50
2025-12-26 22:36:10,508 - __main__ - INFO -    Client 38 -> head (509f9c42da16...), Node CPUs: 128.0, Clients on node: 50
2025-12-26 22:36:10,509 - __main__ - INFO -    Client 39 -> head (509f9c42da16...), Node CPUs: 128.0, Clients on node: 50
2025-12-26 22:36:10,509 - __main__ - INFO -    Client 40 -> head (509f9c42da16...), Node CPUs: 128.0, Clients on node: 50
2025-12-26 22:36:10,510 - __main__ - INFO -    Client 41 -> head (509f9c42da16...), Node CPUs: 128.0, Clients on node: 50
2025-12-26 22:36:10,510 - __main__ - INFO -    Client 42 -> head (509f9c42da16...), Node CPUs: 128.0, Clients on node: 50
2025-12-26 22:36:10,511 - __main__ - INFO -    Client 43 -> head (509f9c42da16...), Node CPUs: 128.0, Clients on node: 50
2025-12-26 22:36:10,511 - __main__ - INFO -    Client 44 -> head (509f9c42da16...), Node CPUs: 128.0, Clients on node: 50
2025-12-26 22:36:10,512 - __main__ - INFO -    Client 45 -> head (509f9c42da16...), Node CPUs: 128.0, Clients on node: 50
2025-12-26 22:36:10,512 - __main__ - INFO -    Client 46 -> head (509f9c42da16...), Node CPUs: 128.0, Clients on node: 50
2025-12-26 22:36:10,513 - __main__ - INFO -    Client 47 -> head (509f9c42da16...), Node CPUs: 128.0, Clients on node: 50
2025-12-26 22:36:10,513 - __main__ - INFO -    Client 48 -> head (509f9c42da16...), Node CPUs: 128.0, Clients on node: 50
2025-12-26 22:36:10,514 - __main__ - INFO -    Client 49 -> head (509f9c42da16...), Node CPUs: 128.0, Clients on node: 50
2025-12-26 22:36:10,514 - __main__ - INFO -    Client 50 -> head (509f9c42da16...), Node CPUs: 128.0, Clients on node: 50
Traceback (most recent call last):
  File "/home/naicheng_li/FLTorrent/run_ray_hpc.py", line 4216, in main
    ray_fl.start_federated_learning()
  File "/home/naicheng_li/FLTorrent/run_ray_hpc.py", line 3525, in start_federated_learning
    self.logger.info(f"ðŸ”§ Client {client_id} resources: num_cpus={client_resources.get('num_cpus', 0):.4f}, "
TypeError: unsupported format string passed to NoneType.__format__
2025-12-26 22:36:10,515 - __main__ - INFO - ðŸ›‘ Stop all federated learning processes...
2025-12-26 22:36:10,538 - __main__ - INFO - âœ… Environment cleaned
2025-12-26 22:36:10,538 - __main__ - INFO - âœ… All resources stopped
