2025-12-27 06:58:17,774 - __main__ - INFO - 🚀 Start Ray V2 federated learning
2025-12-27 06:58:17,774 - __main__ - INFO - 📊 Configuration: 50 clients, 100 rounds training, total nodes: 51
2025-12-27 06:58:17,774 - __main__ - INFO - 🧹 Clean environment...
2025-12-27 06:58:24,406 - __main__ - INFO - 🗑️  Cleaned tmpfs chunk directory: /tmp/fl_chunks
2025-12-27 06:58:25,326 - __main__ - DEBUG - 🗑️  Cleaned mount directory (simple): /home/naicheng_li/FLTorrent/docker_data/tmp
2025-12-27 06:58:25,330 - __main__ - DEBUG - 🗑️  Cleaned mount directory (simple): /home/naicheng_li/FLTorrent/docker_data/app_tmp
2025-12-27 06:58:26,339 - __main__ - INFO - ✅ Environment cleanup completed
2025-12-27 06:58:26,339 - __main__ - INFO - 🚀 Applying host network optimizations for ultra-high concurrency...
2025-12-27 06:58:26,447 - __main__ - WARNING - ⚠️  22 network optimizations could not be applied (may need sudo access)
2025-12-27 06:58:26,447 - __main__ - DEBUG -    Failed: net.core.somaxconn - sudo: you do not exist in the passwd database
2025-12-27 06:58:26,447 - __main__ - DEBUG -    Failed: net.core.netdev_max_backlog - sudo: you do not exist in the passwd database
2025-12-27 06:58:26,447 - __main__ - DEBUG -    Failed: net.core.rmem_default - sudo: you do not exist in the passwd database
2025-12-27 06:58:26,447 - __main__ - WARNING - ⚠️  No host network optimizations applied! High-concurrency FL may experience issues.
2025-12-27 06:58:26,447 - __main__ - WARNING -    Consider running with sudo or contacting HPC admin to apply these settings.
2025-12-27 06:58:26,447 - __main__ - INFO - 🦭 Initializing Podman rootless environment...
2025-12-27 06:58:26,449 - __main__ - WARNING - ⚠️  Podman unavailable, trying Docker...
2025-12-27 06:58:26,450 - __main__ - INFO - 📦 Using non-container mode (Fallback)
2025-12-27 06:58:28,337 - __main__ - INFO - 🔍 Found available port for Ray dashboard: 8265
2025-12-27 06:58:28,411 - filelock - DEBUG - Attempting to acquire lock 139839988050784 on /home/naicheng_li/ray/session_2025-12-27_06-58-28_406238_2919034/node_ip_address.json.lock
2025-12-27 06:58:28,413 - filelock - DEBUG - Lock 139839988050784 acquired on /home/naicheng_li/ray/session_2025-12-27_06-58-28_406238_2919034/node_ip_address.json.lock
2025-12-27 06:58:28,416 - filelock - DEBUG - Attempting to release lock 139839988050784 on /home/naicheng_li/ray/session_2025-12-27_06-58-28_406238_2919034/node_ip_address.json.lock
2025-12-27 06:58:28,416 - filelock - DEBUG - Lock 139839988050784 released on /home/naicheng_li/ray/session_2025-12-27_06-58-28_406238_2919034/node_ip_address.json.lock
2025-12-27 06:58:28,417 - filelock - DEBUG - Attempting to acquire lock 139839988045024 on /home/naicheng_li/ray/session_2025-12-27_06-58-28_406238_2919034/ports_by_node.json.lock
2025-12-27 06:58:28,418 - filelock - DEBUG - Lock 139839988045024 acquired on /home/naicheng_li/ray/session_2025-12-27_06-58-28_406238_2919034/ports_by_node.json.lock
2025-12-27 06:58:28,420 - filelock - DEBUG - Attempting to release lock 139839988045024 on /home/naicheng_li/ray/session_2025-12-27_06-58-28_406238_2919034/ports_by_node.json.lock
2025-12-27 06:58:28,420 - filelock - DEBUG - Lock 139839988045024 released on /home/naicheng_li/ray/session_2025-12-27_06-58-28_406238_2919034/ports_by_node.json.lock
2025-12-27 06:58:28,420 - filelock - DEBUG - Attempting to acquire lock 139839988045072 on /home/naicheng_li/ray/session_2025-12-27_06-58-28_406238_2919034/ports_by_node.json.lock
2025-12-27 06:58:28,421 - filelock - DEBUG - Lock 139839988045072 acquired on /home/naicheng_li/ray/session_2025-12-27_06-58-28_406238_2919034/ports_by_node.json.lock
2025-12-27 06:58:28,423 - filelock - DEBUG - Attempting to release lock 139839988045072 on /home/naicheng_li/ray/session_2025-12-27_06-58-28_406238_2919034/ports_by_node.json.lock
2025-12-27 06:58:28,423 - filelock - DEBUG - Lock 139839988045072 released on /home/naicheng_li/ray/session_2025-12-27_06-58-28_406238_2919034/ports_by_node.json.lock
2025-12-27 06:58:28,423 - filelock - DEBUG - Attempting to acquire lock 139839988050640 on /home/naicheng_li/ray/session_2025-12-27_06-58-28_406238_2919034/ports_by_node.json.lock
2025-12-27 06:58:28,424 - filelock - DEBUG - Lock 139839988050640 acquired on /home/naicheng_li/ray/session_2025-12-27_06-58-28_406238_2919034/ports_by_node.json.lock
2025-12-27 06:58:28,425 - filelock - DEBUG - Attempting to release lock 139839988050640 on /home/naicheng_li/ray/session_2025-12-27_06-58-28_406238_2919034/ports_by_node.json.lock
2025-12-27 06:58:28,425 - filelock - DEBUG - Lock 139839988050640 released on /home/naicheng_li/ray/session_2025-12-27_06-58-28_406238_2919034/ports_by_node.json.lock
2025-12-27 06:58:28,425 - filelock - DEBUG - Attempting to acquire lock 139839988053280 on /home/naicheng_li/ray/session_2025-12-27_06-58-28_406238_2919034/ports_by_node.json.lock
2025-12-27 06:58:28,426 - filelock - DEBUG - Lock 139839988053280 acquired on /home/naicheng_li/ray/session_2025-12-27_06-58-28_406238_2919034/ports_by_node.json.lock
2025-12-27 06:58:28,428 - filelock - DEBUG - Attempting to release lock 139839988053280 on /home/naicheng_li/ray/session_2025-12-27_06-58-28_406238_2919034/ports_by_node.json.lock
2025-12-27 06:58:28,428 - filelock - DEBUG - Lock 139839988053280 released on /home/naicheng_li/ray/session_2025-12-27_06-58-28_406238_2919034/ports_by_node.json.lock
2025-12-27 06:58:28,428 - filelock - DEBUG - Attempting to acquire lock 139839988052224 on /home/naicheng_li/ray/session_2025-12-27_06-58-28_406238_2919034/ports_by_node.json.lock
2025-12-27 06:58:28,429 - filelock - DEBUG - Lock 139839988052224 acquired on /home/naicheng_li/ray/session_2025-12-27_06-58-28_406238_2919034/ports_by_node.json.lock
2025-12-27 06:58:28,430 - filelock - DEBUG - Attempting to release lock 139839988052224 on /home/naicheng_li/ray/session_2025-12-27_06-58-28_406238_2919034/ports_by_node.json.lock
2025-12-27 06:58:28,430 - filelock - DEBUG - Lock 139839988052224 released on /home/naicheng_li/ray/session_2025-12-27_06-58-28_406238_2919034/ports_by_node.json.lock
2025-12-27 06:58:30,835	INFO worker.py:1998 -- Started a local Ray instance. View the dashboard at [1m[32m10.0.0.2:8265 [39m[22m
/home/naicheng_li/.conda/envs/flv2/lib/python3.10/site-packages/ray/_private/worker.py:2046: FutureWarning: Tip: In future versions of Ray, Ray will no longer override accelerator visible devices env var if num_gpus=0 or num_gpus=None (default). To enable this behavior and turn off this error message, set RAY_ACCEL_ENV_VAR_OVERRIDE_ON_ZERO=0
  warnings.warn(
2025-12-27 06:58:31,844 - __main__ - INFO - 🚀 Ray cluster initialization completed:
2025-12-27 06:58:31,844 - __main__ - INFO -    📊 Resources: {'accelerator_type:A100': 1.0, 'node:10.0.0.2': 1.0, 'CPU': 64.0, 'object_store_memory': 145967201280.0, 'GPU': 4.0, 'node:__internal_head__': 1.0, 'memory': 376582439936.0}
2025-12-27 06:58:31,844 - __main__ - INFO -    🌐 Dashboard: http://127.0.0.1:8265
2025-12-27 06:58:31,844 - __main__ - DEBUG - Found node: 2c53d8cd2fcd... IP: 10.0.0.2, Resources: {'memory': 376582439936.0, 'node:__internal_head__': 1.0, 'GPU': 4.0, 'CPU': 64.0, 'object_store_memory': 145967201280.0, 'node:10.0.0.2': 1.0, 'accelerator_type:A100': 1.0}
2025-12-27 06:58:31,844 - __main__ - INFO - 🌐 Ray Cluster Topology:
2025-12-27 06:58:31,845 - __main__ - INFO -    📍 Head node: 2c53d8cd2fcd... (Server will run here)
2025-12-27 06:58:31,845 - __main__ - WARNING -    ⚠️ No worker nodes found! Clients will run on head node (not recommended)
2025-12-27 06:58:31,845 - __main__ - INFO - 🎮 Detected GPU type on node 2c53d8cd2fcd...: A100 -> 40.0GB per GPU
2025-12-27 06:58:31,845 - __main__ - INFO - 📍 Head node (2c53d8cd2fcd...): 4.0 GPUs, 160.0GB total memory
2025-12-27 06:58:31,845 - __main__ - INFO - 📊 Total GPU memory across all nodes: 160.0GB
2025-12-27 06:58:31,845 - __main__ - INFO - 📊 Memory per client: 3.0GB → Max capacity: 53 clients
2025-12-27 06:58:31,845 - __main__ - INFO -    Node 2c53d8cd2fcd...: 50 clients (160.0GB / 50 = 3.2GB/client)
2025-12-27 06:58:31,846 - __main__ - INFO -    Node 2c53d8cd2fcd...: 4.0 GPU, 50 clients, max 13 clients/GPU -> 0.0731 GPU/client
2025-12-27 06:58:31,846 - __main__ - INFO - 🎯 GPU allocation summary: {'total_available_gpus': 4.0, 'total_allocated_gpus': 3.655, 'utilization_rate': '91.38%', 'server': 'CPU only', 'per_node_allocation': {'2c53d8cd2fcd': {'count': 50, 'total_gpu': 3.6550000000000025}}, 'gpu_clients': 50, 'cpu_clients': 0}
2025-12-27 06:58:31,846 - __main__ - INFO - 📋 Client distribution: 50 GPU clients, 0 CPU clients
2025-12-27 06:58:31,847 - __main__ - INFO - 🔌 Single-node mode detected - UDS can be enabled
2025-12-27 06:58:31,847 - __main__ - INFO - 📍 Server scheduled to head node: 2c53d8cd2fcd...
2025-12-27 06:58:31,936 - __main__ - INFO - 📦 Using Fallback (no container) for Server
2025-12-27 06:58:32,022 - __main__ - INFO - ✅ Server started: unix:///tmp/federatedscope_uds/server_50175.sock:50175
2025-12-27 06:58:47,037 - __main__ - INFO - 📱 Edge device distribution: {'smartphone': 50}
2025-12-27 06:58:47,038 - __main__ - INFO - 📊 Client distribution plan:
2025-12-27 06:58:47,039 - __main__ - INFO -    Client 1 -> head (2c53d8cd2fcd...), Node CPUs: 64.0, Clients on node: 50
2025-12-27 06:58:47,039 - __main__ - INFO -    Client 2 -> head (2c53d8cd2fcd...), Node CPUs: 64.0, Clients on node: 50
2025-12-27 06:58:47,040 - __main__ - INFO -    Client 3 -> head (2c53d8cd2fcd...), Node CPUs: 64.0, Clients on node: 50
2025-12-27 06:58:47,040 - __main__ - INFO -    Client 4 -> head (2c53d8cd2fcd...), Node CPUs: 64.0, Clients on node: 50
2025-12-27 06:58:47,040 - __main__ - INFO -    Client 5 -> head (2c53d8cd2fcd...), Node CPUs: 64.0, Clients on node: 50
2025-12-27 06:58:47,041 - __main__ - INFO -    Client 6 -> head (2c53d8cd2fcd...), Node CPUs: 64.0, Clients on node: 50
2025-12-27 06:58:47,041 - __main__ - INFO -    Client 7 -> head (2c53d8cd2fcd...), Node CPUs: 64.0, Clients on node: 50
2025-12-27 06:58:47,042 - __main__ - INFO -    Client 8 -> head (2c53d8cd2fcd...), Node CPUs: 64.0, Clients on node: 50
2025-12-27 06:58:47,042 - __main__ - INFO -    Client 9 -> head (2c53d8cd2fcd...), Node CPUs: 64.0, Clients on node: 50
2025-12-27 06:58:47,043 - __main__ - INFO -    Client 10 -> head (2c53d8cd2fcd...), Node CPUs: 64.0, Clients on node: 50
2025-12-27 06:58:47,043 - __main__ - INFO -    Client 11 -> head (2c53d8cd2fcd...), Node CPUs: 64.0, Clients on node: 50
2025-12-27 06:58:47,043 - __main__ - INFO -    Client 12 -> head (2c53d8cd2fcd...), Node CPUs: 64.0, Clients on node: 50
2025-12-27 06:58:47,044 - __main__ - INFO -    Client 13 -> head (2c53d8cd2fcd...), Node CPUs: 64.0, Clients on node: 50
2025-12-27 06:58:47,044 - __main__ - INFO -    Client 14 -> head (2c53d8cd2fcd...), Node CPUs: 64.0, Clients on node: 50
2025-12-27 06:58:47,045 - __main__ - INFO -    Client 15 -> head (2c53d8cd2fcd...), Node CPUs: 64.0, Clients on node: 50
2025-12-27 06:58:47,045 - __main__ - INFO -    Client 16 -> head (2c53d8cd2fcd...), Node CPUs: 64.0, Clients on node: 50
2025-12-27 06:58:47,045 - __main__ - INFO -    Client 17 -> head (2c53d8cd2fcd...), Node CPUs: 64.0, Clients on node: 50
2025-12-27 06:58:47,046 - __main__ - INFO -    Client 18 -> head (2c53d8cd2fcd...), Node CPUs: 64.0, Clients on node: 50
2025-12-27 06:58:47,046 - __main__ - INFO -    Client 19 -> head (2c53d8cd2fcd...), Node CPUs: 64.0, Clients on node: 50
2025-12-27 06:58:47,046 - __main__ - INFO -    Client 20 -> head (2c53d8cd2fcd...), Node CPUs: 64.0, Clients on node: 50
2025-12-27 06:58:47,047 - __main__ - INFO -    Client 21 -> head (2c53d8cd2fcd...), Node CPUs: 64.0, Clients on node: 50
2025-12-27 06:58:47,047 - __main__ - INFO -    Client 22 -> head (2c53d8cd2fcd...), Node CPUs: 64.0, Clients on node: 50
2025-12-27 06:58:47,048 - __main__ - INFO -    Client 23 -> head (2c53d8cd2fcd...), Node CPUs: 64.0, Clients on node: 50
2025-12-27 06:58:47,048 - __main__ - INFO -    Client 24 -> head (2c53d8cd2fcd...), Node CPUs: 64.0, Clients on node: 50
2025-12-27 06:58:47,048 - __main__ - INFO -    Client 25 -> head (2c53d8cd2fcd...), Node CPUs: 64.0, Clients on node: 50
2025-12-27 06:58:47,049 - __main__ - INFO -    Client 26 -> head (2c53d8cd2fcd...), Node CPUs: 64.0, Clients on node: 50
2025-12-27 06:58:47,049 - __main__ - INFO -    Client 27 -> head (2c53d8cd2fcd...), Node CPUs: 64.0, Clients on node: 50
2025-12-27 06:58:47,049 - __main__ - INFO -    Client 28 -> head (2c53d8cd2fcd...), Node CPUs: 64.0, Clients on node: 50
2025-12-27 06:58:47,050 - __main__ - INFO -    Client 29 -> head (2c53d8cd2fcd...), Node CPUs: 64.0, Clients on node: 50
2025-12-27 06:58:47,050 - __main__ - INFO -    Client 30 -> head (2c53d8cd2fcd...), Node CPUs: 64.0, Clients on node: 50
2025-12-27 06:58:47,050 - __main__ - INFO -    Client 31 -> head (2c53d8cd2fcd...), Node CPUs: 64.0, Clients on node: 50
2025-12-27 06:58:47,051 - __main__ - INFO -    Client 32 -> head (2c53d8cd2fcd...), Node CPUs: 64.0, Clients on node: 50
2025-12-27 06:58:47,051 - __main__ - INFO -    Client 33 -> head (2c53d8cd2fcd...), Node CPUs: 64.0, Clients on node: 50
2025-12-27 06:58:47,052 - __main__ - INFO -    Client 34 -> head (2c53d8cd2fcd...), Node CPUs: 64.0, Clients on node: 50
2025-12-27 06:58:47,052 - __main__ - INFO -    Client 35 -> head (2c53d8cd2fcd...), Node CPUs: 64.0, Clients on node: 50
2025-12-27 06:58:47,052 - __main__ - INFO -    Client 36 -> head (2c53d8cd2fcd...), Node CPUs: 64.0, Clients on node: 50
2025-12-27 06:58:47,053 - __main__ - INFO -    Client 37 -> head (2c53d8cd2fcd...), Node CPUs: 64.0, Clients on node: 50
2025-12-27 06:58:47,053 - __main__ - INFO -    Client 38 -> head (2c53d8cd2fcd...), Node CPUs: 64.0, Clients on node: 50
2025-12-27 06:58:47,053 - __main__ - INFO -    Client 39 -> head (2c53d8cd2fcd...), Node CPUs: 64.0, Clients on node: 50
2025-12-27 06:58:47,054 - __main__ - INFO -    Client 40 -> head (2c53d8cd2fcd...), Node CPUs: 64.0, Clients on node: 50
2025-12-27 06:58:47,054 - __main__ - INFO -    Client 41 -> head (2c53d8cd2fcd...), Node CPUs: 64.0, Clients on node: 50
2025-12-27 06:58:47,054 - __main__ - INFO -    Client 42 -> head (2c53d8cd2fcd...), Node CPUs: 64.0, Clients on node: 50
2025-12-27 06:58:47,055 - __main__ - INFO -    Client 43 -> head (2c53d8cd2fcd...), Node CPUs: 64.0, Clients on node: 50
2025-12-27 06:58:47,055 - __main__ - INFO -    Client 44 -> head (2c53d8cd2fcd...), Node CPUs: 64.0, Clients on node: 50
2025-12-27 06:58:47,055 - __main__ - INFO -    Client 45 -> head (2c53d8cd2fcd...), Node CPUs: 64.0, Clients on node: 50
2025-12-27 06:58:47,056 - __main__ - INFO -    Client 46 -> head (2c53d8cd2fcd...), Node CPUs: 64.0, Clients on node: 50
2025-12-27 06:58:47,056 - __main__ - INFO -    Client 47 -> head (2c53d8cd2fcd...), Node CPUs: 64.0, Clients on node: 50
2025-12-27 06:58:47,057 - __main__ - INFO -    Client 48 -> head (2c53d8cd2fcd...), Node CPUs: 64.0, Clients on node: 50
2025-12-27 06:58:47,057 - __main__ - INFO -    Client 49 -> head (2c53d8cd2fcd...), Node CPUs: 64.0, Clients on node: 50
2025-12-27 06:58:47,057 - __main__ - INFO -    Client 50 -> head (2c53d8cd2fcd...), Node CPUs: 64.0, Clients on node: 50
2025-12-27 06:58:47,058 - __main__ - INFO - 🔧 Client 1 resources: num_cpus=1.1120, num_gpus=0.0731, memory=2.00GB
2025-12-27 06:58:47,159 - __main__ - INFO - ✅ Client 1 (smartphone) started on head node (2c53d8cd2fcd...)
2025-12-27 06:58:50,163 - __main__ - INFO - 🔧 Client 2 resources: num_cpus=1.1120, num_gpus=0.0731, memory=2.00GB
2025-12-27 06:58:50,250 - __main__ - INFO - ✅ Client 2 (smartphone) started on head node (2c53d8cd2fcd...)
2025-12-27 06:58:53,254 - __main__ - INFO - 🔧 Client 3 resources: num_cpus=1.1120, num_gpus=0.0731, memory=2.00GB
2025-12-27 06:58:53,333 - __main__ - INFO - ✅ Client 3 (smartphone) started on head node (2c53d8cd2fcd...)
2025-12-27 06:58:56,334 - __main__ - INFO - 🔧 Client 4 resources: num_cpus=1.1120, num_gpus=0.0731, memory=2.00GB
2025-12-27 06:58:56,424 - __main__ - INFO - ✅ Client 4 (smartphone) started on head node (2c53d8cd2fcd...)
2025-12-27 06:58:59,427 - __main__ - INFO - 🔧 Client 5 resources: num_cpus=1.1120, num_gpus=0.0731, memory=2.00GB
2025-12-27 06:58:59,516 - __main__ - INFO - ✅ Client 5 (smartphone) started on head node (2c53d8cd2fcd...)
2025-12-27 06:59:02,520 - __main__ - INFO - 🔧 Client 6 resources: num_cpus=1.1120, num_gpus=0.0731, memory=2.00GB
2025-12-27 06:59:02,597 - __main__ - INFO - ✅ Client 6 (smartphone) started on head node (2c53d8cd2fcd...)
2025-12-27 06:59:05,599 - __main__ - INFO - 🔧 Client 7 resources: num_cpus=1.1120, num_gpus=0.0731, memory=2.00GB
2025-12-27 06:59:05,686 - __main__ - INFO - ✅ Client 7 (smartphone) started on head node (2c53d8cd2fcd...)
2025-12-27 06:59:08,690 - __main__ - INFO - 🔧 Client 8 resources: num_cpus=1.1120, num_gpus=0.0731, memory=2.00GB
2025-12-27 06:59:08,774 - __main__ - INFO - ✅ Client 8 (smartphone) started on head node (2c53d8cd2fcd...)
2025-12-27 06:59:11,776 - __main__ - INFO - 🔧 Client 9 resources: num_cpus=1.1120, num_gpus=0.0731, memory=2.00GB
2025-12-27 06:59:11,859 - __main__ - INFO - ✅ Client 9 (smartphone) started on head node (2c53d8cd2fcd...)
2025-12-27 06:59:14,859 - __main__ - INFO - 🔧 Client 10 resources: num_cpus=1.1120, num_gpus=0.0731, memory=2.00GB
2025-12-27 06:59:14,952 - __main__ - INFO - ✅ Client 10 (smartphone) started on head node (2c53d8cd2fcd...)
2025-12-27 06:59:17,954 - __main__ - INFO - 🔧 Client 11 resources: num_cpus=1.1120, num_gpus=0.0731, memory=2.00GB
2025-12-27 06:59:18,053 - __main__ - INFO - ✅ Client 11 (smartphone) started on head node (2c53d8cd2fcd...)
2025-12-27 06:59:21,057 - __main__ - INFO - 🔧 Client 12 resources: num_cpus=1.1120, num_gpus=0.0731, memory=2.00GB
2025-12-27 06:59:21,142 - __main__ - INFO - ✅ Client 12 (smartphone) started on head node (2c53d8cd2fcd...)
2025-12-27 06:59:24,146 - __main__ - INFO - 🔧 Client 13 resources: num_cpus=1.1120, num_gpus=0.0731, memory=2.00GB
2025-12-27 06:59:24,231 - __main__ - INFO - ✅ Client 13 (smartphone) started on head node (2c53d8cd2fcd...)
2025-12-27 06:59:27,233 - __main__ - INFO - 🔧 Client 14 resources: num_cpus=1.1120, num_gpus=0.0731, memory=2.00GB
2025-12-27 06:59:27,325 - __main__ - INFO - ✅ Client 14 (smartphone) started on head node (2c53d8cd2fcd...)
2025-12-27 06:59:30,327 - __main__ - INFO - 🔧 Client 15 resources: num_cpus=1.1120, num_gpus=0.0731, memory=2.00GB
2025-12-27 06:59:30,410 - __main__ - INFO - ✅ Client 15 (smartphone) started on head node (2c53d8cd2fcd...)
2025-12-27 06:59:33,413 - __main__ - INFO - 🔧 Client 16 resources: num_cpus=1.1120, num_gpus=0.0731, memory=2.00GB
2025-12-27 06:59:33,493 - __main__ - INFO - ✅ Client 16 (smartphone) started on head node (2c53d8cd2fcd...)
2025-12-27 06:59:36,497 - __main__ - INFO - 🔧 Client 17 resources: num_cpus=1.1120, num_gpus=0.0731, memory=2.00GB
2025-12-27 06:59:36,578 - __main__ - INFO - ✅ Client 17 (smartphone) started on head node (2c53d8cd2fcd...)
2025-12-27 06:59:39,581 - __main__ - INFO - 🔧 Client 18 resources: num_cpus=1.1120, num_gpus=0.0731, memory=2.00GB
2025-12-27 06:59:39,671 - __main__ - INFO - ✅ Client 18 (smartphone) started on head node (2c53d8cd2fcd...)
2025-12-27 06:59:42,673 - __main__ - INFO - 🔧 Client 19 resources: num_cpus=1.1120, num_gpus=0.0731, memory=2.00GB
2025-12-27 06:59:42,755 - __main__ - INFO - ✅ Client 19 (smartphone) started on head node (2c53d8cd2fcd...)
2025-12-27 06:59:45,756 - __main__ - INFO - 🔧 Client 20 resources: num_cpus=1.1120, num_gpus=0.0731, memory=2.00GB
2025-12-27 06:59:45,840 - __main__ - INFO - ✅ Client 20 (smartphone) started on head node (2c53d8cd2fcd...)
2025-12-27 06:59:48,843 - __main__ - INFO - 🔧 Client 21 resources: num_cpus=1.1120, num_gpus=0.0731, memory=2.00GB
2025-12-27 06:59:48,925 - __main__ - INFO - ✅ Client 21 (smartphone) started on head node (2c53d8cd2fcd...)
2025-12-27 06:59:51,929 - __main__ - INFO - 🔧 Client 22 resources: num_cpus=1.1120, num_gpus=0.0731, memory=2.00GB
2025-12-27 06:59:52,009 - __main__ - INFO - ✅ Client 22 (smartphone) started on head node (2c53d8cd2fcd...)
2025-12-27 06:59:55,012 - __main__ - INFO - 🔧 Client 23 resources: num_cpus=1.1120, num_gpus=0.0731, memory=2.00GB
2025-12-27 06:59:55,101 - __main__ - INFO - ✅ Client 23 (smartphone) started on head node (2c53d8cd2fcd...)
2025-12-27 06:59:58,102 - __main__ - INFO - 🔧 Client 24 resources: num_cpus=1.1120, num_gpus=0.0731, memory=2.00GB
2025-12-27 06:59:58,183 - __main__ - INFO - ✅ Client 24 (smartphone) started on head node (2c53d8cd2fcd...)
2025-12-27 07:00:01,184 - __main__ - INFO - 🔧 Client 25 resources: num_cpus=1.1120, num_gpus=0.0731, memory=2.00GB
2025-12-27 07:00:01,267 - __main__ - INFO - ✅ Client 25 (smartphone) started on head node (2c53d8cd2fcd...)
2025-12-27 07:00:04,269 - __main__ - INFO - 🔧 Client 26 resources: num_cpus=1.1120, num_gpus=0.0731, memory=2.00GB
2025-12-27 07:00:04,348 - __main__ - INFO - ✅ Client 26 (smartphone) started on head node (2c53d8cd2fcd...)
2025-12-27 07:00:07,350 - __main__ - INFO - 🔧 Client 27 resources: num_cpus=1.1120, num_gpus=0.0731, memory=2.00GB
2025-12-27 07:00:07,430 - __main__ - INFO - ✅ Client 27 (smartphone) started on head node (2c53d8cd2fcd...)
2025-12-27 07:00:10,432 - __main__ - INFO - 🔧 Client 28 resources: num_cpus=1.1120, num_gpus=0.0731, memory=2.00GB
2025-12-27 07:00:10,516 - __main__ - INFO - ✅ Client 28 (smartphone) started on head node (2c53d8cd2fcd...)
2025-12-27 07:00:13,520 - __main__ - INFO - 🔧 Client 29 resources: num_cpus=1.1120, num_gpus=0.0731, memory=2.00GB
2025-12-27 07:00:13,604 - __main__ - INFO - ✅ Client 29 (smartphone) started on head node (2c53d8cd2fcd...)
2025-12-27 07:00:16,607 - __main__ - INFO - 🔧 Client 30 resources: num_cpus=1.1120, num_gpus=0.0731, memory=2.00GB
2025-12-27 07:00:16,692 - __main__ - INFO - ✅ Client 30 (smartphone) started on head node (2c53d8cd2fcd...)
2025-12-27 07:00:19,695 - __main__ - INFO - 🔧 Client 31 resources: num_cpus=1.1120, num_gpus=0.0731, memory=2.00GB
2025-12-27 07:00:19,783 - __main__ - INFO - ✅ Client 31 (smartphone) started on head node (2c53d8cd2fcd...)
2025-12-27 07:00:22,787 - __main__ - INFO - 🔧 Client 32 resources: num_cpus=1.1120, num_gpus=0.0731, memory=2.00GB
2025-12-27 07:00:22,865 - __main__ - INFO - ✅ Client 32 (smartphone) started on head node (2c53d8cd2fcd...)
2025-12-27 07:00:25,868 - __main__ - INFO - 🔧 Client 33 resources: num_cpus=1.1120, num_gpus=0.0731, memory=2.00GB
2025-12-27 07:00:25,947 - __main__ - INFO - ✅ Client 33 (smartphone) started on head node (2c53d8cd2fcd...)
2025-12-27 07:00:28,951 - __main__ - INFO - 🔧 Client 34 resources: num_cpus=1.1120, num_gpus=0.0731, memory=2.00GB
2025-12-27 07:00:29,042 - __main__ - INFO - ✅ Client 34 (smartphone) started on head node (2c53d8cd2fcd...)
2025-12-27 07:00:32,043 - __main__ - INFO - 🔧 Client 35 resources: num_cpus=1.1120, num_gpus=0.0731, memory=2.00GB
2025-12-27 07:00:32,126 - __main__ - INFO - ✅ Client 35 (smartphone) started on head node (2c53d8cd2fcd...)
2025-12-27 07:00:35,130 - __main__ - INFO - 🔧 Client 36 resources: num_cpus=1.1120, num_gpus=0.0731, memory=2.00GB
2025-12-27 07:00:35,214 - __main__ - INFO - ✅ Client 36 (smartphone) started on head node (2c53d8cd2fcd...)
2025-12-27 07:00:38,218 - __main__ - INFO - 🔧 Client 37 resources: num_cpus=1.1120, num_gpus=0.0731, memory=2.00GB
2025-12-27 07:00:38,308 - __main__ - INFO - ✅ Client 37 (smartphone) started on head node (2c53d8cd2fcd...)
2025-12-27 07:00:41,312 - __main__ - INFO - 🔧 Client 38 resources: num_cpus=1.1120, num_gpus=0.0731, memory=2.00GB
2025-12-27 07:00:41,402 - __main__ - INFO - ✅ Client 38 (smartphone) started on head node (2c53d8cd2fcd...)
2025-12-27 07:00:44,404 - __main__ - INFO - 🔧 Client 39 resources: num_cpus=1.1120, num_gpus=0.0731, memory=2.00GB
2025-12-27 07:00:44,499 - __main__ - INFO - ✅ Client 39 (smartphone) started on head node (2c53d8cd2fcd...)
2025-12-27 07:00:47,501 - __main__ - INFO - 🔧 Client 40 resources: num_cpus=1.1120, num_gpus=0.0731, memory=2.00GB
2025-12-27 07:00:47,592 - __main__ - INFO - ✅ Client 40 (smartphone) started on head node (2c53d8cd2fcd...)
2025-12-27 07:00:50,594 - __main__ - INFO - 🔧 Client 41 resources: num_cpus=1.1120, num_gpus=0.0731, memory=2.00GB
2025-12-27 07:00:50,693 - __main__ - INFO - ✅ Client 41 (smartphone) started on head node (2c53d8cd2fcd...)
2025-12-27 07:00:53,697 - __main__ - INFO - 🔧 Client 42 resources: num_cpus=1.1120, num_gpus=0.0731, memory=2.00GB
2025-12-27 07:00:53,795 - __main__ - INFO - ✅ Client 42 (smartphone) started on head node (2c53d8cd2fcd...)
2025-12-27 07:00:56,798 - __main__ - INFO - 🔧 Client 43 resources: num_cpus=1.1120, num_gpus=0.0731, memory=2.00GB
2025-12-27 07:00:56,886 - __main__ - INFO - ✅ Client 43 (smartphone) started on head node (2c53d8cd2fcd...)
2025-12-27 07:00:59,886 - __main__ - INFO - 🔧 Client 44 resources: num_cpus=1.1120, num_gpus=0.0731, memory=2.00GB
2025-12-27 07:00:59,981 - __main__ - INFO - ✅ Client 44 (smartphone) started on head node (2c53d8cd2fcd...)
2025-12-27 07:01:02,985 - __main__ - INFO - 🔧 Client 45 resources: num_cpus=1.1120, num_gpus=0.0731, memory=2.00GB
2025-12-27 07:01:03,078 - __main__ - INFO - ✅ Client 45 (smartphone) started on head node (2c53d8cd2fcd...)
2025-12-27 07:01:06,080 - __main__ - INFO - 🔧 Client 46 resources: num_cpus=1.1120, num_gpus=0.0731, memory=2.00GB
2025-12-27 07:01:06,176 - __main__ - INFO - ✅ Client 46 (smartphone) started on head node (2c53d8cd2fcd...)
2025-12-27 07:01:09,177 - __main__ - INFO - 🔧 Client 47 resources: num_cpus=1.1120, num_gpus=0.0731, memory=2.00GB
2025-12-27 07:01:09,270 - __main__ - INFO - ✅ Client 47 (smartphone) started on head node (2c53d8cd2fcd...)
2025-12-27 07:01:12,271 - __main__ - INFO - 🔧 Client 48 resources: num_cpus=1.1120, num_gpus=0.0731, memory=2.00GB
2025-12-27 07:01:12,371 - __main__ - INFO - ✅ Client 48 (smartphone) started on head node (2c53d8cd2fcd...)
2025-12-27 07:01:15,374 - __main__ - INFO - 🔧 Client 49 resources: num_cpus=1.1120, num_gpus=0.0731, memory=2.00GB
2025-12-27 07:01:15,468 - __main__ - INFO - ✅ Client 49 (smartphone) started on head node (2c53d8cd2fcd...)
2025-12-27 07:01:18,470 - __main__ - INFO - 🔧 Client 50 resources: num_cpus=1.1120, num_gpus=0.0731, memory=2.00GB
2025-12-27 07:01:18,560 - __main__ - INFO - ✅ Client 50 (smartphone) started on head node (2c53d8cd2fcd...)
2025-12-27 07:01:21,562 - __main__ - INFO - ✅ 50/50 Docker clients started successfully
2025-12-27 07:01:21,562 - __main__ - INFO - ✅ All 50 clients have completed startup
2025-12-27 07:01:21,562 - __main__ - INFO - 📊 Starting training monitoring (999999999 seconds)...
2025-12-27 07:01:21,571 - __main__ - INFO - ⏰ 0s | Server: running (CPU) | Clients: 50 nodes (fractional GPU) | Ray GPU usage: 3.7/4.0 (91.4%)
2025-12-27 07:01:26,587 - __main__ - INFO - ⏰ 5s | Server: running (CPU) | Clients: 50 nodes (fractional GPU) | Ray GPU usage: 3.7/4.0 (91.4%)
2025-12-27 07:01:31,605 - __main__ - INFO - ⏰ 10s | Server: running (CPU) | Clients: 50 nodes (fractional GPU) | Ray GPU usage: 3.7/4.0 (91.4%)
2025-12-27 07:01:36,623 - __main__ - INFO - ⏰ 15s | Server: running (CPU) | Clients: 50 nodes (fractional GPU) | Ray GPU usage: 3.7/4.0 (91.4%)
2025-12-27 07:01:41,637 - __main__ - INFO - ⏰ 20s | Server: running (CPU) | Clients: 50 nodes (fractional GPU) | Ray GPU usage: 3.7/4.0 (91.4%)
2025-12-27 07:01:46,654 - __main__ - INFO - ⏰ 25s | Server: running (CPU) | Clients: 50 nodes (fractional GPU) | Ray GPU usage: 3.7/4.0 (91.4%)
2025-12-27 07:01:51,674 - __main__ - INFO - ⏰ 30s | Server: running (CPU) | Clients: 50 nodes (fractional GPU) | Ray GPU usage: 3.7/4.0 (91.4%)
2025-12-27 07:01:56,694 - __main__ - INFO - ⏰ 35s | Server: running (CPU) | Clients: 50 nodes (fractional GPU) | Ray GPU usage: 3.7/4.0 (91.4%)
2025-12-27 07:02:01,712 - __main__ - INFO - ⏰ 40s | Server: running (CPU) | Clients: 50 nodes (fractional GPU) | Ray GPU usage: 3.7/4.0 (91.4%)
2025-12-27 07:02:06,727 - __main__ - INFO - ⏰ 45s | Server: running (CPU) | Clients: 50 nodes (fractional GPU) | Ray GPU usage: 3.7/4.0 (91.4%)
2025-12-27 07:02:11,739 - __main__ - INFO - ⏰ 50s | Server: running (CPU) | Clients: 50 nodes (fractional GPU) | Ray GPU usage: 3.7/4.0 (91.4%)
2025-12-27 07:02:16,754 - __main__ - INFO - ⏰ 55s | Server: running (CPU) | Clients: 50 nodes (fractional GPU) | Ray GPU usage: 3.7/4.0 (91.4%)
2025-12-27 07:02:21,767 - __main__ - INFO - ⏰ 60s | Server: running (CPU) | Clients: 50 nodes (fractional GPU) | Ray GPU usage: 3.7/4.0 (91.4%)
2025-12-27 07:02:26,777 - __main__ - INFO - ⏰ 65s | Server: running (CPU) | Clients: 50 nodes (fractional GPU) | Ray GPU usage: 3.7/4.0 (91.4%)
2025-12-27 07:02:31,790 - __main__ - INFO - ⏰ 70s | Server: running (CPU) | Clients: 50 nodes (fractional GPU) | Ray GPU usage: 3.7/4.0 (91.4%)
2025-12-27 07:02:36,802 - __main__ - INFO - ⏰ 75s | Server: running (CPU) | Clients: 50 nodes (fractional GPU) | Ray GPU usage: 3.7/4.0 (91.4%)
2025-12-27 07:02:41,811 - __main__ - INFO - ⏰ 80s | Server: running (CPU) | Clients: 50 nodes (fractional GPU) | Ray GPU usage: 3.7/4.0 (91.4%)
2025-12-27 07:02:46,823 - __main__ - INFO - ⏰ 85s | Server: running (CPU) | Clients: 50 nodes (fractional GPU) | Ray GPU usage: 3.7/4.0 (91.4%)
2025-12-27 07:02:51,838 - __main__ - INFO - ⏰ 90s | Server: running (CPU) | Clients: 50 nodes (fractional GPU) | Ray GPU usage: 3.7/4.0 (91.4%)
2025-12-27 07:02:56,849 - __main__ - INFO - ⏰ 95s | Server: running (CPU) | Clients: 50 nodes (fractional GPU) | Ray GPU usage: 3.7/4.0 (91.4%)
2025-12-27 07:03:01,860 - __main__ - INFO - ⏰ 100s | Server: running (CPU) | Clients: 50 nodes (fractional GPU) | Ray GPU usage: 3.7/4.0 (91.4%)
2025-12-27 07:03:06,875 - __main__ - INFO - ⏰ 105s | Server: running (CPU) | Clients: 50 nodes (fractional GPU) | Ray GPU usage: 3.7/4.0 (91.4%)
2025-12-27 07:03:11,890 - __main__ - INFO - ⏰ 110s | Server: running (CPU) | Clients: 50 nodes (fractional GPU) | Ray GPU usage: 3.7/4.0 (91.4%)
2025-12-27 07:03:16,903 - __main__ - INFO - ⏰ 115s | Server: running (CPU) | Clients: 50 nodes (fractional GPU) | Ray GPU usage: 3.7/4.0 (91.4%)
2025-12-27 07:03:21,912 - __main__ - INFO - ⏰ 120s | Server: running (CPU) | Clients: 50 nodes (fractional GPU) | Ray GPU usage: 3.7/4.0 (91.4%)
2025-12-27 07:03:26,924 - __main__ - INFO - ⏰ 125s | Server: running (CPU) | Clients: 50 nodes (fractional GPU) | Ray GPU usage: 3.7/4.0 (91.4%)
2025-12-27 07:03:31,939 - __main__ - INFO - ⏰ 130s | Server: running (CPU) | Clients: 50 nodes (fractional GPU) | Ray GPU usage: 3.7/4.0 (91.4%)
2025-12-27 07:03:36,949 - __main__ - INFO - ⏰ 135s | Server: running (CPU) | Clients: 50 nodes (fractional GPU) | Ray GPU usage: 3.7/4.0 (91.4%)
2025-12-27 07:03:41,962 - __main__ - INFO - ⏰ 140s | Server: running (CPU) | Clients: 50 nodes (fractional GPU) | Ray GPU usage: 3.7/4.0 (91.4%)
2025-12-27 07:03:46,977 - __main__ - INFO - ⏰ 145s | Server: running (CPU) | Clients: 50 nodes (fractional GPU) | Ray GPU usage: 3.7/4.0 (91.4%)
2025-12-27 07:03:51,992 - __main__ - INFO - ⏰ 150s | Server: running (CPU) | Clients: 50 nodes (fractional GPU) | Ray GPU usage: 3.7/4.0 (91.4%)
2025-12-27 07:03:57,003 - __main__ - INFO - ⏰ 155s | Server: running (CPU) | Clients: 50 nodes (fractional GPU) | Ray GPU usage: 3.7/4.0 (91.4%)
2025-12-27 07:04:02,018 - __main__ - INFO - ⏰ 160s | Server: running (CPU) | Clients: 50 nodes (fractional GPU) | Ray GPU usage: 3.7/4.0 (91.4%)
2025-12-27 07:04:07,031 - __main__ - INFO - ⏰ 165s | Server: running (CPU) | Clients: 50 nodes (fractional GPU) | Ray GPU usage: 3.7/4.0 (91.4%)
2025-12-27 07:04:12,046 - __main__ - INFO - ⏰ 170s | Server: running (CPU) | Clients: 50 nodes (fractional GPU) | Ray GPU usage: 3.7/4.0 (91.4%)
2025-12-27 07:04:17,058 - __main__ - INFO - ⏰ 175s | Server: running (CPU) | Clients: 50 nodes (fractional GPU) | Ray GPU usage: 3.7/4.0 (91.4%)
2025-12-27 07:04:22,069 - __main__ - INFO - ⏰ 180s | Server: running (CPU) | Clients: 50 nodes (fractional GPU) | Ray GPU usage: 3.7/4.0 (91.4%)
2025-12-27 07:04:27,085 - __main__ - INFO - ⏰ 185s | Server: running (CPU) | Clients: 50 nodes (fractional GPU) | Ray GPU usage: 3.7/4.0 (91.4%)
2025-12-27 07:04:32,114 - __main__ - INFO - ⏰ 190s | Server: running (CPU) | Clients: 50 nodes (fractional GPU) | Ray GPU usage: 3.7/4.0 (91.4%)
2025-12-27 07:04:37,131 - __main__ - INFO - ⏰ 195s | Server: running (CPU) | Clients: 50 nodes (fractional GPU) | Ray GPU usage: 3.7/4.0 (91.4%)
2025-12-27 07:04:42,150 - __main__ - INFO - ⏰ 200s | Server: running (CPU) | Clients: 50 nodes (fractional GPU) | Ray GPU usage: 3.7/4.0 (91.4%)
2025-12-27 07:04:47,167 - __main__ - INFO - ⏰ 205s | Server: running (CPU) | Clients: 50 nodes (fractional GPU) | Ray GPU usage: 3.7/4.0 (91.4%)
2025-12-27 07:04:52,182 - __main__ - INFO - ⏰ 210s | Server: running (CPU) | Clients: 50 nodes (fractional GPU) | Ray GPU usage: 3.7/4.0 (91.4%)
2025-12-27 07:04:57,194 - __main__ - INFO - ⏰ 215s | Server: running (CPU) | Clients: 50 nodes (fractional GPU) | Ray GPU usage: 3.7/4.0 (91.4%)
2025-12-27 07:05:02,208 - __main__ - INFO - ⏰ 220s | Server: running (CPU) | Clients: 50 nodes (fractional GPU) | Ray GPU usage: 3.7/4.0 (91.4%)
2025-12-27 07:05:07,221 - __main__ - INFO - ⏰ 225s | Server: running (CPU) | Clients: 50 nodes (fractional GPU) | Ray GPU usage: 3.7/4.0 (91.4%)
2025-12-27 07:05:12,231 - __main__ - INFO - ⏰ 230s | Server: running (CPU) | Clients: 50 nodes (fractional GPU) | Ray GPU usage: 3.7/4.0 (91.4%)
2025-12-27 07:05:17,246 - __main__ - INFO - ⏰ 235s | Server: running (CPU) | Clients: 50 nodes (fractional GPU) | Ray GPU usage: 3.7/4.0 (91.4%)
2025-12-27 07:05:22,261 - __main__ - INFO - ⏰ 240s | Server: running (CPU) | Clients: 50 nodes (fractional GPU) | Ray GPU usage: 3.7/4.0 (91.4%)
2025-12-27 07:05:27,276 - __main__ - INFO - ⏰ 245s | Server: running (CPU) | Clients: 50 nodes (fractional GPU) | Ray GPU usage: 3.7/4.0 (91.4%)
2025-12-27 07:05:32,287 - __main__ - INFO - ⏰ 250s | Server: running (CPU) | Clients: 50 nodes (fractional GPU) | Ray GPU usage: 3.7/4.0 (91.4%)
2025-12-27 07:05:37,301 - __main__ - INFO - ⏰ 255s | Server: running (CPU) | Clients: 50 nodes (fractional GPU) | Ray GPU usage: 3.7/4.0 (91.4%)
2025-12-27 07:05:42,315 - __main__ - INFO - ⏰ 260s | Server: running (CPU) | Clients: 50 nodes (fractional GPU) | Ray GPU usage: 3.7/4.0 (91.4%)
2025-12-27 07:05:47,325 - __main__ - INFO - ⏰ 265s | Server: running (CPU) | Clients: 50 nodes (fractional GPU) | Ray GPU usage: 3.7/4.0 (91.4%)
2025-12-27 07:05:52,340 - __main__ - INFO - ⏰ 270s | Server: running (CPU) | Clients: 50 nodes (fractional GPU) | Ray GPU usage: 3.7/4.0 (91.4%)
2025-12-27 07:05:57,353 - __main__ - INFO - ⏰ 275s | Server: running (CPU) | Clients: 50 nodes (fractional GPU) | Ray GPU usage: 3.7/4.0 (91.4%)
2025-12-27 07:06:02,363 - __main__ - INFO - ⏰ 280s | Server: running (CPU) | Clients: 50 nodes (fractional GPU) | Ray GPU usage: 3.7/4.0 (91.4%)
2025-12-27 07:06:07,377 - __main__ - INFO - ⏰ 285s | Server: running (CPU) | Clients: 50 nodes (fractional GPU) | Ray GPU usage: 3.7/4.0 (91.4%)
2025-12-27 07:06:12,388 - __main__ - INFO - ⏰ 290s | Server: running (CPU) | Clients: 50 nodes (fractional GPU) | Ray GPU usage: 3.7/4.0 (91.4%)
2025-12-27 07:06:17,399 - __main__ - INFO - ⏰ 295s | Server: running (CPU) | Clients: 50 nodes (fractional GPU) | Ray GPU usage: 3.7/4.0 (91.4%)
2025-12-27 07:06:22,409 - __main__ - INFO - ⏰ 300s | Server: running (CPU) | Clients: 50 nodes (fractional GPU) | Ray GPU usage: 3.7/4.0 (91.4%)
2025-12-27 07:06:27,420 - __main__ - INFO - ⏰ 305s | Server: running (CPU) | Clients: 50 nodes (fractional GPU) | Ray GPU usage: 3.7/4.0 (91.4%)
2025-12-27 07:06:32,430 - __main__ - INFO - ⏰ 310s | Server: running (CPU) | Clients: 50 nodes (fractional GPU) | Ray GPU usage: 3.7/4.0 (91.4%)
2025-12-27 07:06:37,444 - __main__ - INFO - ⏰ 315s | Server: running (CPU) | Clients: 50 nodes (fractional GPU) | Ray GPU usage: 3.7/4.0 (91.4%)
2025-12-27 07:06:42,460 - __main__ - INFO - ⏰ 320s | Server: running (CPU) | Clients: 50 nodes (fractional GPU) | Ray GPU usage: 3.7/4.0 (91.4%)
2025-12-27 07:06:47,474 - __main__ - INFO - ⏰ 325s | Server: running (CPU) | Clients: 50 nodes (fractional GPU) | Ray GPU usage: 3.7/4.0 (91.4%)
2025-12-27 07:06:52,488 - __main__ - INFO - ⏰ 330s | Server: running (CPU) | Clients: 50 nodes (fractional GPU) | Ray GPU usage: 3.7/4.0 (91.4%)
2025-12-27 07:06:57,502 - __main__ - INFO - ⏰ 335s | Server: running (CPU) | Clients: 50 nodes (fractional GPU) | Ray GPU usage: 3.7/4.0 (91.4%)
2025-12-27 07:07:02,514 - __main__ - INFO - ⏰ 340s | Server: running (CPU) | Clients: 50 nodes (fractional GPU) | Ray GPU usage: 3.7/4.0 (91.4%)
2025-12-27 07:07:07,524 - __main__ - INFO - ⏰ 345s | Server: running (CPU) | Clients: 50 nodes (fractional GPU) | Ray GPU usage: 3.7/4.0 (91.4%)
2025-12-27 07:07:12,538 - __main__ - INFO - ⏰ 350s | Server: running (CPU) | Clients: 50 nodes (fractional GPU) | Ray GPU usage: 3.7/4.0 (91.4%)
2025-12-27 07:07:17,547 - __main__ - INFO - ⏰ 355s | Server: running (CPU) | Clients: 50 nodes (fractional GPU) | Ray GPU usage: 3.7/4.0 (91.4%)
2025-12-27 07:07:22,563 - __main__ - INFO - ⏰ 360s | Server: running (CPU) | Clients: 50 nodes (fractional GPU) | Ray GPU usage: 3.7/4.0 (91.4%)
2025-12-27 07:07:27,580 - __main__ - INFO - ⏰ 366s | Server: running (CPU) | Clients: 50 nodes (fractional GPU) | Ray GPU usage: 3.7/4.0 (91.4%)
2025-12-27 07:07:32,593 - __main__ - INFO - ⏰ 371s | Server: running (CPU) | Clients: 50 nodes (fractional GPU) | Ray GPU usage: 3.7/4.0 (91.4%)
2025-12-27 07:07:37,610 - __main__ - INFO - ⏰ 376s | Server: running (CPU) | Clients: 50 nodes (fractional GPU) | Ray GPU usage: 3.7/4.0 (91.4%)
2025-12-27 07:07:42,627 - __main__ - INFO - ⏰ 381s | Server: running (CPU) | Clients: 50 nodes (fractional GPU) | Ray GPU usage: 3.7/4.0 (91.4%)
2025-12-27 07:07:47,641 - __main__ - INFO - ⏰ 386s | Server: running (CPU) | Clients: 50 nodes (fractional GPU) | Ray GPU usage: 3.7/4.0 (91.4%)
2025-12-27 07:07:52,658 - __main__ - INFO - ⏰ 391s | Server: running (CPU) | Clients: 50 nodes (fractional GPU) | Ray GPU usage: 3.7/4.0 (91.4%)
2025-12-27 07:07:57,674 - __main__ - INFO - ⏰ 396s | Server: running (CPU) | Clients: 50 nodes (fractional GPU) | Ray GPU usage: 3.7/4.0 (91.4%)
2025-12-27 07:08:02,688 - __main__ - INFO - ⏰ 401s | Server: running (CPU) | Clients: 50 nodes (fractional GPU) | Ray GPU usage: 3.7/4.0 (91.4%)
2025-12-27 07:08:07,704 - __main__ - INFO - ⏰ 406s | Server: running (CPU) | Clients: 50 nodes (fractional GPU) | Ray GPU usage: 3.7/4.0 (91.4%)
2025-12-27 07:08:12,716 - __main__ - INFO - ⏰ 411s | Server: running (CPU) | Clients: 50 nodes (fractional GPU) | Ray GPU usage: 3.7/4.0 (91.4%)
2025-12-27 07:08:17,730 - __main__ - INFO - ⏰ 416s | Server: running (CPU) | Clients: 50 nodes (fractional GPU) | Ray GPU usage: 3.7/4.0 (91.4%)
2025-12-27 07:08:22,746 - __main__ - INFO - ⏰ 421s | Server: running (CPU) | Clients: 50 nodes (fractional GPU) | Ray GPU usage: 3.7/4.0 (91.4%)
2025-12-27 07:08:27,763 - __main__ - INFO - ⏰ 426s | Server: running (CPU) | Clients: 50 nodes (fractional GPU) | Ray GPU usage: 3.7/4.0 (91.4%)
2025-12-27 07:08:32,780 - __main__ - INFO - ⏰ 431s | Server: running (CPU) | Clients: 50 nodes (fractional GPU) | Ray GPU usage: 3.7/4.0 (91.4%)
2025-12-27 07:08:37,797 - __main__ - INFO - ⏰ 436s | Server: running (CPU) | Clients: 50 nodes (fractional GPU) | Ray GPU usage: 3.7/4.0 (91.4%)
2025-12-27 07:08:42,812 - __main__ - INFO - ⏰ 441s | Server: running (CPU) | Clients: 50 nodes (fractional GPU) | Ray GPU usage: 3.7/4.0 (91.4%)
2025-12-27 07:08:47,829 - __main__ - INFO - ⏰ 446s | Server: running (CPU) | Clients: 50 nodes (fractional GPU) | Ray GPU usage: 3.7/4.0 (91.4%)
2025-12-27 07:08:52,840 - __main__ - INFO - ⏰ 451s | Server: running (CPU) | Clients: 50 nodes (fractional GPU) | Ray GPU usage: 3.7/4.0 (91.4%)
2025-12-27 07:08:57,858 - __main__ - INFO - ⏰ 456s | Server: running (CPU) | Clients: 50 nodes (fractional GPU) | Ray GPU usage: 3.7/4.0 (91.4%)
2025-12-27 07:09:02,875 - __main__ - INFO - ⏰ 461s | Server: running (CPU) | Clients: 50 nodes (fractional GPU) | Ray GPU usage: 3.7/4.0 (91.4%)
2025-12-27 07:09:07,893 - __main__ - INFO - ⏰ 466s | Server: running (CPU) | Clients: 50 nodes (fractional GPU) | Ray GPU usage: 3.7/4.0 (91.4%)
2025-12-27 07:09:12,914 - __main__ - INFO - ⏰ 471s | Server: running (CPU) | Clients: 50 nodes (fractional GPU) | Ray GPU usage: 3.7/4.0 (91.4%)
2025-12-27 07:09:17,932 - __main__ - INFO - ⏰ 476s | Server: running (CPU) | Clients: 50 nodes (fractional GPU) | Ray GPU usage: 3.7/4.0 (91.4%)
2025-12-27 07:09:22,948 - __main__ - INFO - ⏰ 481s | Server: running (CPU) | Clients: 50 nodes (fractional GPU) | Ray GPU usage: 3.7/4.0 (91.4%)
2025-12-27 07:09:27,967 - __main__ - INFO - ⏰ 486s | Server: running (CPU) | Clients: 50 nodes (fractional GPU) | Ray GPU usage: 3.7/4.0 (91.4%)
2025-12-27 07:09:32,985 - __main__ - INFO - ⏰ 491s | Server: running (CPU) | Clients: 50 nodes (fractional GPU) | Ray GPU usage: 3.7/4.0 (91.4%)
2025-12-27 07:09:38,000 - __main__ - INFO - ⏰ 496s | Server: running (CPU) | Clients: 50 nodes (fractional GPU) | Ray GPU usage: 3.7/4.0 (91.4%)
2025-12-27 07:09:43,013 - __main__ - INFO - ⏰ 501s | Server: running (CPU) | Clients: 50 nodes (fractional GPU) | Ray GPU usage: 3.7/4.0 (91.4%)
2025-12-27 07:09:48,027 - __main__ - INFO - ⏰ 506s | Server: running (CPU) | Clients: 50 nodes (fractional GPU) | Ray GPU usage: 3.7/4.0 (91.4%)
2025-12-27 07:09:53,045 - __main__ - INFO - ⏰ 511s | Server: running (CPU) | Clients: 50 nodes (fractional GPU) | Ray GPU usage: 3.7/4.0 (91.4%)
2025-12-27 07:09:58,058 - __main__ - INFO - ⏰ 516s | Server: running (CPU) | Clients: 50 nodes (fractional GPU) | Ray GPU usage: 3.7/4.0 (91.4%)
2025-12-27 07:10:03,072 - __main__ - INFO - ⏰ 521s | Server: running (CPU) | Clients: 50 nodes (fractional GPU) | Ray GPU usage: 3.7/4.0 (91.4%)
2025-12-27 07:10:08,102 - __main__ - INFO - ⏰ 526s | Server: running (CPU) | Clients: 50 nodes (fractional GPU) | Ray GPU usage: 3.7/4.0 (91.4%)
2025-12-27 07:10:13,116 - __main__ - INFO - ⏰ 531s | Server: running (CPU) | Clients: 50 nodes (fractional GPU) | Ray GPU usage: 3.7/4.0 (91.4%)
2025-12-27 07:10:18,136 - __main__ - INFO - ⏰ 536s | Server: running (CPU) | Clients: 50 nodes (fractional GPU) | Ray GPU usage: 3.7/4.0 (91.4%)
2025-12-27 07:10:23,152 - __main__ - INFO - ⏰ 541s | Server: running (CPU) | Clients: 50 nodes (fractional GPU) | Ray GPU usage: 3.7/4.0 (91.4%)
2025-12-27 07:10:28,167 - __main__ - INFO - ⏰ 546s | Server: running (CPU) | Clients: 50 nodes (fractional GPU) | Ray GPU usage: 3.7/4.0 (91.4%)
2025-12-27 07:10:33,184 - __main__ - INFO - ⏰ 551s | Server: running (CPU) | Clients: 50 nodes (fractional GPU) | Ray GPU usage: 3.7/4.0 (91.4%)
2025-12-27 07:10:38,201 - __main__ - INFO - ⏰ 556s | Server: running (CPU) | Clients: 50 nodes (fractional GPU) | Ray GPU usage: 3.7/4.0 (91.4%)
2025-12-27 07:10:43,215 - __main__ - INFO - ⏰ 561s | Server: running (CPU) | Clients: 50 nodes (fractional GPU) | Ray GPU usage: 3.7/4.0 (91.4%)
2025-12-27 07:10:48,231 - __main__ - INFO - ⏰ 566s | Server: running (CPU) | Clients: 50 nodes (fractional GPU) | Ray GPU usage: 3.7/4.0 (91.4%)
2025-12-27 07:10:53,248 - __main__ - INFO - ⏰ 571s | Server: running (CPU) | Clients: 50 nodes (fractional GPU) | Ray GPU usage: 3.7/4.0 (91.4%)
2025-12-27 07:10:58,263 - __main__ - INFO - ⏰ 576s | Server: running (CPU) | Clients: 50 nodes (fractional GPU) | Ray GPU usage: 3.7/4.0 (91.4%)
2025-12-27 07:11:03,280 - __main__ - INFO - ⏰ 581s | Server: running (CPU) | Clients: 50 nodes (fractional GPU) | Ray GPU usage: 3.7/4.0 (91.4%)
2025-12-27 07:11:08,296 - __main__ - INFO - ⏰ 586s | Server: running (CPU) | Clients: 50 nodes (fractional GPU) | Ray GPU usage: 3.7/4.0 (91.4%)
2025-12-27 07:11:13,313 - __main__ - INFO - ⏰ 591s | Server: running (CPU) | Clients: 50 nodes (fractional GPU) | Ray GPU usage: 3.7/4.0 (91.4%)
2025-12-27 07:11:18,328 - __main__ - INFO - ⏰ 596s | Server: running (CPU) | Clients: 50 nodes (fractional GPU) | Ray GPU usage: 3.7/4.0 (91.4%)
2025-12-27 07:11:23,341 - __main__ - INFO - ⏰ 601s | Server: running (CPU) | Clients: 50 nodes (fractional GPU) | Ray GPU usage: 3.7/4.0 (91.4%)
2025-12-27 07:11:28,354 - __main__ - INFO - ⏰ 606s | Server: running (CPU) | Clients: 50 nodes (fractional GPU) | Ray GPU usage: 3.7/4.0 (91.4%)
2025-12-27 07:11:33,369 - __main__ - INFO - ⏰ 611s | Server: running (CPU) | Clients: 50 nodes (fractional GPU) | Ray GPU usage: 3.7/4.0 (91.4%)
2025-12-27 07:11:38,383 - __main__ - INFO - ⏰ 616s | Server: running (CPU) | Clients: 50 nodes (fractional GPU) | Ray GPU usage: 3.7/4.0 (91.4%)
2025-12-27 07:11:43,396 - __main__ - INFO - ⏰ 621s | Server: running (CPU) | Clients: 50 nodes (fractional GPU) | Ray GPU usage: 3.7/4.0 (91.4%)
2025-12-27 07:11:48,409 - __main__ - INFO - ⏰ 626s | Server: running (CPU) | Clients: 50 nodes (fractional GPU) | Ray GPU usage: 3.7/4.0 (91.4%)
2025-12-27 07:11:53,421 - __main__ - INFO - ⏰ 631s | Server: running (CPU) | Clients: 50 nodes (fractional GPU) | Ray GPU usage: 3.7/4.0 (91.4%)
2025-12-27 07:11:58,438 - __main__ - INFO - ⏰ 636s | Server: running (CPU) | Clients: 50 nodes (fractional GPU) | Ray GPU usage: 3.7/4.0 (91.4%)
2025-12-27 07:12:03,453 - __main__ - INFO - ⏰ 641s | Server: running (CPU) | Clients: 50 nodes (fractional GPU) | Ray GPU usage: 3.7/4.0 (91.4%)
2025-12-27 07:12:08,470 - __main__ - INFO - ⏰ 646s | Server: running (CPU) | Clients: 50 nodes (fractional GPU) | Ray GPU usage: 3.7/4.0 (91.4%)
2025-12-27 07:12:13,483 - __main__ - INFO - ⏰ 651s | Server: running (CPU) | Clients: 50 nodes (fractional GPU) | Ray GPU usage: 3.7/4.0 (91.4%)
2025-12-27 07:12:18,503 - __main__ - INFO - ⏰ 656s | Server: running (CPU) | Clients: 50 nodes (fractional GPU) | Ray GPU usage: 3.7/4.0 (91.4%)
2025-12-27 07:12:23,520 - __main__ - INFO - ⏰ 661s | Server: running (CPU) | Clients: 50 nodes (fractional GPU) | Ray GPU usage: 3.7/4.0 (91.4%)
2025-12-27 07:12:28,536 - __main__ - INFO - ⏰ 666s | Server: running (CPU) | Clients: 50 nodes (fractional GPU) | Ray GPU usage: 3.7/4.0 (91.4%)
2025-12-27 07:12:33,552 - __main__ - INFO - ⏰ 671s | Server: running (CPU) | Clients: 50 nodes (fractional GPU) | Ray GPU usage: 3.7/4.0 (91.4%)
2025-12-27 07:12:38,570 - __main__ - INFO - ⏰ 676s | Server: running (CPU) | Clients: 50 nodes (fractional GPU) | Ray GPU usage: 3.7/4.0 (91.4%)
2025-12-27 07:12:43,586 - __main__ - INFO - ⏰ 682s | Server: running (CPU) | Clients: 50 nodes (fractional GPU) | Ray GPU usage: 3.7/4.0 (91.4%)
2025-12-27 07:12:48,602 - __main__ - INFO - ⏰ 687s | Server: running (CPU) | Clients: 50 nodes (fractional GPU) | Ray GPU usage: 3.7/4.0 (91.4%)
2025-12-27 07:12:53,619 - __main__ - INFO - ⏰ 692s | Server: running (CPU) | Clients: 50 nodes (fractional GPU) | Ray GPU usage: 3.7/4.0 (91.4%)
2025-12-27 07:12:58,639 - __main__ - INFO - ⏰ 697s | Server: running (CPU) | Clients: 50 nodes (fractional GPU) | Ray GPU usage: 3.7/4.0 (91.4%)
2025-12-27 07:13:03,656 - __main__ - INFO - ⏰ 702s | Server: running (CPU) | Clients: 50 nodes (fractional GPU) | Ray GPU usage: 3.7/4.0 (91.4%)
2025-12-27 07:13:08,674 - __main__ - INFO - ⏰ 707s | Server: running (CPU) | Clients: 50 nodes (fractional GPU) | Ray GPU usage: 3.7/4.0 (91.4%)
2025-12-27 07:13:13,692 - __main__ - INFO - ⏰ 712s | Server: running (CPU) | Clients: 50 nodes (fractional GPU) | Ray GPU usage: 3.7/4.0 (91.4%)
2025-12-27 07:13:18,710 - __main__ - INFO - ⏰ 717s | Server: running (CPU) | Clients: 50 nodes (fractional GPU) | Ray GPU usage: 3.7/4.0 (91.4%)
2025-12-27 07:13:23,728 - __main__ - INFO - ⏰ 722s | Server: running (CPU) | Clients: 50 nodes (fractional GPU) | Ray GPU usage: 3.7/4.0 (91.4%)
2025-12-27 07:13:28,745 - __main__ - INFO - ⏰ 727s | Server: running (CPU) | Clients: 50 nodes (fractional GPU) | Ray GPU usage: 3.7/4.0 (91.4%)
2025-12-27 07:13:33,760 - __main__ - INFO - ⏰ 732s | Server: running (CPU) | Clients: 50 nodes (fractional GPU) | Ray GPU usage: 3.7/4.0 (91.4%)
2025-12-27 07:13:38,776 - __main__ - INFO - ⏰ 737s | Server: running (CPU) | Clients: 50 nodes (fractional GPU) | Ray GPU usage: 3.7/4.0 (91.4%)
2025-12-27 07:13:43,792 - __main__ - INFO - ⏰ 742s | Server: running (CPU) | Clients: 50 nodes (fractional GPU) | Ray GPU usage: 3.7/4.0 (91.4%)
2025-12-27 07:13:48,805 - __main__ - INFO - ⏰ 747s | Server: running (CPU) | Clients: 50 nodes (fractional GPU) | Ray GPU usage: 3.7/4.0 (91.4%)
2025-12-27 07:13:53,820 - __main__ - INFO - ⏰ 752s | Server: running (CPU) | Clients: 50 nodes (fractional GPU) | Ray GPU usage: 3.7/4.0 (91.4%)
2025-12-27 07:13:58,834 - __main__ - INFO - ⏰ 757s | Server: running (CPU) | Clients: 50 nodes (fractional GPU) | Ray GPU usage: 3.7/4.0 (91.4%)
2025-12-27 07:14:03,851 - __main__ - INFO - ⏰ 762s | Server: running (CPU) | Clients: 50 nodes (fractional GPU) | Ray GPU usage: 3.7/4.0 (91.4%)
2025-12-27 07:14:08,867 - __main__ - INFO - ⏰ 767s | Server: running (CPU) | Clients: 50 nodes (fractional GPU) | Ray GPU usage: 3.7/4.0 (91.4%)
2025-12-27 07:14:13,883 - __main__ - INFO - ⏰ 772s | Server: running (CPU) | Clients: 50 nodes (fractional GPU) | Ray GPU usage: 3.7/4.0 (91.4%)
2025-12-27 07:14:18,896 - __main__ - INFO - ⏰ 777s | Server: running (CPU) | Clients: 50 nodes (fractional GPU) | Ray GPU usage: 3.7/4.0 (91.4%)
2025-12-27 07:14:23,913 - __main__ - INFO - ⏰ 782s | Server: running (CPU) | Clients: 50 nodes (fractional GPU) | Ray GPU usage: 3.7/4.0 (91.4%)
2025-12-27 07:14:28,926 - __main__ - INFO - ⏰ 787s | Server: running (CPU) | Clients: 50 nodes (fractional GPU) | Ray GPU usage: 3.7/4.0 (91.4%)
2025-12-27 07:14:33,942 - __main__ - INFO - ⏰ 792s | Server: running (CPU) | Clients: 50 nodes (fractional GPU) | Ray GPU usage: 3.7/4.0 (91.4%)
2025-12-27 07:14:38,959 - __main__ - INFO - ⏰ 797s | Server: running (CPU) | Clients: 50 nodes (fractional GPU) | Ray GPU usage: 3.7/4.0 (91.4%)
2025-12-27 07:14:43,975 - __main__ - INFO - ⏰ 802s | Server: running (CPU) | Clients: 50 nodes (fractional GPU) | Ray GPU usage: 3.7/4.0 (91.4%)
2025-12-27 07:14:48,991 - __main__ - INFO - ⏰ 807s | Server: running (CPU) | Clients: 50 nodes (fractional GPU) | Ray GPU usage: 3.7/4.0 (91.4%)
2025-12-27 07:14:54,005 - __main__ - INFO - ⏰ 812s | Server: running (CPU) | Clients: 50 nodes (fractional GPU) | Ray GPU usage: 3.7/4.0 (91.4%)
2025-12-27 07:14:59,020 - __main__ - INFO - ⏰ 817s | Server: running (CPU) | Clients: 50 nodes (fractional GPU) | Ray GPU usage: 3.7/4.0 (91.4%)
2025-12-27 07:15:04,035 - __main__ - INFO - ⏰ 822s | Server: running (CPU) | Clients: 50 nodes (fractional GPU) | Ray GPU usage: 3.7/4.0 (91.4%)
2025-12-27 07:15:09,052 - __main__ - INFO - ⏰ 827s | Server: running (CPU) | Clients: 50 nodes (fractional GPU) | Ray GPU usage: 3.7/4.0 (91.4%)
2025-12-27 07:15:14,069 - __main__ - INFO - ⏰ 832s | Server: running (CPU) | Clients: 50 nodes (fractional GPU) | Ray GPU usage: 3.7/4.0 (91.4%)
2025-12-27 07:15:19,082 - __main__ - INFO - ⏰ 837s | Server: running (CPU) | Clients: 50 nodes (fractional GPU) | Ray GPU usage: 3.7/4.0 (91.4%)
2025-12-27 07:15:24,096 - __main__ - INFO - ⏰ 842s | Server: running (CPU) | Clients: 50 nodes (fractional GPU) | Ray GPU usage: 3.7/4.0 (91.4%)
2025-12-27 07:15:29,113 - __main__ - INFO - ⏰ 847s | Server: running (CPU) | Clients: 50 nodes (fractional GPU) | Ray GPU usage: 3.7/4.0 (91.4%)
2025-12-27 07:15:34,125 - __main__ - INFO - ⏰ 852s | Server: running (CPU) | Clients: 50 nodes (fractional GPU) | Ray GPU usage: 3.7/4.0 (91.4%)
2025-12-27 07:15:39,141 - __main__ - INFO - ⏰ 857s | Server: running (CPU) | Clients: 50 nodes (fractional GPU) | Ray GPU usage: 3.7/4.0 (91.4%)
2025-12-27 07:15:44,158 - __main__ - INFO - ⏰ 862s | Server: running (CPU) | Clients: 50 nodes (fractional GPU) | Ray GPU usage: 3.7/4.0 (91.4%)
2025-12-27 07:15:49,175 - __main__ - INFO - ⏰ 867s | Server: running (CPU) | Clients: 50 nodes (fractional GPU) | Ray GPU usage: 3.7/4.0 (91.4%)
2025-12-27 07:15:54,196 - __main__ - INFO - ⏰ 872s | Server: running (CPU) | Clients: 50 nodes (fractional GPU) | Ray GPU usage: 3.7/4.0 (91.4%)
2025-12-27 07:15:59,212 - __main__ - INFO - ⏰ 877s | Server: running (CPU) | Clients: 50 nodes (fractional GPU) | Ray GPU usage: 3.7/4.0 (91.4%)
2025-12-27 07:16:04,224 - __main__ - INFO - ⏰ 882s | Server: running (CPU) | Clients: 50 nodes (fractional GPU) | Ray GPU usage: 3.7/4.0 (91.4%)
2025-12-27 07:16:09,237 - __main__ - INFO - ⏰ 887s | Server: running (CPU) | Clients: 50 nodes (fractional GPU) | Ray GPU usage: 3.7/4.0 (91.4%)
2025-12-27 07:16:14,250 - __main__ - INFO - ⏰ 892s | Server: running (CPU) | Clients: 50 nodes (fractional GPU) | Ray GPU usage: 3.7/4.0 (91.4%)
2025-12-27 07:16:19,262 - __main__ - INFO - ⏰ 897s | Server: running (CPU) | Clients: 50 nodes (fractional GPU) | Ray GPU usage: 3.7/4.0 (91.4%)
2025-12-27 07:16:24,275 - __main__ - INFO - ⏰ 902s | Server: running (CPU) | Clients: 50 nodes (fractional GPU) | Ray GPU usage: 3.7/4.0 (91.4%)
2025-12-27 07:16:29,289 - __main__ - INFO - ⏰ 907s | Server: running (CPU) | Clients: 50 nodes (fractional GPU) | Ray GPU usage: 3.7/4.0 (91.4%)
2025-12-27 07:16:34,301 - __main__ - INFO - ⏰ 912s | Server: running (CPU) | Clients: 50 nodes (fractional GPU) | Ray GPU usage: 3.7/4.0 (91.4%)
2025-12-27 07:16:39,316 - __main__ - INFO - ⏰ 917s | Server: running (CPU) | Clients: 50 nodes (fractional GPU) | Ray GPU usage: 3.7/4.0 (91.4%)
2025-12-27 07:16:44,333 - __main__ - INFO - ⏰ 922s | Server: running (CPU) | Clients: 50 nodes (fractional GPU) | Ray GPU usage: 3.7/4.0 (91.4%)
2025-12-27 07:16:49,346 - __main__ - INFO - ⏰ 927s | Server: running (CPU) | Clients: 50 nodes (fractional GPU) | Ray GPU usage: 3.7/4.0 (91.4%)
2025-12-27 07:16:54,363 - __main__ - INFO - ⏰ 932s | Server: running (CPU) | Clients: 50 nodes (fractional GPU) | Ray GPU usage: 3.7/4.0 (91.4%)
2025-12-27 07:16:59,376 - __main__ - INFO - ⏰ 937s | Server: running (CPU) | Clients: 50 nodes (fractional GPU) | Ray GPU usage: 3.7/4.0 (91.4%)
2025-12-27 07:17:04,393 - __main__ - INFO - ⏰ 942s | Server: running (CPU) | Clients: 50 nodes (fractional GPU) | Ray GPU usage: 3.7/4.0 (91.4%)
2025-12-27 07:17:09,410 - __main__ - INFO - ⏰ 947s | Server: running (CPU) | Clients: 50 nodes (fractional GPU) | Ray GPU usage: 3.7/4.0 (91.4%)
2025-12-27 07:17:14,423 - __main__ - INFO - ⏰ 952s | Server: running (CPU) | Clients: 50 nodes (fractional GPU) | Ray GPU usage: 3.7/4.0 (91.4%)
2025-12-27 07:17:19,436 - __main__ - INFO - ⏰ 957s | Server: running (CPU) | Clients: 50 nodes (fractional GPU) | Ray GPU usage: 3.7/4.0 (91.4%)
2025-12-27 07:17:24,449 - __main__ - INFO - ⏰ 962s | Server: running (CPU) | Clients: 50 nodes (fractional GPU) | Ray GPU usage: 3.7/4.0 (91.4%)
2025-12-27 07:17:29,462 - __main__ - INFO - ⏰ 967s | Server: running (CPU) | Clients: 50 nodes (fractional GPU) | Ray GPU usage: 3.7/4.0 (91.4%)
2025-12-27 07:17:34,481 - __main__ - INFO - ⏰ 972s | Server: running (CPU) | Clients: 50 nodes (fractional GPU) | Ray GPU usage: 3.7/4.0 (91.4%)
2025-12-27 07:17:39,497 - __main__ - INFO - ⏰ 977s | Server: running (CPU) | Clients: 50 nodes (fractional GPU) | Ray GPU usage: 3.7/4.0 (91.4%)
2025-12-27 07:17:44,509 - __main__ - INFO - ⏰ 982s | Server: running (CPU) | Clients: 50 nodes (fractional GPU) | Ray GPU usage: 3.7/4.0 (91.4%)
2025-12-27 07:17:49,521 - __main__ - INFO - ⏰ 987s | Server: running (CPU) | Clients: 50 nodes (fractional GPU) | Ray GPU usage: 3.7/4.0 (91.4%)
2025-12-27 07:17:54,534 - __main__ - INFO - ⏰ 992s | Server: running (CPU) | Clients: 50 nodes (fractional GPU) | Ray GPU usage: 3.7/4.0 (91.4%)
2025-12-27 07:17:59,549 - __main__ - INFO - ⏰ 997s | Server: running (CPU) | Clients: 50 nodes (fractional GPU) | Ray GPU usage: 3.7/4.0 (91.4%)
2025-12-27 07:18:04,561 - __main__ - INFO - ⏰ 1002s | Server: running (CPU) | Clients: 50 nodes (fractional GPU) | Ray GPU usage: 3.7/4.0 (91.4%)
2025-12-27 07:18:09,572 - __main__ - INFO - ⏰ 1007s | Server: running (CPU) | Clients: 50 nodes (fractional GPU) | Ray GPU usage: 3.7/4.0 (91.4%)
2025-12-27 07:18:14,589 - __main__ - INFO - ⏰ 1013s | Server: running (CPU) | Clients: 50 nodes (fractional GPU) | Ray GPU usage: 3.7/4.0 (91.4%)
2025-12-27 07:18:19,605 - __main__ - INFO - ⏰ 1018s | Server: running (CPU) | Clients: 50 nodes (fractional GPU) | Ray GPU usage: 3.7/4.0 (91.4%)
2025-12-27 07:18:24,621 - __main__ - INFO - ⏰ 1023s | Server: running (CPU) | Clients: 50 nodes (fractional GPU) | Ray GPU usage: 3.7/4.0 (91.4%)
2025-12-27 07:18:29,643 - __main__ - INFO - ⏰ 1028s | Server: running (CPU) | Clients: 50 nodes (fractional GPU) | Ray GPU usage: 3.7/4.0 (91.4%)
2025-12-27 07:18:34,661 - __main__ - INFO - ⏰ 1033s | Server: running (CPU) | Clients: 50 nodes (fractional GPU) | Ray GPU usage: 3.7/4.0 (91.4%)
2025-12-27 07:18:39,677 - __main__ - INFO - ⏰ 1038s | Server: running (CPU) | Clients: 50 nodes (fractional GPU) | Ray GPU usage: 3.7/4.0 (91.4%)
2025-12-27 07:18:44,696 - __main__ - INFO - ⏰ 1043s | Server: running (CPU) | Clients: 50 nodes (fractional GPU) | Ray GPU usage: 3.7/4.0 (91.4%)
2025-12-27 07:18:49,709 - __main__ - INFO - ⏰ 1048s | Server: running (CPU) | Clients: 50 nodes (fractional GPU) | Ray GPU usage: 3.7/4.0 (91.4%)
slurmstepd-srv-it-node02: error: *** JOB 652 ON srv-it-node02 CANCELLED AT 2025-12-27T07:18:53 ***
