2025-12-21 06:32:51,373 - __main__ - INFO - 🚀 Start Ray V2 federated learning
2025-12-21 06:32:51,373 - __main__ - INFO - 📊 Configuration: 50 clients, 100 rounds training, total nodes: 51
2025-12-21 06:32:51,373 - __main__ - INFO - 🧹 Clean environment...
2025-12-21 06:32:52,533 - __main__ - INFO - ✅ Environment cleanup completed
2025-12-21 06:32:52,533 - __main__ - INFO - 🚀 Applying host network optimizations for ultra-high concurrency...
2025-12-21 06:32:52,649 - __main__ - WARNING - ⚠️  22 network optimizations could not be applied (may need sudo access)
2025-12-21 06:32:52,650 - __main__ - WARNING - ⚠️  No host network optimizations applied! High-concurrency FL may experience issues.
2025-12-21 06:32:52,650 - __main__ - WARNING -    Consider running with sudo or contacting HPC admin to apply these settings.
2025-12-21 06:32:52,650 - __main__ - INFO - 🦭 Initializing Podman rootless environment...
2025-12-21 06:32:52,655 - __main__ - WARNING - ⚠️  Podman unavailable, trying Docker...
2025-12-21 06:32:52,655 - __main__ - INFO - 📦 Using non-container mode (Fallback)
2025-12-21 06:32:52,682	INFO worker.py:1821 -- Connecting to existing Ray cluster at address: 10.0.0.2:6379...
2025-12-21 06:32:52,696	INFO worker.py:1998 -- Connected to Ray cluster. View the dashboard at [1m[32m10.0.0.2:8265 [39m[22m
/home/naicheng_li/.conda/envs/flv2/lib/python3.10/site-packages/ray/_private/worker.py:2046: FutureWarning: Tip: In future versions of Ray, Ray will no longer override accelerator visible devices env var if num_gpus=0 or num_gpus=None (default). To enable this behavior and turn off this error message, set RAY_ACCEL_ENV_VAR_OVERRIDE_ON_ZERO=0
  warnings.warn(
2025-12-21 06:32:53,803 - __main__ - INFO - 🚀 Connected to external Ray cluster: 10.0.0.2:6379
2025-12-21 06:32:53,804 - __main__ - INFO -    📊 Resources: {'CPU': 128.0, 'memory': 549490840372.0, 'node:__internal_head__': 1.0, 'object_store_memory': 235496074444.0, 'accelerator_type:A100': 1.0, 'GPU': 6.0, 'node:10.0.0.2': 1.0, 'node:10.0.0.1': 1.0, 'accelerator_type:L4': 1.0}
2025-12-21 06:32:53,804 - __main__ - INFO - 🌐 Ray Cluster Topology:
2025-12-21 06:32:53,804 - __main__ - INFO -    📍 Head node: 0e2d23afb485... (Server will run here)
2025-12-21 06:32:53,804 - __main__ - INFO -    📍 Worker nodes: 1 available
2025-12-21 06:32:53,804 - __main__ - INFO -       Worker 1: 8e3177677528...
2025-12-21 06:32:53,805 - __main__ - INFO - 🎮 Detected GPU type on node 0e2d23afb485...: A100 -> 40.0GB per GPU
2025-12-21 06:32:53,805 - __main__ - INFO - 📍 Head node (0e2d23afb485...): 4.0 GPUs, 160.0GB total memory
2025-12-21 06:32:53,806 - __main__ - INFO - 🎮 Detected GPU type on node 8e3177677528...: L4 -> 23.0GB per GPU
2025-12-21 06:32:53,806 - __main__ - INFO - 📍 Worker node (8e3177677528...): 2.0 GPUs, 46.0GB total memory
2025-12-21 06:32:53,806 - __main__ - INFO - 📊 Total GPU memory across all nodes: 206.0GB
2025-12-21 06:32:53,806 - __main__ - INFO - 📊 Memory per client: 3.0GB → Max capacity: 68 clients
2025-12-21 06:32:53,806 - __main__ - INFO -    Node 0e2d23afb485...: 38 clients (160.0GB / 38 = 4.2GB/client)
2025-12-21 06:32:53,806 - __main__ - INFO -    Node 8e3177677528...: 12 clients (46.0GB / 12 = 3.8GB/client)
2025-12-21 06:32:53,807 - __main__ - INFO -    Node 0e2d23afb485...: 4.0 GPU, 38 clients, max 10 clients/GPU -> 0.0950 GPU/client
2025-12-21 06:32:53,807 - __main__ - INFO -    Node 8e3177677528...: 2.0 GPU, 12 clients, max 6 clients/GPU -> 0.1583 GPU/client
2025-12-21 06:32:53,807 - __main__ - INFO - 🎯 GPU allocation summary: {'total_available_gpus': 6.0, 'total_allocated_gpus': 5.5096, 'utilization_rate': '91.83%', 'server': 'CPU only', 'per_node_allocation': {'0e2d23afb485': {'count': 38, 'total_gpu': 3.610000000000003}, '8e3177677528': {'count': 12, 'total_gpu': 1.8996000000000004}}, 'gpu_clients': 50, 'cpu_clients': 0}
2025-12-21 06:32:53,807 - __main__ - INFO - 📋 Client distribution: 50 GPU clients, 0 CPU clients
2025-12-21 06:32:55,902 - __main__ - INFO - 📍 Server scheduled to head node: 0e2d23afb485...
2025-12-21 06:32:55,967 - __main__ - INFO - 📦 Using Fallback (no container) for Server
2025-12-21 06:32:56,029 - __main__ - INFO - ✅ Server started: 10.0.0.2:42329
2025-12-21 06:33:11,045 - __main__ - INFO - 📱 Edge device distribution: {'smartphone': 50}
2025-12-21 06:33:11,045 - __main__ - INFO - 📊 Client distribution plan:
2025-12-21 06:33:11,046 - __main__ - INFO -    Client 1 -> head (0e2d23afb485...), Node CPUs: 64.0, Clients on node: 38
2025-12-21 06:33:11,047 - __main__ - INFO -    Client 2 -> head (0e2d23afb485...), Node CPUs: 64.0, Clients on node: 38
2025-12-21 06:33:11,048 - __main__ - INFO -    Client 3 -> head (0e2d23afb485...), Node CPUs: 64.0, Clients on node: 38
2025-12-21 06:33:11,048 - __main__ - INFO -    Client 4 -> head (0e2d23afb485...), Node CPUs: 64.0, Clients on node: 38
2025-12-21 06:33:11,049 - __main__ - INFO -    Client 5 -> head (0e2d23afb485...), Node CPUs: 64.0, Clients on node: 38
2025-12-21 06:33:11,049 - __main__ - INFO -    Client 6 -> head (0e2d23afb485...), Node CPUs: 64.0, Clients on node: 38
2025-12-21 06:33:11,050 - __main__ - INFO -    Client 7 -> head (0e2d23afb485...), Node CPUs: 64.0, Clients on node: 38
2025-12-21 06:33:11,050 - __main__ - INFO -    Client 8 -> head (0e2d23afb485...), Node CPUs: 64.0, Clients on node: 38
2025-12-21 06:33:11,050 - __main__ - INFO -    Client 9 -> head (0e2d23afb485...), Node CPUs: 64.0, Clients on node: 38
2025-12-21 06:33:11,051 - __main__ - INFO -    Client 10 -> head (0e2d23afb485...), Node CPUs: 64.0, Clients on node: 38
2025-12-21 06:33:11,051 - __main__ - INFO -    Client 11 -> head (0e2d23afb485...), Node CPUs: 64.0, Clients on node: 38
2025-12-21 06:33:11,052 - __main__ - INFO -    Client 12 -> head (0e2d23afb485...), Node CPUs: 64.0, Clients on node: 38
2025-12-21 06:33:11,052 - __main__ - INFO -    Client 13 -> head (0e2d23afb485...), Node CPUs: 64.0, Clients on node: 38
2025-12-21 06:33:11,053 - __main__ - INFO -    Client 14 -> head (0e2d23afb485...), Node CPUs: 64.0, Clients on node: 38
2025-12-21 06:33:11,053 - __main__ - INFO -    Client 15 -> head (0e2d23afb485...), Node CPUs: 64.0, Clients on node: 38
2025-12-21 06:33:11,054 - __main__ - INFO -    Client 16 -> head (0e2d23afb485...), Node CPUs: 64.0, Clients on node: 38
2025-12-21 06:33:11,054 - __main__ - INFO -    Client 17 -> head (0e2d23afb485...), Node CPUs: 64.0, Clients on node: 38
2025-12-21 06:33:11,054 - __main__ - INFO -    Client 18 -> head (0e2d23afb485...), Node CPUs: 64.0, Clients on node: 38
2025-12-21 06:33:11,055 - __main__ - INFO -    Client 19 -> head (0e2d23afb485...), Node CPUs: 64.0, Clients on node: 38
2025-12-21 06:33:11,055 - __main__ - INFO -    Client 20 -> head (0e2d23afb485...), Node CPUs: 64.0, Clients on node: 38
2025-12-21 06:33:11,056 - __main__ - INFO -    Client 21 -> head (0e2d23afb485...), Node CPUs: 64.0, Clients on node: 38
2025-12-21 06:33:11,056 - __main__ - INFO -    Client 22 -> head (0e2d23afb485...), Node CPUs: 64.0, Clients on node: 38
2025-12-21 06:33:11,057 - __main__ - INFO -    Client 23 -> head (0e2d23afb485...), Node CPUs: 64.0, Clients on node: 38
2025-12-21 06:33:11,057 - __main__ - INFO -    Client 24 -> head (0e2d23afb485...), Node CPUs: 64.0, Clients on node: 38
2025-12-21 06:33:11,057 - __main__ - INFO -    Client 25 -> head (0e2d23afb485...), Node CPUs: 64.0, Clients on node: 38
2025-12-21 06:33:11,058 - __main__ - INFO -    Client 26 -> head (0e2d23afb485...), Node CPUs: 64.0, Clients on node: 38
2025-12-21 06:33:11,058 - __main__ - INFO -    Client 27 -> head (0e2d23afb485...), Node CPUs: 64.0, Clients on node: 38
2025-12-21 06:33:11,059 - __main__ - INFO -    Client 28 -> head (0e2d23afb485...), Node CPUs: 64.0, Clients on node: 38
2025-12-21 06:33:11,059 - __main__ - INFO -    Client 29 -> head (0e2d23afb485...), Node CPUs: 64.0, Clients on node: 38
2025-12-21 06:33:11,059 - __main__ - INFO -    Client 30 -> head (0e2d23afb485...), Node CPUs: 64.0, Clients on node: 38
2025-12-21 06:33:11,060 - __main__ - INFO -    Client 31 -> head (0e2d23afb485...), Node CPUs: 64.0, Clients on node: 38
2025-12-21 06:33:11,060 - __main__ - INFO -    Client 32 -> head (0e2d23afb485...), Node CPUs: 64.0, Clients on node: 38
2025-12-21 06:33:11,061 - __main__ - INFO -    Client 33 -> head (0e2d23afb485...), Node CPUs: 64.0, Clients on node: 38
2025-12-21 06:33:11,061 - __main__ - INFO -    Client 34 -> head (0e2d23afb485...), Node CPUs: 64.0, Clients on node: 38
2025-12-21 06:33:11,061 - __main__ - INFO -    Client 35 -> head (0e2d23afb485...), Node CPUs: 64.0, Clients on node: 38
2025-12-21 06:33:11,062 - __main__ - INFO -    Client 36 -> head (0e2d23afb485...), Node CPUs: 64.0, Clients on node: 38
2025-12-21 06:33:11,062 - __main__ - INFO -    Client 37 -> head (0e2d23afb485...), Node CPUs: 64.0, Clients on node: 38
2025-12-21 06:33:11,063 - __main__ - INFO -    Client 38 -> head (0e2d23afb485...), Node CPUs: 64.0, Clients on node: 38
2025-12-21 06:33:11,063 - __main__ - INFO -    Client 39 -> worker (8e3177677528...), Node CPUs: 64.0, Clients on node: 12
2025-12-21 06:33:11,063 - __main__ - INFO -    Client 40 -> worker (8e3177677528...), Node CPUs: 64.0, Clients on node: 12
2025-12-21 06:33:11,064 - __main__ - INFO -    Client 41 -> worker (8e3177677528...), Node CPUs: 64.0, Clients on node: 12
2025-12-21 06:33:11,064 - __main__ - INFO -    Client 42 -> worker (8e3177677528...), Node CPUs: 64.0, Clients on node: 12
2025-12-21 06:33:11,065 - __main__ - INFO -    Client 43 -> worker (8e3177677528...), Node CPUs: 64.0, Clients on node: 12
2025-12-21 06:33:11,065 - __main__ - INFO -    Client 44 -> worker (8e3177677528...), Node CPUs: 64.0, Clients on node: 12
2025-12-21 06:33:11,065 - __main__ - INFO -    Client 45 -> worker (8e3177677528...), Node CPUs: 64.0, Clients on node: 12
2025-12-21 06:33:11,066 - __main__ - INFO -    Client 46 -> worker (8e3177677528...), Node CPUs: 64.0, Clients on node: 12
2025-12-21 06:33:11,066 - __main__ - INFO -    Client 47 -> worker (8e3177677528...), Node CPUs: 64.0, Clients on node: 12
2025-12-21 06:33:11,067 - __main__ - INFO -    Client 48 -> worker (8e3177677528...), Node CPUs: 64.0, Clients on node: 12
2025-12-21 06:33:11,067 - __main__ - INFO -    Client 49 -> worker (8e3177677528...), Node CPUs: 64.0, Clients on node: 12
2025-12-21 06:33:11,067 - __main__ - INFO -    Client 50 -> worker (8e3177677528...), Node CPUs: 64.0, Clients on node: 12
2025-12-21 06:33:11,068 - __main__ - INFO - 🔧 Client 1 resources: num_cpus=1.4632, num_gpus=0.0950, memory=2.00GB
2025-12-21 06:33:11,143 - __main__ - INFO - ✅ Client 1 (smartphone) started on head node (0e2d23afb485...)
2025-12-21 06:33:14,147 - __main__ - INFO - 🔧 Client 2 resources: num_cpus=1.4632, num_gpus=0.0950, memory=2.00GB
2025-12-21 06:33:14,229 - __main__ - INFO - ✅ Client 2 (smartphone) started on head node (0e2d23afb485...)
2025-12-21 06:33:17,233 - __main__ - INFO - 🔧 Client 3 resources: num_cpus=1.4632, num_gpus=0.0950, memory=2.00GB
2025-12-21 06:33:17,310 - __main__ - INFO - ✅ Client 3 (smartphone) started on head node (0e2d23afb485...)
2025-12-21 06:33:20,314 - __main__ - INFO - 🔧 Client 4 resources: num_cpus=1.4632, num_gpus=0.0950, memory=2.00GB
2025-12-21 06:33:20,392 - __main__ - INFO - ✅ Client 4 (smartphone) started on head node (0e2d23afb485...)
2025-12-21 06:33:23,394 - __main__ - INFO - 🔧 Client 5 resources: num_cpus=1.4632, num_gpus=0.0950, memory=2.00GB
2025-12-21 06:33:23,486 - __main__ - INFO - ✅ Client 5 (smartphone) started on head node (0e2d23afb485...)
2025-12-21 06:33:26,489 - __main__ - INFO - 🔧 Client 6 resources: num_cpus=1.4632, num_gpus=0.0950, memory=2.00GB
2025-12-21 06:33:26,565 - __main__ - INFO - ✅ Client 6 (smartphone) started on head node (0e2d23afb485...)
2025-12-21 06:33:29,569 - __main__ - INFO - 🔧 Client 7 resources: num_cpus=1.4632, num_gpus=0.0950, memory=2.00GB
2025-12-21 06:33:29,654 - __main__ - INFO - ✅ Client 7 (smartphone) started on head node (0e2d23afb485...)
2025-12-21 06:33:32,658 - __main__ - INFO - 🔧 Client 8 resources: num_cpus=1.4632, num_gpus=0.0950, memory=2.00GB
2025-12-21 06:33:32,728 - __main__ - INFO - ✅ Client 8 (smartphone) started on head node (0e2d23afb485...)
2025-12-21 06:33:35,730 - __main__ - INFO - 🔧 Client 9 resources: num_cpus=1.4632, num_gpus=0.0950, memory=2.00GB
2025-12-21 06:33:35,802 - __main__ - INFO - ✅ Client 9 (smartphone) started on head node (0e2d23afb485...)
2025-12-21 06:33:38,804 - __main__ - INFO - 🔧 Client 10 resources: num_cpus=1.4632, num_gpus=0.0950, memory=2.00GB
2025-12-21 06:33:38,875 - __main__ - INFO - ✅ Client 10 (smartphone) started on head node (0e2d23afb485...)
2025-12-21 06:33:41,878 - __main__ - INFO - 🔧 Client 11 resources: num_cpus=1.4632, num_gpus=0.0950, memory=2.00GB
2025-12-21 06:33:41,945 - __main__ - INFO - ✅ Client 11 (smartphone) started on head node (0e2d23afb485...)
2025-12-21 06:33:44,947 - __main__ - INFO - 🔧 Client 12 resources: num_cpus=1.4632, num_gpus=0.0950, memory=2.00GB
2025-12-21 06:33:45,029 - __main__ - INFO - ✅ Client 12 (smartphone) started on head node (0e2d23afb485...)
2025-12-21 06:33:48,033 - __main__ - INFO - 🔧 Client 13 resources: num_cpus=1.4632, num_gpus=0.0950, memory=2.00GB
2025-12-21 06:33:48,106 - __main__ - INFO - ✅ Client 13 (smartphone) started on head node (0e2d23afb485...)
2025-12-21 06:33:51,110 - __main__ - INFO - 🔧 Client 14 resources: num_cpus=1.4632, num_gpus=0.0950, memory=2.00GB
2025-12-21 06:33:51,181 - __main__ - INFO - ✅ Client 14 (smartphone) started on head node (0e2d23afb485...)
2025-12-21 06:33:54,184 - __main__ - INFO - 🔧 Client 15 resources: num_cpus=1.4632, num_gpus=0.0950, memory=2.00GB
2025-12-21 06:33:54,257 - __main__ - INFO - ✅ Client 15 (smartphone) started on head node (0e2d23afb485...)
2025-12-21 06:33:57,261 - __main__ - INFO - 🔧 Client 16 resources: num_cpus=1.4632, num_gpus=0.0950, memory=2.00GB
2025-12-21 06:33:57,341 - __main__ - INFO - ✅ Client 16 (smartphone) started on head node (0e2d23afb485...)
2025-12-21 06:34:00,345 - __main__ - INFO - 🔧 Client 17 resources: num_cpus=1.4632, num_gpus=0.0950, memory=2.00GB
2025-12-21 06:34:00,416 - __main__ - INFO - ✅ Client 17 (smartphone) started on head node (0e2d23afb485...)
2025-12-21 06:34:03,420 - __main__ - INFO - 🔧 Client 18 resources: num_cpus=1.4632, num_gpus=0.0950, memory=2.00GB
2025-12-21 06:34:03,489 - __main__ - INFO - ✅ Client 18 (smartphone) started on head node (0e2d23afb485...)
2025-12-21 06:34:06,492 - __main__ - INFO - 🔧 Client 19 resources: num_cpus=1.4632, num_gpus=0.0950, memory=2.00GB
2025-12-21 06:34:06,564 - __main__ - INFO - ✅ Client 19 (smartphone) started on head node (0e2d23afb485...)
2025-12-21 06:34:09,565 - __main__ - INFO - 🔧 Client 20 resources: num_cpus=1.4632, num_gpus=0.0950, memory=2.00GB
2025-12-21 06:34:09,657 - __main__ - INFO - ✅ Client 20 (smartphone) started on head node (0e2d23afb485...)
2025-12-21 06:34:12,660 - __main__ - INFO - 🔧 Client 21 resources: num_cpus=1.4632, num_gpus=0.0950, memory=2.00GB
2025-12-21 06:34:12,733 - __main__ - INFO - ✅ Client 21 (smartphone) started on head node (0e2d23afb485...)
2025-12-21 06:34:15,737 - __main__ - INFO - 🔧 Client 22 resources: num_cpus=1.4632, num_gpus=0.0950, memory=2.00GB
2025-12-21 06:34:15,822 - __main__ - INFO - ✅ Client 22 (smartphone) started on head node (0e2d23afb485...)
2025-12-21 06:34:18,826 - __main__ - INFO - 🔧 Client 23 resources: num_cpus=1.4632, num_gpus=0.0950, memory=2.00GB
2025-12-21 06:34:18,906 - __main__ - INFO - ✅ Client 23 (smartphone) started on head node (0e2d23afb485...)
2025-12-21 06:34:21,911 - __main__ - INFO - 🔧 Client 24 resources: num_cpus=1.4632, num_gpus=0.0950, memory=2.00GB
2025-12-21 06:34:21,980 - __main__ - INFO - ✅ Client 24 (smartphone) started on head node (0e2d23afb485...)
2025-12-21 06:34:24,984 - __main__ - INFO - 🔧 Client 25 resources: num_cpus=1.4632, num_gpus=0.0950, memory=2.00GB
2025-12-21 06:34:25,064 - __main__ - INFO - ✅ Client 25 (smartphone) started on head node (0e2d23afb485...)
2025-12-21 06:34:28,066 - __main__ - INFO - 🔧 Client 26 resources: num_cpus=1.4632, num_gpus=0.0950, memory=2.00GB
2025-12-21 06:34:28,149 - __main__ - INFO - ✅ Client 26 (smartphone) started on head node (0e2d23afb485...)
2025-12-21 06:34:31,152 - __main__ - INFO - 🔧 Client 27 resources: num_cpus=1.4632, num_gpus=0.0950, memory=2.00GB
2025-12-21 06:34:31,226 - __main__ - INFO - ✅ Client 27 (smartphone) started on head node (0e2d23afb485...)
2025-12-21 06:34:34,230 - __main__ - INFO - 🔧 Client 28 resources: num_cpus=1.4632, num_gpus=0.0950, memory=2.00GB
2025-12-21 06:34:34,303 - __main__ - INFO - ✅ Client 28 (smartphone) started on head node (0e2d23afb485...)
2025-12-21 06:34:37,306 - __main__ - INFO - 🔧 Client 29 resources: num_cpus=1.4632, num_gpus=0.0950, memory=2.00GB
2025-12-21 06:34:37,383 - __main__ - INFO - ✅ Client 29 (smartphone) started on head node (0e2d23afb485...)
2025-12-21 06:34:40,385 - __main__ - INFO - 🔧 Client 30 resources: num_cpus=1.4632, num_gpus=0.0950, memory=2.00GB
2025-12-21 06:34:40,470 - __main__ - INFO - ✅ Client 30 (smartphone) started on head node (0e2d23afb485...)
2025-12-21 06:34:43,474 - __main__ - INFO - 🔧 Client 31 resources: num_cpus=1.4632, num_gpus=0.0950, memory=2.00GB
2025-12-21 06:34:43,551 - __main__ - INFO - ✅ Client 31 (smartphone) started on head node (0e2d23afb485...)
2025-12-21 06:34:46,555 - __main__ - INFO - 🔧 Client 32 resources: num_cpus=1.4632, num_gpus=0.0950, memory=2.00GB
2025-12-21 06:34:46,632 - __main__ - INFO - ✅ Client 32 (smartphone) started on head node (0e2d23afb485...)
2025-12-21 06:34:49,636 - __main__ - INFO - 🔧 Client 33 resources: num_cpus=1.4632, num_gpus=0.0950, memory=2.00GB
2025-12-21 06:34:49,713 - __main__ - INFO - ✅ Client 33 (smartphone) started on head node (0e2d23afb485...)
2025-12-21 06:34:52,717 - __main__ - INFO - 🔧 Client 34 resources: num_cpus=1.4632, num_gpus=0.0950, memory=2.00GB
2025-12-21 06:34:52,792 - __main__ - INFO - ✅ Client 34 (smartphone) started on head node (0e2d23afb485...)
2025-12-21 06:34:55,796 - __main__ - INFO - 🔧 Client 35 resources: num_cpus=1.4632, num_gpus=0.0950, memory=2.00GB
2025-12-21 06:34:55,877 - __main__ - INFO - ✅ Client 35 (smartphone) started on head node (0e2d23afb485...)
2025-12-21 06:34:58,879 - __main__ - INFO - 🔧 Client 36 resources: num_cpus=1.4632, num_gpus=0.0950, memory=2.00GB
2025-12-21 06:34:58,948 - __main__ - INFO - ✅ Client 36 (smartphone) started on head node (0e2d23afb485...)
2025-12-21 06:35:01,952 - __main__ - INFO - 🔧 Client 37 resources: num_cpus=1.4632, num_gpus=0.0950, memory=2.00GB
2025-12-21 06:35:02,021 - __main__ - INFO - ✅ Client 37 (smartphone) started on head node (0e2d23afb485...)
2025-12-21 06:35:05,024 - __main__ - INFO - 🔧 Client 38 resources: num_cpus=1.4632, num_gpus=0.0950, memory=2.00GB
2025-12-21 06:35:05,108 - __main__ - INFO - ✅ Client 38 (smartphone) started on head node (0e2d23afb485...)
2025-12-21 06:35:08,111 - __main__ - INFO - 🔧 Client 39 resources: num_cpus=4.8000, num_gpus=0.1583, memory=2.00GB
2025-12-21 06:35:09,149 - __main__ - INFO - ✅ Client 39 (smartphone) started on worker node (8e3177677528...)
2025-12-21 06:35:12,151 - __main__ - INFO - 🔧 Client 40 resources: num_cpus=4.8000, num_gpus=0.1583, memory=2.00GB
2025-12-21 06:35:12,945 - __main__ - INFO - ✅ Client 40 (smartphone) started on worker node (8e3177677528...)
2025-12-21 06:35:15,949 - __main__ - INFO - 🔧 Client 41 resources: num_cpus=4.8000, num_gpus=0.1583, memory=2.00GB
2025-12-21 06:35:16,730 - __main__ - INFO - ✅ Client 41 (smartphone) started on worker node (8e3177677528...)
2025-12-21 06:35:19,734 - __main__ - INFO - 🔧 Client 42 resources: num_cpus=4.8000, num_gpus=0.1583, memory=2.00GB
2025-12-21 06:35:20,280 - __main__ - INFO - ✅ Client 42 (smartphone) started on worker node (8e3177677528...)
2025-12-21 06:35:23,284 - __main__ - INFO - 🔧 Client 43 resources: num_cpus=4.8000, num_gpus=0.1583, memory=2.00GB
2025-12-21 06:35:23,815 - __main__ - INFO - ✅ Client 43 (smartphone) started on worker node (8e3177677528...)
2025-12-21 06:35:26,819 - __main__ - INFO - 🔧 Client 44 resources: num_cpus=4.8000, num_gpus=0.1583, memory=2.00GB
2025-12-21 06:35:27,257 - __main__ - INFO - ✅ Client 44 (smartphone) started on worker node (8e3177677528...)
2025-12-21 06:35:30,259 - __main__ - INFO - 🔧 Client 45 resources: num_cpus=4.8000, num_gpus=0.1583, memory=2.00GB
2025-12-21 06:35:30,770 - __main__ - INFO - ✅ Client 45 (smartphone) started on worker node (8e3177677528...)
2025-12-21 06:35:33,773 - __main__ - INFO - 🔧 Client 46 resources: num_cpus=4.8000, num_gpus=0.1583, memory=2.00GB
2025-12-21 06:35:34,310 - __main__ - INFO - ✅ Client 46 (smartphone) started on worker node (8e3177677528...)
2025-12-21 06:35:37,314 - __main__ - INFO - 🔧 Client 47 resources: num_cpus=4.8000, num_gpus=0.1583, memory=2.00GB
2025-12-21 06:35:37,724 - __main__ - INFO - ✅ Client 47 (smartphone) started on worker node (8e3177677528...)
2025-12-21 06:35:40,726 - __main__ - INFO - 🔧 Client 48 resources: num_cpus=4.8000, num_gpus=0.1583, memory=2.00GB
2025-12-21 06:35:41,276 - __main__ - INFO - ✅ Client 48 (smartphone) started on worker node (8e3177677528...)
2025-12-21 06:35:44,280 - __main__ - INFO - 🔧 Client 49 resources: num_cpus=4.8000, num_gpus=0.1583, memory=2.00GB
2025-12-21 06:35:44,812 - __main__ - INFO - ✅ Client 49 (smartphone) started on worker node (8e3177677528...)
2025-12-21 06:35:47,814 - __main__ - INFO - 🔧 Client 50 resources: num_cpus=4.8000, num_gpus=0.1583, memory=2.00GB
2025-12-21 06:35:48,351 - __main__ - INFO - ✅ Client 50 (smartphone) started on worker node (8e3177677528...)
2025-12-21 06:35:51,354 - __main__ - INFO - ✅ 50/50 Docker clients started successfully
2025-12-21 06:35:51,354 - __main__ - INFO - ✅ All 50 clients have completed startup
2025-12-21 06:35:51,354 - __main__ - INFO - 📊 Starting training monitoring (999999999 seconds)...
2025-12-21 06:35:51,369 - __main__ - INFO - ⏰ 0s | Server: running (CPU) | Clients: 50 nodes (fractional GPU) | Ray GPU usage: 5.5/6.0 (91.8%)
2025-12-21 06:35:56,389 - __main__ - INFO - ⏰ 5s | Server: running (CPU) | Clients: 50 nodes (fractional GPU) | Ray GPU usage: 5.5/6.0 (91.8%)
2025-12-21 06:36:01,407 - __main__ - INFO - ⏰ 10s | Server: running (CPU) | Clients: 50 nodes (fractional GPU) | Ray GPU usage: 5.5/6.0 (91.8%)
2025-12-21 06:36:06,424 - __main__ - INFO - ⏰ 15s | Server: running (CPU) | Clients: 50 nodes (fractional GPU) | Ray GPU usage: 5.5/6.0 (91.8%)
2025-12-21 06:36:11,441 - __main__ - INFO - ⏰ 20s | Server: running (CPU) | Clients: 50 nodes (fractional GPU) | Ray GPU usage: 5.5/6.0 (91.8%)
2025-12-21 06:36:16,457 - __main__ - INFO - ⏰ 25s | Server: running (CPU) | Clients: 50 nodes (fractional GPU) | Ray GPU usage: 5.5/6.0 (91.8%)
2025-12-21 06:36:21,476 - __main__ - INFO - ⏰ 30s | Server: running (CPU) | Clients: 50 nodes (fractional GPU) | Ray GPU usage: 5.5/6.0 (91.8%)
2025-12-21 06:36:26,495 - __main__ - INFO - ⏰ 35s | Server: running (CPU) | Clients: 50 nodes (fractional GPU) | Ray GPU usage: 5.5/6.0 (91.8%)
2025-12-21 06:36:31,512 - __main__ - INFO - ⏰ 40s | Server: running (CPU) | Clients: 50 nodes (fractional GPU) | Ray GPU usage: 5.5/6.0 (91.8%)
2025-12-21 06:36:36,532 - __main__ - INFO - ⏰ 45s | Server: running (CPU) | Clients: 50 nodes (fractional GPU) | Ray GPU usage: 5.5/6.0 (91.8%)
2025-12-21 06:36:41,547 - __main__ - INFO - ⏰ 50s | Server: running (CPU) | Clients: 50 nodes (fractional GPU) | Ray GPU usage: 5.5/6.0 (91.8%)
2025-12-21 06:36:46,565 - __main__ - INFO - ⏰ 55s | Server: running (CPU) | Clients: 50 nodes (fractional GPU) | Ray GPU usage: 5.5/6.0 (91.8%)
2025-12-21 06:36:51,582 - __main__ - INFO - ⏰ 60s | Server: running (CPU) | Clients: 50 nodes (fractional GPU) | Ray GPU usage: 5.5/6.0 (91.8%)
2025-12-21 06:36:56,599 - __main__ - INFO - ⏰ 65s | Server: running (CPU) | Clients: 50 nodes (fractional GPU) | Ray GPU usage: 5.5/6.0 (91.8%)
2025-12-21 06:37:01,613 - __main__ - INFO - ⏰ 70s | Server: running (CPU) | Clients: 50 nodes (fractional GPU) | Ray GPU usage: 5.5/6.0 (91.8%)
2025-12-21 06:37:06,629 - __main__ - INFO - ⏰ 75s | Server: running (CPU) | Clients: 50 nodes (fractional GPU) | Ray GPU usage: 5.5/6.0 (91.8%)
2025-12-21 06:37:11,645 - __main__ - INFO - ⏰ 80s | Server: running (CPU) | Clients: 50 nodes (fractional GPU) | Ray GPU usage: 5.5/6.0 (91.8%)
2025-12-21 06:37:16,659 - __main__ - INFO - ⏰ 85s | Server: running (CPU) | Clients: 50 nodes (fractional GPU) | Ray GPU usage: 5.5/6.0 (91.8%)
2025-12-21 06:37:21,674 - __main__ - INFO - ⏰ 90s | Server: running (CPU) | Clients: 50 nodes (fractional GPU) | Ray GPU usage: 5.5/6.0 (91.8%)
2025-12-21 06:37:26,693 - __main__ - INFO - ⏰ 95s | Server: running (CPU) | Clients: 50 nodes (fractional GPU) | Ray GPU usage: 5.5/6.0 (91.8%)
2025-12-21 06:37:31,710 - __main__ - INFO - ⏰ 100s | Server: running (CPU) | Clients: 50 nodes (fractional GPU) | Ray GPU usage: 5.5/6.0 (91.8%)
2025-12-21 06:37:36,724 - __main__ - INFO - ⏰ 105s | Server: running (CPU) | Clients: 50 nodes (fractional GPU) | Ray GPU usage: 5.5/6.0 (91.8%)
2025-12-21 06:37:41,741 - __main__ - INFO - ⏰ 110s | Server: running (CPU) | Clients: 50 nodes (fractional GPU) | Ray GPU usage: 5.5/6.0 (91.8%)
2025-12-21 06:37:46,758 - __main__ - INFO - ⏰ 115s | Server: running (CPU) | Clients: 50 nodes (fractional GPU) | Ray GPU usage: 5.5/6.0 (91.8%)
2025-12-21 06:37:51,773 - __main__ - INFO - ⏰ 120s | Server: running (CPU) | Clients: 50 nodes (fractional GPU) | Ray GPU usage: 5.5/6.0 (91.8%)
2025-12-21 06:37:56,788 - __main__ - INFO - ⏰ 125s | Server: running (CPU) | Clients: 50 nodes (fractional GPU) | Ray GPU usage: 5.5/6.0 (91.8%)
2025-12-21 06:38:01,801 - __main__ - INFO - ⏰ 130s | Server: running (CPU) | Clients: 50 nodes (fractional GPU) | Ray GPU usage: 5.5/6.0 (91.8%)
2025-12-21 06:38:06,815 - __main__ - INFO - ⏰ 135s | Server: running (CPU) | Clients: 50 nodes (fractional GPU) | Ray GPU usage: 5.5/6.0 (91.8%)
2025-12-21 06:38:11,832 - __main__ - INFO - ⏰ 140s | Server: running (CPU) | Clients: 50 nodes (fractional GPU) | Ray GPU usage: 5.5/6.0 (91.8%)
2025-12-21 06:38:16,842 - __main__ - INFO - ⏰ 145s | Server: running (CPU) | Clients: 50 nodes (fractional GPU) | Ray GPU usage: 5.5/6.0 (91.8%)
2025-12-21 06:38:21,858 - __main__ - INFO - ⏰ 150s | Server: running (CPU) | Clients: 50 nodes (fractional GPU) | Ray GPU usage: 5.5/6.0 (91.8%)
2025-12-21 06:38:26,876 - __main__ - INFO - ⏰ 155s | Server: running (CPU) | Clients: 50 nodes (fractional GPU) | Ray GPU usage: 5.5/6.0 (91.8%)
2025-12-21 06:38:31,896 - __main__ - INFO - ⏰ 160s | Server: running (CPU) | Clients: 50 nodes (fractional GPU) | Ray GPU usage: 5.5/6.0 (91.8%)
2025-12-21 06:38:36,914 - __main__ - INFO - ⏰ 165s | Server: running (CPU) | Clients: 50 nodes (fractional GPU) | Ray GPU usage: 5.5/6.0 (91.8%)
2025-12-21 06:38:41,927 - __main__ - INFO - ⏰ 170s | Server: running (CPU) | Clients: 50 nodes (fractional GPU) | Ray GPU usage: 5.5/6.0 (91.8%)
2025-12-21 06:38:46,944 - __main__ - INFO - ⏰ 175s | Server: running (CPU) | Clients: 50 nodes (fractional GPU) | Ray GPU usage: 5.5/6.0 (91.8%)
2025-12-21 06:38:51,961 - __main__ - INFO - ⏰ 180s | Server: running (CPU) | Clients: 50 nodes (fractional GPU) | Ray GPU usage: 5.5/6.0 (91.8%)
2025-12-21 06:38:56,980 - __main__ - INFO - ⏰ 185s | Server: running (CPU) | Clients: 50 nodes (fractional GPU) | Ray GPU usage: 5.5/6.0 (91.8%)
2025-12-21 06:39:01,997 - __main__ - INFO - ⏰ 190s | Server: running (CPU) | Clients: 50 nodes (fractional GPU) | Ray GPU usage: 5.5/6.0 (91.8%)
2025-12-21 06:39:07,015 - __main__ - INFO - ⏰ 195s | Server: running (CPU) | Clients: 50 nodes (fractional GPU) | Ray GPU usage: 5.5/6.0 (91.8%)
2025-12-21 06:39:12,033 - __main__ - INFO - ⏰ 200s | Server: running (CPU) | Clients: 50 nodes (fractional GPU) | Ray GPU usage: 5.5/6.0 (91.8%)
2025-12-21 06:39:17,049 - __main__ - INFO - ⏰ 205s | Server: running (CPU) | Clients: 50 nodes (fractional GPU) | Ray GPU usage: 5.5/6.0 (91.8%)
2025-12-21 06:39:22,066 - __main__ - INFO - ⏰ 210s | Server: running (CPU) | Clients: 50 nodes (fractional GPU) | Ray GPU usage: 5.5/6.0 (91.8%)
2025-12-21 06:39:27,083 - __main__ - INFO - ⏰ 215s | Server: running (CPU) | Clients: 50 nodes (fractional GPU) | Ray GPU usage: 5.5/6.0 (91.8%)
2025-12-21 06:39:32,099 - __main__ - INFO - ⏰ 220s | Server: running (CPU) | Clients: 50 nodes (fractional GPU) | Ray GPU usage: 5.5/6.0 (91.8%)
2025-12-21 06:39:37,113 - __main__ - INFO - ⏰ 225s | Server: running (CPU) | Clients: 50 nodes (fractional GPU) | Ray GPU usage: 5.5/6.0 (91.8%)
2025-12-21 06:39:42,129 - __main__ - INFO - ⏰ 230s | Server: running (CPU) | Clients: 50 nodes (fractional GPU) | Ray GPU usage: 5.5/6.0 (91.8%)
2025-12-21 06:39:47,151 - __main__ - INFO - ⏰ 235s | Server: running (CPU) | Clients: 50 nodes (fractional GPU) | Ray GPU usage: 5.5/6.0 (91.8%)
2025-12-21 06:39:52,167 - __main__ - INFO - ⏰ 240s | Server: running (CPU) | Clients: 50 nodes (fractional GPU) | Ray GPU usage: 5.5/6.0 (91.8%)
2025-12-21 06:39:57,183 - __main__ - INFO - ⏰ 245s | Server: running (CPU) | Clients: 50 nodes (fractional GPU) | Ray GPU usage: 5.5/6.0 (91.8%)
2025-12-21 06:40:02,200 - __main__ - INFO - ⏰ 250s | Server: running (CPU) | Clients: 50 nodes (fractional GPU) | Ray GPU usage: 5.5/6.0 (91.8%)
2025-12-21 06:40:07,217 - __main__ - INFO - ⏰ 255s | Server: running (CPU) | Clients: 50 nodes (fractional GPU) | Ray GPU usage: 5.5/6.0 (91.8%)
2025-12-21 06:40:12,233 - __main__ - INFO - ⏰ 260s | Server: running (CPU) | Clients: 50 nodes (fractional GPU) | Ray GPU usage: 5.5/6.0 (91.8%)
2025-12-21 06:40:17,247 - __main__ - INFO - ⏰ 265s | Server: running (CPU) | Clients: 50 nodes (fractional GPU) | Ray GPU usage: 5.5/6.0 (91.8%)
2025-12-21 06:40:22,262 - __main__ - INFO - ⏰ 270s | Server: running (CPU) | Clients: 50 nodes (fractional GPU) | Ray GPU usage: 5.5/6.0 (91.8%)
2025-12-21 06:40:27,277 - __main__ - INFO - ⏰ 275s | Server: running (CPU) | Clients: 50 nodes (fractional GPU) | Ray GPU usage: 5.5/6.0 (91.8%)
2025-12-21 06:40:32,291 - __main__ - INFO - ⏰ 280s | Server: running (CPU) | Clients: 50 nodes (fractional GPU) | Ray GPU usage: 5.5/6.0 (91.8%)
2025-12-21 06:40:37,307 - __main__ - INFO - ⏰ 285s | Server: running (CPU) | Clients: 50 nodes (fractional GPU) | Ray GPU usage: 5.5/6.0 (91.8%)
2025-12-21 06:40:42,323 - __main__ - INFO - ⏰ 290s | Server: running (CPU) | Clients: 50 nodes (fractional GPU) | Ray GPU usage: 5.5/6.0 (91.8%)
2025-12-21 06:40:47,339 - __main__ - INFO - ⏰ 295s | Server: running (CPU) | Clients: 50 nodes (fractional GPU) | Ray GPU usage: 5.5/6.0 (91.8%)
2025-12-21 06:40:52,354 - __main__ - INFO - ⏰ 300s | Server: running (CPU) | Clients: 50 nodes (fractional GPU) | Ray GPU usage: 5.5/6.0 (91.8%)
2025-12-21 06:40:57,370 - __main__ - INFO - ⏰ 306s | Server: running (CPU) | Clients: 50 nodes (fractional GPU) | Ray GPU usage: 5.5/6.0 (91.8%)
2025-12-21 06:41:02,386 - __main__ - INFO - ⏰ 311s | Server: running (CPU) | Clients: 50 nodes (fractional GPU) | Ray GPU usage: 5.5/6.0 (91.8%)
2025-12-21 06:41:07,402 - __main__ - INFO - ⏰ 316s | Server: running (CPU) | Clients: 50 nodes (fractional GPU) | Ray GPU usage: 5.5/6.0 (91.8%)
2025-12-21 06:41:12,418 - __main__ - INFO - ⏰ 321s | Server: running (CPU) | Clients: 50 nodes (fractional GPU) | Ray GPU usage: 5.5/6.0 (91.8%)
2025-12-21 06:41:17,433 - __main__ - INFO - ⏰ 326s | Server: running (CPU) | Clients: 50 nodes (fractional GPU) | Ray GPU usage: 5.5/6.0 (91.8%)
2025-12-21 06:41:22,449 - __main__ - INFO - ⏰ 331s | Server: running (CPU) | Clients: 50 nodes (fractional GPU) | Ray GPU usage: 5.5/6.0 (91.8%)
2025-12-21 06:41:27,465 - __main__ - INFO - ⏰ 336s | Server: running (CPU) | Clients: 50 nodes (fractional GPU) | Ray GPU usage: 5.5/6.0 (91.8%)
2025-12-21 06:41:32,483 - __main__ - INFO - ⏰ 341s | Server: running (CPU) | Clients: 50 nodes (fractional GPU) | Ray GPU usage: 5.5/6.0 (91.8%)
2025-12-21 06:41:37,500 - __main__ - INFO - ⏰ 346s | Server: running (CPU) | Clients: 50 nodes (fractional GPU) | Ray GPU usage: 5.5/6.0 (91.8%)
2025-12-21 06:41:42,518 - __main__ - INFO - ⏰ 351s | Server: running (CPU) | Clients: 50 nodes (fractional GPU) | Ray GPU usage: 5.5/6.0 (91.8%)
2025-12-21 06:41:47,535 - __main__ - INFO - ⏰ 356s | Server: running (CPU) | Clients: 50 nodes (fractional GPU) | Ray GPU usage: 5.5/6.0 (91.8%)
2025-12-21 06:41:52,551 - __main__ - INFO - ⏰ 361s | Server: running (CPU) | Clients: 50 nodes (fractional GPU) | Ray GPU usage: 5.5/6.0 (91.8%)
2025-12-21 06:41:57,568 - __main__ - INFO - ⏰ 366s | Server: running (CPU) | Clients: 50 nodes (fractional GPU) | Ray GPU usage: 5.5/6.0 (91.8%)
2025-12-21 06:42:02,585 - __main__ - INFO - ⏰ 371s | Server: running (CPU) | Clients: 50 nodes (fractional GPU) | Ray GPU usage: 5.5/6.0 (91.8%)
2025-12-21 06:42:07,602 - __main__ - INFO - ⏰ 376s | Server: running (CPU) | Clients: 50 nodes (fractional GPU) | Ray GPU usage: 5.5/6.0 (91.8%)
2025-12-21 06:42:12,619 - __main__ - INFO - ⏰ 381s | Server: running (CPU) | Clients: 50 nodes (fractional GPU) | Ray GPU usage: 5.5/6.0 (91.8%)
2025-12-21 06:42:17,637 - __main__ - INFO - ⏰ 386s | Server: running (CPU) | Clients: 50 nodes (fractional GPU) | Ray GPU usage: 5.5/6.0 (91.8%)
2025-12-21 06:42:22,654 - __main__ - INFO - ⏰ 391s | Server: running (CPU) | Clients: 50 nodes (fractional GPU) | Ray GPU usage: 5.5/6.0 (91.8%)
2025-12-21 06:42:27,669 - __main__ - INFO - ⏰ 396s | Server: running (CPU) | Clients: 50 nodes (fractional GPU) | Ray GPU usage: 5.5/6.0 (91.8%)
2025-12-21 06:42:32,683 - __main__ - INFO - ⏰ 401s | Server: running (CPU) | Clients: 50 nodes (fractional GPU) | Ray GPU usage: 5.5/6.0 (91.8%)
2025-12-21 06:42:37,698 - __main__ - INFO - ⏰ 406s | Server: running (CPU) | Clients: 50 nodes (fractional GPU) | Ray GPU usage: 5.5/6.0 (91.8%)
2025-12-21 06:42:42,714 - __main__ - INFO - ⏰ 411s | Server: running (CPU) | Clients: 50 nodes (fractional GPU) | Ray GPU usage: 5.5/6.0 (91.8%)
2025-12-21 06:42:47,730 - __main__ - INFO - ⏰ 416s | Server: running (CPU) | Clients: 50 nodes (fractional GPU) | Ray GPU usage: 5.5/6.0 (91.8%)
2025-12-21 06:42:52,746 - __main__ - INFO - ⏰ 421s | Server: running (CPU) | Clients: 50 nodes (fractional GPU) | Ray GPU usage: 5.5/6.0 (91.8%)
2025-12-21 06:42:57,764 - __main__ - INFO - ⏰ 426s | Server: running (CPU) | Clients: 50 nodes (fractional GPU) | Ray GPU usage: 5.5/6.0 (91.8%)
2025-12-21 06:43:02,780 - __main__ - INFO - ⏰ 431s | Server: running (CPU) | Clients: 50 nodes (fractional GPU) | Ray GPU usage: 5.5/6.0 (91.8%)
2025-12-21 06:43:07,796 - __main__ - INFO - ⏰ 436s | Server: running (CPU) | Clients: 50 nodes (fractional GPU) | Ray GPU usage: 5.5/6.0 (91.8%)
2025-12-21 06:43:12,812 - __main__ - INFO - ⏰ 441s | Server: running (CPU) | Clients: 50 nodes (fractional GPU) | Ray GPU usage: 5.5/6.0 (91.8%)
2025-12-21 06:43:17,828 - __main__ - INFO - ⏰ 446s | Server: running (CPU) | Clients: 50 nodes (fractional GPU) | Ray GPU usage: 5.5/6.0 (91.8%)
2025-12-21 06:43:22,843 - __main__ - INFO - ⏰ 451s | Server: running (CPU) | Clients: 50 nodes (fractional GPU) | Ray GPU usage: 5.5/6.0 (91.8%)
2025-12-21 06:43:27,860 - __main__ - INFO - ⏰ 456s | Server: running (CPU) | Clients: 50 nodes (fractional GPU) | Ray GPU usage: 5.5/6.0 (91.8%)
2025-12-21 06:43:32,877 - __main__ - INFO - ⏰ 461s | Server: running (CPU) | Clients: 50 nodes (fractional GPU) | Ray GPU usage: 5.5/6.0 (91.8%)
2025-12-21 06:43:37,894 - __main__ - INFO - ⏰ 466s | Server: running (CPU) | Clients: 50 nodes (fractional GPU) | Ray GPU usage: 5.5/6.0 (91.8%)
2025-12-21 06:43:42,910 - __main__ - INFO - ⏰ 471s | Server: running (CPU) | Clients: 50 nodes (fractional GPU) | Ray GPU usage: 5.5/6.0 (91.8%)
2025-12-21 06:43:47,926 - __main__ - INFO - ⏰ 476s | Server: running (CPU) | Clients: 50 nodes (fractional GPU) | Ray GPU usage: 5.5/6.0 (91.8%)
2025-12-21 06:43:52,942 - __main__ - INFO - ⏰ 481s | Server: running (CPU) | Clients: 50 nodes (fractional GPU) | Ray GPU usage: 5.5/6.0 (91.8%)
2025-12-21 06:43:57,962 - __main__ - INFO - ⏰ 486s | Server: running (CPU) | Clients: 50 nodes (fractional GPU) | Ray GPU usage: 5.5/6.0 (91.8%)
2025-12-21 06:44:02,980 - __main__ - INFO - ⏰ 491s | Server: running (CPU) | Clients: 50 nodes (fractional GPU) | Ray GPU usage: 5.5/6.0 (91.8%)
2025-12-21 06:44:07,997 - __main__ - INFO - ⏰ 496s | Server: running (CPU) | Clients: 50 nodes (fractional GPU) | Ray GPU usage: 5.5/6.0 (91.8%)
2025-12-21 06:44:13,014 - __main__ - INFO - ⏰ 501s | Server: running (CPU) | Clients: 50 nodes (fractional GPU) | Ray GPU usage: 5.5/6.0 (91.8%)
2025-12-21 06:44:18,030 - __main__ - INFO - ⏰ 506s | Server: running (CPU) | Clients: 50 nodes (fractional GPU) | Ray GPU usage: 5.5/6.0 (91.8%)
2025-12-21 06:44:23,045 - __main__ - INFO - ⏰ 511s | Server: running (CPU) | Clients: 50 nodes (fractional GPU) | Ray GPU usage: 5.5/6.0 (91.8%)
2025-12-21 06:44:28,061 - __main__ - INFO - ⏰ 516s | Server: running (CPU) | Clients: 50 nodes (fractional GPU) | Ray GPU usage: 5.5/6.0 (91.8%)
srun: Job step aborted: Waiting up to 32 seconds for job step to finish.
srun: Job step aborted: Waiting up to 32 seconds for job step to finish.
slurmstepd-srv-it-node01: error: *** STEP 447.1 ON srv-it-node01 CANCELLED AT 2025-12-21T06:44:32 ***
slurmstepd-srv-it-node02: error: *** STEP 446.0 ON srv-it-node02 CANCELLED AT 2025-12-21T06:44:32 ***
slurmstepd-srv-it-node02: error: *** JOB 446 ON srv-it-node02 CANCELLED AT 2025-12-21T06:44:32 ***
