2025-12-26 06:35:11,878 - __main__ - INFO - 🚀 Start Ray V2 federated learning
2025-12-26 06:35:11,878 - __main__ - INFO - 📊 Configuration: 50 clients, 100 rounds training, total nodes: 51
2025-12-26 06:35:11,878 - __main__ - INFO - 🧹 Clean environment...
2025-12-26 06:35:16,565 - __main__ - INFO - 🗑️  Cleaned tmpfs chunk directory: /tmp/fl_chunks
2025-12-26 06:35:17,215 - __main__ - DEBUG - 🗑️  Cleaned mount directory (simple): /home/naicheng_li/FLTorrent/docker_data/tmp
2025-12-26 06:35:17,219 - __main__ - DEBUG - 🗑️  Cleaned mount directory (simple): /home/naicheng_li/FLTorrent/docker_data/app_tmp
2025-12-26 06:35:18,228 - __main__ - INFO - ✅ Environment cleanup completed
2025-12-26 06:35:18,228 - __main__ - INFO - 🚀 Applying host network optimizations for ultra-high concurrency...
2025-12-26 06:35:18,342 - __main__ - WARNING - ⚠️  22 network optimizations could not be applied (may need sudo access)
2025-12-26 06:35:18,342 - __main__ - DEBUG -    Failed: net.core.somaxconn - sudo: you do not exist in the passwd database
2025-12-26 06:35:18,342 - __main__ - DEBUG -    Failed: net.core.netdev_max_backlog - sudo: you do not exist in the passwd database
2025-12-26 06:35:18,342 - __main__ - DEBUG -    Failed: net.core.rmem_default - sudo: you do not exist in the passwd database
2025-12-26 06:35:18,342 - __main__ - WARNING - ⚠️  No host network optimizations applied! High-concurrency FL may experience issues.
2025-12-26 06:35:18,342 - __main__ - WARNING -    Consider running with sudo or contacting HPC admin to apply these settings.
2025-12-26 06:35:18,342 - __main__ - INFO - 🦭 Initializing Podman rootless environment...
2025-12-26 06:35:18,345 - __main__ - WARNING - ⚠️  Podman unavailable, trying Docker...
2025-12-26 06:35:18,345 - __main__ - INFO - 📦 Using non-container mode (Fallback)
2025-12-26 06:35:20,320 - __main__ - INFO - 🔍 Found available port for Ray dashboard: 8265
2025-12-26 06:35:20,394 - filelock - DEBUG - Attempting to acquire lock 140410135456848 on /home/naicheng_li/ray/session_2025-12-26_06-35-20_388198_2240527/node_ip_address.json.lock
2025-12-26 06:35:20,397 - filelock - DEBUG - Lock 140410135456848 acquired on /home/naicheng_li/ray/session_2025-12-26_06-35-20_388198_2240527/node_ip_address.json.lock
2025-12-26 06:35:20,400 - filelock - DEBUG - Attempting to release lock 140410135456848 on /home/naicheng_li/ray/session_2025-12-26_06-35-20_388198_2240527/node_ip_address.json.lock
2025-12-26 06:35:20,400 - filelock - DEBUG - Lock 140410135456848 released on /home/naicheng_li/ray/session_2025-12-26_06-35-20_388198_2240527/node_ip_address.json.lock
2025-12-26 06:35:20,402 - filelock - DEBUG - Attempting to acquire lock 140410135453104 on /home/naicheng_li/ray/session_2025-12-26_06-35-20_388198_2240527/ports_by_node.json.lock
2025-12-26 06:35:20,403 - filelock - DEBUG - Lock 140410135453104 acquired on /home/naicheng_li/ray/session_2025-12-26_06-35-20_388198_2240527/ports_by_node.json.lock
2025-12-26 06:35:20,406 - filelock - DEBUG - Attempting to release lock 140410135453104 on /home/naicheng_li/ray/session_2025-12-26_06-35-20_388198_2240527/ports_by_node.json.lock
2025-12-26 06:35:20,406 - filelock - DEBUG - Lock 140410135453104 released on /home/naicheng_li/ray/session_2025-12-26_06-35-20_388198_2240527/ports_by_node.json.lock
2025-12-26 06:35:20,406 - filelock - DEBUG - Attempting to acquire lock 140410135453152 on /home/naicheng_li/ray/session_2025-12-26_06-35-20_388198_2240527/ports_by_node.json.lock
2025-12-26 06:35:20,407 - filelock - DEBUG - Lock 140410135453152 acquired on /home/naicheng_li/ray/session_2025-12-26_06-35-20_388198_2240527/ports_by_node.json.lock
2025-12-26 06:35:20,409 - filelock - DEBUG - Attempting to release lock 140410135453152 on /home/naicheng_li/ray/session_2025-12-26_06-35-20_388198_2240527/ports_by_node.json.lock
2025-12-26 06:35:20,409 - filelock - DEBUG - Lock 140410135453152 released on /home/naicheng_li/ray/session_2025-12-26_06-35-20_388198_2240527/ports_by_node.json.lock
2025-12-26 06:35:20,409 - filelock - DEBUG - Attempting to acquire lock 140410135456704 on /home/naicheng_li/ray/session_2025-12-26_06-35-20_388198_2240527/ports_by_node.json.lock
2025-12-26 06:35:20,410 - filelock - DEBUG - Lock 140410135456704 acquired on /home/naicheng_li/ray/session_2025-12-26_06-35-20_388198_2240527/ports_by_node.json.lock
2025-12-26 06:35:20,411 - filelock - DEBUG - Attempting to release lock 140410135456704 on /home/naicheng_li/ray/session_2025-12-26_06-35-20_388198_2240527/ports_by_node.json.lock
2025-12-26 06:35:20,411 - filelock - DEBUG - Lock 140410135456704 released on /home/naicheng_li/ray/session_2025-12-26_06-35-20_388198_2240527/ports_by_node.json.lock
2025-12-26 06:35:20,411 - filelock - DEBUG - Attempting to acquire lock 140410135459344 on /home/naicheng_li/ray/session_2025-12-26_06-35-20_388198_2240527/ports_by_node.json.lock
2025-12-26 06:35:20,412 - filelock - DEBUG - Lock 140410135459344 acquired on /home/naicheng_li/ray/session_2025-12-26_06-35-20_388198_2240527/ports_by_node.json.lock
2025-12-26 06:35:20,413 - filelock - DEBUG - Attempting to release lock 140410135459344 on /home/naicheng_li/ray/session_2025-12-26_06-35-20_388198_2240527/ports_by_node.json.lock
2025-12-26 06:35:20,413 - filelock - DEBUG - Lock 140410135459344 released on /home/naicheng_li/ray/session_2025-12-26_06-35-20_388198_2240527/ports_by_node.json.lock
2025-12-26 06:35:20,413 - filelock - DEBUG - Attempting to acquire lock 140410135458288 on /home/naicheng_li/ray/session_2025-12-26_06-35-20_388198_2240527/ports_by_node.json.lock
2025-12-26 06:35:20,414 - filelock - DEBUG - Lock 140410135458288 acquired on /home/naicheng_li/ray/session_2025-12-26_06-35-20_388198_2240527/ports_by_node.json.lock
2025-12-26 06:35:20,416 - filelock - DEBUG - Attempting to release lock 140410135458288 on /home/naicheng_li/ray/session_2025-12-26_06-35-20_388198_2240527/ports_by_node.json.lock
2025-12-26 06:35:20,416 - filelock - DEBUG - Lock 140410135458288 released on /home/naicheng_li/ray/session_2025-12-26_06-35-20_388198_2240527/ports_by_node.json.lock
2025-12-26 06:35:22,956	INFO worker.py:1998 -- Started a local Ray instance. View the dashboard at [1m[32m10.0.0.2:8265 [39m[22m
/home/naicheng_li/.conda/envs/flv2/lib/python3.10/site-packages/ray/_private/worker.py:2046: FutureWarning: Tip: In future versions of Ray, Ray will no longer override accelerator visible devices env var if num_gpus=0 or num_gpus=None (default). To enable this behavior and turn off this error message, set RAY_ACCEL_ENV_VAR_OVERRIDE_ON_ZERO=0
  warnings.warn(
2025-12-26 06:35:23,939 - __main__ - INFO - 🚀 Ray cluster initialization completed:
2025-12-26 06:35:23,939 - __main__ - INFO -    📊 Resources: {'memory': 376121050112.0, 'accelerator_type:A100': 1.0, 'node:10.0.0.2': 1.0, 'CPU': 64.0, 'node:__internal_head__': 1.0, 'object_store_memory': 145967201280.0, 'GPU': 4.0}
2025-12-26 06:35:23,939 - __main__ - INFO -    🌐 Dashboard: http://127.0.0.1:8265
2025-12-26 06:35:23,939 - __main__ - DEBUG - Found node: 8e320f23f2af... IP: 10.0.0.2, Resources: {'CPU': 64.0, 'node:__internal_head__': 1.0, 'memory': 376121050112.0, 'node:10.0.0.2': 1.0, 'accelerator_type:A100': 1.0, 'GPU': 4.0, 'object_store_memory': 145967201280.0}
2025-12-26 06:35:23,939 - __main__ - INFO - 🌐 Ray Cluster Topology:
2025-12-26 06:35:23,939 - __main__ - INFO -    📍 Head node: 8e320f23f2af... (Server will run here)
2025-12-26 06:35:23,940 - __main__ - WARNING -    ⚠️ No worker nodes found! Clients will run on head node (not recommended)
2025-12-26 06:35:23,940 - __main__ - INFO - 🎮 Detected GPU type on node 8e320f23f2af...: A100 -> 40.0GB per GPU
2025-12-26 06:35:23,940 - __main__ - INFO - 📍 Head node (8e320f23f2af...): 4.0 GPUs, 160.0GB total memory
2025-12-26 06:35:23,940 - __main__ - INFO - 📊 Total GPU memory across all nodes: 160.0GB
2025-12-26 06:35:23,940 - __main__ - INFO - 📊 Memory per client: 3.0GB → Max capacity: 53 clients
2025-12-26 06:35:23,940 - __main__ - INFO -    Node 8e320f23f2af...: 50 clients (160.0GB / 50 = 3.2GB/client)
2025-12-26 06:35:23,941 - __main__ - INFO -    Node 8e320f23f2af...: 4.0 GPU, 50 clients, max 13 clients/GPU -> 0.0731 GPU/client
2025-12-26 06:35:23,941 - __main__ - INFO - 🎯 GPU allocation summary: {'total_available_gpus': 4.0, 'total_allocated_gpus': 3.655, 'utilization_rate': '91.38%', 'server': 'CPU only', 'per_node_allocation': {'8e320f23f2af': {'count': 50, 'total_gpu': 3.6550000000000025}}, 'gpu_clients': 50, 'cpu_clients': 0}
2025-12-26 06:35:23,941 - __main__ - INFO - 📋 Client distribution: 50 GPU clients, 0 CPU clients
2025-12-26 06:35:23,941 - __main__ - INFO - 🔌 Single-node mode detected - UDS can be enabled
2025-12-26 06:35:23,941 - __main__ - INFO - 📍 Server scheduled to head node: 8e320f23f2af...
2025-12-26 06:35:24,031 - __main__ - INFO - 📦 Using Fallback (no container) for Server
2025-12-26 06:35:24,115 - __main__ - INFO - ✅ Server started: unix:///tmp/federatedscope_uds/server_53311.sock:53311
2025-12-26 06:35:39,130 - __main__ - INFO - 📱 Edge device distribution: {'smartphone': 50}
2025-12-26 06:35:39,130 - __main__ - INFO - 📊 Client distribution plan:
2025-12-26 06:35:39,131 - __main__ - INFO -    Client 1 -> head (8e320f23f2af...), Node CPUs: 64.0, Clients on node: 50
2025-12-26 06:35:39,131 - __main__ - INFO -    Client 2 -> head (8e320f23f2af...), Node CPUs: 64.0, Clients on node: 50
2025-12-26 06:35:39,132 - __main__ - INFO -    Client 3 -> head (8e320f23f2af...), Node CPUs: 64.0, Clients on node: 50
2025-12-26 06:35:39,132 - __main__ - INFO -    Client 4 -> head (8e320f23f2af...), Node CPUs: 64.0, Clients on node: 50
2025-12-26 06:35:39,132 - __main__ - INFO -    Client 5 -> head (8e320f23f2af...), Node CPUs: 64.0, Clients on node: 50
2025-12-26 06:35:39,133 - __main__ - INFO -    Client 6 -> head (8e320f23f2af...), Node CPUs: 64.0, Clients on node: 50
2025-12-26 06:35:39,133 - __main__ - INFO -    Client 7 -> head (8e320f23f2af...), Node CPUs: 64.0, Clients on node: 50
2025-12-26 06:35:39,134 - __main__ - INFO -    Client 8 -> head (8e320f23f2af...), Node CPUs: 64.0, Clients on node: 50
2025-12-26 06:35:39,134 - __main__ - INFO -    Client 9 -> head (8e320f23f2af...), Node CPUs: 64.0, Clients on node: 50
2025-12-26 06:35:39,134 - __main__ - INFO -    Client 10 -> head (8e320f23f2af...), Node CPUs: 64.0, Clients on node: 50
2025-12-26 06:35:39,135 - __main__ - INFO -    Client 11 -> head (8e320f23f2af...), Node CPUs: 64.0, Clients on node: 50
2025-12-26 06:35:39,135 - __main__ - INFO -    Client 12 -> head (8e320f23f2af...), Node CPUs: 64.0, Clients on node: 50
2025-12-26 06:35:39,135 - __main__ - INFO -    Client 13 -> head (8e320f23f2af...), Node CPUs: 64.0, Clients on node: 50
2025-12-26 06:35:39,136 - __main__ - INFO -    Client 14 -> head (8e320f23f2af...), Node CPUs: 64.0, Clients on node: 50
2025-12-26 06:35:39,136 - __main__ - INFO -    Client 15 -> head (8e320f23f2af...), Node CPUs: 64.0, Clients on node: 50
2025-12-26 06:35:39,136 - __main__ - INFO -    Client 16 -> head (8e320f23f2af...), Node CPUs: 64.0, Clients on node: 50
2025-12-26 06:35:39,137 - __main__ - INFO -    Client 17 -> head (8e320f23f2af...), Node CPUs: 64.0, Clients on node: 50
2025-12-26 06:35:39,137 - __main__ - INFO -    Client 18 -> head (8e320f23f2af...), Node CPUs: 64.0, Clients on node: 50
2025-12-26 06:35:39,137 - __main__ - INFO -    Client 19 -> head (8e320f23f2af...), Node CPUs: 64.0, Clients on node: 50
2025-12-26 06:35:39,138 - __main__ - INFO -    Client 20 -> head (8e320f23f2af...), Node CPUs: 64.0, Clients on node: 50
2025-12-26 06:35:39,138 - __main__ - INFO -    Client 21 -> head (8e320f23f2af...), Node CPUs: 64.0, Clients on node: 50
2025-12-26 06:35:39,138 - __main__ - INFO -    Client 22 -> head (8e320f23f2af...), Node CPUs: 64.0, Clients on node: 50
2025-12-26 06:35:39,138 - __main__ - INFO -    Client 23 -> head (8e320f23f2af...), Node CPUs: 64.0, Clients on node: 50
2025-12-26 06:35:39,139 - __main__ - INFO -    Client 24 -> head (8e320f23f2af...), Node CPUs: 64.0, Clients on node: 50
2025-12-26 06:35:39,139 - __main__ - INFO -    Client 25 -> head (8e320f23f2af...), Node CPUs: 64.0, Clients on node: 50
2025-12-26 06:35:39,139 - __main__ - INFO -    Client 26 -> head (8e320f23f2af...), Node CPUs: 64.0, Clients on node: 50
2025-12-26 06:35:39,140 - __main__ - INFO -    Client 27 -> head (8e320f23f2af...), Node CPUs: 64.0, Clients on node: 50
2025-12-26 06:35:39,140 - __main__ - INFO -    Client 28 -> head (8e320f23f2af...), Node CPUs: 64.0, Clients on node: 50
2025-12-26 06:35:39,141 - __main__ - INFO -    Client 29 -> head (8e320f23f2af...), Node CPUs: 64.0, Clients on node: 50
2025-12-26 06:35:39,141 - __main__ - INFO -    Client 30 -> head (8e320f23f2af...), Node CPUs: 64.0, Clients on node: 50
2025-12-26 06:35:39,141 - __main__ - INFO -    Client 31 -> head (8e320f23f2af...), Node CPUs: 64.0, Clients on node: 50
2025-12-26 06:35:39,141 - __main__ - INFO -    Client 32 -> head (8e320f23f2af...), Node CPUs: 64.0, Clients on node: 50
2025-12-26 06:35:39,142 - __main__ - INFO -    Client 33 -> head (8e320f23f2af...), Node CPUs: 64.0, Clients on node: 50
2025-12-26 06:35:39,142 - __main__ - INFO -    Client 34 -> head (8e320f23f2af...), Node CPUs: 64.0, Clients on node: 50
2025-12-26 06:35:39,142 - __main__ - INFO -    Client 35 -> head (8e320f23f2af...), Node CPUs: 64.0, Clients on node: 50
2025-12-26 06:35:39,143 - __main__ - INFO -    Client 36 -> head (8e320f23f2af...), Node CPUs: 64.0, Clients on node: 50
2025-12-26 06:35:39,143 - __main__ - INFO -    Client 37 -> head (8e320f23f2af...), Node CPUs: 64.0, Clients on node: 50
2025-12-26 06:35:39,143 - __main__ - INFO -    Client 38 -> head (8e320f23f2af...), Node CPUs: 64.0, Clients on node: 50
2025-12-26 06:35:39,144 - __main__ - INFO -    Client 39 -> head (8e320f23f2af...), Node CPUs: 64.0, Clients on node: 50
2025-12-26 06:35:39,144 - __main__ - INFO -    Client 40 -> head (8e320f23f2af...), Node CPUs: 64.0, Clients on node: 50
2025-12-26 06:35:39,144 - __main__ - INFO -    Client 41 -> head (8e320f23f2af...), Node CPUs: 64.0, Clients on node: 50
2025-12-26 06:35:39,145 - __main__ - INFO -    Client 42 -> head (8e320f23f2af...), Node CPUs: 64.0, Clients on node: 50
2025-12-26 06:35:39,145 - __main__ - INFO -    Client 43 -> head (8e320f23f2af...), Node CPUs: 64.0, Clients on node: 50
2025-12-26 06:35:39,145 - __main__ - INFO -    Client 44 -> head (8e320f23f2af...), Node CPUs: 64.0, Clients on node: 50
2025-12-26 06:35:39,146 - __main__ - INFO -    Client 45 -> head (8e320f23f2af...), Node CPUs: 64.0, Clients on node: 50
2025-12-26 06:35:39,146 - __main__ - INFO -    Client 46 -> head (8e320f23f2af...), Node CPUs: 64.0, Clients on node: 50
2025-12-26 06:35:39,146 - __main__ - INFO -    Client 47 -> head (8e320f23f2af...), Node CPUs: 64.0, Clients on node: 50
2025-12-26 06:35:39,146 - __main__ - INFO -    Client 48 -> head (8e320f23f2af...), Node CPUs: 64.0, Clients on node: 50
2025-12-26 06:35:39,147 - __main__ - INFO -    Client 49 -> head (8e320f23f2af...), Node CPUs: 64.0, Clients on node: 50
2025-12-26 06:35:39,147 - __main__ - INFO -    Client 50 -> head (8e320f23f2af...), Node CPUs: 64.0, Clients on node: 50
2025-12-26 06:35:39,147 - __main__ - INFO - 🔧 Client 1 resources: num_cpus=1.1120, num_gpus=0.0731, memory=2.00GB
2025-12-26 06:35:39,256 - __main__ - INFO - ✅ Client 1 (smartphone) started on head node (8e320f23f2af...)
2025-12-26 06:35:42,258 - __main__ - INFO - 🔧 Client 2 resources: num_cpus=1.1120, num_gpus=0.0731, memory=2.00GB
2025-12-26 06:35:42,342 - __main__ - INFO - ✅ Client 2 (smartphone) started on head node (8e320f23f2af...)
2025-12-26 06:35:45,346 - __main__ - INFO - 🔧 Client 3 resources: num_cpus=1.1120, num_gpus=0.0731, memory=2.00GB
2025-12-26 06:35:45,427 - __main__ - INFO - ✅ Client 3 (smartphone) started on head node (8e320f23f2af...)
2025-12-26 06:35:48,431 - __main__ - INFO - 🔧 Client 4 resources: num_cpus=1.1120, num_gpus=0.0731, memory=2.00GB
2025-12-26 06:35:48,519 - __main__ - INFO - ✅ Client 4 (smartphone) started on head node (8e320f23f2af...)
2025-12-26 06:35:51,520 - __main__ - INFO - 🔧 Client 5 resources: num_cpus=1.1120, num_gpus=0.0731, memory=2.00GB
2025-12-26 06:35:51,599 - __main__ - INFO - ✅ Client 5 (smartphone) started on head node (8e320f23f2af...)
2025-12-26 06:35:54,602 - __main__ - INFO - 🔧 Client 6 resources: num_cpus=1.1120, num_gpus=0.0731, memory=2.00GB
2025-12-26 06:35:54,694 - __main__ - INFO - ✅ Client 6 (smartphone) started on head node (8e320f23f2af...)
2025-12-26 06:35:57,697 - __main__ - INFO - 🔧 Client 7 resources: num_cpus=1.1120, num_gpus=0.0731, memory=2.00GB
2025-12-26 06:35:57,779 - __main__ - INFO - ✅ Client 7 (smartphone) started on head node (8e320f23f2af...)
2025-12-26 06:36:00,780 - __main__ - INFO - 🔧 Client 8 resources: num_cpus=1.1120, num_gpus=0.0731, memory=2.00GB
2025-12-26 06:36:00,863 - __main__ - INFO - ✅ Client 8 (smartphone) started on head node (8e320f23f2af...)
2025-12-26 06:36:03,866 - __main__ - INFO - 🔧 Client 9 resources: num_cpus=1.1120, num_gpus=0.0731, memory=2.00GB
2025-12-26 06:36:03,968 - __main__ - INFO - ✅ Client 9 (smartphone) started on head node (8e320f23f2af...)
2025-12-26 06:36:06,971 - __main__ - INFO - 🔧 Client 10 resources: num_cpus=1.1120, num_gpus=0.0731, memory=2.00GB
2025-12-26 06:36:07,049 - __main__ - INFO - ✅ Client 10 (smartphone) started on head node (8e320f23f2af...)
2025-12-26 06:36:10,052 - __main__ - INFO - 🔧 Client 11 resources: num_cpus=1.1120, num_gpus=0.0731, memory=2.00GB
2025-12-26 06:36:10,143 - __main__ - INFO - ✅ Client 11 (smartphone) started on head node (8e320f23f2af...)
2025-12-26 06:36:13,144 - __main__ - INFO - 🔧 Client 12 resources: num_cpus=1.1120, num_gpus=0.0731, memory=2.00GB
2025-12-26 06:36:13,240 - __main__ - INFO - ✅ Client 12 (smartphone) started on head node (8e320f23f2af...)
2025-12-26 06:36:16,244 - __main__ - INFO - 🔧 Client 13 resources: num_cpus=1.1120, num_gpus=0.0731, memory=2.00GB
2025-12-26 06:36:16,325 - __main__ - INFO - ✅ Client 13 (smartphone) started on head node (8e320f23f2af...)
2025-12-26 06:36:19,329 - __main__ - INFO - 🔧 Client 14 resources: num_cpus=1.1120, num_gpus=0.0731, memory=2.00GB
2025-12-26 06:36:19,407 - __main__ - INFO - ✅ Client 14 (smartphone) started on head node (8e320f23f2af...)
2025-12-26 06:36:22,411 - __main__ - INFO - 🔧 Client 15 resources: num_cpus=1.1120, num_gpus=0.0731, memory=2.00GB
2025-12-26 06:36:22,503 - __main__ - INFO - ✅ Client 15 (smartphone) started on head node (8e320f23f2af...)
2025-12-26 06:36:25,506 - __main__ - INFO - 🔧 Client 16 resources: num_cpus=1.1120, num_gpus=0.0731, memory=2.00GB
2025-12-26 06:36:25,599 - __main__ - INFO - ✅ Client 16 (smartphone) started on head node (8e320f23f2af...)
2025-12-26 06:36:28,600 - __main__ - INFO - 🔧 Client 17 resources: num_cpus=1.1120, num_gpus=0.0731, memory=2.00GB
2025-12-26 06:36:28,679 - __main__ - INFO - ✅ Client 17 (smartphone) started on head node (8e320f23f2af...)
2025-12-26 06:36:31,683 - __main__ - INFO - 🔧 Client 18 resources: num_cpus=1.1120, num_gpus=0.0731, memory=2.00GB
2025-12-26 06:36:31,767 - __main__ - INFO - ✅ Client 18 (smartphone) started on head node (8e320f23f2af...)
2025-12-26 06:36:34,769 - __main__ - INFO - 🔧 Client 19 resources: num_cpus=1.1120, num_gpus=0.0731, memory=2.00GB
2025-12-26 06:36:34,849 - __main__ - INFO - ✅ Client 19 (smartphone) started on head node (8e320f23f2af...)
2025-12-26 06:36:37,852 - __main__ - INFO - 🔧 Client 20 resources: num_cpus=1.1120, num_gpus=0.0731, memory=2.00GB
2025-12-26 06:36:37,933 - __main__ - INFO - ✅ Client 20 (smartphone) started on head node (8e320f23f2af...)
2025-12-26 06:36:40,937 - __main__ - INFO - 🔧 Client 21 resources: num_cpus=1.1120, num_gpus=0.0731, memory=2.00GB
2025-12-26 06:36:41,020 - __main__ - INFO - ✅ Client 21 (smartphone) started on head node (8e320f23f2af...)
2025-12-26 06:36:44,021 - __main__ - INFO - 🔧 Client 22 resources: num_cpus=1.1120, num_gpus=0.0731, memory=2.00GB
2025-12-26 06:36:44,106 - __main__ - INFO - ✅ Client 22 (smartphone) started on head node (8e320f23f2af...)
2025-12-26 06:36:47,110 - __main__ - INFO - 🔧 Client 23 resources: num_cpus=1.1120, num_gpus=0.0731, memory=2.00GB
2025-12-26 06:36:47,203 - __main__ - INFO - ✅ Client 23 (smartphone) started on head node (8e320f23f2af...)
2025-12-26 06:36:50,207 - __main__ - INFO - 🔧 Client 24 resources: num_cpus=1.1120, num_gpus=0.0731, memory=2.00GB
2025-12-26 06:36:50,298 - __main__ - INFO - ✅ Client 24 (smartphone) started on head node (8e320f23f2af...)
2025-12-26 06:36:53,302 - __main__ - INFO - 🔧 Client 25 resources: num_cpus=1.1120, num_gpus=0.0731, memory=2.00GB
2025-12-26 06:36:53,384 - __main__ - INFO - ✅ Client 25 (smartphone) started on head node (8e320f23f2af...)
2025-12-26 06:36:56,388 - __main__ - INFO - 🔧 Client 26 resources: num_cpus=1.1120, num_gpus=0.0731, memory=2.00GB
2025-12-26 06:36:56,479 - __main__ - INFO - ✅ Client 26 (smartphone) started on head node (8e320f23f2af...)
2025-12-26 06:36:59,482 - __main__ - INFO - 🔧 Client 27 resources: num_cpus=1.1120, num_gpus=0.0731, memory=2.00GB
2025-12-26 06:36:59,574 - __main__ - INFO - ✅ Client 27 (smartphone) started on head node (8e320f23f2af...)
2025-12-26 06:37:02,578 - __main__ - INFO - 🔧 Client 28 resources: num_cpus=1.1120, num_gpus=0.0731, memory=2.00GB
2025-12-26 06:37:02,663 - __main__ - INFO - ✅ Client 28 (smartphone) started on head node (8e320f23f2af...)
2025-12-26 06:37:05,666 - __main__ - INFO - 🔧 Client 29 resources: num_cpus=1.1120, num_gpus=0.0731, memory=2.00GB
2025-12-26 06:37:05,754 - __main__ - INFO - ✅ Client 29 (smartphone) started on head node (8e320f23f2af...)
2025-12-26 06:37:08,758 - __main__ - INFO - 🔧 Client 30 resources: num_cpus=1.1120, num_gpus=0.0731, memory=2.00GB
2025-12-26 06:37:08,848 - __main__ - INFO - ✅ Client 30 (smartphone) started on head node (8e320f23f2af...)
2025-12-26 06:37:11,852 - __main__ - INFO - 🔧 Client 31 resources: num_cpus=1.1120, num_gpus=0.0731, memory=2.00GB
2025-12-26 06:37:11,954 - __main__ - INFO - ✅ Client 31 (smartphone) started on head node (8e320f23f2af...)
2025-12-26 06:37:14,955 - __main__ - INFO - 🔧 Client 32 resources: num_cpus=1.1120, num_gpus=0.0731, memory=2.00GB
2025-12-26 06:37:15,043 - __main__ - INFO - ✅ Client 32 (smartphone) started on head node (8e320f23f2af...)
2025-12-26 06:37:18,047 - __main__ - INFO - 🔧 Client 33 resources: num_cpus=1.1120, num_gpus=0.0731, memory=2.00GB
2025-12-26 06:37:18,129 - __main__ - INFO - ✅ Client 33 (smartphone) started on head node (8e320f23f2af...)
2025-12-26 06:37:21,132 - __main__ - INFO - 🔧 Client 34 resources: num_cpus=1.1120, num_gpus=0.0731, memory=2.00GB
2025-12-26 06:37:21,225 - __main__ - INFO - ✅ Client 34 (smartphone) started on head node (8e320f23f2af...)
2025-12-26 06:37:24,227 - __main__ - INFO - 🔧 Client 35 resources: num_cpus=1.1120, num_gpus=0.0731, memory=2.00GB
2025-12-26 06:37:24,320 - __main__ - INFO - ✅ Client 35 (smartphone) started on head node (8e320f23f2af...)
2025-12-26 06:37:27,323 - __main__ - INFO - 🔧 Client 36 resources: num_cpus=1.1120, num_gpus=0.0731, memory=2.00GB
2025-12-26 06:37:27,403 - __main__ - INFO - ✅ Client 36 (smartphone) started on head node (8e320f23f2af...)
2025-12-26 06:37:30,406 - __main__ - INFO - 🔧 Client 37 resources: num_cpus=1.1120, num_gpus=0.0731, memory=2.00GB
2025-12-26 06:37:30,499 - __main__ - INFO - ✅ Client 37 (smartphone) started on head node (8e320f23f2af...)
2025-12-26 06:37:33,501 - __main__ - INFO - 🔧 Client 38 resources: num_cpus=1.1120, num_gpus=0.0731, memory=2.00GB
2025-12-26 06:37:33,575 - __main__ - INFO - ✅ Client 38 (smartphone) started on head node (8e320f23f2af...)
2025-12-26 06:37:36,579 - __main__ - INFO - 🔧 Client 39 resources: num_cpus=1.1120, num_gpus=0.0731, memory=2.00GB
2025-12-26 06:37:36,667 - __main__ - INFO - ✅ Client 39 (smartphone) started on head node (8e320f23f2af...)
2025-12-26 06:37:39,669 - __main__ - INFO - 🔧 Client 40 resources: num_cpus=1.1120, num_gpus=0.0731, memory=2.00GB
2025-12-26 06:37:39,762 - __main__ - INFO - ✅ Client 40 (smartphone) started on head node (8e320f23f2af...)
2025-12-26 06:37:42,763 - __main__ - INFO - 🔧 Client 41 resources: num_cpus=1.1120, num_gpus=0.0731, memory=2.00GB
2025-12-26 06:37:42,858 - __main__ - INFO - ✅ Client 41 (smartphone) started on head node (8e320f23f2af...)
2025-12-26 06:37:45,858 - __main__ - INFO - 🔧 Client 42 resources: num_cpus=1.1120, num_gpus=0.0731, memory=2.00GB
2025-12-26 06:37:45,941 - __main__ - INFO - ✅ Client 42 (smartphone) started on head node (8e320f23f2af...)
2025-12-26 06:37:48,943 - __main__ - INFO - 🔧 Client 43 resources: num_cpus=1.1120, num_gpus=0.0731, memory=2.00GB
2025-12-26 06:37:49,028 - __main__ - INFO - ✅ Client 43 (smartphone) started on head node (8e320f23f2af...)
2025-12-26 06:37:52,031 - __main__ - INFO - 🔧 Client 44 resources: num_cpus=1.1120, num_gpus=0.0731, memory=2.00GB
2025-12-26 06:37:52,111 - __main__ - INFO - ✅ Client 44 (smartphone) started on head node (8e320f23f2af...)
2025-12-26 06:37:55,112 - __main__ - INFO - 🔧 Client 45 resources: num_cpus=1.1120, num_gpus=0.0731, memory=2.00GB
2025-12-26 06:37:55,198 - __main__ - INFO - ✅ Client 45 (smartphone) started on head node (8e320f23f2af...)
2025-12-26 06:37:58,199 - __main__ - INFO - 🔧 Client 46 resources: num_cpus=1.1120, num_gpus=0.0731, memory=2.00GB
2025-12-26 06:37:58,282 - __main__ - INFO - ✅ Client 46 (smartphone) started on head node (8e320f23f2af...)
2025-12-26 06:38:01,283 - __main__ - INFO - 🔧 Client 47 resources: num_cpus=1.1120, num_gpus=0.0731, memory=2.00GB
2025-12-26 06:38:01,373 - __main__ - INFO - ✅ Client 47 (smartphone) started on head node (8e320f23f2af...)
2025-12-26 06:38:04,374 - __main__ - INFO - 🔧 Client 48 resources: num_cpus=1.1120, num_gpus=0.0731, memory=2.00GB
2025-12-26 06:38:04,460 - __main__ - INFO - ✅ Client 48 (smartphone) started on head node (8e320f23f2af...)
2025-12-26 06:38:07,462 - __main__ - INFO - 🔧 Client 49 resources: num_cpus=1.1120, num_gpus=0.0731, memory=2.00GB
2025-12-26 06:38:07,549 - __main__ - INFO - ✅ Client 49 (smartphone) started on head node (8e320f23f2af...)
2025-12-26 06:38:10,550 - __main__ - INFO - 🔧 Client 50 resources: num_cpus=1.1120, num_gpus=0.0731, memory=2.00GB
2025-12-26 06:38:10,641 - __main__ - INFO - ✅ Client 50 (smartphone) started on head node (8e320f23f2af...)
2025-12-26 06:38:13,642 - __main__ - INFO - ✅ 50/50 Docker clients started successfully
2025-12-26 06:38:13,642 - __main__ - INFO - ✅ All 50 clients have completed startup
2025-12-26 06:38:13,643 - __main__ - INFO - 📊 Starting training monitoring (999999999 seconds)...
2025-12-26 06:38:13,655 - __main__ - INFO - ⏰ 0s | Server: running (CPU) | Clients: 50 nodes (fractional GPU) | Ray GPU usage: 3.7/4.0 (91.4%)
2025-12-26 06:38:18,672 - __main__ - INFO - ⏰ 5s | Server: running (CPU) | Clients: 50 nodes (fractional GPU) | Ray GPU usage: 3.7/4.0 (91.4%)
2025-12-26 06:38:23,689 - __main__ - INFO - ⏰ 10s | Server: running (CPU) | Clients: 50 nodes (fractional GPU) | Ray GPU usage: 3.7/4.0 (91.4%)
2025-12-26 06:38:28,706 - __main__ - INFO - ⏰ 15s | Server: running (CPU) | Clients: 50 nodes (fractional GPU) | Ray GPU usage: 3.7/4.0 (91.4%)
2025-12-26 06:38:33,721 - __main__ - INFO - ⏰ 20s | Server: running (CPU) | Clients: 50 nodes (fractional GPU) | Ray GPU usage: 3.7/4.0 (91.4%)
2025-12-26 06:38:38,739 - __main__ - INFO - ⏰ 25s | Server: running (CPU) | Clients: 50 nodes (fractional GPU) | Ray GPU usage: 3.7/4.0 (91.4%)
2025-12-26 06:38:43,756 - __main__ - INFO - ⏰ 30s | Server: running (CPU) | Clients: 50 nodes (fractional GPU) | Ray GPU usage: 3.7/4.0 (91.4%)
2025-12-26 06:38:48,772 - __main__ - INFO - ⏰ 35s | Server: running (CPU) | Clients: 50 nodes (fractional GPU) | Ray GPU usage: 3.7/4.0 (91.4%)
2025-12-26 06:38:53,802 - __main__ - INFO - ⏰ 40s | Server: running (CPU) | Clients: 50 nodes (fractional GPU) | Ray GPU usage: 3.7/4.0 (91.4%)
2025-12-26 06:38:58,837 - __main__ - INFO - ⏰ 45s | Server: running (CPU) | Clients: 50 nodes (fractional GPU) | Ray GPU usage: 3.7/4.0 (91.4%)
2025-12-26 06:39:03,876 - __main__ - INFO - ⏰ 50s | Server: running (CPU) | Clients: 50 nodes (fractional GPU) | Ray GPU usage: 3.7/4.0 (91.4%)
2025-12-26 06:39:08,927 - __main__ - INFO - ⏰ 55s | Server: running (CPU) | Clients: 50 nodes (fractional GPU) | Ray GPU usage: 3.7/4.0 (91.4%)
2025-12-26 06:39:13,965 - __main__ - INFO - ⏰ 60s | Server: running (CPU) | Clients: 50 nodes (fractional GPU) | Ray GPU usage: 3.7/4.0 (91.4%)
2025-12-26 06:39:18,995 - __main__ - INFO - ⏰ 65s | Server: running (CPU) | Clients: 50 nodes (fractional GPU) | Ray GPU usage: 3.7/4.0 (91.4%)
2025-12-26 06:39:24,026 - __main__ - INFO - ⏰ 70s | Server: running (CPU) | Clients: 50 nodes (fractional GPU) | Ray GPU usage: 3.7/4.0 (91.4%)
2025-12-26 06:39:29,054 - __main__ - INFO - ⏰ 75s | Server: running (CPU) | Clients: 50 nodes (fractional GPU) | Ray GPU usage: 3.7/4.0 (91.4%)
2025-12-26 06:39:34,095 - __main__ - INFO - ⏰ 80s | Server: running (CPU) | Clients: 50 nodes (fractional GPU) | Ray GPU usage: 3.7/4.0 (91.4%)
2025-12-26 06:39:39,134 - __main__ - INFO - ⏰ 85s | Server: running (CPU) | Clients: 50 nodes (fractional GPU) | Ray GPU usage: 3.7/4.0 (91.4%)
2025-12-26 06:39:44,198 - __main__ - INFO - ⏰ 90s | Server: running (CPU) | Clients: 50 nodes (fractional GPU) | Ray GPU usage: 3.7/4.0 (91.4%)
2025-12-26 06:39:49,233 - __main__ - INFO - ⏰ 95s | Server: running (CPU) | Clients: 50 nodes (fractional GPU) | Ray GPU usage: 3.7/4.0 (91.4%)
2025-12-26 06:39:54,261 - __main__ - INFO - ⏰ 100s | Server: running (CPU) | Clients: 50 nodes (fractional GPU) | Ray GPU usage: 3.7/4.0 (91.4%)
2025-12-26 06:39:59,283 - __main__ - INFO - ⏰ 105s | Server: running (CPU) | Clients: 50 nodes (fractional GPU) | Ray GPU usage: 3.7/4.0 (91.4%)
2025-12-26 06:40:04,312 - __main__ - INFO - ⏰ 110s | Server: running (CPU) | Clients: 50 nodes (fractional GPU) | Ray GPU usage: 3.7/4.0 (91.4%)
2025-12-26 06:40:09,351 - __main__ - INFO - ⏰ 115s | Server: running (CPU) | Clients: 50 nodes (fractional GPU) | Ray GPU usage: 3.7/4.0 (91.4%)
2025-12-26 06:40:14,378 - __main__ - INFO - ⏰ 120s | Server: running (CPU) | Clients: 50 nodes (fractional GPU) | Ray GPU usage: 3.7/4.0 (91.4%)
2025-12-26 06:40:19,407 - __main__ - INFO - ⏰ 125s | Server: running (CPU) | Clients: 50 nodes (fractional GPU) | Ray GPU usage: 3.7/4.0 (91.4%)
2025-12-26 06:40:24,451 - __main__ - INFO - ⏰ 130s | Server: running (CPU) | Clients: 50 nodes (fractional GPU) | Ray GPU usage: 3.7/4.0 (91.4%)
2025-12-26 06:40:29,501 - __main__ - INFO - ⏰ 135s | Server: running (CPU) | Clients: 50 nodes (fractional GPU) | Ray GPU usage: 3.7/4.0 (91.4%)
2025-12-26 06:40:34,530 - __main__ - INFO - ⏰ 140s | Server: running (CPU) | Clients: 50 nodes (fractional GPU) | Ray GPU usage: 3.7/4.0 (91.4%)
2025-12-26 06:40:39,560 - __main__ - INFO - ⏰ 145s | Server: running (CPU) | Clients: 50 nodes (fractional GPU) | Ray GPU usage: 3.7/4.0 (91.4%)
2025-12-26 06:40:44,604 - __main__ - INFO - ⏰ 150s | Server: running (CPU) | Clients: 50 nodes (fractional GPU) | Ray GPU usage: 3.7/4.0 (91.4%)
2025-12-26 06:40:49,642 - __main__ - INFO - ⏰ 155s | Server: running (CPU) | Clients: 50 nodes (fractional GPU) | Ray GPU usage: 3.7/4.0 (91.4%)
2025-12-26 06:40:54,673 - __main__ - INFO - ⏰ 161s | Server: running (CPU) | Clients: 50 nodes (fractional GPU) | Ray GPU usage: 3.7/4.0 (91.4%)
2025-12-26 06:40:59,699 - __main__ - INFO - ⏰ 166s | Server: running (CPU) | Clients: 50 nodes (fractional GPU) | Ray GPU usage: 3.7/4.0 (91.4%)
2025-12-26 06:41:04,723 - __main__ - INFO - ⏰ 171s | Server: running (CPU) | Clients: 50 nodes (fractional GPU) | Ray GPU usage: 3.7/4.0 (91.4%)
2025-12-26 06:41:09,748 - __main__ - INFO - ⏰ 176s | Server: running (CPU) | Clients: 50 nodes (fractional GPU) | Ray GPU usage: 3.7/4.0 (91.4%)
2025-12-26 06:41:14,768 - __main__ - INFO - ⏰ 181s | Server: running (CPU) | Clients: 50 nodes (fractional GPU) | Ray GPU usage: 3.7/4.0 (91.4%)
2025-12-26 06:41:19,783 - __main__ - INFO - ⏰ 186s | Server: running (CPU) | Clients: 50 nodes (fractional GPU) | Ray GPU usage: 3.7/4.0 (91.4%)
2025-12-26 06:41:24,798 - __main__ - INFO - ⏰ 191s | Server: running (CPU) | Clients: 50 nodes (fractional GPU) | Ray GPU usage: 3.7/4.0 (91.4%)
2025-12-26 06:41:29,812 - __main__ - INFO - ⏰ 196s | Server: running (CPU) | Clients: 50 nodes (fractional GPU) | Ray GPU usage: 3.7/4.0 (91.4%)
2025-12-26 06:41:34,826 - __main__ - INFO - ⏰ 201s | Server: running (CPU) | Clients: 50 nodes (fractional GPU) | Ray GPU usage: 3.7/4.0 (91.4%)
2025-12-26 06:41:39,840 - __main__ - INFO - ⏰ 206s | Server: running (CPU) | Clients: 50 nodes (fractional GPU) | Ray GPU usage: 3.7/4.0 (91.4%)
2025-12-26 06:41:44,855 - __main__ - INFO - ⏰ 211s | Server: running (CPU) | Clients: 50 nodes (fractional GPU) | Ray GPU usage: 3.7/4.0 (91.4%)
2025-12-26 06:41:49,870 - __main__ - INFO - ⏰ 216s | Server: running (CPU) | Clients: 50 nodes (fractional GPU) | Ray GPU usage: 3.7/4.0 (91.4%)
2025-12-26 06:41:54,884 - __main__ - INFO - ⏰ 221s | Server: running (CPU) | Clients: 50 nodes (fractional GPU) | Ray GPU usage: 3.7/4.0 (91.4%)
2025-12-26 06:41:59,898 - __main__ - INFO - ⏰ 226s | Server: running (CPU) | Clients: 50 nodes (fractional GPU) | Ray GPU usage: 3.7/4.0 (91.4%)
2025-12-26 06:42:04,912 - __main__ - INFO - ⏰ 231s | Server: running (CPU) | Clients: 50 nodes (fractional GPU) | Ray GPU usage: 3.7/4.0 (91.4%)
2025-12-26 06:42:09,926 - __main__ - INFO - ⏰ 236s | Server: running (CPU) | Clients: 50 nodes (fractional GPU) | Ray GPU usage: 3.7/4.0 (91.4%)
2025-12-26 06:42:14,941 - __main__ - INFO - ⏰ 241s | Server: running (CPU) | Clients: 50 nodes (fractional GPU) | Ray GPU usage: 3.7/4.0 (91.4%)
2025-12-26 06:42:19,955 - __main__ - INFO - ⏰ 246s | Server: running (CPU) | Clients: 50 nodes (fractional GPU) | Ray GPU usage: 3.7/4.0 (91.4%)
2025-12-26 06:42:24,970 - __main__ - INFO - ⏰ 251s | Server: running (CPU) | Clients: 50 nodes (fractional GPU) | Ray GPU usage: 3.7/4.0 (91.4%)
2025-12-26 06:42:29,986 - __main__ - INFO - ⏰ 256s | Server: running (CPU) | Clients: 50 nodes (fractional GPU) | Ray GPU usage: 3.7/4.0 (91.4%)
2025-12-26 06:42:35,001 - __main__ - INFO - ⏰ 261s | Server: running (CPU) | Clients: 50 nodes (fractional GPU) | Ray GPU usage: 3.7/4.0 (91.4%)
2025-12-26 06:42:40,017 - __main__ - INFO - ⏰ 266s | Server: running (CPU) | Clients: 50 nodes (fractional GPU) | Ray GPU usage: 3.7/4.0 (91.4%)
2025-12-26 06:42:45,030 - __main__ - INFO - ⏰ 271s | Server: running (CPU) | Clients: 50 nodes (fractional GPU) | Ray GPU usage: 3.7/4.0 (91.4%)
2025-12-26 06:42:50,043 - __main__ - INFO - ⏰ 276s | Server: running (CPU) | Clients: 50 nodes (fractional GPU) | Ray GPU usage: 3.7/4.0 (91.4%)
2025-12-26 06:42:55,058 - __main__ - INFO - ⏰ 281s | Server: running (CPU) | Clients: 50 nodes (fractional GPU) | Ray GPU usage: 3.7/4.0 (91.4%)
2025-12-26 06:43:00,072 - __main__ - INFO - ⏰ 286s | Server: running (CPU) | Clients: 50 nodes (fractional GPU) | Ray GPU usage: 3.7/4.0 (91.4%)
2025-12-26 06:43:05,086 - __main__ - INFO - ⏰ 291s | Server: running (CPU) | Clients: 50 nodes (fractional GPU) | Ray GPU usage: 3.7/4.0 (91.4%)
2025-12-26 06:43:10,103 - __main__ - INFO - ⏰ 296s | Server: running (CPU) | Clients: 50 nodes (fractional GPU) | Ray GPU usage: 3.7/4.0 (91.4%)
2025-12-26 06:43:15,120 - __main__ - INFO - ⏰ 301s | Server: running (CPU) | Clients: 50 nodes (fractional GPU) | Ray GPU usage: 3.7/4.0 (91.4%)
2025-12-26 06:43:20,136 - __main__ - INFO - ⏰ 306s | Server: running (CPU) | Clients: 50 nodes (fractional GPU) | Ray GPU usage: 3.7/4.0 (91.4%)
2025-12-26 06:43:25,150 - __main__ - INFO - ⏰ 311s | Server: running (CPU) | Clients: 50 nodes (fractional GPU) | Ray GPU usage: 3.7/4.0 (91.4%)
2025-12-26 06:43:30,168 - __main__ - INFO - ⏰ 316s | Server: running (CPU) | Clients: 50 nodes (fractional GPU) | Ray GPU usage: 3.7/4.0 (91.4%)
2025-12-26 06:43:35,182 - __main__ - INFO - ⏰ 321s | Server: running (CPU) | Clients: 50 nodes (fractional GPU) | Ray GPU usage: 3.7/4.0 (91.4%)
2025-12-26 06:43:40,197 - __main__ - INFO - ⏰ 326s | Server: running (CPU) | Clients: 50 nodes (fractional GPU) | Ray GPU usage: 3.7/4.0 (91.4%)
2025-12-26 06:43:45,212 - __main__ - INFO - ⏰ 331s | Server: running (CPU) | Clients: 50 nodes (fractional GPU) | Ray GPU usage: 3.7/4.0 (91.4%)
2025-12-26 06:43:50,228 - __main__ - INFO - ⏰ 336s | Server: running (CPU) | Clients: 50 nodes (fractional GPU) | Ray GPU usage: 3.7/4.0 (91.4%)
2025-12-26 06:43:55,242 - __main__ - INFO - ⏰ 341s | Server: running (CPU) | Clients: 50 nodes (fractional GPU) | Ray GPU usage: 3.7/4.0 (91.4%)
2025-12-26 06:44:00,256 - __main__ - INFO - ⏰ 346s | Server: running (CPU) | Clients: 50 nodes (fractional GPU) | Ray GPU usage: 3.7/4.0 (91.4%)
2025-12-26 06:44:05,271 - __main__ - INFO - ⏰ 351s | Server: running (CPU) | Clients: 50 nodes (fractional GPU) | Ray GPU usage: 3.7/4.0 (91.4%)
2025-12-26 06:44:10,285 - __main__ - INFO - ⏰ 356s | Server: running (CPU) | Clients: 50 nodes (fractional GPU) | Ray GPU usage: 3.7/4.0 (91.4%)
2025-12-26 06:44:15,302 - __main__ - INFO - ⏰ 361s | Server: running (CPU) | Clients: 50 nodes (fractional GPU) | Ray GPU usage: 3.7/4.0 (91.4%)
2025-12-26 06:44:20,319 - __main__ - INFO - ⏰ 366s | Server: running (CPU) | Clients: 50 nodes (fractional GPU) | Ray GPU usage: 3.7/4.0 (91.4%)
2025-12-26 06:44:25,337 - __main__ - INFO - ⏰ 371s | Server: running (CPU) | Clients: 50 nodes (fractional GPU) | Ray GPU usage: 3.7/4.0 (91.4%)
2025-12-26 06:44:30,357 - __main__ - INFO - ⏰ 376s | Server: running (CPU) | Clients: 50 nodes (fractional GPU) | Ray GPU usage: 3.7/4.0 (91.4%)
2025-12-26 06:44:35,375 - __main__ - INFO - ⏰ 381s | Server: running (CPU) | Clients: 50 nodes (fractional GPU) | Ray GPU usage: 3.7/4.0 (91.4%)
2025-12-26 06:44:40,392 - __main__ - INFO - ⏰ 386s | Server: running (CPU) | Clients: 50 nodes (fractional GPU) | Ray GPU usage: 3.7/4.0 (91.4%)
2025-12-26 06:44:45,408 - __main__ - INFO - ⏰ 391s | Server: running (CPU) | Clients: 50 nodes (fractional GPU) | Ray GPU usage: 3.7/4.0 (91.4%)
2025-12-26 06:44:50,425 - __main__ - INFO - ⏰ 396s | Server: running (CPU) | Clients: 50 nodes (fractional GPU) | Ray GPU usage: 3.7/4.0 (91.4%)
2025-12-26 06:44:55,438 - __main__ - INFO - ⏰ 401s | Server: running (CPU) | Clients: 50 nodes (fractional GPU) | Ray GPU usage: 3.7/4.0 (91.4%)
2025-12-26 06:45:00,452 - __main__ - INFO - ⏰ 406s | Server: running (CPU) | Clients: 50 nodes (fractional GPU) | Ray GPU usage: 3.7/4.0 (91.4%)
2025-12-26 06:45:05,465 - __main__ - INFO - ⏰ 411s | Server: running (CPU) | Clients: 50 nodes (fractional GPU) | Ray GPU usage: 3.7/4.0 (91.4%)
2025-12-26 06:45:10,478 - __main__ - INFO - ⏰ 416s | Server: running (CPU) | Clients: 50 nodes (fractional GPU) | Ray GPU usage: 3.7/4.0 (91.4%)
2025-12-26 06:45:15,492 - __main__ - INFO - ⏰ 421s | Server: running (CPU) | Clients: 50 nodes (fractional GPU) | Ray GPU usage: 3.7/4.0 (91.4%)
2025-12-26 06:45:20,505 - __main__ - INFO - ⏰ 426s | Server: running (CPU) | Clients: 50 nodes (fractional GPU) | Ray GPU usage: 3.7/4.0 (91.4%)
2025-12-26 06:45:25,518 - __main__ - INFO - ⏰ 431s | Server: running (CPU) | Clients: 50 nodes (fractional GPU) | Ray GPU usage: 3.7/4.0 (91.4%)
2025-12-26 06:45:30,530 - __main__ - INFO - ⏰ 436s | Server: running (CPU) | Clients: 50 nodes (fractional GPU) | Ray GPU usage: 3.7/4.0 (91.4%)
2025-12-26 06:45:35,543 - __main__ - INFO - ⏰ 441s | Server: running (CPU) | Clients: 50 nodes (fractional GPU) | Ray GPU usage: 3.7/4.0 (91.4%)
2025-12-26 06:45:40,558 - __main__ - INFO - ⏰ 446s | Server: running (CPU) | Clients: 50 nodes (fractional GPU) | Ray GPU usage: 3.7/4.0 (91.4%)
2025-12-26 06:45:45,571 - __main__ - INFO - ⏰ 451s | Server: running (CPU) | Clients: 50 nodes (fractional GPU) | Ray GPU usage: 3.7/4.0 (91.4%)
2025-12-26 06:45:50,584 - __main__ - INFO - ⏰ 456s | Server: running (CPU) | Clients: 50 nodes (fractional GPU) | Ray GPU usage: 3.7/4.0 (91.4%)
2025-12-26 06:45:55,599 - __main__ - INFO - ⏰ 461s | Server: running (CPU) | Clients: 50 nodes (fractional GPU) | Ray GPU usage: 3.7/4.0 (91.4%)
2025-12-26 06:46:00,614 - __main__ - INFO - ⏰ 466s | Server: running (CPU) | Clients: 50 nodes (fractional GPU) | Ray GPU usage: 3.7/4.0 (91.4%)
2025-12-26 06:46:05,629 - __main__ - INFO - ⏰ 471s | Server: running (CPU) | Clients: 50 nodes (fractional GPU) | Ray GPU usage: 3.7/4.0 (91.4%)
2025-12-26 06:46:10,644 - __main__ - INFO - ⏰ 476s | Server: running (CPU) | Clients: 50 nodes (fractional GPU) | Ray GPU usage: 3.7/4.0 (91.4%)
2025-12-26 06:46:15,660 - __main__ - INFO - ⏰ 482s | Server: running (CPU) | Clients: 50 nodes (fractional GPU) | Ray GPU usage: 3.7/4.0 (91.4%)
2025-12-26 06:46:20,675 - __main__ - INFO - ⏰ 487s | Server: running (CPU) | Clients: 50 nodes (fractional GPU) | Ray GPU usage: 3.7/4.0 (91.4%)
2025-12-26 06:46:25,690 - __main__ - INFO - ⏰ 492s | Server: running (CPU) | Clients: 50 nodes (fractional GPU) | Ray GPU usage: 3.7/4.0 (91.4%)
2025-12-26 06:46:30,705 - __main__ - INFO - ⏰ 497s | Server: running (CPU) | Clients: 50 nodes (fractional GPU) | Ray GPU usage: 3.7/4.0 (91.4%)
2025-12-26 06:46:35,719 - __main__ - INFO - ⏰ 502s | Server: running (CPU) | Clients: 50 nodes (fractional GPU) | Ray GPU usage: 3.7/4.0 (91.4%)
2025-12-26 06:46:40,734 - __main__ - INFO - ⏰ 507s | Server: running (CPU) | Clients: 50 nodes (fractional GPU) | Ray GPU usage: 3.7/4.0 (91.4%)
2025-12-26 06:46:45,747 - __main__ - INFO - ⏰ 512s | Server: running (CPU) | Clients: 50 nodes (fractional GPU) | Ray GPU usage: 3.7/4.0 (91.4%)
2025-12-26 06:46:50,763 - __main__ - INFO - ⏰ 517s | Server: running (CPU) | Clients: 50 nodes (fractional GPU) | Ray GPU usage: 3.7/4.0 (91.4%)
2025-12-26 06:46:55,777 - __main__ - INFO - ⏰ 522s | Server: running (CPU) | Clients: 50 nodes (fractional GPU) | Ray GPU usage: 3.7/4.0 (91.4%)
2025-12-26 06:47:00,792 - __main__ - INFO - ⏰ 527s | Server: running (CPU) | Clients: 50 nodes (fractional GPU) | Ray GPU usage: 3.7/4.0 (91.4%)
2025-12-26 06:47:05,807 - __main__ - INFO - ⏰ 532s | Server: running (CPU) | Clients: 50 nodes (fractional GPU) | Ray GPU usage: 3.7/4.0 (91.4%)
2025-12-26 06:47:10,822 - __main__ - INFO - ⏰ 537s | Server: running (CPU) | Clients: 50 nodes (fractional GPU) | Ray GPU usage: 3.7/4.0 (91.4%)
2025-12-26 06:47:15,838 - __main__ - INFO - ⏰ 542s | Server: running (CPU) | Clients: 50 nodes (fractional GPU) | Ray GPU usage: 3.7/4.0 (91.4%)
2025-12-26 06:47:20,856 - __main__ - INFO - ⏰ 547s | Server: running (CPU) | Clients: 50 nodes (fractional GPU) | Ray GPU usage: 3.7/4.0 (91.4%)
2025-12-26 06:47:25,873 - __main__ - INFO - ⏰ 552s | Server: running (CPU) | Clients: 50 nodes (fractional GPU) | Ray GPU usage: 3.7/4.0 (91.4%)
2025-12-26 06:47:30,890 - __main__ - INFO - ⏰ 557s | Server: running (CPU) | Clients: 50 nodes (fractional GPU) | Ray GPU usage: 3.7/4.0 (91.4%)
2025-12-26 06:47:35,908 - __main__ - INFO - ⏰ 562s | Server: running (CPU) | Clients: 50 nodes (fractional GPU) | Ray GPU usage: 3.7/4.0 (91.4%)
slurmstepd-srv-it-node02: error: *** JOB 561 ON srv-it-node02 CANCELLED AT 2025-12-26T06:47:38 ***
