/home/naicheng_li/.conda/envs/flv2/lib/python3.10/site-packages/torch/cuda/__init__.py:174: UserWarning: CUDA initialization: CUDA driver initialization failed, you might not have a CUDA gpu. (Triggered internally at /pytorch/c10/cuda/CUDAFunctions.cpp:109.)
  return torch._C._cuda_getDeviceCount() > 0
/home/naicheng_li/.conda/envs/flv2/lib/python3.10/site-packages/torch/cuda/__init__.py:174: UserWarning: CUDA initialization: CUDA driver initialization failed, you might not have a CUDA gpu. (Triggered internally at /pytorch/c10/cuda/CUDAFunctions.cpp:109.)
  return torch._C._cuda_getDeviceCount() > 0
2025-12-27 04:15:28,306 - __main__ - INFO - 🚀 Start Ray V2 federated learning
2025-12-27 04:15:28,306 - __main__ - INFO - 📊 Configuration: 50 clients, 100 rounds training, total nodes: 51
2025-12-27 04:15:28,306 - __main__ - INFO - 🧹 Clean environment...
2025-12-27 04:15:30,310 - __main__ - INFO - 🗑️  Cleaned tmpfs chunk directory: /tmp/fl_chunks
2025-12-27 04:15:31,054 - __main__ - DEBUG - 🗑️  Cleaned mount directory (simple): /home/naicheng_li/FLTorrent/docker_data/tmp
2025-12-27 04:15:31,059 - __main__ - DEBUG - 🗑️  Cleaned mount directory (simple): /home/naicheng_li/FLTorrent/docker_data/app_tmp
2025-12-27 04:15:32,080 - __main__ - INFO - ✅ Environment cleanup completed
2025-12-27 04:15:32,080 - __main__ - INFO - 🚀 Applying host network optimizations for ultra-high concurrency...
2025-12-27 04:15:32,160 - __main__ - WARNING - ⚠️  22 network optimizations could not be applied (may need sudo access)
2025-12-27 04:15:32,160 - __main__ - DEBUG -    Failed: net.core.somaxconn - sudo: you do not exist in the passwd database
2025-12-27 04:15:32,160 - __main__ - DEBUG -    Failed: net.core.netdev_max_backlog - sudo: you do not exist in the passwd database
2025-12-27 04:15:32,160 - __main__ - DEBUG -    Failed: net.core.rmem_default - sudo: you do not exist in the passwd database
2025-12-27 04:15:32,160 - __main__ - WARNING - ⚠️  No host network optimizations applied! High-concurrency FL may experience issues.
2025-12-27 04:15:32,160 - __main__ - WARNING -    Consider running with sudo or contacting HPC admin to apply these settings.
2025-12-27 04:15:32,160 - __main__ - INFO - 🦭 Initializing Podman rootless environment...
2025-12-27 04:15:32,162 - __main__ - WARNING - ⚠️  Podman unavailable, trying Docker...
2025-12-27 04:15:32,162 - __main__ - INFO - 📦 Using non-container mode (Fallback)
2025-12-27 04:15:33,769 - __main__ - INFO - 🔍 Found available port for Ray dashboard: 8265
2025-12-27 04:15:33,873 - filelock - DEBUG - Attempting to acquire lock 140558580509152 on /home/naicheng_li/ray/session_2025-12-27_04-15-33_867713_1047809/node_ip_address.json.lock
2025-12-27 04:15:33,876 - filelock - DEBUG - Lock 140558580509152 acquired on /home/naicheng_li/ray/session_2025-12-27_04-15-33_867713_1047809/node_ip_address.json.lock
2025-12-27 04:15:33,880 - filelock - DEBUG - Attempting to release lock 140558580509152 on /home/naicheng_li/ray/session_2025-12-27_04-15-33_867713_1047809/node_ip_address.json.lock
2025-12-27 04:15:33,880 - filelock - DEBUG - Lock 140558580509152 released on /home/naicheng_li/ray/session_2025-12-27_04-15-33_867713_1047809/node_ip_address.json.lock
2025-12-27 04:15:33,882 - filelock - DEBUG - Attempting to acquire lock 140558580501328 on /home/naicheng_li/ray/session_2025-12-27_04-15-33_867713_1047809/ports_by_node.json.lock
2025-12-27 04:15:33,883 - filelock - DEBUG - Lock 140558580501328 acquired on /home/naicheng_li/ray/session_2025-12-27_04-15-33_867713_1047809/ports_by_node.json.lock
2025-12-27 04:15:33,885 - filelock - DEBUG - Attempting to release lock 140558580501328 on /home/naicheng_li/ray/session_2025-12-27_04-15-33_867713_1047809/ports_by_node.json.lock
2025-12-27 04:15:33,885 - filelock - DEBUG - Lock 140558580501328 released on /home/naicheng_li/ray/session_2025-12-27_04-15-33_867713_1047809/ports_by_node.json.lock
2025-12-27 04:15:33,885 - filelock - DEBUG - Attempting to acquire lock 140558580501520 on /home/naicheng_li/ray/session_2025-12-27_04-15-33_867713_1047809/ports_by_node.json.lock
2025-12-27 04:15:33,886 - filelock - DEBUG - Lock 140558580501520 acquired on /home/naicheng_li/ray/session_2025-12-27_04-15-33_867713_1047809/ports_by_node.json.lock
2025-12-27 04:15:33,888 - filelock - DEBUG - Attempting to release lock 140558580501520 on /home/naicheng_li/ray/session_2025-12-27_04-15-33_867713_1047809/ports_by_node.json.lock
2025-12-27 04:15:33,888 - filelock - DEBUG - Lock 140558580501520 released on /home/naicheng_li/ray/session_2025-12-27_04-15-33_867713_1047809/ports_by_node.json.lock
2025-12-27 04:15:33,888 - filelock - DEBUG - Attempting to acquire lock 140558580500608 on /home/naicheng_li/ray/session_2025-12-27_04-15-33_867713_1047809/ports_by_node.json.lock
2025-12-27 04:15:33,889 - filelock - DEBUG - Lock 140558580500608 acquired on /home/naicheng_li/ray/session_2025-12-27_04-15-33_867713_1047809/ports_by_node.json.lock
2025-12-27 04:15:33,890 - filelock - DEBUG - Attempting to release lock 140558580500608 on /home/naicheng_li/ray/session_2025-12-27_04-15-33_867713_1047809/ports_by_node.json.lock
2025-12-27 04:15:33,890 - filelock - DEBUG - Lock 140558580500608 released on /home/naicheng_li/ray/session_2025-12-27_04-15-33_867713_1047809/ports_by_node.json.lock
2025-12-27 04:15:33,890 - filelock - DEBUG - Attempting to acquire lock 140558580513712 on /home/naicheng_li/ray/session_2025-12-27_04-15-33_867713_1047809/ports_by_node.json.lock
2025-12-27 04:15:33,891 - filelock - DEBUG - Lock 140558580513712 acquired on /home/naicheng_li/ray/session_2025-12-27_04-15-33_867713_1047809/ports_by_node.json.lock
2025-12-27 04:15:33,893 - filelock - DEBUG - Attempting to release lock 140558580513712 on /home/naicheng_li/ray/session_2025-12-27_04-15-33_867713_1047809/ports_by_node.json.lock
2025-12-27 04:15:33,893 - filelock - DEBUG - Lock 140558580513712 released on /home/naicheng_li/ray/session_2025-12-27_04-15-33_867713_1047809/ports_by_node.json.lock
2025-12-27 04:15:33,893 - filelock - DEBUG - Attempting to acquire lock 140558580511264 on /home/naicheng_li/ray/session_2025-12-27_04-15-33_867713_1047809/ports_by_node.json.lock
2025-12-27 04:15:33,894 - filelock - DEBUG - Lock 140558580511264 acquired on /home/naicheng_li/ray/session_2025-12-27_04-15-33_867713_1047809/ports_by_node.json.lock
2025-12-27 04:15:33,895 - filelock - DEBUG - Attempting to release lock 140558580511264 on /home/naicheng_li/ray/session_2025-12-27_04-15-33_867713_1047809/ports_by_node.json.lock
2025-12-27 04:15:33,895 - filelock - DEBUG - Lock 140558580511264 released on /home/naicheng_li/ray/session_2025-12-27_04-15-33_867713_1047809/ports_by_node.json.lock
2025-12-27 04:15:37,546	INFO worker.py:1998 -- Started a local Ray instance. View the dashboard at [1m[32m10.0.0.3:8265 [39m[22m
/home/naicheng_li/.conda/envs/flv2/lib/python3.10/site-packages/ray/_private/worker.py:2046: FutureWarning: Tip: In future versions of Ray, Ray will no longer override accelerator visible devices env var if num_gpus=0 or num_gpus=None (default). To enable this behavior and turn off this error message, set RAY_ACCEL_ENV_VAR_OVERRIDE_ON_ZERO=0
  warnings.warn(
2025-12-27 04:15:39,709 - __main__ - INFO - 🚀 Ray cluster initialization completed:
2025-12-27 04:15:39,709 - __main__ - INFO -    📊 Resources: {'GPU': 2.0, 'memory': 1161415449396.0, 'node:10.0.0.3': 1.0, 'accelerator_type:A100': 1.0, 'object_store_memory': 438187168972.0, 'CPU': 128.0, 'node:__internal_head__': 1.0}
2025-12-27 04:15:39,709 - __main__ - INFO -    🌐 Dashboard: http://127.0.0.1:8265
2025-12-27 04:15:39,778 - __main__ - DEBUG - Found node: a50eeed0c150... IP: 10.0.0.3, Resources: {'node:__internal_head__': 1.0, 'node:10.0.0.3': 1.0, 'accelerator_type:A100': 1.0, 'object_store_memory': 438187168972.0, 'GPU': 2.0, 'memory': 1161415449396.0, 'CPU': 128.0}
2025-12-27 04:15:39,778 - __main__ - INFO - 🌐 Ray Cluster Topology:
2025-12-27 04:15:39,778 - __main__ - INFO -    📍 Head node: a50eeed0c150... (Server will run here)
2025-12-27 04:15:39,778 - __main__ - WARNING -    ⚠️ No worker nodes found! Clients will run on head node (not recommended)
2025-12-27 04:15:39,779 - __main__ - INFO - 🎮 Detected GPU type on node a50eeed0c150...: A100 -> 40.0GB per GPU
2025-12-27 04:15:39,779 - __main__ - INFO - 📍 Head node (a50eeed0c150...): 2.0 GPUs, 80.0GB total memory
2025-12-27 04:15:39,779 - __main__ - INFO - 📊 Total GPU memory across all nodes: 80.0GB
2025-12-27 04:15:39,779 - __main__ - INFO - 📊 Memory per client: 3.0GB → Max capacity: 26 clients
2025-12-27 04:15:39,779 - __main__ - WARNING - ⚠️ Node a50eeed0c150... assigned 50 clients but max capacity is 26
2025-12-27 04:15:39,779 - __main__ - INFO -    Node a50eeed0c150...: 50 clients (80.0GB / 50 = 1.6GB/client)
2025-12-27 04:15:39,780 - __main__ - INFO -    Node a50eeed0c150...: 2.0 GPU, 50 clients, max 25 clients/GPU -> 0.0380 GPU/client
2025-12-27 04:15:39,780 - __main__ - INFO - 🎯 GPU allocation summary: {'total_available_gpus': 2.0, 'total_allocated_gpus': 1.9, 'utilization_rate': '95.00%', 'server': 'CPU only', 'per_node_allocation': {'a50eeed0c150': {'count': 50, 'total_gpu': 1.900000000000001}}, 'gpu_clients': 50, 'cpu_clients': 0}
2025-12-27 04:15:39,780 - __main__ - INFO - 📋 Client distribution: 50 GPU clients, 0 CPU clients
2025-12-27 04:15:39,780 - __main__ - INFO - 🔌 Single-node mode detected - UDS can be enabled
2025-12-27 04:15:39,781 - __main__ - INFO - 📍 Server scheduled to head node: a50eeed0c150...
2025-12-27 04:15:39,817 - __main__ - INFO - 📦 Using Fallback (no container) for Server
2025-12-27 04:15:39,899 - __main__ - INFO - ✅ Server started: unix:///tmp/federatedscope_uds/server_37425.sock:37425
2025-12-27 04:15:54,915 - __main__ - INFO - 📱 Edge device distribution: {'smartphone': 50}
2025-12-27 04:15:54,915 - __main__ - INFO - 📊 Client distribution plan:
2025-12-27 04:15:54,916 - __main__ - INFO -    Client 1 -> head (a50eeed0c150...), Node CPUs: 128.0, Clients on node: 50
2025-12-27 04:15:54,917 - __main__ - INFO -    Client 2 -> head (a50eeed0c150...), Node CPUs: 128.0, Clients on node: 50
2025-12-27 04:15:54,917 - __main__ - INFO -    Client 3 -> head (a50eeed0c150...), Node CPUs: 128.0, Clients on node: 50
2025-12-27 04:15:54,918 - __main__ - INFO -    Client 4 -> head (a50eeed0c150...), Node CPUs: 128.0, Clients on node: 50
2025-12-27 04:15:54,918 - __main__ - INFO -    Client 5 -> head (a50eeed0c150...), Node CPUs: 128.0, Clients on node: 50
2025-12-27 04:15:54,919 - __main__ - INFO -    Client 6 -> head (a50eeed0c150...), Node CPUs: 128.0, Clients on node: 50
2025-12-27 04:15:54,919 - __main__ - INFO -    Client 7 -> head (a50eeed0c150...), Node CPUs: 128.0, Clients on node: 50
2025-12-27 04:15:54,919 - __main__ - INFO -    Client 8 -> head (a50eeed0c150...), Node CPUs: 128.0, Clients on node: 50
2025-12-27 04:15:54,920 - __main__ - INFO -    Client 9 -> head (a50eeed0c150...), Node CPUs: 128.0, Clients on node: 50
2025-12-27 04:15:54,920 - __main__ - INFO -    Client 10 -> head (a50eeed0c150...), Node CPUs: 128.0, Clients on node: 50
2025-12-27 04:15:54,920 - __main__ - INFO -    Client 11 -> head (a50eeed0c150...), Node CPUs: 128.0, Clients on node: 50
2025-12-27 04:15:54,921 - __main__ - INFO -    Client 12 -> head (a50eeed0c150...), Node CPUs: 128.0, Clients on node: 50
2025-12-27 04:15:54,921 - __main__ - INFO -    Client 13 -> head (a50eeed0c150...), Node CPUs: 128.0, Clients on node: 50
2025-12-27 04:15:54,922 - __main__ - INFO -    Client 14 -> head (a50eeed0c150...), Node CPUs: 128.0, Clients on node: 50
2025-12-27 04:15:54,922 - __main__ - INFO -    Client 15 -> head (a50eeed0c150...), Node CPUs: 128.0, Clients on node: 50
2025-12-27 04:15:54,922 - __main__ - INFO -    Client 16 -> head (a50eeed0c150...), Node CPUs: 128.0, Clients on node: 50
2025-12-27 04:15:54,923 - __main__ - INFO -    Client 17 -> head (a50eeed0c150...), Node CPUs: 128.0, Clients on node: 50
2025-12-27 04:15:54,923 - __main__ - INFO -    Client 18 -> head (a50eeed0c150...), Node CPUs: 128.0, Clients on node: 50
2025-12-27 04:15:54,924 - __main__ - INFO -    Client 19 -> head (a50eeed0c150...), Node CPUs: 128.0, Clients on node: 50
2025-12-27 04:15:54,924 - __main__ - INFO -    Client 20 -> head (a50eeed0c150...), Node CPUs: 128.0, Clients on node: 50
2025-12-27 04:15:54,924 - __main__ - INFO -    Client 21 -> head (a50eeed0c150...), Node CPUs: 128.0, Clients on node: 50
2025-12-27 04:15:54,925 - __main__ - INFO -    Client 22 -> head (a50eeed0c150...), Node CPUs: 128.0, Clients on node: 50
2025-12-27 04:15:54,925 - __main__ - INFO -    Client 23 -> head (a50eeed0c150...), Node CPUs: 128.0, Clients on node: 50
2025-12-27 04:15:54,925 - __main__ - INFO -    Client 24 -> head (a50eeed0c150...), Node CPUs: 128.0, Clients on node: 50
2025-12-27 04:15:54,926 - __main__ - INFO -    Client 25 -> head (a50eeed0c150...), Node CPUs: 128.0, Clients on node: 50
2025-12-27 04:15:54,926 - __main__ - INFO -    Client 26 -> head (a50eeed0c150...), Node CPUs: 128.0, Clients on node: 50
2025-12-27 04:15:54,927 - __main__ - INFO -    Client 27 -> head (a50eeed0c150...), Node CPUs: 128.0, Clients on node: 50
2025-12-27 04:15:54,927 - __main__ - INFO -    Client 28 -> head (a50eeed0c150...), Node CPUs: 128.0, Clients on node: 50
2025-12-27 04:15:54,927 - __main__ - INFO -    Client 29 -> head (a50eeed0c150...), Node CPUs: 128.0, Clients on node: 50
2025-12-27 04:15:54,928 - __main__ - INFO -    Client 30 -> head (a50eeed0c150...), Node CPUs: 128.0, Clients on node: 50
2025-12-27 04:15:54,928 - __main__ - INFO -    Client 31 -> head (a50eeed0c150...), Node CPUs: 128.0, Clients on node: 50
2025-12-27 04:15:54,928 - __main__ - INFO -    Client 32 -> head (a50eeed0c150...), Node CPUs: 128.0, Clients on node: 50
2025-12-27 04:15:54,929 - __main__ - INFO -    Client 33 -> head (a50eeed0c150...), Node CPUs: 128.0, Clients on node: 50
2025-12-27 04:15:54,929 - __main__ - INFO -    Client 34 -> head (a50eeed0c150...), Node CPUs: 128.0, Clients on node: 50
2025-12-27 04:15:54,929 - __main__ - INFO -    Client 35 -> head (a50eeed0c150...), Node CPUs: 128.0, Clients on node: 50
2025-12-27 04:15:54,930 - __main__ - INFO -    Client 36 -> head (a50eeed0c150...), Node CPUs: 128.0, Clients on node: 50
2025-12-27 04:15:54,930 - __main__ - INFO -    Client 37 -> head (a50eeed0c150...), Node CPUs: 128.0, Clients on node: 50
2025-12-27 04:15:54,931 - __main__ - INFO -    Client 38 -> head (a50eeed0c150...), Node CPUs: 128.0, Clients on node: 50
2025-12-27 04:15:54,931 - __main__ - INFO -    Client 39 -> head (a50eeed0c150...), Node CPUs: 128.0, Clients on node: 50
2025-12-27 04:15:54,931 - __main__ - INFO -    Client 40 -> head (a50eeed0c150...), Node CPUs: 128.0, Clients on node: 50
2025-12-27 04:15:54,932 - __main__ - INFO -    Client 41 -> head (a50eeed0c150...), Node CPUs: 128.0, Clients on node: 50
2025-12-27 04:15:54,932 - __main__ - INFO -    Client 42 -> head (a50eeed0c150...), Node CPUs: 128.0, Clients on node: 50
2025-12-27 04:15:54,932 - __main__ - INFO -    Client 43 -> head (a50eeed0c150...), Node CPUs: 128.0, Clients on node: 50
2025-12-27 04:15:54,933 - __main__ - INFO -    Client 44 -> head (a50eeed0c150...), Node CPUs: 128.0, Clients on node: 50
2025-12-27 04:15:54,933 - __main__ - INFO -    Client 45 -> head (a50eeed0c150...), Node CPUs: 128.0, Clients on node: 50
2025-12-27 04:15:54,934 - __main__ - INFO -    Client 46 -> head (a50eeed0c150...), Node CPUs: 128.0, Clients on node: 50
2025-12-27 04:15:54,934 - __main__ - INFO -    Client 47 -> head (a50eeed0c150...), Node CPUs: 128.0, Clients on node: 50
2025-12-27 04:15:54,934 - __main__ - INFO -    Client 48 -> head (a50eeed0c150...), Node CPUs: 128.0, Clients on node: 50
2025-12-27 04:15:54,935 - __main__ - INFO -    Client 49 -> head (a50eeed0c150...), Node CPUs: 128.0, Clients on node: 50
2025-12-27 04:15:54,935 - __main__ - INFO -    Client 50 -> head (a50eeed0c150...), Node CPUs: 128.0, Clients on node: 50
2025-12-27 04:15:54,935 - __main__ - INFO - 🔧 Client 1 resources: num_cpus=2.2640, num_gpus=0.0380, memory=2.00GB
2025-12-27 04:15:55,036 - __main__ - INFO - ✅ Client 1 (smartphone) started on head node (a50eeed0c150...)
2025-12-27 04:15:58,040 - __main__ - INFO - 🔧 Client 2 resources: num_cpus=2.2640, num_gpus=0.0380, memory=2.00GB
2025-12-27 04:15:58,125 - __main__ - INFO - ✅ Client 2 (smartphone) started on head node (a50eeed0c150...)
2025-12-27 04:16:01,129 - __main__ - INFO - 🔧 Client 3 resources: num_cpus=2.2640, num_gpus=0.0380, memory=2.00GB
2025-12-27 04:16:01,213 - __main__ - INFO - ✅ Client 3 (smartphone) started on head node (a50eeed0c150...)
2025-12-27 04:16:04,217 - __main__ - INFO - 🔧 Client 4 resources: num_cpus=2.2640, num_gpus=0.0380, memory=2.00GB
2025-12-27 04:16:04,300 - __main__ - INFO - ✅ Client 4 (smartphone) started on head node (a50eeed0c150...)
2025-12-27 04:16:07,304 - __main__ - INFO - 🔧 Client 5 resources: num_cpus=2.2640, num_gpus=0.0380, memory=2.00GB
2025-12-27 04:16:07,389 - __main__ - INFO - ✅ Client 5 (smartphone) started on head node (a50eeed0c150...)
2025-12-27 04:16:10,393 - __main__ - INFO - 🔧 Client 6 resources: num_cpus=2.2640, num_gpus=0.0380, memory=2.00GB
2025-12-27 04:16:10,477 - __main__ - INFO - ✅ Client 6 (smartphone) started on head node (a50eeed0c150...)
2025-12-27 04:16:13,481 - __main__ - INFO - 🔧 Client 7 resources: num_cpus=2.2640, num_gpus=0.0380, memory=2.00GB
2025-12-27 04:16:13,567 - __main__ - INFO - ✅ Client 7 (smartphone) started on head node (a50eeed0c150...)
2025-12-27 04:16:16,571 - __main__ - INFO - 🔧 Client 8 resources: num_cpus=2.2640, num_gpus=0.0380, memory=2.00GB
2025-12-27 04:16:16,655 - __main__ - INFO - ✅ Client 8 (smartphone) started on head node (a50eeed0c150...)
2025-12-27 04:16:19,659 - __main__ - INFO - 🔧 Client 9 resources: num_cpus=2.2640, num_gpus=0.0380, memory=2.00GB
2025-12-27 04:16:19,741 - __main__ - INFO - ✅ Client 9 (smartphone) started on head node (a50eeed0c150...)
2025-12-27 04:16:22,743 - __main__ - INFO - 🔧 Client 10 resources: num_cpus=2.2640, num_gpus=0.0380, memory=2.00GB
2025-12-27 04:16:22,827 - __main__ - INFO - ✅ Client 10 (smartphone) started on head node (a50eeed0c150...)
2025-12-27 04:16:25,831 - __main__ - INFO - 🔧 Client 11 resources: num_cpus=2.2640, num_gpus=0.0380, memory=2.00GB
2025-12-27 04:16:25,913 - __main__ - INFO - ✅ Client 11 (smartphone) started on head node (a50eeed0c150...)
2025-12-27 04:16:28,916 - __main__ - INFO - 🔧 Client 12 resources: num_cpus=2.2640, num_gpus=0.0380, memory=2.00GB
2025-12-27 04:16:28,999 - __main__ - INFO - ✅ Client 12 (smartphone) started on head node (a50eeed0c150...)
2025-12-27 04:16:32,003 - __main__ - INFO - 🔧 Client 13 resources: num_cpus=2.2640, num_gpus=0.0380, memory=2.00GB
2025-12-27 04:16:32,084 - __main__ - INFO - ✅ Client 13 (smartphone) started on head node (a50eeed0c150...)
2025-12-27 04:16:35,088 - __main__ - INFO - 🔧 Client 14 resources: num_cpus=2.2640, num_gpus=0.0380, memory=2.00GB
2025-12-27 04:16:35,169 - __main__ - INFO - ✅ Client 14 (smartphone) started on head node (a50eeed0c150...)
2025-12-27 04:16:38,173 - __main__ - INFO - 🔧 Client 15 resources: num_cpus=2.2640, num_gpus=0.0380, memory=2.00GB
2025-12-27 04:16:38,260 - __main__ - INFO - ✅ Client 15 (smartphone) started on head node (a50eeed0c150...)
2025-12-27 04:16:41,264 - __main__ - INFO - 🔧 Client 16 resources: num_cpus=2.2640, num_gpus=0.0380, memory=2.00GB
2025-12-27 04:16:41,353 - __main__ - INFO - ✅ Client 16 (smartphone) started on head node (a50eeed0c150...)
2025-12-27 04:16:44,357 - __main__ - INFO - 🔧 Client 17 resources: num_cpus=2.2640, num_gpus=0.0380, memory=2.00GB
2025-12-27 04:16:44,439 - __main__ - INFO - ✅ Client 17 (smartphone) started on head node (a50eeed0c150...)
2025-12-27 04:16:47,443 - __main__ - INFO - 🔧 Client 18 resources: num_cpus=2.2640, num_gpus=0.0380, memory=2.00GB
2025-12-27 04:16:47,529 - __main__ - INFO - ✅ Client 18 (smartphone) started on head node (a50eeed0c150...)
2025-12-27 04:16:50,532 - __main__ - INFO - 🔧 Client 19 resources: num_cpus=2.2640, num_gpus=0.0380, memory=2.00GB
2025-12-27 04:16:50,615 - __main__ - INFO - ✅ Client 19 (smartphone) started on head node (a50eeed0c150...)
2025-12-27 04:16:53,618 - __main__ - INFO - 🔧 Client 20 resources: num_cpus=2.2640, num_gpus=0.0380, memory=2.00GB
2025-12-27 04:16:53,702 - __main__ - INFO - ✅ Client 20 (smartphone) started on head node (a50eeed0c150...)
2025-12-27 04:16:56,705 - __main__ - INFO - 🔧 Client 21 resources: num_cpus=2.2640, num_gpus=0.0380, memory=2.00GB
2025-12-27 04:16:56,786 - __main__ - INFO - ✅ Client 21 (smartphone) started on head node (a50eeed0c150...)
2025-12-27 04:16:59,789 - __main__ - INFO - 🔧 Client 22 resources: num_cpus=2.2640, num_gpus=0.0380, memory=2.00GB
2025-12-27 04:16:59,871 - __main__ - INFO - ✅ Client 22 (smartphone) started on head node (a50eeed0c150...)
2025-12-27 04:17:02,874 - __main__ - INFO - 🔧 Client 23 resources: num_cpus=2.2640, num_gpus=0.0380, memory=2.00GB
2025-12-27 04:17:02,955 - __main__ - INFO - ✅ Client 23 (smartphone) started on head node (a50eeed0c150...)
2025-12-27 04:17:05,959 - __main__ - INFO - 🔧 Client 24 resources: num_cpus=2.2640, num_gpus=0.0380, memory=2.00GB
2025-12-27 04:17:06,038 - __main__ - INFO - ✅ Client 24 (smartphone) started on head node (a50eeed0c150...)
2025-12-27 04:17:09,042 - __main__ - INFO - 🔧 Client 25 resources: num_cpus=2.2640, num_gpus=0.0380, memory=2.00GB
2025-12-27 04:17:09,129 - __main__ - INFO - ✅ Client 25 (smartphone) started on head node (a50eeed0c150...)
2025-12-27 04:17:12,133 - __main__ - INFO - 🔧 Client 26 resources: num_cpus=2.2640, num_gpus=0.0380, memory=2.00GB
2025-12-27 04:17:12,213 - __main__ - INFO - ✅ Client 26 (smartphone) started on head node (a50eeed0c150...)
2025-12-27 04:17:15,217 - __main__ - INFO - 🔧 Client 27 resources: num_cpus=2.2640, num_gpus=0.0380, memory=2.00GB
2025-12-27 04:17:15,300 - __main__ - INFO - ✅ Client 27 (smartphone) started on head node (a50eeed0c150...)
2025-12-27 04:17:18,304 - __main__ - INFO - 🔧 Client 28 resources: num_cpus=2.2640, num_gpus=0.0380, memory=2.00GB
2025-12-27 04:17:18,387 - __main__ - INFO - ✅ Client 28 (smartphone) started on head node (a50eeed0c150...)
2025-12-27 04:17:21,390 - __main__ - INFO - 🔧 Client 29 resources: num_cpus=2.2640, num_gpus=0.0380, memory=2.00GB
2025-12-27 04:17:21,471 - __main__ - INFO - ✅ Client 29 (smartphone) started on head node (a50eeed0c150...)
2025-12-27 04:17:24,475 - __main__ - INFO - 🔧 Client 30 resources: num_cpus=2.2640, num_gpus=0.0380, memory=2.00GB
2025-12-27 04:17:24,556 - __main__ - INFO - ✅ Client 30 (smartphone) started on head node (a50eeed0c150...)
2025-12-27 04:17:27,560 - __main__ - INFO - 🔧 Client 31 resources: num_cpus=2.2640, num_gpus=0.0380, memory=2.00GB
2025-12-27 04:17:27,640 - __main__ - INFO - ✅ Client 31 (smartphone) started on head node (a50eeed0c150...)
2025-12-27 04:17:30,644 - __main__ - INFO - 🔧 Client 32 resources: num_cpus=2.2640, num_gpus=0.0380, memory=2.00GB
2025-12-27 04:17:30,728 - __main__ - INFO - ✅ Client 32 (smartphone) started on head node (a50eeed0c150...)
2025-12-27 04:17:33,731 - __main__ - INFO - 🔧 Client 33 resources: num_cpus=2.2640, num_gpus=0.0380, memory=2.00GB
2025-12-27 04:17:33,812 - __main__ - INFO - ✅ Client 33 (smartphone) started on head node (a50eeed0c150...)
2025-12-27 04:17:36,816 - __main__ - INFO - 🔧 Client 34 resources: num_cpus=2.2640, num_gpus=0.0380, memory=2.00GB
2025-12-27 04:17:36,899 - __main__ - INFO - ✅ Client 34 (smartphone) started on head node (a50eeed0c150...)
2025-12-27 04:17:39,903 - __main__ - INFO - 🔧 Client 35 resources: num_cpus=2.2640, num_gpus=0.0380, memory=2.00GB
2025-12-27 04:17:39,987 - __main__ - INFO - ✅ Client 35 (smartphone) started on head node (a50eeed0c150...)
2025-12-27 04:17:42,991 - __main__ - INFO - 🔧 Client 36 resources: num_cpus=2.2640, num_gpus=0.0380, memory=2.00GB
2025-12-27 04:17:43,073 - __main__ - INFO - ✅ Client 36 (smartphone) started on head node (a50eeed0c150...)
2025-12-27 04:17:46,077 - __main__ - INFO - 🔧 Client 37 resources: num_cpus=2.2640, num_gpus=0.0380, memory=2.00GB
2025-12-27 04:17:46,158 - __main__ - INFO - ✅ Client 37 (smartphone) started on head node (a50eeed0c150...)
2025-12-27 04:17:49,161 - __main__ - INFO - 🔧 Client 38 resources: num_cpus=2.2640, num_gpus=0.0380, memory=2.00GB
2025-12-27 04:17:49,242 - __main__ - INFO - ✅ Client 38 (smartphone) started on head node (a50eeed0c150...)
2025-12-27 04:17:52,246 - __main__ - INFO - 🔧 Client 39 resources: num_cpus=2.2640, num_gpus=0.0380, memory=2.00GB
2025-12-27 04:17:52,327 - __main__ - INFO - ✅ Client 39 (smartphone) started on head node (a50eeed0c150...)
2025-12-27 04:17:55,330 - __main__ - INFO - 🔧 Client 40 resources: num_cpus=2.2640, num_gpus=0.0380, memory=2.00GB
2025-12-27 04:17:55,414 - __main__ - INFO - ✅ Client 40 (smartphone) started on head node (a50eeed0c150...)
2025-12-27 04:17:58,418 - __main__ - INFO - 🔧 Client 41 resources: num_cpus=2.2640, num_gpus=0.0380, memory=2.00GB
2025-12-27 04:17:58,498 - __main__ - INFO - ✅ Client 41 (smartphone) started on head node (a50eeed0c150...)
2025-12-27 04:18:01,502 - __main__ - INFO - 🔧 Client 42 resources: num_cpus=2.2640, num_gpus=0.0380, memory=2.00GB
2025-12-27 04:18:01,580 - __main__ - INFO - ✅ Client 42 (smartphone) started on head node (a50eeed0c150...)
2025-12-27 04:18:04,584 - __main__ - INFO - 🔧 Client 43 resources: num_cpus=2.2640, num_gpus=0.0380, memory=2.00GB
2025-12-27 04:18:04,664 - __main__ - INFO - ✅ Client 43 (smartphone) started on head node (a50eeed0c150...)
2025-12-27 04:18:07,667 - __main__ - INFO - 🔧 Client 44 resources: num_cpus=2.2640, num_gpus=0.0380, memory=2.00GB
2025-12-27 04:18:07,749 - __main__ - INFO - ✅ Client 44 (smartphone) started on head node (a50eeed0c150...)
2025-12-27 04:18:10,752 - __main__ - INFO - 🔧 Client 45 resources: num_cpus=2.2640, num_gpus=0.0380, memory=2.00GB
2025-12-27 04:18:10,833 - __main__ - INFO - ✅ Client 45 (smartphone) started on head node (a50eeed0c150...)
2025-12-27 04:18:13,837 - __main__ - INFO - 🔧 Client 46 resources: num_cpus=2.2640, num_gpus=0.0380, memory=2.00GB
2025-12-27 04:18:13,921 - __main__ - INFO - ✅ Client 46 (smartphone) started on head node (a50eeed0c150...)
2025-12-27 04:18:16,925 - __main__ - INFO - 🔧 Client 47 resources: num_cpus=2.2640, num_gpus=0.0380, memory=2.00GB
2025-12-27 04:18:17,006 - __main__ - INFO - ✅ Client 47 (smartphone) started on head node (a50eeed0c150...)
2025-12-27 04:18:20,009 - __main__ - INFO - 🔧 Client 48 resources: num_cpus=2.2640, num_gpus=0.0380, memory=2.00GB
2025-12-27 04:18:20,090 - __main__ - INFO - ✅ Client 48 (smartphone) started on head node (a50eeed0c150...)
2025-12-27 04:18:23,092 - __main__ - INFO - 🔧 Client 49 resources: num_cpus=2.2640, num_gpus=0.0380, memory=2.00GB
2025-12-27 04:18:23,175 - __main__ - INFO - ✅ Client 49 (smartphone) started on head node (a50eeed0c150...)
2025-12-27 04:18:26,178 - __main__ - INFO - 🔧 Client 50 resources: num_cpus=2.2640, num_gpus=0.0380, memory=2.00GB
2025-12-27 04:18:26,261 - __main__ - INFO - ✅ Client 50 (smartphone) started on head node (a50eeed0c150...)
2025-12-27 04:18:29,264 - __main__ - INFO - ✅ 50/50 Docker clients started successfully
2025-12-27 04:18:29,264 - __main__ - INFO - ✅ All 50 clients have completed startup
2025-12-27 04:18:29,264 - __main__ - INFO - 📊 Starting training monitoring (999999999 seconds)...
2025-12-27 04:18:29,274 - __main__ - INFO - ⏰ 0s | Server: running (CPU) | Clients: 50 nodes (fractional GPU) | Ray GPU usage: 1.9/2.0 (95.0%)
2025-12-27 04:18:34,288 - __main__ - INFO - ⏰ 5s | Server: running (CPU) | Clients: 50 nodes (fractional GPU) | Ray GPU usage: 1.9/2.0 (95.0%)
2025-12-27 04:18:39,300 - __main__ - INFO - ⏰ 10s | Server: running (CPU) | Clients: 50 nodes (fractional GPU) | Ray GPU usage: 1.9/2.0 (95.0%)
2025-12-27 04:18:44,315 - __main__ - INFO - ⏰ 15s | Server: running (CPU) | Clients: 50 nodes (fractional GPU) | Ray GPU usage: 1.9/2.0 (95.0%)
2025-12-27 04:18:49,333 - __main__ - INFO - ⏰ 20s | Server: running (CPU) | Clients: 50 nodes (fractional GPU) | Ray GPU usage: 1.9/2.0 (95.0%)
2025-12-27 04:18:54,349 - __main__ - INFO - ⏰ 25s | Server: running (CPU) | Clients: 50 nodes (fractional GPU) | Ray GPU usage: 1.9/2.0 (95.0%)
2025-12-27 04:18:59,368 - __main__ - INFO - ⏰ 30s | Server: running (CPU) | Clients: 50 nodes (fractional GPU) | Ray GPU usage: 1.9/2.0 (95.0%)
2025-12-27 04:19:04,386 - __main__ - INFO - ⏰ 35s | Server: running (CPU) | Clients: 50 nodes (fractional GPU) | Ray GPU usage: 1.9/2.0 (95.0%)
2025-12-27 04:19:09,404 - __main__ - INFO - ⏰ 40s | Server: running (CPU) | Clients: 50 nodes (fractional GPU) | Ray GPU usage: 1.9/2.0 (95.0%)
2025-12-27 04:19:14,422 - __main__ - INFO - ⏰ 45s | Server: running (CPU) | Clients: 50 nodes (fractional GPU) | Ray GPU usage: 1.9/2.0 (95.0%)
2025-12-27 04:19:19,461 - __main__ - INFO - ⏰ 50s | Server: running (CPU) | Clients: 50 nodes (fractional GPU) | Ray GPU usage: 1.9/2.0 (95.0%)
2025-12-27 04:19:24,551 - __main__ - INFO - ⏰ 55s | Server: running (CPU) | Clients: 50 nodes (fractional GPU) | Ray GPU usage: 1.9/2.0 (95.0%)
2025-12-27 04:19:29,642 - __main__ - INFO - ⏰ 60s | Server: running (CPU) | Clients: 50 nodes (fractional GPU) | Ray GPU usage: 1.9/2.0 (95.0%)
2025-12-27 04:19:34,755 - __main__ - INFO - ⏰ 65s | Server: running (CPU) | Clients: 50 nodes (fractional GPU) | Ray GPU usage: 1.9/2.0 (95.0%)
2025-12-27 04:19:39,864 - __main__ - INFO - ⏰ 70s | Server: running (CPU) | Clients: 50 nodes (fractional GPU) | Ray GPU usage: 1.9/2.0 (95.0%)
2025-12-27 04:19:44,928 - __main__ - INFO - ⏰ 75s | Server: running (CPU) | Clients: 50 nodes (fractional GPU) | Ray GPU usage: 1.9/2.0 (95.0%)
2025-12-27 04:19:49,982 - __main__ - INFO - ⏰ 80s | Server: running (CPU) | Clients: 50 nodes (fractional GPU) | Ray GPU usage: 1.9/2.0 (95.0%)
2025-12-27 04:19:55,062 - __main__ - INFO - ⏰ 85s | Server: running (CPU) | Clients: 50 nodes (fractional GPU) | Ray GPU usage: 1.9/2.0 (95.0%)
2025-12-27 04:20:00,160 - __main__ - INFO - ⏰ 90s | Server: running (CPU) | Clients: 50 nodes (fractional GPU) | Ray GPU usage: 1.9/2.0 (95.0%)
2025-12-27 04:20:05,223 - __main__ - INFO - ⏰ 95s | Server: running (CPU) | Clients: 50 nodes (fractional GPU) | Ray GPU usage: 1.9/2.0 (95.0%)
2025-12-27 04:20:10,329 - __main__ - INFO - ⏰ 100s | Server: running (CPU) | Clients: 50 nodes (fractional GPU) | Ray GPU usage: 1.9/2.0 (95.0%)
2025-12-27 04:20:15,431 - __main__ - INFO - ⏰ 106s | Server: running (CPU) | Clients: 50 nodes (fractional GPU) | Ray GPU usage: 1.9/2.0 (95.0%)
2025-12-27 04:20:20,529 - __main__ - INFO - ⏰ 111s | Server: running (CPU) | Clients: 50 nodes (fractional GPU) | Ray GPU usage: 1.9/2.0 (95.0%)
2025-12-27 04:20:25,613 - __main__ - INFO - ⏰ 116s | Server: running (CPU) | Clients: 50 nodes (fractional GPU) | Ray GPU usage: 1.9/2.0 (95.0%)
2025-12-27 04:20:30,737 - __main__ - INFO - ⏰ 121s | Server: running (CPU) | Clients: 50 nodes (fractional GPU) | Ray GPU usage: 1.9/2.0 (95.0%)
2025-12-27 04:20:35,803 - __main__ - INFO - ⏰ 126s | Server: running (CPU) | Clients: 50 nodes (fractional GPU) | Ray GPU usage: 1.9/2.0 (95.0%)
2025-12-27 04:20:40,864 - __main__ - INFO - ⏰ 131s | Server: running (CPU) | Clients: 50 nodes (fractional GPU) | Ray GPU usage: 1.9/2.0 (95.0%)
2025-12-27 04:20:45,946 - __main__ - INFO - ⏰ 136s | Server: running (CPU) | Clients: 50 nodes (fractional GPU) | Ray GPU usage: 1.9/2.0 (95.0%)
2025-12-27 04:20:51,035 - __main__ - INFO - ⏰ 141s | Server: running (CPU) | Clients: 50 nodes (fractional GPU) | Ray GPU usage: 1.9/2.0 (95.0%)
2025-12-27 04:20:56,144 - __main__ - INFO - ⏰ 146s | Server: running (CPU) | Clients: 50 nodes (fractional GPU) | Ray GPU usage: 1.9/2.0 (95.0%)
2025-12-27 04:21:01,262 - __main__ - INFO - ⏰ 151s | Server: running (CPU) | Clients: 50 nodes (fractional GPU) | Ray GPU usage: 1.9/2.0 (95.0%)
2025-12-27 04:21:06,407 - __main__ - INFO - ⏰ 157s | Server: running (CPU) | Clients: 50 nodes (fractional GPU) | Ray GPU usage: 1.9/2.0 (95.0%)
2025-12-27 04:21:11,489 - __main__ - INFO - ⏰ 162s | Server: running (CPU) | Clients: 50 nodes (fractional GPU) | Ray GPU usage: 1.9/2.0 (95.0%)
2025-12-27 04:21:16,598 - __main__ - INFO - ⏰ 167s | Server: running (CPU) | Clients: 50 nodes (fractional GPU) | Ray GPU usage: 1.9/2.0 (95.0%)
2025-12-27 04:21:21,680 - __main__ - INFO - ⏰ 172s | Server: running (CPU) | Clients: 50 nodes (fractional GPU) | Ray GPU usage: 1.9/2.0 (95.0%)
2025-12-27 04:21:26,733 - __main__ - INFO - ⏰ 177s | Server: running (CPU) | Clients: 50 nodes (fractional GPU) | Ray GPU usage: 1.9/2.0 (95.0%)
2025-12-27 04:21:31,792 - __main__ - INFO - ⏰ 182s | Server: running (CPU) | Clients: 50 nodes (fractional GPU) | Ray GPU usage: 1.9/2.0 (95.0%)
2025-12-27 04:21:36,851 - __main__ - INFO - ⏰ 187s | Server: running (CPU) | Clients: 50 nodes (fractional GPU) | Ray GPU usage: 1.9/2.0 (95.0%)
2025-12-27 04:21:41,914 - __main__ - INFO - ⏰ 192s | Server: running (CPU) | Clients: 50 nodes (fractional GPU) | Ray GPU usage: 1.9/2.0 (95.0%)
2025-12-27 04:21:46,975 - __main__ - INFO - ⏰ 197s | Server: running (CPU) | Clients: 50 nodes (fractional GPU) | Ray GPU usage: 1.9/2.0 (95.0%)
2025-12-27 04:21:52,076 - __main__ - INFO - ⏰ 202s | Server: running (CPU) | Clients: 50 nodes (fractional GPU) | Ray GPU usage: 1.9/2.0 (95.0%)
2025-12-27 04:21:57,139 - __main__ - INFO - ⏰ 207s | Server: running (CPU) | Clients: 50 nodes (fractional GPU) | Ray GPU usage: 1.9/2.0 (95.0%)
2025-12-27 04:22:02,205 - __main__ - INFO - ⏰ 212s | Server: running (CPU) | Clients: 50 nodes (fractional GPU) | Ray GPU usage: 1.9/2.0 (95.0%)
2025-12-27 04:22:07,232 - __main__ - INFO - ⏰ 217s | Server: running (CPU) | Clients: 50 nodes (fractional GPU) | Ray GPU usage: 1.9/2.0 (95.0%)
2025-12-27 04:22:12,252 - __main__ - INFO - ⏰ 222s | Server: running (CPU) | Clients: 50 nodes (fractional GPU) | Ray GPU usage: 1.9/2.0 (95.0%)
2025-12-27 04:22:17,273 - __main__ - INFO - ⏰ 227s | Server: running (CPU) | Clients: 50 nodes (fractional GPU) | Ray GPU usage: 1.9/2.0 (95.0%)
2025-12-27 04:22:22,293 - __main__ - INFO - ⏰ 233s | Server: running (CPU) | Clients: 50 nodes (fractional GPU) | Ray GPU usage: 1.9/2.0 (95.0%)
2025-12-27 04:22:27,313 - __main__ - INFO - ⏰ 238s | Server: running (CPU) | Clients: 50 nodes (fractional GPU) | Ray GPU usage: 1.9/2.0 (95.0%)
2025-12-27 04:22:32,335 - __main__ - INFO - ⏰ 243s | Server: running (CPU) | Clients: 50 nodes (fractional GPU) | Ray GPU usage: 1.9/2.0 (95.0%)
2025-12-27 04:22:37,372 - __main__ - INFO - ⏰ 248s | Server: running (CPU) | Clients: 50 nodes (fractional GPU) | Ray GPU usage: 1.9/2.0 (95.0%)
2025-12-27 04:22:42,434 - __main__ - INFO - ⏰ 253s | Server: running (CPU) | Clients: 50 nodes (fractional GPU) | Ray GPU usage: 1.9/2.0 (95.0%)
2025-12-27 04:22:47,530 - __main__ - INFO - ⏰ 258s | Server: running (CPU) | Clients: 50 nodes (fractional GPU) | Ray GPU usage: 1.9/2.0 (95.0%)
2025-12-27 04:22:52,611 - __main__ - INFO - ⏰ 263s | Server: running (CPU) | Clients: 50 nodes (fractional GPU) | Ray GPU usage: 1.9/2.0 (95.0%)
2025-12-27 04:22:57,667 - __main__ - INFO - ⏰ 268s | Server: running (CPU) | Clients: 50 nodes (fractional GPU) | Ray GPU usage: 1.9/2.0 (95.0%)
2025-12-27 04:23:02,736 - __main__ - INFO - ⏰ 273s | Server: running (CPU) | Clients: 50 nodes (fractional GPU) | Ray GPU usage: 1.9/2.0 (95.0%)
2025-12-27 04:23:07,814 - __main__ - INFO - ⏰ 278s | Server: running (CPU) | Clients: 50 nodes (fractional GPU) | Ray GPU usage: 1.9/2.0 (95.0%)
2025-12-27 04:23:12,920 - __main__ - INFO - ⏰ 283s | Server: running (CPU) | Clients: 50 nodes (fractional GPU) | Ray GPU usage: 1.9/2.0 (95.0%)
2025-12-27 04:23:17,971 - __main__ - INFO - ⏰ 288s | Server: running (CPU) | Clients: 50 nodes (fractional GPU) | Ray GPU usage: 1.9/2.0 (95.0%)
2025-12-27 04:23:23,016 - __main__ - INFO - ⏰ 293s | Server: running (CPU) | Clients: 50 nodes (fractional GPU) | Ray GPU usage: 1.9/2.0 (95.0%)
2025-12-27 04:23:28,061 - __main__ - INFO - ⏰ 298s | Server: running (CPU) | Clients: 50 nodes (fractional GPU) | Ray GPU usage: 1.9/2.0 (95.0%)
2025-12-27 04:23:33,097 - __main__ - INFO - ⏰ 303s | Server: running (CPU) | Clients: 50 nodes (fractional GPU) | Ray GPU usage: 1.9/2.0 (95.0%)
2025-12-27 04:23:38,145 - __main__ - INFO - ⏰ 308s | Server: running (CPU) | Clients: 50 nodes (fractional GPU) | Ray GPU usage: 1.9/2.0 (95.0%)
2025-12-27 04:23:43,190 - __main__ - INFO - ⏰ 313s | Server: running (CPU) | Clients: 50 nodes (fractional GPU) | Ray GPU usage: 1.9/2.0 (95.0%)
2025-12-27 04:23:48,245 - __main__ - INFO - ⏰ 318s | Server: running (CPU) | Clients: 50 nodes (fractional GPU) | Ray GPU usage: 1.9/2.0 (95.0%)
2025-12-27 04:23:53,288 - __main__ - INFO - ⏰ 323s | Server: running (CPU) | Clients: 50 nodes (fractional GPU) | Ray GPU usage: 1.9/2.0 (95.0%)
2025-12-27 04:23:58,341 - __main__ - INFO - ⏰ 329s | Server: running (CPU) | Clients: 50 nodes (fractional GPU) | Ray GPU usage: 1.9/2.0 (95.0%)
2025-12-27 04:24:03,390 - __main__ - INFO - ⏰ 334s | Server: running (CPU) | Clients: 50 nodes (fractional GPU) | Ray GPU usage: 1.9/2.0 (95.0%)
2025-12-27 04:24:08,424 - __main__ - INFO - ⏰ 339s | Server: running (CPU) | Clients: 50 nodes (fractional GPU) | Ray GPU usage: 1.9/2.0 (95.0%)
2025-12-27 04:24:13,466 - __main__ - INFO - ⏰ 344s | Server: running (CPU) | Clients: 50 nodes (fractional GPU) | Ray GPU usage: 1.9/2.0 (95.0%)
2025-12-27 04:24:18,513 - __main__ - INFO - ⏰ 349s | Server: running (CPU) | Clients: 50 nodes (fractional GPU) | Ray GPU usage: 1.9/2.0 (95.0%)
2025-12-27 04:24:23,571 - __main__ - INFO - ⏰ 354s | Server: running (CPU) | Clients: 50 nodes (fractional GPU) | Ray GPU usage: 1.9/2.0 (95.0%)
2025-12-27 04:24:28,645 - __main__ - INFO - ⏰ 359s | Server: running (CPU) | Clients: 50 nodes (fractional GPU) | Ray GPU usage: 1.9/2.0 (95.0%)
2025-12-27 04:24:33,717 - __main__ - INFO - ⏰ 364s | Server: running (CPU) | Clients: 50 nodes (fractional GPU) | Ray GPU usage: 1.9/2.0 (95.0%)
2025-12-27 04:24:38,771 - __main__ - INFO - ⏰ 369s | Server: running (CPU) | Clients: 50 nodes (fractional GPU) | Ray GPU usage: 1.9/2.0 (95.0%)
2025-12-27 04:24:43,815 - __main__ - INFO - ⏰ 374s | Server: running (CPU) | Clients: 50 nodes (fractional GPU) | Ray GPU usage: 1.9/2.0 (95.0%)
2025-12-27 04:24:48,867 - __main__ - INFO - ⏰ 379s | Server: running (CPU) | Clients: 50 nodes (fractional GPU) | Ray GPU usage: 1.9/2.0 (95.0%)
2025-12-27 04:24:53,913 - __main__ - INFO - ⏰ 384s | Server: running (CPU) | Clients: 50 nodes (fractional GPU) | Ray GPU usage: 1.9/2.0 (95.0%)
2025-12-27 04:24:58,990 - __main__ - INFO - ⏰ 389s | Server: running (CPU) | Clients: 50 nodes (fractional GPU) | Ray GPU usage: 1.9/2.0 (95.0%)
2025-12-27 04:25:04,052 - __main__ - INFO - ⏰ 394s | Server: running (CPU) | Clients: 50 nodes (fractional GPU) | Ray GPU usage: 1.9/2.0 (95.0%)
2025-12-27 04:25:09,094 - __main__ - INFO - ⏰ 399s | Server: running (CPU) | Clients: 50 nodes (fractional GPU) | Ray GPU usage: 1.9/2.0 (95.0%)
2025-12-27 04:25:14,136 - __main__ - INFO - ⏰ 404s | Server: running (CPU) | Clients: 50 nodes (fractional GPU) | Ray GPU usage: 1.9/2.0 (95.0%)
2025-12-27 04:25:19,183 - __main__ - INFO - ⏰ 409s | Server: running (CPU) | Clients: 50 nodes (fractional GPU) | Ray GPU usage: 1.9/2.0 (95.0%)
2025-12-27 04:25:24,237 - __main__ - INFO - ⏰ 414s | Server: running (CPU) | Clients: 50 nodes (fractional GPU) | Ray GPU usage: 1.9/2.0 (95.0%)
2025-12-27 04:25:29,275 - __main__ - INFO - ⏰ 419s | Server: running (CPU) | Clients: 50 nodes (fractional GPU) | Ray GPU usage: 1.9/2.0 (95.0%)
2025-12-27 04:25:34,332 - __main__ - INFO - ⏰ 425s | Server: running (CPU) | Clients: 50 nodes (fractional GPU) | Ray GPU usage: 1.9/2.0 (95.0%)
2025-12-27 04:25:39,385 - __main__ - INFO - ⏰ 430s | Server: running (CPU) | Clients: 50 nodes (fractional GPU) | Ray GPU usage: 1.9/2.0 (95.0%)
2025-12-27 04:25:44,416 - __main__ - INFO - ⏰ 435s | Server: running (CPU) | Clients: 50 nodes (fractional GPU) | Ray GPU usage: 1.9/2.0 (95.0%)
2025-12-27 04:25:49,431 - __main__ - INFO - ⏰ 440s | Server: running (CPU) | Clients: 50 nodes (fractional GPU) | Ray GPU usage: 1.9/2.0 (95.0%)
2025-12-27 04:25:54,442 - __main__ - INFO - ⏰ 445s | Server: running (CPU) | Clients: 50 nodes (fractional GPU) | Ray GPU usage: 1.9/2.0 (95.0%)
2025-12-27 04:25:59,455 - __main__ - INFO - ⏰ 450s | Server: running (CPU) | Clients: 50 nodes (fractional GPU) | Ray GPU usage: 1.9/2.0 (95.0%)
2025-12-27 04:26:04,468 - __main__ - INFO - ⏰ 455s | Server: running (CPU) | Clients: 50 nodes (fractional GPU) | Ray GPU usage: 1.9/2.0 (95.0%)
2025-12-27 04:26:09,482 - __main__ - INFO - ⏰ 460s | Server: running (CPU) | Clients: 50 nodes (fractional GPU) | Ray GPU usage: 1.9/2.0 (95.0%)
2025-12-27 04:26:14,493 - __main__ - INFO - ⏰ 465s | Server: running (CPU) | Clients: 50 nodes (fractional GPU) | Ray GPU usage: 1.9/2.0 (95.0%)
2025-12-27 04:26:19,506 - __main__ - INFO - ⏰ 470s | Server: running (CPU) | Clients: 50 nodes (fractional GPU) | Ray GPU usage: 1.9/2.0 (95.0%)
2025-12-27 04:26:24,520 - __main__ - INFO - ⏰ 475s | Server: running (CPU) | Clients: 50 nodes (fractional GPU) | Ray GPU usage: 1.9/2.0 (95.0%)
2025-12-27 04:26:29,534 - __main__ - INFO - ⏰ 480s | Server: running (CPU) | Clients: 50 nodes (fractional GPU) | Ray GPU usage: 1.9/2.0 (95.0%)
2025-12-27 04:26:34,548 - __main__ - INFO - ⏰ 485s | Server: running (CPU) | Clients: 50 nodes (fractional GPU) | Ray GPU usage: 1.9/2.0 (95.0%)
2025-12-27 04:26:39,562 - __main__ - INFO - ⏰ 490s | Server: running (CPU) | Clients: 50 nodes (fractional GPU) | Ray GPU usage: 1.9/2.0 (95.0%)
2025-12-27 04:26:44,576 - __main__ - INFO - ⏰ 495s | Server: running (CPU) | Clients: 50 nodes (fractional GPU) | Ray GPU usage: 1.9/2.0 (95.0%)
2025-12-27 04:26:49,586 - __main__ - INFO - ⏰ 500s | Server: running (CPU) | Clients: 50 nodes (fractional GPU) | Ray GPU usage: 1.9/2.0 (95.0%)
2025-12-27 04:26:54,601 - __main__ - INFO - ⏰ 505s | Server: running (CPU) | Clients: 50 nodes (fractional GPU) | Ray GPU usage: 1.9/2.0 (95.0%)
2025-12-27 04:26:59,616 - __main__ - INFO - ⏰ 510s | Server: running (CPU) | Clients: 50 nodes (fractional GPU) | Ray GPU usage: 1.9/2.0 (95.0%)
2025-12-27 04:27:04,630 - __main__ - INFO - ⏰ 515s | Server: running (CPU) | Clients: 50 nodes (fractional GPU) | Ray GPU usage: 1.9/2.0 (95.0%)
2025-12-27 04:27:09,644 - __main__ - INFO - ⏰ 520s | Server: running (CPU) | Clients: 50 nodes (fractional GPU) | Ray GPU usage: 1.9/2.0 (95.0%)
2025-12-27 04:27:14,658 - __main__ - INFO - ⏰ 525s | Server: running (CPU) | Clients: 50 nodes (fractional GPU) | Ray GPU usage: 1.9/2.0 (95.0%)
2025-12-27 04:27:19,668 - __main__ - INFO - ⏰ 530s | Server: running (CPU) | Clients: 50 nodes (fractional GPU) | Ray GPU usage: 1.9/2.0 (95.0%)
2025-12-27 04:27:24,681 - __main__ - INFO - ⏰ 535s | Server: running (CPU) | Clients: 50 nodes (fractional GPU) | Ray GPU usage: 1.9/2.0 (95.0%)
2025-12-27 04:27:29,695 - __main__ - INFO - ⏰ 540s | Server: running (CPU) | Clients: 50 nodes (fractional GPU) | Ray GPU usage: 1.9/2.0 (95.0%)
2025-12-27 04:27:34,714 - __main__ - INFO - ⏰ 545s | Server: running (CPU) | Clients: 50 nodes (fractional GPU) | Ray GPU usage: 1.9/2.0 (95.0%)
2025-12-27 04:27:39,728 - __main__ - INFO - ⏰ 550s | Server: running (CPU) | Clients: 50 nodes (fractional GPU) | Ray GPU usage: 1.9/2.0 (95.0%)
2025-12-27 04:27:44,743 - __main__ - INFO - ⏰ 555s | Server: running (CPU) | Clients: 50 nodes (fractional GPU) | Ray GPU usage: 1.9/2.0 (95.0%)
2025-12-27 04:27:49,756 - __main__ - INFO - ⏰ 560s | Server: running (CPU) | Clients: 50 nodes (fractional GPU) | Ray GPU usage: 1.9/2.0 (95.0%)
2025-12-27 04:27:54,769 - __main__ - INFO - ⏰ 565s | Server: running (CPU) | Clients: 50 nodes (fractional GPU) | Ray GPU usage: 1.9/2.0 (95.0%)
2025-12-27 04:27:59,784 - __main__ - INFO - ⏰ 570s | Server: running (CPU) | Clients: 50 nodes (fractional GPU) | Ray GPU usage: 1.9/2.0 (95.0%)
2025-12-27 04:28:04,798 - __main__ - INFO - ⏰ 575s | Server: running (CPU) | Clients: 50 nodes (fractional GPU) | Ray GPU usage: 1.9/2.0 (95.0%)
2025-12-27 04:28:09,808 - __main__ - INFO - ⏰ 580s | Server: running (CPU) | Clients: 50 nodes (fractional GPU) | Ray GPU usage: 1.9/2.0 (95.0%)
2025-12-27 04:28:14,822 - __main__ - INFO - ⏰ 585s | Server: running (CPU) | Clients: 50 nodes (fractional GPU) | Ray GPU usage: 1.9/2.0 (95.0%)
2025-12-27 04:28:19,837 - __main__ - INFO - ⏰ 590s | Server: running (CPU) | Clients: 50 nodes (fractional GPU) | Ray GPU usage: 1.9/2.0 (95.0%)
2025-12-27 04:28:24,847 - __main__ - INFO - ⏰ 595s | Server: running (CPU) | Clients: 50 nodes (fractional GPU) | Ray GPU usage: 1.9/2.0 (95.0%)
2025-12-27 04:28:29,861 - __main__ - INFO - ⏰ 600s | Server: running (CPU) | Clients: 50 nodes (fractional GPU) | Ray GPU usage: 1.9/2.0 (95.0%)
2025-12-27 04:28:34,875 - __main__ - INFO - ⏰ 605s | Server: running (CPU) | Clients: 50 nodes (fractional GPU) | Ray GPU usage: 1.9/2.0 (95.0%)
2025-12-27 04:28:39,888 - __main__ - INFO - ⏰ 610s | Server: running (CPU) | Clients: 50 nodes (fractional GPU) | Ray GPU usage: 1.9/2.0 (95.0%)
2025-12-27 04:28:44,900 - __main__ - INFO - ⏰ 615s | Server: running (CPU) | Clients: 50 nodes (fractional GPU) | Ray GPU usage: 1.9/2.0 (95.0%)
2025-12-27 04:28:49,914 - __main__ - INFO - ⏰ 620s | Server: running (CPU) | Clients: 50 nodes (fractional GPU) | Ray GPU usage: 1.9/2.0 (95.0%)
2025-12-27 04:28:54,929 - __main__ - INFO - ⏰ 625s | Server: running (CPU) | Clients: 50 nodes (fractional GPU) | Ray GPU usage: 1.9/2.0 (95.0%)
2025-12-27 04:28:59,943 - __main__ - INFO - ⏰ 630s | Server: running (CPU) | Clients: 50 nodes (fractional GPU) | Ray GPU usage: 1.9/2.0 (95.0%)
2025-12-27 04:29:04,957 - __main__ - INFO - ⏰ 635s | Server: running (CPU) | Clients: 50 nodes (fractional GPU) | Ray GPU usage: 1.9/2.0 (95.0%)
2025-12-27 04:29:09,972 - __main__ - INFO - ⏰ 640s | Server: running (CPU) | Clients: 50 nodes (fractional GPU) | Ray GPU usage: 1.9/2.0 (95.0%)
2025-12-27 04:29:14,985 - __main__ - INFO - ⏰ 645s | Server: running (CPU) | Clients: 50 nodes (fractional GPU) | Ray GPU usage: 1.9/2.0 (95.0%)
2025-12-27 04:29:19,998 - __main__ - INFO - ⏰ 650s | Server: running (CPU) | Clients: 50 nodes (fractional GPU) | Ray GPU usage: 1.9/2.0 (95.0%)
2025-12-27 04:29:25,012 - __main__ - INFO - ⏰ 655s | Server: running (CPU) | Clients: 50 nodes (fractional GPU) | Ray GPU usage: 1.9/2.0 (95.0%)
2025-12-27 04:29:30,026 - __main__ - INFO - ⏰ 660s | Server: running (CPU) | Clients: 50 nodes (fractional GPU) | Ray GPU usage: 1.9/2.0 (95.0%)
2025-12-27 04:29:35,041 - __main__ - INFO - ⏰ 665s | Server: running (CPU) | Clients: 50 nodes (fractional GPU) | Ray GPU usage: 1.9/2.0 (95.0%)
2025-12-27 04:29:40,055 - __main__ - INFO - ⏰ 670s | Server: running (CPU) | Clients: 50 nodes (fractional GPU) | Ray GPU usage: 1.9/2.0 (95.0%)
2025-12-27 04:29:45,071 - __main__ - INFO - ⏰ 675s | Server: running (CPU) | Clients: 50 nodes (fractional GPU) | Ray GPU usage: 1.9/2.0 (95.0%)
2025-12-27 04:29:50,085 - __main__ - INFO - ⏰ 680s | Server: running (CPU) | Clients: 50 nodes (fractional GPU) | Ray GPU usage: 1.9/2.0 (95.0%)
2025-12-27 04:29:55,099 - __main__ - INFO - ⏰ 685s | Server: running (CPU) | Clients: 50 nodes (fractional GPU) | Ray GPU usage: 1.9/2.0 (95.0%)
2025-12-27 04:30:00,113 - __main__ - INFO - ⏰ 690s | Server: running (CPU) | Clients: 50 nodes (fractional GPU) | Ray GPU usage: 1.9/2.0 (95.0%)
2025-12-27 04:30:05,128 - __main__ - INFO - ⏰ 695s | Server: running (CPU) | Clients: 50 nodes (fractional GPU) | Ray GPU usage: 1.9/2.0 (95.0%)
2025-12-27 04:30:10,142 - __main__ - INFO - ⏰ 700s | Server: running (CPU) | Clients: 50 nodes (fractional GPU) | Ray GPU usage: 1.9/2.0 (95.0%)
2025-12-27 04:30:15,157 - __main__ - INFO - ⏰ 705s | Server: running (CPU) | Clients: 50 nodes (fractional GPU) | Ray GPU usage: 1.9/2.0 (95.0%)
2025-12-27 04:30:20,170 - __main__ - INFO - ⏰ 710s | Server: running (CPU) | Clients: 50 nodes (fractional GPU) | Ray GPU usage: 1.9/2.0 (95.0%)
2025-12-27 04:30:25,184 - __main__ - INFO - ⏰ 715s | Server: running (CPU) | Clients: 50 nodes (fractional GPU) | Ray GPU usage: 1.9/2.0 (95.0%)
2025-12-27 04:30:30,198 - __main__ - INFO - ⏰ 720s | Server: running (CPU) | Clients: 50 nodes (fractional GPU) | Ray GPU usage: 1.9/2.0 (95.0%)
2025-12-27 04:30:35,213 - __main__ - INFO - ⏰ 725s | Server: running (CPU) | Clients: 50 nodes (fractional GPU) | Ray GPU usage: 1.9/2.0 (95.0%)
2025-12-27 04:30:40,227 - __main__ - INFO - ⏰ 730s | Server: running (CPU) | Clients: 50 nodes (fractional GPU) | Ray GPU usage: 1.9/2.0 (95.0%)
2025-12-27 04:30:45,241 - __main__ - INFO - ⏰ 735s | Server: running (CPU) | Clients: 50 nodes (fractional GPU) | Ray GPU usage: 1.9/2.0 (95.0%)
2025-12-27 04:30:50,254 - __main__ - INFO - ⏰ 740s | Server: running (CPU) | Clients: 50 nodes (fractional GPU) | Ray GPU usage: 1.9/2.0 (95.0%)
2025-12-27 04:30:55,268 - __main__ - INFO - ⏰ 745s | Server: running (CPU) | Clients: 50 nodes (fractional GPU) | Ray GPU usage: 1.9/2.0 (95.0%)
2025-12-27 04:31:00,282 - __main__ - INFO - ⏰ 751s | Server: running (CPU) | Clients: 50 nodes (fractional GPU) | Ray GPU usage: 1.9/2.0 (95.0%)
2025-12-27 04:31:05,296 - __main__ - INFO - ⏰ 756s | Server: running (CPU) | Clients: 50 nodes (fractional GPU) | Ray GPU usage: 1.9/2.0 (95.0%)
2025-12-27 04:31:10,310 - __main__ - INFO - ⏰ 761s | Server: running (CPU) | Clients: 50 nodes (fractional GPU) | Ray GPU usage: 1.9/2.0 (95.0%)
2025-12-27 04:31:15,323 - __main__ - INFO - ⏰ 766s | Server: running (CPU) | Clients: 50 nodes (fractional GPU) | Ray GPU usage: 1.9/2.0 (95.0%)
2025-12-27 04:31:20,336 - __main__ - INFO - ⏰ 771s | Server: running (CPU) | Clients: 50 nodes (fractional GPU) | Ray GPU usage: 1.9/2.0 (95.0%)
2025-12-27 04:31:25,350 - __main__ - INFO - ⏰ 776s | Server: running (CPU) | Clients: 50 nodes (fractional GPU) | Ray GPU usage: 1.9/2.0 (95.0%)
2025-12-27 04:31:30,363 - __main__ - INFO - ⏰ 781s | Server: running (CPU) | Clients: 50 nodes (fractional GPU) | Ray GPU usage: 1.9/2.0 (95.0%)
2025-12-27 04:31:35,377 - __main__ - INFO - ⏰ 786s | Server: running (CPU) | Clients: 50 nodes (fractional GPU) | Ray GPU usage: 1.9/2.0 (95.0%)
2025-12-27 04:31:40,391 - __main__ - INFO - ⏰ 791s | Server: running (CPU) | Clients: 50 nodes (fractional GPU) | Ray GPU usage: 1.9/2.0 (95.0%)
2025-12-27 04:31:45,405 - __main__ - INFO - ⏰ 796s | Server: running (CPU) | Clients: 50 nodes (fractional GPU) | Ray GPU usage: 1.9/2.0 (95.0%)
2025-12-27 04:31:50,419 - __main__ - INFO - ⏰ 801s | Server: running (CPU) | Clients: 50 nodes (fractional GPU) | Ray GPU usage: 1.9/2.0 (95.0%)
srun: Job step aborted: Waiting up to 32 seconds for job step to finish.
slurmstepd-srv-it-node03: error: *** STEP 647.0 ON srv-it-node03 CANCELLED AT 2025-12-27T04:31:54 ***
slurmstepd-srv-it-node03: error: *** JOB 647 ON srv-it-node03 CANCELLED AT 2025-12-27T04:31:54 ***
