2025-12-26 06:14:36,875 - __main__ - INFO - 🚀 Start Ray V2 federated learning
2025-12-26 06:14:36,875 - __main__ - INFO - 📊 Configuration: 50 clients, 100 rounds training, total nodes: 51
2025-12-26 06:14:36,875 - __main__ - INFO - 🧹 Clean environment...
2025-12-26 06:14:41,721 - __main__ - INFO - 🗑️  Cleaned tmpfs chunk directory: /tmp/fl_chunks
2025-12-26 06:14:42,379 - __main__ - DEBUG - 🗑️  Cleaned mount directory (simple): /home/naicheng_li/FLTorrent/docker_data/tmp
2025-12-26 06:14:42,384 - __main__ - DEBUG - 🗑️  Cleaned mount directory (simple): /home/naicheng_li/FLTorrent/docker_data/app_tmp
2025-12-26 06:14:43,393 - __main__ - INFO - ✅ Environment cleanup completed
2025-12-26 06:14:43,393 - __main__ - INFO - 🚀 Applying host network optimizations for ultra-high concurrency...
2025-12-26 06:14:43,498 - __main__ - WARNING - ⚠️  22 network optimizations could not be applied (may need sudo access)
2025-12-26 06:14:43,498 - __main__ - DEBUG -    Failed: net.core.somaxconn - sudo: you do not exist in the passwd database
2025-12-26 06:14:43,498 - __main__ - DEBUG -    Failed: net.core.netdev_max_backlog - sudo: you do not exist in the passwd database
2025-12-26 06:14:43,498 - __main__ - DEBUG -    Failed: net.core.rmem_default - sudo: you do not exist in the passwd database
2025-12-26 06:14:43,498 - __main__ - WARNING - ⚠️  No host network optimizations applied! High-concurrency FL may experience issues.
2025-12-26 06:14:43,498 - __main__ - WARNING -    Consider running with sudo or contacting HPC admin to apply these settings.
2025-12-26 06:14:43,498 - __main__ - INFO - 🦭 Initializing Podman rootless environment...
2025-12-26 06:14:43,500 - __main__ - WARNING - ⚠️  Podman unavailable, trying Docker...
2025-12-26 06:14:43,500 - __main__ - INFO - 📦 Using non-container mode (Fallback)
2025-12-26 06:14:45,429 - __main__ - INFO - 🔍 Found available port for Ray dashboard: 8265
2025-12-26 06:14:45,506 - filelock - DEBUG - Attempting to acquire lock 140280821624944 on /home/naicheng_li/ray/session_2025-12-26_06-14-45_500743_2227450/node_ip_address.json.lock
2025-12-26 06:14:45,510 - filelock - DEBUG - Lock 140280821624944 acquired on /home/naicheng_li/ray/session_2025-12-26_06-14-45_500743_2227450/node_ip_address.json.lock
2025-12-26 06:14:45,520 - filelock - DEBUG - Attempting to release lock 140280821624944 on /home/naicheng_li/ray/session_2025-12-26_06-14-45_500743_2227450/node_ip_address.json.lock
2025-12-26 06:14:45,520 - filelock - DEBUG - Lock 140280821624944 released on /home/naicheng_li/ray/session_2025-12-26_06-14-45_500743_2227450/node_ip_address.json.lock
2025-12-26 06:14:45,521 - filelock - DEBUG - Attempting to acquire lock 140280821620768 on /home/naicheng_li/ray/session_2025-12-26_06-14-45_500743_2227450/ports_by_node.json.lock
2025-12-26 06:14:45,522 - filelock - DEBUG - Lock 140280821620768 acquired on /home/naicheng_li/ray/session_2025-12-26_06-14-45_500743_2227450/ports_by_node.json.lock
2025-12-26 06:14:45,525 - filelock - DEBUG - Attempting to release lock 140280821620768 on /home/naicheng_li/ray/session_2025-12-26_06-14-45_500743_2227450/ports_by_node.json.lock
2025-12-26 06:14:45,525 - filelock - DEBUG - Lock 140280821620768 released on /home/naicheng_li/ray/session_2025-12-26_06-14-45_500743_2227450/ports_by_node.json.lock
2025-12-26 06:14:45,525 - filelock - DEBUG - Attempting to acquire lock 140280821624368 on /home/naicheng_li/ray/session_2025-12-26_06-14-45_500743_2227450/ports_by_node.json.lock
2025-12-26 06:14:45,526 - filelock - DEBUG - Lock 140280821624368 acquired on /home/naicheng_li/ray/session_2025-12-26_06-14-45_500743_2227450/ports_by_node.json.lock
2025-12-26 06:14:45,527 - filelock - DEBUG - Attempting to release lock 140280821624368 on /home/naicheng_li/ray/session_2025-12-26_06-14-45_500743_2227450/ports_by_node.json.lock
2025-12-26 06:14:45,527 - filelock - DEBUG - Lock 140280821624368 released on /home/naicheng_li/ray/session_2025-12-26_06-14-45_500743_2227450/ports_by_node.json.lock
2025-12-26 06:14:45,527 - filelock - DEBUG - Attempting to acquire lock 140280821624800 on /home/naicheng_li/ray/session_2025-12-26_06-14-45_500743_2227450/ports_by_node.json.lock
2025-12-26 06:14:45,528 - filelock - DEBUG - Lock 140280821624800 acquired on /home/naicheng_li/ray/session_2025-12-26_06-14-45_500743_2227450/ports_by_node.json.lock
2025-12-26 06:14:45,530 - filelock - DEBUG - Attempting to release lock 140280821624800 on /home/naicheng_li/ray/session_2025-12-26_06-14-45_500743_2227450/ports_by_node.json.lock
2025-12-26 06:14:45,530 - filelock - DEBUG - Lock 140280821624800 released on /home/naicheng_li/ray/session_2025-12-26_06-14-45_500743_2227450/ports_by_node.json.lock
2025-12-26 06:14:45,530 - filelock - DEBUG - Attempting to acquire lock 140280821613232 on /home/naicheng_li/ray/session_2025-12-26_06-14-45_500743_2227450/ports_by_node.json.lock
2025-12-26 06:14:45,531 - filelock - DEBUG - Lock 140280821613232 acquired on /home/naicheng_li/ray/session_2025-12-26_06-14-45_500743_2227450/ports_by_node.json.lock
2025-12-26 06:14:45,532 - filelock - DEBUG - Attempting to release lock 140280821613232 on /home/naicheng_li/ray/session_2025-12-26_06-14-45_500743_2227450/ports_by_node.json.lock
2025-12-26 06:14:45,532 - filelock - DEBUG - Lock 140280821613232 released on /home/naicheng_li/ray/session_2025-12-26_06-14-45_500743_2227450/ports_by_node.json.lock
2025-12-26 06:14:45,532 - filelock - DEBUG - Attempting to acquire lock 140280821622064 on /home/naicheng_li/ray/session_2025-12-26_06-14-45_500743_2227450/ports_by_node.json.lock
2025-12-26 06:14:45,533 - filelock - DEBUG - Lock 140280821622064 acquired on /home/naicheng_li/ray/session_2025-12-26_06-14-45_500743_2227450/ports_by_node.json.lock
2025-12-26 06:14:45,535 - filelock - DEBUG - Attempting to release lock 140280821622064 on /home/naicheng_li/ray/session_2025-12-26_06-14-45_500743_2227450/ports_by_node.json.lock
2025-12-26 06:14:45,535 - filelock - DEBUG - Lock 140280821622064 released on /home/naicheng_li/ray/session_2025-12-26_06-14-45_500743_2227450/ports_by_node.json.lock
2025-12-26 06:14:48,209	INFO worker.py:1998 -- Started a local Ray instance. View the dashboard at [1m[32m10.0.0.2:8265 [39m[22m
/home/naicheng_li/.conda/envs/flv2/lib/python3.10/site-packages/ray/_private/worker.py:2046: FutureWarning: Tip: In future versions of Ray, Ray will no longer override accelerator visible devices env var if num_gpus=0 or num_gpus=None (default). To enable this behavior and turn off this error message, set RAY_ACCEL_ENV_VAR_OVERRIDE_ON_ZERO=0
  warnings.warn(
2025-12-26 06:14:49,170 - __main__ - INFO - 🚀 Ray cluster initialization completed:
2025-12-26 06:14:49,171 - __main__ - INFO -    📊 Resources: {'accelerator_type:A100': 1.0, 'GPU': 4.0, 'node:10.0.0.2': 1.0, 'node:__internal_head__': 1.0, 'memory': 376038052864.0, 'CPU': 64.0, 'object_store_memory': 145967201280.0}
2025-12-26 06:14:49,171 - __main__ - INFO -    🌐 Dashboard: http://127.0.0.1:8265
2025-12-26 06:14:49,171 - __main__ - DEBUG - Found node: 1df407bd0266... IP: 10.0.0.2, Resources: {'memory': 376038052864.0, 'object_store_memory': 145967201280.0, 'GPU': 4.0, 'CPU': 64.0, 'accelerator_type:A100': 1.0, 'node:10.0.0.2': 1.0, 'node:__internal_head__': 1.0}
2025-12-26 06:14:49,171 - __main__ - INFO - 🌐 Ray Cluster Topology:
2025-12-26 06:14:49,171 - __main__ - INFO -    📍 Head node: 1df407bd0266... (Server will run here)
2025-12-26 06:14:49,171 - __main__ - WARNING -    ⚠️ No worker nodes found! Clients will run on head node (not recommended)
2025-12-26 06:14:49,172 - __main__ - INFO - 🎮 Detected GPU type on node 1df407bd0266...: A100 -> 40.0GB per GPU
2025-12-26 06:14:49,172 - __main__ - INFO - 📍 Head node (1df407bd0266...): 4.0 GPUs, 160.0GB total memory
2025-12-26 06:14:49,172 - __main__ - INFO - 📊 Total GPU memory across all nodes: 160.0GB
2025-12-26 06:14:49,172 - __main__ - INFO - 📊 Memory per client: 3.0GB → Max capacity: 53 clients
2025-12-26 06:14:49,172 - __main__ - INFO -    Node 1df407bd0266...: 50 clients (160.0GB / 50 = 3.2GB/client)
2025-12-26 06:14:49,173 - __main__ - INFO -    Node 1df407bd0266...: 4.0 GPU, 50 clients, max 13 clients/GPU -> 0.0731 GPU/client
2025-12-26 06:14:49,173 - __main__ - INFO - 🎯 GPU allocation summary: {'total_available_gpus': 4.0, 'total_allocated_gpus': 3.655, 'utilization_rate': '91.38%', 'server': 'CPU only', 'per_node_allocation': {'1df407bd0266': {'count': 50, 'total_gpu': 3.6550000000000025}}, 'gpu_clients': 50, 'cpu_clients': 0}
2025-12-26 06:14:49,173 - __main__ - INFO - 📋 Client distribution: 50 GPU clients, 0 CPU clients
2025-12-26 06:14:49,173 - __main__ - INFO - 🔌 Single-node mode detected - UDS can be enabled
2025-12-26 06:14:49,174 - __main__ - INFO - 📍 Server scheduled to head node: 1df407bd0266...
2025-12-26 06:14:49,318 - __main__ - INFO - 📦 Using Fallback (no container) for Server
2025-12-26 06:14:49,400 - __main__ - INFO - ✅ Server started: unix:///tmp/federatedscope_uds/server_33747.sock:33747
2025-12-26 06:15:04,409 - __main__ - INFO - 📱 Edge device distribution: {'smartphone': 50}
2025-12-26 06:15:04,410 - __main__ - INFO - 📊 Client distribution plan:
2025-12-26 06:15:04,411 - __main__ - INFO -    Client 1 -> head (1df407bd0266...), Node CPUs: 64.0, Clients on node: 50
2025-12-26 06:15:04,411 - __main__ - INFO -    Client 2 -> head (1df407bd0266...), Node CPUs: 64.0, Clients on node: 50
2025-12-26 06:15:04,412 - __main__ - INFO -    Client 3 -> head (1df407bd0266...), Node CPUs: 64.0, Clients on node: 50
2025-12-26 06:15:04,412 - __main__ - INFO -    Client 4 -> head (1df407bd0266...), Node CPUs: 64.0, Clients on node: 50
2025-12-26 06:15:04,412 - __main__ - INFO -    Client 5 -> head (1df407bd0266...), Node CPUs: 64.0, Clients on node: 50
2025-12-26 06:15:04,413 - __main__ - INFO -    Client 6 -> head (1df407bd0266...), Node CPUs: 64.0, Clients on node: 50
2025-12-26 06:15:04,413 - __main__ - INFO -    Client 7 -> head (1df407bd0266...), Node CPUs: 64.0, Clients on node: 50
2025-12-26 06:15:04,414 - __main__ - INFO -    Client 8 -> head (1df407bd0266...), Node CPUs: 64.0, Clients on node: 50
2025-12-26 06:15:04,414 - __main__ - INFO -    Client 9 -> head (1df407bd0266...), Node CPUs: 64.0, Clients on node: 50
2025-12-26 06:15:04,415 - __main__ - INFO -    Client 10 -> head (1df407bd0266...), Node CPUs: 64.0, Clients on node: 50
2025-12-26 06:15:04,415 - __main__ - INFO -    Client 11 -> head (1df407bd0266...), Node CPUs: 64.0, Clients on node: 50
2025-12-26 06:15:04,416 - __main__ - INFO -    Client 12 -> head (1df407bd0266...), Node CPUs: 64.0, Clients on node: 50
2025-12-26 06:15:04,416 - __main__ - INFO -    Client 13 -> head (1df407bd0266...), Node CPUs: 64.0, Clients on node: 50
2025-12-26 06:15:04,417 - __main__ - INFO -    Client 14 -> head (1df407bd0266...), Node CPUs: 64.0, Clients on node: 50
2025-12-26 06:15:04,417 - __main__ - INFO -    Client 15 -> head (1df407bd0266...), Node CPUs: 64.0, Clients on node: 50
2025-12-26 06:15:04,418 - __main__ - INFO -    Client 16 -> head (1df407bd0266...), Node CPUs: 64.0, Clients on node: 50
2025-12-26 06:15:04,418 - __main__ - INFO -    Client 17 -> head (1df407bd0266...), Node CPUs: 64.0, Clients on node: 50
2025-12-26 06:15:04,418 - __main__ - INFO -    Client 18 -> head (1df407bd0266...), Node CPUs: 64.0, Clients on node: 50
2025-12-26 06:15:04,419 - __main__ - INFO -    Client 19 -> head (1df407bd0266...), Node CPUs: 64.0, Clients on node: 50
2025-12-26 06:15:04,419 - __main__ - INFO -    Client 20 -> head (1df407bd0266...), Node CPUs: 64.0, Clients on node: 50
2025-12-26 06:15:04,420 - __main__ - INFO -    Client 21 -> head (1df407bd0266...), Node CPUs: 64.0, Clients on node: 50
2025-12-26 06:15:04,420 - __main__ - INFO -    Client 22 -> head (1df407bd0266...), Node CPUs: 64.0, Clients on node: 50
2025-12-26 06:15:04,421 - __main__ - INFO -    Client 23 -> head (1df407bd0266...), Node CPUs: 64.0, Clients on node: 50
2025-12-26 06:15:04,421 - __main__ - INFO -    Client 24 -> head (1df407bd0266...), Node CPUs: 64.0, Clients on node: 50
2025-12-26 06:15:04,421 - __main__ - INFO -    Client 25 -> head (1df407bd0266...), Node CPUs: 64.0, Clients on node: 50
2025-12-26 06:15:04,422 - __main__ - INFO -    Client 26 -> head (1df407bd0266...), Node CPUs: 64.0, Clients on node: 50
2025-12-26 06:15:04,422 - __main__ - INFO -    Client 27 -> head (1df407bd0266...), Node CPUs: 64.0, Clients on node: 50
2025-12-26 06:15:04,423 - __main__ - INFO -    Client 28 -> head (1df407bd0266...), Node CPUs: 64.0, Clients on node: 50
2025-12-26 06:15:04,423 - __main__ - INFO -    Client 29 -> head (1df407bd0266...), Node CPUs: 64.0, Clients on node: 50
2025-12-26 06:15:04,423 - __main__ - INFO -    Client 30 -> head (1df407bd0266...), Node CPUs: 64.0, Clients on node: 50
2025-12-26 06:15:04,424 - __main__ - INFO -    Client 31 -> head (1df407bd0266...), Node CPUs: 64.0, Clients on node: 50
2025-12-26 06:15:04,424 - __main__ - INFO -    Client 32 -> head (1df407bd0266...), Node CPUs: 64.0, Clients on node: 50
2025-12-26 06:15:04,425 - __main__ - INFO -    Client 33 -> head (1df407bd0266...), Node CPUs: 64.0, Clients on node: 50
2025-12-26 06:15:04,425 - __main__ - INFO -    Client 34 -> head (1df407bd0266...), Node CPUs: 64.0, Clients on node: 50
2025-12-26 06:15:04,426 - __main__ - INFO -    Client 35 -> head (1df407bd0266...), Node CPUs: 64.0, Clients on node: 50
2025-12-26 06:15:04,426 - __main__ - INFO -    Client 36 -> head (1df407bd0266...), Node CPUs: 64.0, Clients on node: 50
2025-12-26 06:15:04,426 - __main__ - INFO -    Client 37 -> head (1df407bd0266...), Node CPUs: 64.0, Clients on node: 50
2025-12-26 06:15:04,427 - __main__ - INFO -    Client 38 -> head (1df407bd0266...), Node CPUs: 64.0, Clients on node: 50
2025-12-26 06:15:04,427 - __main__ - INFO -    Client 39 -> head (1df407bd0266...), Node CPUs: 64.0, Clients on node: 50
2025-12-26 06:15:04,428 - __main__ - INFO -    Client 40 -> head (1df407bd0266...), Node CPUs: 64.0, Clients on node: 50
2025-12-26 06:15:04,428 - __main__ - INFO -    Client 41 -> head (1df407bd0266...), Node CPUs: 64.0, Clients on node: 50
2025-12-26 06:15:04,428 - __main__ - INFO -    Client 42 -> head (1df407bd0266...), Node CPUs: 64.0, Clients on node: 50
2025-12-26 06:15:04,429 - __main__ - INFO -    Client 43 -> head (1df407bd0266...), Node CPUs: 64.0, Clients on node: 50
2025-12-26 06:15:04,429 - __main__ - INFO -    Client 44 -> head (1df407bd0266...), Node CPUs: 64.0, Clients on node: 50
2025-12-26 06:15:04,430 - __main__ - INFO -    Client 45 -> head (1df407bd0266...), Node CPUs: 64.0, Clients on node: 50
2025-12-26 06:15:04,430 - __main__ - INFO -    Client 46 -> head (1df407bd0266...), Node CPUs: 64.0, Clients on node: 50
2025-12-26 06:15:04,431 - __main__ - INFO -    Client 47 -> head (1df407bd0266...), Node CPUs: 64.0, Clients on node: 50
2025-12-26 06:15:04,431 - __main__ - INFO -    Client 48 -> head (1df407bd0266...), Node CPUs: 64.0, Clients on node: 50
2025-12-26 06:15:04,431 - __main__ - INFO -    Client 49 -> head (1df407bd0266...), Node CPUs: 64.0, Clients on node: 50
2025-12-26 06:15:04,432 - __main__ - INFO -    Client 50 -> head (1df407bd0266...), Node CPUs: 64.0, Clients on node: 50
2025-12-26 06:15:04,432 - __main__ - INFO - 🔧 Client 1 resources: num_cpus=1.1120, num_gpus=0.0731, memory=2.00GB
2025-12-26 06:15:04,534 - __main__ - INFO - ✅ Client 1 (smartphone) started on head node (1df407bd0266...)
2025-12-26 06:15:07,538 - __main__ - INFO - 🔧 Client 2 resources: num_cpus=1.1120, num_gpus=0.0731, memory=2.00GB
2025-12-26 06:15:07,619 - __main__ - INFO - ✅ Client 2 (smartphone) started on head node (1df407bd0266...)
2025-12-26 06:15:10,624 - __main__ - INFO - 🔧 Client 3 resources: num_cpus=1.1120, num_gpus=0.0731, memory=2.00GB
2025-12-26 06:15:10,708 - __main__ - INFO - ✅ Client 3 (smartphone) started on head node (1df407bd0266...)
2025-12-26 06:15:13,712 - __main__ - INFO - 🔧 Client 4 resources: num_cpus=1.1120, num_gpus=0.0731, memory=2.00GB
2025-12-26 06:15:13,799 - __main__ - INFO - ✅ Client 4 (smartphone) started on head node (1df407bd0266...)
2025-12-26 06:15:16,803 - __main__ - INFO - 🔧 Client 5 resources: num_cpus=1.1120, num_gpus=0.0731, memory=2.00GB
2025-12-26 06:15:16,885 - __main__ - INFO - ✅ Client 5 (smartphone) started on head node (1df407bd0266...)
2025-12-26 06:15:19,889 - __main__ - INFO - 🔧 Client 6 resources: num_cpus=1.1120, num_gpus=0.0731, memory=2.00GB
2025-12-26 06:15:19,982 - __main__ - INFO - ✅ Client 6 (smartphone) started on head node (1df407bd0266...)
2025-12-26 06:15:22,985 - __main__ - INFO - 🔧 Client 7 resources: num_cpus=1.1120, num_gpus=0.0731, memory=2.00GB
2025-12-26 06:15:23,075 - __main__ - INFO - ✅ Client 7 (smartphone) started on head node (1df407bd0266...)
2025-12-26 06:15:26,077 - __main__ - INFO - 🔧 Client 8 resources: num_cpus=1.1120, num_gpus=0.0731, memory=2.00GB
2025-12-26 06:15:26,168 - __main__ - INFO - ✅ Client 8 (smartphone) started on head node (1df407bd0266...)
2025-12-26 06:15:29,172 - __main__ - INFO - 🔧 Client 9 resources: num_cpus=1.1120, num_gpus=0.0731, memory=2.00GB
2025-12-26 06:15:29,256 - __main__ - INFO - ✅ Client 9 (smartphone) started on head node (1df407bd0266...)
2025-12-26 06:15:32,259 - __main__ - INFO - 🔧 Client 10 resources: num_cpus=1.1120, num_gpus=0.0731, memory=2.00GB
2025-12-26 06:15:32,346 - __main__ - INFO - ✅ Client 10 (smartphone) started on head node (1df407bd0266...)
2025-12-26 06:15:35,350 - __main__ - INFO - 🔧 Client 11 resources: num_cpus=1.1120, num_gpus=0.0731, memory=2.00GB
2025-12-26 06:15:35,433 - __main__ - INFO - ✅ Client 11 (smartphone) started on head node (1df407bd0266...)
2025-12-26 06:15:38,437 - __main__ - INFO - 🔧 Client 12 resources: num_cpus=1.1120, num_gpus=0.0731, memory=2.00GB
2025-12-26 06:15:38,540 - __main__ - INFO - ✅ Client 12 (smartphone) started on head node (1df407bd0266...)
2025-12-26 06:15:41,543 - __main__ - INFO - 🔧 Client 13 resources: num_cpus=1.1120, num_gpus=0.0731, memory=2.00GB
2025-12-26 06:15:41,630 - __main__ - INFO - ✅ Client 13 (smartphone) started on head node (1df407bd0266...)
2025-12-26 06:15:44,634 - __main__ - INFO - 🔧 Client 14 resources: num_cpus=1.1120, num_gpus=0.0731, memory=2.00GB
2025-12-26 06:15:44,720 - __main__ - INFO - ✅ Client 14 (smartphone) started on head node (1df407bd0266...)
2025-12-26 06:15:47,721 - __main__ - INFO - 🔧 Client 15 resources: num_cpus=1.1120, num_gpus=0.0731, memory=2.00GB
2025-12-26 06:15:47,806 - __main__ - INFO - ✅ Client 15 (smartphone) started on head node (1df407bd0266...)
2025-12-26 06:15:50,810 - __main__ - INFO - 🔧 Client 16 resources: num_cpus=1.1120, num_gpus=0.0731, memory=2.00GB
2025-12-26 06:15:50,896 - __main__ - INFO - ✅ Client 16 (smartphone) started on head node (1df407bd0266...)
2025-12-26 06:15:53,900 - __main__ - INFO - 🔧 Client 17 resources: num_cpus=1.1120, num_gpus=0.0731, memory=2.00GB
2025-12-26 06:15:53,984 - __main__ - INFO - ✅ Client 17 (smartphone) started on head node (1df407bd0266...)
2025-12-26 06:15:56,988 - __main__ - INFO - 🔧 Client 18 resources: num_cpus=1.1120, num_gpus=0.0731, memory=2.00GB
2025-12-26 06:15:57,076 - __main__ - INFO - ✅ Client 18 (smartphone) started on head node (1df407bd0266...)
2025-12-26 06:16:00,079 - __main__ - INFO - 🔧 Client 19 resources: num_cpus=1.1120, num_gpus=0.0731, memory=2.00GB
2025-12-26 06:16:00,162 - __main__ - INFO - ✅ Client 19 (smartphone) started on head node (1df407bd0266...)
2025-12-26 06:16:03,166 - __main__ - INFO - 🔧 Client 20 resources: num_cpus=1.1120, num_gpus=0.0731, memory=2.00GB
2025-12-26 06:16:03,248 - __main__ - INFO - ✅ Client 20 (smartphone) started on head node (1df407bd0266...)
2025-12-26 06:16:06,252 - __main__ - INFO - 🔧 Client 21 resources: num_cpus=1.1120, num_gpus=0.0731, memory=2.00GB
2025-12-26 06:16:06,344 - __main__ - INFO - ✅ Client 21 (smartphone) started on head node (1df407bd0266...)
2025-12-26 06:16:09,347 - __main__ - INFO - 🔧 Client 22 resources: num_cpus=1.1120, num_gpus=0.0731, memory=2.00GB
2025-12-26 06:16:09,441 - __main__ - INFO - ✅ Client 22 (smartphone) started on head node (1df407bd0266...)
2025-12-26 06:16:12,445 - __main__ - INFO - 🔧 Client 23 resources: num_cpus=1.1120, num_gpus=0.0731, memory=2.00GB
2025-12-26 06:16:12,534 - __main__ - INFO - ✅ Client 23 (smartphone) started on head node (1df407bd0266...)
2025-12-26 06:16:15,538 - __main__ - INFO - 🔧 Client 24 resources: num_cpus=1.1120, num_gpus=0.0731, memory=2.00GB
2025-12-26 06:16:15,623 - __main__ - INFO - ✅ Client 24 (smartphone) started on head node (1df407bd0266...)
2025-12-26 06:16:18,627 - __main__ - INFO - 🔧 Client 25 resources: num_cpus=1.1120, num_gpus=0.0731, memory=2.00GB
2025-12-26 06:16:18,716 - __main__ - INFO - ✅ Client 25 (smartphone) started on head node (1df407bd0266...)
2025-12-26 06:16:21,720 - __main__ - INFO - 🔧 Client 26 resources: num_cpus=1.1120, num_gpus=0.0731, memory=2.00GB
2025-12-26 06:16:21,810 - __main__ - INFO - ✅ Client 26 (smartphone) started on head node (1df407bd0266...)
2025-12-26 06:16:24,814 - __main__ - INFO - 🔧 Client 27 resources: num_cpus=1.1120, num_gpus=0.0731, memory=2.00GB
2025-12-26 06:16:24,899 - __main__ - INFO - ✅ Client 27 (smartphone) started on head node (1df407bd0266...)
2025-12-26 06:16:27,903 - __main__ - INFO - 🔧 Client 28 resources: num_cpus=1.1120, num_gpus=0.0731, memory=2.00GB
2025-12-26 06:16:27,995 - __main__ - INFO - ✅ Client 28 (smartphone) started on head node (1df407bd0266...)
2025-12-26 06:16:30,999 - __main__ - INFO - 🔧 Client 29 resources: num_cpus=1.1120, num_gpus=0.0731, memory=2.00GB
2025-12-26 06:16:31,089 - __main__ - INFO - ✅ Client 29 (smartphone) started on head node (1df407bd0266...)
2025-12-26 06:16:34,093 - __main__ - INFO - 🔧 Client 30 resources: num_cpus=1.1120, num_gpus=0.0731, memory=2.00GB
2025-12-26 06:16:34,179 - __main__ - INFO - ✅ Client 30 (smartphone) started on head node (1df407bd0266...)
2025-12-26 06:16:37,183 - __main__ - INFO - 🔧 Client 31 resources: num_cpus=1.1120, num_gpus=0.0731, memory=2.00GB
2025-12-26 06:16:37,272 - __main__ - INFO - ✅ Client 31 (smartphone) started on head node (1df407bd0266...)
2025-12-26 06:16:40,276 - __main__ - INFO - 🔧 Client 32 resources: num_cpus=1.1120, num_gpus=0.0731, memory=2.00GB
2025-12-26 06:16:40,356 - __main__ - INFO - ✅ Client 32 (smartphone) started on head node (1df407bd0266...)
2025-12-26 06:16:43,360 - __main__ - INFO - 🔧 Client 33 resources: num_cpus=1.1120, num_gpus=0.0731, memory=2.00GB
2025-12-26 06:16:43,446 - __main__ - INFO - ✅ Client 33 (smartphone) started on head node (1df407bd0266...)
2025-12-26 06:16:46,450 - __main__ - INFO - 🔧 Client 34 resources: num_cpus=1.1120, num_gpus=0.0731, memory=2.00GB
2025-12-26 06:16:46,542 - __main__ - INFO - ✅ Client 34 (smartphone) started on head node (1df407bd0266...)
2025-12-26 06:16:49,546 - __main__ - INFO - 🔧 Client 35 resources: num_cpus=1.1120, num_gpus=0.0731, memory=2.00GB
2025-12-26 06:16:49,636 - __main__ - INFO - ✅ Client 35 (smartphone) started on head node (1df407bd0266...)
2025-12-26 06:16:52,641 - __main__ - INFO - 🔧 Client 36 resources: num_cpus=1.1120, num_gpus=0.0731, memory=2.00GB
2025-12-26 06:16:52,736 - __main__ - INFO - ✅ Client 36 (smartphone) started on head node (1df407bd0266...)
2025-12-26 06:16:55,740 - __main__ - INFO - 🔧 Client 37 resources: num_cpus=1.1120, num_gpus=0.0731, memory=2.00GB
2025-12-26 06:16:55,829 - __main__ - INFO - ✅ Client 37 (smartphone) started on head node (1df407bd0266...)
2025-12-26 06:16:58,831 - __main__ - INFO - 🔧 Client 38 resources: num_cpus=1.1120, num_gpus=0.0731, memory=2.00GB
2025-12-26 06:16:58,918 - __main__ - INFO - ✅ Client 38 (smartphone) started on head node (1df407bd0266...)
2025-12-26 06:17:01,922 - __main__ - INFO - 🔧 Client 39 resources: num_cpus=1.1120, num_gpus=0.0731, memory=2.00GB
2025-12-26 06:17:02,006 - __main__ - INFO - ✅ Client 39 (smartphone) started on head node (1df407bd0266...)
2025-12-26 06:17:05,010 - __main__ - INFO - 🔧 Client 40 resources: num_cpus=1.1120, num_gpus=0.0731, memory=2.00GB
2025-12-26 06:17:05,104 - __main__ - INFO - ✅ Client 40 (smartphone) started on head node (1df407bd0266...)
2025-12-26 06:17:08,105 - __main__ - INFO - 🔧 Client 41 resources: num_cpus=1.1120, num_gpus=0.0731, memory=2.00GB
2025-12-26 06:17:08,196 - __main__ - INFO - ✅ Client 41 (smartphone) started on head node (1df407bd0266...)
2025-12-26 06:17:11,200 - __main__ - INFO - 🔧 Client 42 resources: num_cpus=1.1120, num_gpus=0.0731, memory=2.00GB
2025-12-26 06:17:11,289 - __main__ - INFO - ✅ Client 42 (smartphone) started on head node (1df407bd0266...)
2025-12-26 06:17:14,293 - __main__ - INFO - 🔧 Client 43 resources: num_cpus=1.1120, num_gpus=0.0731, memory=2.00GB
2025-12-26 06:17:14,386 - __main__ - INFO - ✅ Client 43 (smartphone) started on head node (1df407bd0266...)
2025-12-26 06:17:17,387 - __main__ - INFO - 🔧 Client 44 resources: num_cpus=1.1120, num_gpus=0.0731, memory=2.00GB
2025-12-26 06:17:17,477 - __main__ - INFO - ✅ Client 44 (smartphone) started on head node (1df407bd0266...)
2025-12-26 06:17:20,481 - __main__ - INFO - 🔧 Client 45 resources: num_cpus=1.1120, num_gpus=0.0731, memory=2.00GB
2025-12-26 06:17:20,569 - __main__ - INFO - ✅ Client 45 (smartphone) started on head node (1df407bd0266...)
2025-12-26 06:17:23,573 - __main__ - INFO - 🔧 Client 46 resources: num_cpus=1.1120, num_gpus=0.0731, memory=2.00GB
2025-12-26 06:17:23,662 - __main__ - INFO - ✅ Client 46 (smartphone) started on head node (1df407bd0266...)
2025-12-26 06:17:26,665 - __main__ - INFO - 🔧 Client 47 resources: num_cpus=1.1120, num_gpus=0.0731, memory=2.00GB
2025-12-26 06:17:26,758 - __main__ - INFO - ✅ Client 47 (smartphone) started on head node (1df407bd0266...)
2025-12-26 06:17:29,762 - __main__ - INFO - 🔧 Client 48 resources: num_cpus=1.1120, num_gpus=0.0731, memory=2.00GB
2025-12-26 06:17:29,854 - __main__ - INFO - ✅ Client 48 (smartphone) started on head node (1df407bd0266...)
2025-12-26 06:17:32,858 - __main__ - INFO - 🔧 Client 49 resources: num_cpus=1.1120, num_gpus=0.0731, memory=2.00GB
2025-12-26 06:17:32,944 - __main__ - INFO - ✅ Client 49 (smartphone) started on head node (1df407bd0266...)
2025-12-26 06:17:35,946 - __main__ - INFO - 🔧 Client 50 resources: num_cpus=1.1120, num_gpus=0.0731, memory=2.00GB
2025-12-26 06:17:36,035 - __main__ - INFO - ✅ Client 50 (smartphone) started on head node (1df407bd0266...)
2025-12-26 06:17:39,038 - __main__ - INFO - ✅ 50/50 Docker clients started successfully
2025-12-26 06:17:39,038 - __main__ - INFO - ✅ All 50 clients have completed startup
2025-12-26 06:17:39,038 - __main__ - INFO - 📊 Starting training monitoring (999999999 seconds)...
2025-12-26 06:17:39,050 - __main__ - INFO - ⏰ 0s | Server: running (CPU) | Clients: 50 nodes (fractional GPU) | Ray GPU usage: 3.7/4.0 (91.4%)
2025-12-26 06:17:44,066 - __main__ - INFO - ⏰ 5s | Server: running (CPU) | Clients: 50 nodes (fractional GPU) | Ray GPU usage: 3.7/4.0 (91.4%)
2025-12-26 06:17:49,082 - __main__ - INFO - ⏰ 10s | Server: running (CPU) | Clients: 50 nodes (fractional GPU) | Ray GPU usage: 3.7/4.0 (91.4%)
2025-12-26 06:17:54,098 - __main__ - INFO - ⏰ 15s | Server: running (CPU) | Clients: 50 nodes (fractional GPU) | Ray GPU usage: 3.7/4.0 (91.4%)
2025-12-26 06:17:59,112 - __main__ - INFO - ⏰ 20s | Server: running (CPU) | Clients: 50 nodes (fractional GPU) | Ray GPU usage: 3.7/4.0 (91.4%)
2025-12-26 06:18:04,132 - __main__ - INFO - ⏰ 25s | Server: running (CPU) | Clients: 50 nodes (fractional GPU) | Ray GPU usage: 3.7/4.0 (91.4%)
2025-12-26 06:18:09,151 - __main__ - INFO - ⏰ 30s | Server: running (CPU) | Clients: 50 nodes (fractional GPU) | Ray GPU usage: 3.7/4.0 (91.4%)
2025-12-26 06:18:14,171 - __main__ - INFO - ⏰ 35s | Server: running (CPU) | Clients: 50 nodes (fractional GPU) | Ray GPU usage: 3.7/4.0 (91.4%)
2025-12-26 06:18:19,210 - __main__ - INFO - ⏰ 40s | Server: running (CPU) | Clients: 50 nodes (fractional GPU) | Ray GPU usage: 3.7/4.0 (91.4%)
2025-12-26 06:18:24,248 - __main__ - INFO - ⏰ 45s | Server: running (CPU) | Clients: 50 nodes (fractional GPU) | Ray GPU usage: 3.7/4.0 (91.4%)
2025-12-26 06:18:29,285 - __main__ - INFO - ⏰ 50s | Server: running (CPU) | Clients: 50 nodes (fractional GPU) | Ray GPU usage: 3.7/4.0 (91.4%)
2025-12-26 06:18:34,318 - __main__ - INFO - ⏰ 55s | Server: running (CPU) | Clients: 50 nodes (fractional GPU) | Ray GPU usage: 3.7/4.0 (91.4%)
2025-12-26 06:18:39,355 - __main__ - INFO - ⏰ 60s | Server: running (CPU) | Clients: 50 nodes (fractional GPU) | Ray GPU usage: 3.7/4.0 (91.4%)
2025-12-26 06:18:44,397 - __main__ - INFO - ⏰ 65s | Server: running (CPU) | Clients: 50 nodes (fractional GPU) | Ray GPU usage: 3.7/4.0 (91.4%)
2025-12-26 06:18:49,440 - __main__ - INFO - ⏰ 70s | Server: running (CPU) | Clients: 50 nodes (fractional GPU) | Ray GPU usage: 3.7/4.0 (91.4%)
2025-12-26 06:18:54,476 - __main__ - INFO - ⏰ 75s | Server: running (CPU) | Clients: 50 nodes (fractional GPU) | Ray GPU usage: 3.7/4.0 (91.4%)
2025-12-26 06:18:59,517 - __main__ - INFO - ⏰ 80s | Server: running (CPU) | Clients: 50 nodes (fractional GPU) | Ray GPU usage: 3.7/4.0 (91.4%)
2025-12-26 06:19:04,557 - __main__ - INFO - ⏰ 85s | Server: running (CPU) | Clients: 50 nodes (fractional GPU) | Ray GPU usage: 3.7/4.0 (91.4%)
2025-12-26 06:19:09,589 - __main__ - INFO - ⏰ 90s | Server: running (CPU) | Clients: 50 nodes (fractional GPU) | Ray GPU usage: 3.7/4.0 (91.4%)
2025-12-26 06:19:14,624 - __main__ - INFO - ⏰ 95s | Server: running (CPU) | Clients: 50 nodes (fractional GPU) | Ray GPU usage: 3.7/4.0 (91.4%)
2025-12-26 06:19:19,658 - __main__ - INFO - ⏰ 100s | Server: running (CPU) | Clients: 50 nodes (fractional GPU) | Ray GPU usage: 3.7/4.0 (91.4%)
2025-12-26 06:19:24,691 - __main__ - INFO - ⏰ 105s | Server: running (CPU) | Clients: 50 nodes (fractional GPU) | Ray GPU usage: 3.7/4.0 (91.4%)
2025-12-26 06:19:29,725 - __main__ - INFO - ⏰ 110s | Server: running (CPU) | Clients: 50 nodes (fractional GPU) | Ray GPU usage: 3.7/4.0 (91.4%)
2025-12-26 06:19:34,764 - __main__ - INFO - ⏰ 115s | Server: running (CPU) | Clients: 50 nodes (fractional GPU) | Ray GPU usage: 3.7/4.0 (91.4%)
2025-12-26 06:19:39,803 - __main__ - INFO - ⏰ 120s | Server: running (CPU) | Clients: 50 nodes (fractional GPU) | Ray GPU usage: 3.7/4.0 (91.4%)
2025-12-26 06:19:44,853 - __main__ - INFO - ⏰ 125s | Server: running (CPU) | Clients: 50 nodes (fractional GPU) | Ray GPU usage: 3.7/4.0 (91.4%)
2025-12-26 06:19:49,891 - __main__ - INFO - ⏰ 130s | Server: running (CPU) | Clients: 50 nodes (fractional GPU) | Ray GPU usage: 3.7/4.0 (91.4%)
2025-12-26 06:19:54,938 - __main__ - INFO - ⏰ 135s | Server: running (CPU) | Clients: 50 nodes (fractional GPU) | Ray GPU usage: 3.7/4.0 (91.4%)
2025-12-26 06:19:59,973 - __main__ - INFO - ⏰ 140s | Server: running (CPU) | Clients: 50 nodes (fractional GPU) | Ray GPU usage: 3.7/4.0 (91.4%)
2025-12-26 06:20:05,001 - __main__ - INFO - ⏰ 145s | Server: running (CPU) | Clients: 50 nodes (fractional GPU) | Ray GPU usage: 3.7/4.0 (91.4%)
2025-12-26 06:20:10,045 - __main__ - INFO - ⏰ 150s | Server: running (CPU) | Clients: 50 nodes (fractional GPU) | Ray GPU usage: 3.7/4.0 (91.4%)
2025-12-26 06:20:15,075 - __main__ - INFO - ⏰ 156s | Server: running (CPU) | Clients: 50 nodes (fractional GPU) | Ray GPU usage: 3.7/4.0 (91.4%)
2025-12-26 06:20:20,114 - __main__ - INFO - ⏰ 161s | Server: running (CPU) | Clients: 50 nodes (fractional GPU) | Ray GPU usage: 3.7/4.0 (91.4%)
2025-12-26 06:20:25,185 - __main__ - INFO - ⏰ 166s | Server: running (CPU) | Clients: 50 nodes (fractional GPU) | Ray GPU usage: 3.7/4.0 (91.4%)
2025-12-26 06:20:30,229 - __main__ - INFO - ⏰ 171s | Server: running (CPU) | Clients: 50 nodes (fractional GPU) | Ray GPU usage: 3.7/4.0 (91.4%)
2025-12-26 06:20:35,259 - __main__ - INFO - ⏰ 176s | Server: running (CPU) | Clients: 50 nodes (fractional GPU) | Ray GPU usage: 3.7/4.0 (91.4%)
2025-12-26 06:20:40,298 - __main__ - INFO - ⏰ 181s | Server: running (CPU) | Clients: 50 nodes (fractional GPU) | Ray GPU usage: 3.7/4.0 (91.4%)
2025-12-26 06:20:45,329 - __main__ - INFO - ⏰ 186s | Server: running (CPU) | Clients: 50 nodes (fractional GPU) | Ray GPU usage: 3.7/4.0 (91.4%)
2025-12-26 06:20:50,357 - __main__ - INFO - ⏰ 191s | Server: running (CPU) | Clients: 50 nodes (fractional GPU) | Ray GPU usage: 3.7/4.0 (91.4%)
2025-12-26 06:20:55,376 - __main__ - INFO - ⏰ 196s | Server: running (CPU) | Clients: 50 nodes (fractional GPU) | Ray GPU usage: 3.7/4.0 (91.4%)
2025-12-26 06:21:00,397 - __main__ - INFO - ⏰ 201s | Server: running (CPU) | Clients: 50 nodes (fractional GPU) | Ray GPU usage: 3.7/4.0 (91.4%)
2025-12-26 06:21:05,414 - __main__ - INFO - ⏰ 206s | Server: running (CPU) | Clients: 50 nodes (fractional GPU) | Ray GPU usage: 3.7/4.0 (91.4%)
2025-12-26 06:21:10,435 - __main__ - INFO - ⏰ 211s | Server: running (CPU) | Clients: 50 nodes (fractional GPU) | Ray GPU usage: 3.7/4.0 (91.4%)
2025-12-26 06:21:15,452 - __main__ - INFO - ⏰ 216s | Server: running (CPU) | Clients: 50 nodes (fractional GPU) | Ray GPU usage: 3.7/4.0 (91.4%)
2025-12-26 06:21:20,469 - __main__ - INFO - ⏰ 221s | Server: running (CPU) | Clients: 50 nodes (fractional GPU) | Ray GPU usage: 3.7/4.0 (91.4%)
2025-12-26 06:21:25,485 - __main__ - INFO - ⏰ 226s | Server: running (CPU) | Clients: 50 nodes (fractional GPU) | Ray GPU usage: 3.7/4.0 (91.4%)
2025-12-26 06:21:30,500 - __main__ - INFO - ⏰ 231s | Server: running (CPU) | Clients: 50 nodes (fractional GPU) | Ray GPU usage: 3.7/4.0 (91.4%)
2025-12-26 06:21:35,515 - __main__ - INFO - ⏰ 236s | Server: running (CPU) | Clients: 50 nodes (fractional GPU) | Ray GPU usage: 3.7/4.0 (91.4%)
2025-12-26 06:21:40,530 - __main__ - INFO - ⏰ 241s | Server: running (CPU) | Clients: 50 nodes (fractional GPU) | Ray GPU usage: 3.7/4.0 (91.4%)
2025-12-26 06:21:45,545 - __main__ - INFO - ⏰ 246s | Server: running (CPU) | Clients: 50 nodes (fractional GPU) | Ray GPU usage: 3.7/4.0 (91.4%)
2025-12-26 06:21:50,561 - __main__ - INFO - ⏰ 251s | Server: running (CPU) | Clients: 50 nodes (fractional GPU) | Ray GPU usage: 3.7/4.0 (91.4%)
2025-12-26 06:21:55,575 - __main__ - INFO - ⏰ 256s | Server: running (CPU) | Clients: 50 nodes (fractional GPU) | Ray GPU usage: 3.7/4.0 (91.4%)
2025-12-26 06:22:00,591 - __main__ - INFO - ⏰ 261s | Server: running (CPU) | Clients: 50 nodes (fractional GPU) | Ray GPU usage: 3.7/4.0 (91.4%)
2025-12-26 06:22:05,606 - __main__ - INFO - ⏰ 266s | Server: running (CPU) | Clients: 50 nodes (fractional GPU) | Ray GPU usage: 3.7/4.0 (91.4%)
2025-12-26 06:22:10,622 - __main__ - INFO - ⏰ 271s | Server: running (CPU) | Clients: 50 nodes (fractional GPU) | Ray GPU usage: 3.7/4.0 (91.4%)
2025-12-26 06:22:15,638 - __main__ - INFO - ⏰ 276s | Server: running (CPU) | Clients: 50 nodes (fractional GPU) | Ray GPU usage: 3.7/4.0 (91.4%)
2025-12-26 06:22:20,653 - __main__ - INFO - ⏰ 281s | Server: running (CPU) | Clients: 50 nodes (fractional GPU) | Ray GPU usage: 3.7/4.0 (91.4%)
2025-12-26 06:22:25,667 - __main__ - INFO - ⏰ 286s | Server: running (CPU) | Clients: 50 nodes (fractional GPU) | Ray GPU usage: 3.7/4.0 (91.4%)
2025-12-26 06:22:30,682 - __main__ - INFO - ⏰ 291s | Server: running (CPU) | Clients: 50 nodes (fractional GPU) | Ray GPU usage: 3.7/4.0 (91.4%)
2025-12-26 06:22:35,697 - __main__ - INFO - ⏰ 296s | Server: running (CPU) | Clients: 50 nodes (fractional GPU) | Ray GPU usage: 3.7/4.0 (91.4%)
2025-12-26 06:22:40,711 - __main__ - INFO - ⏰ 301s | Server: running (CPU) | Clients: 50 nodes (fractional GPU) | Ray GPU usage: 3.7/4.0 (91.4%)
2025-12-26 06:22:45,726 - __main__ - INFO - ⏰ 306s | Server: running (CPU) | Clients: 50 nodes (fractional GPU) | Ray GPU usage: 3.7/4.0 (91.4%)
2025-12-26 06:22:50,741 - __main__ - INFO - ⏰ 311s | Server: running (CPU) | Clients: 50 nodes (fractional GPU) | Ray GPU usage: 3.7/4.0 (91.4%)
2025-12-26 06:22:55,755 - __main__ - INFO - ⏰ 316s | Server: running (CPU) | Clients: 50 nodes (fractional GPU) | Ray GPU usage: 3.7/4.0 (91.4%)
2025-12-26 06:23:00,771 - __main__ - INFO - ⏰ 321s | Server: running (CPU) | Clients: 50 nodes (fractional GPU) | Ray GPU usage: 3.7/4.0 (91.4%)
2025-12-26 06:23:05,786 - __main__ - INFO - ⏰ 326s | Server: running (CPU) | Clients: 50 nodes (fractional GPU) | Ray GPU usage: 3.7/4.0 (91.4%)
2025-12-26 06:23:10,801 - __main__ - INFO - ⏰ 331s | Server: running (CPU) | Clients: 50 nodes (fractional GPU) | Ray GPU usage: 3.7/4.0 (91.4%)
2025-12-26 06:23:15,816 - __main__ - INFO - ⏰ 336s | Server: running (CPU) | Clients: 50 nodes (fractional GPU) | Ray GPU usage: 3.7/4.0 (91.4%)
2025-12-26 06:23:20,831 - __main__ - INFO - ⏰ 341s | Server: running (CPU) | Clients: 50 nodes (fractional GPU) | Ray GPU usage: 3.7/4.0 (91.4%)
2025-12-26 06:23:25,846 - __main__ - INFO - ⏰ 346s | Server: running (CPU) | Clients: 50 nodes (fractional GPU) | Ray GPU usage: 3.7/4.0 (91.4%)
2025-12-26 06:23:30,861 - __main__ - INFO - ⏰ 351s | Server: running (CPU) | Clients: 50 nodes (fractional GPU) | Ray GPU usage: 3.7/4.0 (91.4%)
2025-12-26 06:23:35,876 - __main__ - INFO - ⏰ 356s | Server: running (CPU) | Clients: 50 nodes (fractional GPU) | Ray GPU usage: 3.7/4.0 (91.4%)
2025-12-26 06:23:40,892 - __main__ - INFO - ⏰ 361s | Server: running (CPU) | Clients: 50 nodes (fractional GPU) | Ray GPU usage: 3.7/4.0 (91.4%)
2025-12-26 06:23:45,910 - __main__ - INFO - ⏰ 366s | Server: running (CPU) | Clients: 50 nodes (fractional GPU) | Ray GPU usage: 3.7/4.0 (91.4%)
2025-12-26 06:23:50,923 - __main__ - INFO - ⏰ 371s | Server: running (CPU) | Clients: 50 nodes (fractional GPU) | Ray GPU usage: 3.7/4.0 (91.4%)
2025-12-26 06:23:55,939 - __main__ - INFO - ⏰ 376s | Server: running (CPU) | Clients: 50 nodes (fractional GPU) | Ray GPU usage: 3.7/4.0 (91.4%)
2025-12-26 06:24:00,954 - __main__ - INFO - ⏰ 381s | Server: running (CPU) | Clients: 50 nodes (fractional GPU) | Ray GPU usage: 3.7/4.0 (91.4%)
slurmstepd-srv-it-node02: error: *** JOB 560 ON srv-it-node02 CANCELLED AT 2025-12-26T06:24:02 ***
