/home/naicheng_li/.conda/envs/flv2/lib/python3.10/site-packages/torch/cuda/__init__.py:174: UserWarning: CUDA initialization: CUDA driver initialization failed, you might not have a CUDA gpu. (Triggered internally at /pytorch/c10/cuda/CUDAFunctions.cpp:109.)
  return torch._C._cuda_getDeviceCount() > 0
/home/naicheng_li/.conda/envs/flv2/lib/python3.10/site-packages/torch/cuda/__init__.py:174: UserWarning: CUDA initialization: CUDA driver initialization failed, you might not have a CUDA gpu. (Triggered internally at /pytorch/c10/cuda/CUDAFunctions.cpp:109.)
  return torch._C._cuda_getDeviceCount() > 0
2025-12-27 04:47:55,586 - __main__ - INFO - 🚀 Start Ray V2 federated learning
2025-12-27 04:47:55,586 - __main__ - INFO - 📊 Configuration: 50 clients, 100 rounds training, total nodes: 51
2025-12-27 04:47:55,586 - __main__ - INFO - 🧹 Clean environment...
2025-12-27 04:47:57,485 - __main__ - INFO - 🗑️  Cleaned tmpfs chunk directory: /tmp/fl_chunks
2025-12-27 04:47:58,278 - __main__ - DEBUG - 🗑️  Cleaned mount directory (simple): /home/naicheng_li/FLTorrent/docker_data/tmp
2025-12-27 04:47:58,282 - __main__ - DEBUG - 🗑️  Cleaned mount directory (simple): /home/naicheng_li/FLTorrent/docker_data/app_tmp
2025-12-27 04:47:59,291 - __main__ - INFO - ✅ Environment cleanup completed
2025-12-27 04:47:59,291 - __main__ - INFO - 🚀 Applying host network optimizations for ultra-high concurrency...
2025-12-27 04:47:59,370 - __main__ - WARNING - ⚠️  22 network optimizations could not be applied (may need sudo access)
2025-12-27 04:47:59,370 - __main__ - DEBUG -    Failed: net.core.somaxconn - sudo: you do not exist in the passwd database
2025-12-27 04:47:59,371 - __main__ - DEBUG -    Failed: net.core.netdev_max_backlog - sudo: you do not exist in the passwd database
2025-12-27 04:47:59,371 - __main__ - DEBUG -    Failed: net.core.rmem_default - sudo: you do not exist in the passwd database
2025-12-27 04:47:59,371 - __main__ - WARNING - ⚠️  No host network optimizations applied! High-concurrency FL may experience issues.
2025-12-27 04:47:59,371 - __main__ - WARNING -    Consider running with sudo or contacting HPC admin to apply these settings.
2025-12-27 04:47:59,371 - __main__ - INFO - 🦭 Initializing Podman rootless environment...
2025-12-27 04:47:59,373 - __main__ - WARNING - ⚠️  Podman unavailable, trying Docker...
2025-12-27 04:47:59,373 - __main__ - INFO - 📦 Using non-container mode (Fallback)
2025-12-27 04:48:00,954 - __main__ - INFO - 🔍 Found available port for Ray dashboard: 8265
2025-12-27 04:48:01,058 - filelock - DEBUG - Attempting to acquire lock 139761873431008 on /home/naicheng_li/ray/session_2025-12-27_04-48-01_051234_1137484/node_ip_address.json.lock
2025-12-27 04:48:01,062 - filelock - DEBUG - Lock 139761873431008 acquired on /home/naicheng_li/ray/session_2025-12-27_04-48-01_051234_1137484/node_ip_address.json.lock
2025-12-27 04:48:01,065 - filelock - DEBUG - Attempting to release lock 139761873431008 on /home/naicheng_li/ray/session_2025-12-27_04-48-01_051234_1137484/node_ip_address.json.lock
2025-12-27 04:48:01,065 - filelock - DEBUG - Lock 139761873431008 released on /home/naicheng_li/ray/session_2025-12-27_04-48-01_051234_1137484/node_ip_address.json.lock
2025-12-27 04:48:01,066 - filelock - DEBUG - Attempting to acquire lock 139761873422560 on /home/naicheng_li/ray/session_2025-12-27_04-48-01_051234_1137484/ports_by_node.json.lock
2025-12-27 04:48:01,067 - filelock - DEBUG - Lock 139761873422560 acquired on /home/naicheng_li/ray/session_2025-12-27_04-48-01_051234_1137484/ports_by_node.json.lock
2025-12-27 04:48:01,073 - filelock - DEBUG - Attempting to release lock 139761873422560 on /home/naicheng_li/ray/session_2025-12-27_04-48-01_051234_1137484/ports_by_node.json.lock
2025-12-27 04:48:01,073 - filelock - DEBUG - Lock 139761873422560 released on /home/naicheng_li/ray/session_2025-12-27_04-48-01_051234_1137484/ports_by_node.json.lock
2025-12-27 04:48:01,073 - filelock - DEBUG - Attempting to acquire lock 139761873434080 on /home/naicheng_li/ray/session_2025-12-27_04-48-01_051234_1137484/ports_by_node.json.lock
2025-12-27 04:48:01,075 - filelock - DEBUG - Lock 139761873434080 acquired on /home/naicheng_li/ray/session_2025-12-27_04-48-01_051234_1137484/ports_by_node.json.lock
2025-12-27 04:48:01,077 - filelock - DEBUG - Attempting to release lock 139761873434080 on /home/naicheng_li/ray/session_2025-12-27_04-48-01_051234_1137484/ports_by_node.json.lock
2025-12-27 04:48:01,077 - filelock - DEBUG - Lock 139761873434080 released on /home/naicheng_li/ray/session_2025-12-27_04-48-01_051234_1137484/ports_by_node.json.lock
2025-12-27 04:48:01,077 - filelock - DEBUG - Attempting to acquire lock 139761873421840 on /home/naicheng_li/ray/session_2025-12-27_04-48-01_051234_1137484/ports_by_node.json.lock
2025-12-27 04:48:01,078 - filelock - DEBUG - Lock 139761873421840 acquired on /home/naicheng_li/ray/session_2025-12-27_04-48-01_051234_1137484/ports_by_node.json.lock
2025-12-27 04:48:01,079 - filelock - DEBUG - Attempting to release lock 139761873421840 on /home/naicheng_li/ray/session_2025-12-27_04-48-01_051234_1137484/ports_by_node.json.lock
2025-12-27 04:48:01,079 - filelock - DEBUG - Lock 139761873421840 released on /home/naicheng_li/ray/session_2025-12-27_04-48-01_051234_1137484/ports_by_node.json.lock
2025-12-27 04:48:01,080 - filelock - DEBUG - Attempting to acquire lock 139761873423808 on /home/naicheng_li/ray/session_2025-12-27_04-48-01_051234_1137484/ports_by_node.json.lock
2025-12-27 04:48:01,081 - filelock - DEBUG - Lock 139761873423808 acquired on /home/naicheng_li/ray/session_2025-12-27_04-48-01_051234_1137484/ports_by_node.json.lock
2025-12-27 04:48:01,082 - filelock - DEBUG - Attempting to release lock 139761873423808 on /home/naicheng_li/ray/session_2025-12-27_04-48-01_051234_1137484/ports_by_node.json.lock
2025-12-27 04:48:01,082 - filelock - DEBUG - Lock 139761873423808 released on /home/naicheng_li/ray/session_2025-12-27_04-48-01_051234_1137484/ports_by_node.json.lock
2025-12-27 04:48:01,082 - filelock - DEBUG - Attempting to acquire lock 139761873435568 on /home/naicheng_li/ray/session_2025-12-27_04-48-01_051234_1137484/ports_by_node.json.lock
2025-12-27 04:48:01,083 - filelock - DEBUG - Lock 139761873435568 acquired on /home/naicheng_li/ray/session_2025-12-27_04-48-01_051234_1137484/ports_by_node.json.lock
2025-12-27 04:48:01,084 - filelock - DEBUG - Attempting to release lock 139761873435568 on /home/naicheng_li/ray/session_2025-12-27_04-48-01_051234_1137484/ports_by_node.json.lock
2025-12-27 04:48:01,084 - filelock - DEBUG - Lock 139761873435568 released on /home/naicheng_li/ray/session_2025-12-27_04-48-01_051234_1137484/ports_by_node.json.lock
2025-12-27 04:48:04,636	INFO worker.py:1998 -- Started a local Ray instance. View the dashboard at [1m[32m10.0.0.3:8265 [39m[22m
/home/naicheng_li/.conda/envs/flv2/lib/python3.10/site-packages/ray/_private/worker.py:2046: FutureWarning: Tip: In future versions of Ray, Ray will no longer override accelerator visible devices env var if num_gpus=0 or num_gpus=None (default). To enable this behavior and turn off this error message, set RAY_ACCEL_ENV_VAR_OVERRIDE_ON_ZERO=0
  warnings.warn(
2025-12-27 04:48:06,730 - __main__ - INFO - 🚀 Ray cluster initialization completed:
2025-12-27 04:48:06,730 - __main__ - INFO -    📊 Resources: {'GPU': 2.0, 'object_store_memory': 438187168972.0, 'CPU': 128.0, 'accelerator_type:A100': 1.0, 'memory': 1161560095540.0, 'node:__internal_head__': 1.0, 'node:10.0.0.3': 1.0}
2025-12-27 04:48:06,730 - __main__ - INFO -    🌐 Dashboard: http://127.0.0.1:8265
2025-12-27 04:48:06,807 - __main__ - DEBUG - Found node: dbdd5aa26f70... IP: 10.0.0.3, Resources: {'object_store_memory': 438187168972.0, 'node:10.0.0.3': 1.0, 'node:__internal_head__': 1.0, 'memory': 1161560095540.0, 'accelerator_type:A100': 1.0, 'GPU': 2.0, 'CPU': 128.0}
2025-12-27 04:48:06,807 - __main__ - INFO - 🌐 Ray Cluster Topology:
2025-12-27 04:48:06,807 - __main__ - INFO -    📍 Head node: dbdd5aa26f70... (Server will run here)
2025-12-27 04:48:06,807 - __main__ - WARNING -    ⚠️ No worker nodes found! Clients will run on head node (not recommended)
2025-12-27 04:48:06,808 - __main__ - INFO - 🎮 Detected GPU type on node dbdd5aa26f70...: A100 -> 40.0GB per GPU
2025-12-27 04:48:06,808 - __main__ - INFO - 📍 Head node (dbdd5aa26f70...): 2.0 GPUs, 80.0GB total memory
2025-12-27 04:48:06,808 - __main__ - INFO - 📊 Total GPU memory across all nodes: 80.0GB
2025-12-27 04:48:06,808 - __main__ - INFO - 📊 Memory per client: 3.0GB → Max capacity: 26 clients
2025-12-27 04:48:06,808 - __main__ - WARNING - ⚠️ Node dbdd5aa26f70... assigned 50 clients but max capacity is 26
2025-12-27 04:48:06,808 - __main__ - INFO -    Node dbdd5aa26f70...: 50 clients (80.0GB / 50 = 1.6GB/client)
2025-12-27 04:48:06,809 - __main__ - INFO -    Node dbdd5aa26f70...: 2.0 GPU, 50 clients, max 25 clients/GPU -> 0.0380 GPU/client
2025-12-27 04:48:06,809 - __main__ - INFO - 🎯 GPU allocation summary: {'total_available_gpus': 2.0, 'total_allocated_gpus': 1.9, 'utilization_rate': '95.00%', 'server': 'CPU only', 'per_node_allocation': {'dbdd5aa26f70': {'count': 50, 'total_gpu': 1.900000000000001}}, 'gpu_clients': 50, 'cpu_clients': 0}
2025-12-27 04:48:06,809 - __main__ - INFO - 📋 Client distribution: 50 GPU clients, 0 CPU clients
2025-12-27 04:48:06,809 - __main__ - INFO - 🔌 Single-node mode detected - UDS can be enabled
2025-12-27 04:48:06,809 - __main__ - INFO - 📍 Server scheduled to head node: dbdd5aa26f70...
2025-12-27 04:48:06,843 - __main__ - INFO - 📦 Using Fallback (no container) for Server
2025-12-27 04:48:06,916 - __main__ - INFO - ✅ Server started: unix:///tmp/federatedscope_uds/server_59983.sock:59983
2025-12-27 04:48:21,933 - __main__ - INFO - 📱 Edge device distribution: {'smartphone': 50}
2025-12-27 04:48:21,933 - __main__ - INFO - 📊 Client distribution plan:
2025-12-27 04:48:21,933 - __main__ - INFO -    Client 1 -> head (dbdd5aa26f70...), Node CPUs: 128.0, Clients on node: 50
2025-12-27 04:48:21,934 - __main__ - INFO -    Client 2 -> head (dbdd5aa26f70...), Node CPUs: 128.0, Clients on node: 50
2025-12-27 04:48:21,935 - __main__ - INFO -    Client 3 -> head (dbdd5aa26f70...), Node CPUs: 128.0, Clients on node: 50
2025-12-27 04:48:21,935 - __main__ - INFO -    Client 4 -> head (dbdd5aa26f70...), Node CPUs: 128.0, Clients on node: 50
2025-12-27 04:48:21,935 - __main__ - INFO -    Client 5 -> head (dbdd5aa26f70...), Node CPUs: 128.0, Clients on node: 50
2025-12-27 04:48:21,936 - __main__ - INFO -    Client 6 -> head (dbdd5aa26f70...), Node CPUs: 128.0, Clients on node: 50
2025-12-27 04:48:21,936 - __main__ - INFO -    Client 7 -> head (dbdd5aa26f70...), Node CPUs: 128.0, Clients on node: 50
2025-12-27 04:48:21,937 - __main__ - INFO -    Client 8 -> head (dbdd5aa26f70...), Node CPUs: 128.0, Clients on node: 50
2025-12-27 04:48:21,937 - __main__ - INFO -    Client 9 -> head (dbdd5aa26f70...), Node CPUs: 128.0, Clients on node: 50
2025-12-27 04:48:21,937 - __main__ - INFO -    Client 10 -> head (dbdd5aa26f70...), Node CPUs: 128.0, Clients on node: 50
2025-12-27 04:48:21,938 - __main__ - INFO -    Client 11 -> head (dbdd5aa26f70...), Node CPUs: 128.0, Clients on node: 50
2025-12-27 04:48:21,938 - __main__ - INFO -    Client 12 -> head (dbdd5aa26f70...), Node CPUs: 128.0, Clients on node: 50
2025-12-27 04:48:21,939 - __main__ - INFO -    Client 13 -> head (dbdd5aa26f70...), Node CPUs: 128.0, Clients on node: 50
2025-12-27 04:48:21,939 - __main__ - INFO -    Client 14 -> head (dbdd5aa26f70...), Node CPUs: 128.0, Clients on node: 50
2025-12-27 04:48:21,940 - __main__ - INFO -    Client 15 -> head (dbdd5aa26f70...), Node CPUs: 128.0, Clients on node: 50
2025-12-27 04:48:21,940 - __main__ - INFO -    Client 16 -> head (dbdd5aa26f70...), Node CPUs: 128.0, Clients on node: 50
2025-12-27 04:48:21,941 - __main__ - INFO -    Client 17 -> head (dbdd5aa26f70...), Node CPUs: 128.0, Clients on node: 50
2025-12-27 04:48:21,941 - __main__ - INFO -    Client 18 -> head (dbdd5aa26f70...), Node CPUs: 128.0, Clients on node: 50
2025-12-27 04:48:21,942 - __main__ - INFO -    Client 19 -> head (dbdd5aa26f70...), Node CPUs: 128.0, Clients on node: 50
2025-12-27 04:48:21,942 - __main__ - INFO -    Client 20 -> head (dbdd5aa26f70...), Node CPUs: 128.0, Clients on node: 50
2025-12-27 04:48:21,942 - __main__ - INFO -    Client 21 -> head (dbdd5aa26f70...), Node CPUs: 128.0, Clients on node: 50
2025-12-27 04:48:21,943 - __main__ - INFO -    Client 22 -> head (dbdd5aa26f70...), Node CPUs: 128.0, Clients on node: 50
2025-12-27 04:48:21,943 - __main__ - INFO -    Client 23 -> head (dbdd5aa26f70...), Node CPUs: 128.0, Clients on node: 50
2025-12-27 04:48:21,944 - __main__ - INFO -    Client 24 -> head (dbdd5aa26f70...), Node CPUs: 128.0, Clients on node: 50
2025-12-27 04:48:21,944 - __main__ - INFO -    Client 25 -> head (dbdd5aa26f70...), Node CPUs: 128.0, Clients on node: 50
2025-12-27 04:48:21,944 - __main__ - INFO -    Client 26 -> head (dbdd5aa26f70...), Node CPUs: 128.0, Clients on node: 50
2025-12-27 04:48:21,945 - __main__ - INFO -    Client 27 -> head (dbdd5aa26f70...), Node CPUs: 128.0, Clients on node: 50
2025-12-27 04:48:21,945 - __main__ - INFO -    Client 28 -> head (dbdd5aa26f70...), Node CPUs: 128.0, Clients on node: 50
2025-12-27 04:48:21,946 - __main__ - INFO -    Client 29 -> head (dbdd5aa26f70...), Node CPUs: 128.0, Clients on node: 50
2025-12-27 04:48:21,946 - __main__ - INFO -    Client 30 -> head (dbdd5aa26f70...), Node CPUs: 128.0, Clients on node: 50
2025-12-27 04:48:21,946 - __main__ - INFO -    Client 31 -> head (dbdd5aa26f70...), Node CPUs: 128.0, Clients on node: 50
2025-12-27 04:48:21,947 - __main__ - INFO -    Client 32 -> head (dbdd5aa26f70...), Node CPUs: 128.0, Clients on node: 50
2025-12-27 04:48:21,947 - __main__ - INFO -    Client 33 -> head (dbdd5aa26f70...), Node CPUs: 128.0, Clients on node: 50
2025-12-27 04:48:21,948 - __main__ - INFO -    Client 34 -> head (dbdd5aa26f70...), Node CPUs: 128.0, Clients on node: 50
2025-12-27 04:48:21,948 - __main__ - INFO -    Client 35 -> head (dbdd5aa26f70...), Node CPUs: 128.0, Clients on node: 50
2025-12-27 04:48:21,948 - __main__ - INFO -    Client 36 -> head (dbdd5aa26f70...), Node CPUs: 128.0, Clients on node: 50
2025-12-27 04:48:21,949 - __main__ - INFO -    Client 37 -> head (dbdd5aa26f70...), Node CPUs: 128.0, Clients on node: 50
2025-12-27 04:48:21,949 - __main__ - INFO -    Client 38 -> head (dbdd5aa26f70...), Node CPUs: 128.0, Clients on node: 50
2025-12-27 04:48:21,949 - __main__ - INFO -    Client 39 -> head (dbdd5aa26f70...), Node CPUs: 128.0, Clients on node: 50
2025-12-27 04:48:21,950 - __main__ - INFO -    Client 40 -> head (dbdd5aa26f70...), Node CPUs: 128.0, Clients on node: 50
2025-12-27 04:48:21,950 - __main__ - INFO -    Client 41 -> head (dbdd5aa26f70...), Node CPUs: 128.0, Clients on node: 50
2025-12-27 04:48:21,951 - __main__ - INFO -    Client 42 -> head (dbdd5aa26f70...), Node CPUs: 128.0, Clients on node: 50
2025-12-27 04:48:21,951 - __main__ - INFO -    Client 43 -> head (dbdd5aa26f70...), Node CPUs: 128.0, Clients on node: 50
2025-12-27 04:48:21,951 - __main__ - INFO -    Client 44 -> head (dbdd5aa26f70...), Node CPUs: 128.0, Clients on node: 50
2025-12-27 04:48:21,952 - __main__ - INFO -    Client 45 -> head (dbdd5aa26f70...), Node CPUs: 128.0, Clients on node: 50
2025-12-27 04:48:21,952 - __main__ - INFO -    Client 46 -> head (dbdd5aa26f70...), Node CPUs: 128.0, Clients on node: 50
2025-12-27 04:48:21,952 - __main__ - INFO -    Client 47 -> head (dbdd5aa26f70...), Node CPUs: 128.0, Clients on node: 50
2025-12-27 04:48:21,953 - __main__ - INFO -    Client 48 -> head (dbdd5aa26f70...), Node CPUs: 128.0, Clients on node: 50
2025-12-27 04:48:21,953 - __main__ - INFO -    Client 49 -> head (dbdd5aa26f70...), Node CPUs: 128.0, Clients on node: 50
2025-12-27 04:48:21,953 - __main__ - INFO -    Client 50 -> head (dbdd5aa26f70...), Node CPUs: 128.0, Clients on node: 50
2025-12-27 04:48:21,954 - __main__ - INFO - 🔧 Client 1 resources: num_cpus=2.2640, num_gpus=0.0380, memory=2.00GB
2025-12-27 04:48:22,048 - __main__ - INFO - ✅ Client 1 (smartphone) started on head node (dbdd5aa26f70...)
2025-12-27 04:48:25,052 - __main__ - INFO - 🔧 Client 2 resources: num_cpus=2.2640, num_gpus=0.0380, memory=2.00GB
2025-12-27 04:48:25,137 - __main__ - INFO - ✅ Client 2 (smartphone) started on head node (dbdd5aa26f70...)
2025-12-27 04:48:28,138 - __main__ - INFO - 🔧 Client 3 resources: num_cpus=2.2640, num_gpus=0.0380, memory=2.00GB
2025-12-27 04:48:28,220 - __main__ - INFO - ✅ Client 3 (smartphone) started on head node (dbdd5aa26f70...)
2025-12-27 04:48:31,224 - __main__ - INFO - 🔧 Client 4 resources: num_cpus=2.2640, num_gpus=0.0380, memory=2.00GB
2025-12-27 04:48:31,306 - __main__ - INFO - ✅ Client 4 (smartphone) started on head node (dbdd5aa26f70...)
2025-12-27 04:48:34,310 - __main__ - INFO - 🔧 Client 5 resources: num_cpus=2.2640, num_gpus=0.0380, memory=2.00GB
2025-12-27 04:48:34,394 - __main__ - INFO - ✅ Client 5 (smartphone) started on head node (dbdd5aa26f70...)
2025-12-27 04:48:37,398 - __main__ - INFO - 🔧 Client 6 resources: num_cpus=2.2640, num_gpus=0.0380, memory=2.00GB
2025-12-27 04:48:37,479 - __main__ - INFO - ✅ Client 6 (smartphone) started on head node (dbdd5aa26f70...)
2025-12-27 04:48:40,484 - __main__ - INFO - 🔧 Client 7 resources: num_cpus=2.2640, num_gpus=0.0380, memory=2.00GB
2025-12-27 04:48:40,566 - __main__ - INFO - ✅ Client 7 (smartphone) started on head node (dbdd5aa26f70...)
2025-12-27 04:48:43,571 - __main__ - INFO - 🔧 Client 8 resources: num_cpus=2.2640, num_gpus=0.0380, memory=2.00GB
2025-12-27 04:48:43,651 - __main__ - INFO - ✅ Client 8 (smartphone) started on head node (dbdd5aa26f70...)
2025-12-27 04:48:46,655 - __main__ - INFO - 🔧 Client 9 resources: num_cpus=2.2640, num_gpus=0.0380, memory=2.00GB
2025-12-27 04:48:46,738 - __main__ - INFO - ✅ Client 9 (smartphone) started on head node (dbdd5aa26f70...)
2025-12-27 04:48:49,742 - __main__ - INFO - 🔧 Client 10 resources: num_cpus=2.2640, num_gpus=0.0380, memory=2.00GB
2025-12-27 04:48:49,824 - __main__ - INFO - ✅ Client 10 (smartphone) started on head node (dbdd5aa26f70...)
2025-12-27 04:48:52,829 - __main__ - INFO - 🔧 Client 11 resources: num_cpus=2.2640, num_gpus=0.0380, memory=2.00GB
2025-12-27 04:48:52,913 - __main__ - INFO - ✅ Client 11 (smartphone) started on head node (dbdd5aa26f70...)
2025-12-27 04:48:55,917 - __main__ - INFO - 🔧 Client 12 resources: num_cpus=2.2640, num_gpus=0.0380, memory=2.00GB
2025-12-27 04:48:56,000 - __main__ - INFO - ✅ Client 12 (smartphone) started on head node (dbdd5aa26f70...)
2025-12-27 04:48:59,004 - __main__ - INFO - 🔧 Client 13 resources: num_cpus=2.2640, num_gpus=0.0380, memory=2.00GB
2025-12-27 04:48:59,086 - __main__ - INFO - ✅ Client 13 (smartphone) started on head node (dbdd5aa26f70...)
2025-12-27 04:49:02,090 - __main__ - INFO - 🔧 Client 14 resources: num_cpus=2.2640, num_gpus=0.0380, memory=2.00GB
2025-12-27 04:49:02,173 - __main__ - INFO - ✅ Client 14 (smartphone) started on head node (dbdd5aa26f70...)
2025-12-27 04:49:05,177 - __main__ - INFO - 🔧 Client 15 resources: num_cpus=2.2640, num_gpus=0.0380, memory=2.00GB
2025-12-27 04:49:05,263 - __main__ - INFO - ✅ Client 15 (smartphone) started on head node (dbdd5aa26f70...)
2025-12-27 04:49:08,267 - __main__ - INFO - 🔧 Client 16 resources: num_cpus=2.2640, num_gpus=0.0380, memory=2.00GB
2025-12-27 04:49:08,349 - __main__ - INFO - ✅ Client 16 (smartphone) started on head node (dbdd5aa26f70...)
2025-12-27 04:49:11,353 - __main__ - INFO - 🔧 Client 17 resources: num_cpus=2.2640, num_gpus=0.0380, memory=2.00GB
2025-12-27 04:49:11,436 - __main__ - INFO - ✅ Client 17 (smartphone) started on head node (dbdd5aa26f70...)
2025-12-27 04:49:14,440 - __main__ - INFO - 🔧 Client 18 resources: num_cpus=2.2640, num_gpus=0.0380, memory=2.00GB
2025-12-27 04:49:14,521 - __main__ - INFO - ✅ Client 18 (smartphone) started on head node (dbdd5aa26f70...)
2025-12-27 04:49:17,525 - __main__ - INFO - 🔧 Client 19 resources: num_cpus=2.2640, num_gpus=0.0380, memory=2.00GB
2025-12-27 04:49:17,609 - __main__ - INFO - ✅ Client 19 (smartphone) started on head node (dbdd5aa26f70...)
2025-12-27 04:49:20,613 - __main__ - INFO - 🔧 Client 20 resources: num_cpus=2.2640, num_gpus=0.0380, memory=2.00GB
2025-12-27 04:49:20,697 - __main__ - INFO - ✅ Client 20 (smartphone) started on head node (dbdd5aa26f70...)
2025-12-27 04:49:23,701 - __main__ - INFO - 🔧 Client 21 resources: num_cpus=2.2640, num_gpus=0.0380, memory=2.00GB
2025-12-27 04:49:23,784 - __main__ - INFO - ✅ Client 21 (smartphone) started on head node (dbdd5aa26f70...)
2025-12-27 04:49:26,788 - __main__ - INFO - 🔧 Client 22 resources: num_cpus=2.2640, num_gpus=0.0380, memory=2.00GB
2025-12-27 04:49:26,871 - __main__ - INFO - ✅ Client 22 (smartphone) started on head node (dbdd5aa26f70...)
2025-12-27 04:49:29,875 - __main__ - INFO - 🔧 Client 23 resources: num_cpus=2.2640, num_gpus=0.0380, memory=2.00GB
2025-12-27 04:49:29,957 - __main__ - INFO - ✅ Client 23 (smartphone) started on head node (dbdd5aa26f70...)
2025-12-27 04:49:32,961 - __main__ - INFO - 🔧 Client 24 resources: num_cpus=2.2640, num_gpus=0.0380, memory=2.00GB
2025-12-27 04:49:33,042 - __main__ - INFO - ✅ Client 24 (smartphone) started on head node (dbdd5aa26f70...)
2025-12-27 04:49:36,046 - __main__ - INFO - 🔧 Client 25 resources: num_cpus=2.2640, num_gpus=0.0380, memory=2.00GB
2025-12-27 04:49:36,128 - __main__ - INFO - ✅ Client 25 (smartphone) started on head node (dbdd5aa26f70...)
2025-12-27 04:49:39,133 - __main__ - INFO - 🔧 Client 26 resources: num_cpus=2.2640, num_gpus=0.0380, memory=2.00GB
2025-12-27 04:49:39,216 - __main__ - INFO - ✅ Client 26 (smartphone) started on head node (dbdd5aa26f70...)
2025-12-27 04:49:42,220 - __main__ - INFO - 🔧 Client 27 resources: num_cpus=2.2640, num_gpus=0.0380, memory=2.00GB
2025-12-27 04:49:42,302 - __main__ - INFO - ✅ Client 27 (smartphone) started on head node (dbdd5aa26f70...)
2025-12-27 04:49:45,303 - __main__ - INFO - 🔧 Client 28 resources: num_cpus=2.2640, num_gpus=0.0380, memory=2.00GB
2025-12-27 04:49:45,387 - __main__ - INFO - ✅ Client 28 (smartphone) started on head node (dbdd5aa26f70...)
2025-12-27 04:49:48,390 - __main__ - INFO - 🔧 Client 29 resources: num_cpus=2.2640, num_gpus=0.0380, memory=2.00GB
2025-12-27 04:49:48,475 - __main__ - INFO - ✅ Client 29 (smartphone) started on head node (dbdd5aa26f70...)
2025-12-27 04:49:51,479 - __main__ - INFO - 🔧 Client 30 resources: num_cpus=2.2640, num_gpus=0.0380, memory=2.00GB
2025-12-27 04:49:51,562 - __main__ - INFO - ✅ Client 30 (smartphone) started on head node (dbdd5aa26f70...)
2025-12-27 04:49:54,566 - __main__ - INFO - 🔧 Client 31 resources: num_cpus=2.2640, num_gpus=0.0380, memory=2.00GB
2025-12-27 04:49:54,647 - __main__ - INFO - ✅ Client 31 (smartphone) started on head node (dbdd5aa26f70...)
2025-12-27 04:49:57,651 - __main__ - INFO - 🔧 Client 32 resources: num_cpus=2.2640, num_gpus=0.0380, memory=2.00GB
2025-12-27 04:49:57,734 - __main__ - INFO - ✅ Client 32 (smartphone) started on head node (dbdd5aa26f70...)
2025-12-27 04:50:00,738 - __main__ - INFO - 🔧 Client 33 resources: num_cpus=2.2640, num_gpus=0.0380, memory=2.00GB
2025-12-27 04:50:00,822 - __main__ - INFO - ✅ Client 33 (smartphone) started on head node (dbdd5aa26f70...)
2025-12-27 04:50:03,826 - __main__ - INFO - 🔧 Client 34 resources: num_cpus=2.2640, num_gpus=0.0380, memory=2.00GB
2025-12-27 04:50:03,909 - __main__ - INFO - ✅ Client 34 (smartphone) started on head node (dbdd5aa26f70...)
2025-12-27 04:50:06,913 - __main__ - INFO - 🔧 Client 35 resources: num_cpus=2.2640, num_gpus=0.0380, memory=2.00GB
2025-12-27 04:50:06,995 - __main__ - INFO - ✅ Client 35 (smartphone) started on head node (dbdd5aa26f70...)
2025-12-27 04:50:09,999 - __main__ - INFO - 🔧 Client 36 resources: num_cpus=2.2640, num_gpus=0.0380, memory=2.00GB
2025-12-27 04:50:10,081 - __main__ - INFO - ✅ Client 36 (smartphone) started on head node (dbdd5aa26f70...)
2025-12-27 04:50:13,085 - __main__ - INFO - 🔧 Client 37 resources: num_cpus=2.2640, num_gpus=0.0380, memory=2.00GB
2025-12-27 04:50:13,167 - __main__ - INFO - ✅ Client 37 (smartphone) started on head node (dbdd5aa26f70...)
2025-12-27 04:50:16,171 - __main__ - INFO - 🔧 Client 38 resources: num_cpus=2.2640, num_gpus=0.0380, memory=2.00GB
2025-12-27 04:50:16,255 - __main__ - INFO - ✅ Client 38 (smartphone) started on head node (dbdd5aa26f70...)
2025-12-27 04:50:19,259 - __main__ - INFO - 🔧 Client 39 resources: num_cpus=2.2640, num_gpus=0.0380, memory=2.00GB
2025-12-27 04:50:19,342 - __main__ - INFO - ✅ Client 39 (smartphone) started on head node (dbdd5aa26f70...)
2025-12-27 04:50:22,346 - __main__ - INFO - 🔧 Client 40 resources: num_cpus=2.2640, num_gpus=0.0380, memory=2.00GB
2025-12-27 04:50:22,426 - __main__ - INFO - ✅ Client 40 (smartphone) started on head node (dbdd5aa26f70...)
2025-12-27 04:50:25,431 - __main__ - INFO - 🔧 Client 41 resources: num_cpus=2.2640, num_gpus=0.0380, memory=2.00GB
2025-12-27 04:50:25,512 - __main__ - INFO - ✅ Client 41 (smartphone) started on head node (dbdd5aa26f70...)
2025-12-27 04:50:28,516 - __main__ - INFO - 🔧 Client 42 resources: num_cpus=2.2640, num_gpus=0.0380, memory=2.00GB
2025-12-27 04:50:28,597 - __main__ - INFO - ✅ Client 42 (smartphone) started on head node (dbdd5aa26f70...)
2025-12-27 04:50:31,601 - __main__ - INFO - 🔧 Client 43 resources: num_cpus=2.2640, num_gpus=0.0380, memory=2.00GB
2025-12-27 04:50:31,682 - __main__ - INFO - ✅ Client 43 (smartphone) started on head node (dbdd5aa26f70...)
2025-12-27 04:50:34,686 - __main__ - INFO - 🔧 Client 44 resources: num_cpus=2.2640, num_gpus=0.0380, memory=2.00GB
2025-12-27 04:50:34,768 - __main__ - INFO - ✅ Client 44 (smartphone) started on head node (dbdd5aa26f70...)
2025-12-27 04:50:37,772 - __main__ - INFO - 🔧 Client 45 resources: num_cpus=2.2640, num_gpus=0.0380, memory=2.00GB
2025-12-27 04:50:37,854 - __main__ - INFO - ✅ Client 45 (smartphone) started on head node (dbdd5aa26f70...)
2025-12-27 04:50:40,858 - __main__ - INFO - 🔧 Client 46 resources: num_cpus=2.2640, num_gpus=0.0380, memory=2.00GB
2025-12-27 04:50:40,942 - __main__ - INFO - ✅ Client 46 (smartphone) started on head node (dbdd5aa26f70...)
2025-12-27 04:50:43,946 - __main__ - INFO - 🔧 Client 47 resources: num_cpus=2.2640, num_gpus=0.0380, memory=2.00GB
2025-12-27 04:50:44,028 - __main__ - INFO - ✅ Client 47 (smartphone) started on head node (dbdd5aa26f70...)
2025-12-27 04:50:47,032 - __main__ - INFO - 🔧 Client 48 resources: num_cpus=2.2640, num_gpus=0.0380, memory=2.00GB
2025-12-27 04:50:47,115 - __main__ - INFO - ✅ Client 48 (smartphone) started on head node (dbdd5aa26f70...)
2025-12-27 04:50:50,119 - __main__ - INFO - 🔧 Client 49 resources: num_cpus=2.2640, num_gpus=0.0380, memory=2.00GB
2025-12-27 04:50:50,201 - __main__ - INFO - ✅ Client 49 (smartphone) started on head node (dbdd5aa26f70...)
2025-12-27 04:50:53,205 - __main__ - INFO - 🔧 Client 50 resources: num_cpus=2.2640, num_gpus=0.0380, memory=2.00GB
2025-12-27 04:50:53,287 - __main__ - INFO - ✅ Client 50 (smartphone) started on head node (dbdd5aa26f70...)
2025-12-27 04:50:56,291 - __main__ - INFO - ✅ 50/50 Docker clients started successfully
2025-12-27 04:50:56,291 - __main__ - INFO - ✅ All 50 clients have completed startup
2025-12-27 04:50:56,291 - __main__ - INFO - 📊 Starting training monitoring (999999999 seconds)...
2025-12-27 04:50:56,301 - __main__ - INFO - ⏰ 0s | Server: running (CPU) | Clients: 50 nodes (fractional GPU) | Ray GPU usage: 1.9/2.0 (95.0%)
2025-12-27 04:51:01,316 - __main__ - INFO - ⏰ 5s | Server: running (CPU) | Clients: 50 nodes (fractional GPU) | Ray GPU usage: 1.9/2.0 (95.0%)
2025-12-27 04:51:06,330 - __main__ - INFO - ⏰ 10s | Server: running (CPU) | Clients: 50 nodes (fractional GPU) | Ray GPU usage: 1.9/2.0 (95.0%)
2025-12-27 04:51:11,344 - __main__ - INFO - ⏰ 15s | Server: running (CPU) | Clients: 50 nodes (fractional GPU) | Ray GPU usage: 1.9/2.0 (95.0%)
2025-12-27 04:51:16,364 - __main__ - INFO - ⏰ 20s | Server: running (CPU) | Clients: 50 nodes (fractional GPU) | Ray GPU usage: 1.9/2.0 (95.0%)
2025-12-27 04:51:21,382 - __main__ - INFO - ⏰ 25s | Server: running (CPU) | Clients: 50 nodes (fractional GPU) | Ray GPU usage: 1.9/2.0 (95.0%)
2025-12-27 04:51:26,401 - __main__ - INFO - ⏰ 30s | Server: running (CPU) | Clients: 50 nodes (fractional GPU) | Ray GPU usage: 1.9/2.0 (95.0%)
2025-12-27 04:51:31,420 - __main__ - INFO - ⏰ 35s | Server: running (CPU) | Clients: 50 nodes (fractional GPU) | Ray GPU usage: 1.9/2.0 (95.0%)
2025-12-27 04:51:36,439 - __main__ - INFO - ⏰ 40s | Server: running (CPU) | Clients: 50 nodes (fractional GPU) | Ray GPU usage: 1.9/2.0 (95.0%)
2025-12-27 04:51:41,458 - __main__ - INFO - ⏰ 45s | Server: running (CPU) | Clients: 50 nodes (fractional GPU) | Ray GPU usage: 1.9/2.0 (95.0%)
2025-12-27 04:51:46,500 - __main__ - INFO - ⏰ 50s | Server: running (CPU) | Clients: 50 nodes (fractional GPU) | Ray GPU usage: 1.9/2.0 (95.0%)
2025-12-27 04:51:51,594 - __main__ - INFO - ⏰ 55s | Server: running (CPU) | Clients: 50 nodes (fractional GPU) | Ray GPU usage: 1.9/2.0 (95.0%)
2025-12-27 04:51:56,653 - __main__ - INFO - ⏰ 60s | Server: running (CPU) | Clients: 50 nodes (fractional GPU) | Ray GPU usage: 1.9/2.0 (95.0%)
2025-12-27 04:52:01,728 - __main__ - INFO - ⏰ 65s | Server: running (CPU) | Clients: 50 nodes (fractional GPU) | Ray GPU usage: 1.9/2.0 (95.0%)
2025-12-27 04:52:06,848 - __main__ - INFO - ⏰ 70s | Server: running (CPU) | Clients: 50 nodes (fractional GPU) | Ray GPU usage: 1.9/2.0 (95.0%)
2025-12-27 04:52:11,946 - __main__ - INFO - ⏰ 75s | Server: running (CPU) | Clients: 50 nodes (fractional GPU) | Ray GPU usage: 1.9/2.0 (95.0%)
2025-12-27 04:52:17,067 - __main__ - INFO - ⏰ 80s | Server: running (CPU) | Clients: 50 nodes (fractional GPU) | Ray GPU usage: 1.9/2.0 (95.0%)
2025-12-27 04:52:22,187 - __main__ - INFO - ⏰ 85s | Server: running (CPU) | Clients: 50 nodes (fractional GPU) | Ray GPU usage: 1.9/2.0 (95.0%)
2025-12-27 04:52:27,243 - __main__ - INFO - ⏰ 90s | Server: running (CPU) | Clients: 50 nodes (fractional GPU) | Ray GPU usage: 1.9/2.0 (95.0%)
2025-12-27 04:52:32,296 - __main__ - INFO - ⏰ 95s | Server: running (CPU) | Clients: 50 nodes (fractional GPU) | Ray GPU usage: 1.9/2.0 (95.0%)
2025-12-27 04:52:37,356 - __main__ - INFO - ⏰ 101s | Server: running (CPU) | Clients: 50 nodes (fractional GPU) | Ray GPU usage: 1.9/2.0 (95.0%)
2025-12-27 04:52:42,432 - __main__ - INFO - ⏰ 106s | Server: running (CPU) | Clients: 50 nodes (fractional GPU) | Ray GPU usage: 1.9/2.0 (95.0%)
2025-12-27 04:52:47,490 - __main__ - INFO - ⏰ 111s | Server: running (CPU) | Clients: 50 nodes (fractional GPU) | Ray GPU usage: 1.9/2.0 (95.0%)
2025-12-27 04:52:52,563 - __main__ - INFO - ⏰ 116s | Server: running (CPU) | Clients: 50 nodes (fractional GPU) | Ray GPU usage: 1.9/2.0 (95.0%)
2025-12-27 04:52:57,623 - __main__ - INFO - ⏰ 121s | Server: running (CPU) | Clients: 50 nodes (fractional GPU) | Ray GPU usage: 1.9/2.0 (95.0%)
2025-12-27 04:53:02,675 - __main__ - INFO - ⏰ 126s | Server: running (CPU) | Clients: 50 nodes (fractional GPU) | Ray GPU usage: 1.9/2.0 (95.0%)
2025-12-27 04:53:07,742 - __main__ - INFO - ⏰ 131s | Server: running (CPU) | Clients: 50 nodes (fractional GPU) | Ray GPU usage: 1.9/2.0 (95.0%)
2025-12-27 04:53:12,848 - __main__ - INFO - ⏰ 136s | Server: running (CPU) | Clients: 50 nodes (fractional GPU) | Ray GPU usage: 1.9/2.0 (95.0%)
2025-12-27 04:53:17,916 - __main__ - INFO - ⏰ 141s | Server: running (CPU) | Clients: 50 nodes (fractional GPU) | Ray GPU usage: 1.9/2.0 (95.0%)
2025-12-27 04:53:23,018 - __main__ - INFO - ⏰ 146s | Server: running (CPU) | Clients: 50 nodes (fractional GPU) | Ray GPU usage: 1.9/2.0 (95.0%)
2025-12-27 04:53:28,104 - __main__ - INFO - ⏰ 151s | Server: running (CPU) | Clients: 50 nodes (fractional GPU) | Ray GPU usage: 1.9/2.0 (95.0%)
2025-12-27 04:53:33,212 - __main__ - INFO - ⏰ 156s | Server: running (CPU) | Clients: 50 nodes (fractional GPU) | Ray GPU usage: 1.9/2.0 (95.0%)
2025-12-27 04:53:38,289 - __main__ - INFO - ⏰ 161s | Server: running (CPU) | Clients: 50 nodes (fractional GPU) | Ray GPU usage: 1.9/2.0 (95.0%)
2025-12-27 04:53:43,381 - __main__ - INFO - ⏰ 167s | Server: running (CPU) | Clients: 50 nodes (fractional GPU) | Ray GPU usage: 1.9/2.0 (95.0%)
2025-12-27 04:53:48,428 - __main__ - INFO - ⏰ 172s | Server: running (CPU) | Clients: 50 nodes (fractional GPU) | Ray GPU usage: 1.9/2.0 (95.0%)
2025-12-27 04:53:53,483 - __main__ - INFO - ⏰ 177s | Server: running (CPU) | Clients: 50 nodes (fractional GPU) | Ray GPU usage: 1.9/2.0 (95.0%)
2025-12-27 04:53:58,539 - __main__ - INFO - ⏰ 182s | Server: running (CPU) | Clients: 50 nodes (fractional GPU) | Ray GPU usage: 1.9/2.0 (95.0%)
2025-12-27 04:54:03,598 - __main__ - INFO - ⏰ 187s | Server: running (CPU) | Clients: 50 nodes (fractional GPU) | Ray GPU usage: 1.9/2.0 (95.0%)
2025-12-27 04:54:08,671 - __main__ - INFO - ⏰ 192s | Server: running (CPU) | Clients: 50 nodes (fractional GPU) | Ray GPU usage: 1.9/2.0 (95.0%)
2025-12-27 04:54:13,727 - __main__ - INFO - ⏰ 197s | Server: running (CPU) | Clients: 50 nodes (fractional GPU) | Ray GPU usage: 1.9/2.0 (95.0%)
2025-12-27 04:54:18,803 - __main__ - INFO - ⏰ 202s | Server: running (CPU) | Clients: 50 nodes (fractional GPU) | Ray GPU usage: 1.9/2.0 (95.0%)
2025-12-27 04:54:23,897 - __main__ - INFO - ⏰ 207s | Server: running (CPU) | Clients: 50 nodes (fractional GPU) | Ray GPU usage: 1.9/2.0 (95.0%)
2025-12-27 04:54:28,950 - __main__ - INFO - ⏰ 212s | Server: running (CPU) | Clients: 50 nodes (fractional GPU) | Ray GPU usage: 1.9/2.0 (95.0%)
2025-12-27 04:54:33,992 - __main__ - INFO - ⏰ 217s | Server: running (CPU) | Clients: 50 nodes (fractional GPU) | Ray GPU usage: 1.9/2.0 (95.0%)
2025-12-27 04:54:39,013 - __main__ - INFO - ⏰ 222s | Server: running (CPU) | Clients: 50 nodes (fractional GPU) | Ray GPU usage: 1.9/2.0 (95.0%)
2025-12-27 04:54:44,032 - __main__ - INFO - ⏰ 227s | Server: running (CPU) | Clients: 50 nodes (fractional GPU) | Ray GPU usage: 1.9/2.0 (95.0%)
2025-12-27 04:54:49,051 - __main__ - INFO - ⏰ 232s | Server: running (CPU) | Clients: 50 nodes (fractional GPU) | Ray GPU usage: 1.9/2.0 (95.0%)
2025-12-27 04:54:54,070 - __main__ - INFO - ⏰ 237s | Server: running (CPU) | Clients: 50 nodes (fractional GPU) | Ray GPU usage: 1.9/2.0 (95.0%)
2025-12-27 04:54:59,090 - __main__ - INFO - ⏰ 242s | Server: running (CPU) | Clients: 50 nodes (fractional GPU) | Ray GPU usage: 1.9/2.0 (95.0%)
2025-12-27 04:55:04,108 - __main__ - INFO - ⏰ 247s | Server: running (CPU) | Clients: 50 nodes (fractional GPU) | Ray GPU usage: 1.9/2.0 (95.0%)
2025-12-27 04:55:09,164 - __main__ - INFO - ⏰ 252s | Server: running (CPU) | Clients: 50 nodes (fractional GPU) | Ray GPU usage: 1.9/2.0 (95.0%)
2025-12-27 04:55:14,212 - __main__ - INFO - ⏰ 257s | Server: running (CPU) | Clients: 50 nodes (fractional GPU) | Ray GPU usage: 1.9/2.0 (95.0%)
2025-12-27 04:55:19,271 - __main__ - INFO - ⏰ 262s | Server: running (CPU) | Clients: 50 nodes (fractional GPU) | Ray GPU usage: 1.9/2.0 (95.0%)
2025-12-27 04:55:24,359 - __main__ - INFO - ⏰ 267s | Server: running (CPU) | Clients: 50 nodes (fractional GPU) | Ray GPU usage: 1.9/2.0 (95.0%)
2025-12-27 04:55:29,474 - __main__ - INFO - ⏰ 273s | Server: running (CPU) | Clients: 50 nodes (fractional GPU) | Ray GPU usage: 1.9/2.0 (95.0%)
2025-12-27 04:55:34,614 - __main__ - INFO - ⏰ 278s | Server: running (CPU) | Clients: 50 nodes (fractional GPU) | Ray GPU usage: 1.9/2.0 (95.0%)
2025-12-27 04:55:39,662 - __main__ - INFO - ⏰ 283s | Server: running (CPU) | Clients: 50 nodes (fractional GPU) | Ray GPU usage: 1.9/2.0 (95.0%)
2025-12-27 04:55:44,714 - __main__ - INFO - ⏰ 288s | Server: running (CPU) | Clients: 50 nodes (fractional GPU) | Ray GPU usage: 1.9/2.0 (95.0%)
2025-12-27 04:55:49,758 - __main__ - INFO - ⏰ 293s | Server: running (CPU) | Clients: 50 nodes (fractional GPU) | Ray GPU usage: 1.9/2.0 (95.0%)
2025-12-27 04:55:54,798 - __main__ - INFO - ⏰ 298s | Server: running (CPU) | Clients: 50 nodes (fractional GPU) | Ray GPU usage: 1.9/2.0 (95.0%)
2025-12-27 04:55:59,848 - __main__ - INFO - ⏰ 303s | Server: running (CPU) | Clients: 50 nodes (fractional GPU) | Ray GPU usage: 1.9/2.0 (95.0%)
2025-12-27 04:56:04,904 - __main__ - INFO - ⏰ 308s | Server: running (CPU) | Clients: 50 nodes (fractional GPU) | Ray GPU usage: 1.9/2.0 (95.0%)
2025-12-27 04:56:09,986 - __main__ - INFO - ⏰ 313s | Server: running (CPU) | Clients: 50 nodes (fractional GPU) | Ray GPU usage: 1.9/2.0 (95.0%)
2025-12-27 04:56:15,025 - __main__ - INFO - ⏰ 318s | Server: running (CPU) | Clients: 50 nodes (fractional GPU) | Ray GPU usage: 1.9/2.0 (95.0%)
2025-12-27 04:56:20,070 - __main__ - INFO - ⏰ 323s | Server: running (CPU) | Clients: 50 nodes (fractional GPU) | Ray GPU usage: 1.9/2.0 (95.0%)
2025-12-27 04:56:25,117 - __main__ - INFO - ⏰ 328s | Server: running (CPU) | Clients: 50 nodes (fractional GPU) | Ray GPU usage: 1.9/2.0 (95.0%)
2025-12-27 04:56:30,161 - __main__ - INFO - ⏰ 333s | Server: running (CPU) | Clients: 50 nodes (fractional GPU) | Ray GPU usage: 1.9/2.0 (95.0%)
2025-12-27 04:56:35,204 - __main__ - INFO - ⏰ 338s | Server: running (CPU) | Clients: 50 nodes (fractional GPU) | Ray GPU usage: 1.9/2.0 (95.0%)
2025-12-27 04:56:40,242 - __main__ - INFO - ⏰ 343s | Server: running (CPU) | Clients: 50 nodes (fractional GPU) | Ray GPU usage: 1.9/2.0 (95.0%)
2025-12-27 04:56:45,280 - __main__ - INFO - ⏰ 348s | Server: running (CPU) | Clients: 50 nodes (fractional GPU) | Ray GPU usage: 1.9/2.0 (95.0%)
2025-12-27 04:56:50,316 - __main__ - INFO - ⏰ 353s | Server: running (CPU) | Clients: 50 nodes (fractional GPU) | Ray GPU usage: 1.9/2.0 (95.0%)
2025-12-27 04:56:55,365 - __main__ - INFO - ⏰ 359s | Server: running (CPU) | Clients: 50 nodes (fractional GPU) | Ray GPU usage: 1.9/2.0 (95.0%)
2025-12-27 04:57:00,405 - __main__ - INFO - ⏰ 364s | Server: running (CPU) | Clients: 50 nodes (fractional GPU) | Ray GPU usage: 1.9/2.0 (95.0%)
2025-12-27 04:57:05,442 - __main__ - INFO - ⏰ 369s | Server: running (CPU) | Clients: 50 nodes (fractional GPU) | Ray GPU usage: 1.9/2.0 (95.0%)
2025-12-27 04:57:10,489 - __main__ - INFO - ⏰ 374s | Server: running (CPU) | Clients: 50 nodes (fractional GPU) | Ray GPU usage: 1.9/2.0 (95.0%)
2025-12-27 04:57:15,535 - __main__ - INFO - ⏰ 379s | Server: running (CPU) | Clients: 50 nodes (fractional GPU) | Ray GPU usage: 1.9/2.0 (95.0%)
2025-12-27 04:57:20,581 - __main__ - INFO - ⏰ 384s | Server: running (CPU) | Clients: 50 nodes (fractional GPU) | Ray GPU usage: 1.9/2.0 (95.0%)
2025-12-27 04:57:25,659 - __main__ - INFO - ⏰ 389s | Server: running (CPU) | Clients: 50 nodes (fractional GPU) | Ray GPU usage: 1.9/2.0 (95.0%)
2025-12-27 04:57:30,719 - __main__ - INFO - ⏰ 394s | Server: running (CPU) | Clients: 50 nodes (fractional GPU) | Ray GPU usage: 1.9/2.0 (95.0%)
2025-12-27 04:57:35,817 - __main__ - INFO - ⏰ 399s | Server: running (CPU) | Clients: 50 nodes (fractional GPU) | Ray GPU usage: 1.9/2.0 (95.0%)
2025-12-27 04:57:40,863 - __main__ - INFO - ⏰ 404s | Server: running (CPU) | Clients: 50 nodes (fractional GPU) | Ray GPU usage: 1.9/2.0 (95.0%)
2025-12-27 04:57:45,904 - __main__ - INFO - ⏰ 409s | Server: running (CPU) | Clients: 50 nodes (fractional GPU) | Ray GPU usage: 1.9/2.0 (95.0%)
2025-12-27 04:57:50,943 - __main__ - INFO - ⏰ 414s | Server: running (CPU) | Clients: 50 nodes (fractional GPU) | Ray GPU usage: 1.9/2.0 (95.0%)
2025-12-27 04:57:55,985 - __main__ - INFO - ⏰ 419s | Server: running (CPU) | Clients: 50 nodes (fractional GPU) | Ray GPU usage: 1.9/2.0 (95.0%)
2025-12-27 04:58:01,028 - __main__ - INFO - ⏰ 424s | Server: running (CPU) | Clients: 50 nodes (fractional GPU) | Ray GPU usage: 1.9/2.0 (95.0%)
2025-12-27 04:58:06,065 - __main__ - INFO - ⏰ 429s | Server: running (CPU) | Clients: 50 nodes (fractional GPU) | Ray GPU usage: 1.9/2.0 (95.0%)
2025-12-27 04:58:11,101 - __main__ - INFO - ⏰ 434s | Server: running (CPU) | Clients: 50 nodes (fractional GPU) | Ray GPU usage: 1.9/2.0 (95.0%)
2025-12-27 04:58:16,143 - __main__ - INFO - ⏰ 439s | Server: running (CPU) | Clients: 50 nodes (fractional GPU) | Ray GPU usage: 1.9/2.0 (95.0%)
2025-12-27 04:58:21,194 - __main__ - INFO - ⏰ 444s | Server: running (CPU) | Clients: 50 nodes (fractional GPU) | Ray GPU usage: 1.9/2.0 (95.0%)
2025-12-27 04:58:26,244 - __main__ - INFO - ⏰ 449s | Server: running (CPU) | Clients: 50 nodes (fractional GPU) | Ray GPU usage: 1.9/2.0 (95.0%)
2025-12-27 04:58:31,284 - __main__ - INFO - ⏰ 454s | Server: running (CPU) | Clients: 50 nodes (fractional GPU) | Ray GPU usage: 1.9/2.0 (95.0%)
2025-12-27 04:58:36,329 - __main__ - INFO - ⏰ 459s | Server: running (CPU) | Clients: 50 nodes (fractional GPU) | Ray GPU usage: 1.9/2.0 (95.0%)
2025-12-27 04:58:41,373 - __main__ - INFO - ⏰ 465s | Server: running (CPU) | Clients: 50 nodes (fractional GPU) | Ray GPU usage: 1.9/2.0 (95.0%)
2025-12-27 04:58:46,400 - __main__ - INFO - ⏰ 470s | Server: running (CPU) | Clients: 50 nodes (fractional GPU) | Ray GPU usage: 1.9/2.0 (95.0%)
2025-12-27 04:58:51,430 - __main__ - INFO - ⏰ 475s | Server: running (CPU) | Clients: 50 nodes (fractional GPU) | Ray GPU usage: 1.9/2.0 (95.0%)
2025-12-27 04:58:56,456 - __main__ - INFO - ⏰ 480s | Server: running (CPU) | Clients: 50 nodes (fractional GPU) | Ray GPU usage: 1.9/2.0 (95.0%)
2025-12-27 04:59:01,472 - __main__ - INFO - ⏰ 485s | Server: running (CPU) | Clients: 50 nodes (fractional GPU) | Ray GPU usage: 1.9/2.0 (95.0%)
2025-12-27 04:59:06,488 - __main__ - INFO - ⏰ 490s | Server: running (CPU) | Clients: 50 nodes (fractional GPU) | Ray GPU usage: 1.9/2.0 (95.0%)
2025-12-27 04:59:11,503 - __main__ - INFO - ⏰ 495s | Server: running (CPU) | Clients: 50 nodes (fractional GPU) | Ray GPU usage: 1.9/2.0 (95.0%)
2025-12-27 04:59:16,517 - __main__ - INFO - ⏰ 500s | Server: running (CPU) | Clients: 50 nodes (fractional GPU) | Ray GPU usage: 1.9/2.0 (95.0%)
2025-12-27 04:59:21,532 - __main__ - INFO - ⏰ 505s | Server: running (CPU) | Clients: 50 nodes (fractional GPU) | Ray GPU usage: 1.9/2.0 (95.0%)
2025-12-27 04:59:26,547 - __main__ - INFO - ⏰ 510s | Server: running (CPU) | Clients: 50 nodes (fractional GPU) | Ray GPU usage: 1.9/2.0 (95.0%)
2025-12-27 04:59:31,557 - __main__ - INFO - ⏰ 515s | Server: running (CPU) | Clients: 50 nodes (fractional GPU) | Ray GPU usage: 1.9/2.0 (95.0%)
2025-12-27 04:59:36,571 - __main__ - INFO - ⏰ 520s | Server: running (CPU) | Clients: 50 nodes (fractional GPU) | Ray GPU usage: 1.9/2.0 (95.0%)
2025-12-27 04:59:41,585 - __main__ - INFO - ⏰ 525s | Server: running (CPU) | Clients: 50 nodes (fractional GPU) | Ray GPU usage: 1.9/2.0 (95.0%)
2025-12-27 04:59:46,600 - __main__ - INFO - ⏰ 530s | Server: running (CPU) | Clients: 50 nodes (fractional GPU) | Ray GPU usage: 1.9/2.0 (95.0%)
2025-12-27 04:59:51,614 - __main__ - INFO - ⏰ 535s | Server: running (CPU) | Clients: 50 nodes (fractional GPU) | Ray GPU usage: 1.9/2.0 (95.0%)
2025-12-27 04:59:56,627 - __main__ - INFO - ⏰ 540s | Server: running (CPU) | Clients: 50 nodes (fractional GPU) | Ray GPU usage: 1.9/2.0 (95.0%)
2025-12-27 05:00:01,641 - __main__ - INFO - ⏰ 545s | Server: running (CPU) | Clients: 50 nodes (fractional GPU) | Ray GPU usage: 1.9/2.0 (95.0%)
2025-12-27 05:00:06,655 - __main__ - INFO - ⏰ 550s | Server: running (CPU) | Clients: 50 nodes (fractional GPU) | Ray GPU usage: 1.9/2.0 (95.0%)
2025-12-27 05:00:11,669 - __main__ - INFO - ⏰ 555s | Server: running (CPU) | Clients: 50 nodes (fractional GPU) | Ray GPU usage: 1.9/2.0 (95.0%)
2025-12-27 05:00:16,682 - __main__ - INFO - ⏰ 560s | Server: running (CPU) | Clients: 50 nodes (fractional GPU) | Ray GPU usage: 1.9/2.0 (95.0%)
2025-12-27 05:00:21,696 - __main__ - INFO - ⏰ 565s | Server: running (CPU) | Clients: 50 nodes (fractional GPU) | Ray GPU usage: 1.9/2.0 (95.0%)
2025-12-27 05:00:26,711 - __main__ - INFO - ⏰ 570s | Server: running (CPU) | Clients: 50 nodes (fractional GPU) | Ray GPU usage: 1.9/2.0 (95.0%)
2025-12-27 05:00:31,725 - __main__ - INFO - ⏰ 575s | Server: running (CPU) | Clients: 50 nodes (fractional GPU) | Ray GPU usage: 1.9/2.0 (95.0%)
2025-12-27 05:00:36,739 - __main__ - INFO - ⏰ 580s | Server: running (CPU) | Clients: 50 nodes (fractional GPU) | Ray GPU usage: 1.9/2.0 (95.0%)
2025-12-27 05:00:41,754 - __main__ - INFO - ⏰ 585s | Server: running (CPU) | Clients: 50 nodes (fractional GPU) | Ray GPU usage: 1.9/2.0 (95.0%)
2025-12-27 05:00:46,767 - __main__ - INFO - ⏰ 590s | Server: running (CPU) | Clients: 50 nodes (fractional GPU) | Ray GPU usage: 1.9/2.0 (95.0%)
2025-12-27 05:00:51,782 - __main__ - INFO - ⏰ 595s | Server: running (CPU) | Clients: 50 nodes (fractional GPU) | Ray GPU usage: 1.9/2.0 (95.0%)
2025-12-27 05:00:56,795 - __main__ - INFO - ⏰ 600s | Server: running (CPU) | Clients: 50 nodes (fractional GPU) | Ray GPU usage: 1.9/2.0 (95.0%)
2025-12-27 05:01:01,808 - __main__ - INFO - ⏰ 605s | Server: running (CPU) | Clients: 50 nodes (fractional GPU) | Ray GPU usage: 1.9/2.0 (95.0%)
2025-12-27 05:01:06,822 - __main__ - INFO - ⏰ 610s | Server: running (CPU) | Clients: 50 nodes (fractional GPU) | Ray GPU usage: 1.9/2.0 (95.0%)
2025-12-27 05:01:11,835 - __main__ - INFO - ⏰ 615s | Server: running (CPU) | Clients: 50 nodes (fractional GPU) | Ray GPU usage: 1.9/2.0 (95.0%)
2025-12-27 05:01:16,849 - __main__ - INFO - ⏰ 620s | Server: running (CPU) | Clients: 50 nodes (fractional GPU) | Ray GPU usage: 1.9/2.0 (95.0%)
2025-12-27 05:01:21,864 - __main__ - INFO - ⏰ 625s | Server: running (CPU) | Clients: 50 nodes (fractional GPU) | Ray GPU usage: 1.9/2.0 (95.0%)
2025-12-27 05:01:26,877 - __main__ - INFO - ⏰ 630s | Server: running (CPU) | Clients: 50 nodes (fractional GPU) | Ray GPU usage: 1.9/2.0 (95.0%)
2025-12-27 05:01:31,892 - __main__ - INFO - ⏰ 635s | Server: running (CPU) | Clients: 50 nodes (fractional GPU) | Ray GPU usage: 1.9/2.0 (95.0%)
2025-12-27 05:01:36,906 - __main__ - INFO - ⏰ 640s | Server: running (CPU) | Clients: 50 nodes (fractional GPU) | Ray GPU usage: 1.9/2.0 (95.0%)
2025-12-27 05:01:41,920 - __main__ - INFO - ⏰ 645s | Server: running (CPU) | Clients: 50 nodes (fractional GPU) | Ray GPU usage: 1.9/2.0 (95.0%)
2025-12-27 05:01:46,934 - __main__ - INFO - ⏰ 650s | Server: running (CPU) | Clients: 50 nodes (fractional GPU) | Ray GPU usage: 1.9/2.0 (95.0%)
2025-12-27 05:01:51,948 - __main__ - INFO - ⏰ 655s | Server: running (CPU) | Clients: 50 nodes (fractional GPU) | Ray GPU usage: 1.9/2.0 (95.0%)
2025-12-27 05:01:56,962 - __main__ - INFO - ⏰ 660s | Server: running (CPU) | Clients: 50 nodes (fractional GPU) | Ray GPU usage: 1.9/2.0 (95.0%)
2025-12-27 05:02:01,976 - __main__ - INFO - ⏰ 665s | Server: running (CPU) | Clients: 50 nodes (fractional GPU) | Ray GPU usage: 1.9/2.0 (95.0%)
2025-12-27 05:02:06,990 - __main__ - INFO - ⏰ 670s | Server: running (CPU) | Clients: 50 nodes (fractional GPU) | Ray GPU usage: 1.9/2.0 (95.0%)
2025-12-27 05:02:12,004 - __main__ - INFO - ⏰ 675s | Server: running (CPU) | Clients: 50 nodes (fractional GPU) | Ray GPU usage: 1.9/2.0 (95.0%)
2025-12-27 05:02:17,018 - __main__ - INFO - ⏰ 680s | Server: running (CPU) | Clients: 50 nodes (fractional GPU) | Ray GPU usage: 1.9/2.0 (95.0%)
2025-12-27 05:02:22,033 - __main__ - INFO - ⏰ 685s | Server: running (CPU) | Clients: 50 nodes (fractional GPU) | Ray GPU usage: 1.9/2.0 (95.0%)
2025-12-27 05:02:27,048 - __main__ - INFO - ⏰ 690s | Server: running (CPU) | Clients: 50 nodes (fractional GPU) | Ray GPU usage: 1.9/2.0 (95.0%)
2025-12-27 05:02:32,062 - __main__ - INFO - ⏰ 695s | Server: running (CPU) | Clients: 50 nodes (fractional GPU) | Ray GPU usage: 1.9/2.0 (95.0%)
2025-12-27 05:02:37,077 - __main__ - INFO - ⏰ 700s | Server: running (CPU) | Clients: 50 nodes (fractional GPU) | Ray GPU usage: 1.9/2.0 (95.0%)
2025-12-27 05:02:42,089 - __main__ - INFO - ⏰ 705s | Server: running (CPU) | Clients: 50 nodes (fractional GPU) | Ray GPU usage: 1.9/2.0 (95.0%)
2025-12-27 05:02:47,103 - __main__ - INFO - ⏰ 710s | Server: running (CPU) | Clients: 50 nodes (fractional GPU) | Ray GPU usage: 1.9/2.0 (95.0%)
2025-12-27 05:02:52,116 - __main__ - INFO - ⏰ 715s | Server: running (CPU) | Clients: 50 nodes (fractional GPU) | Ray GPU usage: 1.9/2.0 (95.0%)
2025-12-27 05:02:57,131 - __main__ - INFO - ⏰ 720s | Server: running (CPU) | Clients: 50 nodes (fractional GPU) | Ray GPU usage: 1.9/2.0 (95.0%)
2025-12-27 05:03:02,145 - __main__ - INFO - ⏰ 725s | Server: running (CPU) | Clients: 50 nodes (fractional GPU) | Ray GPU usage: 1.9/2.0 (95.0%)
2025-12-27 05:03:07,159 - __main__ - INFO - ⏰ 730s | Server: running (CPU) | Clients: 50 nodes (fractional GPU) | Ray GPU usage: 1.9/2.0 (95.0%)
2025-12-27 05:03:12,173 - __main__ - INFO - ⏰ 735s | Server: running (CPU) | Clients: 50 nodes (fractional GPU) | Ray GPU usage: 1.9/2.0 (95.0%)
2025-12-27 05:03:17,187 - __main__ - INFO - ⏰ 740s | Server: running (CPU) | Clients: 50 nodes (fractional GPU) | Ray GPU usage: 1.9/2.0 (95.0%)
2025-12-27 05:03:22,201 - __main__ - INFO - ⏰ 745s | Server: running (CPU) | Clients: 50 nodes (fractional GPU) | Ray GPU usage: 1.9/2.0 (95.0%)
2025-12-27 05:03:27,212 - __main__ - INFO - ⏰ 750s | Server: running (CPU) | Clients: 50 nodes (fractional GPU) | Ray GPU usage: 1.9/2.0 (95.0%)
2025-12-27 05:03:32,222 - __main__ - INFO - ⏰ 755s | Server: running (CPU) | Clients: 50 nodes (fractional GPU) | Ray GPU usage: 1.9/2.0 (95.0%)
2025-12-27 05:03:37,232 - __main__ - INFO - ⏰ 760s | Server: running (CPU) | Clients: 50 nodes (fractional GPU) | Ray GPU usage: 1.9/2.0 (95.0%)
2025-12-27 05:03:42,246 - __main__ - INFO - ⏰ 765s | Server: running (CPU) | Clients: 50 nodes (fractional GPU) | Ray GPU usage: 1.9/2.0 (95.0%)
2025-12-27 05:03:47,258 - __main__ - INFO - ⏰ 770s | Server: running (CPU) | Clients: 50 nodes (fractional GPU) | Ray GPU usage: 1.9/2.0 (95.0%)
2025-12-27 05:03:52,272 - __main__ - INFO - ⏰ 775s | Server: running (CPU) | Clients: 50 nodes (fractional GPU) | Ray GPU usage: 1.9/2.0 (95.0%)
2025-12-27 05:03:57,286 - __main__ - INFO - ⏰ 780s | Server: running (CPU) | Clients: 50 nodes (fractional GPU) | Ray GPU usage: 1.9/2.0 (95.0%)
2025-12-27 05:04:02,300 - __main__ - INFO - ⏰ 785s | Server: running (CPU) | Clients: 50 nodes (fractional GPU) | Ray GPU usage: 1.9/2.0 (95.0%)
2025-12-27 05:04:07,314 - __main__ - INFO - ⏰ 791s | Server: running (CPU) | Clients: 50 nodes (fractional GPU) | Ray GPU usage: 1.9/2.0 (95.0%)
2025-12-27 05:04:12,328 - __main__ - INFO - ⏰ 796s | Server: running (CPU) | Clients: 50 nodes (fractional GPU) | Ray GPU usage: 1.9/2.0 (95.0%)
2025-12-27 05:04:17,343 - __main__ - INFO - ⏰ 801s | Server: running (CPU) | Clients: 50 nodes (fractional GPU) | Ray GPU usage: 1.9/2.0 (95.0%)
2025-12-27 05:04:22,357 - __main__ - INFO - ⏰ 806s | Server: running (CPU) | Clients: 50 nodes (fractional GPU) | Ray GPU usage: 1.9/2.0 (95.0%)
2025-12-27 05:04:27,371 - __main__ - INFO - ⏰ 811s | Server: running (CPU) | Clients: 50 nodes (fractional GPU) | Ray GPU usage: 1.9/2.0 (95.0%)
2025-12-27 05:04:32,385 - __main__ - INFO - ⏰ 816s | Server: running (CPU) | Clients: 50 nodes (fractional GPU) | Ray GPU usage: 1.9/2.0 (95.0%)
2025-12-27 05:04:37,399 - __main__ - INFO - ⏰ 821s | Server: running (CPU) | Clients: 50 nodes (fractional GPU) | Ray GPU usage: 1.9/2.0 (95.0%)
2025-12-27 05:04:42,414 - __main__ - INFO - ⏰ 826s | Server: running (CPU) | Clients: 50 nodes (fractional GPU) | Ray GPU usage: 1.9/2.0 (95.0%)
2025-12-27 05:04:47,429 - __main__ - INFO - ⏰ 831s | Server: running (CPU) | Clients: 50 nodes (fractional GPU) | Ray GPU usage: 1.9/2.0 (95.0%)
2025-12-27 05:04:52,442 - __main__ - INFO - ⏰ 836s | Server: running (CPU) | Clients: 50 nodes (fractional GPU) | Ray GPU usage: 1.9/2.0 (95.0%)
2025-12-27 05:04:57,456 - __main__ - INFO - ⏰ 841s | Server: running (CPU) | Clients: 50 nodes (fractional GPU) | Ray GPU usage: 1.9/2.0 (95.0%)
2025-12-27 05:05:02,469 - __main__ - INFO - ⏰ 846s | Server: running (CPU) | Clients: 50 nodes (fractional GPU) | Ray GPU usage: 1.9/2.0 (95.0%)
2025-12-27 05:05:07,484 - __main__ - INFO - ⏰ 851s | Server: running (CPU) | Clients: 50 nodes (fractional GPU) | Ray GPU usage: 1.9/2.0 (95.0%)
2025-12-27 05:05:12,497 - __main__ - INFO - ⏰ 856s | Server: running (CPU) | Clients: 50 nodes (fractional GPU) | Ray GPU usage: 1.9/2.0 (95.0%)
2025-12-27 05:05:17,511 - __main__ - INFO - ⏰ 861s | Server: running (CPU) | Clients: 50 nodes (fractional GPU) | Ray GPU usage: 1.9/2.0 (95.0%)
2025-12-27 05:05:22,526 - __main__ - INFO - ⏰ 866s | Server: running (CPU) | Clients: 50 nodes (fractional GPU) | Ray GPU usage: 1.9/2.0 (95.0%)
2025-12-27 05:05:27,541 - __main__ - INFO - ⏰ 871s | Server: running (CPU) | Clients: 50 nodes (fractional GPU) | Ray GPU usage: 1.9/2.0 (95.0%)
2025-12-27 05:05:32,555 - __main__ - INFO - ⏰ 876s | Server: running (CPU) | Clients: 50 nodes (fractional GPU) | Ray GPU usage: 1.9/2.0 (95.0%)
2025-12-27 05:05:37,569 - __main__ - INFO - ⏰ 881s | Server: running (CPU) | Clients: 50 nodes (fractional GPU) | Ray GPU usage: 1.9/2.0 (95.0%)
2025-12-27 05:05:42,584 - __main__ - INFO - ⏰ 886s | Server: running (CPU) | Clients: 50 nodes (fractional GPU) | Ray GPU usage: 1.9/2.0 (95.0%)
2025-12-27 05:05:47,598 - __main__ - INFO - ⏰ 891s | Server: running (CPU) | Clients: 50 nodes (fractional GPU) | Ray GPU usage: 1.9/2.0 (95.0%)
2025-12-27 05:05:52,609 - __main__ - INFO - ⏰ 896s | Server: running (CPU) | Clients: 50 nodes (fractional GPU) | Ray GPU usage: 1.9/2.0 (95.0%)
2025-12-27 05:05:57,619 - __main__ - INFO - ⏰ 901s | Server: running (CPU) | Clients: 50 nodes (fractional GPU) | Ray GPU usage: 1.9/2.0 (95.0%)
2025-12-27 05:06:02,632 - __main__ - INFO - ⏰ 906s | Server: running (CPU) | Clients: 50 nodes (fractional GPU) | Ray GPU usage: 1.9/2.0 (95.0%)
2025-12-27 05:06:07,643 - __main__ - INFO - ⏰ 911s | Server: running (CPU) | Clients: 50 nodes (fractional GPU) | Ray GPU usage: 1.9/2.0 (95.0%)
2025-12-27 05:06:12,658 - __main__ - INFO - ⏰ 916s | Server: running (CPU) | Clients: 50 nodes (fractional GPU) | Ray GPU usage: 1.9/2.0 (95.0%)
2025-12-27 05:06:17,671 - __main__ - INFO - ⏰ 921s | Server: running (CPU) | Clients: 50 nodes (fractional GPU) | Ray GPU usage: 1.9/2.0 (95.0%)
2025-12-27 05:06:22,683 - __main__ - INFO - ⏰ 926s | Server: running (CPU) | Clients: 50 nodes (fractional GPU) | Ray GPU usage: 1.9/2.0 (95.0%)
2025-12-27 05:06:27,698 - __main__ - INFO - ⏰ 931s | Server: running (CPU) | Clients: 50 nodes (fractional GPU) | Ray GPU usage: 1.9/2.0 (95.0%)
2025-12-27 05:06:32,711 - __main__ - INFO - ⏰ 936s | Server: running (CPU) | Clients: 50 nodes (fractional GPU) | Ray GPU usage: 1.9/2.0 (95.0%)
2025-12-27 05:06:37,724 - __main__ - INFO - ⏰ 941s | Server: running (CPU) | Clients: 50 nodes (fractional GPU) | Ray GPU usage: 1.9/2.0 (95.0%)
2025-12-27 05:06:42,738 - __main__ - INFO - ⏰ 946s | Server: running (CPU) | Clients: 50 nodes (fractional GPU) | Ray GPU usage: 1.9/2.0 (95.0%)
2025-12-27 05:06:47,753 - __main__ - INFO - ⏰ 951s | Server: running (CPU) | Clients: 50 nodes (fractional GPU) | Ray GPU usage: 1.9/2.0 (95.0%)
2025-12-27 05:06:52,767 - __main__ - INFO - ⏰ 956s | Server: running (CPU) | Clients: 50 nodes (fractional GPU) | Ray GPU usage: 1.9/2.0 (95.0%)
2025-12-27 05:06:57,781 - __main__ - INFO - ⏰ 961s | Server: running (CPU) | Clients: 50 nodes (fractional GPU) | Ray GPU usage: 1.9/2.0 (95.0%)
2025-12-27 05:07:02,792 - __main__ - INFO - ⏰ 966s | Server: running (CPU) | Clients: 50 nodes (fractional GPU) | Ray GPU usage: 1.9/2.0 (95.0%)
2025-12-27 05:07:07,807 - __main__ - INFO - ⏰ 971s | Server: running (CPU) | Clients: 50 nodes (fractional GPU) | Ray GPU usage: 1.9/2.0 (95.0%)
2025-12-27 05:07:12,822 - __main__ - INFO - ⏰ 976s | Server: running (CPU) | Clients: 50 nodes (fractional GPU) | Ray GPU usage: 1.9/2.0 (95.0%)
2025-12-27 05:07:17,836 - __main__ - INFO - ⏰ 981s | Server: running (CPU) | Clients: 50 nodes (fractional GPU) | Ray GPU usage: 1.9/2.0 (95.0%)
2025-12-27 05:07:22,848 - __main__ - INFO - ⏰ 986s | Server: running (CPU) | Clients: 50 nodes (fractional GPU) | Ray GPU usage: 1.9/2.0 (95.0%)
2025-12-27 05:07:27,862 - __main__ - INFO - ⏰ 991s | Server: running (CPU) | Clients: 50 nodes (fractional GPU) | Ray GPU usage: 1.9/2.0 (95.0%)
2025-12-27 05:07:32,876 - __main__ - INFO - ⏰ 996s | Server: running (CPU) | Clients: 50 nodes (fractional GPU) | Ray GPU usage: 1.9/2.0 (95.0%)
2025-12-27 05:07:37,890 - __main__ - INFO - ⏰ 1001s | Server: running (CPU) | Clients: 50 nodes (fractional GPU) | Ray GPU usage: 1.9/2.0 (95.0%)
2025-12-27 05:07:42,904 - __main__ - INFO - ⏰ 1006s | Server: running (CPU) | Clients: 50 nodes (fractional GPU) | Ray GPU usage: 1.9/2.0 (95.0%)
2025-12-27 05:07:47,918 - __main__ - INFO - ⏰ 1011s | Server: running (CPU) | Clients: 50 nodes (fractional GPU) | Ray GPU usage: 1.9/2.0 (95.0%)
2025-12-27 05:07:52,933 - __main__ - INFO - ⏰ 1016s | Server: running (CPU) | Clients: 50 nodes (fractional GPU) | Ray GPU usage: 1.9/2.0 (95.0%)
2025-12-27 05:07:57,946 - __main__ - INFO - ⏰ 1021s | Server: running (CPU) | Clients: 50 nodes (fractional GPU) | Ray GPU usage: 1.9/2.0 (95.0%)
2025-12-27 05:08:02,960 - __main__ - INFO - ⏰ 1026s | Server: running (CPU) | Clients: 50 nodes (fractional GPU) | Ray GPU usage: 1.9/2.0 (95.0%)
2025-12-27 05:08:07,974 - __main__ - INFO - ⏰ 1031s | Server: running (CPU) | Clients: 50 nodes (fractional GPU) | Ray GPU usage: 1.9/2.0 (95.0%)
2025-12-27 05:08:12,988 - __main__ - INFO - ⏰ 1036s | Server: running (CPU) | Clients: 50 nodes (fractional GPU) | Ray GPU usage: 1.9/2.0 (95.0%)
2025-12-27 05:08:18,002 - __main__ - INFO - ⏰ 1041s | Server: running (CPU) | Clients: 50 nodes (fractional GPU) | Ray GPU usage: 1.9/2.0 (95.0%)
2025-12-27 05:08:23,016 - __main__ - INFO - ⏰ 1046s | Server: running (CPU) | Clients: 50 nodes (fractional GPU) | Ray GPU usage: 1.9/2.0 (95.0%)
2025-12-27 05:08:28,030 - __main__ - INFO - ⏰ 1051s | Server: running (CPU) | Clients: 50 nodes (fractional GPU) | Ray GPU usage: 1.9/2.0 (95.0%)
2025-12-27 05:08:33,041 - __main__ - INFO - ⏰ 1056s | Server: running (CPU) | Clients: 50 nodes (fractional GPU) | Ray GPU usage: 1.9/2.0 (95.0%)
2025-12-27 05:08:38,055 - __main__ - INFO - ⏰ 1061s | Server: running (CPU) | Clients: 50 nodes (fractional GPU) | Ray GPU usage: 1.9/2.0 (95.0%)
2025-12-27 05:08:43,066 - __main__ - INFO - ⏰ 1066s | Server: running (CPU) | Clients: 50 nodes (fractional GPU) | Ray GPU usage: 1.9/2.0 (95.0%)
2025-12-27 05:08:48,080 - __main__ - INFO - ⏰ 1071s | Server: running (CPU) | Clients: 50 nodes (fractional GPU) | Ray GPU usage: 1.9/2.0 (95.0%)
2025-12-27 05:08:53,095 - __main__ - INFO - ⏰ 1076s | Server: running (CPU) | Clients: 50 nodes (fractional GPU) | Ray GPU usage: 1.9/2.0 (95.0%)
2025-12-27 05:08:58,109 - __main__ - INFO - ⏰ 1081s | Server: running (CPU) | Clients: 50 nodes (fractional GPU) | Ray GPU usage: 1.9/2.0 (95.0%)
2025-12-27 05:09:03,123 - __main__ - INFO - ⏰ 1086s | Server: running (CPU) | Clients: 50 nodes (fractional GPU) | Ray GPU usage: 1.9/2.0 (95.0%)
2025-12-27 05:09:08,138 - __main__ - INFO - ⏰ 1091s | Server: running (CPU) | Clients: 50 nodes (fractional GPU) | Ray GPU usage: 1.9/2.0 (95.0%)
2025-12-27 05:09:13,152 - __main__ - INFO - ⏰ 1096s | Server: running (CPU) | Clients: 50 nodes (fractional GPU) | Ray GPU usage: 1.9/2.0 (95.0%)
2025-12-27 05:09:18,165 - __main__ - INFO - ⏰ 1101s | Server: running (CPU) | Clients: 50 nodes (fractional GPU) | Ray GPU usage: 1.9/2.0 (95.0%)
2025-12-27 05:09:23,179 - __main__ - INFO - ⏰ 1106s | Server: running (CPU) | Clients: 50 nodes (fractional GPU) | Ray GPU usage: 1.9/2.0 (95.0%)
2025-12-27 05:09:28,193 - __main__ - INFO - ⏰ 1111s | Server: running (CPU) | Clients: 50 nodes (fractional GPU) | Ray GPU usage: 1.9/2.0 (95.0%)
2025-12-27 05:09:33,206 - __main__ - INFO - ⏰ 1116s | Server: running (CPU) | Clients: 50 nodes (fractional GPU) | Ray GPU usage: 1.9/2.0 (95.0%)
2025-12-27 05:09:38,220 - __main__ - INFO - ⏰ 1121s | Server: running (CPU) | Clients: 50 nodes (fractional GPU) | Ray GPU usage: 1.9/2.0 (95.0%)
2025-12-27 05:09:43,234 - __main__ - INFO - ⏰ 1126s | Server: running (CPU) | Clients: 50 nodes (fractional GPU) | Ray GPU usage: 1.9/2.0 (95.0%)
2025-12-27 05:09:48,247 - __main__ - INFO - ⏰ 1131s | Server: running (CPU) | Clients: 50 nodes (fractional GPU) | Ray GPU usage: 1.9/2.0 (95.0%)
2025-12-27 05:09:53,261 - __main__ - INFO - ⏰ 1136s | Server: running (CPU) | Clients: 50 nodes (fractional GPU) | Ray GPU usage: 1.9/2.0 (95.0%)
2025-12-27 05:09:58,275 - __main__ - INFO - ⏰ 1141s | Server: running (CPU) | Clients: 50 nodes (fractional GPU) | Ray GPU usage: 1.9/2.0 (95.0%)
2025-12-27 05:10:03,289 - __main__ - INFO - ⏰ 1146s | Server: running (CPU) | Clients: 50 nodes (fractional GPU) | Ray GPU usage: 1.9/2.0 (95.0%)
2025-12-27 05:10:08,303 - __main__ - INFO - ⏰ 1152s | Server: running (CPU) | Clients: 50 nodes (fractional GPU) | Ray GPU usage: 1.9/2.0 (95.0%)
2025-12-27 05:10:13,317 - __main__ - INFO - ⏰ 1157s | Server: running (CPU) | Clients: 50 nodes (fractional GPU) | Ray GPU usage: 1.9/2.0 (95.0%)
2025-12-27 05:10:18,332 - __main__ - INFO - ⏰ 1162s | Server: running (CPU) | Clients: 50 nodes (fractional GPU) | Ray GPU usage: 1.9/2.0 (95.0%)
2025-12-27 05:10:23,347 - __main__ - INFO - ⏰ 1167s | Server: running (CPU) | Clients: 50 nodes (fractional GPU) | Ray GPU usage: 1.9/2.0 (95.0%)
2025-12-27 05:10:28,360 - __main__ - INFO - ⏰ 1172s | Server: running (CPU) | Clients: 50 nodes (fractional GPU) | Ray GPU usage: 1.9/2.0 (95.0%)
2025-12-27 05:10:33,373 - __main__ - INFO - ⏰ 1177s | Server: running (CPU) | Clients: 50 nodes (fractional GPU) | Ray GPU usage: 1.9/2.0 (95.0%)
2025-12-27 05:10:38,387 - __main__ - INFO - ⏰ 1182s | Server: running (CPU) | Clients: 50 nodes (fractional GPU) | Ray GPU usage: 1.9/2.0 (95.0%)
2025-12-27 05:10:43,402 - __main__ - INFO - ⏰ 1187s | Server: running (CPU) | Clients: 50 nodes (fractional GPU) | Ray GPU usage: 1.9/2.0 (95.0%)
2025-12-27 05:10:48,416 - __main__ - INFO - ⏰ 1192s | Server: running (CPU) | Clients: 50 nodes (fractional GPU) | Ray GPU usage: 1.9/2.0 (95.0%)
2025-12-27 05:10:53,430 - __main__ - INFO - ⏰ 1197s | Server: running (CPU) | Clients: 50 nodes (fractional GPU) | Ray GPU usage: 1.9/2.0 (95.0%)
2025-12-27 05:10:58,444 - __main__ - INFO - ⏰ 1202s | Server: running (CPU) | Clients: 50 nodes (fractional GPU) | Ray GPU usage: 1.9/2.0 (95.0%)
2025-12-27 05:11:03,458 - __main__ - INFO - ⏰ 1207s | Server: running (CPU) | Clients: 50 nodes (fractional GPU) | Ray GPU usage: 1.9/2.0 (95.0%)
2025-12-27 05:11:08,471 - __main__ - INFO - ⏰ 1212s | Server: running (CPU) | Clients: 50 nodes (fractional GPU) | Ray GPU usage: 1.9/2.0 (95.0%)
2025-12-27 05:11:13,485 - __main__ - INFO - ⏰ 1217s | Server: running (CPU) | Clients: 50 nodes (fractional GPU) | Ray GPU usage: 1.9/2.0 (95.0%)
2025-12-27 05:11:18,496 - __main__ - INFO - ⏰ 1222s | Server: running (CPU) | Clients: 50 nodes (fractional GPU) | Ray GPU usage: 1.9/2.0 (95.0%)
2025-12-27 05:11:23,512 - __main__ - INFO - ⏰ 1227s | Server: running (CPU) | Clients: 50 nodes (fractional GPU) | Ray GPU usage: 1.9/2.0 (95.0%)
2025-12-27 05:11:28,526 - __main__ - INFO - ⏰ 1232s | Server: running (CPU) | Clients: 50 nodes (fractional GPU) | Ray GPU usage: 1.9/2.0 (95.0%)
2025-12-27 05:11:33,539 - __main__ - INFO - ⏰ 1237s | Server: running (CPU) | Clients: 50 nodes (fractional GPU) | Ray GPU usage: 1.9/2.0 (95.0%)
2025-12-27 05:11:38,551 - __main__ - INFO - ⏰ 1242s | Server: running (CPU) | Clients: 50 nodes (fractional GPU) | Ray GPU usage: 1.9/2.0 (95.0%)
2025-12-27 05:11:43,565 - __main__ - INFO - ⏰ 1247s | Server: running (CPU) | Clients: 50 nodes (fractional GPU) | Ray GPU usage: 1.9/2.0 (95.0%)
2025-12-27 05:11:48,579 - __main__ - INFO - ⏰ 1252s | Server: running (CPU) | Clients: 50 nodes (fractional GPU) | Ray GPU usage: 1.9/2.0 (95.0%)
2025-12-27 05:11:53,594 - __main__ - INFO - ⏰ 1257s | Server: running (CPU) | Clients: 50 nodes (fractional GPU) | Ray GPU usage: 1.9/2.0 (95.0%)
2025-12-27 05:11:58,605 - __main__ - INFO - ⏰ 1262s | Server: running (CPU) | Clients: 50 nodes (fractional GPU) | Ray GPU usage: 1.9/2.0 (95.0%)
2025-12-27 05:12:03,618 - __main__ - INFO - ⏰ 1267s | Server: running (CPU) | Clients: 50 nodes (fractional GPU) | Ray GPU usage: 1.9/2.0 (95.0%)
2025-12-27 05:12:08,631 - __main__ - INFO - ⏰ 1272s | Server: running (CPU) | Clients: 50 nodes (fractional GPU) | Ray GPU usage: 1.9/2.0 (95.0%)
2025-12-27 05:12:13,643 - __main__ - INFO - ⏰ 1277s | Server: running (CPU) | Clients: 50 nodes (fractional GPU) | Ray GPU usage: 1.9/2.0 (95.0%)
2025-12-27 05:12:18,657 - __main__ - INFO - ⏰ 1282s | Server: running (CPU) | Clients: 50 nodes (fractional GPU) | Ray GPU usage: 1.9/2.0 (95.0%)
2025-12-27 05:12:23,672 - __main__ - INFO - ⏰ 1287s | Server: running (CPU) | Clients: 50 nodes (fractional GPU) | Ray GPU usage: 1.9/2.0 (95.0%)
2025-12-27 05:12:28,686 - __main__ - INFO - ⏰ 1292s | Server: running (CPU) | Clients: 50 nodes (fractional GPU) | Ray GPU usage: 1.9/2.0 (95.0%)
2025-12-27 05:12:33,701 - __main__ - INFO - ⏰ 1297s | Server: running (CPU) | Clients: 50 nodes (fractional GPU) | Ray GPU usage: 1.9/2.0 (95.0%)
2025-12-27 05:12:38,710 - __main__ - INFO - ⏰ 1302s | Server: running (CPU) | Clients: 50 nodes (fractional GPU) | Ray GPU usage: 1.9/2.0 (95.0%)
2025-12-27 05:12:43,725 - __main__ - INFO - ⏰ 1307s | Server: running (CPU) | Clients: 50 nodes (fractional GPU) | Ray GPU usage: 1.9/2.0 (95.0%)
2025-12-27 05:12:48,740 - __main__ - INFO - ⏰ 1312s | Server: running (CPU) | Clients: 50 nodes (fractional GPU) | Ray GPU usage: 1.9/2.0 (95.0%)
2025-12-27 05:12:53,754 - __main__ - INFO - ⏰ 1317s | Server: running (CPU) | Clients: 50 nodes (fractional GPU) | Ray GPU usage: 1.9/2.0 (95.0%)
2025-12-27 05:12:58,769 - __main__ - INFO - ⏰ 1322s | Server: running (CPU) | Clients: 50 nodes (fractional GPU) | Ray GPU usage: 1.9/2.0 (95.0%)
2025-12-27 05:13:03,783 - __main__ - INFO - ⏰ 1327s | Server: running (CPU) | Clients: 50 nodes (fractional GPU) | Ray GPU usage: 1.9/2.0 (95.0%)
2025-12-27 05:13:08,797 - __main__ - INFO - ⏰ 1332s | Server: running (CPU) | Clients: 50 nodes (fractional GPU) | Ray GPU usage: 1.9/2.0 (95.0%)
2025-12-27 05:13:13,807 - __main__ - INFO - ⏰ 1337s | Server: running (CPU) | Clients: 50 nodes (fractional GPU) | Ray GPU usage: 1.9/2.0 (95.0%)
2025-12-27 05:13:18,822 - __main__ - INFO - ⏰ 1342s | Server: running (CPU) | Clients: 50 nodes (fractional GPU) | Ray GPU usage: 1.9/2.0 (95.0%)
2025-12-27 05:13:23,834 - __main__ - INFO - ⏰ 1347s | Server: running (CPU) | Clients: 50 nodes (fractional GPU) | Ray GPU usage: 1.9/2.0 (95.0%)
2025-12-27 05:13:28,845 - __main__ - INFO - ⏰ 1352s | Server: running (CPU) | Clients: 50 nodes (fractional GPU) | Ray GPU usage: 1.9/2.0 (95.0%)
2025-12-27 05:13:33,859 - __main__ - INFO - ⏰ 1357s | Server: running (CPU) | Clients: 50 nodes (fractional GPU) | Ray GPU usage: 1.9/2.0 (95.0%)
2025-12-27 05:13:38,871 - __main__ - INFO - ⏰ 1362s | Server: running (CPU) | Clients: 50 nodes (fractional GPU) | Ray GPU usage: 1.9/2.0 (95.0%)
2025-12-27 05:13:43,885 - __main__ - INFO - ⏰ 1367s | Server: running (CPU) | Clients: 50 nodes (fractional GPU) | Ray GPU usage: 1.9/2.0 (95.0%)
2025-12-27 05:13:48,900 - __main__ - INFO - ⏰ 1372s | Server: running (CPU) | Clients: 50 nodes (fractional GPU) | Ray GPU usage: 1.9/2.0 (95.0%)
2025-12-27 05:13:53,914 - __main__ - INFO - ⏰ 1377s | Server: running (CPU) | Clients: 50 nodes (fractional GPU) | Ray GPU usage: 1.9/2.0 (95.0%)
2025-12-27 05:13:58,929 - __main__ - INFO - ⏰ 1382s | Server: running (CPU) | Clients: 50 nodes (fractional GPU) | Ray GPU usage: 1.9/2.0 (95.0%)
2025-12-27 05:14:03,941 - __main__ - INFO - ⏰ 1387s | Server: running (CPU) | Clients: 50 nodes (fractional GPU) | Ray GPU usage: 1.9/2.0 (95.0%)
2025-12-27 05:14:08,952 - __main__ - INFO - ⏰ 1392s | Server: running (CPU) | Clients: 50 nodes (fractional GPU) | Ray GPU usage: 1.9/2.0 (95.0%)
2025-12-27 05:14:13,966 - __main__ - INFO - ⏰ 1397s | Server: running (CPU) | Clients: 50 nodes (fractional GPU) | Ray GPU usage: 1.9/2.0 (95.0%)
2025-12-27 05:14:18,980 - __main__ - INFO - ⏰ 1402s | Server: running (CPU) | Clients: 50 nodes (fractional GPU) | Ray GPU usage: 1.9/2.0 (95.0%)
2025-12-27 05:14:23,995 - __main__ - INFO - ⏰ 1407s | Server: running (CPU) | Clients: 50 nodes (fractional GPU) | Ray GPU usage: 1.9/2.0 (95.0%)
2025-12-27 05:14:29,009 - __main__ - INFO - ⏰ 1412s | Server: running (CPU) | Clients: 50 nodes (fractional GPU) | Ray GPU usage: 1.9/2.0 (95.0%)
2025-12-27 05:14:34,023 - __main__ - INFO - ⏰ 1417s | Server: running (CPU) | Clients: 50 nodes (fractional GPU) | Ray GPU usage: 1.9/2.0 (95.0%)
2025-12-27 05:14:39,035 - __main__ - INFO - ⏰ 1422s | Server: running (CPU) | Clients: 50 nodes (fractional GPU) | Ray GPU usage: 1.9/2.0 (95.0%)
2025-12-27 05:14:44,049 - __main__ - INFO - ⏰ 1427s | Server: running (CPU) | Clients: 50 nodes (fractional GPU) | Ray GPU usage: 1.9/2.0 (95.0%)
2025-12-27 05:14:49,061 - __main__ - INFO - ⏰ 1432s | Server: running (CPU) | Clients: 50 nodes (fractional GPU) | Ray GPU usage: 1.9/2.0 (95.0%)
2025-12-27 05:14:54,075 - __main__ - INFO - ⏰ 1437s | Server: running (CPU) | Clients: 50 nodes (fractional GPU) | Ray GPU usage: 1.9/2.0 (95.0%)
2025-12-27 05:14:59,089 - __main__ - INFO - ⏰ 1442s | Server: running (CPU) | Clients: 50 nodes (fractional GPU) | Ray GPU usage: 1.9/2.0 (95.0%)
2025-12-27 05:15:04,104 - __main__ - INFO - ⏰ 1447s | Server: running (CPU) | Clients: 50 nodes (fractional GPU) | Ray GPU usage: 1.9/2.0 (95.0%)
2025-12-27 05:15:09,115 - __main__ - INFO - ⏰ 1452s | Server: running (CPU) | Clients: 50 nodes (fractional GPU) | Ray GPU usage: 1.9/2.0 (95.0%)
2025-12-27 05:15:14,129 - __main__ - INFO - ⏰ 1457s | Server: running (CPU) | Clients: 50 nodes (fractional GPU) | Ray GPU usage: 1.9/2.0 (95.0%)
2025-12-27 05:15:19,144 - __main__ - INFO - ⏰ 1462s | Server: running (CPU) | Clients: 50 nodes (fractional GPU) | Ray GPU usage: 1.9/2.0 (95.0%)
2025-12-27 05:15:24,154 - __main__ - INFO - ⏰ 1467s | Server: running (CPU) | Clients: 50 nodes (fractional GPU) | Ray GPU usage: 1.9/2.0 (95.0%)
2025-12-27 05:15:29,168 - __main__ - INFO - ⏰ 1472s | Server: running (CPU) | Clients: 50 nodes (fractional GPU) | Ray GPU usage: 1.9/2.0 (95.0%)
2025-12-27 05:15:34,183 - __main__ - INFO - ⏰ 1477s | Server: running (CPU) | Clients: 50 nodes (fractional GPU) | Ray GPU usage: 1.9/2.0 (95.0%)
2025-12-27 05:15:39,197 - __main__ - INFO - ⏰ 1482s | Server: running (CPU) | Clients: 50 nodes (fractional GPU) | Ray GPU usage: 1.9/2.0 (95.0%)
2025-12-27 05:15:44,206 - __main__ - INFO - ⏰ 1487s | Server: running (CPU) | Clients: 50 nodes (fractional GPU) | Ray GPU usage: 1.9/2.0 (95.0%)
2025-12-27 05:15:49,218 - __main__ - INFO - ⏰ 1492s | Server: running (CPU) | Clients: 50 nodes (fractional GPU) | Ray GPU usage: 1.9/2.0 (95.0%)
2025-12-27 05:15:54,232 - __main__ - INFO - ⏰ 1497s | Server: running (CPU) | Clients: 50 nodes (fractional GPU) | Ray GPU usage: 1.9/2.0 (95.0%)
2025-12-27 05:15:59,247 - __main__ - INFO - ⏰ 1502s | Server: running (CPU) | Clients: 50 nodes (fractional GPU) | Ray GPU usage: 1.9/2.0 (95.0%)
2025-12-27 05:16:04,261 - __main__ - INFO - ⏰ 1507s | Server: running (CPU) | Clients: 50 nodes (fractional GPU) | Ray GPU usage: 1.9/2.0 (95.0%)
2025-12-27 05:16:09,275 - __main__ - INFO - ⏰ 1512s | Server: running (CPU) | Clients: 50 nodes (fractional GPU) | Ray GPU usage: 1.9/2.0 (95.0%)
2025-12-27 05:16:14,289 - __main__ - INFO - ⏰ 1517s | Server: running (CPU) | Clients: 50 nodes (fractional GPU) | Ray GPU usage: 1.9/2.0 (95.0%)
2025-12-27 05:16:19,303 - __main__ - INFO - ⏰ 1523s | Server: running (CPU) | Clients: 50 nodes (fractional GPU) | Ray GPU usage: 1.9/2.0 (95.0%)
2025-12-27 05:16:24,317 - __main__ - INFO - ⏰ 1528s | Server: running (CPU) | Clients: 50 nodes (fractional GPU) | Ray GPU usage: 1.9/2.0 (95.0%)
2025-12-27 05:16:29,331 - __main__ - INFO - ⏰ 1533s | Server: running (CPU) | Clients: 50 nodes (fractional GPU) | Ray GPU usage: 1.9/2.0 (95.0%)
2025-12-27 05:16:34,344 - __main__ - INFO - ⏰ 1538s | Server: running (CPU) | Clients: 50 nodes (fractional GPU) | Ray GPU usage: 1.9/2.0 (95.0%)
srun: Job step aborted: Waiting up to 32 seconds for job step to finish.
slurmstepd-srv-it-node03: error: *** STEP 649.0 ON srv-it-node03 CANCELLED AT 2025-12-27T05:16:37 ***
slurmstepd-srv-it-node03: error: *** JOB 649 ON srv-it-node03 CANCELLED AT 2025-12-27T05:16:37 ***
