2025-12-25 05:01:44,056 - __main__ - INFO - 🚀 Start Ray V2 federated learning
2025-12-25 05:01:44,056 - __main__ - INFO - 📊 Configuration: 50 clients, 100 rounds training, total nodes: 51
2025-12-25 05:01:44,056 - __main__ - INFO - 🧹 Clean environment...
2025-12-25 05:01:47,188 - __main__ - INFO - 🗑️  Cleaned tmpfs chunk directory: /tmp/fl_chunks
2025-12-25 05:01:47,565 - __main__ - DEBUG - 🗑️  Cleaned mount directory (simple): /home/naicheng_li/FLTorrent/docker_data/tmp
2025-12-25 05:01:47,569 - __main__ - DEBUG - 🗑️  Cleaned mount directory (simple): /home/naicheng_li/FLTorrent/docker_data/app_tmp
2025-12-25 05:01:48,579 - __main__ - INFO - ✅ Environment cleanup completed
2025-12-25 05:01:48,579 - __main__ - INFO - 🚀 Applying host network optimizations for ultra-high concurrency...
2025-12-25 05:01:48,685 - __main__ - WARNING - ⚠️  22 network optimizations could not be applied (may need sudo access)
2025-12-25 05:01:48,685 - __main__ - DEBUG -    Failed: net.core.somaxconn - sudo: you do not exist in the passwd database
2025-12-25 05:01:48,685 - __main__ - DEBUG -    Failed: net.core.netdev_max_backlog - sudo: you do not exist in the passwd database
2025-12-25 05:01:48,685 - __main__ - DEBUG -    Failed: net.core.rmem_default - sudo: you do not exist in the passwd database
2025-12-25 05:01:48,685 - __main__ - WARNING - ⚠️  No host network optimizations applied! High-concurrency FL may experience issues.
2025-12-25 05:01:48,685 - __main__ - WARNING -    Consider running with sudo or contacting HPC admin to apply these settings.
2025-12-25 05:01:48,685 - __main__ - INFO - 🦭 Initializing Podman rootless environment...
2025-12-25 05:01:48,690 - __main__ - WARNING - ⚠️  Podman unavailable, trying Docker...
2025-12-25 05:01:48,690 - __main__ - INFO - 📦 Using non-container mode (Fallback)
2025-12-25 05:01:50,663 - __main__ - INFO - 🔍 Found available port for Ray dashboard: 8265
2025-12-25 05:01:50,746 - filelock - DEBUG - Attempting to acquire lock 140005056997904 on /home/naicheng_li/ray/session_2025-12-25_05-01-50_736391_1515301/node_ip_address.json.lock
2025-12-25 05:01:50,749 - filelock - DEBUG - Lock 140005056997904 acquired on /home/naicheng_li/ray/session_2025-12-25_05-01-50_736391_1515301/node_ip_address.json.lock
2025-12-25 05:01:50,752 - filelock - DEBUG - Attempting to release lock 140005056997904 on /home/naicheng_li/ray/session_2025-12-25_05-01-50_736391_1515301/node_ip_address.json.lock
2025-12-25 05:01:50,752 - filelock - DEBUG - Lock 140005056997904 released on /home/naicheng_li/ray/session_2025-12-25_05-01-50_736391_1515301/node_ip_address.json.lock
2025-12-25 05:01:50,754 - filelock - DEBUG - Attempting to acquire lock 140005056993200 on /home/naicheng_li/ray/session_2025-12-25_05-01-50_736391_1515301/ports_by_node.json.lock
2025-12-25 05:01:50,755 - filelock - DEBUG - Lock 140005056993200 acquired on /home/naicheng_li/ray/session_2025-12-25_05-01-50_736391_1515301/ports_by_node.json.lock
2025-12-25 05:01:50,757 - filelock - DEBUG - Attempting to release lock 140005056993200 on /home/naicheng_li/ray/session_2025-12-25_05-01-50_736391_1515301/ports_by_node.json.lock
2025-12-25 05:01:50,757 - filelock - DEBUG - Lock 140005056993200 released on /home/naicheng_li/ray/session_2025-12-25_05-01-50_736391_1515301/ports_by_node.json.lock
2025-12-25 05:01:50,757 - filelock - DEBUG - Attempting to acquire lock 140005056993248 on /home/naicheng_li/ray/session_2025-12-25_05-01-50_736391_1515301/ports_by_node.json.lock
2025-12-25 05:01:50,759 - filelock - DEBUG - Lock 140005056993248 acquired on /home/naicheng_li/ray/session_2025-12-25_05-01-50_736391_1515301/ports_by_node.json.lock
2025-12-25 05:01:50,760 - filelock - DEBUG - Attempting to release lock 140005056993248 on /home/naicheng_li/ray/session_2025-12-25_05-01-50_736391_1515301/ports_by_node.json.lock
2025-12-25 05:01:50,760 - filelock - DEBUG - Lock 140005056993248 released on /home/naicheng_li/ray/session_2025-12-25_05-01-50_736391_1515301/ports_by_node.json.lock
2025-12-25 05:01:50,760 - filelock - DEBUG - Attempting to acquire lock 140005056997760 on /home/naicheng_li/ray/session_2025-12-25_05-01-50_736391_1515301/ports_by_node.json.lock
2025-12-25 05:01:50,761 - filelock - DEBUG - Lock 140005056997760 acquired on /home/naicheng_li/ray/session_2025-12-25_05-01-50_736391_1515301/ports_by_node.json.lock
2025-12-25 05:01:50,762 - filelock - DEBUG - Attempting to release lock 140005056997760 on /home/naicheng_li/ray/session_2025-12-25_05-01-50_736391_1515301/ports_by_node.json.lock
2025-12-25 05:01:50,763 - filelock - DEBUG - Lock 140005056997760 released on /home/naicheng_li/ray/session_2025-12-25_05-01-50_736391_1515301/ports_by_node.json.lock
2025-12-25 05:01:50,763 - filelock - DEBUG - Attempting to acquire lock 140005057002992 on /home/naicheng_li/ray/session_2025-12-25_05-01-50_736391_1515301/ports_by_node.json.lock
2025-12-25 05:01:50,764 - filelock - DEBUG - Lock 140005057002992 acquired on /home/naicheng_li/ray/session_2025-12-25_05-01-50_736391_1515301/ports_by_node.json.lock
2025-12-25 05:01:50,765 - filelock - DEBUG - Attempting to release lock 140005057002992 on /home/naicheng_li/ray/session_2025-12-25_05-01-50_736391_1515301/ports_by_node.json.lock
2025-12-25 05:01:50,765 - filelock - DEBUG - Lock 140005057002992 released on /home/naicheng_li/ray/session_2025-12-25_05-01-50_736391_1515301/ports_by_node.json.lock
2025-12-25 05:01:50,765 - filelock - DEBUG - Attempting to acquire lock 140005056999344 on /home/naicheng_li/ray/session_2025-12-25_05-01-50_736391_1515301/ports_by_node.json.lock
2025-12-25 05:01:50,766 - filelock - DEBUG - Lock 140005056999344 acquired on /home/naicheng_li/ray/session_2025-12-25_05-01-50_736391_1515301/ports_by_node.json.lock
2025-12-25 05:01:50,768 - filelock - DEBUG - Attempting to release lock 140005056999344 on /home/naicheng_li/ray/session_2025-12-25_05-01-50_736391_1515301/ports_by_node.json.lock
2025-12-25 05:01:50,768 - filelock - DEBUG - Lock 140005056999344 released on /home/naicheng_li/ray/session_2025-12-25_05-01-50_736391_1515301/ports_by_node.json.lock
2025-12-25 05:01:53,336	INFO worker.py:1998 -- Started a local Ray instance. View the dashboard at [1m[32m10.0.0.2:8265 [39m[22m
/home/naicheng_li/.conda/envs/flv2/lib/python3.10/site-packages/ray/_private/worker.py:2046: FutureWarning: Tip: In future versions of Ray, Ray will no longer override accelerator visible devices env var if num_gpus=0 or num_gpus=None (default). To enable this behavior and turn off this error message, set RAY_ACCEL_ENV_VAR_OVERRIDE_ON_ZERO=0
  warnings.warn(
2025-12-25 05:01:54,291 - __main__ - INFO - 🚀 Ray cluster initialization completed:
2025-12-25 05:01:54,292 - __main__ - INFO -    📊 Resources: {'GPU': 4.0, 'node:10.0.0.2': 1.0, 'object_store_memory': 145967201280.0, 'accelerator_type:A100': 1.0, 'CPU': 64.0, 'node:__internal_head__': 1.0, 'memory': 376528393216.0}
2025-12-25 05:01:54,292 - __main__ - INFO -    🌐 Dashboard: http://127.0.0.1:8265
2025-12-25 05:01:54,292 - __main__ - DEBUG - Found node: 2e00b96f9712... IP: 10.0.0.2, Resources: {'memory': 376528393216.0, 'CPU': 64.0, 'GPU': 4.0, 'node:__internal_head__': 1.0, 'accelerator_type:A100': 1.0, 'node:10.0.0.2': 1.0, 'object_store_memory': 145967201280.0}
2025-12-25 05:01:54,292 - __main__ - INFO - 🌐 Ray Cluster Topology:
2025-12-25 05:01:54,292 - __main__ - INFO -    📍 Head node: 2e00b96f9712... (Server will run here)
2025-12-25 05:01:54,292 - __main__ - WARNING -    ⚠️ No worker nodes found! Clients will run on head node (not recommended)
2025-12-25 05:01:54,293 - __main__ - INFO - 🎮 Detected GPU type on node 2e00b96f9712...: A100 -> 40.0GB per GPU
2025-12-25 05:01:54,293 - __main__ - INFO - 📍 Head node (2e00b96f9712...): 4.0 GPUs, 160.0GB total memory
2025-12-25 05:01:54,293 - __main__ - INFO - 📊 Total GPU memory across all nodes: 160.0GB
2025-12-25 05:01:54,293 - __main__ - INFO - 📊 Memory per client: 3.0GB → Max capacity: 53 clients
2025-12-25 05:01:54,293 - __main__ - INFO -    Node 2e00b96f9712...: 50 clients (160.0GB / 50 = 3.2GB/client)
2025-12-25 05:01:54,294 - __main__ - INFO -    Node 2e00b96f9712...: 4.0 GPU, 50 clients, max 13 clients/GPU -> 0.0731 GPU/client
2025-12-25 05:01:54,294 - __main__ - INFO - 🎯 GPU allocation summary: {'total_available_gpus': 4.0, 'total_allocated_gpus': 3.655, 'utilization_rate': '91.38%', 'server': 'CPU only', 'per_node_allocation': {'2e00b96f9712': {'count': 50, 'total_gpu': 3.6550000000000025}}, 'gpu_clients': 50, 'cpu_clients': 0}
2025-12-25 05:01:54,294 - __main__ - INFO - 📋 Client distribution: 50 GPU clients, 0 CPU clients
2025-12-25 05:01:54,294 - __main__ - INFO - 📍 Server scheduled to head node: 2e00b96f9712...
2025-12-25 05:01:54,430 - __main__ - INFO - 📦 Using Fallback (no container) for Server
2025-12-25 05:01:54,496 - __main__ - INFO - ✅ Server started: 10.0.0.2:44845
2025-12-25 05:02:09,510 - __main__ - INFO - 📱 Edge device distribution: {'smartphone': 50}
2025-12-25 05:02:09,510 - __main__ - INFO - 📊 Client distribution plan:
2025-12-25 05:02:09,511 - __main__ - INFO -    Client 1 -> head (2e00b96f9712...), Node CPUs: 64.0, Clients on node: 50
2025-12-25 05:02:09,511 - __main__ - INFO -    Client 2 -> head (2e00b96f9712...), Node CPUs: 64.0, Clients on node: 50
2025-12-25 05:02:09,512 - __main__ - INFO -    Client 3 -> head (2e00b96f9712...), Node CPUs: 64.0, Clients on node: 50
2025-12-25 05:02:09,512 - __main__ - INFO -    Client 4 -> head (2e00b96f9712...), Node CPUs: 64.0, Clients on node: 50
2025-12-25 05:02:09,513 - __main__ - INFO -    Client 5 -> head (2e00b96f9712...), Node CPUs: 64.0, Clients on node: 50
2025-12-25 05:02:09,513 - __main__ - INFO -    Client 6 -> head (2e00b96f9712...), Node CPUs: 64.0, Clients on node: 50
2025-12-25 05:02:09,514 - __main__ - INFO -    Client 7 -> head (2e00b96f9712...), Node CPUs: 64.0, Clients on node: 50
2025-12-25 05:02:09,514 - __main__ - INFO -    Client 8 -> head (2e00b96f9712...), Node CPUs: 64.0, Clients on node: 50
2025-12-25 05:02:09,514 - __main__ - INFO -    Client 9 -> head (2e00b96f9712...), Node CPUs: 64.0, Clients on node: 50
2025-12-25 05:02:09,515 - __main__ - INFO -    Client 10 -> head (2e00b96f9712...), Node CPUs: 64.0, Clients on node: 50
2025-12-25 05:02:09,515 - __main__ - INFO -    Client 11 -> head (2e00b96f9712...), Node CPUs: 64.0, Clients on node: 50
2025-12-25 05:02:09,516 - __main__ - INFO -    Client 12 -> head (2e00b96f9712...), Node CPUs: 64.0, Clients on node: 50
2025-12-25 05:02:09,516 - __main__ - INFO -    Client 13 -> head (2e00b96f9712...), Node CPUs: 64.0, Clients on node: 50
2025-12-25 05:02:09,517 - __main__ - INFO -    Client 14 -> head (2e00b96f9712...), Node CPUs: 64.0, Clients on node: 50
2025-12-25 05:02:09,517 - __main__ - INFO -    Client 15 -> head (2e00b96f9712...), Node CPUs: 64.0, Clients on node: 50
2025-12-25 05:02:09,517 - __main__ - INFO -    Client 16 -> head (2e00b96f9712...), Node CPUs: 64.0, Clients on node: 50
2025-12-25 05:02:09,518 - __main__ - INFO -    Client 17 -> head (2e00b96f9712...), Node CPUs: 64.0, Clients on node: 50
2025-12-25 05:02:09,518 - __main__ - INFO -    Client 18 -> head (2e00b96f9712...), Node CPUs: 64.0, Clients on node: 50
2025-12-25 05:02:09,518 - __main__ - INFO -    Client 19 -> head (2e00b96f9712...), Node CPUs: 64.0, Clients on node: 50
2025-12-25 05:02:09,519 - __main__ - INFO -    Client 20 -> head (2e00b96f9712...), Node CPUs: 64.0, Clients on node: 50
2025-12-25 05:02:09,519 - __main__ - INFO -    Client 21 -> head (2e00b96f9712...), Node CPUs: 64.0, Clients on node: 50
2025-12-25 05:02:09,520 - __main__ - INFO -    Client 22 -> head (2e00b96f9712...), Node CPUs: 64.0, Clients on node: 50
2025-12-25 05:02:09,520 - __main__ - INFO -    Client 23 -> head (2e00b96f9712...), Node CPUs: 64.0, Clients on node: 50
2025-12-25 05:02:09,520 - __main__ - INFO -    Client 24 -> head (2e00b96f9712...), Node CPUs: 64.0, Clients on node: 50
2025-12-25 05:02:09,521 - __main__ - INFO -    Client 25 -> head (2e00b96f9712...), Node CPUs: 64.0, Clients on node: 50
2025-12-25 05:02:09,521 - __main__ - INFO -    Client 26 -> head (2e00b96f9712...), Node CPUs: 64.0, Clients on node: 50
2025-12-25 05:02:09,521 - __main__ - INFO -    Client 27 -> head (2e00b96f9712...), Node CPUs: 64.0, Clients on node: 50
2025-12-25 05:02:09,522 - __main__ - INFO -    Client 28 -> head (2e00b96f9712...), Node CPUs: 64.0, Clients on node: 50
2025-12-25 05:02:09,522 - __main__ - INFO -    Client 29 -> head (2e00b96f9712...), Node CPUs: 64.0, Clients on node: 50
2025-12-25 05:02:09,523 - __main__ - INFO -    Client 30 -> head (2e00b96f9712...), Node CPUs: 64.0, Clients on node: 50
2025-12-25 05:02:09,523 - __main__ - INFO -    Client 31 -> head (2e00b96f9712...), Node CPUs: 64.0, Clients on node: 50
2025-12-25 05:02:09,523 - __main__ - INFO -    Client 32 -> head (2e00b96f9712...), Node CPUs: 64.0, Clients on node: 50
2025-12-25 05:02:09,524 - __main__ - INFO -    Client 33 -> head (2e00b96f9712...), Node CPUs: 64.0, Clients on node: 50
2025-12-25 05:02:09,524 - __main__ - INFO -    Client 34 -> head (2e00b96f9712...), Node CPUs: 64.0, Clients on node: 50
2025-12-25 05:02:09,524 - __main__ - INFO -    Client 35 -> head (2e00b96f9712...), Node CPUs: 64.0, Clients on node: 50
2025-12-25 05:02:09,525 - __main__ - INFO -    Client 36 -> head (2e00b96f9712...), Node CPUs: 64.0, Clients on node: 50
2025-12-25 05:02:09,525 - __main__ - INFO -    Client 37 -> head (2e00b96f9712...), Node CPUs: 64.0, Clients on node: 50
2025-12-25 05:02:09,526 - __main__ - INFO -    Client 38 -> head (2e00b96f9712...), Node CPUs: 64.0, Clients on node: 50
2025-12-25 05:02:09,526 - __main__ - INFO -    Client 39 -> head (2e00b96f9712...), Node CPUs: 64.0, Clients on node: 50
2025-12-25 05:02:09,526 - __main__ - INFO -    Client 40 -> head (2e00b96f9712...), Node CPUs: 64.0, Clients on node: 50
2025-12-25 05:02:09,527 - __main__ - INFO -    Client 41 -> head (2e00b96f9712...), Node CPUs: 64.0, Clients on node: 50
2025-12-25 05:02:09,527 - __main__ - INFO -    Client 42 -> head (2e00b96f9712...), Node CPUs: 64.0, Clients on node: 50
2025-12-25 05:02:09,527 - __main__ - INFO -    Client 43 -> head (2e00b96f9712...), Node CPUs: 64.0, Clients on node: 50
2025-12-25 05:02:09,528 - __main__ - INFO -    Client 44 -> head (2e00b96f9712...), Node CPUs: 64.0, Clients on node: 50
2025-12-25 05:02:09,528 - __main__ - INFO -    Client 45 -> head (2e00b96f9712...), Node CPUs: 64.0, Clients on node: 50
2025-12-25 05:02:09,528 - __main__ - INFO -    Client 46 -> head (2e00b96f9712...), Node CPUs: 64.0, Clients on node: 50
2025-12-25 05:02:09,529 - __main__ - INFO -    Client 47 -> head (2e00b96f9712...), Node CPUs: 64.0, Clients on node: 50
2025-12-25 05:02:09,529 - __main__ - INFO -    Client 48 -> head (2e00b96f9712...), Node CPUs: 64.0, Clients on node: 50
2025-12-25 05:02:09,530 - __main__ - INFO -    Client 49 -> head (2e00b96f9712...), Node CPUs: 64.0, Clients on node: 50
2025-12-25 05:02:09,530 - __main__ - INFO -    Client 50 -> head (2e00b96f9712...), Node CPUs: 64.0, Clients on node: 50
2025-12-25 05:02:09,530 - __main__ - INFO - 🔧 Client 1 resources: num_cpus=1.1120, num_gpus=0.0731, memory=2.00GB
2025-12-25 05:02:09,621 - __main__ - INFO - ✅ Client 1 (smartphone) started on head node (2e00b96f9712...)
2025-12-25 05:02:12,625 - __main__ - INFO - 🔧 Client 2 resources: num_cpus=1.1120, num_gpus=0.0731, memory=2.00GB
2025-12-25 05:02:12,702 - __main__ - INFO - ✅ Client 2 (smartphone) started on head node (2e00b96f9712...)
2025-12-25 05:02:15,706 - __main__ - INFO - 🔧 Client 3 resources: num_cpus=1.1120, num_gpus=0.0731, memory=2.00GB
2025-12-25 05:02:15,793 - __main__ - INFO - ✅ Client 3 (smartphone) started on head node (2e00b96f9712...)
2025-12-25 05:02:18,797 - __main__ - INFO - 🔧 Client 4 resources: num_cpus=1.1120, num_gpus=0.0731, memory=2.00GB
2025-12-25 05:02:18,878 - __main__ - INFO - ✅ Client 4 (smartphone) started on head node (2e00b96f9712...)
2025-12-25 05:02:21,879 - __main__ - INFO - 🔧 Client 5 resources: num_cpus=1.1120, num_gpus=0.0731, memory=2.00GB
2025-12-25 05:02:21,959 - __main__ - INFO - ✅ Client 5 (smartphone) started on head node (2e00b96f9712...)
2025-12-25 05:02:24,962 - __main__ - INFO - 🔧 Client 6 resources: num_cpus=1.1120, num_gpus=0.0731, memory=2.00GB
2025-12-25 05:02:25,047 - __main__ - INFO - ✅ Client 6 (smartphone) started on head node (2e00b96f9712...)
2025-12-25 05:02:28,050 - __main__ - INFO - 🔧 Client 7 resources: num_cpus=1.1120, num_gpus=0.0731, memory=2.00GB
2025-12-25 05:02:28,124 - __main__ - INFO - ✅ Client 7 (smartphone) started on head node (2e00b96f9712...)
2025-12-25 05:02:31,127 - __main__ - INFO - 🔧 Client 8 resources: num_cpus=1.1120, num_gpus=0.0731, memory=2.00GB
2025-12-25 05:02:31,204 - __main__ - INFO - ✅ Client 8 (smartphone) started on head node (2e00b96f9712...)
2025-12-25 05:02:34,208 - __main__ - INFO - 🔧 Client 9 resources: num_cpus=1.1120, num_gpus=0.0731, memory=2.00GB
2025-12-25 05:02:34,297 - __main__ - INFO - ✅ Client 9 (smartphone) started on head node (2e00b96f9712...)
2025-12-25 05:02:37,299 - __main__ - INFO - 🔧 Client 10 resources: num_cpus=1.1120, num_gpus=0.0731, memory=2.00GB
2025-12-25 05:02:37,391 - __main__ - INFO - ✅ Client 10 (smartphone) started on head node (2e00b96f9712...)
2025-12-25 05:02:40,395 - __main__ - INFO - 🔧 Client 11 resources: num_cpus=1.1120, num_gpus=0.0731, memory=2.00GB
2025-12-25 05:02:40,469 - __main__ - INFO - ✅ Client 11 (smartphone) started on head node (2e00b96f9712...)
2025-12-25 05:02:43,473 - __main__ - INFO - 🔧 Client 12 resources: num_cpus=1.1120, num_gpus=0.0731, memory=2.00GB
2025-12-25 05:02:43,579 - __main__ - INFO - ✅ Client 12 (smartphone) started on head node (2e00b96f9712...)
2025-12-25 05:02:46,583 - __main__ - INFO - 🔧 Client 13 resources: num_cpus=1.1120, num_gpus=0.0731, memory=2.00GB
2025-12-25 05:02:46,660 - __main__ - INFO - ✅ Client 13 (smartphone) started on head node (2e00b96f9712...)
2025-12-25 05:02:49,664 - __main__ - INFO - 🔧 Client 14 resources: num_cpus=1.1120, num_gpus=0.0731, memory=2.00GB
2025-12-25 05:02:49,744 - __main__ - INFO - ✅ Client 14 (smartphone) started on head node (2e00b96f9712...)
2025-12-25 05:02:52,746 - __main__ - INFO - 🔧 Client 15 resources: num_cpus=1.1120, num_gpus=0.0731, memory=2.00GB
2025-12-25 05:02:52,852 - __main__ - INFO - ✅ Client 15 (smartphone) started on head node (2e00b96f9712...)
2025-12-25 05:02:55,856 - __main__ - INFO - 🔧 Client 16 resources: num_cpus=1.1120, num_gpus=0.0731, memory=2.00GB
2025-12-25 05:02:55,927 - __main__ - INFO - ✅ Client 16 (smartphone) started on head node (2e00b96f9712...)
2025-12-25 05:02:58,930 - __main__ - INFO - 🔧 Client 17 resources: num_cpus=1.1120, num_gpus=0.0731, memory=2.00GB
2025-12-25 05:02:59,011 - __main__ - INFO - ✅ Client 17 (smartphone) started on head node (2e00b96f9712...)
2025-12-25 05:03:02,015 - __main__ - INFO - 🔧 Client 18 resources: num_cpus=1.1120, num_gpus=0.0731, memory=2.00GB
2025-12-25 05:03:02,094 - __main__ - INFO - ✅ Client 18 (smartphone) started on head node (2e00b96f9712...)
2025-12-25 05:03:05,098 - __main__ - INFO - 🔧 Client 19 resources: num_cpus=1.1120, num_gpus=0.0731, memory=2.00GB
2025-12-25 05:03:05,174 - __main__ - INFO - ✅ Client 19 (smartphone) started on head node (2e00b96f9712...)
2025-12-25 05:03:08,178 - __main__ - INFO - 🔧 Client 20 resources: num_cpus=1.1120, num_gpus=0.0731, memory=2.00GB
2025-12-25 05:03:08,253 - __main__ - INFO - ✅ Client 20 (smartphone) started on head node (2e00b96f9712...)
2025-12-25 05:03:11,255 - __main__ - INFO - 🔧 Client 21 resources: num_cpus=1.1120, num_gpus=0.0731, memory=2.00GB
2025-12-25 05:03:11,337 - __main__ - INFO - ✅ Client 21 (smartphone) started on head node (2e00b96f9712...)
2025-12-25 05:03:14,340 - __main__ - INFO - 🔧 Client 22 resources: num_cpus=1.1120, num_gpus=0.0731, memory=2.00GB
2025-12-25 05:03:14,425 - __main__ - INFO - ✅ Client 22 (smartphone) started on head node (2e00b96f9712...)
2025-12-25 05:03:17,428 - __main__ - INFO - 🔧 Client 23 resources: num_cpus=1.1120, num_gpus=0.0731, memory=2.00GB
2025-12-25 05:03:17,511 - __main__ - INFO - ✅ Client 23 (smartphone) started on head node (2e00b96f9712...)
2025-12-25 05:03:20,515 - __main__ - INFO - 🔧 Client 24 resources: num_cpus=1.1120, num_gpus=0.0731, memory=2.00GB
2025-12-25 05:03:20,593 - __main__ - INFO - ✅ Client 24 (smartphone) started on head node (2e00b96f9712...)
2025-12-25 05:03:23,596 - __main__ - INFO - 🔧 Client 25 resources: num_cpus=1.1120, num_gpus=0.0731, memory=2.00GB
2025-12-25 05:03:23,671 - __main__ - INFO - ✅ Client 25 (smartphone) started on head node (2e00b96f9712...)
2025-12-25 05:03:26,675 - __main__ - INFO - 🔧 Client 26 resources: num_cpus=1.1120, num_gpus=0.0731, memory=2.00GB
2025-12-25 05:03:26,753 - __main__ - INFO - ✅ Client 26 (smartphone) started on head node (2e00b96f9712...)
2025-12-25 05:03:29,755 - __main__ - INFO - 🔧 Client 27 resources: num_cpus=1.1120, num_gpus=0.0731, memory=2.00GB
2025-12-25 05:03:29,839 - __main__ - INFO - ✅ Client 27 (smartphone) started on head node (2e00b96f9712...)
2025-12-25 05:03:32,840 - __main__ - INFO - 🔧 Client 28 resources: num_cpus=1.1120, num_gpus=0.0731, memory=2.00GB
2025-12-25 05:03:32,920 - __main__ - INFO - ✅ Client 28 (smartphone) started on head node (2e00b96f9712...)
2025-12-25 05:03:35,924 - __main__ - INFO - 🔧 Client 29 resources: num_cpus=1.1120, num_gpus=0.0731, memory=2.00GB
2025-12-25 05:03:36,001 - __main__ - INFO - ✅ Client 29 (smartphone) started on head node (2e00b96f9712...)
2025-12-25 05:03:39,004 - __main__ - INFO - 🔧 Client 30 resources: num_cpus=1.1120, num_gpus=0.0731, memory=2.00GB
2025-12-25 05:03:39,086 - __main__ - INFO - ✅ Client 30 (smartphone) started on head node (2e00b96f9712...)
2025-12-25 05:03:42,089 - __main__ - INFO - 🔧 Client 31 resources: num_cpus=1.1120, num_gpus=0.0731, memory=2.00GB
2025-12-25 05:03:42,168 - __main__ - INFO - ✅ Client 31 (smartphone) started on head node (2e00b96f9712...)
2025-12-25 05:03:45,171 - __main__ - INFO - 🔧 Client 32 resources: num_cpus=1.1120, num_gpus=0.0731, memory=2.00GB
2025-12-25 05:03:45,243 - __main__ - INFO - ✅ Client 32 (smartphone) started on head node (2e00b96f9712...)
2025-12-25 05:03:48,247 - __main__ - INFO - 🔧 Client 33 resources: num_cpus=1.1120, num_gpus=0.0731, memory=2.00GB
2025-12-25 05:03:48,321 - __main__ - INFO - ✅ Client 33 (smartphone) started on head node (2e00b96f9712...)
2025-12-25 05:03:51,324 - __main__ - INFO - 🔧 Client 34 resources: num_cpus=1.1120, num_gpus=0.0731, memory=2.00GB
2025-12-25 05:03:51,401 - __main__ - INFO - ✅ Client 34 (smartphone) started on head node (2e00b96f9712...)
2025-12-25 05:03:54,405 - __main__ - INFO - 🔧 Client 35 resources: num_cpus=1.1120, num_gpus=0.0731, memory=2.00GB
2025-12-25 05:03:54,496 - __main__ - INFO - ✅ Client 35 (smartphone) started on head node (2e00b96f9712...)
2025-12-25 05:03:57,499 - __main__ - INFO - 🔧 Client 36 resources: num_cpus=1.1120, num_gpus=0.0731, memory=2.00GB
2025-12-25 05:03:57,578 - __main__ - INFO - ✅ Client 36 (smartphone) started on head node (2e00b96f9712...)
2025-12-25 05:04:00,581 - __main__ - INFO - 🔧 Client 37 resources: num_cpus=1.1120, num_gpus=0.0731, memory=2.00GB
2025-12-25 05:04:00,659 - __main__ - INFO - ✅ Client 37 (smartphone) started on head node (2e00b96f9712...)
2025-12-25 05:04:03,663 - __main__ - INFO - 🔧 Client 38 resources: num_cpus=1.1120, num_gpus=0.0731, memory=2.00GB
2025-12-25 05:04:03,742 - __main__ - INFO - ✅ Client 38 (smartphone) started on head node (2e00b96f9712...)
2025-12-25 05:04:06,745 - __main__ - INFO - 🔧 Client 39 resources: num_cpus=1.1120, num_gpus=0.0731, memory=2.00GB
2025-12-25 05:04:06,821 - __main__ - INFO - ✅ Client 39 (smartphone) started on head node (2e00b96f9712...)
2025-12-25 05:04:09,825 - __main__ - INFO - 🔧 Client 40 resources: num_cpus=1.1120, num_gpus=0.0731, memory=2.00GB
2025-12-25 05:04:09,905 - __main__ - INFO - ✅ Client 40 (smartphone) started on head node (2e00b96f9712...)
2025-12-25 05:04:12,909 - __main__ - INFO - 🔧 Client 41 resources: num_cpus=1.1120, num_gpus=0.0731, memory=2.00GB
2025-12-25 05:04:12,994 - __main__ - INFO - ✅ Client 41 (smartphone) started on head node (2e00b96f9712...)
2025-12-25 05:04:15,998 - __main__ - INFO - 🔧 Client 42 resources: num_cpus=1.1120, num_gpus=0.0731, memory=2.00GB
2025-12-25 05:04:16,080 - __main__ - INFO - ✅ Client 42 (smartphone) started on head node (2e00b96f9712...)
2025-12-25 05:04:19,084 - __main__ - INFO - 🔧 Client 43 resources: num_cpus=1.1120, num_gpus=0.0731, memory=2.00GB
2025-12-25 05:04:19,187 - __main__ - INFO - ✅ Client 43 (smartphone) started on head node (2e00b96f9712...)
2025-12-25 05:04:22,191 - __main__ - INFO - 🔧 Client 44 resources: num_cpus=1.1120, num_gpus=0.0731, memory=2.00GB
2025-12-25 05:04:22,274 - __main__ - INFO - ✅ Client 44 (smartphone) started on head node (2e00b96f9712...)
2025-12-25 05:04:25,278 - __main__ - INFO - 🔧 Client 45 resources: num_cpus=1.1120, num_gpus=0.0731, memory=2.00GB
2025-12-25 05:04:25,357 - __main__ - INFO - ✅ Client 45 (smartphone) started on head node (2e00b96f9712...)
2025-12-25 05:04:28,360 - __main__ - INFO - 🔧 Client 46 resources: num_cpus=1.1120, num_gpus=0.0731, memory=2.00GB
2025-12-25 05:04:28,446 - __main__ - INFO - ✅ Client 46 (smartphone) started on head node (2e00b96f9712...)
2025-12-25 05:04:31,449 - __main__ - INFO - 🔧 Client 47 resources: num_cpus=1.1120, num_gpus=0.0731, memory=2.00GB
2025-12-25 05:04:31,532 - __main__ - INFO - ✅ Client 47 (smartphone) started on head node (2e00b96f9712...)
2025-12-25 05:04:34,536 - __main__ - INFO - 🔧 Client 48 resources: num_cpus=1.1120, num_gpus=0.0731, memory=2.00GB
2025-12-25 05:04:34,617 - __main__ - INFO - ✅ Client 48 (smartphone) started on head node (2e00b96f9712...)
2025-12-25 05:04:37,621 - __main__ - INFO - 🔧 Client 49 resources: num_cpus=1.1120, num_gpus=0.0731, memory=2.00GB
2025-12-25 05:04:37,708 - __main__ - INFO - ✅ Client 49 (smartphone) started on head node (2e00b96f9712...)
2025-12-25 05:04:40,709 - __main__ - INFO - 🔧 Client 50 resources: num_cpus=1.1120, num_gpus=0.0731, memory=2.00GB
2025-12-25 05:04:40,798 - __main__ - INFO - ✅ Client 50 (smartphone) started on head node (2e00b96f9712...)
2025-12-25 05:04:43,801 - __main__ - INFO - ✅ 50/50 Docker clients started successfully
2025-12-25 05:04:43,801 - __main__ - INFO - ✅ All 50 clients have completed startup
2025-12-25 05:04:43,801 - __main__ - INFO - 📊 Starting training monitoring (999999999 seconds)...
2025-12-25 05:04:43,815 - __main__ - INFO - ⏰ 0s | Server: running (CPU) | Clients: 50 nodes (fractional GPU) | Ray GPU usage: 3.7/4.0 (91.4%)
2025-12-25 05:04:48,836 - __main__ - INFO - ⏰ 5s | Server: running (CPU) | Clients: 50 nodes (fractional GPU) | Ray GPU usage: 3.7/4.0 (91.4%)
2025-12-25 05:04:53,851 - __main__ - INFO - ⏰ 10s | Server: running (CPU) | Clients: 50 nodes (fractional GPU) | Ray GPU usage: 3.7/4.0 (91.4%)
2025-12-25 05:04:58,869 - __main__ - INFO - ⏰ 15s | Server: running (CPU) | Clients: 50 nodes (fractional GPU) | Ray GPU usage: 3.7/4.0 (91.4%)
2025-12-25 05:05:03,886 - __main__ - INFO - ⏰ 20s | Server: running (CPU) | Clients: 50 nodes (fractional GPU) | Ray GPU usage: 3.7/4.0 (91.4%)
2025-12-25 05:05:08,902 - __main__ - INFO - ⏰ 25s | Server: running (CPU) | Clients: 50 nodes (fractional GPU) | Ray GPU usage: 3.7/4.0 (91.4%)
2025-12-25 05:05:13,917 - __main__ - INFO - ⏰ 30s | Server: running (CPU) | Clients: 50 nodes (fractional GPU) | Ray GPU usage: 3.7/4.0 (91.4%)
2025-12-25 05:05:18,934 - __main__ - INFO - ⏰ 35s | Server: running (CPU) | Clients: 50 nodes (fractional GPU) | Ray GPU usage: 3.7/4.0 (91.4%)
2025-12-25 05:05:23,950 - __main__ - INFO - ⏰ 40s | Server: running (CPU) | Clients: 50 nodes (fractional GPU) | Ray GPU usage: 3.7/4.0 (91.4%)
2025-12-25 05:05:28,966 - __main__ - INFO - ⏰ 45s | Server: running (CPU) | Clients: 50 nodes (fractional GPU) | Ray GPU usage: 3.7/4.0 (91.4%)
2025-12-25 05:05:33,984 - __main__ - INFO - ⏰ 50s | Server: running (CPU) | Clients: 50 nodes (fractional GPU) | Ray GPU usage: 3.7/4.0 (91.4%)
2025-12-25 05:05:39,002 - __main__ - INFO - ⏰ 55s | Server: running (CPU) | Clients: 50 nodes (fractional GPU) | Ray GPU usage: 3.7/4.0 (91.4%)
2025-12-25 05:05:44,020 - __main__ - INFO - ⏰ 60s | Server: running (CPU) | Clients: 50 nodes (fractional GPU) | Ray GPU usage: 3.7/4.0 (91.4%)
2025-12-25 05:05:49,044 - __main__ - INFO - ⏰ 65s | Server: running (CPU) | Clients: 50 nodes (fractional GPU) | Ray GPU usage: 3.7/4.0 (91.4%)
2025-12-25 05:05:54,072 - __main__ - INFO - ⏰ 70s | Server: running (CPU) | Clients: 50 nodes (fractional GPU) | Ray GPU usage: 3.7/4.0 (91.4%)
2025-12-25 05:05:59,088 - __main__ - INFO - ⏰ 75s | Server: running (CPU) | Clients: 50 nodes (fractional GPU) | Ray GPU usage: 3.7/4.0 (91.4%)
2025-12-25 05:06:04,103 - __main__ - INFO - ⏰ 80s | Server: running (CPU) | Clients: 50 nodes (fractional GPU) | Ray GPU usage: 3.7/4.0 (91.4%)
2025-12-25 05:06:09,121 - __main__ - INFO - ⏰ 85s | Server: running (CPU) | Clients: 50 nodes (fractional GPU) | Ray GPU usage: 3.7/4.0 (91.4%)
2025-12-25 05:06:14,135 - __main__ - INFO - ⏰ 90s | Server: running (CPU) | Clients: 50 nodes (fractional GPU) | Ray GPU usage: 3.7/4.0 (91.4%)
2025-12-25 05:06:19,152 - __main__ - INFO - ⏰ 95s | Server: running (CPU) | Clients: 50 nodes (fractional GPU) | Ray GPU usage: 3.7/4.0 (91.4%)
2025-12-25 05:06:24,169 - __main__ - INFO - ⏰ 100s | Server: running (CPU) | Clients: 50 nodes (fractional GPU) | Ray GPU usage: 3.7/4.0 (91.4%)
2025-12-25 05:06:29,185 - __main__ - INFO - ⏰ 105s | Server: running (CPU) | Clients: 50 nodes (fractional GPU) | Ray GPU usage: 3.7/4.0 (91.4%)
2025-12-25 05:06:34,203 - __main__ - INFO - ⏰ 110s | Server: running (CPU) | Clients: 50 nodes (fractional GPU) | Ray GPU usage: 3.7/4.0 (91.4%)
2025-12-25 05:06:39,220 - __main__ - INFO - ⏰ 115s | Server: running (CPU) | Clients: 50 nodes (fractional GPU) | Ray GPU usage: 3.7/4.0 (91.4%)
2025-12-25 05:06:44,244 - __main__ - INFO - ⏰ 120s | Server: running (CPU) | Clients: 50 nodes (fractional GPU) | Ray GPU usage: 3.7/4.0 (91.4%)
2025-12-25 05:06:49,258 - __main__ - INFO - ⏰ 125s | Server: running (CPU) | Clients: 50 nodes (fractional GPU) | Ray GPU usage: 3.7/4.0 (91.4%)
2025-12-25 05:06:54,276 - __main__ - INFO - ⏰ 130s | Server: running (CPU) | Clients: 50 nodes (fractional GPU) | Ray GPU usage: 3.7/4.0 (91.4%)
2025-12-25 05:06:59,295 - __main__ - INFO - ⏰ 135s | Server: running (CPU) | Clients: 50 nodes (fractional GPU) | Ray GPU usage: 3.7/4.0 (91.4%)
2025-12-25 05:07:04,314 - __main__ - INFO - ⏰ 140s | Server: running (CPU) | Clients: 50 nodes (fractional GPU) | Ray GPU usage: 3.7/4.0 (91.4%)
2025-12-25 05:07:09,333 - __main__ - INFO - ⏰ 145s | Server: running (CPU) | Clients: 50 nodes (fractional GPU) | Ray GPU usage: 3.7/4.0 (91.4%)
2025-12-25 05:07:14,346 - __main__ - INFO - ⏰ 150s | Server: running (CPU) | Clients: 50 nodes (fractional GPU) | Ray GPU usage: 3.7/4.0 (91.4%)
2025-12-25 05:07:19,362 - __main__ - INFO - ⏰ 155s | Server: running (CPU) | Clients: 50 nodes (fractional GPU) | Ray GPU usage: 3.7/4.0 (91.4%)
2025-12-25 05:07:24,378 - __main__ - INFO - ⏰ 160s | Server: running (CPU) | Clients: 50 nodes (fractional GPU) | Ray GPU usage: 3.7/4.0 (91.4%)
2025-12-25 05:07:29,396 - __main__ - INFO - ⏰ 165s | Server: running (CPU) | Clients: 50 nodes (fractional GPU) | Ray GPU usage: 3.7/4.0 (91.4%)
2025-12-25 05:07:34,414 - __main__ - INFO - ⏰ 170s | Server: running (CPU) | Clients: 50 nodes (fractional GPU) | Ray GPU usage: 3.7/4.0 (91.4%)
2025-12-25 05:07:39,429 - __main__ - INFO - ⏰ 175s | Server: running (CPU) | Clients: 50 nodes (fractional GPU) | Ray GPU usage: 3.7/4.0 (91.4%)
2025-12-25 05:07:44,447 - __main__ - INFO - ⏰ 180s | Server: running (CPU) | Clients: 50 nodes (fractional GPU) | Ray GPU usage: 3.7/4.0 (91.4%)
2025-12-25 05:07:49,465 - __main__ - INFO - ⏰ 185s | Server: running (CPU) | Clients: 50 nodes (fractional GPU) | Ray GPU usage: 3.7/4.0 (91.4%)
2025-12-25 05:07:54,479 - __main__ - INFO - ⏰ 190s | Server: running (CPU) | Clients: 50 nodes (fractional GPU) | Ray GPU usage: 3.7/4.0 (91.4%)
2025-12-25 05:07:59,498 - __main__ - INFO - ⏰ 195s | Server: running (CPU) | Clients: 50 nodes (fractional GPU) | Ray GPU usage: 3.7/4.0 (91.4%)
2025-12-25 05:08:04,515 - __main__ - INFO - ⏰ 200s | Server: running (CPU) | Clients: 50 nodes (fractional GPU) | Ray GPU usage: 3.7/4.0 (91.4%)
2025-12-25 05:08:09,533 - __main__ - INFO - ⏰ 205s | Server: running (CPU) | Clients: 50 nodes (fractional GPU) | Ray GPU usage: 3.7/4.0 (91.4%)
2025-12-25 05:08:14,553 - __main__ - INFO - ⏰ 210s | Server: running (CPU) | Clients: 50 nodes (fractional GPU) | Ray GPU usage: 3.7/4.0 (91.4%)
2025-12-25 05:08:19,572 - __main__ - INFO - ⏰ 215s | Server: running (CPU) | Clients: 50 nodes (fractional GPU) | Ray GPU usage: 3.7/4.0 (91.4%)
2025-12-25 05:08:24,590 - __main__ - INFO - ⏰ 220s | Server: running (CPU) | Clients: 50 nodes (fractional GPU) | Ray GPU usage: 3.7/4.0 (91.4%)
2025-12-25 05:08:29,607 - __main__ - INFO - ⏰ 225s | Server: running (CPU) | Clients: 50 nodes (fractional GPU) | Ray GPU usage: 3.7/4.0 (91.4%)
2025-12-25 05:08:34,629 - __main__ - INFO - ⏰ 230s | Server: running (CPU) | Clients: 50 nodes (fractional GPU) | Ray GPU usage: 3.7/4.0 (91.4%)
2025-12-25 05:08:39,646 - __main__ - INFO - ⏰ 235s | Server: running (CPU) | Clients: 50 nodes (fractional GPU) | Ray GPU usage: 3.7/4.0 (91.4%)
2025-12-25 05:08:44,665 - __main__ - INFO - ⏰ 240s | Server: running (CPU) | Clients: 50 nodes (fractional GPU) | Ray GPU usage: 3.7/4.0 (91.4%)
2025-12-25 05:08:49,683 - __main__ - INFO - ⏰ 245s | Server: running (CPU) | Clients: 50 nodes (fractional GPU) | Ray GPU usage: 3.7/4.0 (91.4%)
2025-12-25 05:08:54,701 - __main__ - INFO - ⏰ 250s | Server: running (CPU) | Clients: 50 nodes (fractional GPU) | Ray GPU usage: 3.7/4.0 (91.4%)
2025-12-25 05:08:59,716 - __main__ - INFO - ⏰ 255s | Server: running (CPU) | Clients: 50 nodes (fractional GPU) | Ray GPU usage: 3.7/4.0 (91.4%)
2025-12-25 05:09:04,735 - __main__ - INFO - ⏰ 260s | Server: running (CPU) | Clients: 50 nodes (fractional GPU) | Ray GPU usage: 3.7/4.0 (91.4%)
2025-12-25 05:09:09,753 - __main__ - INFO - ⏰ 265s | Server: running (CPU) | Clients: 50 nodes (fractional GPU) | Ray GPU usage: 3.7/4.0 (91.4%)
2025-12-25 05:09:14,771 - __main__ - INFO - ⏰ 270s | Server: running (CPU) | Clients: 50 nodes (fractional GPU) | Ray GPU usage: 3.7/4.0 (91.4%)
2025-12-25 05:09:19,788 - __main__ - INFO - ⏰ 275s | Server: running (CPU) | Clients: 50 nodes (fractional GPU) | Ray GPU usage: 3.7/4.0 (91.4%)
2025-12-25 05:09:24,806 - __main__ - INFO - ⏰ 280s | Server: running (CPU) | Clients: 50 nodes (fractional GPU) | Ray GPU usage: 3.7/4.0 (91.4%)
2025-12-25 05:09:29,826 - __main__ - INFO - ⏰ 286s | Server: running (CPU) | Clients: 50 nodes (fractional GPU) | Ray GPU usage: 3.7/4.0 (91.4%)
2025-12-25 05:09:34,840 - __main__ - INFO - ⏰ 291s | Server: running (CPU) | Clients: 50 nodes (fractional GPU) | Ray GPU usage: 3.7/4.0 (91.4%)
2025-12-25 05:09:39,858 - __main__ - INFO - ⏰ 296s | Server: running (CPU) | Clients: 50 nodes (fractional GPU) | Ray GPU usage: 3.7/4.0 (91.4%)
2025-12-25 05:09:44,875 - __main__ - INFO - ⏰ 301s | Server: running (CPU) | Clients: 50 nodes (fractional GPU) | Ray GPU usage: 3.7/4.0 (91.4%)
2025-12-25 05:09:49,892 - __main__ - INFO - ⏰ 306s | Server: running (CPU) | Clients: 50 nodes (fractional GPU) | Ray GPU usage: 3.7/4.0 (91.4%)
2025-12-25 05:09:54,909 - __main__ - INFO - ⏰ 311s | Server: running (CPU) | Clients: 50 nodes (fractional GPU) | Ray GPU usage: 3.7/4.0 (91.4%)
2025-12-25 05:09:59,925 - __main__ - INFO - ⏰ 316s | Server: running (CPU) | Clients: 50 nodes (fractional GPU) | Ray GPU usage: 3.7/4.0 (91.4%)
2025-12-25 05:10:04,943 - __main__ - INFO - ⏰ 321s | Server: running (CPU) | Clients: 50 nodes (fractional GPU) | Ray GPU usage: 3.7/4.0 (91.4%)
2025-12-25 05:10:09,961 - __main__ - INFO - ⏰ 326s | Server: running (CPU) | Clients: 50 nodes (fractional GPU) | Ray GPU usage: 3.7/4.0 (91.4%)
2025-12-25 05:10:14,978 - __main__ - INFO - ⏰ 331s | Server: running (CPU) | Clients: 50 nodes (fractional GPU) | Ray GPU usage: 3.7/4.0 (91.4%)
2025-12-25 05:10:19,994 - __main__ - INFO - ⏰ 336s | Server: running (CPU) | Clients: 50 nodes (fractional GPU) | Ray GPU usage: 3.7/4.0 (91.4%)
2025-12-25 05:10:25,011 - __main__ - INFO - ⏰ 341s | Server: running (CPU) | Clients: 50 nodes (fractional GPU) | Ray GPU usage: 3.7/4.0 (91.4%)
2025-12-25 05:10:30,028 - __main__ - INFO - ⏰ 346s | Server: running (CPU) | Clients: 50 nodes (fractional GPU) | Ray GPU usage: 3.7/4.0 (91.4%)
2025-12-25 05:10:35,047 - __main__ - INFO - ⏰ 351s | Server: running (CPU) | Clients: 50 nodes (fractional GPU) | Ray GPU usage: 3.7/4.0 (91.4%)
2025-12-25 05:10:40,066 - __main__ - INFO - ⏰ 356s | Server: running (CPU) | Clients: 50 nodes (fractional GPU) | Ray GPU usage: 3.7/4.0 (91.4%)
2025-12-25 05:10:45,082 - __main__ - INFO - ⏰ 361s | Server: running (CPU) | Clients: 50 nodes (fractional GPU) | Ray GPU usage: 3.7/4.0 (91.4%)
2025-12-25 05:10:50,099 - __main__ - INFO - ⏰ 366s | Server: running (CPU) | Clients: 50 nodes (fractional GPU) | Ray GPU usage: 3.7/4.0 (91.4%)
2025-12-25 05:10:55,118 - __main__ - INFO - ⏰ 371s | Server: running (CPU) | Clients: 50 nodes (fractional GPU) | Ray GPU usage: 3.7/4.0 (91.4%)
2025-12-25 05:11:00,136 - __main__ - INFO - ⏰ 376s | Server: running (CPU) | Clients: 50 nodes (fractional GPU) | Ray GPU usage: 3.7/4.0 (91.4%)
2025-12-25 05:11:05,155 - __main__ - INFO - ⏰ 381s | Server: running (CPU) | Clients: 50 nodes (fractional GPU) | Ray GPU usage: 3.7/4.0 (91.4%)
2025-12-25 05:11:10,173 - __main__ - INFO - ⏰ 386s | Server: running (CPU) | Clients: 50 nodes (fractional GPU) | Ray GPU usage: 3.7/4.0 (91.4%)
2025-12-25 05:11:15,190 - __main__ - INFO - ⏰ 391s | Server: running (CPU) | Clients: 50 nodes (fractional GPU) | Ray GPU usage: 3.7/4.0 (91.4%)
2025-12-25 05:11:20,209 - __main__ - INFO - ⏰ 396s | Server: running (CPU) | Clients: 50 nodes (fractional GPU) | Ray GPU usage: 3.7/4.0 (91.4%)
2025-12-25 05:11:25,228 - __main__ - INFO - ⏰ 401s | Server: running (CPU) | Clients: 50 nodes (fractional GPU) | Ray GPU usage: 3.7/4.0 (91.4%)
2025-12-25 05:11:30,245 - __main__ - INFO - ⏰ 406s | Server: running (CPU) | Clients: 50 nodes (fractional GPU) | Ray GPU usage: 3.7/4.0 (91.4%)
2025-12-25 05:11:35,262 - __main__ - INFO - ⏰ 411s | Server: running (CPU) | Clients: 50 nodes (fractional GPU) | Ray GPU usage: 3.7/4.0 (91.4%)
2025-12-25 05:11:40,280 - __main__ - INFO - ⏰ 416s | Server: running (CPU) | Clients: 50 nodes (fractional GPU) | Ray GPU usage: 3.7/4.0 (91.4%)
2025-12-25 05:11:45,298 - __main__ - INFO - ⏰ 421s | Server: running (CPU) | Clients: 50 nodes (fractional GPU) | Ray GPU usage: 3.7/4.0 (91.4%)
2025-12-25 05:11:50,315 - __main__ - INFO - ⏰ 426s | Server: running (CPU) | Clients: 50 nodes (fractional GPU) | Ray GPU usage: 3.7/4.0 (91.4%)
2025-12-25 05:11:55,333 - __main__ - INFO - ⏰ 431s | Server: running (CPU) | Clients: 50 nodes (fractional GPU) | Ray GPU usage: 3.7/4.0 (91.4%)
2025-12-25 05:12:00,351 - __main__ - INFO - ⏰ 436s | Server: running (CPU) | Clients: 50 nodes (fractional GPU) | Ray GPU usage: 3.7/4.0 (91.4%)
2025-12-25 05:12:05,369 - __main__ - INFO - ⏰ 441s | Server: running (CPU) | Clients: 50 nodes (fractional GPU) | Ray GPU usage: 3.7/4.0 (91.4%)
2025-12-25 05:12:10,386 - __main__ - INFO - ⏰ 446s | Server: running (CPU) | Clients: 50 nodes (fractional GPU) | Ray GPU usage: 3.7/4.0 (91.4%)
2025-12-25 05:12:15,403 - __main__ - INFO - ⏰ 451s | Server: running (CPU) | Clients: 50 nodes (fractional GPU) | Ray GPU usage: 3.7/4.0 (91.4%)
2025-12-25 05:12:20,422 - __main__ - INFO - ⏰ 456s | Server: running (CPU) | Clients: 50 nodes (fractional GPU) | Ray GPU usage: 3.7/4.0 (91.4%)
2025-12-25 05:12:25,440 - __main__ - INFO - ⏰ 461s | Server: running (CPU) | Clients: 50 nodes (fractional GPU) | Ray GPU usage: 3.7/4.0 (91.4%)
2025-12-25 05:12:30,456 - __main__ - INFO - ⏰ 466s | Server: running (CPU) | Clients: 50 nodes (fractional GPU) | Ray GPU usage: 3.7/4.0 (91.4%)
2025-12-25 05:12:35,473 - __main__ - INFO - ⏰ 471s | Server: running (CPU) | Clients: 50 nodes (fractional GPU) | Ray GPU usage: 3.7/4.0 (91.4%)
2025-12-25 05:12:40,492 - __main__ - INFO - ⏰ 476s | Server: running (CPU) | Clients: 50 nodes (fractional GPU) | Ray GPU usage: 3.7/4.0 (91.4%)
2025-12-25 05:12:45,511 - __main__ - INFO - ⏰ 481s | Server: running (CPU) | Clients: 50 nodes (fractional GPU) | Ray GPU usage: 3.7/4.0 (91.4%)
2025-12-25 05:12:50,525 - __main__ - INFO - ⏰ 486s | Server: running (CPU) | Clients: 50 nodes (fractional GPU) | Ray GPU usage: 3.7/4.0 (91.4%)
2025-12-25 05:12:55,544 - __main__ - INFO - ⏰ 491s | Server: running (CPU) | Clients: 50 nodes (fractional GPU) | Ray GPU usage: 3.7/4.0 (91.4%)
2025-12-25 05:13:00,563 - __main__ - INFO - ⏰ 496s | Server: running (CPU) | Clients: 50 nodes (fractional GPU) | Ray GPU usage: 3.7/4.0 (91.4%)
2025-12-25 05:13:05,582 - __main__ - INFO - ⏰ 501s | Server: running (CPU) | Clients: 50 nodes (fractional GPU) | Ray GPU usage: 3.7/4.0 (91.4%)
2025-12-25 05:13:10,600 - __main__ - INFO - ⏰ 506s | Server: running (CPU) | Clients: 50 nodes (fractional GPU) | Ray GPU usage: 3.7/4.0 (91.4%)
2025-12-25 05:13:15,619 - __main__ - INFO - ⏰ 511s | Server: running (CPU) | Clients: 50 nodes (fractional GPU) | Ray GPU usage: 3.7/4.0 (91.4%)
2025-12-25 05:13:20,638 - __main__ - INFO - ⏰ 516s | Server: running (CPU) | Clients: 50 nodes (fractional GPU) | Ray GPU usage: 3.7/4.0 (91.4%)
slurmstepd-srv-it-node02: error: *** JOB 543 ON srv-it-node02 CANCELLED AT 2025-12-25T05:13:22 ***
