2025-12-21 03:50:38,861	INFO node.py:362 -- Failed to get node info b'Timed out while waiting for GCS to become available.'
Traceback (most recent call last):
  File "/home/naicheng_li/.conda/envs/flv2/bin/ray", line 7, in <module>
    sys.exit(main())
  File "/home/naicheng_li/.conda/envs/flv2/lib/python3.10/site-packages/ray/scripts/scripts.py", line 2758, in main
    return cli()
  File "/home/naicheng_li/.conda/envs/flv2/lib/python3.10/site-packages/click/core.py", line 1485, in __call__
    return self.main(*args, **kwargs)
  File "/home/naicheng_li/.conda/envs/flv2/lib/python3.10/site-packages/click/core.py", line 1406, in main
    rv = self.invoke(ctx)
  File "/home/naicheng_li/.conda/envs/flv2/lib/python3.10/site-packages/click/core.py", line 1873, in invoke
    return _process_result(sub_ctx.command.invoke(sub_ctx))
  File "/home/naicheng_li/.conda/envs/flv2/lib/python3.10/site-packages/click/core.py", line 1269, in invoke
    return ctx.invoke(self.callback, **ctx.params)
  File "/home/naicheng_li/.conda/envs/flv2/lib/python3.10/site-packages/click/core.py", line 824, in invoke
    return callback(*args, **kwargs)
  File "/home/naicheng_li/.conda/envs/flv2/lib/python3.10/site-packages/ray/autoscaler/_private/cli_logger.py", line 823, in wrapper
    return f(*args, **kwargs)
  File "/home/naicheng_li/.conda/envs/flv2/lib/python3.10/site-packages/ray/scripts/scripts.py", line 1106, in start
    node = ray._private.node.Node(
  File "/home/naicheng_li/.conda/envs/flv2/lib/python3.10/site-packages/ray/_private/node.py", line 364, in __init__
    raise Exception(
Exception: The current node timed out during startup. This could happen because some of the raylet failed to startup or the GCS has become overloaded.
srun: error: srv-it-node01: task 0: Exited with exit code 1
[2025-12-21 03:50:52,184 W 115390 115390] rpc_client.h:153: Failed to connect to GCS at address 10.0.0.2:6379 within 5 seconds.
[2025-12-21 03:51:22,188 W 115390 115390] gcs_client.cc:205: Failed to get cluster ID from GCS server: TimedOut: Timed out while waiting for GCS to become available.
[2025-12-21 03:51:28,195 W 115390 115390] rpc_client.h:153: Failed to connect to GCS at address 10.0.0.2:6379 within 5 seconds.
[2025-12-21 03:51:58,199 W 115390 115390] gcs_client.cc:205: Failed to get cluster ID from GCS server: TimedOut: Timed out while waiting for GCS to become available.
[2025-12-21 03:51:58,823 W 427128 427128] rpc_client.h:153: Failed to connect to GCS at address 10.0.0.2:6379 within 5 seconds.
[2025-12-21 03:52:04,211 W 115390 115390] rpc_client.h:153: Failed to connect to GCS at address 10.0.0.2:6379 within 5 seconds.
[2025-12-21 03:52:28,824 W 427128 427128] gcs_client.cc:205: Failed to get cluster ID from GCS server: TimedOut: Timed out while waiting for GCS to become available.
Traceback (most recent call last):
  File "/home/naicheng_li/.conda/envs/flv2/bin/ray", line 7, in <module>
    sys.exit(main())
  File "/home/naicheng_li/.conda/envs/flv2/lib/python3.10/site-packages/ray/scripts/scripts.py", line 2758, in main
    return cli()
  File "/home/naicheng_li/.conda/envs/flv2/lib/python3.10/site-packages/click/core.py", line 1485, in __call__
    return self.main(*args, **kwargs)
  File "/home/naicheng_li/.conda/envs/flv2/lib/python3.10/site-packages/click/core.py", line 1406, in main
    rv = self.invoke(ctx)
  File "/home/naicheng_li/.conda/envs/flv2/lib/python3.10/site-packages/click/core.py", line 1873, in invoke
    return _process_result(sub_ctx.command.invoke(sub_ctx))
  File "/home/naicheng_li/.conda/envs/flv2/lib/python3.10/site-packages/click/core.py", line 1269, in invoke
    return ctx.invoke(self.callback, **ctx.params)
  File "/home/naicheng_li/.conda/envs/flv2/lib/python3.10/site-packages/click/core.py", line 824, in invoke
    return callback(*args, **kwargs)
  File "/home/naicheng_li/.conda/envs/flv2/lib/python3.10/site-packages/ray/scripts/scripts.py", line 2158, in status
    gcs_client = ray._raylet.GcsClient(address=address)
  File "python/ray/_raylet.pyx", line 2625, in ray._raylet.GcsClient.__cinit__
  File "python/ray/includes/gcs_client.pxi", line 67, in ray._raylet.InnerGcsClient.standalone
  File "python/ray/includes/common.pxi", line 136, in ray._raylet.check_status_timeout_as_rpc_error
ray.exceptions.RpcError: Timed out while waiting for GCS to become available.
2025-12-21 03:52:29,293 - __main__ - INFO - 🚀 Start Ray V2 federated learning
2025-12-21 03:52:29,293 - __main__ - INFO - 📊 Configuration: 50 clients, 100 rounds training, total nodes: 51
2025-12-21 03:52:29,293 - __main__ - INFO - 🧹 Clean environment...
2025-12-21 03:52:30,389 - __main__ - INFO - ✅ Environment cleanup completed
2025-12-21 03:52:30,392 - __main__ - WARNING - ⚠️  Docker unavailable, switch to non-container mode
2025-12-21 03:52:30,412	INFO worker.py:1821 -- Connecting to existing Ray cluster at address: 10.0.0.2:6379...
[2025-12-21 03:52:34,215 W 115390 115390] gcs_client.cc:205: Failed to get cluster ID from GCS server: TimedOut: Timed out while waiting for GCS to become available.
[2025-12-21 03:52:35,422 W 427156 427156] rpc_client.h:153: Failed to connect to GCS at address 10.0.0.2:6379 within 5 seconds.
[2025-12-21 03:52:40,224 W 115390 115390] rpc_client.h:153: Failed to connect to GCS at address 10.0.0.2:6379 within 5 seconds.
srun: Job step aborted: Waiting up to 32 seconds for job step to finish.
slurmstepd-srv-it-node02: error: *** JOB 417 ON srv-it-node02 CANCELLED AT 2025-12-21T03:52:49 ***
slurmstepd-srv-it-node01: error: *** STEP 418.2 ON srv-it-node01 CANCELLED AT 2025-12-21T03:52:49 ***
