2025-12-25 03:19:50,709 - __main__ - INFO - ðŸš€ Start Ray V2 federated learning
2025-12-25 03:19:50,709 - __main__ - INFO - ðŸ“Š Configuration: 50 clients, 100 rounds training, total nodes: 51
2025-12-25 03:19:50,709 - __main__ - INFO - ðŸ§¹ Clean environment...
2025-12-25 03:19:51,997 - __main__ - INFO - âœ… Environment cleanup completed
2025-12-25 03:19:51,997 - __main__ - INFO - ðŸš€ Applying host network optimizations for ultra-high concurrency...
2025-12-25 03:19:52,112 - __main__ - WARNING - âš ï¸  22 network optimizations could not be applied (may need sudo access)
2025-12-25 03:19:52,112 - __main__ - WARNING - âš ï¸  No host network optimizations applied! High-concurrency FL may experience issues.
2025-12-25 03:19:52,112 - __main__ - WARNING -    Consider running with sudo or contacting HPC admin to apply these settings.
2025-12-25 03:19:52,112 - __main__ - INFO - ðŸ¦­ Initializing Podman rootless environment...
2025-12-25 03:19:52,115 - __main__ - WARNING - âš ï¸  Podman unavailable, trying Docker...
2025-12-25 03:19:52,116 - __main__ - INFO - ðŸ“¦ Using non-container mode (Fallback)
2025-12-25 03:19:54,162 - __main__ - INFO - ðŸ” Found available port for Ray dashboard: 8265
2025-12-25 03:19:56,707	INFO worker.py:1998 -- Started a local Ray instance. View the dashboard at [1m[32m10.0.0.2:8265 [39m[22m
/home/naicheng_li/.conda/envs/flv2/lib/python3.10/site-packages/ray/_private/worker.py:2046: FutureWarning: Tip: In future versions of Ray, Ray will no longer override accelerator visible devices env var if num_gpus=0 or num_gpus=None (default). To enable this behavior and turn off this error message, set RAY_ACCEL_ENV_VAR_OVERRIDE_ON_ZERO=0
  warnings.warn(
2025-12-25 03:19:57,721 - __main__ - INFO - ðŸš€ Ray cluster initialization completed:
2025-12-25 03:19:57,721 - __main__ - INFO -    ðŸ“Š Resources: {'object_store_memory': 145967201280.0, 'GPU': 4.0, 'memory': 376157168640.0, 'node:10.0.0.2': 1.0, 'accelerator_type:A100': 1.0, 'node:__internal_head__': 1.0, 'CPU': 64.0}
2025-12-25 03:19:57,721 - __main__ - INFO -    ðŸŒ Dashboard: http://127.0.0.1:8265
2025-12-25 03:19:57,721 - __main__ - INFO - ðŸŒ Ray Cluster Topology:
2025-12-25 03:19:57,721 - __main__ - INFO -    ðŸ“ Head node: 3ecc5a0d4001... (Server will run here)
2025-12-25 03:19:57,721 - __main__ - WARNING -    âš ï¸ No worker nodes found! Clients will run on head node (not recommended)
2025-12-25 03:19:57,722 - __main__ - INFO - ðŸŽ® Detected GPU type on node 3ecc5a0d4001...: A100 -> 40.0GB per GPU
2025-12-25 03:19:57,722 - __main__ - INFO - ðŸ“ Head node (3ecc5a0d4001...): 4.0 GPUs, 160.0GB total memory
2025-12-25 03:19:57,722 - __main__ - INFO - ðŸ“Š Total GPU memory across all nodes: 160.0GB
2025-12-25 03:19:57,722 - __main__ - INFO - ðŸ“Š Memory per client: 3.0GB â†’ Max capacity: 53 clients
2025-12-25 03:19:57,722 - __main__ - INFO -    Node 3ecc5a0d4001...: 50 clients (160.0GB / 50 = 3.2GB/client)
2025-12-25 03:19:57,723 - __main__ - INFO -    Node 3ecc5a0d4001...: 4.0 GPU, 50 clients, max 13 clients/GPU -> 0.0731 GPU/client
2025-12-25 03:19:57,723 - __main__ - INFO - ðŸŽ¯ GPU allocation summary: {'total_available_gpus': 4.0, 'total_allocated_gpus': 3.655, 'utilization_rate': '91.38%', 'server': 'CPU only', 'per_node_allocation': {'3ecc5a0d4001': {'count': 50, 'total_gpu': 3.6550000000000025}}, 'gpu_clients': 50, 'cpu_clients': 0}
2025-12-25 03:19:57,723 - __main__ - INFO - ðŸ“‹ Client distribution: 50 GPU clients, 0 CPU clients
2025-12-25 03:19:57,723 - __main__ - INFO - ðŸ“ Server scheduled to head node: 3ecc5a0d4001...
2025-12-25 03:19:57,815 - __main__ - INFO - ðŸ“¦ Using Fallback (no container) for Server
2025-12-25 03:19:57,893 - __main__ - INFO - âœ… Server started: 10.0.0.2:47285
2025-12-25 03:20:12,909 - __main__ - INFO - ðŸ“± Edge device distribution: {'smartphone': 50}
2025-12-25 03:20:12,909 - __main__ - INFO - ðŸ“Š Client distribution plan:
2025-12-25 03:20:12,910 - __main__ - INFO -    Client 1 -> head (3ecc5a0d4001...), Node CPUs: 64.0, Clients on node: 50
2025-12-25 03:20:12,910 - __main__ - INFO -    Client 2 -> head (3ecc5a0d4001...), Node CPUs: 64.0, Clients on node: 50
2025-12-25 03:20:12,911 - __main__ - INFO -    Client 3 -> head (3ecc5a0d4001...), Node CPUs: 64.0, Clients on node: 50
2025-12-25 03:20:12,911 - __main__ - INFO -    Client 4 -> head (3ecc5a0d4001...), Node CPUs: 64.0, Clients on node: 50
2025-12-25 03:20:12,911 - __main__ - INFO -    Client 5 -> head (3ecc5a0d4001...), Node CPUs: 64.0, Clients on node: 50
2025-12-25 03:20:12,912 - __main__ - INFO -    Client 6 -> head (3ecc5a0d4001...), Node CPUs: 64.0, Clients on node: 50
2025-12-25 03:20:12,912 - __main__ - INFO -    Client 7 -> head (3ecc5a0d4001...), Node CPUs: 64.0, Clients on node: 50
2025-12-25 03:20:12,913 - __main__ - INFO -    Client 8 -> head (3ecc5a0d4001...), Node CPUs: 64.0, Clients on node: 50
2025-12-25 03:20:12,913 - __main__ - INFO -    Client 9 -> head (3ecc5a0d4001...), Node CPUs: 64.0, Clients on node: 50
2025-12-25 03:20:12,914 - __main__ - INFO -    Client 10 -> head (3ecc5a0d4001...), Node CPUs: 64.0, Clients on node: 50
2025-12-25 03:20:12,914 - __main__ - INFO -    Client 11 -> head (3ecc5a0d4001...), Node CPUs: 64.0, Clients on node: 50
2025-12-25 03:20:12,914 - __main__ - INFO -    Client 12 -> head (3ecc5a0d4001...), Node CPUs: 64.0, Clients on node: 50
2025-12-25 03:20:12,915 - __main__ - INFO -    Client 13 -> head (3ecc5a0d4001...), Node CPUs: 64.0, Clients on node: 50
2025-12-25 03:20:12,915 - __main__ - INFO -    Client 14 -> head (3ecc5a0d4001...), Node CPUs: 64.0, Clients on node: 50
2025-12-25 03:20:12,915 - __main__ - INFO -    Client 15 -> head (3ecc5a0d4001...), Node CPUs: 64.0, Clients on node: 50
2025-12-25 03:20:12,916 - __main__ - INFO -    Client 16 -> head (3ecc5a0d4001...), Node CPUs: 64.0, Clients on node: 50
2025-12-25 03:20:12,916 - __main__ - INFO -    Client 17 -> head (3ecc5a0d4001...), Node CPUs: 64.0, Clients on node: 50
2025-12-25 03:20:12,916 - __main__ - INFO -    Client 18 -> head (3ecc5a0d4001...), Node CPUs: 64.0, Clients on node: 50
2025-12-25 03:20:12,917 - __main__ - INFO -    Client 19 -> head (3ecc5a0d4001...), Node CPUs: 64.0, Clients on node: 50
2025-12-25 03:20:12,917 - __main__ - INFO -    Client 20 -> head (3ecc5a0d4001...), Node CPUs: 64.0, Clients on node: 50
2025-12-25 03:20:12,917 - __main__ - INFO -    Client 21 -> head (3ecc5a0d4001...), Node CPUs: 64.0, Clients on node: 50
2025-12-25 03:20:12,918 - __main__ - INFO -    Client 22 -> head (3ecc5a0d4001...), Node CPUs: 64.0, Clients on node: 50
2025-12-25 03:20:12,918 - __main__ - INFO -    Client 23 -> head (3ecc5a0d4001...), Node CPUs: 64.0, Clients on node: 50
2025-12-25 03:20:12,918 - __main__ - INFO -    Client 24 -> head (3ecc5a0d4001...), Node CPUs: 64.0, Clients on node: 50
2025-12-25 03:20:12,919 - __main__ - INFO -    Client 25 -> head (3ecc5a0d4001...), Node CPUs: 64.0, Clients on node: 50
2025-12-25 03:20:12,919 - __main__ - INFO -    Client 26 -> head (3ecc5a0d4001...), Node CPUs: 64.0, Clients on node: 50
2025-12-25 03:20:12,920 - __main__ - INFO -    Client 27 -> head (3ecc5a0d4001...), Node CPUs: 64.0, Clients on node: 50
2025-12-25 03:20:12,920 - __main__ - INFO -    Client 28 -> head (3ecc5a0d4001...), Node CPUs: 64.0, Clients on node: 50
2025-12-25 03:20:12,920 - __main__ - INFO -    Client 29 -> head (3ecc5a0d4001...), Node CPUs: 64.0, Clients on node: 50
2025-12-25 03:20:12,920 - __main__ - INFO -    Client 30 -> head (3ecc5a0d4001...), Node CPUs: 64.0, Clients on node: 50
2025-12-25 03:20:12,921 - __main__ - INFO -    Client 31 -> head (3ecc5a0d4001...), Node CPUs: 64.0, Clients on node: 50
2025-12-25 03:20:12,921 - __main__ - INFO -    Client 32 -> head (3ecc5a0d4001...), Node CPUs: 64.0, Clients on node: 50
2025-12-25 03:20:12,922 - __main__ - INFO -    Client 33 -> head (3ecc5a0d4001...), Node CPUs: 64.0, Clients on node: 50
2025-12-25 03:20:12,922 - __main__ - INFO -    Client 34 -> head (3ecc5a0d4001...), Node CPUs: 64.0, Clients on node: 50
2025-12-25 03:20:12,922 - __main__ - INFO -    Client 35 -> head (3ecc5a0d4001...), Node CPUs: 64.0, Clients on node: 50
2025-12-25 03:20:12,923 - __main__ - INFO -    Client 36 -> head (3ecc5a0d4001...), Node CPUs: 64.0, Clients on node: 50
2025-12-25 03:20:12,923 - __main__ - INFO -    Client 37 -> head (3ecc5a0d4001...), Node CPUs: 64.0, Clients on node: 50
2025-12-25 03:20:12,923 - __main__ - INFO -    Client 38 -> head (3ecc5a0d4001...), Node CPUs: 64.0, Clients on node: 50
2025-12-25 03:20:12,924 - __main__ - INFO -    Client 39 -> head (3ecc5a0d4001...), Node CPUs: 64.0, Clients on node: 50
2025-12-25 03:20:12,924 - __main__ - INFO -    Client 40 -> head (3ecc5a0d4001...), Node CPUs: 64.0, Clients on node: 50
2025-12-25 03:20:12,924 - __main__ - INFO -    Client 41 -> head (3ecc5a0d4001...), Node CPUs: 64.0, Clients on node: 50
2025-12-25 03:20:12,925 - __main__ - INFO -    Client 42 -> head (3ecc5a0d4001...), Node CPUs: 64.0, Clients on node: 50
2025-12-25 03:20:12,925 - __main__ - INFO -    Client 43 -> head (3ecc5a0d4001...), Node CPUs: 64.0, Clients on node: 50
2025-12-25 03:20:12,925 - __main__ - INFO -    Client 44 -> head (3ecc5a0d4001...), Node CPUs: 64.0, Clients on node: 50
2025-12-25 03:20:12,926 - __main__ - INFO -    Client 45 -> head (3ecc5a0d4001...), Node CPUs: 64.0, Clients on node: 50
2025-12-25 03:20:12,926 - __main__ - INFO -    Client 46 -> head (3ecc5a0d4001...), Node CPUs: 64.0, Clients on node: 50
2025-12-25 03:20:12,926 - __main__ - INFO -    Client 47 -> head (3ecc5a0d4001...), Node CPUs: 64.0, Clients on node: 50
2025-12-25 03:20:12,927 - __main__ - INFO -    Client 48 -> head (3ecc5a0d4001...), Node CPUs: 64.0, Clients on node: 50
2025-12-25 03:20:12,927 - __main__ - INFO -    Client 49 -> head (3ecc5a0d4001...), Node CPUs: 64.0, Clients on node: 50
2025-12-25 03:20:12,927 - __main__ - INFO -    Client 50 -> head (3ecc5a0d4001...), Node CPUs: 64.0, Clients on node: 50
2025-12-25 03:20:12,928 - __main__ - INFO - ðŸ”§ Client 1 resources: num_cpus=1.1120, num_gpus=0.0731, memory=2.00GB
2025-12-25 03:20:13,020 - __main__ - INFO - âœ… Client 1 (smartphone) started on head node (3ecc5a0d4001...)
2025-12-25 03:20:16,024 - __main__ - INFO - ðŸ”§ Client 2 resources: num_cpus=1.1120, num_gpus=0.0731, memory=2.00GB
2025-12-25 03:20:16,105 - __main__ - INFO - âœ… Client 2 (smartphone) started on head node (3ecc5a0d4001...)
2025-12-25 03:20:19,109 - __main__ - INFO - ðŸ”§ Client 3 resources: num_cpus=1.1120, num_gpus=0.0731, memory=2.00GB
2025-12-25 03:20:19,207 - __main__ - INFO - âœ… Client 3 (smartphone) started on head node (3ecc5a0d4001...)
2025-12-25 03:20:22,210 - __main__ - INFO - ðŸ”§ Client 4 resources: num_cpus=1.1120, num_gpus=0.0731, memory=2.00GB
2025-12-25 03:20:22,288 - __main__ - INFO - âœ… Client 4 (smartphone) started on head node (3ecc5a0d4001...)
2025-12-25 03:20:25,292 - __main__ - INFO - ðŸ”§ Client 5 resources: num_cpus=1.1120, num_gpus=0.0731, memory=2.00GB
2025-12-25 03:20:25,370 - __main__ - INFO - âœ… Client 5 (smartphone) started on head node (3ecc5a0d4001...)
2025-12-25 03:20:28,374 - __main__ - INFO - ðŸ”§ Client 6 resources: num_cpus=1.1120, num_gpus=0.0731, memory=2.00GB
2025-12-25 03:20:28,454 - __main__ - INFO - âœ… Client 6 (smartphone) started on head node (3ecc5a0d4001...)
2025-12-25 03:20:31,458 - __main__ - INFO - ðŸ”§ Client 7 resources: num_cpus=1.1120, num_gpus=0.0731, memory=2.00GB
2025-12-25 03:20:31,535 - __main__ - INFO - âœ… Client 7 (smartphone) started on head node (3ecc5a0d4001...)
2025-12-25 03:20:34,539 - __main__ - INFO - ðŸ”§ Client 8 resources: num_cpus=1.1120, num_gpus=0.0731, memory=2.00GB
2025-12-25 03:20:34,612 - __main__ - INFO - âœ… Client 8 (smartphone) started on head node (3ecc5a0d4001...)
2025-12-25 03:20:37,617 - __main__ - INFO - ðŸ”§ Client 9 resources: num_cpus=1.1120, num_gpus=0.0731, memory=2.00GB
2025-12-25 03:20:37,687 - __main__ - INFO - âœ… Client 9 (smartphone) started on head node (3ecc5a0d4001...)
2025-12-25 03:20:40,690 - __main__ - INFO - ðŸ”§ Client 10 resources: num_cpus=1.1120, num_gpus=0.0731, memory=2.00GB
2025-12-25 03:20:40,763 - __main__ - INFO - âœ… Client 10 (smartphone) started on head node (3ecc5a0d4001...)
2025-12-25 03:20:43,766 - __main__ - INFO - ðŸ”§ Client 11 resources: num_cpus=1.1120, num_gpus=0.0731, memory=2.00GB
2025-12-25 03:20:43,836 - __main__ - INFO - âœ… Client 11 (smartphone) started on head node (3ecc5a0d4001...)
2025-12-25 03:20:46,838 - __main__ - INFO - ðŸ”§ Client 12 resources: num_cpus=1.1120, num_gpus=0.0731, memory=2.00GB
2025-12-25 03:20:46,925 - __main__ - INFO - âœ… Client 12 (smartphone) started on head node (3ecc5a0d4001...)
2025-12-25 03:20:49,929 - __main__ - INFO - ðŸ”§ Client 13 resources: num_cpus=1.1120, num_gpus=0.0731, memory=2.00GB
2025-12-25 03:20:50,002 - __main__ - INFO - âœ… Client 13 (smartphone) started on head node (3ecc5a0d4001...)
2025-12-25 03:20:53,006 - __main__ - INFO - ðŸ”§ Client 14 resources: num_cpus=1.1120, num_gpus=0.0731, memory=2.00GB
2025-12-25 03:20:53,080 - __main__ - INFO - âœ… Client 14 (smartphone) started on head node (3ecc5a0d4001...)
2025-12-25 03:20:56,083 - __main__ - INFO - ðŸ”§ Client 15 resources: num_cpus=1.1120, num_gpus=0.0731, memory=2.00GB
2025-12-25 03:20:56,158 - __main__ - INFO - âœ… Client 15 (smartphone) started on head node (3ecc5a0d4001...)
2025-12-25 03:20:59,160 - __main__ - INFO - ðŸ”§ Client 16 resources: num_cpus=1.1120, num_gpus=0.0731, memory=2.00GB
2025-12-25 03:20:59,236 - __main__ - INFO - âœ… Client 16 (smartphone) started on head node (3ecc5a0d4001...)
2025-12-25 03:21:02,239 - __main__ - INFO - ðŸ”§ Client 17 resources: num_cpus=1.1120, num_gpus=0.0731, memory=2.00GB
2025-12-25 03:21:02,312 - __main__ - INFO - âœ… Client 17 (smartphone) started on head node (3ecc5a0d4001...)
2025-12-25 03:21:05,316 - __main__ - INFO - ðŸ”§ Client 18 resources: num_cpus=1.1120, num_gpus=0.0731, memory=2.00GB
2025-12-25 03:21:05,389 - __main__ - INFO - âœ… Client 18 (smartphone) started on head node (3ecc5a0d4001...)
2025-12-25 03:21:08,392 - __main__ - INFO - ðŸ”§ Client 19 resources: num_cpus=1.1120, num_gpus=0.0731, memory=2.00GB
2025-12-25 03:21:08,475 - __main__ - INFO - âœ… Client 19 (smartphone) started on head node (3ecc5a0d4001...)
2025-12-25 03:21:11,478 - __main__ - INFO - ðŸ”§ Client 20 resources: num_cpus=1.1120, num_gpus=0.0731, memory=2.00GB
2025-12-25 03:21:11,556 - __main__ - INFO - âœ… Client 20 (smartphone) started on head node (3ecc5a0d4001...)
2025-12-25 03:21:14,558 - __main__ - INFO - ðŸ”§ Client 21 resources: num_cpus=1.1120, num_gpus=0.0731, memory=2.00GB
2025-12-25 03:21:14,628 - __main__ - INFO - âœ… Client 21 (smartphone) started on head node (3ecc5a0d4001...)
2025-12-25 03:21:17,632 - __main__ - INFO - ðŸ”§ Client 22 resources: num_cpus=1.1120, num_gpus=0.0731, memory=2.00GB
2025-12-25 03:21:17,706 - __main__ - INFO - âœ… Client 22 (smartphone) started on head node (3ecc5a0d4001...)
2025-12-25 03:21:20,709 - __main__ - INFO - ðŸ”§ Client 23 resources: num_cpus=1.1120, num_gpus=0.0731, memory=2.00GB
2025-12-25 03:21:20,783 - __main__ - INFO - âœ… Client 23 (smartphone) started on head node (3ecc5a0d4001...)
2025-12-25 03:21:23,786 - __main__ - INFO - ðŸ”§ Client 24 resources: num_cpus=1.1120, num_gpus=0.0731, memory=2.00GB
2025-12-25 03:21:23,864 - __main__ - INFO - âœ… Client 24 (smartphone) started on head node (3ecc5a0d4001...)
2025-12-25 03:21:26,866 - __main__ - INFO - ðŸ”§ Client 25 resources: num_cpus=1.1120, num_gpus=0.0731, memory=2.00GB
2025-12-25 03:21:26,951 - __main__ - INFO - âœ… Client 25 (smartphone) started on head node (3ecc5a0d4001...)
2025-12-25 03:21:29,955 - __main__ - INFO - ðŸ”§ Client 26 resources: num_cpus=1.1120, num_gpus=0.0731, memory=2.00GB
2025-12-25 03:21:30,038 - __main__ - INFO - âœ… Client 26 (smartphone) started on head node (3ecc5a0d4001...)
2025-12-25 03:21:33,042 - __main__ - INFO - ðŸ”§ Client 27 resources: num_cpus=1.1120, num_gpus=0.0731, memory=2.00GB
2025-12-25 03:21:33,118 - __main__ - INFO - âœ… Client 27 (smartphone) started on head node (3ecc5a0d4001...)
slurmstepd-srv-it-node02: error: *** JOB 537 ON srv-it-node02 CANCELLED AT 2025-12-25T03:21:34 ***
