/home/naicheng_li/.conda/envs/flv2/lib/python3.10/site-packages/torch/cuda/__init__.py:174: UserWarning: CUDA initialization: CUDA driver initialization failed, you might not have a CUDA gpu. (Triggered internally at /pytorch/c10/cuda/CUDAFunctions.cpp:109.)
  return torch._C._cuda_getDeviceCount() > 0
/home/naicheng_li/.conda/envs/flv2/lib/python3.10/site-packages/torch/cuda/__init__.py:174: UserWarning: CUDA initialization: CUDA driver initialization failed, you might not have a CUDA gpu. (Triggered internally at /pytorch/c10/cuda/CUDAFunctions.cpp:109.)
  return torch._C._cuda_getDeviceCount() > 0
2025-12-27 01:07:59,133 - __main__ - INFO - 🚀 Start Ray V2 federated learning
2025-12-27 01:07:59,134 - __main__ - INFO - 📊 Configuration: 50 clients, 100 rounds training, total nodes: 51
2025-12-27 01:07:59,134 - __main__ - INFO - 🧹 Clean environment...
2025-12-27 01:07:59,167 - __main__ - INFO - 🗑️  Cleaned tmpfs chunk directory: /tmp/fl_chunks
2025-12-27 01:07:59,771 - __main__ - DEBUG - 🗑️  Cleaned mount directory (simple): /home/naicheng_li/FLTorrent/docker_data/tmp
2025-12-27 01:07:59,774 - __main__ - DEBUG - 🗑️  Cleaned mount directory (simple): /home/naicheng_li/FLTorrent/docker_data/app_tmp
2025-12-27 01:08:00,783 - __main__ - INFO - ✅ Environment cleanup completed
2025-12-27 01:08:00,783 - __main__ - INFO - 🚀 Applying host network optimizations for ultra-high concurrency...
2025-12-27 01:08:00,861 - __main__ - WARNING - ⚠️  22 network optimizations could not be applied (may need sudo access)
2025-12-27 01:08:00,862 - __main__ - DEBUG -    Failed: net.core.somaxconn - sudo: you do not exist in the passwd database
2025-12-27 01:08:00,862 - __main__ - DEBUG -    Failed: net.core.netdev_max_backlog - sudo: you do not exist in the passwd database
2025-12-27 01:08:00,862 - __main__ - DEBUG -    Failed: net.core.rmem_default - sudo: you do not exist in the passwd database
2025-12-27 01:08:00,862 - __main__ - WARNING - ⚠️  No host network optimizations applied! High-concurrency FL may experience issues.
2025-12-27 01:08:00,862 - __main__ - WARNING -    Consider running with sudo or contacting HPC admin to apply these settings.
2025-12-27 01:08:00,862 - __main__ - INFO - 🦭 Initializing Podman rootless environment...
2025-12-27 01:08:00,865 - __main__ - WARNING - ⚠️  Podman unavailable, trying Docker...
2025-12-27 01:08:00,865 - __main__ - INFO - 📦 Using non-container mode (Fallback)
2025-12-27 01:08:02,500 - __main__ - INFO - 🔍 Found available port for Ray dashboard: 8265
2025-12-27 01:08:02,611 - filelock - DEBUG - Attempting to acquire lock 140082036763104 on /home/naicheng_li/ray/session_2025-12-27_01-08-02_599033_793038/node_ip_address.json.lock
2025-12-27 01:08:02,613 - filelock - DEBUG - Lock 140082036763104 acquired on /home/naicheng_li/ray/session_2025-12-27_01-08-02_599033_793038/node_ip_address.json.lock
2025-12-27 01:08:02,616 - filelock - DEBUG - Attempting to release lock 140082036763104 on /home/naicheng_li/ray/session_2025-12-27_01-08-02_599033_793038/node_ip_address.json.lock
2025-12-27 01:08:02,616 - filelock - DEBUG - Lock 140082036763104 released on /home/naicheng_li/ray/session_2025-12-27_01-08-02_599033_793038/node_ip_address.json.lock
2025-12-27 01:08:02,618 - filelock - DEBUG - Attempting to acquire lock 140082036754704 on /home/naicheng_li/ray/session_2025-12-27_01-08-02_599033_793038/ports_by_node.json.lock
2025-12-27 01:08:02,619 - filelock - DEBUG - Lock 140082036754704 acquired on /home/naicheng_li/ray/session_2025-12-27_01-08-02_599033_793038/ports_by_node.json.lock
2025-12-27 01:08:02,621 - filelock - DEBUG - Attempting to release lock 140082036754704 on /home/naicheng_li/ray/session_2025-12-27_01-08-02_599033_793038/ports_by_node.json.lock
2025-12-27 01:08:02,621 - filelock - DEBUG - Lock 140082036754704 released on /home/naicheng_li/ray/session_2025-12-27_01-08-02_599033_793038/ports_by_node.json.lock
2025-12-27 01:08:02,621 - filelock - DEBUG - Attempting to acquire lock 140082036766176 on /home/naicheng_li/ray/session_2025-12-27_01-08-02_599033_793038/ports_by_node.json.lock
2025-12-27 01:08:02,623 - filelock - DEBUG - Lock 140082036766176 acquired on /home/naicheng_li/ray/session_2025-12-27_01-08-02_599033_793038/ports_by_node.json.lock
2025-12-27 01:08:02,624 - filelock - DEBUG - Attempting to release lock 140082036766176 on /home/naicheng_li/ray/session_2025-12-27_01-08-02_599033_793038/ports_by_node.json.lock
2025-12-27 01:08:02,624 - filelock - DEBUG - Lock 140082036766176 released on /home/naicheng_li/ray/session_2025-12-27_01-08-02_599033_793038/ports_by_node.json.lock
2025-12-27 01:08:02,624 - filelock - DEBUG - Attempting to acquire lock 140082036753984 on /home/naicheng_li/ray/session_2025-12-27_01-08-02_599033_793038/ports_by_node.json.lock
2025-12-27 01:08:02,625 - filelock - DEBUG - Lock 140082036753984 acquired on /home/naicheng_li/ray/session_2025-12-27_01-08-02_599033_793038/ports_by_node.json.lock
2025-12-27 01:08:02,626 - filelock - DEBUG - Attempting to release lock 140082036753984 on /home/naicheng_li/ray/session_2025-12-27_01-08-02_599033_793038/ports_by_node.json.lock
2025-12-27 01:08:02,627 - filelock - DEBUG - Lock 140082036753984 released on /home/naicheng_li/ray/session_2025-12-27_01-08-02_599033_793038/ports_by_node.json.lock
2025-12-27 01:08:02,627 - filelock - DEBUG - Attempting to acquire lock 140082036755952 on /home/naicheng_li/ray/session_2025-12-27_01-08-02_599033_793038/ports_by_node.json.lock
2025-12-27 01:08:02,628 - filelock - DEBUG - Lock 140082036755952 acquired on /home/naicheng_li/ray/session_2025-12-27_01-08-02_599033_793038/ports_by_node.json.lock
2025-12-27 01:08:02,629 - filelock - DEBUG - Attempting to release lock 140082036755952 on /home/naicheng_li/ray/session_2025-12-27_01-08-02_599033_793038/ports_by_node.json.lock
2025-12-27 01:08:02,629 - filelock - DEBUG - Lock 140082036755952 released on /home/naicheng_li/ray/session_2025-12-27_01-08-02_599033_793038/ports_by_node.json.lock
2025-12-27 01:08:02,630 - filelock - DEBUG - Attempting to acquire lock 140082036767664 on /home/naicheng_li/ray/session_2025-12-27_01-08-02_599033_793038/ports_by_node.json.lock
2025-12-27 01:08:02,631 - filelock - DEBUG - Lock 140082036767664 acquired on /home/naicheng_li/ray/session_2025-12-27_01-08-02_599033_793038/ports_by_node.json.lock
2025-12-27 01:08:02,632 - filelock - DEBUG - Attempting to release lock 140082036767664 on /home/naicheng_li/ray/session_2025-12-27_01-08-02_599033_793038/ports_by_node.json.lock
2025-12-27 01:08:02,632 - filelock - DEBUG - Lock 140082036767664 released on /home/naicheng_li/ray/session_2025-12-27_01-08-02_599033_793038/ports_by_node.json.lock
2025-12-27 01:08:06,252	INFO worker.py:1998 -- Started a local Ray instance. View the dashboard at [1m[32m10.0.0.3:8265 [39m[22m
/home/naicheng_li/.conda/envs/flv2/lib/python3.10/site-packages/ray/_private/worker.py:2046: FutureWarning: Tip: In future versions of Ray, Ray will no longer override accelerator visible devices env var if num_gpus=0 or num_gpus=None (default). To enable this behavior and turn off this error message, set RAY_ACCEL_ENV_VAR_OVERRIDE_ON_ZERO=0
  warnings.warn(
2025-12-27 01:08:08,290 - __main__ - INFO - 🚀 Ray cluster initialization completed:
2025-12-27 01:08:08,290 - __main__ - INFO -    📊 Resources: {'node:10.0.0.3': 1.0, 'accelerator_type:A100': 1.0, 'object_store_memory': 438187168972.0, 'node:__internal_head__': 1.0, 'CPU': 128.0, 'memory': 1160966675252.0, 'GPU': 2.0}
2025-12-27 01:08:08,290 - __main__ - INFO -    🌐 Dashboard: http://127.0.0.1:8265
2025-12-27 01:08:08,290 - __main__ - DEBUG - Found node: 5d8477d6bfd6... IP: 10.0.0.3, Resources: {'accelerator_type:A100': 1.0, 'GPU': 2.0, 'memory': 1160966675252.0, 'node:__internal_head__': 1.0, 'node:10.0.0.3': 1.0, 'CPU': 128.0, 'object_store_memory': 438187168972.0}
2025-12-27 01:08:08,291 - __main__ - INFO - 🌐 Ray Cluster Topology:
2025-12-27 01:08:08,291 - __main__ - INFO -    📍 Head node: 5d8477d6bfd6... (Server will run here)
2025-12-27 01:08:08,291 - __main__ - WARNING -    ⚠️ No worker nodes found! Clients will run on head node (not recommended)
2025-12-27 01:08:08,291 - __main__ - INFO - 🎮 Detected GPU type on node 5d8477d6bfd6...: A100 -> 40.0GB per GPU
2025-12-27 01:08:08,291 - __main__ - INFO - 📍 Head node (5d8477d6bfd6...): 2.0 GPUs, 80.0GB total memory
2025-12-27 01:08:08,291 - __main__ - INFO - 📊 Total GPU memory across all nodes: 80.0GB
2025-12-27 01:08:08,291 - __main__ - INFO - 📊 Memory per client: 3.0GB → Max capacity: 26 clients
2025-12-27 01:08:08,291 - __main__ - WARNING - ⚠️ Node 5d8477d6bfd6... assigned 50 clients but max capacity is 26
2025-12-27 01:08:08,291 - __main__ - INFO -    Node 5d8477d6bfd6...: 50 clients (80.0GB / 50 = 1.6GB/client)
2025-12-27 01:08:08,368 - __main__ - INFO -    Node 5d8477d6bfd6...: 2.0 GPU, 50 clients, max 25 clients/GPU -> 0.0380 GPU/client
2025-12-27 01:08:08,368 - __main__ - INFO - 🎯 GPU allocation summary: {'total_available_gpus': 2.0, 'total_allocated_gpus': 1.9, 'utilization_rate': '95.00%', 'server': 'CPU only', 'per_node_allocation': {'5d8477d6bfd6': {'count': 50, 'total_gpu': 1.900000000000001}}, 'gpu_clients': 50, 'cpu_clients': 0}
2025-12-27 01:08:08,368 - __main__ - INFO - 📋 Client distribution: 50 GPU clients, 0 CPU clients
2025-12-27 01:08:08,369 - __main__ - INFO - 🔌 Single-node mode detected - UDS can be enabled
2025-12-27 01:08:08,369 - __main__ - INFO - 📍 Server scheduled to head node: 5d8477d6bfd6...
2025-12-27 01:08:08,402 - __main__ - INFO - 📦 Using Fallback (no container) for Server
2025-12-27 01:08:08,473 - __main__ - INFO - ✅ Server started: unix:///tmp/federatedscope_uds/server_48439.sock:48439
2025-12-27 01:08:23,489 - __main__ - INFO - 📱 Edge device distribution: {'smartphone': 50}
2025-12-27 01:08:23,489 - __main__ - INFO - 📊 Client distribution plan:
2025-12-27 01:08:23,490 - __main__ - INFO -    Client 1 -> head (5d8477d6bfd6...), Node CPUs: 128.0, Clients on node: 50
2025-12-27 01:08:23,490 - __main__ - INFO -    Client 2 -> head (5d8477d6bfd6...), Node CPUs: 128.0, Clients on node: 50
2025-12-27 01:08:23,491 - __main__ - INFO -    Client 3 -> head (5d8477d6bfd6...), Node CPUs: 128.0, Clients on node: 50
2025-12-27 01:08:23,491 - __main__ - INFO -    Client 4 -> head (5d8477d6bfd6...), Node CPUs: 128.0, Clients on node: 50
2025-12-27 01:08:23,492 - __main__ - INFO -    Client 5 -> head (5d8477d6bfd6...), Node CPUs: 128.0, Clients on node: 50
2025-12-27 01:08:23,492 - __main__ - INFO -    Client 6 -> head (5d8477d6bfd6...), Node CPUs: 128.0, Clients on node: 50
2025-12-27 01:08:23,493 - __main__ - INFO -    Client 7 -> head (5d8477d6bfd6...), Node CPUs: 128.0, Clients on node: 50
2025-12-27 01:08:23,493 - __main__ - INFO -    Client 8 -> head (5d8477d6bfd6...), Node CPUs: 128.0, Clients on node: 50
2025-12-27 01:08:23,494 - __main__ - INFO -    Client 9 -> head (5d8477d6bfd6...), Node CPUs: 128.0, Clients on node: 50
2025-12-27 01:08:23,494 - __main__ - INFO -    Client 10 -> head (5d8477d6bfd6...), Node CPUs: 128.0, Clients on node: 50
2025-12-27 01:08:23,494 - __main__ - INFO -    Client 11 -> head (5d8477d6bfd6...), Node CPUs: 128.0, Clients on node: 50
2025-12-27 01:08:23,495 - __main__ - INFO -    Client 12 -> head (5d8477d6bfd6...), Node CPUs: 128.0, Clients on node: 50
2025-12-27 01:08:23,495 - __main__ - INFO -    Client 13 -> head (5d8477d6bfd6...), Node CPUs: 128.0, Clients on node: 50
2025-12-27 01:08:23,495 - __main__ - INFO -    Client 14 -> head (5d8477d6bfd6...), Node CPUs: 128.0, Clients on node: 50
2025-12-27 01:08:23,496 - __main__ - INFO -    Client 15 -> head (5d8477d6bfd6...), Node CPUs: 128.0, Clients on node: 50
2025-12-27 01:08:23,496 - __main__ - INFO -    Client 16 -> head (5d8477d6bfd6...), Node CPUs: 128.0, Clients on node: 50
2025-12-27 01:08:23,497 - __main__ - INFO -    Client 17 -> head (5d8477d6bfd6...), Node CPUs: 128.0, Clients on node: 50
2025-12-27 01:08:23,497 - __main__ - INFO -    Client 18 -> head (5d8477d6bfd6...), Node CPUs: 128.0, Clients on node: 50
2025-12-27 01:08:23,497 - __main__ - INFO -    Client 19 -> head (5d8477d6bfd6...), Node CPUs: 128.0, Clients on node: 50
2025-12-27 01:08:23,498 - __main__ - INFO -    Client 20 -> head (5d8477d6bfd6...), Node CPUs: 128.0, Clients on node: 50
2025-12-27 01:08:23,498 - __main__ - INFO -    Client 21 -> head (5d8477d6bfd6...), Node CPUs: 128.0, Clients on node: 50
2025-12-27 01:08:23,499 - __main__ - INFO -    Client 22 -> head (5d8477d6bfd6...), Node CPUs: 128.0, Clients on node: 50
2025-12-27 01:08:23,499 - __main__ - INFO -    Client 23 -> head (5d8477d6bfd6...), Node CPUs: 128.0, Clients on node: 50
2025-12-27 01:08:23,500 - __main__ - INFO -    Client 24 -> head (5d8477d6bfd6...), Node CPUs: 128.0, Clients on node: 50
2025-12-27 01:08:23,500 - __main__ - INFO -    Client 25 -> head (5d8477d6bfd6...), Node CPUs: 128.0, Clients on node: 50
2025-12-27 01:08:23,500 - __main__ - INFO -    Client 26 -> head (5d8477d6bfd6...), Node CPUs: 128.0, Clients on node: 50
2025-12-27 01:08:23,501 - __main__ - INFO -    Client 27 -> head (5d8477d6bfd6...), Node CPUs: 128.0, Clients on node: 50
2025-12-27 01:08:23,501 - __main__ - INFO -    Client 28 -> head (5d8477d6bfd6...), Node CPUs: 128.0, Clients on node: 50
2025-12-27 01:08:23,502 - __main__ - INFO -    Client 29 -> head (5d8477d6bfd6...), Node CPUs: 128.0, Clients on node: 50
2025-12-27 01:08:23,502 - __main__ - INFO -    Client 30 -> head (5d8477d6bfd6...), Node CPUs: 128.0, Clients on node: 50
2025-12-27 01:08:23,502 - __main__ - INFO -    Client 31 -> head (5d8477d6bfd6...), Node CPUs: 128.0, Clients on node: 50
2025-12-27 01:08:23,503 - __main__ - INFO -    Client 32 -> head (5d8477d6bfd6...), Node CPUs: 128.0, Clients on node: 50
2025-12-27 01:08:23,503 - __main__ - INFO -    Client 33 -> head (5d8477d6bfd6...), Node CPUs: 128.0, Clients on node: 50
2025-12-27 01:08:23,503 - __main__ - INFO -    Client 34 -> head (5d8477d6bfd6...), Node CPUs: 128.0, Clients on node: 50
2025-12-27 01:08:23,504 - __main__ - INFO -    Client 35 -> head (5d8477d6bfd6...), Node CPUs: 128.0, Clients on node: 50
2025-12-27 01:08:23,504 - __main__ - INFO -    Client 36 -> head (5d8477d6bfd6...), Node CPUs: 128.0, Clients on node: 50
2025-12-27 01:08:23,504 - __main__ - INFO -    Client 37 -> head (5d8477d6bfd6...), Node CPUs: 128.0, Clients on node: 50
2025-12-27 01:08:23,505 - __main__ - INFO -    Client 38 -> head (5d8477d6bfd6...), Node CPUs: 128.0, Clients on node: 50
2025-12-27 01:08:23,505 - __main__ - INFO -    Client 39 -> head (5d8477d6bfd6...), Node CPUs: 128.0, Clients on node: 50
2025-12-27 01:08:23,505 - __main__ - INFO -    Client 40 -> head (5d8477d6bfd6...), Node CPUs: 128.0, Clients on node: 50
2025-12-27 01:08:23,506 - __main__ - INFO -    Client 41 -> head (5d8477d6bfd6...), Node CPUs: 128.0, Clients on node: 50
2025-12-27 01:08:23,506 - __main__ - INFO -    Client 42 -> head (5d8477d6bfd6...), Node CPUs: 128.0, Clients on node: 50
2025-12-27 01:08:23,506 - __main__ - INFO -    Client 43 -> head (5d8477d6bfd6...), Node CPUs: 128.0, Clients on node: 50
2025-12-27 01:08:23,507 - __main__ - INFO -    Client 44 -> head (5d8477d6bfd6...), Node CPUs: 128.0, Clients on node: 50
2025-12-27 01:08:23,507 - __main__ - INFO -    Client 45 -> head (5d8477d6bfd6...), Node CPUs: 128.0, Clients on node: 50
2025-12-27 01:08:23,508 - __main__ - INFO -    Client 46 -> head (5d8477d6bfd6...), Node CPUs: 128.0, Clients on node: 50
2025-12-27 01:08:23,508 - __main__ - INFO -    Client 47 -> head (5d8477d6bfd6...), Node CPUs: 128.0, Clients on node: 50
2025-12-27 01:08:23,508 - __main__ - INFO -    Client 48 -> head (5d8477d6bfd6...), Node CPUs: 128.0, Clients on node: 50
2025-12-27 01:08:23,509 - __main__ - INFO -    Client 49 -> head (5d8477d6bfd6...), Node CPUs: 128.0, Clients on node: 50
2025-12-27 01:08:23,509 - __main__ - INFO -    Client 50 -> head (5d8477d6bfd6...), Node CPUs: 128.0, Clients on node: 50
2025-12-27 01:08:23,510 - __main__ - INFO - 🔧 Client 1 resources: num_cpus=2.2640, num_gpus=0.0380, memory=2.00GB
2025-12-27 01:08:23,603 - __main__ - INFO - ✅ Client 1 (smartphone) started on head node (5d8477d6bfd6...)
2025-12-27 01:08:26,607 - __main__ - INFO - 🔧 Client 2 resources: num_cpus=2.2640, num_gpus=0.0380, memory=2.00GB
2025-12-27 01:08:26,693 - __main__ - INFO - ✅ Client 2 (smartphone) started on head node (5d8477d6bfd6...)
2025-12-27 01:08:29,697 - __main__ - INFO - 🔧 Client 3 resources: num_cpus=2.2640, num_gpus=0.0380, memory=2.00GB
2025-12-27 01:08:29,778 - __main__ - INFO - ✅ Client 3 (smartphone) started on head node (5d8477d6bfd6...)
2025-12-27 01:08:32,782 - __main__ - INFO - 🔧 Client 4 resources: num_cpus=2.2640, num_gpus=0.0380, memory=2.00GB
2025-12-27 01:08:32,867 - __main__ - INFO - ✅ Client 4 (smartphone) started on head node (5d8477d6bfd6...)
2025-12-27 01:08:35,870 - __main__ - INFO - 🔧 Client 5 resources: num_cpus=2.2640, num_gpus=0.0380, memory=2.00GB
2025-12-27 01:08:35,952 - __main__ - INFO - ✅ Client 5 (smartphone) started on head node (5d8477d6bfd6...)
2025-12-27 01:08:38,956 - __main__ - INFO - 🔧 Client 6 resources: num_cpus=2.2640, num_gpus=0.0380, memory=2.00GB
2025-12-27 01:08:39,038 - __main__ - INFO - ✅ Client 6 (smartphone) started on head node (5d8477d6bfd6...)
2025-12-27 01:08:42,042 - __main__ - INFO - 🔧 Client 7 resources: num_cpus=2.2640, num_gpus=0.0380, memory=2.00GB
2025-12-27 01:08:42,124 - __main__ - INFO - ✅ Client 7 (smartphone) started on head node (5d8477d6bfd6...)
2025-12-27 01:08:45,125 - __main__ - INFO - 🔧 Client 8 resources: num_cpus=2.2640, num_gpus=0.0380, memory=2.00GB
2025-12-27 01:08:45,206 - __main__ - INFO - ✅ Client 8 (smartphone) started on head node (5d8477d6bfd6...)
2025-12-27 01:08:48,209 - __main__ - INFO - 🔧 Client 9 resources: num_cpus=2.2640, num_gpus=0.0380, memory=2.00GB
2025-12-27 01:08:48,293 - __main__ - INFO - ✅ Client 9 (smartphone) started on head node (5d8477d6bfd6...)
2025-12-27 01:08:51,295 - __main__ - INFO - 🔧 Client 10 resources: num_cpus=2.2640, num_gpus=0.0380, memory=2.00GB
2025-12-27 01:08:51,377 - __main__ - INFO - ✅ Client 10 (smartphone) started on head node (5d8477d6bfd6...)
2025-12-27 01:08:54,381 - __main__ - INFO - 🔧 Client 11 resources: num_cpus=2.2640, num_gpus=0.0380, memory=2.00GB
2025-12-27 01:08:54,460 - __main__ - INFO - ✅ Client 11 (smartphone) started on head node (5d8477d6bfd6...)
2025-12-27 01:08:57,462 - __main__ - INFO - 🔧 Client 12 resources: num_cpus=2.2640, num_gpus=0.0380, memory=2.00GB
2025-12-27 01:08:57,544 - __main__ - INFO - ✅ Client 12 (smartphone) started on head node (5d8477d6bfd6...)
2025-12-27 01:09:00,548 - __main__ - INFO - 🔧 Client 13 resources: num_cpus=2.2640, num_gpus=0.0380, memory=2.00GB
2025-12-27 01:09:00,630 - __main__ - INFO - ✅ Client 13 (smartphone) started on head node (5d8477d6bfd6...)
2025-12-27 01:09:03,634 - __main__ - INFO - 🔧 Client 14 resources: num_cpus=2.2640, num_gpus=0.0380, memory=2.00GB
2025-12-27 01:09:03,718 - __main__ - INFO - ✅ Client 14 (smartphone) started on head node (5d8477d6bfd6...)
2025-12-27 01:09:06,720 - __main__ - INFO - 🔧 Client 15 resources: num_cpus=2.2640, num_gpus=0.0380, memory=2.00GB
2025-12-27 01:09:06,805 - __main__ - INFO - ✅ Client 15 (smartphone) started on head node (5d8477d6bfd6...)
2025-12-27 01:09:09,809 - __main__ - INFO - 🔧 Client 16 resources: num_cpus=2.2640, num_gpus=0.0380, memory=2.00GB
2025-12-27 01:09:09,890 - __main__ - INFO - ✅ Client 16 (smartphone) started on head node (5d8477d6bfd6...)
2025-12-27 01:09:12,894 - __main__ - INFO - 🔧 Client 17 resources: num_cpus=2.2640, num_gpus=0.0380, memory=2.00GB
2025-12-27 01:09:12,976 - __main__ - INFO - ✅ Client 17 (smartphone) started on head node (5d8477d6bfd6...)
2025-12-27 01:09:15,980 - __main__ - INFO - 🔧 Client 18 resources: num_cpus=2.2640, num_gpus=0.0380, memory=2.00GB
2025-12-27 01:09:16,058 - __main__ - INFO - ✅ Client 18 (smartphone) started on head node (5d8477d6bfd6...)
2025-12-27 01:09:19,062 - __main__ - INFO - 🔧 Client 19 resources: num_cpus=2.2640, num_gpus=0.0380, memory=2.00GB
2025-12-27 01:09:19,144 - __main__ - INFO - ✅ Client 19 (smartphone) started on head node (5d8477d6bfd6...)
2025-12-27 01:09:22,148 - __main__ - INFO - 🔧 Client 20 resources: num_cpus=2.2640, num_gpus=0.0380, memory=2.00GB
2025-12-27 01:09:22,231 - __main__ - INFO - ✅ Client 20 (smartphone) started on head node (5d8477d6bfd6...)
2025-12-27 01:09:25,237 - __main__ - INFO - 🔧 Client 21 resources: num_cpus=2.2640, num_gpus=0.0380, memory=2.00GB
2025-12-27 01:09:25,318 - __main__ - INFO - ✅ Client 21 (smartphone) started on head node (5d8477d6bfd6...)
2025-12-27 01:09:28,322 - __main__ - INFO - 🔧 Client 22 resources: num_cpus=2.2640, num_gpus=0.0380, memory=2.00GB
2025-12-27 01:09:28,402 - __main__ - INFO - ✅ Client 22 (smartphone) started on head node (5d8477d6bfd6...)
2025-12-27 01:09:31,406 - __main__ - INFO - 🔧 Client 23 resources: num_cpus=2.2640, num_gpus=0.0380, memory=2.00GB
2025-12-27 01:09:31,487 - __main__ - INFO - ✅ Client 23 (smartphone) started on head node (5d8477d6bfd6...)
2025-12-27 01:09:34,491 - __main__ - INFO - 🔧 Client 24 resources: num_cpus=2.2640, num_gpus=0.0380, memory=2.00GB
2025-12-27 01:09:34,572 - __main__ - INFO - ✅ Client 24 (smartphone) started on head node (5d8477d6bfd6...)
2025-12-27 01:09:37,576 - __main__ - INFO - 🔧 Client 25 resources: num_cpus=2.2640, num_gpus=0.0380, memory=2.00GB
2025-12-27 01:09:37,658 - __main__ - INFO - ✅ Client 25 (smartphone) started on head node (5d8477d6bfd6...)
2025-12-27 01:09:40,662 - __main__ - INFO - 🔧 Client 26 resources: num_cpus=2.2640, num_gpus=0.0380, memory=2.00GB
2025-12-27 01:09:40,742 - __main__ - INFO - ✅ Client 26 (smartphone) started on head node (5d8477d6bfd6...)
2025-12-27 01:09:43,745 - __main__ - INFO - 🔧 Client 27 resources: num_cpus=2.2640, num_gpus=0.0380, memory=2.00GB
2025-12-27 01:09:43,826 - __main__ - INFO - ✅ Client 27 (smartphone) started on head node (5d8477d6bfd6...)
2025-12-27 01:09:46,829 - __main__ - INFO - 🔧 Client 28 resources: num_cpus=2.2640, num_gpus=0.0380, memory=2.00GB
2025-12-27 01:09:46,910 - __main__ - INFO - ✅ Client 28 (smartphone) started on head node (5d8477d6bfd6...)
2025-12-27 01:09:49,913 - __main__ - INFO - 🔧 Client 29 resources: num_cpus=2.2640, num_gpus=0.0380, memory=2.00GB
2025-12-27 01:09:49,998 - __main__ - INFO - ✅ Client 29 (smartphone) started on head node (5d8477d6bfd6...)
2025-12-27 01:09:53,002 - __main__ - INFO - 🔧 Client 30 resources: num_cpus=2.2640, num_gpus=0.0380, memory=2.00GB
2025-12-27 01:09:53,083 - __main__ - INFO - ✅ Client 30 (smartphone) started on head node (5d8477d6bfd6...)
2025-12-27 01:09:56,087 - __main__ - INFO - 🔧 Client 31 resources: num_cpus=2.2640, num_gpus=0.0380, memory=2.00GB
2025-12-27 01:09:56,167 - __main__ - INFO - ✅ Client 31 (smartphone) started on head node (5d8477d6bfd6...)
2025-12-27 01:09:59,170 - __main__ - INFO - 🔧 Client 32 resources: num_cpus=2.2640, num_gpus=0.0380, memory=2.00GB
2025-12-27 01:09:59,250 - __main__ - INFO - ✅ Client 32 (smartphone) started on head node (5d8477d6bfd6...)
2025-12-27 01:10:02,253 - __main__ - INFO - 🔧 Client 33 resources: num_cpus=2.2640, num_gpus=0.0380, memory=2.00GB
2025-12-27 01:10:02,335 - __main__ - INFO - ✅ Client 33 (smartphone) started on head node (5d8477d6bfd6...)
2025-12-27 01:10:05,336 - __main__ - INFO - 🔧 Client 34 resources: num_cpus=2.2640, num_gpus=0.0380, memory=2.00GB
2025-12-27 01:10:05,420 - __main__ - INFO - ✅ Client 34 (smartphone) started on head node (5d8477d6bfd6...)
2025-12-27 01:10:08,424 - __main__ - INFO - 🔧 Client 35 resources: num_cpus=2.2640, num_gpus=0.0380, memory=2.00GB
2025-12-27 01:10:08,509 - __main__ - INFO - ✅ Client 35 (smartphone) started on head node (5d8477d6bfd6...)
2025-12-27 01:10:11,513 - __main__ - INFO - 🔧 Client 36 resources: num_cpus=2.2640, num_gpus=0.0380, memory=2.00GB
2025-12-27 01:10:11,593 - __main__ - INFO - ✅ Client 36 (smartphone) started on head node (5d8477d6bfd6...)
2025-12-27 01:10:14,597 - __main__ - INFO - 🔧 Client 37 resources: num_cpus=2.2640, num_gpus=0.0380, memory=2.00GB
2025-12-27 01:10:14,678 - __main__ - INFO - ✅ Client 37 (smartphone) started on head node (5d8477d6bfd6...)
2025-12-27 01:10:17,682 - __main__ - INFO - 🔧 Client 38 resources: num_cpus=2.2640, num_gpus=0.0380, memory=2.00GB
2025-12-27 01:10:17,763 - __main__ - INFO - ✅ Client 38 (smartphone) started on head node (5d8477d6bfd6...)
2025-12-27 01:10:20,766 - __main__ - INFO - 🔧 Client 39 resources: num_cpus=2.2640, num_gpus=0.0380, memory=2.00GB
2025-12-27 01:10:20,847 - __main__ - INFO - ✅ Client 39 (smartphone) started on head node (5d8477d6bfd6...)
2025-12-27 01:10:23,851 - __main__ - INFO - 🔧 Client 40 resources: num_cpus=2.2640, num_gpus=0.0380, memory=2.00GB
2025-12-27 01:10:23,932 - __main__ - INFO - ✅ Client 40 (smartphone) started on head node (5d8477d6bfd6...)
2025-12-27 01:10:26,936 - __main__ - INFO - 🔧 Client 41 resources: num_cpus=2.2640, num_gpus=0.0380, memory=2.00GB
2025-12-27 01:10:27,017 - __main__ - INFO - ✅ Client 41 (smartphone) started on head node (5d8477d6bfd6...)
2025-12-27 01:10:30,019 - __main__ - INFO - 🔧 Client 42 resources: num_cpus=2.2640, num_gpus=0.0380, memory=2.00GB
2025-12-27 01:10:30,098 - __main__ - INFO - ✅ Client 42 (smartphone) started on head node (5d8477d6bfd6...)
2025-12-27 01:10:33,101 - __main__ - INFO - 🔧 Client 43 resources: num_cpus=2.2640, num_gpus=0.0380, memory=2.00GB
2025-12-27 01:10:33,185 - __main__ - INFO - ✅ Client 43 (smartphone) started on head node (5d8477d6bfd6...)
2025-12-27 01:10:36,188 - __main__ - INFO - 🔧 Client 44 resources: num_cpus=2.2640, num_gpus=0.0380, memory=2.00GB
2025-12-27 01:10:36,271 - __main__ - INFO - ✅ Client 44 (smartphone) started on head node (5d8477d6bfd6...)
2025-12-27 01:10:39,275 - __main__ - INFO - 🔧 Client 45 resources: num_cpus=2.2640, num_gpus=0.0380, memory=2.00GB
2025-12-27 01:10:39,355 - __main__ - INFO - ✅ Client 45 (smartphone) started on head node (5d8477d6bfd6...)
2025-12-27 01:10:42,358 - __main__ - INFO - 🔧 Client 46 resources: num_cpus=2.2640, num_gpus=0.0380, memory=2.00GB
2025-12-27 01:10:42,438 - __main__ - INFO - ✅ Client 46 (smartphone) started on head node (5d8477d6bfd6...)
2025-12-27 01:10:45,442 - __main__ - INFO - 🔧 Client 47 resources: num_cpus=2.2640, num_gpus=0.0380, memory=2.00GB
2025-12-27 01:10:45,521 - __main__ - INFO - ✅ Client 47 (smartphone) started on head node (5d8477d6bfd6...)
2025-12-27 01:10:48,525 - __main__ - INFO - 🔧 Client 48 resources: num_cpus=2.2640, num_gpus=0.0380, memory=2.00GB
2025-12-27 01:10:48,606 - __main__ - INFO - ✅ Client 48 (smartphone) started on head node (5d8477d6bfd6...)
2025-12-27 01:10:51,610 - __main__ - INFO - 🔧 Client 49 resources: num_cpus=2.2640, num_gpus=0.0380, memory=2.00GB
2025-12-27 01:10:51,692 - __main__ - INFO - ✅ Client 49 (smartphone) started on head node (5d8477d6bfd6...)
2025-12-27 01:10:54,696 - __main__ - INFO - 🔧 Client 50 resources: num_cpus=2.2640, num_gpus=0.0380, memory=2.00GB
2025-12-27 01:10:54,775 - __main__ - INFO - ✅ Client 50 (smartphone) started on head node (5d8477d6bfd6...)
2025-12-27 01:10:57,778 - __main__ - INFO - ✅ 50/50 Docker clients started successfully
2025-12-27 01:10:57,778 - __main__ - INFO - ✅ All 50 clients have completed startup
2025-12-27 01:10:57,778 - __main__ - INFO - 📊 Starting training monitoring (999999999 seconds)...
2025-12-27 01:10:57,788 - __main__ - INFO - ⏰ 0s | Server: running (CPU) | Clients: 50 nodes (fractional GPU) | Ray GPU usage: 1.9/2.0 (95.0%)
2025-12-27 01:11:02,802 - __main__ - INFO - ⏰ 5s | Server: running (CPU) | Clients: 50 nodes (fractional GPU) | Ray GPU usage: 1.9/2.0 (95.0%)
2025-12-27 01:11:07,818 - __main__ - INFO - ⏰ 10s | Server: running (CPU) | Clients: 50 nodes (fractional GPU) | Ray GPU usage: 1.9/2.0 (95.0%)
2025-12-27 01:11:12,832 - __main__ - INFO - ⏰ 15s | Server: running (CPU) | Clients: 50 nodes (fractional GPU) | Ray GPU usage: 1.9/2.0 (95.0%)
2025-12-27 01:11:17,851 - __main__ - INFO - ⏰ 20s | Server: running (CPU) | Clients: 50 nodes (fractional GPU) | Ray GPU usage: 1.9/2.0 (95.0%)
2025-12-27 01:11:22,871 - __main__ - INFO - ⏰ 25s | Server: running (CPU) | Clients: 50 nodes (fractional GPU) | Ray GPU usage: 1.9/2.0 (95.0%)
2025-12-27 01:11:27,888 - __main__ - INFO - ⏰ 30s | Server: running (CPU) | Clients: 50 nodes (fractional GPU) | Ray GPU usage: 1.9/2.0 (95.0%)
2025-12-27 01:11:32,906 - __main__ - INFO - ⏰ 35s | Server: running (CPU) | Clients: 50 nodes (fractional GPU) | Ray GPU usage: 1.9/2.0 (95.0%)
2025-12-27 01:11:37,924 - __main__ - INFO - ⏰ 40s | Server: running (CPU) | Clients: 50 nodes (fractional GPU) | Ray GPU usage: 1.9/2.0 (95.0%)
2025-12-27 01:11:42,943 - __main__ - INFO - ⏰ 45s | Server: running (CPU) | Clients: 50 nodes (fractional GPU) | Ray GPU usage: 1.9/2.0 (95.0%)
2025-12-27 01:11:47,963 - __main__ - INFO - ⏰ 50s | Server: running (CPU) | Clients: 50 nodes (fractional GPU) | Ray GPU usage: 1.9/2.0 (95.0%)
2025-12-27 01:11:53,006 - __main__ - INFO - ⏰ 55s | Server: running (CPU) | Clients: 50 nodes (fractional GPU) | Ray GPU usage: 1.9/2.0 (95.0%)
2025-12-27 01:11:58,058 - __main__ - INFO - ⏰ 60s | Server: running (CPU) | Clients: 50 nodes (fractional GPU) | Ray GPU usage: 1.9/2.0 (95.0%)
2025-12-27 01:12:03,122 - __main__ - INFO - ⏰ 65s | Server: running (CPU) | Clients: 50 nodes (fractional GPU) | Ray GPU usage: 1.9/2.0 (95.0%)
2025-12-27 01:12:08,198 - __main__ - INFO - ⏰ 70s | Server: running (CPU) | Clients: 50 nodes (fractional GPU) | Ray GPU usage: 1.9/2.0 (95.0%)
2025-12-27 01:12:13,263 - __main__ - INFO - ⏰ 75s | Server: running (CPU) | Clients: 50 nodes (fractional GPU) | Ray GPU usage: 1.9/2.0 (95.0%)
2025-12-27 01:12:18,317 - __main__ - INFO - ⏰ 80s | Server: running (CPU) | Clients: 50 nodes (fractional GPU) | Ray GPU usage: 1.9/2.0 (95.0%)
2025-12-27 01:12:23,418 - __main__ - INFO - ⏰ 85s | Server: running (CPU) | Clients: 50 nodes (fractional GPU) | Ray GPU usage: 1.9/2.0 (95.0%)
2025-12-27 01:12:28,499 - __main__ - INFO - ⏰ 90s | Server: running (CPU) | Clients: 50 nodes (fractional GPU) | Ray GPU usage: 1.9/2.0 (95.0%)
2025-12-27 01:12:33,598 - __main__ - INFO - ⏰ 95s | Server: running (CPU) | Clients: 50 nodes (fractional GPU) | Ray GPU usage: 1.9/2.0 (95.0%)
2025-12-27 01:12:38,685 - __main__ - INFO - ⏰ 100s | Server: running (CPU) | Clients: 50 nodes (fractional GPU) | Ray GPU usage: 1.9/2.0 (95.0%)
2025-12-27 01:12:43,770 - __main__ - INFO - ⏰ 105s | Server: running (CPU) | Clients: 50 nodes (fractional GPU) | Ray GPU usage: 1.9/2.0 (95.0%)
2025-12-27 01:12:48,820 - __main__ - INFO - ⏰ 110s | Server: running (CPU) | Clients: 50 nodes (fractional GPU) | Ray GPU usage: 1.9/2.0 (95.0%)
2025-12-27 01:12:53,887 - __main__ - INFO - ⏰ 116s | Server: running (CPU) | Clients: 50 nodes (fractional GPU) | Ray GPU usage: 1.9/2.0 (95.0%)
2025-12-27 01:12:58,942 - __main__ - INFO - ⏰ 121s | Server: running (CPU) | Clients: 50 nodes (fractional GPU) | Ray GPU usage: 1.9/2.0 (95.0%)
2025-12-27 01:13:04,013 - __main__ - INFO - ⏰ 126s | Server: running (CPU) | Clients: 50 nodes (fractional GPU) | Ray GPU usage: 1.9/2.0 (95.0%)
2025-12-27 01:13:09,105 - __main__ - INFO - ⏰ 131s | Server: running (CPU) | Clients: 50 nodes (fractional GPU) | Ray GPU usage: 1.9/2.0 (95.0%)
2025-12-27 01:13:14,212 - __main__ - INFO - ⏰ 136s | Server: running (CPU) | Clients: 50 nodes (fractional GPU) | Ray GPU usage: 1.9/2.0 (95.0%)
2025-12-27 01:13:19,267 - __main__ - INFO - ⏰ 141s | Server: running (CPU) | Clients: 50 nodes (fractional GPU) | Ray GPU usage: 1.9/2.0 (95.0%)
2025-12-27 01:13:24,355 - __main__ - INFO - ⏰ 146s | Server: running (CPU) | Clients: 50 nodes (fractional GPU) | Ray GPU usage: 1.9/2.0 (95.0%)
2025-12-27 01:13:29,400 - __main__ - INFO - ⏰ 151s | Server: running (CPU) | Clients: 50 nodes (fractional GPU) | Ray GPU usage: 1.9/2.0 (95.0%)
2025-12-27 01:13:34,448 - __main__ - INFO - ⏰ 156s | Server: running (CPU) | Clients: 50 nodes (fractional GPU) | Ray GPU usage: 1.9/2.0 (95.0%)
2025-12-27 01:13:39,495 - __main__ - INFO - ⏰ 161s | Server: running (CPU) | Clients: 50 nodes (fractional GPU) | Ray GPU usage: 1.9/2.0 (95.0%)
2025-12-27 01:13:44,549 - __main__ - INFO - ⏰ 166s | Server: running (CPU) | Clients: 50 nodes (fractional GPU) | Ray GPU usage: 1.9/2.0 (95.0%)
2025-12-27 01:13:49,592 - __main__ - INFO - ⏰ 171s | Server: running (CPU) | Clients: 50 nodes (fractional GPU) | Ray GPU usage: 1.9/2.0 (95.0%)
2025-12-27 01:13:54,644 - __main__ - INFO - ⏰ 176s | Server: running (CPU) | Clients: 50 nodes (fractional GPU) | Ray GPU usage: 1.9/2.0 (95.0%)
2025-12-27 01:13:59,703 - __main__ - INFO - ⏰ 181s | Server: running (CPU) | Clients: 50 nodes (fractional GPU) | Ray GPU usage: 1.9/2.0 (95.0%)
2025-12-27 01:14:04,782 - __main__ - INFO - ⏰ 186s | Server: running (CPU) | Clients: 50 nodes (fractional GPU) | Ray GPU usage: 1.9/2.0 (95.0%)
2025-12-27 01:14:09,892 - __main__ - INFO - ⏰ 192s | Server: running (CPU) | Clients: 50 nodes (fractional GPU) | Ray GPU usage: 1.9/2.0 (95.0%)
2025-12-27 01:14:15,012 - __main__ - INFO - ⏰ 197s | Server: running (CPU) | Clients: 50 nodes (fractional GPU) | Ray GPU usage: 1.9/2.0 (95.0%)
2025-12-27 01:14:20,076 - __main__ - INFO - ⏰ 202s | Server: running (CPU) | Clients: 50 nodes (fractional GPU) | Ray GPU usage: 1.9/2.0 (95.0%)
2025-12-27 01:14:25,119 - __main__ - INFO - ⏰ 207s | Server: running (CPU) | Clients: 50 nodes (fractional GPU) | Ray GPU usage: 1.9/2.0 (95.0%)
2025-12-27 01:14:30,151 - __main__ - INFO - ⏰ 212s | Server: running (CPU) | Clients: 50 nodes (fractional GPU) | Ray GPU usage: 1.9/2.0 (95.0%)
2025-12-27 01:14:35,169 - __main__ - INFO - ⏰ 217s | Server: running (CPU) | Clients: 50 nodes (fractional GPU) | Ray GPU usage: 1.9/2.0 (95.0%)
2025-12-27 01:14:40,185 - __main__ - INFO - ⏰ 222s | Server: running (CPU) | Clients: 50 nodes (fractional GPU) | Ray GPU usage: 1.9/2.0 (95.0%)
2025-12-27 01:14:45,200 - __main__ - INFO - ⏰ 227s | Server: running (CPU) | Clients: 50 nodes (fractional GPU) | Ray GPU usage: 1.9/2.0 (95.0%)
2025-12-27 01:14:50,217 - __main__ - INFO - ⏰ 232s | Server: running (CPU) | Clients: 50 nodes (fractional GPU) | Ray GPU usage: 1.9/2.0 (95.0%)
2025-12-27 01:14:55,233 - __main__ - INFO - ⏰ 237s | Server: running (CPU) | Clients: 50 nodes (fractional GPU) | Ray GPU usage: 1.9/2.0 (95.0%)
2025-12-27 01:15:00,247 - __main__ - INFO - ⏰ 242s | Server: running (CPU) | Clients: 50 nodes (fractional GPU) | Ray GPU usage: 1.9/2.0 (95.0%)
2025-12-27 01:15:05,262 - __main__ - INFO - ⏰ 247s | Server: running (CPU) | Clients: 50 nodes (fractional GPU) | Ray GPU usage: 1.9/2.0 (95.0%)
2025-12-27 01:15:10,277 - __main__ - INFO - ⏰ 252s | Server: running (CPU) | Clients: 50 nodes (fractional GPU) | Ray GPU usage: 1.9/2.0 (95.0%)
2025-12-27 01:15:15,291 - __main__ - INFO - ⏰ 257s | Server: running (CPU) | Clients: 50 nodes (fractional GPU) | Ray GPU usage: 1.9/2.0 (95.0%)
2025-12-27 01:15:20,306 - __main__ - INFO - ⏰ 262s | Server: running (CPU) | Clients: 50 nodes (fractional GPU) | Ray GPU usage: 1.9/2.0 (95.0%)
2025-12-27 01:15:25,320 - __main__ - INFO - ⏰ 267s | Server: running (CPU) | Clients: 50 nodes (fractional GPU) | Ray GPU usage: 1.9/2.0 (95.0%)
2025-12-27 01:15:30,334 - __main__ - INFO - ⏰ 272s | Server: running (CPU) | Clients: 50 nodes (fractional GPU) | Ray GPU usage: 1.9/2.0 (95.0%)
2025-12-27 01:15:35,349 - __main__ - INFO - ⏰ 277s | Server: running (CPU) | Clients: 50 nodes (fractional GPU) | Ray GPU usage: 1.9/2.0 (95.0%)
2025-12-27 01:15:40,365 - __main__ - INFO - ⏰ 282s | Server: running (CPU) | Clients: 50 nodes (fractional GPU) | Ray GPU usage: 1.9/2.0 (95.0%)
2025-12-27 01:15:45,380 - __main__ - INFO - ⏰ 287s | Server: running (CPU) | Clients: 50 nodes (fractional GPU) | Ray GPU usage: 1.9/2.0 (95.0%)
2025-12-27 01:15:50,394 - __main__ - INFO - ⏰ 292s | Server: running (CPU) | Clients: 50 nodes (fractional GPU) | Ray GPU usage: 1.9/2.0 (95.0%)
2025-12-27 01:15:55,409 - __main__ - INFO - ⏰ 297s | Server: running (CPU) | Clients: 50 nodes (fractional GPU) | Ray GPU usage: 1.9/2.0 (95.0%)
2025-12-27 01:16:00,424 - __main__ - INFO - ⏰ 302s | Server: running (CPU) | Clients: 50 nodes (fractional GPU) | Ray GPU usage: 1.9/2.0 (95.0%)
2025-12-27 01:16:05,439 - __main__ - INFO - ⏰ 307s | Server: running (CPU) | Clients: 50 nodes (fractional GPU) | Ray GPU usage: 1.9/2.0 (95.0%)
2025-12-27 01:16:10,455 - __main__ - INFO - ⏰ 312s | Server: running (CPU) | Clients: 50 nodes (fractional GPU) | Ray GPU usage: 1.9/2.0 (95.0%)
2025-12-27 01:16:15,470 - __main__ - INFO - ⏰ 317s | Server: running (CPU) | Clients: 50 nodes (fractional GPU) | Ray GPU usage: 1.9/2.0 (95.0%)
2025-12-27 01:16:20,485 - __main__ - INFO - ⏰ 322s | Server: running (CPU) | Clients: 50 nodes (fractional GPU) | Ray GPU usage: 1.9/2.0 (95.0%)
2025-12-27 01:16:25,501 - __main__ - INFO - ⏰ 327s | Server: running (CPU) | Clients: 50 nodes (fractional GPU) | Ray GPU usage: 1.9/2.0 (95.0%)
2025-12-27 01:16:30,516 - __main__ - INFO - ⏰ 332s | Server: running (CPU) | Clients: 50 nodes (fractional GPU) | Ray GPU usage: 1.9/2.0 (95.0%)
2025-12-27 01:16:35,532 - __main__ - INFO - ⏰ 337s | Server: running (CPU) | Clients: 50 nodes (fractional GPU) | Ray GPU usage: 1.9/2.0 (95.0%)
2025-12-27 01:16:40,547 - __main__ - INFO - ⏰ 342s | Server: running (CPU) | Clients: 50 nodes (fractional GPU) | Ray GPU usage: 1.9/2.0 (95.0%)
2025-12-27 01:16:45,563 - __main__ - INFO - ⏰ 347s | Server: running (CPU) | Clients: 50 nodes (fractional GPU) | Ray GPU usage: 1.9/2.0 (95.0%)
2025-12-27 01:16:50,578 - __main__ - INFO - ⏰ 352s | Server: running (CPU) | Clients: 50 nodes (fractional GPU) | Ray GPU usage: 1.9/2.0 (95.0%)
2025-12-27 01:16:55,594 - __main__ - INFO - ⏰ 357s | Server: running (CPU) | Clients: 50 nodes (fractional GPU) | Ray GPU usage: 1.9/2.0 (95.0%)
2025-12-27 01:17:00,608 - __main__ - INFO - ⏰ 362s | Server: running (CPU) | Clients: 50 nodes (fractional GPU) | Ray GPU usage: 1.9/2.0 (95.0%)
2025-12-27 01:17:05,622 - __main__ - INFO - ⏰ 367s | Server: running (CPU) | Clients: 50 nodes (fractional GPU) | Ray GPU usage: 1.9/2.0 (95.0%)
2025-12-27 01:17:10,637 - __main__ - INFO - ⏰ 372s | Server: running (CPU) | Clients: 50 nodes (fractional GPU) | Ray GPU usage: 1.9/2.0 (95.0%)
2025-12-27 01:17:15,651 - __main__ - INFO - ⏰ 377s | Server: running (CPU) | Clients: 50 nodes (fractional GPU) | Ray GPU usage: 1.9/2.0 (95.0%)
2025-12-27 01:17:20,666 - __main__ - INFO - ⏰ 382s | Server: running (CPU) | Clients: 50 nodes (fractional GPU) | Ray GPU usage: 1.9/2.0 (95.0%)
2025-12-27 01:17:25,682 - __main__ - INFO - ⏰ 387s | Server: running (CPU) | Clients: 50 nodes (fractional GPU) | Ray GPU usage: 1.9/2.0 (95.0%)
2025-12-27 01:17:30,697 - __main__ - INFO - ⏰ 392s | Server: running (CPU) | Clients: 50 nodes (fractional GPU) | Ray GPU usage: 1.9/2.0 (95.0%)
2025-12-27 01:17:35,713 - __main__ - INFO - ⏰ 397s | Server: running (CPU) | Clients: 50 nodes (fractional GPU) | Ray GPU usage: 1.9/2.0 (95.0%)
2025-12-27 01:17:40,729 - __main__ - INFO - ⏰ 402s | Server: running (CPU) | Clients: 50 nodes (fractional GPU) | Ray GPU usage: 1.9/2.0 (95.0%)
2025-12-27 01:17:45,745 - __main__ - INFO - ⏰ 407s | Server: running (CPU) | Clients: 50 nodes (fractional GPU) | Ray GPU usage: 1.9/2.0 (95.0%)
2025-12-27 01:17:50,761 - __main__ - INFO - ⏰ 412s | Server: running (CPU) | Clients: 50 nodes (fractional GPU) | Ray GPU usage: 1.9/2.0 (95.0%)
2025-12-27 01:17:55,776 - __main__ - INFO - ⏰ 417s | Server: running (CPU) | Clients: 50 nodes (fractional GPU) | Ray GPU usage: 1.9/2.0 (95.0%)
2025-12-27 01:18:00,792 - __main__ - INFO - ⏰ 423s | Server: running (CPU) | Clients: 50 nodes (fractional GPU) | Ray GPU usage: 1.9/2.0 (95.0%)
2025-12-27 01:18:05,808 - __main__ - INFO - ⏰ 428s | Server: running (CPU) | Clients: 50 nodes (fractional GPU) | Ray GPU usage: 1.9/2.0 (95.0%)
2025-12-27 01:18:10,825 - __main__ - INFO - ⏰ 433s | Server: running (CPU) | Clients: 50 nodes (fractional GPU) | Ray GPU usage: 1.9/2.0 (95.0%)
2025-12-27 01:18:15,841 - __main__ - INFO - ⏰ 438s | Server: running (CPU) | Clients: 50 nodes (fractional GPU) | Ray GPU usage: 1.9/2.0 (95.0%)
2025-12-27 01:18:20,856 - __main__ - INFO - ⏰ 443s | Server: running (CPU) | Clients: 50 nodes (fractional GPU) | Ray GPU usage: 1.9/2.0 (95.0%)
2025-12-27 01:18:25,871 - __main__ - INFO - ⏰ 448s | Server: running (CPU) | Clients: 50 nodes (fractional GPU) | Ray GPU usage: 1.9/2.0 (95.0%)
2025-12-27 01:18:30,886 - __main__ - INFO - ⏰ 453s | Server: running (CPU) | Clients: 50 nodes (fractional GPU) | Ray GPU usage: 1.9/2.0 (95.0%)
2025-12-27 01:18:35,901 - __main__ - INFO - ⏰ 458s | Server: running (CPU) | Clients: 50 nodes (fractional GPU) | Ray GPU usage: 1.9/2.0 (95.0%)
2025-12-27 01:18:40,919 - __main__ - INFO - ⏰ 463s | Server: running (CPU) | Clients: 50 nodes (fractional GPU) | Ray GPU usage: 1.9/2.0 (95.0%)
2025-12-27 01:18:45,937 - __main__ - INFO - ⏰ 468s | Server: running (CPU) | Clients: 50 nodes (fractional GPU) | Ray GPU usage: 1.9/2.0 (95.0%)
2025-12-27 01:18:50,954 - __main__ - INFO - ⏰ 473s | Server: running (CPU) | Clients: 50 nodes (fractional GPU) | Ray GPU usage: 1.9/2.0 (95.0%)
2025-12-27 01:18:55,970 - __main__ - INFO - ⏰ 478s | Server: running (CPU) | Clients: 50 nodes (fractional GPU) | Ray GPU usage: 1.9/2.0 (95.0%)
2025-12-27 01:19:00,986 - __main__ - INFO - ⏰ 483s | Server: running (CPU) | Clients: 50 nodes (fractional GPU) | Ray GPU usage: 1.9/2.0 (95.0%)
2025-12-27 01:19:06,003 - __main__ - INFO - ⏰ 488s | Server: running (CPU) | Clients: 50 nodes (fractional GPU) | Ray GPU usage: 1.9/2.0 (95.0%)
2025-12-27 01:19:11,019 - __main__ - INFO - ⏰ 493s | Server: running (CPU) | Clients: 50 nodes (fractional GPU) | Ray GPU usage: 1.9/2.0 (95.0%)
2025-12-27 01:19:16,036 - __main__ - INFO - ⏰ 498s | Server: running (CPU) | Clients: 50 nodes (fractional GPU) | Ray GPU usage: 1.9/2.0 (95.0%)
2025-12-27 01:19:21,053 - __main__ - INFO - ⏰ 503s | Server: running (CPU) | Clients: 50 nodes (fractional GPU) | Ray GPU usage: 1.9/2.0 (95.0%)
2025-12-27 01:19:26,069 - __main__ - INFO - ⏰ 508s | Server: running (CPU) | Clients: 50 nodes (fractional GPU) | Ray GPU usage: 1.9/2.0 (95.0%)
2025-12-27 01:19:31,085 - __main__ - INFO - ⏰ 513s | Server: running (CPU) | Clients: 50 nodes (fractional GPU) | Ray GPU usage: 1.9/2.0 (95.0%)
2025-12-27 01:19:36,101 - __main__ - INFO - ⏰ 518s | Server: running (CPU) | Clients: 50 nodes (fractional GPU) | Ray GPU usage: 1.9/2.0 (95.0%)
2025-12-27 01:19:41,118 - __main__ - INFO - ⏰ 523s | Server: running (CPU) | Clients: 50 nodes (fractional GPU) | Ray GPU usage: 1.9/2.0 (95.0%)
2025-12-27 01:19:46,135 - __main__ - INFO - ⏰ 528s | Server: running (CPU) | Clients: 50 nodes (fractional GPU) | Ray GPU usage: 1.9/2.0 (95.0%)
2025-12-27 01:19:51,150 - __main__ - INFO - ⏰ 533s | Server: running (CPU) | Clients: 50 nodes (fractional GPU) | Ray GPU usage: 1.9/2.0 (95.0%)
2025-12-27 01:19:56,166 - __main__ - INFO - ⏰ 538s | Server: running (CPU) | Clients: 50 nodes (fractional GPU) | Ray GPU usage: 1.9/2.0 (95.0%)
2025-12-27 01:20:01,181 - __main__ - INFO - ⏰ 543s | Server: running (CPU) | Clients: 50 nodes (fractional GPU) | Ray GPU usage: 1.9/2.0 (95.0%)
2025-12-27 01:20:06,196 - __main__ - INFO - ⏰ 548s | Server: running (CPU) | Clients: 50 nodes (fractional GPU) | Ray GPU usage: 1.9/2.0 (95.0%)
2025-12-27 01:20:11,212 - __main__ - INFO - ⏰ 553s | Server: running (CPU) | Clients: 50 nodes (fractional GPU) | Ray GPU usage: 1.9/2.0 (95.0%)
2025-12-27 01:20:16,229 - __main__ - INFO - ⏰ 558s | Server: running (CPU) | Clients: 50 nodes (fractional GPU) | Ray GPU usage: 1.9/2.0 (95.0%)
2025-12-27 01:20:21,246 - __main__ - INFO - ⏰ 563s | Server: running (CPU) | Clients: 50 nodes (fractional GPU) | Ray GPU usage: 1.9/2.0 (95.0%)
2025-12-27 01:20:26,261 - __main__ - INFO - ⏰ 568s | Server: running (CPU) | Clients: 50 nodes (fractional GPU) | Ray GPU usage: 1.9/2.0 (95.0%)
2025-12-27 01:20:31,277 - __main__ - INFO - ⏰ 573s | Server: running (CPU) | Clients: 50 nodes (fractional GPU) | Ray GPU usage: 1.9/2.0 (95.0%)
2025-12-27 01:20:36,294 - __main__ - INFO - ⏰ 578s | Server: running (CPU) | Clients: 50 nodes (fractional GPU) | Ray GPU usage: 1.9/2.0 (95.0%)
srun: Job step aborted: Waiting up to 32 seconds for job step to finish.
slurmstepd-srv-it-node03: error: *** STEP 640.0 ON srv-it-node03 CANCELLED AT 2025-12-27T01:20:36 ***
slurmstepd-srv-it-node03: error: *** JOB 640 ON srv-it-node03 CANCELLED AT 2025-12-27T01:20:36 ***
