2025-12-26 01:02:17,202 - __main__ - INFO - 🚀 Start Ray V2 federated learning
2025-12-26 01:02:17,202 - __main__ - INFO - 📊 Configuration: 50 clients, 100 rounds training, total nodes: 51
2025-12-26 01:02:17,202 - __main__ - INFO - 🧹 Clean environment...
2025-12-26 01:02:19,492 - __main__ - INFO - 🗑️  Cleaned tmpfs chunk directory: /tmp/fl_chunks
2025-12-26 01:02:19,935 - __main__ - DEBUG - 🗑️  Cleaned mount directory (simple): /home/naicheng_li/FLTorrent/docker_data/tmp
2025-12-26 01:02:19,939 - __main__ - DEBUG - 🗑️  Cleaned mount directory (simple): /home/naicheng_li/FLTorrent/docker_data/app_tmp
2025-12-26 01:02:20,949 - __main__ - INFO - ✅ Environment cleanup completed
2025-12-26 01:02:20,949 - __main__ - INFO - 🚀 Applying host network optimizations for ultra-high concurrency...
2025-12-26 01:02:21,059 - __main__ - WARNING - ⚠️  22 network optimizations could not be applied (may need sudo access)
2025-12-26 01:02:21,059 - __main__ - DEBUG -    Failed: net.core.somaxconn - sudo: you do not exist in the passwd database
2025-12-26 01:02:21,059 - __main__ - DEBUG -    Failed: net.core.netdev_max_backlog - sudo: you do not exist in the passwd database
2025-12-26 01:02:21,059 - __main__ - DEBUG -    Failed: net.core.rmem_default - sudo: you do not exist in the passwd database
2025-12-26 01:02:21,059 - __main__ - WARNING - ⚠️  No host network optimizations applied! High-concurrency FL may experience issues.
2025-12-26 01:02:21,059 - __main__ - WARNING -    Consider running with sudo or contacting HPC admin to apply these settings.
2025-12-26 01:02:21,059 - __main__ - INFO - 🦭 Initializing Podman rootless environment...
2025-12-26 01:02:21,062 - __main__ - WARNING - ⚠️  Podman unavailable, trying Docker...
2025-12-26 01:02:21,062 - __main__ - INFO - 📦 Using non-container mode (Fallback)
2025-12-26 01:02:22,966 - __main__ - INFO - 🔍 Found available port for Ray dashboard: 8265
2025-12-26 01:02:23,045 - filelock - DEBUG - Attempting to acquire lock 140689512312944 on /home/naicheng_li/ray/session_2025-12-26_01-02-23_037296_2108680/node_ip_address.json.lock
2025-12-26 01:02:23,046 - filelock - DEBUG - Lock 140689512312944 acquired on /home/naicheng_li/ray/session_2025-12-26_01-02-23_037296_2108680/node_ip_address.json.lock
2025-12-26 01:02:23,049 - filelock - DEBUG - Attempting to release lock 140689512312944 on /home/naicheng_li/ray/session_2025-12-26_01-02-23_037296_2108680/node_ip_address.json.lock
2025-12-26 01:02:23,049 - filelock - DEBUG - Lock 140689512312944 released on /home/naicheng_li/ray/session_2025-12-26_01-02-23_037296_2108680/node_ip_address.json.lock
2025-12-26 01:02:23,051 - filelock - DEBUG - Attempting to acquire lock 140689512309392 on /home/naicheng_li/ray/session_2025-12-26_01-02-23_037296_2108680/ports_by_node.json.lock
2025-12-26 01:02:23,052 - filelock - DEBUG - Lock 140689512309392 acquired on /home/naicheng_li/ray/session_2025-12-26_01-02-23_037296_2108680/ports_by_node.json.lock
2025-12-26 01:02:23,055 - filelock - DEBUG - Attempting to release lock 140689512309392 on /home/naicheng_li/ray/session_2025-12-26_01-02-23_037296_2108680/ports_by_node.json.lock
2025-12-26 01:02:23,055 - filelock - DEBUG - Lock 140689512309392 released on /home/naicheng_li/ray/session_2025-12-26_01-02-23_037296_2108680/ports_by_node.json.lock
2025-12-26 01:02:23,055 - filelock - DEBUG - Attempting to acquire lock 140689512309440 on /home/naicheng_li/ray/session_2025-12-26_01-02-23_037296_2108680/ports_by_node.json.lock
2025-12-26 01:02:23,056 - filelock - DEBUG - Lock 140689512309440 acquired on /home/naicheng_li/ray/session_2025-12-26_01-02-23_037296_2108680/ports_by_node.json.lock
2025-12-26 01:02:23,057 - filelock - DEBUG - Attempting to release lock 140689512309440 on /home/naicheng_li/ray/session_2025-12-26_01-02-23_037296_2108680/ports_by_node.json.lock
2025-12-26 01:02:23,057 - filelock - DEBUG - Lock 140689512309440 released on /home/naicheng_li/ray/session_2025-12-26_01-02-23_037296_2108680/ports_by_node.json.lock
2025-12-26 01:02:23,057 - filelock - DEBUG - Attempting to acquire lock 140689512312800 on /home/naicheng_li/ray/session_2025-12-26_01-02-23_037296_2108680/ports_by_node.json.lock
2025-12-26 01:02:23,058 - filelock - DEBUG - Lock 140689512312800 acquired on /home/naicheng_li/ray/session_2025-12-26_01-02-23_037296_2108680/ports_by_node.json.lock
2025-12-26 01:02:23,059 - filelock - DEBUG - Attempting to release lock 140689512312800 on /home/naicheng_li/ray/session_2025-12-26_01-02-23_037296_2108680/ports_by_node.json.lock
2025-12-26 01:02:23,060 - filelock - DEBUG - Lock 140689512312800 released on /home/naicheng_li/ray/session_2025-12-26_01-02-23_037296_2108680/ports_by_node.json.lock
2025-12-26 01:02:23,060 - filelock - DEBUG - Attempting to acquire lock 140689512315440 on /home/naicheng_li/ray/session_2025-12-26_01-02-23_037296_2108680/ports_by_node.json.lock
2025-12-26 01:02:23,061 - filelock - DEBUG - Lock 140689512315440 acquired on /home/naicheng_li/ray/session_2025-12-26_01-02-23_037296_2108680/ports_by_node.json.lock
2025-12-26 01:02:23,062 - filelock - DEBUG - Attempting to release lock 140689512315440 on /home/naicheng_li/ray/session_2025-12-26_01-02-23_037296_2108680/ports_by_node.json.lock
2025-12-26 01:02:23,062 - filelock - DEBUG - Lock 140689512315440 released on /home/naicheng_li/ray/session_2025-12-26_01-02-23_037296_2108680/ports_by_node.json.lock
2025-12-26 01:02:23,062 - filelock - DEBUG - Attempting to acquire lock 140689512314384 on /home/naicheng_li/ray/session_2025-12-26_01-02-23_037296_2108680/ports_by_node.json.lock
2025-12-26 01:02:23,063 - filelock - DEBUG - Lock 140689512314384 acquired on /home/naicheng_li/ray/session_2025-12-26_01-02-23_037296_2108680/ports_by_node.json.lock
2025-12-26 01:02:23,064 - filelock - DEBUG - Attempting to release lock 140689512314384 on /home/naicheng_li/ray/session_2025-12-26_01-02-23_037296_2108680/ports_by_node.json.lock
2025-12-26 01:02:23,064 - filelock - DEBUG - Lock 140689512314384 released on /home/naicheng_li/ray/session_2025-12-26_01-02-23_037296_2108680/ports_by_node.json.lock
2025-12-26 01:02:25,596	INFO worker.py:1998 -- Started a local Ray instance. View the dashboard at [1m[32m10.0.0.2:8265 [39m[22m
/home/naicheng_li/.conda/envs/flv2/lib/python3.10/site-packages/ray/_private/worker.py:2046: FutureWarning: Tip: In future versions of Ray, Ray will no longer override accelerator visible devices env var if num_gpus=0 or num_gpus=None (default). To enable this behavior and turn off this error message, set RAY_ACCEL_ENV_VAR_OVERRIDE_ON_ZERO=0
  warnings.warn(
2025-12-26 01:02:26,584 - __main__ - INFO - 🚀 Ray cluster initialization completed:
2025-12-26 01:02:26,584 - __main__ - INFO -    📊 Resources: {'accelerator_type:A100': 1.0, 'CPU': 64.0, 'object_store_memory': 145967201280.0, 'node:__internal_head__': 1.0, 'GPU': 4.0, 'memory': 376166671360.0, 'node:10.0.0.2': 1.0}
2025-12-26 01:02:26,584 - __main__ - INFO -    🌐 Dashboard: http://127.0.0.1:8265
2025-12-26 01:02:26,585 - __main__ - DEBUG - Found node: 14f1bc480602... IP: 10.0.0.2, Resources: {'node:10.0.0.2': 1.0, 'accelerator_type:A100': 1.0, 'object_store_memory': 145967201280.0, 'GPU': 4.0, 'node:__internal_head__': 1.0, 'memory': 376166671360.0, 'CPU': 64.0}
2025-12-26 01:02:26,585 - __main__ - INFO - 🌐 Ray Cluster Topology:
2025-12-26 01:02:26,585 - __main__ - INFO -    📍 Head node: 14f1bc480602... (Server will run here)
2025-12-26 01:02:26,585 - __main__ - WARNING -    ⚠️ No worker nodes found! Clients will run on head node (not recommended)
2025-12-26 01:02:26,585 - __main__ - INFO - 🎮 Detected GPU type on node 14f1bc480602...: A100 -> 40.0GB per GPU
2025-12-26 01:02:26,586 - __main__ - INFO - 📍 Head node (14f1bc480602...): 4.0 GPUs, 160.0GB total memory
2025-12-26 01:02:26,586 - __main__ - INFO - 📊 Total GPU memory across all nodes: 160.0GB
2025-12-26 01:02:26,586 - __main__ - INFO - 📊 Memory per client: 3.0GB → Max capacity: 53 clients
2025-12-26 01:02:26,586 - __main__ - INFO -    Node 14f1bc480602...: 50 clients (160.0GB / 50 = 3.2GB/client)
2025-12-26 01:02:26,586 - __main__ - INFO -    Node 14f1bc480602...: 4.0 GPU, 50 clients, max 13 clients/GPU -> 0.0731 GPU/client
2025-12-26 01:02:26,586 - __main__ - INFO - 🎯 GPU allocation summary: {'total_available_gpus': 4.0, 'total_allocated_gpus': 3.655, 'utilization_rate': '91.38%', 'server': 'CPU only', 'per_node_allocation': {'14f1bc480602': {'count': 50, 'total_gpu': 3.6550000000000025}}, 'gpu_clients': 50, 'cpu_clients': 0}
2025-12-26 01:02:26,586 - __main__ - INFO - 📋 Client distribution: 50 GPU clients, 0 CPU clients
2025-12-26 01:02:26,587 - __main__ - INFO - 🔌 Single-node mode detected - UDS can be enabled
2025-12-26 01:02:26,587 - __main__ - INFO - 📍 Server scheduled to head node: 14f1bc480602...
2025-12-26 01:02:26,675 - __main__ - INFO - 📦 Using Fallback (no container) for Server
2025-12-26 01:02:26,745 - __main__ - INFO - ✅ Server started: unix:///tmp/federatedscope_uds/server_48765.sock:48765
2025-12-26 01:02:41,761 - __main__ - INFO - 📱 Edge device distribution: {'smartphone': 50}
2025-12-26 01:02:41,761 - __main__ - INFO - 📊 Client distribution plan:
2025-12-26 01:02:41,762 - __main__ - INFO -    Client 1 -> head (14f1bc480602...), Node CPUs: 64.0, Clients on node: 50
2025-12-26 01:02:41,762 - __main__ - INFO -    Client 2 -> head (14f1bc480602...), Node CPUs: 64.0, Clients on node: 50
2025-12-26 01:02:41,762 - __main__ - INFO -    Client 3 -> head (14f1bc480602...), Node CPUs: 64.0, Clients on node: 50
2025-12-26 01:02:41,763 - __main__ - INFO -    Client 4 -> head (14f1bc480602...), Node CPUs: 64.0, Clients on node: 50
2025-12-26 01:02:41,763 - __main__ - INFO -    Client 5 -> head (14f1bc480602...), Node CPUs: 64.0, Clients on node: 50
2025-12-26 01:02:41,764 - __main__ - INFO -    Client 6 -> head (14f1bc480602...), Node CPUs: 64.0, Clients on node: 50
2025-12-26 01:02:41,764 - __main__ - INFO -    Client 7 -> head (14f1bc480602...), Node CPUs: 64.0, Clients on node: 50
2025-12-26 01:02:41,765 - __main__ - INFO -    Client 8 -> head (14f1bc480602...), Node CPUs: 64.0, Clients on node: 50
2025-12-26 01:02:41,765 - __main__ - INFO -    Client 9 -> head (14f1bc480602...), Node CPUs: 64.0, Clients on node: 50
2025-12-26 01:02:41,765 - __main__ - INFO -    Client 10 -> head (14f1bc480602...), Node CPUs: 64.0, Clients on node: 50
2025-12-26 01:02:41,766 - __main__ - INFO -    Client 11 -> head (14f1bc480602...), Node CPUs: 64.0, Clients on node: 50
2025-12-26 01:02:41,766 - __main__ - INFO -    Client 12 -> head (14f1bc480602...), Node CPUs: 64.0, Clients on node: 50
2025-12-26 01:02:41,766 - __main__ - INFO -    Client 13 -> head (14f1bc480602...), Node CPUs: 64.0, Clients on node: 50
2025-12-26 01:02:41,767 - __main__ - INFO -    Client 14 -> head (14f1bc480602...), Node CPUs: 64.0, Clients on node: 50
2025-12-26 01:02:41,767 - __main__ - INFO -    Client 15 -> head (14f1bc480602...), Node CPUs: 64.0, Clients on node: 50
2025-12-26 01:02:41,768 - __main__ - INFO -    Client 16 -> head (14f1bc480602...), Node CPUs: 64.0, Clients on node: 50
2025-12-26 01:02:41,768 - __main__ - INFO -    Client 17 -> head (14f1bc480602...), Node CPUs: 64.0, Clients on node: 50
2025-12-26 01:02:41,768 - __main__ - INFO -    Client 18 -> head (14f1bc480602...), Node CPUs: 64.0, Clients on node: 50
2025-12-26 01:02:41,769 - __main__ - INFO -    Client 19 -> head (14f1bc480602...), Node CPUs: 64.0, Clients on node: 50
2025-12-26 01:02:41,769 - __main__ - INFO -    Client 20 -> head (14f1bc480602...), Node CPUs: 64.0, Clients on node: 50
2025-12-26 01:02:41,769 - __main__ - INFO -    Client 21 -> head (14f1bc480602...), Node CPUs: 64.0, Clients on node: 50
2025-12-26 01:02:41,770 - __main__ - INFO -    Client 22 -> head (14f1bc480602...), Node CPUs: 64.0, Clients on node: 50
2025-12-26 01:02:41,770 - __main__ - INFO -    Client 23 -> head (14f1bc480602...), Node CPUs: 64.0, Clients on node: 50
2025-12-26 01:02:41,771 - __main__ - INFO -    Client 24 -> head (14f1bc480602...), Node CPUs: 64.0, Clients on node: 50
2025-12-26 01:02:41,771 - __main__ - INFO -    Client 25 -> head (14f1bc480602...), Node CPUs: 64.0, Clients on node: 50
2025-12-26 01:02:41,771 - __main__ - INFO -    Client 26 -> head (14f1bc480602...), Node CPUs: 64.0, Clients on node: 50
2025-12-26 01:02:41,772 - __main__ - INFO -    Client 27 -> head (14f1bc480602...), Node CPUs: 64.0, Clients on node: 50
2025-12-26 01:02:41,772 - __main__ - INFO -    Client 28 -> head (14f1bc480602...), Node CPUs: 64.0, Clients on node: 50
2025-12-26 01:02:41,772 - __main__ - INFO -    Client 29 -> head (14f1bc480602...), Node CPUs: 64.0, Clients on node: 50
2025-12-26 01:02:41,773 - __main__ - INFO -    Client 30 -> head (14f1bc480602...), Node CPUs: 64.0, Clients on node: 50
2025-12-26 01:02:41,773 - __main__ - INFO -    Client 31 -> head (14f1bc480602...), Node CPUs: 64.0, Clients on node: 50
2025-12-26 01:02:41,773 - __main__ - INFO -    Client 32 -> head (14f1bc480602...), Node CPUs: 64.0, Clients on node: 50
2025-12-26 01:02:41,774 - __main__ - INFO -    Client 33 -> head (14f1bc480602...), Node CPUs: 64.0, Clients on node: 50
2025-12-26 01:02:41,774 - __main__ - INFO -    Client 34 -> head (14f1bc480602...), Node CPUs: 64.0, Clients on node: 50
2025-12-26 01:02:41,774 - __main__ - INFO -    Client 35 -> head (14f1bc480602...), Node CPUs: 64.0, Clients on node: 50
2025-12-26 01:02:41,775 - __main__ - INFO -    Client 36 -> head (14f1bc480602...), Node CPUs: 64.0, Clients on node: 50
2025-12-26 01:02:41,775 - __main__ - INFO -    Client 37 -> head (14f1bc480602...), Node CPUs: 64.0, Clients on node: 50
2025-12-26 01:02:41,776 - __main__ - INFO -    Client 38 -> head (14f1bc480602...), Node CPUs: 64.0, Clients on node: 50
2025-12-26 01:02:41,776 - __main__ - INFO -    Client 39 -> head (14f1bc480602...), Node CPUs: 64.0, Clients on node: 50
2025-12-26 01:02:41,776 - __main__ - INFO -    Client 40 -> head (14f1bc480602...), Node CPUs: 64.0, Clients on node: 50
2025-12-26 01:02:41,777 - __main__ - INFO -    Client 41 -> head (14f1bc480602...), Node CPUs: 64.0, Clients on node: 50
2025-12-26 01:02:41,777 - __main__ - INFO -    Client 42 -> head (14f1bc480602...), Node CPUs: 64.0, Clients on node: 50
2025-12-26 01:02:41,777 - __main__ - INFO -    Client 43 -> head (14f1bc480602...), Node CPUs: 64.0, Clients on node: 50
2025-12-26 01:02:41,778 - __main__ - INFO -    Client 44 -> head (14f1bc480602...), Node CPUs: 64.0, Clients on node: 50
2025-12-26 01:02:41,778 - __main__ - INFO -    Client 45 -> head (14f1bc480602...), Node CPUs: 64.0, Clients on node: 50
2025-12-26 01:02:41,778 - __main__ - INFO -    Client 46 -> head (14f1bc480602...), Node CPUs: 64.0, Clients on node: 50
2025-12-26 01:02:41,779 - __main__ - INFO -    Client 47 -> head (14f1bc480602...), Node CPUs: 64.0, Clients on node: 50
2025-12-26 01:02:41,779 - __main__ - INFO -    Client 48 -> head (14f1bc480602...), Node CPUs: 64.0, Clients on node: 50
2025-12-26 01:02:41,779 - __main__ - INFO -    Client 49 -> head (14f1bc480602...), Node CPUs: 64.0, Clients on node: 50
2025-12-26 01:02:41,780 - __main__ - INFO -    Client 50 -> head (14f1bc480602...), Node CPUs: 64.0, Clients on node: 50
2025-12-26 01:02:41,780 - __main__ - INFO - 🔧 Client 1 resources: num_cpus=1.1120, num_gpus=0.0731, memory=2.00GB
2025-12-26 01:02:41,880 - __main__ - INFO - ✅ Client 1 (smartphone) started on head node (14f1bc480602...)
2025-12-26 01:02:44,884 - __main__ - INFO - 🔧 Client 2 resources: num_cpus=1.1120, num_gpus=0.0731, memory=2.00GB
2025-12-26 01:02:44,981 - __main__ - INFO - ✅ Client 2 (smartphone) started on head node (14f1bc480602...)
2025-12-26 01:02:47,983 - __main__ - INFO - 🔧 Client 3 resources: num_cpus=1.1120, num_gpus=0.0731, memory=2.00GB
2025-12-26 01:02:48,062 - __main__ - INFO - ✅ Client 3 (smartphone) started on head node (14f1bc480602...)
2025-12-26 01:02:51,066 - __main__ - INFO - 🔧 Client 4 resources: num_cpus=1.1120, num_gpus=0.0731, memory=2.00GB
2025-12-26 01:02:51,163 - __main__ - INFO - ✅ Client 4 (smartphone) started on head node (14f1bc480602...)
2025-12-26 01:02:54,167 - __main__ - INFO - 🔧 Client 5 resources: num_cpus=1.1120, num_gpus=0.0731, memory=2.00GB
2025-12-26 01:02:54,246 - __main__ - INFO - ✅ Client 5 (smartphone) started on head node (14f1bc480602...)
2025-12-26 01:02:57,250 - __main__ - INFO - 🔧 Client 6 resources: num_cpus=1.1120, num_gpus=0.0731, memory=2.00GB
2025-12-26 01:02:57,337 - __main__ - INFO - ✅ Client 6 (smartphone) started on head node (14f1bc480602...)
2025-12-26 01:03:00,341 - __main__ - INFO - 🔧 Client 7 resources: num_cpus=1.1120, num_gpus=0.0731, memory=2.00GB
2025-12-26 01:03:00,437 - __main__ - INFO - ✅ Client 7 (smartphone) started on head node (14f1bc480602...)
2025-12-26 01:03:03,441 - __main__ - INFO - 🔧 Client 8 resources: num_cpus=1.1120, num_gpus=0.0731, memory=2.00GB
2025-12-26 01:03:03,528 - __main__ - INFO - ✅ Client 8 (smartphone) started on head node (14f1bc480602...)
2025-12-26 01:03:06,529 - __main__ - INFO - 🔧 Client 9 resources: num_cpus=1.1120, num_gpus=0.0731, memory=2.00GB
2025-12-26 01:03:06,610 - __main__ - INFO - ✅ Client 9 (smartphone) started on head node (14f1bc480602...)
2025-12-26 01:03:09,614 - __main__ - INFO - 🔧 Client 10 resources: num_cpus=1.1120, num_gpus=0.0731, memory=2.00GB
2025-12-26 01:03:09,708 - __main__ - INFO - ✅ Client 10 (smartphone) started on head node (14f1bc480602...)
2025-12-26 01:03:12,712 - __main__ - INFO - 🔧 Client 11 resources: num_cpus=1.1120, num_gpus=0.0731, memory=2.00GB
2025-12-26 01:03:12,809 - __main__ - INFO - ✅ Client 11 (smartphone) started on head node (14f1bc480602...)
2025-12-26 01:03:15,812 - __main__ - INFO - 🔧 Client 12 resources: num_cpus=1.1120, num_gpus=0.0731, memory=2.00GB
2025-12-26 01:03:15,891 - __main__ - INFO - ✅ Client 12 (smartphone) started on head node (14f1bc480602...)
2025-12-26 01:03:18,895 - __main__ - INFO - 🔧 Client 13 resources: num_cpus=1.1120, num_gpus=0.0731, memory=2.00GB
2025-12-26 01:03:18,989 - __main__ - INFO - ✅ Client 13 (smartphone) started on head node (14f1bc480602...)
2025-12-26 01:03:21,993 - __main__ - INFO - 🔧 Client 14 resources: num_cpus=1.1120, num_gpus=0.0731, memory=2.00GB
2025-12-26 01:03:22,076 - __main__ - INFO - ✅ Client 14 (smartphone) started on head node (14f1bc480602...)
2025-12-26 01:03:25,080 - __main__ - INFO - 🔧 Client 15 resources: num_cpus=1.1120, num_gpus=0.0731, memory=2.00GB
2025-12-26 01:03:25,169 - __main__ - INFO - ✅ Client 15 (smartphone) started on head node (14f1bc480602...)
2025-12-26 01:03:28,173 - __main__ - INFO - 🔧 Client 16 resources: num_cpus=1.1120, num_gpus=0.0731, memory=2.00GB
2025-12-26 01:03:28,253 - __main__ - INFO - ✅ Client 16 (smartphone) started on head node (14f1bc480602...)
2025-12-26 01:03:31,253 - __main__ - INFO - 🔧 Client 17 resources: num_cpus=1.1120, num_gpus=0.0731, memory=2.00GB
2025-12-26 01:03:31,344 - __main__ - INFO - ✅ Client 17 (smartphone) started on head node (14f1bc480602...)
2025-12-26 01:03:34,346 - __main__ - INFO - 🔧 Client 18 resources: num_cpus=1.1120, num_gpus=0.0731, memory=2.00GB
2025-12-26 01:03:34,428 - __main__ - INFO - ✅ Client 18 (smartphone) started on head node (14f1bc480602...)
2025-12-26 01:03:37,430 - __main__ - INFO - 🔧 Client 19 resources: num_cpus=1.1120, num_gpus=0.0731, memory=2.00GB
2025-12-26 01:03:37,513 - __main__ - INFO - ✅ Client 19 (smartphone) started on head node (14f1bc480602...)
2025-12-26 01:03:40,516 - __main__ - INFO - 🔧 Client 20 resources: num_cpus=1.1120, num_gpus=0.0731, memory=2.00GB
2025-12-26 01:03:40,611 - __main__ - INFO - ✅ Client 20 (smartphone) started on head node (14f1bc480602...)
2025-12-26 01:03:43,615 - __main__ - INFO - 🔧 Client 21 resources: num_cpus=1.1120, num_gpus=0.0731, memory=2.00GB
2025-12-26 01:03:43,699 - __main__ - INFO - ✅ Client 21 (smartphone) started on head node (14f1bc480602...)
2025-12-26 01:03:46,702 - __main__ - INFO - 🔧 Client 22 resources: num_cpus=1.1120, num_gpus=0.0731, memory=2.00GB
2025-12-26 01:03:46,786 - __main__ - INFO - ✅ Client 22 (smartphone) started on head node (14f1bc480602...)
2025-12-26 01:03:49,790 - __main__ - INFO - 🔧 Client 23 resources: num_cpus=1.1120, num_gpus=0.0731, memory=2.00GB
2025-12-26 01:03:49,877 - __main__ - INFO - ✅ Client 23 (smartphone) started on head node (14f1bc480602...)
2025-12-26 01:03:52,879 - __main__ - INFO - 🔧 Client 24 resources: num_cpus=1.1120, num_gpus=0.0731, memory=2.00GB
2025-12-26 01:03:52,964 - __main__ - INFO - ✅ Client 24 (smartphone) started on head node (14f1bc480602...)
2025-12-26 01:03:55,966 - __main__ - INFO - 🔧 Client 25 resources: num_cpus=1.1120, num_gpus=0.0731, memory=2.00GB
2025-12-26 01:03:56,055 - __main__ - INFO - ✅ Client 25 (smartphone) started on head node (14f1bc480602...)
2025-12-26 01:03:59,058 - __main__ - INFO - 🔧 Client 26 resources: num_cpus=1.1120, num_gpus=0.0731, memory=2.00GB
2025-12-26 01:03:59,143 - __main__ - INFO - ✅ Client 26 (smartphone) started on head node (14f1bc480602...)
2025-12-26 01:04:02,147 - __main__ - INFO - 🔧 Client 27 resources: num_cpus=1.1120, num_gpus=0.0731, memory=2.00GB
2025-12-26 01:04:02,232 - __main__ - INFO - ✅ Client 27 (smartphone) started on head node (14f1bc480602...)
2025-12-26 01:04:05,236 - __main__ - INFO - 🔧 Client 28 resources: num_cpus=1.1120, num_gpus=0.0731, memory=2.00GB
2025-12-26 01:04:05,323 - __main__ - INFO - ✅ Client 28 (smartphone) started on head node (14f1bc480602...)
2025-12-26 01:04:08,326 - __main__ - INFO - 🔧 Client 29 resources: num_cpus=1.1120, num_gpus=0.0731, memory=2.00GB
2025-12-26 01:04:08,413 - __main__ - INFO - ✅ Client 29 (smartphone) started on head node (14f1bc480602...)
2025-12-26 01:04:11,416 - __main__ - INFO - 🔧 Client 30 resources: num_cpus=1.1120, num_gpus=0.0731, memory=2.00GB
2025-12-26 01:04:11,513 - __main__ - INFO - ✅ Client 30 (smartphone) started on head node (14f1bc480602...)
2025-12-26 01:04:14,517 - __main__ - INFO - 🔧 Client 31 resources: num_cpus=1.1120, num_gpus=0.0731, memory=2.00GB
2025-12-26 01:04:14,609 - __main__ - INFO - ✅ Client 31 (smartphone) started on head node (14f1bc480602...)
2025-12-26 01:04:17,611 - __main__ - INFO - 🔧 Client 32 resources: num_cpus=1.1120, num_gpus=0.0731, memory=2.00GB
2025-12-26 01:04:17,701 - __main__ - INFO - ✅ Client 32 (smartphone) started on head node (14f1bc480602...)
2025-12-26 01:04:20,705 - __main__ - INFO - 🔧 Client 33 resources: num_cpus=1.1120, num_gpus=0.0731, memory=2.00GB
2025-12-26 01:04:20,783 - __main__ - INFO - ✅ Client 33 (smartphone) started on head node (14f1bc480602...)
2025-12-26 01:04:23,786 - __main__ - INFO - 🔧 Client 34 resources: num_cpus=1.1120, num_gpus=0.0731, memory=2.00GB
2025-12-26 01:04:23,876 - __main__ - INFO - ✅ Client 34 (smartphone) started on head node (14f1bc480602...)
2025-12-26 01:04:26,880 - __main__ - INFO - 🔧 Client 35 resources: num_cpus=1.1120, num_gpus=0.0731, memory=2.00GB
2025-12-26 01:04:26,971 - __main__ - INFO - ✅ Client 35 (smartphone) started on head node (14f1bc480602...)
2025-12-26 01:04:29,975 - __main__ - INFO - 🔧 Client 36 resources: num_cpus=1.1120, num_gpus=0.0731, memory=2.00GB
2025-12-26 01:04:30,069 - __main__ - INFO - ✅ Client 36 (smartphone) started on head node (14f1bc480602...)
2025-12-26 01:04:33,072 - __main__ - INFO - 🔧 Client 37 resources: num_cpus=1.1120, num_gpus=0.0731, memory=2.00GB
2025-12-26 01:04:33,165 - __main__ - INFO - ✅ Client 37 (smartphone) started on head node (14f1bc480602...)
2025-12-26 01:04:36,169 - __main__ - INFO - 🔧 Client 38 resources: num_cpus=1.1120, num_gpus=0.0731, memory=2.00GB
2025-12-26 01:04:36,263 - __main__ - INFO - ✅ Client 38 (smartphone) started on head node (14f1bc480602...)
2025-12-26 01:04:39,267 - __main__ - INFO - 🔧 Client 39 resources: num_cpus=1.1120, num_gpus=0.0731, memory=2.00GB
2025-12-26 01:04:39,376 - __main__ - INFO - ✅ Client 39 (smartphone) started on head node (14f1bc480602...)
2025-12-26 01:04:42,380 - __main__ - INFO - 🔧 Client 40 resources: num_cpus=1.1120, num_gpus=0.0731, memory=2.00GB
2025-12-26 01:04:42,473 - __main__ - INFO - ✅ Client 40 (smartphone) started on head node (14f1bc480602...)
2025-12-26 01:04:45,476 - __main__ - INFO - 🔧 Client 41 resources: num_cpus=1.1120, num_gpus=0.0731, memory=2.00GB
2025-12-26 01:04:45,567 - __main__ - INFO - ✅ Client 41 (smartphone) started on head node (14f1bc480602...)
2025-12-26 01:04:48,570 - __main__ - INFO - 🔧 Client 42 resources: num_cpus=1.1120, num_gpus=0.0731, memory=2.00GB
2025-12-26 01:04:48,653 - __main__ - INFO - ✅ Client 42 (smartphone) started on head node (14f1bc480602...)
2025-12-26 01:04:51,657 - __main__ - INFO - 🔧 Client 43 resources: num_cpus=1.1120, num_gpus=0.0731, memory=2.00GB
2025-12-26 01:04:51,748 - __main__ - INFO - ✅ Client 43 (smartphone) started on head node (14f1bc480602...)
2025-12-26 01:04:54,752 - __main__ - INFO - 🔧 Client 44 resources: num_cpus=1.1120, num_gpus=0.0731, memory=2.00GB
2025-12-26 01:04:54,852 - __main__ - INFO - ✅ Client 44 (smartphone) started on head node (14f1bc480602...)
2025-12-26 01:04:57,856 - __main__ - INFO - 🔧 Client 45 resources: num_cpus=1.1120, num_gpus=0.0731, memory=2.00GB
2025-12-26 01:04:57,946 - __main__ - INFO - ✅ Client 45 (smartphone) started on head node (14f1bc480602...)
2025-12-26 01:05:00,950 - __main__ - INFO - 🔧 Client 46 resources: num_cpus=1.1120, num_gpus=0.0731, memory=2.00GB
2025-12-26 01:05:01,044 - __main__ - INFO - ✅ Client 46 (smartphone) started on head node (14f1bc480602...)
2025-12-26 01:05:04,048 - __main__ - INFO - 🔧 Client 47 resources: num_cpus=1.1120, num_gpus=0.0731, memory=2.00GB
2025-12-26 01:05:04,140 - __main__ - INFO - ✅ Client 47 (smartphone) started on head node (14f1bc480602...)
2025-12-26 01:05:07,144 - __main__ - INFO - 🔧 Client 48 resources: num_cpus=1.1120, num_gpus=0.0731, memory=2.00GB
2025-12-26 01:05:07,240 - __main__ - INFO - ✅ Client 48 (smartphone) started on head node (14f1bc480602...)
2025-12-26 01:05:10,241 - __main__ - INFO - 🔧 Client 49 resources: num_cpus=1.1120, num_gpus=0.0731, memory=2.00GB
2025-12-26 01:05:10,328 - __main__ - INFO - ✅ Client 49 (smartphone) started on head node (14f1bc480602...)
2025-12-26 01:05:13,332 - __main__ - INFO - 🔧 Client 50 resources: num_cpus=1.1120, num_gpus=0.0731, memory=2.00GB
2025-12-26 01:05:13,430 - __main__ - INFO - ✅ Client 50 (smartphone) started on head node (14f1bc480602...)
2025-12-26 01:05:16,433 - __main__ - INFO - ✅ 50/50 Docker clients started successfully
2025-12-26 01:05:16,433 - __main__ - INFO - ✅ All 50 clients have completed startup
2025-12-26 01:05:16,433 - __main__ - INFO - 📊 Starting training monitoring (999999999 seconds)...
2025-12-26 01:05:16,450 - __main__ - INFO - ⏰ 0s | Server: running (CPU) | Clients: 50 nodes (fractional GPU) | Ray GPU usage: 3.7/4.0 (91.4%)
2025-12-26 01:05:21,471 - __main__ - INFO - ⏰ 5s | Server: running (CPU) | Clients: 50 nodes (fractional GPU) | Ray GPU usage: 3.7/4.0 (91.4%)
2025-12-26 01:05:26,492 - __main__ - INFO - ⏰ 10s | Server: running (CPU) | Clients: 50 nodes (fractional GPU) | Ray GPU usage: 3.7/4.0 (91.4%)
2025-12-26 01:05:31,515 - __main__ - INFO - ⏰ 15s | Server: running (CPU) | Clients: 50 nodes (fractional GPU) | Ray GPU usage: 3.7/4.0 (91.4%)
2025-12-26 01:05:36,533 - __main__ - INFO - ⏰ 20s | Server: running (CPU) | Clients: 50 nodes (fractional GPU) | Ray GPU usage: 3.7/4.0 (91.4%)
2025-12-26 01:05:41,547 - __main__ - INFO - ⏰ 25s | Server: running (CPU) | Clients: 50 nodes (fractional GPU) | Ray GPU usage: 3.7/4.0 (91.4%)
2025-12-26 01:05:46,565 - __main__ - INFO - ⏰ 30s | Server: running (CPU) | Clients: 50 nodes (fractional GPU) | Ray GPU usage: 3.7/4.0 (91.4%)
2025-12-26 01:05:51,587 - __main__ - INFO - ⏰ 35s | Server: running (CPU) | Clients: 50 nodes (fractional GPU) | Ray GPU usage: 3.7/4.0 (91.4%)
2025-12-26 01:05:56,602 - __main__ - INFO - ⏰ 40s | Server: running (CPU) | Clients: 50 nodes (fractional GPU) | Ray GPU usage: 3.7/4.0 (91.4%)
2025-12-26 01:06:01,618 - __main__ - INFO - ⏰ 45s | Server: running (CPU) | Clients: 50 nodes (fractional GPU) | Ray GPU usage: 3.7/4.0 (91.4%)
2025-12-26 01:06:06,632 - __main__ - INFO - ⏰ 50s | Server: running (CPU) | Clients: 50 nodes (fractional GPU) | Ray GPU usage: 3.7/4.0 (91.4%)
2025-12-26 01:06:11,649 - __main__ - INFO - ⏰ 55s | Server: running (CPU) | Clients: 50 nodes (fractional GPU) | Ray GPU usage: 3.7/4.0 (91.4%)
2025-12-26 01:06:16,666 - __main__ - INFO - ⏰ 60s | Server: running (CPU) | Clients: 50 nodes (fractional GPU) | Ray GPU usage: 3.7/4.0 (91.4%)
2025-12-26 01:06:21,684 - __main__ - INFO - ⏰ 65s | Server: running (CPU) | Clients: 50 nodes (fractional GPU) | Ray GPU usage: 3.7/4.0 (91.4%)
2025-12-26 01:06:26,705 - __main__ - INFO - ⏰ 70s | Server: running (CPU) | Clients: 50 nodes (fractional GPU) | Ray GPU usage: 3.7/4.0 (91.4%)
2025-12-26 01:06:31,726 - __main__ - INFO - ⏰ 75s | Server: running (CPU) | Clients: 50 nodes (fractional GPU) | Ray GPU usage: 3.7/4.0 (91.4%)
2025-12-26 01:06:36,746 - __main__ - INFO - ⏰ 80s | Server: running (CPU) | Clients: 50 nodes (fractional GPU) | Ray GPU usage: 3.7/4.0 (91.4%)
2025-12-26 01:06:41,764 - __main__ - INFO - ⏰ 85s | Server: running (CPU) | Clients: 50 nodes (fractional GPU) | Ray GPU usage: 3.7/4.0 (91.4%)
2025-12-26 01:06:46,781 - __main__ - INFO - ⏰ 90s | Server: running (CPU) | Clients: 50 nodes (fractional GPU) | Ray GPU usage: 3.7/4.0 (91.4%)
2025-12-26 01:06:51,798 - __main__ - INFO - ⏰ 95s | Server: running (CPU) | Clients: 50 nodes (fractional GPU) | Ray GPU usage: 3.7/4.0 (91.4%)
2025-12-26 01:06:56,814 - __main__ - INFO - ⏰ 100s | Server: running (CPU) | Clients: 50 nodes (fractional GPU) | Ray GPU usage: 3.7/4.0 (91.4%)
2025-12-26 01:07:01,832 - __main__ - INFO - ⏰ 105s | Server: running (CPU) | Clients: 50 nodes (fractional GPU) | Ray GPU usage: 3.7/4.0 (91.4%)
2025-12-26 01:07:06,849 - __main__ - INFO - ⏰ 110s | Server: running (CPU) | Clients: 50 nodes (fractional GPU) | Ray GPU usage: 3.7/4.0 (91.4%)
2025-12-26 01:07:11,866 - __main__ - INFO - ⏰ 115s | Server: running (CPU) | Clients: 50 nodes (fractional GPU) | Ray GPU usage: 3.7/4.0 (91.4%)
2025-12-26 01:07:16,883 - __main__ - INFO - ⏰ 120s | Server: running (CPU) | Clients: 50 nodes (fractional GPU) | Ray GPU usage: 3.7/4.0 (91.4%)
2025-12-26 01:07:21,901 - __main__ - INFO - ⏰ 125s | Server: running (CPU) | Clients: 50 nodes (fractional GPU) | Ray GPU usage: 3.7/4.0 (91.4%)
2025-12-26 01:07:26,918 - __main__ - INFO - ⏰ 130s | Server: running (CPU) | Clients: 50 nodes (fractional GPU) | Ray GPU usage: 3.7/4.0 (91.4%)
2025-12-26 01:07:31,938 - __main__ - INFO - ⏰ 135s | Server: running (CPU) | Clients: 50 nodes (fractional GPU) | Ray GPU usage: 3.7/4.0 (91.4%)
2025-12-26 01:07:36,957 - __main__ - INFO - ⏰ 140s | Server: running (CPU) | Clients: 50 nodes (fractional GPU) | Ray GPU usage: 3.7/4.0 (91.4%)
2025-12-26 01:07:41,978 - __main__ - INFO - ⏰ 145s | Server: running (CPU) | Clients: 50 nodes (fractional GPU) | Ray GPU usage: 3.7/4.0 (91.4%)
2025-12-26 01:07:46,994 - __main__ - INFO - ⏰ 150s | Server: running (CPU) | Clients: 50 nodes (fractional GPU) | Ray GPU usage: 3.7/4.0 (91.4%)
2025-12-26 01:07:52,011 - __main__ - INFO - ⏰ 155s | Server: running (CPU) | Clients: 50 nodes (fractional GPU) | Ray GPU usage: 3.7/4.0 (91.4%)
2025-12-26 01:07:57,027 - __main__ - INFO - ⏰ 160s | Server: running (CPU) | Clients: 50 nodes (fractional GPU) | Ray GPU usage: 3.7/4.0 (91.4%)
2025-12-26 01:08:02,045 - __main__ - INFO - ⏰ 165s | Server: running (CPU) | Clients: 50 nodes (fractional GPU) | Ray GPU usage: 3.7/4.0 (91.4%)
2025-12-26 01:08:07,065 - __main__ - INFO - ⏰ 170s | Server: running (CPU) | Clients: 50 nodes (fractional GPU) | Ray GPU usage: 3.7/4.0 (91.4%)
2025-12-26 01:08:12,081 - __main__ - INFO - ⏰ 175s | Server: running (CPU) | Clients: 50 nodes (fractional GPU) | Ray GPU usage: 3.7/4.0 (91.4%)
2025-12-26 01:08:17,097 - __main__ - INFO - ⏰ 180s | Server: running (CPU) | Clients: 50 nodes (fractional GPU) | Ray GPU usage: 3.7/4.0 (91.4%)
2025-12-26 01:08:22,118 - __main__ - INFO - ⏰ 185s | Server: running (CPU) | Clients: 50 nodes (fractional GPU) | Ray GPU usage: 3.7/4.0 (91.4%)
2025-12-26 01:08:27,136 - __main__ - INFO - ⏰ 190s | Server: running (CPU) | Clients: 50 nodes (fractional GPU) | Ray GPU usage: 3.7/4.0 (91.4%)
2025-12-26 01:08:32,152 - __main__ - INFO - ⏰ 195s | Server: running (CPU) | Clients: 50 nodes (fractional GPU) | Ray GPU usage: 3.7/4.0 (91.4%)
2025-12-26 01:08:37,171 - __main__ - INFO - ⏰ 200s | Server: running (CPU) | Clients: 50 nodes (fractional GPU) | Ray GPU usage: 3.7/4.0 (91.4%)
2025-12-26 01:08:42,190 - __main__ - INFO - ⏰ 205s | Server: running (CPU) | Clients: 50 nodes (fractional GPU) | Ray GPU usage: 3.7/4.0 (91.4%)
2025-12-26 01:08:47,206 - __main__ - INFO - ⏰ 210s | Server: running (CPU) | Clients: 50 nodes (fractional GPU) | Ray GPU usage: 3.7/4.0 (91.4%)
2025-12-26 01:08:52,225 - __main__ - INFO - ⏰ 215s | Server: running (CPU) | Clients: 50 nodes (fractional GPU) | Ray GPU usage: 3.7/4.0 (91.4%)
2025-12-26 01:08:57,245 - __main__ - INFO - ⏰ 220s | Server: running (CPU) | Clients: 50 nodes (fractional GPU) | Ray GPU usage: 3.7/4.0 (91.4%)
2025-12-26 01:09:02,265 - __main__ - INFO - ⏰ 225s | Server: running (CPU) | Clients: 50 nodes (fractional GPU) | Ray GPU usage: 3.7/4.0 (91.4%)
2025-12-26 01:09:07,284 - __main__ - INFO - ⏰ 230s | Server: running (CPU) | Clients: 50 nodes (fractional GPU) | Ray GPU usage: 3.7/4.0 (91.4%)
2025-12-26 01:09:12,296 - __main__ - INFO - ⏰ 235s | Server: running (CPU) | Clients: 50 nodes (fractional GPU) | Ray GPU usage: 3.7/4.0 (91.4%)
2025-12-26 01:09:17,313 - __main__ - INFO - ⏰ 240s | Server: running (CPU) | Clients: 50 nodes (fractional GPU) | Ray GPU usage: 3.7/4.0 (91.4%)
2025-12-26 01:09:22,331 - __main__ - INFO - ⏰ 245s | Server: running (CPU) | Clients: 50 nodes (fractional GPU) | Ray GPU usage: 3.7/4.0 (91.4%)
2025-12-26 01:09:27,350 - __main__ - INFO - ⏰ 250s | Server: running (CPU) | Clients: 50 nodes (fractional GPU) | Ray GPU usage: 3.7/4.0 (91.4%)
2025-12-26 01:09:32,365 - __main__ - INFO - ⏰ 255s | Server: running (CPU) | Clients: 50 nodes (fractional GPU) | Ray GPU usage: 3.7/4.0 (91.4%)
2025-12-26 01:09:37,382 - __main__ - INFO - ⏰ 260s | Server: running (CPU) | Clients: 50 nodes (fractional GPU) | Ray GPU usage: 3.7/4.0 (91.4%)
2025-12-26 01:09:42,396 - __main__ - INFO - ⏰ 265s | Server: running (CPU) | Clients: 50 nodes (fractional GPU) | Ray GPU usage: 3.7/4.0 (91.4%)
2025-12-26 01:09:47,411 - __main__ - INFO - ⏰ 270s | Server: running (CPU) | Clients: 50 nodes (fractional GPU) | Ray GPU usage: 3.7/4.0 (91.4%)
2025-12-26 01:09:52,427 - __main__ - INFO - ⏰ 275s | Server: running (CPU) | Clients: 50 nodes (fractional GPU) | Ray GPU usage: 3.7/4.0 (91.4%)
2025-12-26 01:09:57,445 - __main__ - INFO - ⏰ 280s | Server: running (CPU) | Clients: 50 nodes (fractional GPU) | Ray GPU usage: 3.7/4.0 (91.4%)
2025-12-26 01:10:02,467 - __main__ - INFO - ⏰ 286s | Server: running (CPU) | Clients: 50 nodes (fractional GPU) | Ray GPU usage: 3.7/4.0 (91.4%)
2025-12-26 01:10:07,482 - __main__ - INFO - ⏰ 291s | Server: running (CPU) | Clients: 50 nodes (fractional GPU) | Ray GPU usage: 3.7/4.0 (91.4%)
2025-12-26 01:10:12,496 - __main__ - INFO - ⏰ 296s | Server: running (CPU) | Clients: 50 nodes (fractional GPU) | Ray GPU usage: 3.7/4.0 (91.4%)
2025-12-26 01:10:17,514 - __main__ - INFO - ⏰ 301s | Server: running (CPU) | Clients: 50 nodes (fractional GPU) | Ray GPU usage: 3.7/4.0 (91.4%)
2025-12-26 01:10:22,531 - __main__ - INFO - ⏰ 306s | Server: running (CPU) | Clients: 50 nodes (fractional GPU) | Ray GPU usage: 3.7/4.0 (91.4%)
2025-12-26 01:10:27,548 - __main__ - INFO - ⏰ 311s | Server: running (CPU) | Clients: 50 nodes (fractional GPU) | Ray GPU usage: 3.7/4.0 (91.4%)
2025-12-26 01:10:32,564 - __main__ - INFO - ⏰ 316s | Server: running (CPU) | Clients: 50 nodes (fractional GPU) | Ray GPU usage: 3.7/4.0 (91.4%)
2025-12-26 01:10:37,582 - __main__ - INFO - ⏰ 321s | Server: running (CPU) | Clients: 50 nodes (fractional GPU) | Ray GPU usage: 3.7/4.0 (91.4%)
2025-12-26 01:10:42,599 - __main__ - INFO - ⏰ 326s | Server: running (CPU) | Clients: 50 nodes (fractional GPU) | Ray GPU usage: 3.7/4.0 (91.4%)
2025-12-26 01:10:47,615 - __main__ - INFO - ⏰ 331s | Server: running (CPU) | Clients: 50 nodes (fractional GPU) | Ray GPU usage: 3.7/4.0 (91.4%)
2025-12-26 01:10:52,634 - __main__ - INFO - ⏰ 336s | Server: running (CPU) | Clients: 50 nodes (fractional GPU) | Ray GPU usage: 3.7/4.0 (91.4%)
2025-12-26 01:10:57,654 - __main__ - INFO - ⏰ 341s | Server: running (CPU) | Clients: 50 nodes (fractional GPU) | Ray GPU usage: 3.7/4.0 (91.4%)
2025-12-26 01:11:02,672 - __main__ - INFO - ⏰ 346s | Server: running (CPU) | Clients: 50 nodes (fractional GPU) | Ray GPU usage: 3.7/4.0 (91.4%)
2025-12-26 01:11:07,688 - __main__ - INFO - ⏰ 351s | Server: running (CPU) | Clients: 50 nodes (fractional GPU) | Ray GPU usage: 3.7/4.0 (91.4%)
2025-12-26 01:11:12,706 - __main__ - INFO - ⏰ 356s | Server: running (CPU) | Clients: 50 nodes (fractional GPU) | Ray GPU usage: 3.7/4.0 (91.4%)
2025-12-26 01:11:17,725 - __main__ - INFO - ⏰ 361s | Server: running (CPU) | Clients: 50 nodes (fractional GPU) | Ray GPU usage: 3.7/4.0 (91.4%)
2025-12-26 01:11:22,741 - __main__ - INFO - ⏰ 366s | Server: running (CPU) | Clients: 50 nodes (fractional GPU) | Ray GPU usage: 3.7/4.0 (91.4%)
2025-12-26 01:11:27,759 - __main__ - INFO - ⏰ 371s | Server: running (CPU) | Clients: 50 nodes (fractional GPU) | Ray GPU usage: 3.7/4.0 (91.4%)
2025-12-26 01:11:32,779 - __main__ - INFO - ⏰ 376s | Server: running (CPU) | Clients: 50 nodes (fractional GPU) | Ray GPU usage: 3.7/4.0 (91.4%)
2025-12-26 01:11:37,799 - __main__ - INFO - ⏰ 381s | Server: running (CPU) | Clients: 50 nodes (fractional GPU) | Ray GPU usage: 3.7/4.0 (91.4%)
2025-12-26 01:11:42,816 - __main__ - INFO - ⏰ 386s | Server: running (CPU) | Clients: 50 nodes (fractional GPU) | Ray GPU usage: 3.7/4.0 (91.4%)
2025-12-26 01:11:47,833 - __main__ - INFO - ⏰ 391s | Server: running (CPU) | Clients: 50 nodes (fractional GPU) | Ray GPU usage: 3.7/4.0 (91.4%)
2025-12-26 01:11:52,850 - __main__ - INFO - ⏰ 396s | Server: running (CPU) | Clients: 50 nodes (fractional GPU) | Ray GPU usage: 3.7/4.0 (91.4%)
2025-12-26 01:11:57,868 - __main__ - INFO - ⏰ 401s | Server: running (CPU) | Clients: 50 nodes (fractional GPU) | Ray GPU usage: 3.7/4.0 (91.4%)
2025-12-26 01:12:02,885 - __main__ - INFO - ⏰ 406s | Server: running (CPU) | Clients: 50 nodes (fractional GPU) | Ray GPU usage: 3.7/4.0 (91.4%)
2025-12-26 01:12:07,905 - __main__ - INFO - ⏰ 411s | Server: running (CPU) | Clients: 50 nodes (fractional GPU) | Ray GPU usage: 3.7/4.0 (91.4%)
2025-12-26 01:12:12,922 - __main__ - INFO - ⏰ 416s | Server: running (CPU) | Clients: 50 nodes (fractional GPU) | Ray GPU usage: 3.7/4.0 (91.4%)
2025-12-26 01:12:17,938 - __main__ - INFO - ⏰ 421s | Server: running (CPU) | Clients: 50 nodes (fractional GPU) | Ray GPU usage: 3.7/4.0 (91.4%)
2025-12-26 01:12:22,958 - __main__ - INFO - ⏰ 426s | Server: running (CPU) | Clients: 50 nodes (fractional GPU) | Ray GPU usage: 3.7/4.0 (91.4%)
2025-12-26 01:12:27,976 - __main__ - INFO - ⏰ 431s | Server: running (CPU) | Clients: 50 nodes (fractional GPU) | Ray GPU usage: 3.7/4.0 (91.4%)
2025-12-26 01:12:32,998 - __main__ - INFO - ⏰ 436s | Server: running (CPU) | Clients: 50 nodes (fractional GPU) | Ray GPU usage: 3.7/4.0 (91.4%)
2025-12-26 01:12:38,016 - __main__ - INFO - ⏰ 441s | Server: running (CPU) | Clients: 50 nodes (fractional GPU) | Ray GPU usage: 3.7/4.0 (91.4%)
2025-12-26 01:12:43,032 - __main__ - INFO - ⏰ 446s | Server: running (CPU) | Clients: 50 nodes (fractional GPU) | Ray GPU usage: 3.7/4.0 (91.4%)
2025-12-26 01:12:48,053 - __main__ - INFO - ⏰ 451s | Server: running (CPU) | Clients: 50 nodes (fractional GPU) | Ray GPU usage: 3.7/4.0 (91.4%)
2025-12-26 01:12:53,073 - __main__ - INFO - ⏰ 456s | Server: running (CPU) | Clients: 50 nodes (fractional GPU) | Ray GPU usage: 3.7/4.0 (91.4%)
2025-12-26 01:12:58,093 - __main__ - INFO - ⏰ 461s | Server: running (CPU) | Clients: 50 nodes (fractional GPU) | Ray GPU usage: 3.7/4.0 (91.4%)
2025-12-26 01:13:03,113 - __main__ - INFO - ⏰ 466s | Server: running (CPU) | Clients: 50 nodes (fractional GPU) | Ray GPU usage: 3.7/4.0 (91.4%)
2025-12-26 01:13:08,131 - __main__ - INFO - ⏰ 471s | Server: running (CPU) | Clients: 50 nodes (fractional GPU) | Ray GPU usage: 3.7/4.0 (91.4%)
2025-12-26 01:13:13,151 - __main__ - INFO - ⏰ 476s | Server: running (CPU) | Clients: 50 nodes (fractional GPU) | Ray GPU usage: 3.7/4.0 (91.4%)
2025-12-26 01:13:18,170 - __main__ - INFO - ⏰ 481s | Server: running (CPU) | Clients: 50 nodes (fractional GPU) | Ray GPU usage: 3.7/4.0 (91.4%)
2025-12-26 01:13:23,191 - __main__ - INFO - ⏰ 486s | Server: running (CPU) | Clients: 50 nodes (fractional GPU) | Ray GPU usage: 3.7/4.0 (91.4%)
2025-12-26 01:13:28,213 - __main__ - INFO - ⏰ 491s | Server: running (CPU) | Clients: 50 nodes (fractional GPU) | Ray GPU usage: 3.7/4.0 (91.4%)
2025-12-26 01:13:33,234 - __main__ - INFO - ⏰ 496s | Server: running (CPU) | Clients: 50 nodes (fractional GPU) | Ray GPU usage: 3.7/4.0 (91.4%)
2025-12-26 01:13:38,255 - __main__ - INFO - ⏰ 501s | Server: running (CPU) | Clients: 50 nodes (fractional GPU) | Ray GPU usage: 3.7/4.0 (91.4%)
2025-12-26 01:13:43,275 - __main__ - INFO - ⏰ 506s | Server: running (CPU) | Clients: 50 nodes (fractional GPU) | Ray GPU usage: 3.7/4.0 (91.4%)
2025-12-26 01:13:48,292 - __main__ - INFO - ⏰ 511s | Server: running (CPU) | Clients: 50 nodes (fractional GPU) | Ray GPU usage: 3.7/4.0 (91.4%)
2025-12-26 01:13:53,312 - __main__ - INFO - ⏰ 516s | Server: running (CPU) | Clients: 50 nodes (fractional GPU) | Ray GPU usage: 3.7/4.0 (91.4%)
2025-12-26 01:13:58,330 - __main__ - INFO - ⏰ 521s | Server: running (CPU) | Clients: 50 nodes (fractional GPU) | Ray GPU usage: 3.7/4.0 (91.4%)
2025-12-26 01:14:03,351 - __main__ - INFO - ⏰ 526s | Server: running (CPU) | Clients: 50 nodes (fractional GPU) | Ray GPU usage: 3.7/4.0 (91.4%)
2025-12-26 01:14:08,367 - __main__ - INFO - ⏰ 531s | Server: running (CPU) | Clients: 50 nodes (fractional GPU) | Ray GPU usage: 3.7/4.0 (91.4%)
2025-12-26 01:14:13,385 - __main__ - INFO - ⏰ 536s | Server: running (CPU) | Clients: 50 nodes (fractional GPU) | Ray GPU usage: 3.7/4.0 (91.4%)
2025-12-26 01:14:18,401 - __main__ - INFO - ⏰ 541s | Server: running (CPU) | Clients: 50 nodes (fractional GPU) | Ray GPU usage: 3.7/4.0 (91.4%)
2025-12-26 01:14:23,419 - __main__ - INFO - ⏰ 546s | Server: running (CPU) | Clients: 50 nodes (fractional GPU) | Ray GPU usage: 3.7/4.0 (91.4%)
2025-12-26 01:14:28,437 - __main__ - INFO - ⏰ 551s | Server: running (CPU) | Clients: 50 nodes (fractional GPU) | Ray GPU usage: 3.7/4.0 (91.4%)
2025-12-26 01:14:33,451 - __main__ - INFO - ⏰ 557s | Server: running (CPU) | Clients: 50 nodes (fractional GPU) | Ray GPU usage: 3.7/4.0 (91.4%)
2025-12-26 01:14:38,469 - __main__ - INFO - ⏰ 562s | Server: running (CPU) | Clients: 50 nodes (fractional GPU) | Ray GPU usage: 3.7/4.0 (91.4%)
2025-12-26 01:14:43,489 - __main__ - INFO - ⏰ 567s | Server: running (CPU) | Clients: 50 nodes (fractional GPU) | Ray GPU usage: 3.7/4.0 (91.4%)
2025-12-26 01:14:48,506 - __main__ - INFO - ⏰ 572s | Server: running (CPU) | Clients: 50 nodes (fractional GPU) | Ray GPU usage: 3.7/4.0 (91.4%)
2025-12-26 01:14:53,521 - __main__ - INFO - ⏰ 577s | Server: running (CPU) | Clients: 50 nodes (fractional GPU) | Ray GPU usage: 3.7/4.0 (91.4%)
2025-12-26 01:14:58,538 - __main__ - INFO - ⏰ 582s | Server: running (CPU) | Clients: 50 nodes (fractional GPU) | Ray GPU usage: 3.7/4.0 (91.4%)
2025-12-26 01:15:03,555 - __main__ - INFO - ⏰ 587s | Server: running (CPU) | Clients: 50 nodes (fractional GPU) | Ray GPU usage: 3.7/4.0 (91.4%)
2025-12-26 01:15:08,574 - __main__ - INFO - ⏰ 592s | Server: running (CPU) | Clients: 50 nodes (fractional GPU) | Ray GPU usage: 3.7/4.0 (91.4%)
2025-12-26 01:15:13,591 - __main__ - INFO - ⏰ 597s | Server: running (CPU) | Clients: 50 nodes (fractional GPU) | Ray GPU usage: 3.7/4.0 (91.4%)
2025-12-26 01:15:18,608 - __main__ - INFO - ⏰ 602s | Server: running (CPU) | Clients: 50 nodes (fractional GPU) | Ray GPU usage: 3.7/4.0 (91.4%)
2025-12-26 01:15:23,626 - __main__ - INFO - ⏰ 607s | Server: running (CPU) | Clients: 50 nodes (fractional GPU) | Ray GPU usage: 3.7/4.0 (91.4%)
2025-12-26 01:15:28,643 - __main__ - INFO - ⏰ 612s | Server: running (CPU) | Clients: 50 nodes (fractional GPU) | Ray GPU usage: 3.7/4.0 (91.4%)
2025-12-26 01:15:33,660 - __main__ - INFO - ⏰ 617s | Server: running (CPU) | Clients: 50 nodes (fractional GPU) | Ray GPU usage: 3.7/4.0 (91.4%)
2025-12-26 01:15:38,677 - __main__ - INFO - ⏰ 622s | Server: running (CPU) | Clients: 50 nodes (fractional GPU) | Ray GPU usage: 3.7/4.0 (91.4%)
2025-12-26 01:15:43,695 - __main__ - INFO - ⏰ 627s | Server: running (CPU) | Clients: 50 nodes (fractional GPU) | Ray GPU usage: 3.7/4.0 (91.4%)
2025-12-26 01:15:48,715 - __main__ - INFO - ⏰ 632s | Server: running (CPU) | Clients: 50 nodes (fractional GPU) | Ray GPU usage: 3.7/4.0 (91.4%)
2025-12-26 01:15:53,735 - __main__ - INFO - ⏰ 637s | Server: running (CPU) | Clients: 50 nodes (fractional GPU) | Ray GPU usage: 3.7/4.0 (91.4%)
2025-12-26 01:15:58,750 - __main__ - INFO - ⏰ 642s | Server: running (CPU) | Clients: 50 nodes (fractional GPU) | Ray GPU usage: 3.7/4.0 (91.4%)
2025-12-26 01:16:03,770 - __main__ - INFO - ⏰ 647s | Server: running (CPU) | Clients: 50 nodes (fractional GPU) | Ray GPU usage: 3.7/4.0 (91.4%)
2025-12-26 01:16:08,789 - __main__ - INFO - ⏰ 652s | Server: running (CPU) | Clients: 50 nodes (fractional GPU) | Ray GPU usage: 3.7/4.0 (91.4%)
2025-12-26 01:16:13,807 - __main__ - INFO - ⏰ 657s | Server: running (CPU) | Clients: 50 nodes (fractional GPU) | Ray GPU usage: 3.7/4.0 (91.4%)
2025-12-26 01:16:18,826 - __main__ - INFO - ⏰ 662s | Server: running (CPU) | Clients: 50 nodes (fractional GPU) | Ray GPU usage: 3.7/4.0 (91.4%)
2025-12-26 01:16:23,842 - __main__ - INFO - ⏰ 667s | Server: running (CPU) | Clients: 50 nodes (fractional GPU) | Ray GPU usage: 3.7/4.0 (91.4%)
2025-12-26 01:16:28,859 - __main__ - INFO - ⏰ 672s | Server: running (CPU) | Clients: 50 nodes (fractional GPU) | Ray GPU usage: 3.7/4.0 (91.4%)
2025-12-26 01:16:33,875 - __main__ - INFO - ⏰ 677s | Server: running (CPU) | Clients: 50 nodes (fractional GPU) | Ray GPU usage: 3.7/4.0 (91.4%)
2025-12-26 01:16:38,893 - __main__ - INFO - ⏰ 682s | Server: running (CPU) | Clients: 50 nodes (fractional GPU) | Ray GPU usage: 3.7/4.0 (91.4%)
2025-12-26 01:16:43,909 - __main__ - INFO - ⏰ 687s | Server: running (CPU) | Clients: 50 nodes (fractional GPU) | Ray GPU usage: 3.7/4.0 (91.4%)
2025-12-26 01:16:48,924 - __main__ - INFO - ⏰ 692s | Server: running (CPU) | Clients: 50 nodes (fractional GPU) | Ray GPU usage: 3.7/4.0 (91.4%)
2025-12-26 01:16:53,944 - __main__ - INFO - ⏰ 697s | Server: running (CPU) | Clients: 50 nodes (fractional GPU) | Ray GPU usage: 3.7/4.0 (91.4%)
2025-12-26 01:16:58,965 - __main__ - INFO - ⏰ 702s | Server: running (CPU) | Clients: 50 nodes (fractional GPU) | Ray GPU usage: 3.7/4.0 (91.4%)
2025-12-26 01:17:03,988 - __main__ - INFO - ⏰ 707s | Server: running (CPU) | Clients: 50 nodes (fractional GPU) | Ray GPU usage: 3.7/4.0 (91.4%)
2025-12-26 01:17:09,005 - __main__ - INFO - ⏰ 712s | Server: running (CPU) | Clients: 50 nodes (fractional GPU) | Ray GPU usage: 3.7/4.0 (91.4%)
2025-12-26 01:17:14,023 - __main__ - INFO - ⏰ 717s | Server: running (CPU) | Clients: 50 nodes (fractional GPU) | Ray GPU usage: 3.7/4.0 (91.4%)
2025-12-26 01:17:19,042 - __main__ - INFO - ⏰ 722s | Server: running (CPU) | Clients: 50 nodes (fractional GPU) | Ray GPU usage: 3.7/4.0 (91.4%)
2025-12-26 01:17:24,056 - __main__ - INFO - ⏰ 727s | Server: running (CPU) | Clients: 50 nodes (fractional GPU) | Ray GPU usage: 3.7/4.0 (91.4%)
2025-12-26 01:17:29,073 - __main__ - INFO - ⏰ 732s | Server: running (CPU) | Clients: 50 nodes (fractional GPU) | Ray GPU usage: 3.7/4.0 (91.4%)
2025-12-26 01:17:34,091 - __main__ - INFO - ⏰ 737s | Server: running (CPU) | Clients: 50 nodes (fractional GPU) | Ray GPU usage: 3.7/4.0 (91.4%)
2025-12-26 01:17:39,109 - __main__ - INFO - ⏰ 742s | Server: running (CPU) | Clients: 50 nodes (fractional GPU) | Ray GPU usage: 3.7/4.0 (91.4%)
2025-12-26 01:17:44,127 - __main__ - INFO - ⏰ 747s | Server: running (CPU) | Clients: 50 nodes (fractional GPU) | Ray GPU usage: 3.7/4.0 (91.4%)
2025-12-26 01:17:49,146 - __main__ - INFO - ⏰ 752s | Server: running (CPU) | Clients: 50 nodes (fractional GPU) | Ray GPU usage: 3.7/4.0 (91.4%)
2025-12-26 01:17:54,165 - __main__ - INFO - ⏰ 757s | Server: running (CPU) | Clients: 50 nodes (fractional GPU) | Ray GPU usage: 3.7/4.0 (91.4%)
2025-12-26 01:17:59,185 - __main__ - INFO - ⏰ 762s | Server: running (CPU) | Clients: 50 nodes (fractional GPU) | Ray GPU usage: 3.7/4.0 (91.4%)
2025-12-26 01:18:04,204 - __main__ - INFO - ⏰ 767s | Server: running (CPU) | Clients: 50 nodes (fractional GPU) | Ray GPU usage: 3.7/4.0 (91.4%)
2025-12-26 01:18:09,223 - __main__ - INFO - ⏰ 772s | Server: running (CPU) | Clients: 50 nodes (fractional GPU) | Ray GPU usage: 3.7/4.0 (91.4%)
2025-12-26 01:18:14,242 - __main__ - INFO - ⏰ 777s | Server: running (CPU) | Clients: 50 nodes (fractional GPU) | Ray GPU usage: 3.7/4.0 (91.4%)
2025-12-26 01:18:19,260 - __main__ - INFO - ⏰ 782s | Server: running (CPU) | Clients: 50 nodes (fractional GPU) | Ray GPU usage: 3.7/4.0 (91.4%)
2025-12-26 01:18:24,279 - __main__ - INFO - ⏰ 787s | Server: running (CPU) | Clients: 50 nodes (fractional GPU) | Ray GPU usage: 3.7/4.0 (91.4%)
2025-12-26 01:18:29,296 - __main__ - INFO - ⏰ 792s | Server: running (CPU) | Clients: 50 nodes (fractional GPU) | Ray GPU usage: 3.7/4.0 (91.4%)
2025-12-26 01:18:34,313 - __main__ - INFO - ⏰ 797s | Server: running (CPU) | Clients: 50 nodes (fractional GPU) | Ray GPU usage: 3.7/4.0 (91.4%)
2025-12-26 01:18:39,331 - __main__ - INFO - ⏰ 802s | Server: running (CPU) | Clients: 50 nodes (fractional GPU) | Ray GPU usage: 3.7/4.0 (91.4%)
2025-12-26 01:18:44,347 - __main__ - INFO - ⏰ 807s | Server: running (CPU) | Clients: 50 nodes (fractional GPU) | Ray GPU usage: 3.7/4.0 (91.4%)
2025-12-26 01:18:49,364 - __main__ - INFO - ⏰ 812s | Server: running (CPU) | Clients: 50 nodes (fractional GPU) | Ray GPU usage: 3.7/4.0 (91.4%)
2025-12-26 01:18:54,381 - __main__ - INFO - ⏰ 817s | Server: running (CPU) | Clients: 50 nodes (fractional GPU) | Ray GPU usage: 3.7/4.0 (91.4%)
2025-12-26 01:18:59,398 - __main__ - INFO - ⏰ 822s | Server: running (CPU) | Clients: 50 nodes (fractional GPU) | Ray GPU usage: 3.7/4.0 (91.4%)
2025-12-26 01:19:04,415 - __main__ - INFO - ⏰ 827s | Server: running (CPU) | Clients: 50 nodes (fractional GPU) | Ray GPU usage: 3.7/4.0 (91.4%)
2025-12-26 01:19:09,438 - __main__ - INFO - ⏰ 832s | Server: running (CPU) | Clients: 50 nodes (fractional GPU) | Ray GPU usage: 3.7/4.0 (91.4%)
2025-12-26 01:19:14,456 - __main__ - INFO - ⏰ 838s | Server: running (CPU) | Clients: 50 nodes (fractional GPU) | Ray GPU usage: 3.7/4.0 (91.4%)
2025-12-26 01:19:19,473 - __main__ - INFO - ⏰ 843s | Server: running (CPU) | Clients: 50 nodes (fractional GPU) | Ray GPU usage: 3.7/4.0 (91.4%)
2025-12-26 01:19:24,491 - __main__ - INFO - ⏰ 848s | Server: running (CPU) | Clients: 50 nodes (fractional GPU) | Ray GPU usage: 3.7/4.0 (91.4%)
2025-12-26 01:19:29,508 - __main__ - INFO - ⏰ 853s | Server: running (CPU) | Clients: 50 nodes (fractional GPU) | Ray GPU usage: 3.7/4.0 (91.4%)
2025-12-26 01:19:34,527 - __main__ - INFO - ⏰ 858s | Server: running (CPU) | Clients: 50 nodes (fractional GPU) | Ray GPU usage: 3.7/4.0 (91.4%)
2025-12-26 01:19:39,544 - __main__ - INFO - ⏰ 863s | Server: running (CPU) | Clients: 50 nodes (fractional GPU) | Ray GPU usage: 3.7/4.0 (91.4%)
2025-12-26 01:19:44,562 - __main__ - INFO - ⏰ 868s | Server: running (CPU) | Clients: 50 nodes (fractional GPU) | Ray GPU usage: 3.7/4.0 (91.4%)
2025-12-26 01:19:49,578 - __main__ - INFO - ⏰ 873s | Server: running (CPU) | Clients: 50 nodes (fractional GPU) | Ray GPU usage: 3.7/4.0 (91.4%)
2025-12-26 01:19:54,596 - __main__ - INFO - ⏰ 878s | Server: running (CPU) | Clients: 50 nodes (fractional GPU) | Ray GPU usage: 3.7/4.0 (91.4%)
2025-12-26 01:19:59,614 - __main__ - INFO - ⏰ 883s | Server: running (CPU) | Clients: 50 nodes (fractional GPU) | Ray GPU usage: 3.7/4.0 (91.4%)
2025-12-26 01:20:04,631 - __main__ - INFO - ⏰ 888s | Server: running (CPU) | Clients: 50 nodes (fractional GPU) | Ray GPU usage: 3.7/4.0 (91.4%)
2025-12-26 01:20:09,649 - __main__ - INFO - ⏰ 893s | Server: running (CPU) | Clients: 50 nodes (fractional GPU) | Ray GPU usage: 3.7/4.0 (91.4%)
2025-12-26 01:20:14,668 - __main__ - INFO - ⏰ 898s | Server: running (CPU) | Clients: 50 nodes (fractional GPU) | Ray GPU usage: 3.7/4.0 (91.4%)
2025-12-26 01:20:19,686 - __main__ - INFO - ⏰ 903s | Server: running (CPU) | Clients: 50 nodes (fractional GPU) | Ray GPU usage: 3.7/4.0 (91.4%)
2025-12-26 01:20:24,704 - __main__ - INFO - ⏰ 908s | Server: running (CPU) | Clients: 50 nodes (fractional GPU) | Ray GPU usage: 3.7/4.0 (91.4%)
2025-12-26 01:20:29,721 - __main__ - INFO - ⏰ 913s | Server: running (CPU) | Clients: 50 nodes (fractional GPU) | Ray GPU usage: 3.7/4.0 (91.4%)
2025-12-26 01:20:34,738 - __main__ - INFO - ⏰ 918s | Server: running (CPU) | Clients: 50 nodes (fractional GPU) | Ray GPU usage: 3.7/4.0 (91.4%)
2025-12-26 01:20:39,756 - __main__ - INFO - ⏰ 923s | Server: running (CPU) | Clients: 50 nodes (fractional GPU) | Ray GPU usage: 3.7/4.0 (91.4%)
2025-12-26 01:20:44,774 - __main__ - INFO - ⏰ 928s | Server: running (CPU) | Clients: 50 nodes (fractional GPU) | Ray GPU usage: 3.7/4.0 (91.4%)
2025-12-26 01:20:49,793 - __main__ - INFO - ⏰ 933s | Server: running (CPU) | Clients: 50 nodes (fractional GPU) | Ray GPU usage: 3.7/4.0 (91.4%)
2025-12-26 01:20:54,810 - __main__ - INFO - ⏰ 938s | Server: running (CPU) | Clients: 50 nodes (fractional GPU) | Ray GPU usage: 3.7/4.0 (91.4%)
2025-12-26 01:20:59,829 - __main__ - INFO - ⏰ 943s | Server: running (CPU) | Clients: 50 nodes (fractional GPU) | Ray GPU usage: 3.7/4.0 (91.4%)
2025-12-26 01:21:04,848 - __main__ - INFO - ⏰ 948s | Server: running (CPU) | Clients: 50 nodes (fractional GPU) | Ray GPU usage: 3.7/4.0 (91.4%)
2025-12-26 01:21:09,865 - __main__ - INFO - ⏰ 953s | Server: running (CPU) | Clients: 50 nodes (fractional GPU) | Ray GPU usage: 3.7/4.0 (91.4%)
2025-12-26 01:21:14,882 - __main__ - INFO - ⏰ 958s | Server: running (CPU) | Clients: 50 nodes (fractional GPU) | Ray GPU usage: 3.7/4.0 (91.4%)
2025-12-26 01:21:19,900 - __main__ - INFO - ⏰ 963s | Server: running (CPU) | Clients: 50 nodes (fractional GPU) | Ray GPU usage: 3.7/4.0 (91.4%)
2025-12-26 01:21:24,916 - __main__ - INFO - ⏰ 968s | Server: running (CPU) | Clients: 50 nodes (fractional GPU) | Ray GPU usage: 3.7/4.0 (91.4%)
2025-12-26 01:21:29,933 - __main__ - INFO - ⏰ 973s | Server: running (CPU) | Clients: 50 nodes (fractional GPU) | Ray GPU usage: 3.7/4.0 (91.4%)
2025-12-26 01:21:34,952 - __main__ - INFO - ⏰ 978s | Server: running (CPU) | Clients: 50 nodes (fractional GPU) | Ray GPU usage: 3.7/4.0 (91.4%)
2025-12-26 01:21:39,972 - __main__ - INFO - ⏰ 983s | Server: running (CPU) | Clients: 50 nodes (fractional GPU) | Ray GPU usage: 3.7/4.0 (91.4%)
2025-12-26 01:21:44,989 - __main__ - INFO - ⏰ 988s | Server: running (CPU) | Clients: 50 nodes (fractional GPU) | Ray GPU usage: 3.7/4.0 (91.4%)
2025-12-26 01:21:50,007 - __main__ - INFO - ⏰ 993s | Server: running (CPU) | Clients: 50 nodes (fractional GPU) | Ray GPU usage: 3.7/4.0 (91.4%)
2025-12-26 01:21:55,026 - __main__ - INFO - ⏰ 998s | Server: running (CPU) | Clients: 50 nodes (fractional GPU) | Ray GPU usage: 3.7/4.0 (91.4%)
2025-12-26 01:22:00,045 - __main__ - INFO - ⏰ 1003s | Server: running (CPU) | Clients: 50 nodes (fractional GPU) | Ray GPU usage: 3.7/4.0 (91.4%)
2025-12-26 01:22:05,063 - __main__ - INFO - ⏰ 1008s | Server: running (CPU) | Clients: 50 nodes (fractional GPU) | Ray GPU usage: 3.7/4.0 (91.4%)
2025-12-26 01:22:10,081 - __main__ - INFO - ⏰ 1013s | Server: running (CPU) | Clients: 50 nodes (fractional GPU) | Ray GPU usage: 3.7/4.0 (91.4%)
2025-12-26 01:22:15,098 - __main__ - INFO - ⏰ 1018s | Server: running (CPU) | Clients: 50 nodes (fractional GPU) | Ray GPU usage: 3.7/4.0 (91.4%)
2025-12-26 01:22:20,117 - __main__ - INFO - ⏰ 1023s | Server: running (CPU) | Clients: 50 nodes (fractional GPU) | Ray GPU usage: 3.7/4.0 (91.4%)
2025-12-26 01:22:25,136 - __main__ - INFO - ⏰ 1028s | Server: running (CPU) | Clients: 50 nodes (fractional GPU) | Ray GPU usage: 3.7/4.0 (91.4%)
2025-12-26 01:22:30,154 - __main__ - INFO - ⏰ 1033s | Server: running (CPU) | Clients: 50 nodes (fractional GPU) | Ray GPU usage: 3.7/4.0 (91.4%)
2025-12-26 01:22:35,172 - __main__ - INFO - ⏰ 1038s | Server: running (CPU) | Clients: 50 nodes (fractional GPU) | Ray GPU usage: 3.7/4.0 (91.4%)
2025-12-26 01:22:40,190 - __main__ - INFO - ⏰ 1043s | Server: running (CPU) | Clients: 50 nodes (fractional GPU) | Ray GPU usage: 3.7/4.0 (91.4%)
2025-12-26 01:22:45,208 - __main__ - INFO - ⏰ 1048s | Server: running (CPU) | Clients: 50 nodes (fractional GPU) | Ray GPU usage: 3.7/4.0 (91.4%)
2025-12-26 01:22:50,227 - __main__ - INFO - ⏰ 1053s | Server: running (CPU) | Clients: 50 nodes (fractional GPU) | Ray GPU usage: 3.7/4.0 (91.4%)
2025-12-26 01:22:55,245 - __main__ - INFO - ⏰ 1058s | Server: running (CPU) | Clients: 50 nodes (fractional GPU) | Ray GPU usage: 3.7/4.0 (91.4%)
2025-12-26 01:23:00,263 - __main__ - INFO - ⏰ 1063s | Server: running (CPU) | Clients: 50 nodes (fractional GPU) | Ray GPU usage: 3.7/4.0 (91.4%)
2025-12-26 01:23:05,279 - __main__ - INFO - ⏰ 1068s | Server: running (CPU) | Clients: 50 nodes (fractional GPU) | Ray GPU usage: 3.7/4.0 (91.4%)
2025-12-26 01:23:10,296 - __main__ - INFO - ⏰ 1073s | Server: running (CPU) | Clients: 50 nodes (fractional GPU) | Ray GPU usage: 3.7/4.0 (91.4%)
2025-12-26 01:23:15,315 - __main__ - INFO - ⏰ 1078s | Server: running (CPU) | Clients: 50 nodes (fractional GPU) | Ray GPU usage: 3.7/4.0 (91.4%)
2025-12-26 01:23:20,332 - __main__ - INFO - ⏰ 1083s | Server: running (CPU) | Clients: 50 nodes (fractional GPU) | Ray GPU usage: 3.7/4.0 (91.4%)
2025-12-26 01:23:25,351 - __main__ - INFO - ⏰ 1088s | Server: running (CPU) | Clients: 50 nodes (fractional GPU) | Ray GPU usage: 3.7/4.0 (91.4%)
2025-12-26 01:23:30,370 - __main__ - INFO - ⏰ 1093s | Server: running (CPU) | Clients: 50 nodes (fractional GPU) | Ray GPU usage: 3.7/4.0 (91.4%)
Traceback (most recent call last):
  File "/home/naicheng_li/FLTorrent/run_ray_hpc.py", line 4216, in main
    ray_fl.start_federated_learning()
  File "/home/naicheng_li/FLTorrent/run_ray_hpc.py", line 3568, in start_federated_learning
    self.monitor_training()
  File "/home/naicheng_li/FLTorrent/run_ray_hpc.py", line 3589, in monitor_training
    client_statuses = ray.get([
  File "/home/naicheng_li/.conda/envs/flv2/lib/python3.10/site-packages/ray/_private/auto_init_hook.py", line 22, in auto_init_wrapper
    return fn(*args, **kwargs)
  File "/home/naicheng_li/.conda/envs/flv2/lib/python3.10/site-packages/ray/_private/client_mode_hook.py", line 104, in wrapper
    return func(*args, **kwargs)
  File "/home/naicheng_li/.conda/envs/flv2/lib/python3.10/site-packages/ray/_private/worker.py", line 2967, in get
    values, debugger_breakpoint = worker.get_objects(
  File "/home/naicheng_li/.conda/envs/flv2/lib/python3.10/site-packages/ray/_private/worker.py", line 1017, in get_objects
    raise value
ray.exceptions.ActorDiedError: The actor died unexpectedly before finishing this task.
	class_name: FallbackFederatedScopeClient
	actor_id: 26dc7ec9f4dbc631dced74e501000000
	pid: 2109490
	namespace: f5005742-d42c-4f49-a928-9002f6840229
	ip: 10.0.0.2
The actor is dead because its worker process has died. Worker exit type: SYSTEM_ERROR Worker exit detail: Worker unexpectedly exits with a connection error code 2. End of file. Some common causes include: (1) the process was killed by the OOM killer due to high memory usage, (2) ray stop --force was called, or (3) the worker crashed unexpectedly due to SIGSEGV or another unexpected error.
2025-12-26 01:23:35,391 - __main__ - INFO - 🛑 Stop all federated learning processes...
2025-12-26 01:23:35,444 - __main__ - WARNING - ⚠️  Ray Actors stop warning: The actor died unexpectedly before finishing this task.
	class_name: FallbackFederatedScopeClient
	actor_id: 26dc7ec9f4dbc631dced74e501000000
	pid: 2109490
	namespace: f5005742-d42c-4f49-a928-9002f6840229
	ip: 10.0.0.2
The actor is dead because its worker process has died. Worker exit type: SYSTEM_ERROR Worker exit detail: Worker unexpectedly exits with a connection error code 2. End of file. Some common causes include: (1) the process was killed by the OOM killer due to high memory usage, (2) ray stop --force was called, or (3) the worker crashed unexpectedly due to SIGSEGV or another unexpected error.
2025-12-26 01:23:35,445 - __main__ - INFO - ✅ Environment cleaned
2025-12-26 01:23:35,445 - __main__ - INFO - ✅ All resources stopped
