2025-12-25 03:16:22,926 - __main__ - INFO - ðŸš€ Start Ray V2 federated learning
2025-12-25 03:16:22,926 - __main__ - INFO - ðŸ“Š Configuration: 50 clients, 100 rounds training, total nodes: 51
2025-12-25 03:16:22,926 - __main__ - INFO - ðŸ§¹ Clean environment...
2025-12-25 03:16:24,252 - __main__ - INFO - âœ… Environment cleanup completed
2025-12-25 03:16:24,252 - __main__ - INFO - ðŸš€ Applying host network optimizations for ultra-high concurrency...
2025-12-25 03:16:24,366 - __main__ - WARNING - âš ï¸  22 network optimizations could not be applied (may need sudo access)
2025-12-25 03:16:24,366 - __main__ - WARNING - âš ï¸  No host network optimizations applied! High-concurrency FL may experience issues.
2025-12-25 03:16:24,366 - __main__ - WARNING -    Consider running with sudo or contacting HPC admin to apply these settings.
2025-12-25 03:16:24,366 - __main__ - INFO - ðŸ¦­ Initializing Podman rootless environment...
2025-12-25 03:16:24,369 - __main__ - WARNING - âš ï¸  Podman unavailable, trying Docker...
2025-12-25 03:16:24,369 - __main__ - INFO - ðŸ“¦ Using non-container mode (Fallback)
2025-12-25 03:16:26,410 - __main__ - INFO - ðŸ” Found available port for Ray dashboard: 8265
2025-12-25 03:16:29,058	INFO worker.py:1998 -- Started a local Ray instance. View the dashboard at [1m[32m10.0.0.2:8265 [39m[22m
/home/naicheng_li/.conda/envs/flv2/lib/python3.10/site-packages/ray/_private/worker.py:2046: FutureWarning: Tip: In future versions of Ray, Ray will no longer override accelerator visible devices env var if num_gpus=0 or num_gpus=None (default). To enable this behavior and turn off this error message, set RAY_ACCEL_ENV_VAR_OVERRIDE_ON_ZERO=0
  warnings.warn(
2025-12-25 03:16:30,028 - __main__ - INFO - ðŸš€ Ray cluster initialization completed:
2025-12-25 03:16:30,028 - __main__ - INFO -    ðŸ“Š Resources: {'GPU': 4.0, 'accelerator_type:A100': 1.0, 'node:10.0.0.2': 1.0, 'node:__internal_head__': 1.0, 'CPU': 64.0, 'object_store_memory': 145967201280.0, 'memory': 277229712384.0}
2025-12-25 03:16:30,028 - __main__ - INFO -    ðŸŒ Dashboard: http://127.0.0.1:8265
2025-12-25 03:16:30,028 - __main__ - INFO - ðŸŒ Ray Cluster Topology:
2025-12-25 03:16:30,028 - __main__ - INFO -    ðŸ“ Head node: 1db853adcb1e... (Server will run here)
2025-12-25 03:16:30,028 - __main__ - WARNING -    âš ï¸ No worker nodes found! Clients will run on head node (not recommended)
2025-12-25 03:16:30,029 - __main__ - INFO - ðŸŽ® Detected GPU type on node 1db853adcb1e...: A100 -> 40.0GB per GPU
2025-12-25 03:16:30,029 - __main__ - INFO - ðŸ“ Head node (1db853adcb1e...): 4.0 GPUs, 160.0GB total memory
2025-12-25 03:16:30,029 - __main__ - INFO - ðŸ“Š Total GPU memory across all nodes: 160.0GB
2025-12-25 03:16:30,029 - __main__ - INFO - ðŸ“Š Memory per client: 3.0GB â†’ Max capacity: 53 clients
2025-12-25 03:16:30,029 - __main__ - INFO -    Node 1db853adcb1e...: 50 clients (160.0GB / 50 = 3.2GB/client)
2025-12-25 03:16:30,030 - __main__ - INFO -    Node 1db853adcb1e...: 4.0 GPU, 50 clients, max 13 clients/GPU -> 0.0731 GPU/client
2025-12-25 03:16:30,030 - __main__ - INFO - ðŸŽ¯ GPU allocation summary: {'total_available_gpus': 4.0, 'total_allocated_gpus': 3.655, 'utilization_rate': '91.38%', 'server': 'CPU only', 'per_node_allocation': {'1db853adcb1e': {'count': 50, 'total_gpu': 3.6550000000000025}}, 'gpu_clients': 50, 'cpu_clients': 0}
2025-12-25 03:16:30,030 - __main__ - INFO - ðŸ“‹ Client distribution: 50 GPU clients, 0 CPU clients
2025-12-25 03:16:30,030 - __main__ - INFO - ðŸ“ Server scheduled to head node: 1db853adcb1e...
2025-12-25 03:16:30,123 - __main__ - INFO - ðŸ“¦ Using Fallback (no container) for Server
2025-12-25 03:16:30,191 - __main__ - INFO - âœ… Server started: 10.0.0.2:35981
2025-12-25 03:16:45,207 - __main__ - INFO - ðŸ“± Edge device distribution: {'smartphone': 50}
2025-12-25 03:16:45,207 - __main__ - INFO - ðŸ“Š Client distribution plan:
2025-12-25 03:16:45,208 - __main__ - INFO -    Client 1 -> head (1db853adcb1e...), Node CPUs: 64.0, Clients on node: 50
2025-12-25 03:16:45,208 - __main__ - INFO -    Client 2 -> head (1db853adcb1e...), Node CPUs: 64.0, Clients on node: 50
2025-12-25 03:16:45,209 - __main__ - INFO -    Client 3 -> head (1db853adcb1e...), Node CPUs: 64.0, Clients on node: 50
2025-12-25 03:16:45,209 - __main__ - INFO -    Client 4 -> head (1db853adcb1e...), Node CPUs: 64.0, Clients on node: 50
2025-12-25 03:16:45,209 - __main__ - INFO -    Client 5 -> head (1db853adcb1e...), Node CPUs: 64.0, Clients on node: 50
2025-12-25 03:16:45,210 - __main__ - INFO -    Client 6 -> head (1db853adcb1e...), Node CPUs: 64.0, Clients on node: 50
2025-12-25 03:16:45,210 - __main__ - INFO -    Client 7 -> head (1db853adcb1e...), Node CPUs: 64.0, Clients on node: 50
2025-12-25 03:16:45,211 - __main__ - INFO -    Client 8 -> head (1db853adcb1e...), Node CPUs: 64.0, Clients on node: 50
2025-12-25 03:16:45,211 - __main__ - INFO -    Client 9 -> head (1db853adcb1e...), Node CPUs: 64.0, Clients on node: 50
2025-12-25 03:16:45,211 - __main__ - INFO -    Client 10 -> head (1db853adcb1e...), Node CPUs: 64.0, Clients on node: 50
2025-12-25 03:16:45,212 - __main__ - INFO -    Client 11 -> head (1db853adcb1e...), Node CPUs: 64.0, Clients on node: 50
2025-12-25 03:16:45,212 - __main__ - INFO -    Client 12 -> head (1db853adcb1e...), Node CPUs: 64.0, Clients on node: 50
2025-12-25 03:16:45,212 - __main__ - INFO -    Client 13 -> head (1db853adcb1e...), Node CPUs: 64.0, Clients on node: 50
2025-12-25 03:16:45,213 - __main__ - INFO -    Client 14 -> head (1db853adcb1e...), Node CPUs: 64.0, Clients on node: 50
2025-12-25 03:16:45,213 - __main__ - INFO -    Client 15 -> head (1db853adcb1e...), Node CPUs: 64.0, Clients on node: 50
2025-12-25 03:16:45,213 - __main__ - INFO -    Client 16 -> head (1db853adcb1e...), Node CPUs: 64.0, Clients on node: 50
2025-12-25 03:16:45,214 - __main__ - INFO -    Client 17 -> head (1db853adcb1e...), Node CPUs: 64.0, Clients on node: 50
2025-12-25 03:16:45,214 - __main__ - INFO -    Client 18 -> head (1db853adcb1e...), Node CPUs: 64.0, Clients on node: 50
2025-12-25 03:16:45,214 - __main__ - INFO -    Client 19 -> head (1db853adcb1e...), Node CPUs: 64.0, Clients on node: 50
2025-12-25 03:16:45,215 - __main__ - INFO -    Client 20 -> head (1db853adcb1e...), Node CPUs: 64.0, Clients on node: 50
2025-12-25 03:16:45,215 - __main__ - INFO -    Client 21 -> head (1db853adcb1e...), Node CPUs: 64.0, Clients on node: 50
2025-12-25 03:16:45,215 - __main__ - INFO -    Client 22 -> head (1db853adcb1e...), Node CPUs: 64.0, Clients on node: 50
2025-12-25 03:16:45,216 - __main__ - INFO -    Client 23 -> head (1db853adcb1e...), Node CPUs: 64.0, Clients on node: 50
2025-12-25 03:16:45,216 - __main__ - INFO -    Client 24 -> head (1db853adcb1e...), Node CPUs: 64.0, Clients on node: 50
2025-12-25 03:16:45,216 - __main__ - INFO -    Client 25 -> head (1db853adcb1e...), Node CPUs: 64.0, Clients on node: 50
2025-12-25 03:16:45,217 - __main__ - INFO -    Client 26 -> head (1db853adcb1e...), Node CPUs: 64.0, Clients on node: 50
2025-12-25 03:16:45,217 - __main__ - INFO -    Client 27 -> head (1db853adcb1e...), Node CPUs: 64.0, Clients on node: 50
2025-12-25 03:16:45,217 - __main__ - INFO -    Client 28 -> head (1db853adcb1e...), Node CPUs: 64.0, Clients on node: 50
2025-12-25 03:16:45,218 - __main__ - INFO -    Client 29 -> head (1db853adcb1e...), Node CPUs: 64.0, Clients on node: 50
2025-12-25 03:16:45,218 - __main__ - INFO -    Client 30 -> head (1db853adcb1e...), Node CPUs: 64.0, Clients on node: 50
2025-12-25 03:16:45,218 - __main__ - INFO -    Client 31 -> head (1db853adcb1e...), Node CPUs: 64.0, Clients on node: 50
2025-12-25 03:16:45,218 - __main__ - INFO -    Client 32 -> head (1db853adcb1e...), Node CPUs: 64.0, Clients on node: 50
2025-12-25 03:16:45,219 - __main__ - INFO -    Client 33 -> head (1db853adcb1e...), Node CPUs: 64.0, Clients on node: 50
2025-12-25 03:16:45,219 - __main__ - INFO -    Client 34 -> head (1db853adcb1e...), Node CPUs: 64.0, Clients on node: 50
2025-12-25 03:16:45,219 - __main__ - INFO -    Client 35 -> head (1db853adcb1e...), Node CPUs: 64.0, Clients on node: 50
2025-12-25 03:16:45,220 - __main__ - INFO -    Client 36 -> head (1db853adcb1e...), Node CPUs: 64.0, Clients on node: 50
2025-12-25 03:16:45,220 - __main__ - INFO -    Client 37 -> head (1db853adcb1e...), Node CPUs: 64.0, Clients on node: 50
2025-12-25 03:16:45,220 - __main__ - INFO -    Client 38 -> head (1db853adcb1e...), Node CPUs: 64.0, Clients on node: 50
2025-12-25 03:16:45,221 - __main__ - INFO -    Client 39 -> head (1db853adcb1e...), Node CPUs: 64.0, Clients on node: 50
2025-12-25 03:16:45,221 - __main__ - INFO -    Client 40 -> head (1db853adcb1e...), Node CPUs: 64.0, Clients on node: 50
2025-12-25 03:16:45,221 - __main__ - INFO -    Client 41 -> head (1db853adcb1e...), Node CPUs: 64.0, Clients on node: 50
2025-12-25 03:16:45,222 - __main__ - INFO -    Client 42 -> head (1db853adcb1e...), Node CPUs: 64.0, Clients on node: 50
2025-12-25 03:16:45,222 - __main__ - INFO -    Client 43 -> head (1db853adcb1e...), Node CPUs: 64.0, Clients on node: 50
2025-12-25 03:16:45,222 - __main__ - INFO -    Client 44 -> head (1db853adcb1e...), Node CPUs: 64.0, Clients on node: 50
2025-12-25 03:16:45,223 - __main__ - INFO -    Client 45 -> head (1db853adcb1e...), Node CPUs: 64.0, Clients on node: 50
2025-12-25 03:16:45,223 - __main__ - INFO -    Client 46 -> head (1db853adcb1e...), Node CPUs: 64.0, Clients on node: 50
2025-12-25 03:16:45,223 - __main__ - INFO -    Client 47 -> head (1db853adcb1e...), Node CPUs: 64.0, Clients on node: 50
2025-12-25 03:16:45,224 - __main__ - INFO -    Client 48 -> head (1db853adcb1e...), Node CPUs: 64.0, Clients on node: 50
2025-12-25 03:16:45,224 - __main__ - INFO -    Client 49 -> head (1db853adcb1e...), Node CPUs: 64.0, Clients on node: 50
2025-12-25 03:16:45,224 - __main__ - INFO -    Client 50 -> head (1db853adcb1e...), Node CPUs: 64.0, Clients on node: 50
2025-12-25 03:16:45,225 - __main__ - INFO - ðŸ”§ Client 1 resources: num_cpus=1.1120, num_gpus=0.0731, memory=2.00GB
2025-12-25 03:16:45,302 - __main__ - INFO - âœ… Client 1 (smartphone) started on head node (1db853adcb1e...)
2025-12-25 03:16:48,305 - __main__ - INFO - ðŸ”§ Client 2 resources: num_cpus=1.1120, num_gpus=0.0731, memory=2.00GB
2025-12-25 03:16:48,392 - __main__ - INFO - âœ… Client 2 (smartphone) started on head node (1db853adcb1e...)
2025-12-25 03:16:51,396 - __main__ - INFO - ðŸ”§ Client 3 resources: num_cpus=1.1120, num_gpus=0.0731, memory=2.00GB
2025-12-25 03:16:51,471 - __main__ - INFO - âœ… Client 3 (smartphone) started on head node (1db853adcb1e...)
2025-12-25 03:16:54,474 - __main__ - INFO - ðŸ”§ Client 4 resources: num_cpus=1.1120, num_gpus=0.0731, memory=2.00GB
2025-12-25 03:16:54,549 - __main__ - INFO - âœ… Client 4 (smartphone) started on head node (1db853adcb1e...)
2025-12-25 03:16:57,552 - __main__ - INFO - ðŸ”§ Client 5 resources: num_cpus=1.1120, num_gpus=0.0731, memory=2.00GB
2025-12-25 03:16:57,635 - __main__ - INFO - âœ… Client 5 (smartphone) started on head node (1db853adcb1e...)
2025-12-25 03:17:00,638 - __main__ - INFO - ðŸ”§ Client 6 resources: num_cpus=1.1120, num_gpus=0.0731, memory=2.00GB
2025-12-25 03:17:00,724 - __main__ - INFO - âœ… Client 6 (smartphone) started on head node (1db853adcb1e...)
2025-12-25 03:17:03,725 - __main__ - INFO - ðŸ”§ Client 7 resources: num_cpus=1.1120, num_gpus=0.0731, memory=2.00GB
2025-12-25 03:17:03,802 - __main__ - INFO - âœ… Client 7 (smartphone) started on head node (1db853adcb1e...)
2025-12-25 03:17:06,806 - __main__ - INFO - ðŸ”§ Client 8 resources: num_cpus=1.1120, num_gpus=0.0731, memory=2.00GB
2025-12-25 03:17:06,883 - __main__ - INFO - âœ… Client 8 (smartphone) started on head node (1db853adcb1e...)
2025-12-25 03:17:09,887 - __main__ - INFO - ðŸ”§ Client 9 resources: num_cpus=1.1120, num_gpus=0.0731, memory=2.00GB
2025-12-25 03:17:09,959 - __main__ - INFO - âœ… Client 9 (smartphone) started on head node (1db853adcb1e...)
2025-12-25 03:17:12,963 - __main__ - INFO - ðŸ”§ Client 10 resources: num_cpus=1.1120, num_gpus=0.0731, memory=2.00GB
2025-12-25 03:17:13,047 - __main__ - INFO - âœ… Client 10 (smartphone) started on head node (1db853adcb1e...)
2025-12-25 03:17:16,050 - __main__ - INFO - ðŸ”§ Client 11 resources: num_cpus=1.1120, num_gpus=0.0731, memory=2.00GB
2025-12-25 03:17:16,124 - __main__ - INFO - âœ… Client 11 (smartphone) started on head node (1db853adcb1e...)
2025-12-25 03:17:19,126 - __main__ - INFO - ðŸ”§ Client 12 resources: num_cpus=1.1120, num_gpus=0.0731, memory=2.00GB
slurmstepd-srv-it-node02: error: *** JOB 533 ON srv-it-node02 CANCELLED AT 2025-12-25T03:17:19 ***
