2025-12-21 03:57:29,847 - __main__ - INFO - 🚀 Start Ray V2 federated learning
2025-12-21 03:57:29,847 - __main__ - INFO - 📊 Configuration: 50 clients, 100 rounds training, total nodes: 51
2025-12-21 03:57:29,847 - __main__ - INFO - 🧹 Clean environment...
2025-12-21 03:57:30,941 - __main__ - INFO - ✅ Environment cleanup completed
2025-12-21 03:57:30,945 - __main__ - WARNING - ⚠️  Docker unavailable, switch to non-container mode
2025-12-21 03:57:30,965	INFO worker.py:1821 -- Connecting to existing Ray cluster at address: 10.0.0.2:6379...
2025-12-21 03:57:30,977	INFO worker.py:1998 -- Connected to Ray cluster. View the dashboard at [1m[32m10.0.0.2:8265 [39m[22m
/home/naicheng_li/.conda/envs/flv2/lib/python3.10/site-packages/ray/_private/worker.py:2046: FutureWarning: Tip: In future versions of Ray, Ray will no longer override accelerator visible devices env var if num_gpus=0 or num_gpus=None (default). To enable this behavior and turn off this error message, set RAY_ACCEL_ENV_VAR_OVERRIDE_ON_ZERO=0
  warnings.warn(
2025-12-21 03:57:32,013 - __main__ - INFO - 🚀 Connected to external Ray cluster: 10.0.0.2:6379
2025-12-21 03:57:32,013 - __main__ - INFO -    📊 Resources: {'CPU': 128.0, 'node:10.0.0.2': 1.0, 'accelerator_type:A100': 1.0, 'memory': 549441773979.0, 'node:__internal_head__': 1.0, 'object_store_memory': 235475045989.0, 'GPU': 6.0, 'node:10.0.0.1': 1.0, 'accelerator_type:L4': 1.0}
2025-12-21 03:57:32,014 - __main__ - INFO - 🌐 Ray Cluster Topology:
2025-12-21 03:57:32,014 - __main__ - INFO -    📍 Head node: b5503daed8b8... (Server will run here)
2025-12-21 03:57:32,014 - __main__ - INFO -    📍 Worker nodes: 1 available
2025-12-21 03:57:32,014 - __main__ - INFO -       Worker 1: fdd26e8ace3a...
2025-12-21 03:57:32,015 - __main__ - INFO -    Node fdd26e8ace3a...: 2.0 GPU, 50 clients -> max 0.0380 GPU/client
2025-12-21 03:57:32,015 - __main__ - INFO - 🎯 GPU allocation summary: {'total_available_gpus': 6.0, 'total_allocated_gpus': 1.9, 'utilization_rate': '31.67%', 'server': 'CPU only', 'per_node_allocation': {'fdd26e8ace3a': {'count': 50, 'total_gpu': 1.900000000000001}}, 'gpu_clients': 50, 'cpu_clients': 0}
2025-12-21 03:57:32,015 - __main__ - INFO - 📋 Client distribution: 50 GPU clients, 0 CPU clients
2025-12-21 03:57:34,048 - __main__ - INFO - 📍 Server scheduled to head node: b5503daed8b8...
2025-12-21 03:57:34,193 - __main__ - INFO - ✅ Server started: 10.0.0.2:43153
2025-12-21 03:57:49,208 - __main__ - INFO - 📱 Edge device distribution: {'smartphone': 50}
2025-12-21 03:57:49,209 - __main__ - INFO - 📊 Client distribution plan:
2025-12-21 03:57:49,209 - __main__ - INFO -    Client 1 -> worker (fdd26e8ace3a...), Node CPUs: 64.0, Clients on node: 50
2025-12-21 03:57:49,210 - __main__ - INFO -    Client 2 -> worker (fdd26e8ace3a...), Node CPUs: 64.0, Clients on node: 50
2025-12-21 03:57:49,210 - __main__ - INFO -    Client 3 -> worker (fdd26e8ace3a...), Node CPUs: 64.0, Clients on node: 50
2025-12-21 03:57:49,211 - __main__ - INFO -    Client 4 -> worker (fdd26e8ace3a...), Node CPUs: 64.0, Clients on node: 50
2025-12-21 03:57:49,211 - __main__ - INFO -    Client 5 -> worker (fdd26e8ace3a...), Node CPUs: 64.0, Clients on node: 50
2025-12-21 03:57:49,212 - __main__ - INFO -    Client 6 -> worker (fdd26e8ace3a...), Node CPUs: 64.0, Clients on node: 50
2025-12-21 03:57:49,212 - __main__ - INFO -    Client 7 -> worker (fdd26e8ace3a...), Node CPUs: 64.0, Clients on node: 50
2025-12-21 03:57:49,213 - __main__ - INFO -    Client 8 -> worker (fdd26e8ace3a...), Node CPUs: 64.0, Clients on node: 50
2025-12-21 03:57:49,213 - __main__ - INFO -    Client 9 -> worker (fdd26e8ace3a...), Node CPUs: 64.0, Clients on node: 50
2025-12-21 03:57:49,214 - __main__ - INFO -    Client 10 -> worker (fdd26e8ace3a...), Node CPUs: 64.0, Clients on node: 50
2025-12-21 03:57:49,214 - __main__ - INFO -    Client 11 -> worker (fdd26e8ace3a...), Node CPUs: 64.0, Clients on node: 50
2025-12-21 03:57:49,215 - __main__ - INFO -    Client 12 -> worker (fdd26e8ace3a...), Node CPUs: 64.0, Clients on node: 50
2025-12-21 03:57:49,215 - __main__ - INFO -    Client 13 -> worker (fdd26e8ace3a...), Node CPUs: 64.0, Clients on node: 50
2025-12-21 03:57:49,216 - __main__ - INFO -    Client 14 -> worker (fdd26e8ace3a...), Node CPUs: 64.0, Clients on node: 50
2025-12-21 03:57:49,216 - __main__ - INFO -    Client 15 -> worker (fdd26e8ace3a...), Node CPUs: 64.0, Clients on node: 50
2025-12-21 03:57:49,217 - __main__ - INFO -    Client 16 -> worker (fdd26e8ace3a...), Node CPUs: 64.0, Clients on node: 50
2025-12-21 03:57:49,217 - __main__ - INFO -    Client 17 -> worker (fdd26e8ace3a...), Node CPUs: 64.0, Clients on node: 50
2025-12-21 03:57:49,217 - __main__ - INFO -    Client 18 -> worker (fdd26e8ace3a...), Node CPUs: 64.0, Clients on node: 50
2025-12-21 03:57:49,218 - __main__ - INFO -    Client 19 -> worker (fdd26e8ace3a...), Node CPUs: 64.0, Clients on node: 50
2025-12-21 03:57:49,218 - __main__ - INFO -    Client 20 -> worker (fdd26e8ace3a...), Node CPUs: 64.0, Clients on node: 50
2025-12-21 03:57:49,219 - __main__ - INFO -    Client 21 -> worker (fdd26e8ace3a...), Node CPUs: 64.0, Clients on node: 50
2025-12-21 03:57:49,219 - __main__ - INFO -    Client 22 -> worker (fdd26e8ace3a...), Node CPUs: 64.0, Clients on node: 50
2025-12-21 03:57:49,220 - __main__ - INFO -    Client 23 -> worker (fdd26e8ace3a...), Node CPUs: 64.0, Clients on node: 50
2025-12-21 03:57:49,220 - __main__ - INFO -    Client 24 -> worker (fdd26e8ace3a...), Node CPUs: 64.0, Clients on node: 50
2025-12-21 03:57:49,220 - __main__ - INFO -    Client 25 -> worker (fdd26e8ace3a...), Node CPUs: 64.0, Clients on node: 50
2025-12-21 03:57:49,221 - __main__ - INFO -    Client 26 -> worker (fdd26e8ace3a...), Node CPUs: 64.0, Clients on node: 50
2025-12-21 03:57:49,221 - __main__ - INFO -    Client 27 -> worker (fdd26e8ace3a...), Node CPUs: 64.0, Clients on node: 50
2025-12-21 03:57:49,222 - __main__ - INFO -    Client 28 -> worker (fdd26e8ace3a...), Node CPUs: 64.0, Clients on node: 50
2025-12-21 03:57:49,222 - __main__ - INFO -    Client 29 -> worker (fdd26e8ace3a...), Node CPUs: 64.0, Clients on node: 50
2025-12-21 03:57:49,223 - __main__ - INFO -    Client 30 -> worker (fdd26e8ace3a...), Node CPUs: 64.0, Clients on node: 50
2025-12-21 03:57:49,223 - __main__ - INFO -    Client 31 -> worker (fdd26e8ace3a...), Node CPUs: 64.0, Clients on node: 50
2025-12-21 03:57:49,223 - __main__ - INFO -    Client 32 -> worker (fdd26e8ace3a...), Node CPUs: 64.0, Clients on node: 50
2025-12-21 03:57:49,224 - __main__ - INFO -    Client 33 -> worker (fdd26e8ace3a...), Node CPUs: 64.0, Clients on node: 50
2025-12-21 03:57:49,224 - __main__ - INFO -    Client 34 -> worker (fdd26e8ace3a...), Node CPUs: 64.0, Clients on node: 50
2025-12-21 03:57:49,225 - __main__ - INFO -    Client 35 -> worker (fdd26e8ace3a...), Node CPUs: 64.0, Clients on node: 50
2025-12-21 03:57:49,225 - __main__ - INFO -    Client 36 -> worker (fdd26e8ace3a...), Node CPUs: 64.0, Clients on node: 50
2025-12-21 03:57:49,226 - __main__ - INFO -    Client 37 -> worker (fdd26e8ace3a...), Node CPUs: 64.0, Clients on node: 50
2025-12-21 03:57:49,226 - __main__ - INFO -    Client 38 -> worker (fdd26e8ace3a...), Node CPUs: 64.0, Clients on node: 50
2025-12-21 03:57:49,227 - __main__ - INFO -    Client 39 -> worker (fdd26e8ace3a...), Node CPUs: 64.0, Clients on node: 50
2025-12-21 03:57:49,227 - __main__ - INFO -    Client 40 -> worker (fdd26e8ace3a...), Node CPUs: 64.0, Clients on node: 50
2025-12-21 03:57:49,227 - __main__ - INFO -    Client 41 -> worker (fdd26e8ace3a...), Node CPUs: 64.0, Clients on node: 50
2025-12-21 03:57:49,228 - __main__ - INFO -    Client 42 -> worker (fdd26e8ace3a...), Node CPUs: 64.0, Clients on node: 50
2025-12-21 03:57:49,228 - __main__ - INFO -    Client 43 -> worker (fdd26e8ace3a...), Node CPUs: 64.0, Clients on node: 50
2025-12-21 03:57:49,229 - __main__ - INFO -    Client 44 -> worker (fdd26e8ace3a...), Node CPUs: 64.0, Clients on node: 50
2025-12-21 03:57:49,229 - __main__ - INFO -    Client 45 -> worker (fdd26e8ace3a...), Node CPUs: 64.0, Clients on node: 50
2025-12-21 03:57:49,230 - __main__ - INFO -    Client 46 -> worker (fdd26e8ace3a...), Node CPUs: 64.0, Clients on node: 50
2025-12-21 03:57:49,230 - __main__ - INFO -    Client 47 -> worker (fdd26e8ace3a...), Node CPUs: 64.0, Clients on node: 50
2025-12-21 03:57:49,231 - __main__ - INFO -    Client 48 -> worker (fdd26e8ace3a...), Node CPUs: 64.0, Clients on node: 50
2025-12-21 03:57:49,231 - __main__ - INFO -    Client 49 -> worker (fdd26e8ace3a...), Node CPUs: 64.0, Clients on node: 50
2025-12-21 03:57:49,231 - __main__ - INFO -    Client 50 -> worker (fdd26e8ace3a...), Node CPUs: 64.0, Clients on node: 50
2025-12-21 03:57:49,990 - __main__ - INFO - ✅ Client 1 (smartphone) started on worker node (fdd26e8ace3a...)
2025-12-21 03:57:53,657 - __main__ - INFO - ✅ Client 2 (smartphone) started on worker node (fdd26e8ace3a...)
2025-12-21 03:57:57,252 - __main__ - INFO - ✅ Client 3 (smartphone) started on worker node (fdd26e8ace3a...)
2025-12-21 03:58:00,847 - __main__ - INFO - ✅ Client 4 (smartphone) started on worker node (fdd26e8ace3a...)
2025-12-21 03:58:04,402 - __main__ - INFO - ✅ Client 5 (smartphone) started on worker node (fdd26e8ace3a...)
2025-12-21 03:58:07,966 - __main__ - INFO - ✅ Client 6 (smartphone) started on worker node (fdd26e8ace3a...)
2025-12-21 03:58:11,537 - __main__ - INFO - ✅ Client 7 (smartphone) started on worker node (fdd26e8ace3a...)
2025-12-21 03:58:14,977 - __main__ - INFO - ✅ Client 8 (smartphone) started on worker node (fdd26e8ace3a...)
2025-12-21 03:58:18,526 - __main__ - INFO - ✅ Client 9 (smartphone) started on worker node (fdd26e8ace3a...)
2025-12-21 03:58:22,049 - __main__ - INFO - ✅ Client 10 (smartphone) started on worker node (fdd26e8ace3a...)
2025-12-21 03:58:25,597 - __main__ - INFO - ✅ Client 11 (smartphone) started on worker node (fdd26e8ace3a...)
2025-12-21 03:58:29,149 - __main__ - INFO - ✅ Client 12 (smartphone) started on worker node (fdd26e8ace3a...)
2025-12-21 03:58:32,679 - __main__ - INFO - ✅ Client 13 (smartphone) started on worker node (fdd26e8ace3a...)
2025-12-21 03:58:36,211 - __main__ - INFO - ✅ Client 14 (smartphone) started on worker node (fdd26e8ace3a...)
2025-12-21 03:58:39,749 - __main__ - INFO - ✅ Client 15 (smartphone) started on worker node (fdd26e8ace3a...)
2025-12-21 03:58:43,317 - __main__ - INFO - ✅ Client 16 (smartphone) started on worker node (fdd26e8ace3a...)
2025-12-21 03:58:46,863 - __main__ - INFO - ✅ Client 17 (smartphone) started on worker node (fdd26e8ace3a...)
2025-12-21 03:58:50,399 - __main__ - INFO - ✅ Client 18 (smartphone) started on worker node (fdd26e8ace3a...)
2025-12-21 03:58:53,932 - __main__ - INFO - ✅ Client 19 (smartphone) started on worker node (fdd26e8ace3a...)
2025-12-21 03:58:57,464 - __main__ - INFO - ✅ Client 20 (smartphone) started on worker node (fdd26e8ace3a...)
2025-12-21 03:59:01,012 - __main__ - INFO - ✅ Client 21 (smartphone) started on worker node (fdd26e8ace3a...)
2025-12-21 03:59:04,445 - __main__ - INFO - ✅ Client 22 (smartphone) started on worker node (fdd26e8ace3a...)
2025-12-21 03:59:07,997 - __main__ - INFO - ✅ Client 23 (smartphone) started on worker node (fdd26e8ace3a...)
2025-12-21 03:59:11,526 - __main__ - INFO - ✅ Client 24 (smartphone) started on worker node (fdd26e8ace3a...)
2025-12-21 03:59:15,104 - __main__ - INFO - ✅ Client 25 (smartphone) started on worker node (fdd26e8ace3a...)
2025-12-21 03:59:18,632 - __main__ - INFO - ✅ Client 26 (smartphone) started on worker node (fdd26e8ace3a...)
2025-12-21 03:59:22,163 - __main__ - INFO - ✅ Client 27 (smartphone) started on worker node (fdd26e8ace3a...)
2025-12-21 03:59:25,719 - __main__ - INFO - ✅ Client 28 (smartphone) started on worker node (fdd26e8ace3a...)
2025-12-21 03:59:29,269 - __main__ - INFO - ✅ Client 29 (smartphone) started on worker node (fdd26e8ace3a...)
2025-12-21 03:59:32,834 - __main__ - INFO - ✅ Client 30 (smartphone) started on worker node (fdd26e8ace3a...)
2025-12-21 03:59:36,371 - __main__ - INFO - ✅ Client 31 (smartphone) started on worker node (fdd26e8ace3a...)
2025-12-21 03:59:39,915 - __main__ - INFO - ✅ Client 32 (smartphone) started on worker node (fdd26e8ace3a...)
2025-12-21 03:59:43,399 - __main__ - INFO - ✅ Client 33 (smartphone) started on worker node (fdd26e8ace3a...)
2025-12-21 03:59:46,854 - __main__ - INFO - ✅ Client 34 (smartphone) started on worker node (fdd26e8ace3a...)
2025-12-21 03:59:50,417 - __main__ - INFO - ✅ Client 35 (smartphone) started on worker node (fdd26e8ace3a...)
2025-12-21 03:59:53,933 - __main__ - INFO - ✅ Client 36 (smartphone) started on worker node (fdd26e8ace3a...)
2025-12-21 03:59:57,479 - __main__ - INFO - ✅ Client 37 (smartphone) started on worker node (fdd26e8ace3a...)
2025-12-21 04:00:00,952 - __main__ - INFO - ✅ Client 38 (smartphone) started on worker node (fdd26e8ace3a...)
2025-12-21 04:00:04,417 - __main__ - INFO - ✅ Client 39 (smartphone) started on worker node (fdd26e8ace3a...)
2025-12-21 04:00:07,966 - __main__ - INFO - ✅ Client 40 (smartphone) started on worker node (fdd26e8ace3a...)
2025-12-21 04:00:11,536 - __main__ - INFO - ✅ Client 41 (smartphone) started on worker node (fdd26e8ace3a...)
2025-12-21 04:00:15,144 - __main__ - INFO - ✅ Client 42 (smartphone) started on worker node (fdd26e8ace3a...)
2025-12-21 04:00:18,674 - __main__ - INFO - ✅ Client 43 (smartphone) started on worker node (fdd26e8ace3a...)
2025-12-21 04:00:22,140 - __main__ - INFO - ✅ Client 44 (smartphone) started on worker node (fdd26e8ace3a...)
2025-12-21 04:00:25,682 - __main__ - INFO - ✅ Client 45 (smartphone) started on worker node (fdd26e8ace3a...)
2025-12-21 04:00:29,227 - __main__ - INFO - ✅ Client 46 (smartphone) started on worker node (fdd26e8ace3a...)
2025-12-21 04:00:32,700 - __main__ - INFO - ✅ Client 47 (smartphone) started on worker node (fdd26e8ace3a...)
2025-12-21 04:00:36,270 - __main__ - INFO - ✅ Client 48 (smartphone) started on worker node (fdd26e8ace3a...)
2025-12-21 04:00:39,797 - __main__ - INFO - ✅ Client 49 (smartphone) started on worker node (fdd26e8ace3a...)
2025-12-21 04:00:43,360 - __main__ - INFO - ✅ Client 50 (smartphone) started on worker node (fdd26e8ace3a...)
2025-12-21 04:00:46,363 - __main__ - INFO - ✅ 50/50 Docker clients started successfully
2025-12-21 04:00:46,363 - __main__ - INFO - ✅ All 50 clients have completed startup
2025-12-21 04:00:46,363 - __main__ - INFO - 📊 Starting training monitoring (999999999 seconds)...
2025-12-21 04:00:46,374 - __main__ - INFO - ⏰ 0s | Server: running (CPU) | Clients: 50 nodes (fractional GPU) | Ray GPU usage: 1.9/6.0 (31.7%)
2025-12-21 04:00:51,388 - __main__ - INFO - ⏰ 5s | Server: running (CPU) | Clients: 50 nodes (fractional GPU) | Ray GPU usage: 1.9/6.0 (31.7%)
2025-12-21 04:00:56,402 - __main__ - INFO - ⏰ 10s | Server: running (CPU) | Clients: 50 nodes (fractional GPU) | Ray GPU usage: 1.9/6.0 (31.7%)
2025-12-21 04:01:01,413 - __main__ - INFO - ⏰ 15s | Server: running (CPU) | Clients: 50 nodes (fractional GPU) | Ray GPU usage: 1.9/6.0 (31.7%)
2025-12-21 04:01:06,428 - __main__ - INFO - ⏰ 20s | Server: running (CPU) | Clients: 50 nodes (fractional GPU) | Ray GPU usage: 1.9/6.0 (31.7%)
srun: Job step aborted: Waiting up to 32 seconds for job step to finish.
srun: Job step aborted: Waiting up to 32 seconds for job step to finish.
slurmstepd-srv-it-node02: error: *** STEP 424.0 ON srv-it-node02 CANCELLED AT 2025-12-21T04:01:11 ***
slurmstepd-srv-it-node01: error: *** STEP 425.1 ON srv-it-node01 CANCELLED AT 2025-12-21T04:01:11 ***
slurmstepd-srv-it-node02: error: *** JOB 424 ON srv-it-node02 CANCELLED AT 2025-12-21T04:01:11 ***
