2025-12-21 04:35:41,972 - __main__ - INFO - ðŸš€ Start Ray V2 federated learning
2025-12-21 04:35:41,972 - __main__ - INFO - ðŸ“Š Configuration: 50 clients, 100 rounds training, total nodes: 51
2025-12-21 04:35:41,972 - __main__ - INFO - ðŸ§¹ Clean environment...
2025-12-21 04:35:43,149 - __main__ - INFO - âœ… Environment cleanup completed
2025-12-21 04:35:43,153 - __main__ - WARNING - âš ï¸  Docker unavailable, switch to non-container mode
2025-12-21 04:35:43,174	INFO worker.py:1821 -- Connecting to existing Ray cluster at address: 10.0.0.2:6379...
2025-12-21 04:35:43,186	INFO worker.py:1998 -- Connected to Ray cluster. View the dashboard at [1m[32m10.0.0.2:8265 [39m[22m
/home/naicheng_li/.conda/envs/flv2/lib/python3.10/site-packages/ray/_private/worker.py:2046: FutureWarning: Tip: In future versions of Ray, Ray will no longer override accelerator visible devices env var if num_gpus=0 or num_gpus=None (default). To enable this behavior and turn off this error message, set RAY_ACCEL_ENV_VAR_OVERRIDE_ON_ZERO=0
  warnings.warn(
2025-12-21 04:35:44,260 - __main__ - INFO - ðŸš€ Connected to external Ray cluster: 10.0.0.2:6379
2025-12-21 04:35:44,260 - __main__ - INFO -    ðŸ“Š Resources: {'CPU': 128.0, 'memory': 549368648910.0, 'object_store_memory': 235443706674.0, 'GPU': 6.0, 'node:__internal_head__': 1.0, 'accelerator_type:A100': 1.0, 'node:10.0.0.2': 1.0, 'accelerator_type:L4': 1.0, 'node:10.0.0.1': 1.0}
2025-12-21 04:35:44,260 - __main__ - INFO - ðŸŒ Ray Cluster Topology:
2025-12-21 04:35:44,260 - __main__ - INFO -    ðŸ“ Head node: ba0c71c03c79... (Server will run here)
2025-12-21 04:35:44,260 - __main__ - INFO -    ðŸ“ Worker nodes: 1 available
2025-12-21 04:35:44,260 - __main__ - INFO -       Worker 1: 55f59fae43e1...
2025-12-21 04:35:44,261 - __main__ - INFO - ðŸ“ Head node (ba0c71c03c79...): 4.0 GPUs, 96.0GB total memory
2025-12-21 04:35:44,262 - __main__ - INFO - ðŸ“ Worker node (55f59fae43e1...): 2.0 GPUs, 48.0GB total memory
2025-12-21 04:35:44,262 - __main__ - INFO - ðŸ“Š Total GPU memory across all nodes: 144.0GB
2025-12-21 04:35:44,262 - __main__ - INFO - ðŸ“Š Memory per client: 3.0GB â†’ Max capacity: 48 clients
2025-12-21 04:35:44,262 - __main__ - WARNING - âš ï¸ Node ba0c71c03c79... assigned 33 clients but max capacity is 32
2025-12-21 04:35:44,262 - __main__ - INFO -    Node ba0c71c03c79...: 33 clients (96.0GB / 33 = 2.9GB/client)
2025-12-21 04:35:44,262 - __main__ - WARNING - âš ï¸ Node 55f59fae43e1... assigned 17 clients but max capacity is 16
2025-12-21 04:35:44,262 - __main__ - INFO -    Node 55f59fae43e1...: 17 clients (48.0GB / 17 = 2.8GB/client)
2025-12-21 04:35:44,263 - __main__ - INFO -    Node ba0c71c03c79...: 4.0 GPU, 33 clients, max 9 clients/GPU -> 0.1056 GPU/client
2025-12-21 04:35:44,263 - __main__ - INFO -    Node 55f59fae43e1...: 2.0 GPU, 17 clients, max 9 clients/GPU -> 0.1056 GPU/client
2025-12-21 04:35:44,263 - __main__ - INFO - ðŸŽ¯ GPU allocation summary: {'total_available_gpus': 6.0, 'total_allocated_gpus': 5.28, 'utilization_rate': '88.00%', 'server': 'CPU only', 'per_node_allocation': {'ba0c71c03c79': {'count': 33, 'total_gpu': 3.484799999999998}, '55f59fae43e1': {'count': 17, 'total_gpu': 1.7951999999999995}}, 'gpu_clients': 50, 'cpu_clients': 0}
2025-12-21 04:35:44,263 - __main__ - INFO - ðŸ“‹ Client distribution: 50 GPU clients, 0 CPU clients
2025-12-21 04:35:46,371 - __main__ - INFO - ðŸ“ Server scheduled to head node: ba0c71c03c79...
2025-12-21 04:35:46,520 - __main__ - INFO - âœ… Server started: 10.0.0.2:57371
2025-12-21 04:36:01,535 - __main__ - INFO - ðŸ“± Edge device distribution: {'smartphone': 50}
2025-12-21 04:36:01,535 - __main__ - INFO - ðŸ“Š Client distribution plan:
2025-12-21 04:36:01,536 - __main__ - INFO -    Client 1 -> head (ba0c71c03c79...), Node CPUs: 64.0, Clients on node: 33
2025-12-21 04:36:01,536 - __main__ - INFO -    Client 2 -> head (ba0c71c03c79...), Node CPUs: 64.0, Clients on node: 33
2025-12-21 04:36:01,537 - __main__ - INFO -    Client 3 -> head (ba0c71c03c79...), Node CPUs: 64.0, Clients on node: 33
2025-12-21 04:36:01,537 - __main__ - INFO -    Client 4 -> head (ba0c71c03c79...), Node CPUs: 64.0, Clients on node: 33
2025-12-21 04:36:01,538 - __main__ - INFO -    Client 5 -> head (ba0c71c03c79...), Node CPUs: 64.0, Clients on node: 33
2025-12-21 04:36:01,538 - __main__ - INFO -    Client 6 -> head (ba0c71c03c79...), Node CPUs: 64.0, Clients on node: 33
2025-12-21 04:36:01,539 - __main__ - INFO -    Client 7 -> head (ba0c71c03c79...), Node CPUs: 64.0, Clients on node: 33
2025-12-21 04:36:01,539 - __main__ - INFO -    Client 8 -> head (ba0c71c03c79...), Node CPUs: 64.0, Clients on node: 33
2025-12-21 04:36:01,540 - __main__ - INFO -    Client 9 -> head (ba0c71c03c79...), Node CPUs: 64.0, Clients on node: 33
2025-12-21 04:36:01,540 - __main__ - INFO -    Client 10 -> head (ba0c71c03c79...), Node CPUs: 64.0, Clients on node: 33
2025-12-21 04:36:01,541 - __main__ - INFO -    Client 11 -> head (ba0c71c03c79...), Node CPUs: 64.0, Clients on node: 33
2025-12-21 04:36:01,541 - __main__ - INFO -    Client 12 -> head (ba0c71c03c79...), Node CPUs: 64.0, Clients on node: 33
2025-12-21 04:36:01,541 - __main__ - INFO -    Client 13 -> head (ba0c71c03c79...), Node CPUs: 64.0, Clients on node: 33
2025-12-21 04:36:01,542 - __main__ - INFO -    Client 14 -> head (ba0c71c03c79...), Node CPUs: 64.0, Clients on node: 33
2025-12-21 04:36:01,542 - __main__ - INFO -    Client 15 -> head (ba0c71c03c79...), Node CPUs: 64.0, Clients on node: 33
2025-12-21 04:36:01,543 - __main__ - INFO -    Client 16 -> head (ba0c71c03c79...), Node CPUs: 64.0, Clients on node: 33
2025-12-21 04:36:01,543 - __main__ - INFO -    Client 17 -> head (ba0c71c03c79...), Node CPUs: 64.0, Clients on node: 33
2025-12-21 04:36:01,543 - __main__ - INFO -    Client 18 -> head (ba0c71c03c79...), Node CPUs: 64.0, Clients on node: 33
2025-12-21 04:36:01,544 - __main__ - INFO -    Client 19 -> head (ba0c71c03c79...), Node CPUs: 64.0, Clients on node: 33
2025-12-21 04:36:01,544 - __main__ - INFO -    Client 20 -> head (ba0c71c03c79...), Node CPUs: 64.0, Clients on node: 33
2025-12-21 04:36:01,545 - __main__ - INFO -    Client 21 -> head (ba0c71c03c79...), Node CPUs: 64.0, Clients on node: 33
2025-12-21 04:36:01,545 - __main__ - INFO -    Client 22 -> head (ba0c71c03c79...), Node CPUs: 64.0, Clients on node: 33
2025-12-21 04:36:01,545 - __main__ - INFO -    Client 23 -> head (ba0c71c03c79...), Node CPUs: 64.0, Clients on node: 33
2025-12-21 04:36:01,546 - __main__ - INFO -    Client 24 -> head (ba0c71c03c79...), Node CPUs: 64.0, Clients on node: 33
2025-12-21 04:36:01,546 - __main__ - INFO -    Client 25 -> head (ba0c71c03c79...), Node CPUs: 64.0, Clients on node: 33
2025-12-21 04:36:01,546 - __main__ - INFO -    Client 26 -> head (ba0c71c03c79...), Node CPUs: 64.0, Clients on node: 33
2025-12-21 04:36:01,547 - __main__ - INFO -    Client 27 -> head (ba0c71c03c79...), Node CPUs: 64.0, Clients on node: 33
2025-12-21 04:36:01,547 - __main__ - INFO -    Client 28 -> head (ba0c71c03c79...), Node CPUs: 64.0, Clients on node: 33
2025-12-21 04:36:01,547 - __main__ - INFO -    Client 29 -> head (ba0c71c03c79...), Node CPUs: 64.0, Clients on node: 33
2025-12-21 04:36:01,548 - __main__ - INFO -    Client 30 -> head (ba0c71c03c79...), Node CPUs: 64.0, Clients on node: 33
2025-12-21 04:36:01,548 - __main__ - INFO -    Client 31 -> head (ba0c71c03c79...), Node CPUs: 64.0, Clients on node: 33
2025-12-21 04:36:01,549 - __main__ - INFO -    Client 32 -> head (ba0c71c03c79...), Node CPUs: 64.0, Clients on node: 33
2025-12-21 04:36:01,549 - __main__ - INFO -    Client 33 -> head (ba0c71c03c79...), Node CPUs: 64.0, Clients on node: 33
2025-12-21 04:36:01,549 - __main__ - INFO -    Client 34 -> worker (55f59fae43e1...), Node CPUs: 64.0, Clients on node: 17
2025-12-21 04:36:01,550 - __main__ - INFO -    Client 35 -> worker (55f59fae43e1...), Node CPUs: 64.0, Clients on node: 17
2025-12-21 04:36:01,550 - __main__ - INFO -    Client 36 -> worker (55f59fae43e1...), Node CPUs: 64.0, Clients on node: 17
2025-12-21 04:36:01,550 - __main__ - INFO -    Client 37 -> worker (55f59fae43e1...), Node CPUs: 64.0, Clients on node: 17
2025-12-21 04:36:01,551 - __main__ - INFO -    Client 38 -> worker (55f59fae43e1...), Node CPUs: 64.0, Clients on node: 17
2025-12-21 04:36:01,551 - __main__ - INFO -    Client 39 -> worker (55f59fae43e1...), Node CPUs: 64.0, Clients on node: 17
2025-12-21 04:36:01,552 - __main__ - INFO -    Client 40 -> worker (55f59fae43e1...), Node CPUs: 64.0, Clients on node: 17
2025-12-21 04:36:01,552 - __main__ - INFO -    Client 41 -> worker (55f59fae43e1...), Node CPUs: 64.0, Clients on node: 17
2025-12-21 04:36:01,552 - __main__ - INFO -    Client 42 -> worker (55f59fae43e1...), Node CPUs: 64.0, Clients on node: 17
2025-12-21 04:36:01,553 - __main__ - INFO -    Client 43 -> worker (55f59fae43e1...), Node CPUs: 64.0, Clients on node: 17
2025-12-21 04:36:01,553 - __main__ - INFO -    Client 44 -> worker (55f59fae43e1...), Node CPUs: 64.0, Clients on node: 17
2025-12-21 04:36:01,553 - __main__ - INFO -    Client 45 -> worker (55f59fae43e1...), Node CPUs: 64.0, Clients on node: 17
2025-12-21 04:36:01,554 - __main__ - INFO -    Client 46 -> worker (55f59fae43e1...), Node CPUs: 64.0, Clients on node: 17
2025-12-21 04:36:01,554 - __main__ - INFO -    Client 47 -> worker (55f59fae43e1...), Node CPUs: 64.0, Clients on node: 17
2025-12-21 04:36:01,555 - __main__ - INFO -    Client 48 -> worker (55f59fae43e1...), Node CPUs: 64.0, Clients on node: 17
2025-12-21 04:36:01,555 - __main__ - INFO -    Client 49 -> worker (55f59fae43e1...), Node CPUs: 64.0, Clients on node: 17
2025-12-21 04:36:01,555 - __main__ - INFO -    Client 50 -> worker (55f59fae43e1...), Node CPUs: 64.0, Clients on node: 17
2025-12-21 04:36:01,556 - __main__ - INFO - ðŸ”§ Client 1 resources: num_cpus=1.6848, num_gpus=0.1056, memory=2.00GB
2025-12-21 04:36:01,632 - __main__ - INFO - âœ… Client 1 (smartphone) started on head node (ba0c71c03c79...)
2025-12-21 04:36:04,636 - __main__ - INFO - ðŸ”§ Client 2 resources: num_cpus=1.6848, num_gpus=0.1056, memory=2.00GB
2025-12-21 04:36:04,705 - __main__ - INFO - âœ… Client 2 (smartphone) started on head node (ba0c71c03c79...)
2025-12-21 04:36:07,709 - __main__ - INFO - ðŸ”§ Client 3 resources: num_cpus=1.6848, num_gpus=0.1056, memory=2.00GB
2025-12-21 04:36:07,779 - __main__ - INFO - âœ… Client 3 (smartphone) started on head node (ba0c71c03c79...)
2025-12-21 04:36:10,783 - __main__ - INFO - ðŸ”§ Client 4 resources: num_cpus=1.6848, num_gpus=0.1056, memory=2.00GB
2025-12-21 04:36:10,862 - __main__ - INFO - âœ… Client 4 (smartphone) started on head node (ba0c71c03c79...)
2025-12-21 04:36:13,865 - __main__ - INFO - ðŸ”§ Client 5 resources: num_cpus=1.6848, num_gpus=0.1056, memory=2.00GB
2025-12-21 04:36:13,949 - __main__ - INFO - âœ… Client 5 (smartphone) started on head node (ba0c71c03c79...)
2025-12-21 04:36:16,952 - __main__ - INFO - ðŸ”§ Client 6 resources: num_cpus=1.6848, num_gpus=0.1056, memory=2.00GB
2025-12-21 04:36:17,034 - __main__ - INFO - âœ… Client 6 (smartphone) started on head node (ba0c71c03c79...)
2025-12-21 04:36:20,038 - __main__ - INFO - ðŸ”§ Client 7 resources: num_cpus=1.6848, num_gpus=0.1056, memory=2.00GB
2025-12-21 04:36:20,107 - __main__ - INFO - âœ… Client 7 (smartphone) started on head node (ba0c71c03c79...)
2025-12-21 04:36:23,111 - __main__ - INFO - ðŸ”§ Client 8 resources: num_cpus=1.6848, num_gpus=0.1056, memory=2.00GB
2025-12-21 04:36:23,182 - __main__ - INFO - âœ… Client 8 (smartphone) started on head node (ba0c71c03c79...)
2025-12-21 04:36:26,186 - __main__ - INFO - ðŸ”§ Client 9 resources: num_cpus=1.6848, num_gpus=0.1056, memory=2.00GB
2025-12-21 04:36:26,268 - __main__ - INFO - âœ… Client 9 (smartphone) started on head node (ba0c71c03c79...)
2025-12-21 04:36:29,272 - __main__ - INFO - ðŸ”§ Client 10 resources: num_cpus=1.6848, num_gpus=0.1056, memory=2.00GB
2025-12-21 04:36:29,344 - __main__ - INFO - âœ… Client 10 (smartphone) started on head node (ba0c71c03c79...)
2025-12-21 04:36:32,348 - __main__ - INFO - ðŸ”§ Client 11 resources: num_cpus=1.6848, num_gpus=0.1056, memory=2.00GB
2025-12-21 04:36:32,423 - __main__ - INFO - âœ… Client 11 (smartphone) started on head node (ba0c71c03c79...)
2025-12-21 04:36:35,427 - __main__ - INFO - ðŸ”§ Client 12 resources: num_cpus=1.6848, num_gpus=0.1056, memory=2.00GB
2025-12-21 04:36:35,496 - __main__ - INFO - âœ… Client 12 (smartphone) started on head node (ba0c71c03c79...)
2025-12-21 04:36:38,500 - __main__ - INFO - ðŸ”§ Client 13 resources: num_cpus=1.6848, num_gpus=0.1056, memory=2.00GB
2025-12-21 04:36:38,579 - __main__ - INFO - âœ… Client 13 (smartphone) started on head node (ba0c71c03c79...)
2025-12-21 04:36:41,583 - __main__ - INFO - ðŸ”§ Client 14 resources: num_cpus=1.6848, num_gpus=0.1056, memory=2.00GB
2025-12-21 04:36:41,657 - __main__ - INFO - âœ… Client 14 (smartphone) started on head node (ba0c71c03c79...)
2025-12-21 04:36:44,661 - __main__ - INFO - ðŸ”§ Client 15 resources: num_cpus=1.6848, num_gpus=0.1056, memory=2.00GB
2025-12-21 04:36:44,731 - __main__ - INFO - âœ… Client 15 (smartphone) started on head node (ba0c71c03c79...)
2025-12-21 04:36:47,735 - __main__ - INFO - ðŸ”§ Client 16 resources: num_cpus=1.6848, num_gpus=0.1056, memory=2.00GB
2025-12-21 04:36:47,802 - __main__ - INFO - âœ… Client 16 (smartphone) started on head node (ba0c71c03c79...)
2025-12-21 04:36:50,806 - __main__ - INFO - ðŸ”§ Client 17 resources: num_cpus=1.6848, num_gpus=0.1056, memory=2.00GB
2025-12-21 04:36:50,883 - __main__ - INFO - âœ… Client 17 (smartphone) started on head node (ba0c71c03c79...)
2025-12-21 04:36:53,887 - __main__ - INFO - ðŸ”§ Client 18 resources: num_cpus=1.6848, num_gpus=0.1056, memory=2.00GB
2025-12-21 04:36:53,956 - __main__ - INFO - âœ… Client 18 (smartphone) started on head node (ba0c71c03c79...)
2025-12-21 04:36:56,960 - __main__ - INFO - ðŸ”§ Client 19 resources: num_cpus=1.6848, num_gpus=0.1056, memory=2.00GB
2025-12-21 04:36:57,032 - __main__ - INFO - âœ… Client 19 (smartphone) started on head node (ba0c71c03c79...)
2025-12-21 04:37:00,034 - __main__ - INFO - ðŸ”§ Client 20 resources: num_cpus=1.6848, num_gpus=0.1056, memory=2.00GB
2025-12-21 04:37:00,107 - __main__ - INFO - âœ… Client 20 (smartphone) started on head node (ba0c71c03c79...)
2025-12-21 04:37:03,111 - __main__ - INFO - ðŸ”§ Client 21 resources: num_cpus=1.6848, num_gpus=0.1056, memory=2.00GB
2025-12-21 04:37:03,187 - __main__ - INFO - âœ… Client 21 (smartphone) started on head node (ba0c71c03c79...)
2025-12-21 04:37:06,191 - __main__ - INFO - ðŸ”§ Client 22 resources: num_cpus=1.6848, num_gpus=0.1056, memory=2.00GB
2025-12-21 04:37:06,269 - __main__ - INFO - âœ… Client 22 (smartphone) started on head node (ba0c71c03c79...)
2025-12-21 04:37:09,271 - __main__ - INFO - ðŸ”§ Client 23 resources: num_cpus=1.6848, num_gpus=0.1056, memory=2.00GB
2025-12-21 04:37:09,352 - __main__ - INFO - âœ… Client 23 (smartphone) started on head node (ba0c71c03c79...)
2025-12-21 04:37:12,356 - __main__ - INFO - ðŸ”§ Client 24 resources: num_cpus=1.6848, num_gpus=0.1056, memory=2.00GB
2025-12-21 04:37:12,432 - __main__ - INFO - âœ… Client 24 (smartphone) started on head node (ba0c71c03c79...)
2025-12-21 04:37:15,435 - __main__ - INFO - ðŸ”§ Client 25 resources: num_cpus=1.6848, num_gpus=0.1056, memory=2.00GB
2025-12-21 04:37:15,509 - __main__ - INFO - âœ… Client 25 (smartphone) started on head node (ba0c71c03c79...)
2025-12-21 04:37:18,512 - __main__ - INFO - ðŸ”§ Client 26 resources: num_cpus=1.6848, num_gpus=0.1056, memory=2.00GB
2025-12-21 04:37:18,588 - __main__ - INFO - âœ… Client 26 (smartphone) started on head node (ba0c71c03c79...)
2025-12-21 04:37:21,591 - __main__ - INFO - ðŸ”§ Client 27 resources: num_cpus=1.6848, num_gpus=0.1056, memory=2.00GB
2025-12-21 04:37:21,670 - __main__ - INFO - âœ… Client 27 (smartphone) started on head node (ba0c71c03c79...)
2025-12-21 04:37:24,674 - __main__ - INFO - ðŸ”§ Client 28 resources: num_cpus=1.6848, num_gpus=0.1056, memory=2.00GB
2025-12-21 04:37:24,755 - __main__ - INFO - âœ… Client 28 (smartphone) started on head node (ba0c71c03c79...)
2025-12-21 04:37:27,759 - __main__ - INFO - ðŸ”§ Client 29 resources: num_cpus=1.6848, num_gpus=0.1056, memory=2.00GB
2025-12-21 04:37:27,837 - __main__ - INFO - âœ… Client 29 (smartphone) started on head node (ba0c71c03c79...)
2025-12-21 04:37:30,840 - __main__ - INFO - ðŸ”§ Client 30 resources: num_cpus=1.6848, num_gpus=0.1056, memory=2.00GB
2025-12-21 04:37:30,919 - __main__ - INFO - âœ… Client 30 (smartphone) started on head node (ba0c71c03c79...)
2025-12-21 04:37:33,922 - __main__ - INFO - ðŸ”§ Client 31 resources: num_cpus=1.6848, num_gpus=0.1056, memory=2.00GB
2025-12-21 04:37:33,996 - __main__ - INFO - âœ… Client 31 (smartphone) started on head node (ba0c71c03c79...)
2025-12-21 04:37:37,000 - __main__ - INFO - ðŸ”§ Client 32 resources: num_cpus=1.6848, num_gpus=0.1056, memory=2.00GB
2025-12-21 04:37:37,072 - __main__ - INFO - âœ… Client 32 (smartphone) started on head node (ba0c71c03c79...)
2025-12-21 04:37:40,075 - __main__ - INFO - ðŸ”§ Client 33 resources: num_cpus=1.6848, num_gpus=0.1056, memory=2.00GB
2025-12-21 04:37:40,157 - __main__ - INFO - âœ… Client 33 (smartphone) started on head node (ba0c71c03c79...)
2025-12-21 04:37:43,160 - __main__ - INFO - ðŸ”§ Client 34 resources: num_cpus=3.3882, num_gpus=0.1056, memory=2.00GB
2025-12-21 04:37:44,187 - __main__ - INFO - âœ… Client 34 (smartphone) started on worker node (55f59fae43e1...)
2025-12-21 04:37:47,191 - __main__ - INFO - ðŸ”§ Client 35 resources: num_cpus=3.3882, num_gpus=0.1056, memory=2.00GB
2025-12-21 04:37:48,001 - __main__ - INFO - âœ… Client 35 (smartphone) started on worker node (55f59fae43e1...)
2025-12-21 04:37:51,005 - __main__ - INFO - ðŸ”§ Client 36 resources: num_cpus=3.3882, num_gpus=0.1056, memory=2.00GB
2025-12-21 04:37:51,549 - __main__ - INFO - âœ… Client 36 (smartphone) started on worker node (55f59fae43e1...)
2025-12-21 04:37:54,553 - __main__ - INFO - ðŸ”§ Client 37 resources: num_cpus=3.3882, num_gpus=0.1056, memory=2.00GB
2025-12-21 04:37:55,110 - __main__ - INFO - âœ… Client 37 (smartphone) started on worker node (55f59fae43e1...)
srun: Job step aborted: Waiting up to 32 seconds for job step to finish.
srun: Job step aborted: Waiting up to 32 seconds for job step to finish.
slurmstepd-srv-it-node01: error: *** STEP 435.1 ON srv-it-node01 CANCELLED AT 2025-12-21T04:37:56 ***
slurmstepd-srv-it-node02: error: *** STEP 434.0 ON srv-it-node02 CANCELLED AT 2025-12-21T04:37:56 ***
slurmstepd-srv-it-node02: error: *** JOB 434 ON srv-it-node02 CANCELLED AT 2025-12-21T04:37:56 ***
