/home/naicheng_li/.conda/envs/flv2/lib/python3.10/site-packages/torch/cuda/__init__.py:174: UserWarning: CUDA initialization: CUDA driver initialization failed, you might not have a CUDA gpu. (Triggered internally at /pytorch/c10/cuda/CUDAFunctions.cpp:109.)
  return torch._C._cuda_getDeviceCount() > 0
/home/naicheng_li/.conda/envs/flv2/lib/python3.10/site-packages/torch/cuda/__init__.py:174: UserWarning: CUDA initialization: CUDA driver initialization failed, you might not have a CUDA gpu. (Triggered internally at /pytorch/c10/cuda/CUDAFunctions.cpp:109.)
  return torch._C._cuda_getDeviceCount() > 0
2025-12-27 02:20:24,203 - __main__ - INFO - 🚀 Start Ray V2 federated learning
2025-12-27 02:20:24,203 - __main__ - INFO - 📊 Configuration: 50 clients, 100 rounds training, total nodes: 51
2025-12-27 02:20:24,203 - __main__ - INFO - 🧹 Clean environment...
2025-12-27 02:20:26,145 - __main__ - INFO - 🗑️  Cleaned tmpfs chunk directory: /tmp/fl_chunks
2025-12-27 02:20:26,843 - __main__ - DEBUG - 🗑️  Cleaned mount directory (simple): /home/naicheng_li/FLTorrent/docker_data/tmp
2025-12-27 02:20:26,847 - __main__ - DEBUG - 🗑️  Cleaned mount directory (simple): /home/naicheng_li/FLTorrent/docker_data/app_tmp
2025-12-27 02:20:27,855 - __main__ - INFO - ✅ Environment cleanup completed
2025-12-27 02:20:27,855 - __main__ - INFO - 🚀 Applying host network optimizations for ultra-high concurrency...
2025-12-27 02:20:27,935 - __main__ - WARNING - ⚠️  22 network optimizations could not be applied (may need sudo access)
2025-12-27 02:20:27,935 - __main__ - DEBUG -    Failed: net.core.somaxconn - sudo: you do not exist in the passwd database
2025-12-27 02:20:27,935 - __main__ - DEBUG -    Failed: net.core.netdev_max_backlog - sudo: you do not exist in the passwd database
2025-12-27 02:20:27,935 - __main__ - DEBUG -    Failed: net.core.rmem_default - sudo: you do not exist in the passwd database
2025-12-27 02:20:27,935 - __main__ - WARNING - ⚠️  No host network optimizations applied! High-concurrency FL may experience issues.
2025-12-27 02:20:27,935 - __main__ - WARNING -    Consider running with sudo or contacting HPC admin to apply these settings.
2025-12-27 02:20:27,935 - __main__ - INFO - 🦭 Initializing Podman rootless environment...
2025-12-27 02:20:27,937 - __main__ - WARNING - ⚠️  Podman unavailable, trying Docker...
2025-12-27 02:20:27,938 - __main__ - INFO - 📦 Using non-container mode (Fallback)
2025-12-27 02:20:29,518 - __main__ - INFO - 🔍 Found available port for Ray dashboard: 8265
2025-12-27 02:20:29,622 - filelock - DEBUG - Attempting to acquire lock 140706625694176 on /home/naicheng_li/ray/session_2025-12-27_02-20-29_615999_900905/node_ip_address.json.lock
2025-12-27 02:20:29,625 - filelock - DEBUG - Lock 140706625694176 acquired on /home/naicheng_li/ray/session_2025-12-27_02-20-29_615999_900905/node_ip_address.json.lock
2025-12-27 02:20:29,628 - filelock - DEBUG - Attempting to release lock 140706625694176 on /home/naicheng_li/ray/session_2025-12-27_02-20-29_615999_900905/node_ip_address.json.lock
2025-12-27 02:20:29,628 - filelock - DEBUG - Lock 140706625694176 released on /home/naicheng_li/ray/session_2025-12-27_02-20-29_615999_900905/node_ip_address.json.lock
2025-12-27 02:20:29,630 - filelock - DEBUG - Attempting to acquire lock 140706625685968 on /home/naicheng_li/ray/session_2025-12-27_02-20-29_615999_900905/ports_by_node.json.lock
2025-12-27 02:20:29,631 - filelock - DEBUG - Lock 140706625685968 acquired on /home/naicheng_li/ray/session_2025-12-27_02-20-29_615999_900905/ports_by_node.json.lock
2025-12-27 02:20:29,634 - filelock - DEBUG - Attempting to release lock 140706625685968 on /home/naicheng_li/ray/session_2025-12-27_02-20-29_615999_900905/ports_by_node.json.lock
2025-12-27 02:20:29,634 - filelock - DEBUG - Lock 140706625685968 released on /home/naicheng_li/ray/session_2025-12-27_02-20-29_615999_900905/ports_by_node.json.lock
2025-12-27 02:20:29,634 - filelock - DEBUG - Attempting to acquire lock 140706625694416 on /home/naicheng_li/ray/session_2025-12-27_02-20-29_615999_900905/ports_by_node.json.lock
2025-12-27 02:20:29,635 - filelock - DEBUG - Lock 140706625694416 acquired on /home/naicheng_li/ray/session_2025-12-27_02-20-29_615999_900905/ports_by_node.json.lock
2025-12-27 02:20:29,637 - filelock - DEBUG - Attempting to release lock 140706625694416 on /home/naicheng_li/ray/session_2025-12-27_02-20-29_615999_900905/ports_by_node.json.lock
2025-12-27 02:20:29,637 - filelock - DEBUG - Lock 140706625694416 released on /home/naicheng_li/ray/session_2025-12-27_02-20-29_615999_900905/ports_by_node.json.lock
2025-12-27 02:20:29,637 - filelock - DEBUG - Attempting to acquire lock 140706625685248 on /home/naicheng_li/ray/session_2025-12-27_02-20-29_615999_900905/ports_by_node.json.lock
2025-12-27 02:20:29,638 - filelock - DEBUG - Lock 140706625685248 acquired on /home/naicheng_li/ray/session_2025-12-27_02-20-29_615999_900905/ports_by_node.json.lock
2025-12-27 02:20:29,639 - filelock - DEBUG - Attempting to release lock 140706625685248 on /home/naicheng_li/ray/session_2025-12-27_02-20-29_615999_900905/ports_by_node.json.lock
2025-12-27 02:20:29,639 - filelock - DEBUG - Lock 140706625685248 released on /home/naicheng_li/ray/session_2025-12-27_02-20-29_615999_900905/ports_by_node.json.lock
2025-12-27 02:20:29,640 - filelock - DEBUG - Attempting to acquire lock 140706625687216 on /home/naicheng_li/ray/session_2025-12-27_02-20-29_615999_900905/ports_by_node.json.lock
2025-12-27 02:20:29,641 - filelock - DEBUG - Lock 140706625687216 acquired on /home/naicheng_li/ray/session_2025-12-27_02-20-29_615999_900905/ports_by_node.json.lock
2025-12-27 02:20:29,642 - filelock - DEBUG - Attempting to release lock 140706625687216 on /home/naicheng_li/ray/session_2025-12-27_02-20-29_615999_900905/ports_by_node.json.lock
2025-12-27 02:20:29,642 - filelock - DEBUG - Lock 140706625687216 released on /home/naicheng_li/ray/session_2025-12-27_02-20-29_615999_900905/ports_by_node.json.lock
2025-12-27 02:20:29,642 - filelock - DEBUG - Attempting to acquire lock 140706625698736 on /home/naicheng_li/ray/session_2025-12-27_02-20-29_615999_900905/ports_by_node.json.lock
2025-12-27 02:20:29,643 - filelock - DEBUG - Lock 140706625698736 acquired on /home/naicheng_li/ray/session_2025-12-27_02-20-29_615999_900905/ports_by_node.json.lock
2025-12-27 02:20:29,645 - filelock - DEBUG - Attempting to release lock 140706625698736 on /home/naicheng_li/ray/session_2025-12-27_02-20-29_615999_900905/ports_by_node.json.lock
2025-12-27 02:20:29,645 - filelock - DEBUG - Lock 140706625698736 released on /home/naicheng_li/ray/session_2025-12-27_02-20-29_615999_900905/ports_by_node.json.lock
2025-12-27 02:20:33,307	INFO worker.py:1998 -- Started a local Ray instance. View the dashboard at [1m[32m10.0.0.3:8265 [39m[22m
/home/naicheng_li/.conda/envs/flv2/lib/python3.10/site-packages/ray/_private/worker.py:2046: FutureWarning: Tip: In future versions of Ray, Ray will no longer override accelerator visible devices env var if num_gpus=0 or num_gpus=None (default). To enable this behavior and turn off this error message, set RAY_ACCEL_ENV_VAR_OVERRIDE_ON_ZERO=0
  warnings.warn(
2025-12-27 02:20:35,375 - __main__ - INFO - 🚀 Ray cluster initialization completed:
2025-12-27 02:20:35,375 - __main__ - INFO -    📊 Resources: {'memory': 1161272134452.0, 'node:10.0.0.3': 1.0, 'CPU': 128.0, 'object_store_memory': 438187168972.0, 'GPU': 2.0, 'accelerator_type:A100': 1.0, 'node:__internal_head__': 1.0}
2025-12-27 02:20:35,375 - __main__ - INFO -    🌐 Dashboard: http://127.0.0.1:8265
2025-12-27 02:20:35,452 - __main__ - DEBUG - Found node: f715019e96d9... IP: 10.0.0.3, Resources: {'object_store_memory': 438187168972.0, 'accelerator_type:A100': 1.0, 'node:10.0.0.3': 1.0, 'CPU': 128.0, 'memory': 1161272134452.0, 'node:__internal_head__': 1.0, 'GPU': 2.0}
2025-12-27 02:20:35,452 - __main__ - INFO - 🌐 Ray Cluster Topology:
2025-12-27 02:20:35,452 - __main__ - INFO -    📍 Head node: f715019e96d9... (Server will run here)
2025-12-27 02:20:35,452 - __main__ - WARNING -    ⚠️ No worker nodes found! Clients will run on head node (not recommended)
2025-12-27 02:20:35,453 - __main__ - INFO - 🎮 Detected GPU type on node f715019e96d9...: A100 -> 40.0GB per GPU
2025-12-27 02:20:35,453 - __main__ - INFO - 📍 Head node (f715019e96d9...): 2.0 GPUs, 80.0GB total memory
2025-12-27 02:20:35,453 - __main__ - INFO - 📊 Total GPU memory across all nodes: 80.0GB
2025-12-27 02:20:35,453 - __main__ - INFO - 📊 Memory per client: 3.0GB → Max capacity: 26 clients
2025-12-27 02:20:35,453 - __main__ - WARNING - ⚠️ Node f715019e96d9... assigned 50 clients but max capacity is 26
2025-12-27 02:20:35,453 - __main__ - INFO -    Node f715019e96d9...: 50 clients (80.0GB / 50 = 1.6GB/client)
2025-12-27 02:20:35,453 - __main__ - INFO -    Node f715019e96d9...: 2.0 GPU, 50 clients, max 25 clients/GPU -> 0.0380 GPU/client
2025-12-27 02:20:35,454 - __main__ - INFO - 🎯 GPU allocation summary: {'total_available_gpus': 2.0, 'total_allocated_gpus': 1.9, 'utilization_rate': '95.00%', 'server': 'CPU only', 'per_node_allocation': {'f715019e96d9': {'count': 50, 'total_gpu': 1.900000000000001}}, 'gpu_clients': 50, 'cpu_clients': 0}
2025-12-27 02:20:35,454 - __main__ - INFO - 📋 Client distribution: 50 GPU clients, 0 CPU clients
2025-12-27 02:20:35,454 - __main__ - INFO - 🔌 Single-node mode detected - UDS can be enabled
2025-12-27 02:20:35,454 - __main__ - INFO - 📍 Server scheduled to head node: f715019e96d9...
2025-12-27 02:20:35,487 - __main__ - INFO - 📦 Using Fallback (no container) for Server
2025-12-27 02:20:35,560 - __main__ - INFO - ✅ Server started: unix:///tmp/federatedscope_uds/server_52215.sock:52215
2025-12-27 02:20:50,577 - __main__ - INFO - 📱 Edge device distribution: {'smartphone': 50}
2025-12-27 02:20:50,577 - __main__ - INFO - 📊 Client distribution plan:
2025-12-27 02:20:50,578 - __main__ - INFO -    Client 1 -> head (f715019e96d9...), Node CPUs: 128.0, Clients on node: 50
2025-12-27 02:20:50,578 - __main__ - INFO -    Client 2 -> head (f715019e96d9...), Node CPUs: 128.0, Clients on node: 50
2025-12-27 02:20:50,579 - __main__ - INFO -    Client 3 -> head (f715019e96d9...), Node CPUs: 128.0, Clients on node: 50
2025-12-27 02:20:50,579 - __main__ - INFO -    Client 4 -> head (f715019e96d9...), Node CPUs: 128.0, Clients on node: 50
2025-12-27 02:20:50,579 - __main__ - INFO -    Client 5 -> head (f715019e96d9...), Node CPUs: 128.0, Clients on node: 50
2025-12-27 02:20:50,580 - __main__ - INFO -    Client 6 -> head (f715019e96d9...), Node CPUs: 128.0, Clients on node: 50
2025-12-27 02:20:50,580 - __main__ - INFO -    Client 7 -> head (f715019e96d9...), Node CPUs: 128.0, Clients on node: 50
2025-12-27 02:20:50,581 - __main__ - INFO -    Client 8 -> head (f715019e96d9...), Node CPUs: 128.0, Clients on node: 50
2025-12-27 02:20:50,581 - __main__ - INFO -    Client 9 -> head (f715019e96d9...), Node CPUs: 128.0, Clients on node: 50
2025-12-27 02:20:50,582 - __main__ - INFO -    Client 10 -> head (f715019e96d9...), Node CPUs: 128.0, Clients on node: 50
2025-12-27 02:20:50,582 - __main__ - INFO -    Client 11 -> head (f715019e96d9...), Node CPUs: 128.0, Clients on node: 50
2025-12-27 02:20:50,583 - __main__ - INFO -    Client 12 -> head (f715019e96d9...), Node CPUs: 128.0, Clients on node: 50
2025-12-27 02:20:50,583 - __main__ - INFO -    Client 13 -> head (f715019e96d9...), Node CPUs: 128.0, Clients on node: 50
2025-12-27 02:20:50,584 - __main__ - INFO -    Client 14 -> head (f715019e96d9...), Node CPUs: 128.0, Clients on node: 50
2025-12-27 02:20:50,584 - __main__ - INFO -    Client 15 -> head (f715019e96d9...), Node CPUs: 128.0, Clients on node: 50
2025-12-27 02:20:50,584 - __main__ - INFO -    Client 16 -> head (f715019e96d9...), Node CPUs: 128.0, Clients on node: 50
2025-12-27 02:20:50,585 - __main__ - INFO -    Client 17 -> head (f715019e96d9...), Node CPUs: 128.0, Clients on node: 50
2025-12-27 02:20:50,585 - __main__ - INFO -    Client 18 -> head (f715019e96d9...), Node CPUs: 128.0, Clients on node: 50
2025-12-27 02:20:50,586 - __main__ - INFO -    Client 19 -> head (f715019e96d9...), Node CPUs: 128.0, Clients on node: 50
2025-12-27 02:20:50,586 - __main__ - INFO -    Client 20 -> head (f715019e96d9...), Node CPUs: 128.0, Clients on node: 50
2025-12-27 02:20:50,587 - __main__ - INFO -    Client 21 -> head (f715019e96d9...), Node CPUs: 128.0, Clients on node: 50
2025-12-27 02:20:50,587 - __main__ - INFO -    Client 22 -> head (f715019e96d9...), Node CPUs: 128.0, Clients on node: 50
2025-12-27 02:20:50,587 - __main__ - INFO -    Client 23 -> head (f715019e96d9...), Node CPUs: 128.0, Clients on node: 50
2025-12-27 02:20:50,588 - __main__ - INFO -    Client 24 -> head (f715019e96d9...), Node CPUs: 128.0, Clients on node: 50
2025-12-27 02:20:50,588 - __main__ - INFO -    Client 25 -> head (f715019e96d9...), Node CPUs: 128.0, Clients on node: 50
2025-12-27 02:20:50,589 - __main__ - INFO -    Client 26 -> head (f715019e96d9...), Node CPUs: 128.0, Clients on node: 50
2025-12-27 02:20:50,589 - __main__ - INFO -    Client 27 -> head (f715019e96d9...), Node CPUs: 128.0, Clients on node: 50
2025-12-27 02:20:50,589 - __main__ - INFO -    Client 28 -> head (f715019e96d9...), Node CPUs: 128.0, Clients on node: 50
2025-12-27 02:20:50,590 - __main__ - INFO -    Client 29 -> head (f715019e96d9...), Node CPUs: 128.0, Clients on node: 50
2025-12-27 02:20:50,590 - __main__ - INFO -    Client 30 -> head (f715019e96d9...), Node CPUs: 128.0, Clients on node: 50
2025-12-27 02:20:50,591 - __main__ - INFO -    Client 31 -> head (f715019e96d9...), Node CPUs: 128.0, Clients on node: 50
2025-12-27 02:20:50,591 - __main__ - INFO -    Client 32 -> head (f715019e96d9...), Node CPUs: 128.0, Clients on node: 50
2025-12-27 02:20:50,591 - __main__ - INFO -    Client 33 -> head (f715019e96d9...), Node CPUs: 128.0, Clients on node: 50
2025-12-27 02:20:50,592 - __main__ - INFO -    Client 34 -> head (f715019e96d9...), Node CPUs: 128.0, Clients on node: 50
2025-12-27 02:20:50,592 - __main__ - INFO -    Client 35 -> head (f715019e96d9...), Node CPUs: 128.0, Clients on node: 50
2025-12-27 02:20:50,593 - __main__ - INFO -    Client 36 -> head (f715019e96d9...), Node CPUs: 128.0, Clients on node: 50
2025-12-27 02:20:50,593 - __main__ - INFO -    Client 37 -> head (f715019e96d9...), Node CPUs: 128.0, Clients on node: 50
2025-12-27 02:20:50,593 - __main__ - INFO -    Client 38 -> head (f715019e96d9...), Node CPUs: 128.0, Clients on node: 50
2025-12-27 02:20:50,594 - __main__ - INFO -    Client 39 -> head (f715019e96d9...), Node CPUs: 128.0, Clients on node: 50
2025-12-27 02:20:50,594 - __main__ - INFO -    Client 40 -> head (f715019e96d9...), Node CPUs: 128.0, Clients on node: 50
2025-12-27 02:20:50,594 - __main__ - INFO -    Client 41 -> head (f715019e96d9...), Node CPUs: 128.0, Clients on node: 50
2025-12-27 02:20:50,595 - __main__ - INFO -    Client 42 -> head (f715019e96d9...), Node CPUs: 128.0, Clients on node: 50
2025-12-27 02:20:50,595 - __main__ - INFO -    Client 43 -> head (f715019e96d9...), Node CPUs: 128.0, Clients on node: 50
2025-12-27 02:20:50,595 - __main__ - INFO -    Client 44 -> head (f715019e96d9...), Node CPUs: 128.0, Clients on node: 50
2025-12-27 02:20:50,596 - __main__ - INFO -    Client 45 -> head (f715019e96d9...), Node CPUs: 128.0, Clients on node: 50
2025-12-27 02:20:50,596 - __main__ - INFO -    Client 46 -> head (f715019e96d9...), Node CPUs: 128.0, Clients on node: 50
2025-12-27 02:20:50,597 - __main__ - INFO -    Client 47 -> head (f715019e96d9...), Node CPUs: 128.0, Clients on node: 50
2025-12-27 02:20:50,597 - __main__ - INFO -    Client 48 -> head (f715019e96d9...), Node CPUs: 128.0, Clients on node: 50
2025-12-27 02:20:50,597 - __main__ - INFO -    Client 49 -> head (f715019e96d9...), Node CPUs: 128.0, Clients on node: 50
2025-12-27 02:20:50,598 - __main__ - INFO -    Client 50 -> head (f715019e96d9...), Node CPUs: 128.0, Clients on node: 50
2025-12-27 02:20:50,598 - __main__ - INFO - 🔧 Client 1 resources: num_cpus=2.2640, num_gpus=0.0380, memory=2.00GB
2025-12-27 02:20:50,697 - __main__ - INFO - ✅ Client 1 (smartphone) started on head node (f715019e96d9...)
2025-12-27 02:20:53,701 - __main__ - INFO - 🔧 Client 2 resources: num_cpus=2.2640, num_gpus=0.0380, memory=2.00GB
2025-12-27 02:20:53,781 - __main__ - INFO - ✅ Client 2 (smartphone) started on head node (f715019e96d9...)
2025-12-27 02:20:56,785 - __main__ - INFO - 🔧 Client 3 resources: num_cpus=2.2640, num_gpus=0.0380, memory=2.00GB
2025-12-27 02:20:56,867 - __main__ - INFO - ✅ Client 3 (smartphone) started on head node (f715019e96d9...)
2025-12-27 02:20:59,871 - __main__ - INFO - 🔧 Client 4 resources: num_cpus=2.2640, num_gpus=0.0380, memory=2.00GB
2025-12-27 02:20:59,955 - __main__ - INFO - ✅ Client 4 (smartphone) started on head node (f715019e96d9...)
2025-12-27 02:21:02,959 - __main__ - INFO - 🔧 Client 5 resources: num_cpus=2.2640, num_gpus=0.0380, memory=2.00GB
2025-12-27 02:21:03,046 - __main__ - INFO - ✅ Client 5 (smartphone) started on head node (f715019e96d9...)
2025-12-27 02:21:06,050 - __main__ - INFO - 🔧 Client 6 resources: num_cpus=2.2640, num_gpus=0.0380, memory=2.00GB
2025-12-27 02:21:06,133 - __main__ - INFO - ✅ Client 6 (smartphone) started on head node (f715019e96d9...)
2025-12-27 02:21:09,137 - __main__ - INFO - 🔧 Client 7 resources: num_cpus=2.2640, num_gpus=0.0380, memory=2.00GB
2025-12-27 02:21:09,217 - __main__ - INFO - ✅ Client 7 (smartphone) started on head node (f715019e96d9...)
2025-12-27 02:21:12,221 - __main__ - INFO - 🔧 Client 8 resources: num_cpus=2.2640, num_gpus=0.0380, memory=2.00GB
2025-12-27 02:21:12,303 - __main__ - INFO - ✅ Client 8 (smartphone) started on head node (f715019e96d9...)
2025-12-27 02:21:15,307 - __main__ - INFO - 🔧 Client 9 resources: num_cpus=2.2640, num_gpus=0.0380, memory=2.00GB
2025-12-27 02:21:15,388 - __main__ - INFO - ✅ Client 9 (smartphone) started on head node (f715019e96d9...)
2025-12-27 02:21:18,392 - __main__ - INFO - 🔧 Client 10 resources: num_cpus=2.2640, num_gpus=0.0380, memory=2.00GB
2025-12-27 02:21:18,478 - __main__ - INFO - ✅ Client 10 (smartphone) started on head node (f715019e96d9...)
2025-12-27 02:21:21,483 - __main__ - INFO - 🔧 Client 11 resources: num_cpus=2.2640, num_gpus=0.0380, memory=2.00GB
2025-12-27 02:21:21,564 - __main__ - INFO - ✅ Client 11 (smartphone) started on head node (f715019e96d9...)
2025-12-27 02:21:24,568 - __main__ - INFO - 🔧 Client 12 resources: num_cpus=2.2640, num_gpus=0.0380, memory=2.00GB
2025-12-27 02:21:24,651 - __main__ - INFO - ✅ Client 12 (smartphone) started on head node (f715019e96d9...)
2025-12-27 02:21:27,655 - __main__ - INFO - 🔧 Client 13 resources: num_cpus=2.2640, num_gpus=0.0380, memory=2.00GB
2025-12-27 02:21:27,736 - __main__ - INFO - ✅ Client 13 (smartphone) started on head node (f715019e96d9...)
2025-12-27 02:21:30,740 - __main__ - INFO - 🔧 Client 14 resources: num_cpus=2.2640, num_gpus=0.0380, memory=2.00GB
2025-12-27 02:21:30,823 - __main__ - INFO - ✅ Client 14 (smartphone) started on head node (f715019e96d9...)
2025-12-27 02:21:33,827 - __main__ - INFO - 🔧 Client 15 resources: num_cpus=2.2640, num_gpus=0.0380, memory=2.00GB
2025-12-27 02:21:33,913 - __main__ - INFO - ✅ Client 15 (smartphone) started on head node (f715019e96d9...)
2025-12-27 02:21:36,917 - __main__ - INFO - 🔧 Client 16 resources: num_cpus=2.2640, num_gpus=0.0380, memory=2.00GB
2025-12-27 02:21:36,999 - __main__ - INFO - ✅ Client 16 (smartphone) started on head node (f715019e96d9...)
2025-12-27 02:21:40,003 - __main__ - INFO - 🔧 Client 17 resources: num_cpus=2.2640, num_gpus=0.0380, memory=2.00GB
2025-12-27 02:21:40,084 - __main__ - INFO - ✅ Client 17 (smartphone) started on head node (f715019e96d9...)
2025-12-27 02:21:43,088 - __main__ - INFO - 🔧 Client 18 resources: num_cpus=2.2640, num_gpus=0.0380, memory=2.00GB
2025-12-27 02:21:43,169 - __main__ - INFO - ✅ Client 18 (smartphone) started on head node (f715019e96d9...)
2025-12-27 02:21:46,173 - __main__ - INFO - 🔧 Client 19 resources: num_cpus=2.2640, num_gpus=0.0380, memory=2.00GB
2025-12-27 02:21:46,255 - __main__ - INFO - ✅ Client 19 (smartphone) started on head node (f715019e96d9...)
2025-12-27 02:21:49,259 - __main__ - INFO - 🔧 Client 20 resources: num_cpus=2.2640, num_gpus=0.0380, memory=2.00GB
2025-12-27 02:21:49,341 - __main__ - INFO - ✅ Client 20 (smartphone) started on head node (f715019e96d9...)
2025-12-27 02:21:52,345 - __main__ - INFO - 🔧 Client 21 resources: num_cpus=2.2640, num_gpus=0.0380, memory=2.00GB
2025-12-27 02:21:52,429 - __main__ - INFO - ✅ Client 21 (smartphone) started on head node (f715019e96d9...)
2025-12-27 02:21:55,433 - __main__ - INFO - 🔧 Client 22 resources: num_cpus=2.2640, num_gpus=0.0380, memory=2.00GB
2025-12-27 02:21:55,516 - __main__ - INFO - ✅ Client 22 (smartphone) started on head node (f715019e96d9...)
2025-12-27 02:21:58,520 - __main__ - INFO - 🔧 Client 23 resources: num_cpus=2.2640, num_gpus=0.0380, memory=2.00GB
2025-12-27 02:21:58,604 - __main__ - INFO - ✅ Client 23 (smartphone) started on head node (f715019e96d9...)
2025-12-27 02:22:01,605 - __main__ - INFO - 🔧 Client 24 resources: num_cpus=2.2640, num_gpus=0.0380, memory=2.00GB
2025-12-27 02:22:01,688 - __main__ - INFO - ✅ Client 24 (smartphone) started on head node (f715019e96d9...)
2025-12-27 02:22:04,692 - __main__ - INFO - 🔧 Client 25 resources: num_cpus=2.2640, num_gpus=0.0380, memory=2.00GB
2025-12-27 02:22:04,775 - __main__ - INFO - ✅ Client 25 (smartphone) started on head node (f715019e96d9...)
2025-12-27 02:22:07,779 - __main__ - INFO - 🔧 Client 26 resources: num_cpus=2.2640, num_gpus=0.0380, memory=2.00GB
2025-12-27 02:22:07,860 - __main__ - INFO - ✅ Client 26 (smartphone) started on head node (f715019e96d9...)
2025-12-27 02:22:10,864 - __main__ - INFO - 🔧 Client 27 resources: num_cpus=2.2640, num_gpus=0.0380, memory=2.00GB
2025-12-27 02:22:10,946 - __main__ - INFO - ✅ Client 27 (smartphone) started on head node (f715019e96d9...)
2025-12-27 02:22:13,950 - __main__ - INFO - 🔧 Client 28 resources: num_cpus=2.2640, num_gpus=0.0380, memory=2.00GB
2025-12-27 02:22:14,031 - __main__ - INFO - ✅ Client 28 (smartphone) started on head node (f715019e96d9...)
2025-12-27 02:22:17,036 - __main__ - INFO - 🔧 Client 29 resources: num_cpus=2.2640, num_gpus=0.0380, memory=2.00GB
2025-12-27 02:22:17,117 - __main__ - INFO - ✅ Client 29 (smartphone) started on head node (f715019e96d9...)
2025-12-27 02:22:20,121 - __main__ - INFO - 🔧 Client 30 resources: num_cpus=2.2640, num_gpus=0.0380, memory=2.00GB
2025-12-27 02:22:20,204 - __main__ - INFO - ✅ Client 30 (smartphone) started on head node (f715019e96d9...)
2025-12-27 02:22:23,208 - __main__ - INFO - 🔧 Client 31 resources: num_cpus=2.2640, num_gpus=0.0380, memory=2.00GB
2025-12-27 02:22:23,291 - __main__ - INFO - ✅ Client 31 (smartphone) started on head node (f715019e96d9...)
2025-12-27 02:22:26,295 - __main__ - INFO - 🔧 Client 32 resources: num_cpus=2.2640, num_gpus=0.0380, memory=2.00GB
2025-12-27 02:22:26,377 - __main__ - INFO - ✅ Client 32 (smartphone) started on head node (f715019e96d9...)
2025-12-27 02:22:29,381 - __main__ - INFO - 🔧 Client 33 resources: num_cpus=2.2640, num_gpus=0.0380, memory=2.00GB
2025-12-27 02:22:29,462 - __main__ - INFO - ✅ Client 33 (smartphone) started on head node (f715019e96d9...)
2025-12-27 02:22:32,466 - __main__ - INFO - 🔧 Client 34 resources: num_cpus=2.2640, num_gpus=0.0380, memory=2.00GB
2025-12-27 02:22:32,549 - __main__ - INFO - ✅ Client 34 (smartphone) started on head node (f715019e96d9...)
2025-12-27 02:22:35,553 - __main__ - INFO - 🔧 Client 35 resources: num_cpus=2.2640, num_gpus=0.0380, memory=2.00GB
2025-12-27 02:22:35,638 - __main__ - INFO - ✅ Client 35 (smartphone) started on head node (f715019e96d9...)
2025-12-27 02:22:38,642 - __main__ - INFO - 🔧 Client 36 resources: num_cpus=2.2640, num_gpus=0.0380, memory=2.00GB
2025-12-27 02:22:38,722 - __main__ - INFO - ✅ Client 36 (smartphone) started on head node (f715019e96d9...)
2025-12-27 02:22:41,726 - __main__ - INFO - 🔧 Client 37 resources: num_cpus=2.2640, num_gpus=0.0380, memory=2.00GB
2025-12-27 02:22:41,806 - __main__ - INFO - ✅ Client 37 (smartphone) started on head node (f715019e96d9...)
2025-12-27 02:22:44,809 - __main__ - INFO - 🔧 Client 38 resources: num_cpus=2.2640, num_gpus=0.0380, memory=2.00GB
2025-12-27 02:22:44,889 - __main__ - INFO - ✅ Client 38 (smartphone) started on head node (f715019e96d9...)
2025-12-27 02:22:47,894 - __main__ - INFO - 🔧 Client 39 resources: num_cpus=2.2640, num_gpus=0.0380, memory=2.00GB
2025-12-27 02:22:47,975 - __main__ - INFO - ✅ Client 39 (smartphone) started on head node (f715019e96d9...)
2025-12-27 02:22:50,978 - __main__ - INFO - 🔧 Client 40 resources: num_cpus=2.2640, num_gpus=0.0380, memory=2.00GB
2025-12-27 02:22:51,060 - __main__ - INFO - ✅ Client 40 (smartphone) started on head node (f715019e96d9...)
2025-12-27 02:22:54,064 - __main__ - INFO - 🔧 Client 41 resources: num_cpus=2.2640, num_gpus=0.0380, memory=2.00GB
2025-12-27 02:22:54,147 - __main__ - INFO - ✅ Client 41 (smartphone) started on head node (f715019e96d9...)
2025-12-27 02:22:57,151 - __main__ - INFO - 🔧 Client 42 resources: num_cpus=2.2640, num_gpus=0.0380, memory=2.00GB
2025-12-27 02:22:57,232 - __main__ - INFO - ✅ Client 42 (smartphone) started on head node (f715019e96d9...)
2025-12-27 02:23:00,236 - __main__ - INFO - 🔧 Client 43 resources: num_cpus=2.2640, num_gpus=0.0380, memory=2.00GB
2025-12-27 02:23:00,318 - __main__ - INFO - ✅ Client 43 (smartphone) started on head node (f715019e96d9...)
2025-12-27 02:23:03,323 - __main__ - INFO - 🔧 Client 44 resources: num_cpus=2.2640, num_gpus=0.0380, memory=2.00GB
2025-12-27 02:23:03,405 - __main__ - INFO - ✅ Client 44 (smartphone) started on head node (f715019e96d9...)
2025-12-27 02:23:06,409 - __main__ - INFO - 🔧 Client 45 resources: num_cpus=2.2640, num_gpus=0.0380, memory=2.00GB
2025-12-27 02:23:06,487 - __main__ - INFO - ✅ Client 45 (smartphone) started on head node (f715019e96d9...)
2025-12-27 02:23:09,491 - __main__ - INFO - 🔧 Client 46 resources: num_cpus=2.2640, num_gpus=0.0380, memory=2.00GB
2025-12-27 02:23:09,573 - __main__ - INFO - ✅ Client 46 (smartphone) started on head node (f715019e96d9...)
2025-12-27 02:23:12,577 - __main__ - INFO - 🔧 Client 47 resources: num_cpus=2.2640, num_gpus=0.0380, memory=2.00GB
2025-12-27 02:23:12,656 - __main__ - INFO - ✅ Client 47 (smartphone) started on head node (f715019e96d9...)
2025-12-27 02:23:15,660 - __main__ - INFO - 🔧 Client 48 resources: num_cpus=2.2640, num_gpus=0.0380, memory=2.00GB
2025-12-27 02:23:15,742 - __main__ - INFO - ✅ Client 48 (smartphone) started on head node (f715019e96d9...)
2025-12-27 02:23:18,746 - __main__ - INFO - 🔧 Client 49 resources: num_cpus=2.2640, num_gpus=0.0380, memory=2.00GB
2025-12-27 02:23:18,829 - __main__ - INFO - ✅ Client 49 (smartphone) started on head node (f715019e96d9...)
2025-12-27 02:23:21,834 - __main__ - INFO - 🔧 Client 50 resources: num_cpus=2.2640, num_gpus=0.0380, memory=2.00GB
2025-12-27 02:23:21,917 - __main__ - INFO - ✅ Client 50 (smartphone) started on head node (f715019e96d9...)
2025-12-27 02:23:24,920 - __main__ - INFO - ✅ 50/50 Docker clients started successfully
2025-12-27 02:23:24,921 - __main__ - INFO - ✅ All 50 clients have completed startup
2025-12-27 02:23:24,921 - __main__ - INFO - 📊 Starting training monitoring (999999999 seconds)...
2025-12-27 02:23:24,930 - __main__ - INFO - ⏰ 0s | Server: running (CPU) | Clients: 50 nodes (fractional GPU) | Ray GPU usage: 1.9/2.0 (95.0%)
2025-12-27 02:23:29,941 - __main__ - INFO - ⏰ 5s | Server: running (CPU) | Clients: 50 nodes (fractional GPU) | Ray GPU usage: 1.9/2.0 (95.0%)
2025-12-27 02:23:34,955 - __main__ - INFO - ⏰ 10s | Server: running (CPU) | Clients: 50 nodes (fractional GPU) | Ray GPU usage: 1.9/2.0 (95.0%)
2025-12-27 02:23:39,970 - __main__ - INFO - ⏰ 15s | Server: running (CPU) | Clients: 50 nodes (fractional GPU) | Ray GPU usage: 1.9/2.0 (95.0%)
2025-12-27 02:23:44,988 - __main__ - INFO - ⏰ 20s | Server: running (CPU) | Clients: 50 nodes (fractional GPU) | Ray GPU usage: 1.9/2.0 (95.0%)
2025-12-27 02:23:50,006 - __main__ - INFO - ⏰ 25s | Server: running (CPU) | Clients: 50 nodes (fractional GPU) | Ray GPU usage: 1.9/2.0 (95.0%)
2025-12-27 02:23:55,025 - __main__ - INFO - ⏰ 30s | Server: running (CPU) | Clients: 50 nodes (fractional GPU) | Ray GPU usage: 1.9/2.0 (95.0%)
2025-12-27 02:24:00,044 - __main__ - INFO - ⏰ 35s | Server: running (CPU) | Clients: 50 nodes (fractional GPU) | Ray GPU usage: 1.9/2.0 (95.0%)
2025-12-27 02:24:05,061 - __main__ - INFO - ⏰ 40s | Server: running (CPU) | Clients: 50 nodes (fractional GPU) | Ray GPU usage: 1.9/2.0 (95.0%)
2025-12-27 02:24:10,080 - __main__ - INFO - ⏰ 45s | Server: running (CPU) | Clients: 50 nodes (fractional GPU) | Ray GPU usage: 1.9/2.0 (95.0%)
2025-12-27 02:24:15,112 - __main__ - INFO - ⏰ 50s | Server: running (CPU) | Clients: 50 nodes (fractional GPU) | Ray GPU usage: 1.9/2.0 (95.0%)
2025-12-27 02:24:20,165 - __main__ - INFO - ⏰ 55s | Server: running (CPU) | Clients: 50 nodes (fractional GPU) | Ray GPU usage: 1.9/2.0 (95.0%)
2025-12-27 02:24:25,226 - __main__ - INFO - ⏰ 60s | Server: running (CPU) | Clients: 50 nodes (fractional GPU) | Ray GPU usage: 1.9/2.0 (95.0%)
2025-12-27 02:24:30,295 - __main__ - INFO - ⏰ 65s | Server: running (CPU) | Clients: 50 nodes (fractional GPU) | Ray GPU usage: 1.9/2.0 (95.0%)
2025-12-27 02:24:35,454 - __main__ - INFO - ⏰ 70s | Server: running (CPU) | Clients: 50 nodes (fractional GPU) | Ray GPU usage: 1.9/2.0 (95.0%)
2025-12-27 02:24:40,588 - __main__ - INFO - ⏰ 75s | Server: running (CPU) | Clients: 50 nodes (fractional GPU) | Ray GPU usage: 1.9/2.0 (95.0%)
2025-12-27 02:24:45,677 - __main__ - INFO - ⏰ 80s | Server: running (CPU) | Clients: 50 nodes (fractional GPU) | Ray GPU usage: 1.9/2.0 (95.0%)
2025-12-27 02:24:50,745 - __main__ - INFO - ⏰ 85s | Server: running (CPU) | Clients: 50 nodes (fractional GPU) | Ray GPU usage: 1.9/2.0 (95.0%)
2025-12-27 02:24:55,813 - __main__ - INFO - ⏰ 90s | Server: running (CPU) | Clients: 50 nodes (fractional GPU) | Ray GPU usage: 1.9/2.0 (95.0%)
2025-12-27 02:25:00,892 - __main__ - INFO - ⏰ 95s | Server: running (CPU) | Clients: 50 nodes (fractional GPU) | Ray GPU usage: 1.9/2.0 (95.0%)
2025-12-27 02:25:06,003 - __main__ - INFO - ⏰ 100s | Server: running (CPU) | Clients: 50 nodes (fractional GPU) | Ray GPU usage: 1.9/2.0 (95.0%)
2025-12-27 02:25:11,149 - __main__ - INFO - ⏰ 106s | Server: running (CPU) | Clients: 50 nodes (fractional GPU) | Ray GPU usage: 1.9/2.0 (95.0%)
2025-12-27 02:25:16,262 - __main__ - INFO - ⏰ 111s | Server: running (CPU) | Clients: 50 nodes (fractional GPU) | Ray GPU usage: 1.9/2.0 (95.0%)
2025-12-27 02:25:21,317 - __main__ - INFO - ⏰ 116s | Server: running (CPU) | Clients: 50 nodes (fractional GPU) | Ray GPU usage: 1.9/2.0 (95.0%)
2025-12-27 02:25:26,368 - __main__ - INFO - ⏰ 121s | Server: running (CPU) | Clients: 50 nodes (fractional GPU) | Ray GPU usage: 1.9/2.0 (95.0%)
2025-12-27 02:25:31,461 - __main__ - INFO - ⏰ 126s | Server: running (CPU) | Clients: 50 nodes (fractional GPU) | Ray GPU usage: 1.9/2.0 (95.0%)
2025-12-27 02:25:36,564 - __main__ - INFO - ⏰ 131s | Server: running (CPU) | Clients: 50 nodes (fractional GPU) | Ray GPU usage: 1.9/2.0 (95.0%)
2025-12-27 02:25:41,629 - __main__ - INFO - ⏰ 136s | Server: running (CPU) | Clients: 50 nodes (fractional GPU) | Ray GPU usage: 1.9/2.0 (95.0%)
2025-12-27 02:25:46,684 - __main__ - INFO - ⏰ 141s | Server: running (CPU) | Clients: 50 nodes (fractional GPU) | Ray GPU usage: 1.9/2.0 (95.0%)
2025-12-27 02:25:51,729 - __main__ - INFO - ⏰ 146s | Server: running (CPU) | Clients: 50 nodes (fractional GPU) | Ray GPU usage: 1.9/2.0 (95.0%)
2025-12-27 02:25:56,786 - __main__ - INFO - ⏰ 151s | Server: running (CPU) | Clients: 50 nodes (fractional GPU) | Ray GPU usage: 1.9/2.0 (95.0%)
2025-12-27 02:26:01,847 - __main__ - INFO - ⏰ 156s | Server: running (CPU) | Clients: 50 nodes (fractional GPU) | Ray GPU usage: 1.9/2.0 (95.0%)
2025-12-27 02:26:06,952 - __main__ - INFO - ⏰ 161s | Server: running (CPU) | Clients: 50 nodes (fractional GPU) | Ray GPU usage: 1.9/2.0 (95.0%)
2025-12-27 02:26:12,046 - __main__ - INFO - ⏰ 167s | Server: running (CPU) | Clients: 50 nodes (fractional GPU) | Ray GPU usage: 1.9/2.0 (95.0%)
2025-12-27 02:26:17,097 - __main__ - INFO - ⏰ 172s | Server: running (CPU) | Clients: 50 nodes (fractional GPU) | Ray GPU usage: 1.9/2.0 (95.0%)
2025-12-27 02:26:22,191 - __main__ - INFO - ⏰ 177s | Server: running (CPU) | Clients: 50 nodes (fractional GPU) | Ray GPU usage: 1.9/2.0 (95.0%)
2025-12-27 02:26:27,273 - __main__ - INFO - ⏰ 182s | Server: running (CPU) | Clients: 50 nodes (fractional GPU) | Ray GPU usage: 1.9/2.0 (95.0%)
2025-12-27 02:26:32,350 - __main__ - INFO - ⏰ 187s | Server: running (CPU) | Clients: 50 nodes (fractional GPU) | Ray GPU usage: 1.9/2.0 (95.0%)
2025-12-27 02:26:37,407 - __main__ - INFO - ⏰ 192s | Server: running (CPU) | Clients: 50 nodes (fractional GPU) | Ray GPU usage: 1.9/2.0 (95.0%)
2025-12-27 02:26:42,486 - __main__ - INFO - ⏰ 197s | Server: running (CPU) | Clients: 50 nodes (fractional GPU) | Ray GPU usage: 1.9/2.0 (95.0%)
2025-12-27 02:26:47,558 - __main__ - INFO - ⏰ 202s | Server: running (CPU) | Clients: 50 nodes (fractional GPU) | Ray GPU usage: 1.9/2.0 (95.0%)
2025-12-27 02:26:52,609 - __main__ - INFO - ⏰ 207s | Server: running (CPU) | Clients: 50 nodes (fractional GPU) | Ray GPU usage: 1.9/2.0 (95.0%)
2025-12-27 02:26:57,679 - __main__ - INFO - ⏰ 212s | Server: running (CPU) | Clients: 50 nodes (fractional GPU) | Ray GPU usage: 1.9/2.0 (95.0%)
2025-12-27 02:27:02,732 - __main__ - INFO - ⏰ 217s | Server: running (CPU) | Clients: 50 nodes (fractional GPU) | Ray GPU usage: 1.9/2.0 (95.0%)
2025-12-27 02:27:07,773 - __main__ - INFO - ⏰ 222s | Server: running (CPU) | Clients: 50 nodes (fractional GPU) | Ray GPU usage: 1.9/2.0 (95.0%)
2025-12-27 02:27:12,828 - __main__ - INFO - ⏰ 227s | Server: running (CPU) | Clients: 50 nodes (fractional GPU) | Ray GPU usage: 1.9/2.0 (95.0%)
2025-12-27 02:27:17,854 - __main__ - INFO - ⏰ 232s | Server: running (CPU) | Clients: 50 nodes (fractional GPU) | Ray GPU usage: 1.9/2.0 (95.0%)
2025-12-27 02:27:22,864 - __main__ - INFO - ⏰ 237s | Server: running (CPU) | Clients: 50 nodes (fractional GPU) | Ray GPU usage: 1.9/2.0 (95.0%)
2025-12-27 02:27:27,879 - __main__ - INFO - ⏰ 242s | Server: running (CPU) | Clients: 50 nodes (fractional GPU) | Ray GPU usage: 1.9/2.0 (95.0%)
2025-12-27 02:27:32,892 - __main__ - INFO - ⏰ 247s | Server: running (CPU) | Clients: 50 nodes (fractional GPU) | Ray GPU usage: 1.9/2.0 (95.0%)
2025-12-27 02:27:37,906 - __main__ - INFO - ⏰ 252s | Server: running (CPU) | Clients: 50 nodes (fractional GPU) | Ray GPU usage: 1.9/2.0 (95.0%)
2025-12-27 02:27:42,917 - __main__ - INFO - ⏰ 257s | Server: running (CPU) | Clients: 50 nodes (fractional GPU) | Ray GPU usage: 1.9/2.0 (95.0%)
2025-12-27 02:27:47,931 - __main__ - INFO - ⏰ 263s | Server: running (CPU) | Clients: 50 nodes (fractional GPU) | Ray GPU usage: 1.9/2.0 (95.0%)
2025-12-27 02:27:52,946 - __main__ - INFO - ⏰ 268s | Server: running (CPU) | Clients: 50 nodes (fractional GPU) | Ray GPU usage: 1.9/2.0 (95.0%)
2025-12-27 02:27:57,958 - __main__ - INFO - ⏰ 273s | Server: running (CPU) | Clients: 50 nodes (fractional GPU) | Ray GPU usage: 1.9/2.0 (95.0%)
2025-12-27 02:28:02,973 - __main__ - INFO - ⏰ 278s | Server: running (CPU) | Clients: 50 nodes (fractional GPU) | Ray GPU usage: 1.9/2.0 (95.0%)
2025-12-27 02:28:07,984 - __main__ - INFO - ⏰ 283s | Server: running (CPU) | Clients: 50 nodes (fractional GPU) | Ray GPU usage: 1.9/2.0 (95.0%)
2025-12-27 02:28:12,998 - __main__ - INFO - ⏰ 288s | Server: running (CPU) | Clients: 50 nodes (fractional GPU) | Ray GPU usage: 1.9/2.0 (95.0%)
2025-12-27 02:28:18,014 - __main__ - INFO - ⏰ 293s | Server: running (CPU) | Clients: 50 nodes (fractional GPU) | Ray GPU usage: 1.9/2.0 (95.0%)
2025-12-27 02:28:23,029 - __main__ - INFO - ⏰ 298s | Server: running (CPU) | Clients: 50 nodes (fractional GPU) | Ray GPU usage: 1.9/2.0 (95.0%)
2025-12-27 02:28:28,044 - __main__ - INFO - ⏰ 303s | Server: running (CPU) | Clients: 50 nodes (fractional GPU) | Ray GPU usage: 1.9/2.0 (95.0%)
2025-12-27 02:28:33,059 - __main__ - INFO - ⏰ 308s | Server: running (CPU) | Clients: 50 nodes (fractional GPU) | Ray GPU usage: 1.9/2.0 (95.0%)
2025-12-27 02:28:38,074 - __main__ - INFO - ⏰ 313s | Server: running (CPU) | Clients: 50 nodes (fractional GPU) | Ray GPU usage: 1.9/2.0 (95.0%)
2025-12-27 02:28:43,089 - __main__ - INFO - ⏰ 318s | Server: running (CPU) | Clients: 50 nodes (fractional GPU) | Ray GPU usage: 1.9/2.0 (95.0%)
2025-12-27 02:28:48,103 - __main__ - INFO - ⏰ 323s | Server: running (CPU) | Clients: 50 nodes (fractional GPU) | Ray GPU usage: 1.9/2.0 (95.0%)
2025-12-27 02:28:53,113 - __main__ - INFO - ⏰ 328s | Server: running (CPU) | Clients: 50 nodes (fractional GPU) | Ray GPU usage: 1.9/2.0 (95.0%)
2025-12-27 02:28:58,126 - __main__ - INFO - ⏰ 333s | Server: running (CPU) | Clients: 50 nodes (fractional GPU) | Ray GPU usage: 1.9/2.0 (95.0%)
2025-12-27 02:29:03,137 - __main__ - INFO - ⏰ 338s | Server: running (CPU) | Clients: 50 nodes (fractional GPU) | Ray GPU usage: 1.9/2.0 (95.0%)
2025-12-27 02:29:08,151 - __main__ - INFO - ⏰ 343s | Server: running (CPU) | Clients: 50 nodes (fractional GPU) | Ray GPU usage: 1.9/2.0 (95.0%)
2025-12-27 02:29:13,166 - __main__ - INFO - ⏰ 348s | Server: running (CPU) | Clients: 50 nodes (fractional GPU) | Ray GPU usage: 1.9/2.0 (95.0%)
2025-12-27 02:29:18,180 - __main__ - INFO - ⏰ 353s | Server: running (CPU) | Clients: 50 nodes (fractional GPU) | Ray GPU usage: 1.9/2.0 (95.0%)
2025-12-27 02:29:23,192 - __main__ - INFO - ⏰ 358s | Server: running (CPU) | Clients: 50 nodes (fractional GPU) | Ray GPU usage: 1.9/2.0 (95.0%)
2025-12-27 02:29:28,206 - __main__ - INFO - ⏰ 363s | Server: running (CPU) | Clients: 50 nodes (fractional GPU) | Ray GPU usage: 1.9/2.0 (95.0%)
2025-12-27 02:29:33,222 - __main__ - INFO - ⏰ 368s | Server: running (CPU) | Clients: 50 nodes (fractional GPU) | Ray GPU usage: 1.9/2.0 (95.0%)
2025-12-27 02:29:38,236 - __main__ - INFO - ⏰ 373s | Server: running (CPU) | Clients: 50 nodes (fractional GPU) | Ray GPU usage: 1.9/2.0 (95.0%)
2025-12-27 02:29:43,250 - __main__ - INFO - ⏰ 378s | Server: running (CPU) | Clients: 50 nodes (fractional GPU) | Ray GPU usage: 1.9/2.0 (95.0%)
2025-12-27 02:29:48,264 - __main__ - INFO - ⏰ 383s | Server: running (CPU) | Clients: 50 nodes (fractional GPU) | Ray GPU usage: 1.9/2.0 (95.0%)
2025-12-27 02:29:53,279 - __main__ - INFO - ⏰ 388s | Server: running (CPU) | Clients: 50 nodes (fractional GPU) | Ray GPU usage: 1.9/2.0 (95.0%)
2025-12-27 02:29:58,293 - __main__ - INFO - ⏰ 393s | Server: running (CPU) | Clients: 50 nodes (fractional GPU) | Ray GPU usage: 1.9/2.0 (95.0%)
2025-12-27 02:30:03,307 - __main__ - INFO - ⏰ 398s | Server: running (CPU) | Clients: 50 nodes (fractional GPU) | Ray GPU usage: 1.9/2.0 (95.0%)
2025-12-27 02:30:08,322 - __main__ - INFO - ⏰ 403s | Server: running (CPU) | Clients: 50 nodes (fractional GPU) | Ray GPU usage: 1.9/2.0 (95.0%)
2025-12-27 02:30:13,336 - __main__ - INFO - ⏰ 408s | Server: running (CPU) | Clients: 50 nodes (fractional GPU) | Ray GPU usage: 1.9/2.0 (95.0%)
2025-12-27 02:30:18,350 - __main__ - INFO - ⏰ 413s | Server: running (CPU) | Clients: 50 nodes (fractional GPU) | Ray GPU usage: 1.9/2.0 (95.0%)
2025-12-27 02:30:23,363 - __main__ - INFO - ⏰ 418s | Server: running (CPU) | Clients: 50 nodes (fractional GPU) | Ray GPU usage: 1.9/2.0 (95.0%)
2025-12-27 02:30:28,377 - __main__ - INFO - ⏰ 423s | Server: running (CPU) | Clients: 50 nodes (fractional GPU) | Ray GPU usage: 1.9/2.0 (95.0%)
2025-12-27 02:30:33,391 - __main__ - INFO - ⏰ 428s | Server: running (CPU) | Clients: 50 nodes (fractional GPU) | Ray GPU usage: 1.9/2.0 (95.0%)
2025-12-27 02:30:38,405 - __main__ - INFO - ⏰ 433s | Server: running (CPU) | Clients: 50 nodes (fractional GPU) | Ray GPU usage: 1.9/2.0 (95.0%)
2025-12-27 02:30:43,421 - __main__ - INFO - ⏰ 438s | Server: running (CPU) | Clients: 50 nodes (fractional GPU) | Ray GPU usage: 1.9/2.0 (95.0%)
2025-12-27 02:30:48,435 - __main__ - INFO - ⏰ 443s | Server: running (CPU) | Clients: 50 nodes (fractional GPU) | Ray GPU usage: 1.9/2.0 (95.0%)
2025-12-27 02:30:53,448 - __main__ - INFO - ⏰ 448s | Server: running (CPU) | Clients: 50 nodes (fractional GPU) | Ray GPU usage: 1.9/2.0 (95.0%)
2025-12-27 02:30:58,461 - __main__ - INFO - ⏰ 453s | Server: running (CPU) | Clients: 50 nodes (fractional GPU) | Ray GPU usage: 1.9/2.0 (95.0%)
2025-12-27 02:31:03,473 - __main__ - INFO - ⏰ 458s | Server: running (CPU) | Clients: 50 nodes (fractional GPU) | Ray GPU usage: 1.9/2.0 (95.0%)
2025-12-27 02:31:08,486 - __main__ - INFO - ⏰ 463s | Server: running (CPU) | Clients: 50 nodes (fractional GPU) | Ray GPU usage: 1.9/2.0 (95.0%)
2025-12-27 02:31:13,500 - __main__ - INFO - ⏰ 468s | Server: running (CPU) | Clients: 50 nodes (fractional GPU) | Ray GPU usage: 1.9/2.0 (95.0%)
2025-12-27 02:31:18,514 - __main__ - INFO - ⏰ 473s | Server: running (CPU) | Clients: 50 nodes (fractional GPU) | Ray GPU usage: 1.9/2.0 (95.0%)
2025-12-27 02:31:23,527 - __main__ - INFO - ⏰ 478s | Server: running (CPU) | Clients: 50 nodes (fractional GPU) | Ray GPU usage: 1.9/2.0 (95.0%)
2025-12-27 02:31:28,541 - __main__ - INFO - ⏰ 483s | Server: running (CPU) | Clients: 50 nodes (fractional GPU) | Ray GPU usage: 1.9/2.0 (95.0%)
2025-12-27 02:31:33,555 - __main__ - INFO - ⏰ 488s | Server: running (CPU) | Clients: 50 nodes (fractional GPU) | Ray GPU usage: 1.9/2.0 (95.0%)
2025-12-27 02:31:38,567 - __main__ - INFO - ⏰ 493s | Server: running (CPU) | Clients: 50 nodes (fractional GPU) | Ray GPU usage: 1.9/2.0 (95.0%)
2025-12-27 02:31:43,580 - __main__ - INFO - ⏰ 498s | Server: running (CPU) | Clients: 50 nodes (fractional GPU) | Ray GPU usage: 1.9/2.0 (95.0%)
2025-12-27 02:31:48,594 - __main__ - INFO - ⏰ 503s | Server: running (CPU) | Clients: 50 nodes (fractional GPU) | Ray GPU usage: 1.9/2.0 (95.0%)
2025-12-27 02:31:53,607 - __main__ - INFO - ⏰ 508s | Server: running (CPU) | Clients: 50 nodes (fractional GPU) | Ray GPU usage: 1.9/2.0 (95.0%)
2025-12-27 02:31:58,621 - __main__ - INFO - ⏰ 513s | Server: running (CPU) | Clients: 50 nodes (fractional GPU) | Ray GPU usage: 1.9/2.0 (95.0%)
2025-12-27 02:32:03,635 - __main__ - INFO - ⏰ 518s | Server: running (CPU) | Clients: 50 nodes (fractional GPU) | Ray GPU usage: 1.9/2.0 (95.0%)
2025-12-27 02:32:08,650 - __main__ - INFO - ⏰ 523s | Server: running (CPU) | Clients: 50 nodes (fractional GPU) | Ray GPU usage: 1.9/2.0 (95.0%)
2025-12-27 02:32:13,664 - __main__ - INFO - ⏰ 528s | Server: running (CPU) | Clients: 50 nodes (fractional GPU) | Ray GPU usage: 1.9/2.0 (95.0%)
2025-12-27 02:32:18,679 - __main__ - INFO - ⏰ 533s | Server: running (CPU) | Clients: 50 nodes (fractional GPU) | Ray GPU usage: 1.9/2.0 (95.0%)
2025-12-27 02:32:23,693 - __main__ - INFO - ⏰ 538s | Server: running (CPU) | Clients: 50 nodes (fractional GPU) | Ray GPU usage: 1.9/2.0 (95.0%)
2025-12-27 02:32:28,708 - __main__ - INFO - ⏰ 543s | Server: running (CPU) | Clients: 50 nodes (fractional GPU) | Ray GPU usage: 1.9/2.0 (95.0%)
2025-12-27 02:32:33,723 - __main__ - INFO - ⏰ 548s | Server: running (CPU) | Clients: 50 nodes (fractional GPU) | Ray GPU usage: 1.9/2.0 (95.0%)
2025-12-27 02:32:38,737 - __main__ - INFO - ⏰ 553s | Server: running (CPU) | Clients: 50 nodes (fractional GPU) | Ray GPU usage: 1.9/2.0 (95.0%)
2025-12-27 02:32:43,750 - __main__ - INFO - ⏰ 558s | Server: running (CPU) | Clients: 50 nodes (fractional GPU) | Ray GPU usage: 1.9/2.0 (95.0%)
2025-12-27 02:32:48,764 - __main__ - INFO - ⏰ 563s | Server: running (CPU) | Clients: 50 nodes (fractional GPU) | Ray GPU usage: 1.9/2.0 (95.0%)
2025-12-27 02:32:53,779 - __main__ - INFO - ⏰ 568s | Server: running (CPU) | Clients: 50 nodes (fractional GPU) | Ray GPU usage: 1.9/2.0 (95.0%)
2025-12-27 02:32:58,793 - __main__ - INFO - ⏰ 573s | Server: running (CPU) | Clients: 50 nodes (fractional GPU) | Ray GPU usage: 1.9/2.0 (95.0%)
2025-12-27 02:33:03,808 - __main__ - INFO - ⏰ 578s | Server: running (CPU) | Clients: 50 nodes (fractional GPU) | Ray GPU usage: 1.9/2.0 (95.0%)
2025-12-27 02:33:08,823 - __main__ - INFO - ⏰ 583s | Server: running (CPU) | Clients: 50 nodes (fractional GPU) | Ray GPU usage: 1.9/2.0 (95.0%)
2025-12-27 02:33:13,838 - __main__ - INFO - ⏰ 588s | Server: running (CPU) | Clients: 50 nodes (fractional GPU) | Ray GPU usage: 1.9/2.0 (95.0%)
2025-12-27 02:33:18,852 - __main__ - INFO - ⏰ 593s | Server: running (CPU) | Clients: 50 nodes (fractional GPU) | Ray GPU usage: 1.9/2.0 (95.0%)
2025-12-27 02:33:23,867 - __main__ - INFO - ⏰ 598s | Server: running (CPU) | Clients: 50 nodes (fractional GPU) | Ray GPU usage: 1.9/2.0 (95.0%)
2025-12-27 02:33:28,882 - __main__ - INFO - ⏰ 603s | Server: running (CPU) | Clients: 50 nodes (fractional GPU) | Ray GPU usage: 1.9/2.0 (95.0%)
2025-12-27 02:33:33,893 - __main__ - INFO - ⏰ 608s | Server: running (CPU) | Clients: 50 nodes (fractional GPU) | Ray GPU usage: 1.9/2.0 (95.0%)
srun: Job step aborted: Waiting up to 32 seconds for job step to finish.
slurmstepd-srv-it-node03: error: *** STEP 643.0 ON srv-it-node03 CANCELLED AT 2025-12-27T02:33:37 ***
slurmstepd-srv-it-node03: error: *** JOB 643 ON srv-it-node03 CANCELLED AT 2025-12-27T02:33:37 ***
