2025-12-25 03:17:50,746 - __main__ - INFO - ðŸš€ Start Ray V2 federated learning
2025-12-25 03:17:50,747 - __main__ - INFO - ðŸ“Š Configuration: 50 clients, 100 rounds training, total nodes: 51
2025-12-25 03:17:50,747 - __main__ - INFO - ðŸ§¹ Clean environment...
2025-12-25 03:17:52,037 - __main__ - INFO - âœ… Environment cleanup completed
2025-12-25 03:17:52,037 - __main__ - INFO - ðŸš€ Applying host network optimizations for ultra-high concurrency...
2025-12-25 03:17:52,152 - __main__ - WARNING - âš ï¸  22 network optimizations could not be applied (may need sudo access)
2025-12-25 03:17:52,152 - __main__ - WARNING - âš ï¸  No host network optimizations applied! High-concurrency FL may experience issues.
2025-12-25 03:17:52,152 - __main__ - WARNING -    Consider running with sudo or contacting HPC admin to apply these settings.
2025-12-25 03:17:52,153 - __main__ - INFO - ðŸ¦­ Initializing Podman rootless environment...
2025-12-25 03:17:52,156 - __main__ - WARNING - âš ï¸  Podman unavailable, trying Docker...
2025-12-25 03:17:52,156 - __main__ - INFO - ðŸ“¦ Using non-container mode (Fallback)
2025-12-25 03:17:54,160 - __main__ - INFO - ðŸ” Found available port for Ray dashboard: 8265
2025-12-25 03:17:56,818	INFO worker.py:1998 -- Started a local Ray instance. View the dashboard at [1m[32m10.0.0.2:8265 [39m[22m
/home/naicheng_li/.conda/envs/flv2/lib/python3.10/site-packages/ray/_private/worker.py:2046: FutureWarning: Tip: In future versions of Ray, Ray will no longer override accelerator visible devices env var if num_gpus=0 or num_gpus=None (default). To enable this behavior and turn off this error message, set RAY_ACCEL_ENV_VAR_OVERRIDE_ON_ZERO=0
  warnings.warn(
2025-12-25 03:17:57,845 - __main__ - INFO - ðŸš€ Ray cluster initialization completed:
2025-12-25 03:17:57,845 - __main__ - INFO -    ðŸ“Š Resources: {'memory': 376040494080.0, 'CPU': 64.0, 'GPU': 4.0, 'object_store_memory': 145967201280.0, 'node:10.0.0.2': 1.0, 'node:__internal_head__': 1.0, 'accelerator_type:A100': 1.0}
2025-12-25 03:17:57,845 - __main__ - INFO -    ðŸŒ Dashboard: http://127.0.0.1:8265
2025-12-25 03:17:57,845 - __main__ - INFO - ðŸŒ Ray Cluster Topology:
2025-12-25 03:17:57,845 - __main__ - INFO -    ðŸ“ Head node: 0b7d6b6f549e... (Server will run here)
2025-12-25 03:17:57,846 - __main__ - WARNING -    âš ï¸ No worker nodes found! Clients will run on head node (not recommended)
2025-12-25 03:17:57,846 - __main__ - INFO - ðŸŽ® Detected GPU type on node 0b7d6b6f549e...: A100 -> 40.0GB per GPU
2025-12-25 03:17:57,846 - __main__ - INFO - ðŸ“ Head node (0b7d6b6f549e...): 4.0 GPUs, 160.0GB total memory
2025-12-25 03:17:57,846 - __main__ - INFO - ðŸ“Š Total GPU memory across all nodes: 160.0GB
2025-12-25 03:17:57,846 - __main__ - INFO - ðŸ“Š Memory per client: 3.0GB â†’ Max capacity: 53 clients
2025-12-25 03:17:57,846 - __main__ - INFO -    Node 0b7d6b6f549e...: 50 clients (160.0GB / 50 = 3.2GB/client)
2025-12-25 03:17:57,847 - __main__ - INFO -    Node 0b7d6b6f549e...: 4.0 GPU, 50 clients, max 13 clients/GPU -> 0.0731 GPU/client
2025-12-25 03:17:57,847 - __main__ - INFO - ðŸŽ¯ GPU allocation summary: {'total_available_gpus': 4.0, 'total_allocated_gpus': 3.655, 'utilization_rate': '91.38%', 'server': 'CPU only', 'per_node_allocation': {'0b7d6b6f549e': {'count': 50, 'total_gpu': 3.6550000000000025}}, 'gpu_clients': 50, 'cpu_clients': 0}
2025-12-25 03:17:57,847 - __main__ - INFO - ðŸ“‹ Client distribution: 50 GPU clients, 0 CPU clients
2025-12-25 03:17:57,847 - __main__ - INFO - ðŸ“ Server scheduled to head node: 0b7d6b6f549e...
2025-12-25 03:17:57,945 - __main__ - INFO - ðŸ“¦ Using Fallback (no container) for Server
2025-12-25 03:17:58,022 - __main__ - INFO - âœ… Server started: 10.0.0.2:55655
2025-12-25 03:18:13,024 - __main__ - INFO - ðŸ“± Edge device distribution: {'smartphone': 50}
2025-12-25 03:18:13,024 - __main__ - INFO - ðŸ“Š Client distribution plan:
2025-12-25 03:18:13,025 - __main__ - INFO -    Client 1 -> head (0b7d6b6f549e...), Node CPUs: 64.0, Clients on node: 50
2025-12-25 03:18:13,025 - __main__ - INFO -    Client 2 -> head (0b7d6b6f549e...), Node CPUs: 64.0, Clients on node: 50
2025-12-25 03:18:13,026 - __main__ - INFO -    Client 3 -> head (0b7d6b6f549e...), Node CPUs: 64.0, Clients on node: 50
2025-12-25 03:18:13,026 - __main__ - INFO -    Client 4 -> head (0b7d6b6f549e...), Node CPUs: 64.0, Clients on node: 50
2025-12-25 03:18:13,027 - __main__ - INFO -    Client 5 -> head (0b7d6b6f549e...), Node CPUs: 64.0, Clients on node: 50
2025-12-25 03:18:13,027 - __main__ - INFO -    Client 6 -> head (0b7d6b6f549e...), Node CPUs: 64.0, Clients on node: 50
2025-12-25 03:18:13,028 - __main__ - INFO -    Client 7 -> head (0b7d6b6f549e...), Node CPUs: 64.0, Clients on node: 50
2025-12-25 03:18:13,028 - __main__ - INFO -    Client 8 -> head (0b7d6b6f549e...), Node CPUs: 64.0, Clients on node: 50
2025-12-25 03:18:13,028 - __main__ - INFO -    Client 9 -> head (0b7d6b6f549e...), Node CPUs: 64.0, Clients on node: 50
2025-12-25 03:18:13,029 - __main__ - INFO -    Client 10 -> head (0b7d6b6f549e...), Node CPUs: 64.0, Clients on node: 50
2025-12-25 03:18:13,029 - __main__ - INFO -    Client 11 -> head (0b7d6b6f549e...), Node CPUs: 64.0, Clients on node: 50
2025-12-25 03:18:13,029 - __main__ - INFO -    Client 12 -> head (0b7d6b6f549e...), Node CPUs: 64.0, Clients on node: 50
2025-12-25 03:18:13,030 - __main__ - INFO -    Client 13 -> head (0b7d6b6f549e...), Node CPUs: 64.0, Clients on node: 50
2025-12-25 03:18:13,030 - __main__ - INFO -    Client 14 -> head (0b7d6b6f549e...), Node CPUs: 64.0, Clients on node: 50
2025-12-25 03:18:13,030 - __main__ - INFO -    Client 15 -> head (0b7d6b6f549e...), Node CPUs: 64.0, Clients on node: 50
2025-12-25 03:18:13,031 - __main__ - INFO -    Client 16 -> head (0b7d6b6f549e...), Node CPUs: 64.0, Clients on node: 50
2025-12-25 03:18:13,031 - __main__ - INFO -    Client 17 -> head (0b7d6b6f549e...), Node CPUs: 64.0, Clients on node: 50
2025-12-25 03:18:13,032 - __main__ - INFO -    Client 18 -> head (0b7d6b6f549e...), Node CPUs: 64.0, Clients on node: 50
2025-12-25 03:18:13,032 - __main__ - INFO -    Client 19 -> head (0b7d6b6f549e...), Node CPUs: 64.0, Clients on node: 50
2025-12-25 03:18:13,032 - __main__ - INFO -    Client 20 -> head (0b7d6b6f549e...), Node CPUs: 64.0, Clients on node: 50
2025-12-25 03:18:13,033 - __main__ - INFO -    Client 21 -> head (0b7d6b6f549e...), Node CPUs: 64.0, Clients on node: 50
2025-12-25 03:18:13,033 - __main__ - INFO -    Client 22 -> head (0b7d6b6f549e...), Node CPUs: 64.0, Clients on node: 50
2025-12-25 03:18:13,033 - __main__ - INFO -    Client 23 -> head (0b7d6b6f549e...), Node CPUs: 64.0, Clients on node: 50
2025-12-25 03:18:13,034 - __main__ - INFO -    Client 24 -> head (0b7d6b6f549e...), Node CPUs: 64.0, Clients on node: 50
2025-12-25 03:18:13,034 - __main__ - INFO -    Client 25 -> head (0b7d6b6f549e...), Node CPUs: 64.0, Clients on node: 50
2025-12-25 03:18:13,034 - __main__ - INFO -    Client 26 -> head (0b7d6b6f549e...), Node CPUs: 64.0, Clients on node: 50
2025-12-25 03:18:13,035 - __main__ - INFO -    Client 27 -> head (0b7d6b6f549e...), Node CPUs: 64.0, Clients on node: 50
2025-12-25 03:18:13,035 - __main__ - INFO -    Client 28 -> head (0b7d6b6f549e...), Node CPUs: 64.0, Clients on node: 50
2025-12-25 03:18:13,035 - __main__ - INFO -    Client 29 -> head (0b7d6b6f549e...), Node CPUs: 64.0, Clients on node: 50
2025-12-25 03:18:13,036 - __main__ - INFO -    Client 30 -> head (0b7d6b6f549e...), Node CPUs: 64.0, Clients on node: 50
2025-12-25 03:18:13,036 - __main__ - INFO -    Client 31 -> head (0b7d6b6f549e...), Node CPUs: 64.0, Clients on node: 50
2025-12-25 03:18:13,037 - __main__ - INFO -    Client 32 -> head (0b7d6b6f549e...), Node CPUs: 64.0, Clients on node: 50
2025-12-25 03:18:13,037 - __main__ - INFO -    Client 33 -> head (0b7d6b6f549e...), Node CPUs: 64.0, Clients on node: 50
2025-12-25 03:18:13,037 - __main__ - INFO -    Client 34 -> head (0b7d6b6f549e...), Node CPUs: 64.0, Clients on node: 50
2025-12-25 03:18:13,038 - __main__ - INFO -    Client 35 -> head (0b7d6b6f549e...), Node CPUs: 64.0, Clients on node: 50
2025-12-25 03:18:13,038 - __main__ - INFO -    Client 36 -> head (0b7d6b6f549e...), Node CPUs: 64.0, Clients on node: 50
2025-12-25 03:18:13,038 - __main__ - INFO -    Client 37 -> head (0b7d6b6f549e...), Node CPUs: 64.0, Clients on node: 50
2025-12-25 03:18:13,039 - __main__ - INFO -    Client 38 -> head (0b7d6b6f549e...), Node CPUs: 64.0, Clients on node: 50
2025-12-25 03:18:13,039 - __main__ - INFO -    Client 39 -> head (0b7d6b6f549e...), Node CPUs: 64.0, Clients on node: 50
2025-12-25 03:18:13,039 - __main__ - INFO -    Client 40 -> head (0b7d6b6f549e...), Node CPUs: 64.0, Clients on node: 50
2025-12-25 03:18:13,040 - __main__ - INFO -    Client 41 -> head (0b7d6b6f549e...), Node CPUs: 64.0, Clients on node: 50
2025-12-25 03:18:13,040 - __main__ - INFO -    Client 42 -> head (0b7d6b6f549e...), Node CPUs: 64.0, Clients on node: 50
2025-12-25 03:18:13,040 - __main__ - INFO -    Client 43 -> head (0b7d6b6f549e...), Node CPUs: 64.0, Clients on node: 50
2025-12-25 03:18:13,041 - __main__ - INFO -    Client 44 -> head (0b7d6b6f549e...), Node CPUs: 64.0, Clients on node: 50
2025-12-25 03:18:13,041 - __main__ - INFO -    Client 45 -> head (0b7d6b6f549e...), Node CPUs: 64.0, Clients on node: 50
2025-12-25 03:18:13,041 - __main__ - INFO -    Client 46 -> head (0b7d6b6f549e...), Node CPUs: 64.0, Clients on node: 50
2025-12-25 03:18:13,042 - __main__ - INFO -    Client 47 -> head (0b7d6b6f549e...), Node CPUs: 64.0, Clients on node: 50
2025-12-25 03:18:13,042 - __main__ - INFO -    Client 48 -> head (0b7d6b6f549e...), Node CPUs: 64.0, Clients on node: 50
2025-12-25 03:18:13,042 - __main__ - INFO -    Client 49 -> head (0b7d6b6f549e...), Node CPUs: 64.0, Clients on node: 50
2025-12-25 03:18:13,043 - __main__ - INFO -    Client 50 -> head (0b7d6b6f549e...), Node CPUs: 64.0, Clients on node: 50
2025-12-25 03:18:13,043 - __main__ - INFO - ðŸ”§ Client 1 resources: num_cpus=1.1120, num_gpus=0.0731, memory=2.00GB
2025-12-25 03:18:13,132 - __main__ - INFO - âœ… Client 1 (smartphone) started on head node (0b7d6b6f549e...)
2025-12-25 03:18:16,135 - __main__ - INFO - ðŸ”§ Client 2 resources: num_cpus=1.1120, num_gpus=0.0731, memory=2.00GB
2025-12-25 03:18:16,214 - __main__ - INFO - âœ… Client 2 (smartphone) started on head node (0b7d6b6f549e...)
slurmstepd-srv-it-node02: error: *** JOB 535 ON srv-it-node02 CANCELLED AT 2025-12-25T03:18:16 ***
