2025-12-21 04:12:39,832 - __main__ - INFO - ðŸš€ Start Ray V2 federated learning
2025-12-21 04:12:39,832 - __main__ - INFO - ðŸ“Š Configuration: 50 clients, 100 rounds training, total nodes: 51
2025-12-21 04:12:39,832 - __main__ - INFO - ðŸ§¹ Clean environment...
2025-12-21 04:12:40,942 - __main__ - INFO - âœ… Environment cleanup completed
2025-12-21 04:12:40,945 - __main__ - WARNING - âš ï¸  Docker unavailable, switch to non-container mode
2025-12-21 04:12:40,966	INFO worker.py:1821 -- Connecting to existing Ray cluster at address: 10.0.0.2:6379...
2025-12-21 04:12:40,978	INFO worker.py:1998 -- Connected to Ray cluster. View the dashboard at [1m[32m10.0.0.2:8265 [39m[22m
/home/naicheng_li/.conda/envs/flv2/lib/python3.10/site-packages/ray/_private/worker.py:2046: FutureWarning: Tip: In future versions of Ray, Ray will no longer override accelerator visible devices env var if num_gpus=0 or num_gpus=None (default). To enable this behavior and turn off this error message, set RAY_ACCEL_ENV_VAR_OVERRIDE_ON_ZERO=0
  warnings.warn(
2025-12-21 04:12:42,104 - __main__ - INFO - ðŸš€ Connected to external Ray cluster: 10.0.0.2:6379
2025-12-21 04:12:42,104 - __main__ - INFO -    ðŸ“Š Resources: {'node:__internal_head__': 1.0, 'node:10.0.0.2': 1.0, 'memory': 549514729882.0, 'object_store_memory': 235506312806.0, 'CPU': 128.0, 'accelerator_type:A100': 1.0, 'GPU': 6.0, 'node:10.0.0.1': 1.0, 'accelerator_type:L4': 1.0}
2025-12-21 04:12:42,104 - __main__ - INFO - ðŸŒ Ray Cluster Topology:
2025-12-21 04:12:42,104 - __main__ - INFO -    ðŸ“ Head node: 28a4676173e9... (Server will run here)
2025-12-21 04:12:42,104 - __main__ - INFO -    ðŸ“ Worker nodes: 1 available
2025-12-21 04:12:42,104 - __main__ - INFO -       Worker 1: 0554a0d29885...
2025-12-21 04:12:42,105 - __main__ - INFO - ðŸ“ Head node (28a4676173e9...): 4.0 GPUs
2025-12-21 04:12:42,105 - __main__ - INFO - ðŸ“ Worker node (0554a0d29885...): 2.0 GPUs
2025-12-21 04:12:42,105 - __main__ - INFO - ðŸ“Š Total GPUs across all nodes: 6.0
2025-12-21 04:12:42,105 - __main__ - INFO -    Node 28a4676173e9...: 33 clients (based on 4.0 GPUs)
2025-12-21 04:12:42,105 - __main__ - INFO -    Node 0554a0d29885...: 17 clients (based on 2.0 GPUs)
2025-12-21 04:12:42,106 - __main__ - INFO -    Node 28a4676173e9...: 4.0 GPU, 33 clients -> max 0.1152 GPU/client
2025-12-21 04:12:42,106 - __main__ - INFO -    Node 0554a0d29885...: 2.0 GPU, 17 clients -> max 0.1118 GPU/client
2025-12-21 04:12:42,106 - __main__ - INFO - ðŸŽ¯ GPU allocation summary: {'total_available_gpus': 6.0, 'total_allocated_gpus': 5.7022, 'utilization_rate': '95.04%', 'server': 'CPU only', 'per_node_allocation': {'28a4676173e9': {'count': 33, 'total_gpu': 3.8016000000000028}, '0554a0d29885': {'count': 17, 'total_gpu': 1.9005999999999992}}, 'gpu_clients': 50, 'cpu_clients': 0}
2025-12-21 04:12:42,106 - __main__ - INFO - ðŸ“‹ Client distribution: 50 GPU clients, 0 CPU clients
2025-12-21 04:12:44,132 - __main__ - INFO - ðŸ“ Server scheduled to head node: 28a4676173e9...
2025-12-21 04:12:44,291 - __main__ - INFO - âœ… Server started: 10.0.0.2:50155
2025-12-21 04:12:59,302 - __main__ - INFO - ðŸ“± Edge device distribution: {'smartphone': 50}
2025-12-21 04:12:59,302 - __main__ - INFO - ðŸ“Š Client distribution plan:
2025-12-21 04:12:59,303 - __main__ - INFO -    Client 1 -> head (28a4676173e9...), Node CPUs: 64.0, Clients on node: 33
2025-12-21 04:12:59,304 - __main__ - INFO -    Client 2 -> head (28a4676173e9...), Node CPUs: 64.0, Clients on node: 33
2025-12-21 04:12:59,304 - __main__ - INFO -    Client 3 -> head (28a4676173e9...), Node CPUs: 64.0, Clients on node: 33
2025-12-21 04:12:59,305 - __main__ - INFO -    Client 4 -> head (28a4676173e9...), Node CPUs: 64.0, Clients on node: 33
2025-12-21 04:12:59,305 - __main__ - INFO -    Client 5 -> head (28a4676173e9...), Node CPUs: 64.0, Clients on node: 33
2025-12-21 04:12:59,306 - __main__ - INFO -    Client 6 -> head (28a4676173e9...), Node CPUs: 64.0, Clients on node: 33
2025-12-21 04:12:59,306 - __main__ - INFO -    Client 7 -> head (28a4676173e9...), Node CPUs: 64.0, Clients on node: 33
2025-12-21 04:12:59,307 - __main__ - INFO -    Client 8 -> head (28a4676173e9...), Node CPUs: 64.0, Clients on node: 33
2025-12-21 04:12:59,307 - __main__ - INFO -    Client 9 -> head (28a4676173e9...), Node CPUs: 64.0, Clients on node: 33
2025-12-21 04:12:59,308 - __main__ - INFO -    Client 10 -> head (28a4676173e9...), Node CPUs: 64.0, Clients on node: 33
2025-12-21 04:12:59,308 - __main__ - INFO -    Client 11 -> head (28a4676173e9...), Node CPUs: 64.0, Clients on node: 33
2025-12-21 04:12:59,308 - __main__ - INFO -    Client 12 -> head (28a4676173e9...), Node CPUs: 64.0, Clients on node: 33
2025-12-21 04:12:59,309 - __main__ - INFO -    Client 13 -> head (28a4676173e9...), Node CPUs: 64.0, Clients on node: 33
2025-12-21 04:12:59,309 - __main__ - INFO -    Client 14 -> head (28a4676173e9...), Node CPUs: 64.0, Clients on node: 33
2025-12-21 04:12:59,310 - __main__ - INFO -    Client 15 -> head (28a4676173e9...), Node CPUs: 64.0, Clients on node: 33
2025-12-21 04:12:59,310 - __main__ - INFO -    Client 16 -> head (28a4676173e9...), Node CPUs: 64.0, Clients on node: 33
2025-12-21 04:12:59,311 - __main__ - INFO -    Client 17 -> head (28a4676173e9...), Node CPUs: 64.0, Clients on node: 33
2025-12-21 04:12:59,311 - __main__ - INFO -    Client 18 -> head (28a4676173e9...), Node CPUs: 64.0, Clients on node: 33
2025-12-21 04:12:59,311 - __main__ - INFO -    Client 19 -> head (28a4676173e9...), Node CPUs: 64.0, Clients on node: 33
2025-12-21 04:12:59,312 - __main__ - INFO -    Client 20 -> head (28a4676173e9...), Node CPUs: 64.0, Clients on node: 33
2025-12-21 04:12:59,312 - __main__ - INFO -    Client 21 -> head (28a4676173e9...), Node CPUs: 64.0, Clients on node: 33
2025-12-21 04:12:59,313 - __main__ - INFO -    Client 22 -> head (28a4676173e9...), Node CPUs: 64.0, Clients on node: 33
2025-12-21 04:12:59,313 - __main__ - INFO -    Client 23 -> head (28a4676173e9...), Node CPUs: 64.0, Clients on node: 33
2025-12-21 04:12:59,314 - __main__ - INFO -    Client 24 -> head (28a4676173e9...), Node CPUs: 64.0, Clients on node: 33
2025-12-21 04:12:59,314 - __main__ - INFO -    Client 25 -> head (28a4676173e9...), Node CPUs: 64.0, Clients on node: 33
2025-12-21 04:12:59,314 - __main__ - INFO -    Client 26 -> head (28a4676173e9...), Node CPUs: 64.0, Clients on node: 33
2025-12-21 04:12:59,315 - __main__ - INFO -    Client 27 -> head (28a4676173e9...), Node CPUs: 64.0, Clients on node: 33
2025-12-21 04:12:59,315 - __main__ - INFO -    Client 28 -> head (28a4676173e9...), Node CPUs: 64.0, Clients on node: 33
2025-12-21 04:12:59,316 - __main__ - INFO -    Client 29 -> head (28a4676173e9...), Node CPUs: 64.0, Clients on node: 33
2025-12-21 04:12:59,316 - __main__ - INFO -    Client 30 -> head (28a4676173e9...), Node CPUs: 64.0, Clients on node: 33
2025-12-21 04:12:59,316 - __main__ - INFO -    Client 31 -> head (28a4676173e9...), Node CPUs: 64.0, Clients on node: 33
2025-12-21 04:12:59,317 - __main__ - INFO -    Client 32 -> head (28a4676173e9...), Node CPUs: 64.0, Clients on node: 33
2025-12-21 04:12:59,317 - __main__ - INFO -    Client 33 -> head (28a4676173e9...), Node CPUs: 64.0, Clients on node: 33
2025-12-21 04:12:59,318 - __main__ - INFO -    Client 34 -> worker (0554a0d29885...), Node CPUs: 64.0, Clients on node: 17
2025-12-21 04:12:59,318 - __main__ - INFO -    Client 35 -> worker (0554a0d29885...), Node CPUs: 64.0, Clients on node: 17
2025-12-21 04:12:59,318 - __main__ - INFO -    Client 36 -> worker (0554a0d29885...), Node CPUs: 64.0, Clients on node: 17
2025-12-21 04:12:59,319 - __main__ - INFO -    Client 37 -> worker (0554a0d29885...), Node CPUs: 64.0, Clients on node: 17
2025-12-21 04:12:59,319 - __main__ - INFO -    Client 38 -> worker (0554a0d29885...), Node CPUs: 64.0, Clients on node: 17
2025-12-21 04:12:59,320 - __main__ - INFO -    Client 39 -> worker (0554a0d29885...), Node CPUs: 64.0, Clients on node: 17
2025-12-21 04:12:59,320 - __main__ - INFO -    Client 40 -> worker (0554a0d29885...), Node CPUs: 64.0, Clients on node: 17
2025-12-21 04:12:59,320 - __main__ - INFO -    Client 41 -> worker (0554a0d29885...), Node CPUs: 64.0, Clients on node: 17
2025-12-21 04:12:59,321 - __main__ - INFO -    Client 42 -> worker (0554a0d29885...), Node CPUs: 64.0, Clients on node: 17
2025-12-21 04:12:59,321 - __main__ - INFO -    Client 43 -> worker (0554a0d29885...), Node CPUs: 64.0, Clients on node: 17
2025-12-21 04:12:59,322 - __main__ - INFO -    Client 44 -> worker (0554a0d29885...), Node CPUs: 64.0, Clients on node: 17
2025-12-21 04:12:59,322 - __main__ - INFO -    Client 45 -> worker (0554a0d29885...), Node CPUs: 64.0, Clients on node: 17
2025-12-21 04:12:59,322 - __main__ - INFO -    Client 46 -> worker (0554a0d29885...), Node CPUs: 64.0, Clients on node: 17
2025-12-21 04:12:59,323 - __main__ - INFO -    Client 47 -> worker (0554a0d29885...), Node CPUs: 64.0, Clients on node: 17
2025-12-21 04:12:59,323 - __main__ - INFO -    Client 48 -> worker (0554a0d29885...), Node CPUs: 64.0, Clients on node: 17
2025-12-21 04:12:59,324 - __main__ - INFO -    Client 49 -> worker (0554a0d29885...), Node CPUs: 64.0, Clients on node: 17
2025-12-21 04:12:59,324 - __main__ - INFO -    Client 50 -> worker (0554a0d29885...), Node CPUs: 64.0, Clients on node: 17
2025-12-21 04:12:59,402 - __main__ - INFO - âœ… Client 1 (smartphone) started on head node (28a4676173e9...)
2025-12-21 04:13:02,478 - __main__ - INFO - âœ… Client 2 (smartphone) started on head node (28a4676173e9...)
2025-12-21 04:13:05,578 - __main__ - INFO - âœ… Client 3 (smartphone) started on head node (28a4676173e9...)
2025-12-21 04:13:08,651 - __main__ - INFO - âœ… Client 4 (smartphone) started on head node (28a4676173e9...)
2025-12-21 04:13:11,723 - __main__ - INFO - âœ… Client 5 (smartphone) started on head node (28a4676173e9...)
2025-12-21 04:13:14,801 - __main__ - INFO - âœ… Client 6 (smartphone) started on head node (28a4676173e9...)
2025-12-21 04:13:17,892 - __main__ - INFO - âœ… Client 7 (smartphone) started on head node (28a4676173e9...)
2025-12-21 04:13:20,978 - __main__ - INFO - âœ… Client 8 (smartphone) started on head node (28a4676173e9...)
2025-12-21 04:13:24,061 - __main__ - INFO - âœ… Client 9 (smartphone) started on head node (28a4676173e9...)
2025-12-21 04:13:27,145 - __main__ - INFO - âœ… Client 10 (smartphone) started on head node (28a4676173e9...)
2025-12-21 04:13:30,216 - __main__ - INFO - âœ… Client 11 (smartphone) started on head node (28a4676173e9...)
2025-12-21 04:13:33,284 - __main__ - INFO - âœ… Client 12 (smartphone) started on head node (28a4676173e9...)
2025-12-21 04:13:36,355 - __main__ - INFO - âœ… Client 13 (smartphone) started on head node (28a4676173e9...)
2025-12-21 04:13:39,425 - __main__ - INFO - âœ… Client 14 (smartphone) started on head node (28a4676173e9...)
2025-12-21 04:13:42,512 - __main__ - INFO - âœ… Client 15 (smartphone) started on head node (28a4676173e9...)
2025-12-21 04:13:45,585 - __main__ - INFO - âœ… Client 16 (smartphone) started on head node (28a4676173e9...)
2025-12-21 04:13:48,660 - __main__ - INFO - âœ… Client 17 (smartphone) started on head node (28a4676173e9...)
2025-12-21 04:13:51,739 - __main__ - INFO - âœ… Client 18 (smartphone) started on head node (28a4676173e9...)
2025-12-21 04:13:54,818 - __main__ - INFO - âœ… Client 19 (smartphone) started on head node (28a4676173e9...)
2025-12-21 04:13:57,894 - __main__ - INFO - âœ… Client 20 (smartphone) started on head node (28a4676173e9...)
2025-12-21 04:14:00,973 - __main__ - INFO - âœ… Client 21 (smartphone) started on head node (28a4676173e9...)
2025-12-21 04:14:04,051 - __main__ - INFO - âœ… Client 22 (smartphone) started on head node (28a4676173e9...)
2025-12-21 04:14:07,135 - __main__ - INFO - âœ… Client 23 (smartphone) started on head node (28a4676173e9...)
2025-12-21 04:14:10,208 - __main__ - INFO - âœ… Client 24 (smartphone) started on head node (28a4676173e9...)
2025-12-21 04:14:13,290 - __main__ - INFO - âœ… Client 25 (smartphone) started on head node (28a4676173e9...)
2025-12-21 04:14:16,375 - __main__ - INFO - âœ… Client 26 (smartphone) started on head node (28a4676173e9...)
2025-12-21 04:14:19,451 - __main__ - INFO - âœ… Client 27 (smartphone) started on head node (28a4676173e9...)
2025-12-21 04:14:22,527 - __main__ - INFO - âœ… Client 28 (smartphone) started on head node (28a4676173e9...)
2025-12-21 04:14:25,613 - __main__ - INFO - âœ… Client 29 (smartphone) started on head node (28a4676173e9...)
2025-12-21 04:14:28,699 - __main__ - INFO - âœ… Client 30 (smartphone) started on head node (28a4676173e9...)
2025-12-21 04:14:31,783 - __main__ - INFO - âœ… Client 31 (smartphone) started on head node (28a4676173e9...)
2025-12-21 04:14:34,861 - __main__ - INFO - âœ… Client 32 (smartphone) started on head node (28a4676173e9...)
srun: Job step aborted: Waiting up to 32 seconds for job step to finish.
srun: Job step aborted: Waiting up to 32 seconds for job step to finish.
slurmstepd-srv-it-node01: error: *** STEP 429.1 ON srv-it-node01 CANCELLED AT 2025-12-21T04:16:42 ***
slurmstepd-srv-it-node02: error: *** STEP 428.0 ON srv-it-node02 CANCELLED AT 2025-12-21T04:16:42 ***
slurmstepd-srv-it-node02: error: *** JOB 428 ON srv-it-node02 CANCELLED AT 2025-12-21T04:16:42 ***
