2025-12-26 21:14:11,835 - __main__ - INFO - 🚀 Start Ray V2 federated learning
2025-12-26 21:14:11,835 - __main__ - INFO - 📊 Configuration: 50 clients, 100 rounds training, total nodes: 51
2025-12-26 21:14:11,835 - __main__ - INFO - 🧹 Clean environment...
2025-12-26 21:14:18,277 - __main__ - INFO - 🗑️  Cleaned tmpfs chunk directory: /tmp/fl_chunks
2025-12-26 21:14:19,062 - __main__ - DEBUG - 🗑️  Cleaned mount directory (simple): /home/naicheng_li/FLTorrent/docker_data/tmp
2025-12-26 21:14:19,066 - __main__ - DEBUG - 🗑️  Cleaned mount directory (simple): /home/naicheng_li/FLTorrent/docker_data/app_tmp
2025-12-26 21:14:20,075 - __main__ - INFO - ✅ Environment cleanup completed
2025-12-26 21:14:20,075 - __main__ - INFO - 🚀 Applying host network optimizations for ultra-high concurrency...
2025-12-26 21:14:20,181 - __main__ - WARNING - ⚠️  22 network optimizations could not be applied (may need sudo access)
2025-12-26 21:14:20,181 - __main__ - DEBUG -    Failed: net.core.somaxconn - sudo: you do not exist in the passwd database
2025-12-26 21:14:20,181 - __main__ - DEBUG -    Failed: net.core.netdev_max_backlog - sudo: you do not exist in the passwd database
2025-12-26 21:14:20,181 - __main__ - DEBUG -    Failed: net.core.rmem_default - sudo: you do not exist in the passwd database
2025-12-26 21:14:20,181 - __main__ - WARNING - ⚠️  No host network optimizations applied! High-concurrency FL may experience issues.
2025-12-26 21:14:20,181 - __main__ - WARNING -    Consider running with sudo or contacting HPC admin to apply these settings.
2025-12-26 21:14:20,182 - __main__ - INFO - 🦭 Initializing Podman rootless environment...
2025-12-26 21:14:20,185 - __main__ - WARNING - ⚠️  Podman unavailable, trying Docker...
2025-12-26 21:14:20,185 - __main__ - INFO - 📦 Using non-container mode (Fallback)
2025-12-26 21:14:22,176 - __main__ - INFO - 🔍 Found available port for Ray dashboard: 8265
2025-12-26 21:14:22,257 - filelock - DEBUG - Attempting to acquire lock 140715899957360 on /home/naicheng_li/ray/session_2025-12-26_21-14-22_250412_2658676/node_ip_address.json.lock
2025-12-26 21:14:22,260 - filelock - DEBUG - Lock 140715899957360 acquired on /home/naicheng_li/ray/session_2025-12-26_21-14-22_250412_2658676/node_ip_address.json.lock
2025-12-26 21:14:22,263 - filelock - DEBUG - Attempting to release lock 140715899957360 on /home/naicheng_li/ray/session_2025-12-26_21-14-22_250412_2658676/node_ip_address.json.lock
2025-12-26 21:14:22,263 - filelock - DEBUG - Lock 140715899957360 released on /home/naicheng_li/ray/session_2025-12-26_21-14-22_250412_2658676/node_ip_address.json.lock
2025-12-26 21:14:22,265 - filelock - DEBUG - Attempting to acquire lock 140715899953568 on /home/naicheng_li/ray/session_2025-12-26_21-14-22_250412_2658676/ports_by_node.json.lock
2025-12-26 21:14:22,266 - filelock - DEBUG - Lock 140715899953568 acquired on /home/naicheng_li/ray/session_2025-12-26_21-14-22_250412_2658676/ports_by_node.json.lock
2025-12-26 21:14:22,268 - filelock - DEBUG - Attempting to release lock 140715899953568 on /home/naicheng_li/ray/session_2025-12-26_21-14-22_250412_2658676/ports_by_node.json.lock
2025-12-26 21:14:22,268 - filelock - DEBUG - Lock 140715899953568 released on /home/naicheng_li/ray/session_2025-12-26_21-14-22_250412_2658676/ports_by_node.json.lock
2025-12-26 21:14:22,268 - filelock - DEBUG - Attempting to acquire lock 140715899956016 on /home/naicheng_li/ray/session_2025-12-26_21-14-22_250412_2658676/ports_by_node.json.lock
2025-12-26 21:14:22,269 - filelock - DEBUG - Lock 140715899956016 acquired on /home/naicheng_li/ray/session_2025-12-26_21-14-22_250412_2658676/ports_by_node.json.lock
2025-12-26 21:14:22,271 - filelock - DEBUG - Attempting to release lock 140715899956016 on /home/naicheng_li/ray/session_2025-12-26_21-14-22_250412_2658676/ports_by_node.json.lock
2025-12-26 21:14:22,271 - filelock - DEBUG - Lock 140715899956016 released on /home/naicheng_li/ray/session_2025-12-26_21-14-22_250412_2658676/ports_by_node.json.lock
2025-12-26 21:14:22,271 - filelock - DEBUG - Attempting to acquire lock 140715899957216 on /home/naicheng_li/ray/session_2025-12-26_21-14-22_250412_2658676/ports_by_node.json.lock
2025-12-26 21:14:22,272 - filelock - DEBUG - Lock 140715899957216 acquired on /home/naicheng_li/ray/session_2025-12-26_21-14-22_250412_2658676/ports_by_node.json.lock
2025-12-26 21:14:22,273 - filelock - DEBUG - Attempting to release lock 140715899957216 on /home/naicheng_li/ray/session_2025-12-26_21-14-22_250412_2658676/ports_by_node.json.lock
2025-12-26 21:14:22,273 - filelock - DEBUG - Lock 140715899957216 released on /home/naicheng_li/ray/session_2025-12-26_21-14-22_250412_2658676/ports_by_node.json.lock
2025-12-26 21:14:22,273 - filelock - DEBUG - Attempting to acquire lock 140715899954864 on /home/naicheng_li/ray/session_2025-12-26_21-14-22_250412_2658676/ports_by_node.json.lock
2025-12-26 21:14:22,274 - filelock - DEBUG - Lock 140715899954864 acquired on /home/naicheng_li/ray/session_2025-12-26_21-14-22_250412_2658676/ports_by_node.json.lock
2025-12-26 21:14:22,275 - filelock - DEBUG - Attempting to release lock 140715899954864 on /home/naicheng_li/ray/session_2025-12-26_21-14-22_250412_2658676/ports_by_node.json.lock
2025-12-26 21:14:22,275 - filelock - DEBUG - Lock 140715899954864 released on /home/naicheng_li/ray/session_2025-12-26_21-14-22_250412_2658676/ports_by_node.json.lock
2025-12-26 21:14:22,275 - filelock - DEBUG - Attempting to acquire lock 140715899959856 on /home/naicheng_li/ray/session_2025-12-26_21-14-22_250412_2658676/ports_by_node.json.lock
2025-12-26 21:14:22,276 - filelock - DEBUG - Lock 140715899959856 acquired on /home/naicheng_li/ray/session_2025-12-26_21-14-22_250412_2658676/ports_by_node.json.lock
2025-12-26 21:14:22,278 - filelock - DEBUG - Attempting to release lock 140715899959856 on /home/naicheng_li/ray/session_2025-12-26_21-14-22_250412_2658676/ports_by_node.json.lock
2025-12-26 21:14:22,278 - filelock - DEBUG - Lock 140715899959856 released on /home/naicheng_li/ray/session_2025-12-26_21-14-22_250412_2658676/ports_by_node.json.lock
2025-12-26 21:14:24,812	INFO worker.py:1998 -- Started a local Ray instance. View the dashboard at [1m[32m10.0.0.2:8265 [39m[22m
/home/naicheng_li/.conda/envs/flv2/lib/python3.10/site-packages/ray/_private/worker.py:2046: FutureWarning: Tip: In future versions of Ray, Ray will no longer override accelerator visible devices env var if num_gpus=0 or num_gpus=None (default). To enable this behavior and turn off this error message, set RAY_ACCEL_ENV_VAR_OVERRIDE_ON_ZERO=0
  warnings.warn(
2025-12-26 21:14:25,790 - __main__ - INFO - 🚀 Ray cluster initialization completed:
2025-12-26 21:14:25,790 - __main__ - INFO -    📊 Resources: {'node:__internal_head__': 1.0, 'accelerator_type:A100': 1.0, 'object_store_memory': 145967201280.0, 'memory': 375676781568.0, 'CPU': 64.0, 'node:10.0.0.2': 1.0, 'GPU': 4.0}
2025-12-26 21:14:25,790 - __main__ - INFO -    🌐 Dashboard: http://127.0.0.1:8265
2025-12-26 21:14:25,791 - __main__ - DEBUG - Found node: 628cde0e750d... IP: 10.0.0.2, Resources: {'object_store_memory': 145967201280.0, 'CPU': 64.0, 'GPU': 4.0, 'memory': 375676781568.0, 'node:__internal_head__': 1.0, 'accelerator_type:A100': 1.0, 'node:10.0.0.2': 1.0}
2025-12-26 21:14:25,791 - __main__ - INFO - 🌐 Ray Cluster Topology:
2025-12-26 21:14:25,791 - __main__ - INFO -    📍 Head node: 628cde0e750d... (Server will run here)
2025-12-26 21:14:25,791 - __main__ - WARNING -    ⚠️ No worker nodes found! Clients will run on head node (not recommended)
2025-12-26 21:14:25,792 - __main__ - INFO - 🎮 Detected GPU type on node 628cde0e750d...: A100 -> 40.0GB per GPU
2025-12-26 21:14:25,792 - __main__ - INFO - 📍 Head node (628cde0e750d...): 4.0 GPUs, 160.0GB total memory
2025-12-26 21:14:25,792 - __main__ - INFO - 📊 Total GPU memory across all nodes: 160.0GB
2025-12-26 21:14:25,792 - __main__ - INFO - 📊 Memory per client: 3.0GB → Max capacity: 53 clients
2025-12-26 21:14:25,792 - __main__ - INFO -    Node 628cde0e750d...: 50 clients (160.0GB / 50 = 3.2GB/client)
2025-12-26 21:14:25,792 - __main__ - INFO -    Node 628cde0e750d...: 4.0 GPU, 50 clients, max 13 clients/GPU -> 0.0731 GPU/client
2025-12-26 21:14:25,793 - __main__ - INFO - 🎯 GPU allocation summary: {'total_available_gpus': 4.0, 'total_allocated_gpus': 3.655, 'utilization_rate': '91.38%', 'server': 'CPU only', 'per_node_allocation': {'628cde0e750d': {'count': 50, 'total_gpu': 3.6550000000000025}}, 'gpu_clients': 50, 'cpu_clients': 0}
2025-12-26 21:14:25,793 - __main__ - INFO - 📋 Client distribution: 50 GPU clients, 0 CPU clients
2025-12-26 21:14:25,793 - __main__ - INFO - 🔌 Single-node mode detected - UDS can be enabled
2025-12-26 21:14:25,793 - __main__ - INFO - 📍 Server scheduled to head node: 628cde0e750d...
2025-12-26 21:14:25,942 - __main__ - INFO - 📦 Using Fallback (no container) for Server
2025-12-26 21:14:26,015 - __main__ - INFO - ✅ Server started: unix:///tmp/federatedscope_uds/server_35573.sock:35573
2025-12-26 21:14:41,031 - __main__ - INFO - 📱 Edge device distribution: {'smartphone': 50}
2025-12-26 21:14:41,032 - __main__ - INFO - 📊 Client distribution plan:
2025-12-26 21:14:41,033 - __main__ - INFO -    Client 1 -> head (628cde0e750d...), Node CPUs: 64.0, Clients on node: 50
2025-12-26 21:14:41,033 - __main__ - INFO -    Client 2 -> head (628cde0e750d...), Node CPUs: 64.0, Clients on node: 50
2025-12-26 21:14:41,033 - __main__ - INFO -    Client 3 -> head (628cde0e750d...), Node CPUs: 64.0, Clients on node: 50
2025-12-26 21:14:41,034 - __main__ - INFO -    Client 4 -> head (628cde0e750d...), Node CPUs: 64.0, Clients on node: 50
2025-12-26 21:14:41,034 - __main__ - INFO -    Client 5 -> head (628cde0e750d...), Node CPUs: 64.0, Clients on node: 50
2025-12-26 21:14:41,035 - __main__ - INFO -    Client 6 -> head (628cde0e750d...), Node CPUs: 64.0, Clients on node: 50
2025-12-26 21:14:41,035 - __main__ - INFO -    Client 7 -> head (628cde0e750d...), Node CPUs: 64.0, Clients on node: 50
2025-12-26 21:14:41,035 - __main__ - INFO -    Client 8 -> head (628cde0e750d...), Node CPUs: 64.0, Clients on node: 50
2025-12-26 21:14:41,036 - __main__ - INFO -    Client 9 -> head (628cde0e750d...), Node CPUs: 64.0, Clients on node: 50
2025-12-26 21:14:41,036 - __main__ - INFO -    Client 10 -> head (628cde0e750d...), Node CPUs: 64.0, Clients on node: 50
2025-12-26 21:14:41,036 - __main__ - INFO -    Client 11 -> head (628cde0e750d...), Node CPUs: 64.0, Clients on node: 50
2025-12-26 21:14:41,037 - __main__ - INFO -    Client 12 -> head (628cde0e750d...), Node CPUs: 64.0, Clients on node: 50
2025-12-26 21:14:41,037 - __main__ - INFO -    Client 13 -> head (628cde0e750d...), Node CPUs: 64.0, Clients on node: 50
2025-12-26 21:14:41,037 - __main__ - INFO -    Client 14 -> head (628cde0e750d...), Node CPUs: 64.0, Clients on node: 50
2025-12-26 21:14:41,037 - __main__ - INFO -    Client 15 -> head (628cde0e750d...), Node CPUs: 64.0, Clients on node: 50
2025-12-26 21:14:41,038 - __main__ - INFO -    Client 16 -> head (628cde0e750d...), Node CPUs: 64.0, Clients on node: 50
2025-12-26 21:14:41,038 - __main__ - INFO -    Client 17 -> head (628cde0e750d...), Node CPUs: 64.0, Clients on node: 50
2025-12-26 21:14:41,038 - __main__ - INFO -    Client 18 -> head (628cde0e750d...), Node CPUs: 64.0, Clients on node: 50
2025-12-26 21:14:41,039 - __main__ - INFO -    Client 19 -> head (628cde0e750d...), Node CPUs: 64.0, Clients on node: 50
2025-12-26 21:14:41,039 - __main__ - INFO -    Client 20 -> head (628cde0e750d...), Node CPUs: 64.0, Clients on node: 50
2025-12-26 21:14:41,039 - __main__ - INFO -    Client 21 -> head (628cde0e750d...), Node CPUs: 64.0, Clients on node: 50
2025-12-26 21:14:41,040 - __main__ - INFO -    Client 22 -> head (628cde0e750d...), Node CPUs: 64.0, Clients on node: 50
2025-12-26 21:14:41,040 - __main__ - INFO -    Client 23 -> head (628cde0e750d...), Node CPUs: 64.0, Clients on node: 50
2025-12-26 21:14:41,040 - __main__ - INFO -    Client 24 -> head (628cde0e750d...), Node CPUs: 64.0, Clients on node: 50
2025-12-26 21:14:41,041 - __main__ - INFO -    Client 25 -> head (628cde0e750d...), Node CPUs: 64.0, Clients on node: 50
2025-12-26 21:14:41,041 - __main__ - INFO -    Client 26 -> head (628cde0e750d...), Node CPUs: 64.0, Clients on node: 50
2025-12-26 21:14:41,041 - __main__ - INFO -    Client 27 -> head (628cde0e750d...), Node CPUs: 64.0, Clients on node: 50
2025-12-26 21:14:41,042 - __main__ - INFO -    Client 28 -> head (628cde0e750d...), Node CPUs: 64.0, Clients on node: 50
2025-12-26 21:14:41,042 - __main__ - INFO -    Client 29 -> head (628cde0e750d...), Node CPUs: 64.0, Clients on node: 50
2025-12-26 21:14:41,042 - __main__ - INFO -    Client 30 -> head (628cde0e750d...), Node CPUs: 64.0, Clients on node: 50
2025-12-26 21:14:41,042 - __main__ - INFO -    Client 31 -> head (628cde0e750d...), Node CPUs: 64.0, Clients on node: 50
2025-12-26 21:14:41,043 - __main__ - INFO -    Client 32 -> head (628cde0e750d...), Node CPUs: 64.0, Clients on node: 50
2025-12-26 21:14:41,043 - __main__ - INFO -    Client 33 -> head (628cde0e750d...), Node CPUs: 64.0, Clients on node: 50
2025-12-26 21:14:41,043 - __main__ - INFO -    Client 34 -> head (628cde0e750d...), Node CPUs: 64.0, Clients on node: 50
2025-12-26 21:14:41,044 - __main__ - INFO -    Client 35 -> head (628cde0e750d...), Node CPUs: 64.0, Clients on node: 50
2025-12-26 21:14:41,044 - __main__ - INFO -    Client 36 -> head (628cde0e750d...), Node CPUs: 64.0, Clients on node: 50
2025-12-26 21:14:41,044 - __main__ - INFO -    Client 37 -> head (628cde0e750d...), Node CPUs: 64.0, Clients on node: 50
2025-12-26 21:14:41,045 - __main__ - INFO -    Client 38 -> head (628cde0e750d...), Node CPUs: 64.0, Clients on node: 50
2025-12-26 21:14:41,045 - __main__ - INFO -    Client 39 -> head (628cde0e750d...), Node CPUs: 64.0, Clients on node: 50
2025-12-26 21:14:41,045 - __main__ - INFO -    Client 40 -> head (628cde0e750d...), Node CPUs: 64.0, Clients on node: 50
2025-12-26 21:14:41,046 - __main__ - INFO -    Client 41 -> head (628cde0e750d...), Node CPUs: 64.0, Clients on node: 50
2025-12-26 21:14:41,046 - __main__ - INFO -    Client 42 -> head (628cde0e750d...), Node CPUs: 64.0, Clients on node: 50
2025-12-26 21:14:41,046 - __main__ - INFO -    Client 43 -> head (628cde0e750d...), Node CPUs: 64.0, Clients on node: 50
2025-12-26 21:14:41,046 - __main__ - INFO -    Client 44 -> head (628cde0e750d...), Node CPUs: 64.0, Clients on node: 50
2025-12-26 21:14:41,047 - __main__ - INFO -    Client 45 -> head (628cde0e750d...), Node CPUs: 64.0, Clients on node: 50
2025-12-26 21:14:41,047 - __main__ - INFO -    Client 46 -> head (628cde0e750d...), Node CPUs: 64.0, Clients on node: 50
2025-12-26 21:14:41,047 - __main__ - INFO -    Client 47 -> head (628cde0e750d...), Node CPUs: 64.0, Clients on node: 50
2025-12-26 21:14:41,048 - __main__ - INFO -    Client 48 -> head (628cde0e750d...), Node CPUs: 64.0, Clients on node: 50
2025-12-26 21:14:41,048 - __main__ - INFO -    Client 49 -> head (628cde0e750d...), Node CPUs: 64.0, Clients on node: 50
2025-12-26 21:14:41,048 - __main__ - INFO -    Client 50 -> head (628cde0e750d...), Node CPUs: 64.0, Clients on node: 50
2025-12-26 21:14:41,049 - __main__ - INFO - 🔧 Client 1 resources: num_cpus=1.1120, num_gpus=0.0731, memory=2.00GB
2025-12-26 21:14:41,153 - __main__ - INFO - ✅ Client 1 (smartphone) started on head node (628cde0e750d...)
2025-12-26 21:14:44,157 - __main__ - INFO - 🔧 Client 2 resources: num_cpus=1.1120, num_gpus=0.0731, memory=2.00GB
2025-12-26 21:14:44,236 - __main__ - INFO - ✅ Client 2 (smartphone) started on head node (628cde0e750d...)
2025-12-26 21:14:47,240 - __main__ - INFO - 🔧 Client 3 resources: num_cpus=1.1120, num_gpus=0.0731, memory=2.00GB
2025-12-26 21:14:47,322 - __main__ - INFO - ✅ Client 3 (smartphone) started on head node (628cde0e750d...)
2025-12-26 21:14:50,323 - __main__ - INFO - 🔧 Client 4 resources: num_cpus=1.1120, num_gpus=0.0731, memory=2.00GB
2025-12-26 21:14:50,402 - __main__ - INFO - ✅ Client 4 (smartphone) started on head node (628cde0e750d...)
2025-12-26 21:14:53,403 - __main__ - INFO - 🔧 Client 5 resources: num_cpus=1.1120, num_gpus=0.0731, memory=2.00GB
2025-12-26 21:14:53,483 - __main__ - INFO - ✅ Client 5 (smartphone) started on head node (628cde0e750d...)
2025-12-26 21:14:56,487 - __main__ - INFO - 🔧 Client 6 resources: num_cpus=1.1120, num_gpus=0.0731, memory=2.00GB
2025-12-26 21:14:56,580 - __main__ - INFO - ✅ Client 6 (smartphone) started on head node (628cde0e750d...)
2025-12-26 21:14:59,584 - __main__ - INFO - 🔧 Client 7 resources: num_cpus=1.1120, num_gpus=0.0731, memory=2.00GB
2025-12-26 21:14:59,675 - __main__ - INFO - ✅ Client 7 (smartphone) started on head node (628cde0e750d...)
2025-12-26 21:15:02,677 - __main__ - INFO - 🔧 Client 8 resources: num_cpus=1.1120, num_gpus=0.0731, memory=2.00GB
2025-12-26 21:15:02,766 - __main__ - INFO - ✅ Client 8 (smartphone) started on head node (628cde0e750d...)
2025-12-26 21:15:05,770 - __main__ - INFO - 🔧 Client 9 resources: num_cpus=1.1120, num_gpus=0.0731, memory=2.00GB
2025-12-26 21:15:05,860 - __main__ - INFO - ✅ Client 9 (smartphone) started on head node (628cde0e750d...)
2025-12-26 21:15:08,862 - __main__ - INFO - 🔧 Client 10 resources: num_cpus=1.1120, num_gpus=0.0731, memory=2.00GB
2025-12-26 21:15:08,959 - __main__ - INFO - ✅ Client 10 (smartphone) started on head node (628cde0e750d...)
2025-12-26 21:15:11,963 - __main__ - INFO - 🔧 Client 11 resources: num_cpus=1.1120, num_gpus=0.0731, memory=2.00GB
2025-12-26 21:15:12,044 - __main__ - INFO - ✅ Client 11 (smartphone) started on head node (628cde0e750d...)
2025-12-26 21:15:15,048 - __main__ - INFO - 🔧 Client 12 resources: num_cpus=1.1120, num_gpus=0.0731, memory=2.00GB
2025-12-26 21:15:15,158 - __main__ - INFO - ✅ Client 12 (smartphone) started on head node (628cde0e750d...)
2025-12-26 21:15:18,160 - __main__ - INFO - 🔧 Client 13 resources: num_cpus=1.1120, num_gpus=0.0731, memory=2.00GB
2025-12-26 21:15:18,246 - __main__ - INFO - ✅ Client 13 (smartphone) started on head node (628cde0e750d...)
2025-12-26 21:15:21,249 - __main__ - INFO - 🔧 Client 14 resources: num_cpus=1.1120, num_gpus=0.0731, memory=2.00GB
2025-12-26 21:15:21,340 - __main__ - INFO - ✅ Client 14 (smartphone) started on head node (628cde0e750d...)
2025-12-26 21:15:24,341 - __main__ - INFO - 🔧 Client 15 resources: num_cpus=1.1120, num_gpus=0.0731, memory=2.00GB
2025-12-26 21:15:24,425 - __main__ - INFO - ✅ Client 15 (smartphone) started on head node (628cde0e750d...)
2025-12-26 21:15:27,429 - __main__ - INFO - 🔧 Client 16 resources: num_cpus=1.1120, num_gpus=0.0731, memory=2.00GB
2025-12-26 21:15:27,516 - __main__ - INFO - ✅ Client 16 (smartphone) started on head node (628cde0e750d...)
2025-12-26 21:15:30,518 - __main__ - INFO - 🔧 Client 17 resources: num_cpus=1.1120, num_gpus=0.0731, memory=2.00GB
2025-12-26 21:15:30,607 - __main__ - INFO - ✅ Client 17 (smartphone) started on head node (628cde0e750d...)
2025-12-26 21:15:33,610 - __main__ - INFO - 🔧 Client 18 resources: num_cpus=1.1120, num_gpus=0.0731, memory=2.00GB
2025-12-26 21:15:33,697 - __main__ - INFO - ✅ Client 18 (smartphone) started on head node (628cde0e750d...)
2025-12-26 21:15:36,700 - __main__ - INFO - 🔧 Client 19 resources: num_cpus=1.1120, num_gpus=0.0731, memory=2.00GB
2025-12-26 21:15:36,784 - __main__ - INFO - ✅ Client 19 (smartphone) started on head node (628cde0e750d...)
2025-12-26 21:15:39,788 - __main__ - INFO - 🔧 Client 20 resources: num_cpus=1.1120, num_gpus=0.0731, memory=2.00GB
2025-12-26 21:15:39,872 - __main__ - INFO - ✅ Client 20 (smartphone) started on head node (628cde0e750d...)
2025-12-26 21:15:42,876 - __main__ - INFO - 🔧 Client 21 resources: num_cpus=1.1120, num_gpus=0.0731, memory=2.00GB
2025-12-26 21:15:42,965 - __main__ - INFO - ✅ Client 21 (smartphone) started on head node (628cde0e750d...)
2025-12-26 21:15:45,969 - __main__ - INFO - 🔧 Client 22 resources: num_cpus=1.1120, num_gpus=0.0731, memory=2.00GB
2025-12-26 21:15:46,061 - __main__ - INFO - ✅ Client 22 (smartphone) started on head node (628cde0e750d...)
2025-12-26 21:15:49,062 - __main__ - INFO - 🔧 Client 23 resources: num_cpus=1.1120, num_gpus=0.0731, memory=2.00GB
2025-12-26 21:15:49,148 - __main__ - INFO - ✅ Client 23 (smartphone) started on head node (628cde0e750d...)
2025-12-26 21:15:52,150 - __main__ - INFO - 🔧 Client 24 resources: num_cpus=1.1120, num_gpus=0.0731, memory=2.00GB
2025-12-26 21:15:52,234 - __main__ - INFO - ✅ Client 24 (smartphone) started on head node (628cde0e750d...)
2025-12-26 21:15:55,238 - __main__ - INFO - 🔧 Client 25 resources: num_cpus=1.1120, num_gpus=0.0731, memory=2.00GB
2025-12-26 21:15:55,328 - __main__ - INFO - ✅ Client 25 (smartphone) started on head node (628cde0e750d...)
2025-12-26 21:15:58,332 - __main__ - INFO - 🔧 Client 26 resources: num_cpus=1.1120, num_gpus=0.0731, memory=2.00GB
2025-12-26 21:15:58,423 - __main__ - INFO - ✅ Client 26 (smartphone) started on head node (628cde0e750d...)
2025-12-26 21:16:01,425 - __main__ - INFO - 🔧 Client 27 resources: num_cpus=1.1120, num_gpus=0.0731, memory=2.00GB
2025-12-26 21:16:01,515 - __main__ - INFO - ✅ Client 27 (smartphone) started on head node (628cde0e750d...)
2025-12-26 21:16:04,518 - __main__ - INFO - 🔧 Client 28 resources: num_cpus=1.1120, num_gpus=0.0731, memory=2.00GB
2025-12-26 21:16:04,610 - __main__ - INFO - ✅ Client 28 (smartphone) started on head node (628cde0e750d...)
2025-12-26 21:16:07,612 - __main__ - INFO - 🔧 Client 29 resources: num_cpus=1.1120, num_gpus=0.0731, memory=2.00GB
2025-12-26 21:16:07,703 - __main__ - INFO - ✅ Client 29 (smartphone) started on head node (628cde0e750d...)
2025-12-26 21:16:10,704 - __main__ - INFO - 🔧 Client 30 resources: num_cpus=1.1120, num_gpus=0.0731, memory=2.00GB
2025-12-26 21:16:10,792 - __main__ - INFO - ✅ Client 30 (smartphone) started on head node (628cde0e750d...)
2025-12-26 21:16:13,794 - __main__ - INFO - 🔧 Client 31 resources: num_cpus=1.1120, num_gpus=0.0731, memory=2.00GB
2025-12-26 21:16:13,880 - __main__ - INFO - ✅ Client 31 (smartphone) started on head node (628cde0e750d...)
2025-12-26 21:16:16,881 - __main__ - INFO - 🔧 Client 32 resources: num_cpus=1.1120, num_gpus=0.0731, memory=2.00GB
2025-12-26 21:16:16,973 - __main__ - INFO - ✅ Client 32 (smartphone) started on head node (628cde0e750d...)
2025-12-26 21:16:19,977 - __main__ - INFO - 🔧 Client 33 resources: num_cpus=1.1120, num_gpus=0.0731, memory=2.00GB
2025-12-26 21:16:20,064 - __main__ - INFO - ✅ Client 33 (smartphone) started on head node (628cde0e750d...)
2025-12-26 21:16:23,068 - __main__ - INFO - 🔧 Client 34 resources: num_cpus=1.1120, num_gpus=0.0731, memory=2.00GB
2025-12-26 21:16:23,154 - __main__ - INFO - ✅ Client 34 (smartphone) started on head node (628cde0e750d...)
2025-12-26 21:16:26,155 - __main__ - INFO - 🔧 Client 35 resources: num_cpus=1.1120, num_gpus=0.0731, memory=2.00GB
2025-12-26 21:16:26,298 - __main__ - INFO - ✅ Client 35 (smartphone) started on head node (628cde0e750d...)
2025-12-26 21:16:29,302 - __main__ - INFO - 🔧 Client 36 resources: num_cpus=1.1120, num_gpus=0.0731, memory=2.00GB
2025-12-26 21:16:29,439 - __main__ - INFO - ✅ Client 36 (smartphone) started on head node (628cde0e750d...)
2025-12-26 21:16:32,443 - __main__ - INFO - 🔧 Client 37 resources: num_cpus=1.1120, num_gpus=0.0731, memory=2.00GB
2025-12-26 21:16:32,532 - __main__ - INFO - ✅ Client 37 (smartphone) started on head node (628cde0e750d...)
2025-12-26 21:16:35,535 - __main__ - INFO - 🔧 Client 38 resources: num_cpus=1.1120, num_gpus=0.0731, memory=2.00GB
2025-12-26 21:16:35,625 - __main__ - INFO - ✅ Client 38 (smartphone) started on head node (628cde0e750d...)
2025-12-26 21:16:38,628 - __main__ - INFO - 🔧 Client 39 resources: num_cpus=1.1120, num_gpus=0.0731, memory=2.00GB
2025-12-26 21:16:38,712 - __main__ - INFO - ✅ Client 39 (smartphone) started on head node (628cde0e750d...)
2025-12-26 21:16:41,715 - __main__ - INFO - 🔧 Client 40 resources: num_cpus=1.1120, num_gpus=0.0731, memory=2.00GB
2025-12-26 21:16:41,807 - __main__ - INFO - ✅ Client 40 (smartphone) started on head node (628cde0e750d...)
2025-12-26 21:16:44,811 - __main__ - INFO - 🔧 Client 41 resources: num_cpus=1.1120, num_gpus=0.0731, memory=2.00GB
2025-12-26 21:16:44,895 - __main__ - INFO - ✅ Client 41 (smartphone) started on head node (628cde0e750d...)
2025-12-26 21:16:47,897 - __main__ - INFO - 🔧 Client 42 resources: num_cpus=1.1120, num_gpus=0.0731, memory=2.00GB
2025-12-26 21:16:47,970 - __main__ - INFO - ✅ Client 42 (smartphone) started on head node (628cde0e750d...)
2025-12-26 21:16:50,973 - __main__ - INFO - 🔧 Client 43 resources: num_cpus=1.1120, num_gpus=0.0731, memory=2.00GB
2025-12-26 21:16:51,060 - __main__ - INFO - ✅ Client 43 (smartphone) started on head node (628cde0e750d...)
2025-12-26 21:16:54,061 - __main__ - INFO - 🔧 Client 44 resources: num_cpus=1.1120, num_gpus=0.0731, memory=2.00GB
2025-12-26 21:16:54,157 - __main__ - INFO - ✅ Client 44 (smartphone) started on head node (628cde0e750d...)
2025-12-26 21:16:57,158 - __main__ - INFO - 🔧 Client 45 resources: num_cpus=1.1120, num_gpus=0.0731, memory=2.00GB
2025-12-26 21:16:57,252 - __main__ - INFO - ✅ Client 45 (smartphone) started on head node (628cde0e750d...)
2025-12-26 21:17:00,256 - __main__ - INFO - 🔧 Client 46 resources: num_cpus=1.1120, num_gpus=0.0731, memory=2.00GB
2025-12-26 21:17:00,365 - __main__ - INFO - ✅ Client 46 (smartphone) started on head node (628cde0e750d...)
2025-12-26 21:17:03,368 - __main__ - INFO - 🔧 Client 47 resources: num_cpus=1.1120, num_gpus=0.0731, memory=2.00GB
2025-12-26 21:17:03,514 - __main__ - INFO - ✅ Client 47 (smartphone) started on head node (628cde0e750d...)
2025-12-26 21:17:06,518 - __main__ - INFO - 🔧 Client 48 resources: num_cpus=1.1120, num_gpus=0.0731, memory=2.00GB
2025-12-26 21:17:06,609 - __main__ - INFO - ✅ Client 48 (smartphone) started on head node (628cde0e750d...)
2025-12-26 21:17:09,612 - __main__ - INFO - 🔧 Client 49 resources: num_cpus=1.1120, num_gpus=0.0731, memory=2.00GB
2025-12-26 21:17:09,706 - __main__ - INFO - ✅ Client 49 (smartphone) started on head node (628cde0e750d...)
2025-12-26 21:17:12,708 - __main__ - INFO - 🔧 Client 50 resources: num_cpus=1.1120, num_gpus=0.0731, memory=2.00GB
2025-12-26 21:17:12,801 - __main__ - INFO - ✅ Client 50 (smartphone) started on head node (628cde0e750d...)
2025-12-26 21:17:15,803 - __main__ - INFO - ✅ 50/50 Docker clients started successfully
2025-12-26 21:17:15,803 - __main__ - INFO - ✅ All 50 clients have completed startup
2025-12-26 21:17:15,804 - __main__ - INFO - 📊 Starting training monitoring (999999999 seconds)...
2025-12-26 21:17:15,816 - __main__ - INFO - ⏰ 0s | Server: running (CPU) | Clients: 50 nodes (fractional GPU) | Ray GPU usage: 3.7/4.0 (91.4%)
2025-12-26 21:17:20,833 - __main__ - INFO - ⏰ 5s | Server: running (CPU) | Clients: 50 nodes (fractional GPU) | Ray GPU usage: 3.7/4.0 (91.4%)
2025-12-26 21:17:25,851 - __main__ - INFO - ⏰ 10s | Server: running (CPU) | Clients: 50 nodes (fractional GPU) | Ray GPU usage: 3.7/4.0 (91.4%)
2025-12-26 21:17:30,868 - __main__ - INFO - ⏰ 15s | Server: running (CPU) | Clients: 50 nodes (fractional GPU) | Ray GPU usage: 3.7/4.0 (91.4%)
2025-12-26 21:17:35,886 - __main__ - INFO - ⏰ 20s | Server: running (CPU) | Clients: 50 nodes (fractional GPU) | Ray GPU usage: 3.7/4.0 (91.4%)
2025-12-26 21:17:40,905 - __main__ - INFO - ⏰ 25s | Server: running (CPU) | Clients: 50 nodes (fractional GPU) | Ray GPU usage: 3.7/4.0 (91.4%)
2025-12-26 21:17:45,923 - __main__ - INFO - ⏰ 30s | Server: running (CPU) | Clients: 50 nodes (fractional GPU) | Ray GPU usage: 3.7/4.0 (91.4%)
2025-12-26 21:17:50,942 - __main__ - INFO - ⏰ 35s | Server: running (CPU) | Clients: 50 nodes (fractional GPU) | Ray GPU usage: 3.7/4.0 (91.4%)
2025-12-26 21:17:55,961 - __main__ - INFO - ⏰ 40s | Server: running (CPU) | Clients: 50 nodes (fractional GPU) | Ray GPU usage: 3.7/4.0 (91.4%)
2025-12-26 21:18:01,006 - __main__ - INFO - ⏰ 45s | Server: running (CPU) | Clients: 50 nodes (fractional GPU) | Ray GPU usage: 3.7/4.0 (91.4%)
2025-12-26 21:18:06,046 - __main__ - INFO - ⏰ 50s | Server: running (CPU) | Clients: 50 nodes (fractional GPU) | Ray GPU usage: 3.7/4.0 (91.4%)
2025-12-26 21:18:11,083 - __main__ - INFO - ⏰ 55s | Server: running (CPU) | Clients: 50 nodes (fractional GPU) | Ray GPU usage: 3.7/4.0 (91.4%)
2025-12-26 21:18:16,122 - __main__ - INFO - ⏰ 60s | Server: running (CPU) | Clients: 50 nodes (fractional GPU) | Ray GPU usage: 3.7/4.0 (91.4%)
2025-12-26 21:18:21,158 - __main__ - INFO - ⏰ 65s | Server: running (CPU) | Clients: 50 nodes (fractional GPU) | Ray GPU usage: 3.7/4.0 (91.4%)
2025-12-26 21:18:26,191 - __main__ - INFO - ⏰ 70s | Server: running (CPU) | Clients: 50 nodes (fractional GPU) | Ray GPU usage: 3.7/4.0 (91.4%)
2025-12-26 21:18:31,216 - __main__ - INFO - ⏰ 75s | Server: running (CPU) | Clients: 50 nodes (fractional GPU) | Ray GPU usage: 3.7/4.0 (91.4%)
2025-12-26 21:18:36,251 - __main__ - INFO - ⏰ 80s | Server: running (CPU) | Clients: 50 nodes (fractional GPU) | Ray GPU usage: 3.7/4.0 (91.4%)
2025-12-26 21:18:41,296 - __main__ - INFO - ⏰ 85s | Server: running (CPU) | Clients: 50 nodes (fractional GPU) | Ray GPU usage: 3.7/4.0 (91.4%)
2025-12-26 21:18:46,329 - __main__ - INFO - ⏰ 90s | Server: running (CPU) | Clients: 50 nodes (fractional GPU) | Ray GPU usage: 3.7/4.0 (91.4%)
2025-12-26 21:18:51,365 - __main__ - INFO - ⏰ 95s | Server: running (CPU) | Clients: 50 nodes (fractional GPU) | Ray GPU usage: 3.7/4.0 (91.4%)
2025-12-26 21:18:56,398 - __main__ - INFO - ⏰ 100s | Server: running (CPU) | Clients: 50 nodes (fractional GPU) | Ray GPU usage: 3.7/4.0 (91.4%)
2025-12-26 21:19:01,433 - __main__ - INFO - ⏰ 105s | Server: running (CPU) | Clients: 50 nodes (fractional GPU) | Ray GPU usage: 3.7/4.0 (91.4%)
2025-12-26 21:19:06,472 - __main__ - INFO - ⏰ 110s | Server: running (CPU) | Clients: 50 nodes (fractional GPU) | Ray GPU usage: 3.7/4.0 (91.4%)
2025-12-26 21:19:11,501 - __main__ - INFO - ⏰ 115s | Server: running (CPU) | Clients: 50 nodes (fractional GPU) | Ray GPU usage: 3.7/4.0 (91.4%)
2025-12-26 21:19:16,528 - __main__ - INFO - ⏰ 120s | Server: running (CPU) | Clients: 50 nodes (fractional GPU) | Ray GPU usage: 3.7/4.0 (91.4%)
2025-12-26 21:19:21,561 - __main__ - INFO - ⏰ 125s | Server: running (CPU) | Clients: 50 nodes (fractional GPU) | Ray GPU usage: 3.7/4.0 (91.4%)
2025-12-26 21:19:26,592 - __main__ - INFO - ⏰ 130s | Server: running (CPU) | Clients: 50 nodes (fractional GPU) | Ray GPU usage: 3.7/4.0 (91.4%)
2025-12-26 21:19:31,625 - __main__ - INFO - ⏰ 135s | Server: running (CPU) | Clients: 50 nodes (fractional GPU) | Ray GPU usage: 3.7/4.0 (91.4%)
2025-12-26 21:19:36,651 - __main__ - INFO - ⏰ 140s | Server: running (CPU) | Clients: 50 nodes (fractional GPU) | Ray GPU usage: 3.7/4.0 (91.4%)
2025-12-26 21:19:41,675 - __main__ - INFO - ⏰ 145s | Server: running (CPU) | Clients: 50 nodes (fractional GPU) | Ray GPU usage: 3.7/4.0 (91.4%)
2025-12-26 21:19:46,695 - __main__ - INFO - ⏰ 150s | Server: running (CPU) | Clients: 50 nodes (fractional GPU) | Ray GPU usage: 3.7/4.0 (91.4%)
2025-12-26 21:19:51,719 - __main__ - INFO - ⏰ 155s | Server: running (CPU) | Clients: 50 nodes (fractional GPU) | Ray GPU usage: 3.7/4.0 (91.4%)
2025-12-26 21:19:56,746 - __main__ - INFO - ⏰ 160s | Server: running (CPU) | Clients: 50 nodes (fractional GPU) | Ray GPU usage: 3.7/4.0 (91.4%)
2025-12-26 21:20:01,770 - __main__ - INFO - ⏰ 165s | Server: running (CPU) | Clients: 50 nodes (fractional GPU) | Ray GPU usage: 3.7/4.0 (91.4%)
2025-12-26 21:20:06,789 - __main__ - INFO - ⏰ 170s | Server: running (CPU) | Clients: 50 nodes (fractional GPU) | Ray GPU usage: 3.7/4.0 (91.4%)
2025-12-26 21:20:11,809 - __main__ - INFO - ⏰ 175s | Server: running (CPU) | Clients: 50 nodes (fractional GPU) | Ray GPU usage: 3.7/4.0 (91.4%)
2025-12-26 21:20:16,828 - __main__ - INFO - ⏰ 181s | Server: running (CPU) | Clients: 50 nodes (fractional GPU) | Ray GPU usage: 3.7/4.0 (91.4%)
2025-12-26 21:20:21,847 - __main__ - INFO - ⏰ 186s | Server: running (CPU) | Clients: 50 nodes (fractional GPU) | Ray GPU usage: 3.7/4.0 (91.4%)
2025-12-26 21:20:26,863 - __main__ - INFO - ⏰ 191s | Server: running (CPU) | Clients: 50 nodes (fractional GPU) | Ray GPU usage: 3.7/4.0 (91.4%)
2025-12-26 21:20:31,878 - __main__ - INFO - ⏰ 196s | Server: running (CPU) | Clients: 50 nodes (fractional GPU) | Ray GPU usage: 3.7/4.0 (91.4%)
2025-12-26 21:20:36,894 - __main__ - INFO - ⏰ 201s | Server: running (CPU) | Clients: 50 nodes (fractional GPU) | Ray GPU usage: 3.7/4.0 (91.4%)
2025-12-26 21:20:41,908 - __main__ - INFO - ⏰ 206s | Server: running (CPU) | Clients: 50 nodes (fractional GPU) | Ray GPU usage: 3.7/4.0 (91.4%)
2025-12-26 21:20:46,925 - __main__ - INFO - ⏰ 211s | Server: running (CPU) | Clients: 50 nodes (fractional GPU) | Ray GPU usage: 3.7/4.0 (91.4%)
2025-12-26 21:20:51,939 - __main__ - INFO - ⏰ 216s | Server: running (CPU) | Clients: 50 nodes (fractional GPU) | Ray GPU usage: 3.7/4.0 (91.4%)
2025-12-26 21:20:56,955 - __main__ - INFO - ⏰ 221s | Server: running (CPU) | Clients: 50 nodes (fractional GPU) | Ray GPU usage: 3.7/4.0 (91.4%)
2025-12-26 21:21:01,969 - __main__ - INFO - ⏰ 226s | Server: running (CPU) | Clients: 50 nodes (fractional GPU) | Ray GPU usage: 3.7/4.0 (91.4%)
2025-12-26 21:21:06,983 - __main__ - INFO - ⏰ 231s | Server: running (CPU) | Clients: 50 nodes (fractional GPU) | Ray GPU usage: 3.7/4.0 (91.4%)
2025-12-26 21:21:11,998 - __main__ - INFO - ⏰ 236s | Server: running (CPU) | Clients: 50 nodes (fractional GPU) | Ray GPU usage: 3.7/4.0 (91.4%)
2025-12-26 21:21:17,012 - __main__ - INFO - ⏰ 241s | Server: running (CPU) | Clients: 50 nodes (fractional GPU) | Ray GPU usage: 3.7/4.0 (91.4%)
2025-12-26 21:21:22,026 - __main__ - INFO - ⏰ 246s | Server: running (CPU) | Clients: 50 nodes (fractional GPU) | Ray GPU usage: 3.7/4.0 (91.4%)
2025-12-26 21:21:27,040 - __main__ - INFO - ⏰ 251s | Server: running (CPU) | Clients: 50 nodes (fractional GPU) | Ray GPU usage: 3.7/4.0 (91.4%)
2025-12-26 21:21:32,053 - __main__ - INFO - ⏰ 256s | Server: running (CPU) | Clients: 50 nodes (fractional GPU) | Ray GPU usage: 3.7/4.0 (91.4%)
2025-12-26 21:21:37,069 - __main__ - INFO - ⏰ 261s | Server: running (CPU) | Clients: 50 nodes (fractional GPU) | Ray GPU usage: 3.7/4.0 (91.4%)
2025-12-26 21:21:42,084 - __main__ - INFO - ⏰ 266s | Server: running (CPU) | Clients: 50 nodes (fractional GPU) | Ray GPU usage: 3.7/4.0 (91.4%)
2025-12-26 21:21:47,105 - __main__ - INFO - ⏰ 271s | Server: running (CPU) | Clients: 50 nodes (fractional GPU) | Ray GPU usage: 3.7/4.0 (91.4%)
2025-12-26 21:21:52,120 - __main__ - INFO - ⏰ 276s | Server: running (CPU) | Clients: 50 nodes (fractional GPU) | Ray GPU usage: 3.7/4.0 (91.4%)
2025-12-26 21:21:57,137 - __main__ - INFO - ⏰ 281s | Server: running (CPU) | Clients: 50 nodes (fractional GPU) | Ray GPU usage: 3.7/4.0 (91.4%)
2025-12-26 21:22:02,156 - __main__ - INFO - ⏰ 286s | Server: running (CPU) | Clients: 50 nodes (fractional GPU) | Ray GPU usage: 3.7/4.0 (91.4%)
2025-12-26 21:22:07,171 - __main__ - INFO - ⏰ 291s | Server: running (CPU) | Clients: 50 nodes (fractional GPU) | Ray GPU usage: 3.7/4.0 (91.4%)
2025-12-26 21:22:12,185 - __main__ - INFO - ⏰ 296s | Server: running (CPU) | Clients: 50 nodes (fractional GPU) | Ray GPU usage: 3.7/4.0 (91.4%)
2025-12-26 21:22:17,197 - __main__ - INFO - ⏰ 301s | Server: running (CPU) | Clients: 50 nodes (fractional GPU) | Ray GPU usage: 3.7/4.0 (91.4%)
2025-12-26 21:22:22,217 - __main__ - INFO - ⏰ 306s | Server: running (CPU) | Clients: 50 nodes (fractional GPU) | Ray GPU usage: 3.7/4.0 (91.4%)
2025-12-26 21:22:27,232 - __main__ - INFO - ⏰ 311s | Server: running (CPU) | Clients: 50 nodes (fractional GPU) | Ray GPU usage: 3.7/4.0 (91.4%)
2025-12-26 21:22:32,249 - __main__ - INFO - ⏰ 316s | Server: running (CPU) | Clients: 50 nodes (fractional GPU) | Ray GPU usage: 3.7/4.0 (91.4%)
2025-12-26 21:22:37,265 - __main__ - INFO - ⏰ 321s | Server: running (CPU) | Clients: 50 nodes (fractional GPU) | Ray GPU usage: 3.7/4.0 (91.4%)
2025-12-26 21:22:42,282 - __main__ - INFO - ⏰ 326s | Server: running (CPU) | Clients: 50 nodes (fractional GPU) | Ray GPU usage: 3.7/4.0 (91.4%)
2025-12-26 21:22:47,299 - __main__ - INFO - ⏰ 331s | Server: running (CPU) | Clients: 50 nodes (fractional GPU) | Ray GPU usage: 3.7/4.0 (91.4%)
2025-12-26 21:22:52,315 - __main__ - INFO - ⏰ 336s | Server: running (CPU) | Clients: 50 nodes (fractional GPU) | Ray GPU usage: 3.7/4.0 (91.4%)
2025-12-26 21:22:57,333 - __main__ - INFO - ⏰ 341s | Server: running (CPU) | Clients: 50 nodes (fractional GPU) | Ray GPU usage: 3.7/4.0 (91.4%)
2025-12-26 21:23:02,353 - __main__ - INFO - ⏰ 346s | Server: running (CPU) | Clients: 50 nodes (fractional GPU) | Ray GPU usage: 3.7/4.0 (91.4%)
2025-12-26 21:23:07,376 - __main__ - INFO - ⏰ 351s | Server: running (CPU) | Clients: 50 nodes (fractional GPU) | Ray GPU usage: 3.7/4.0 (91.4%)
2025-12-26 21:23:12,391 - __main__ - INFO - ⏰ 356s | Server: running (CPU) | Clients: 50 nodes (fractional GPU) | Ray GPU usage: 3.7/4.0 (91.4%)
2025-12-26 21:23:17,407 - __main__ - INFO - ⏰ 361s | Server: running (CPU) | Clients: 50 nodes (fractional GPU) | Ray GPU usage: 3.7/4.0 (91.4%)
2025-12-26 21:23:22,422 - __main__ - INFO - ⏰ 366s | Server: running (CPU) | Clients: 50 nodes (fractional GPU) | Ray GPU usage: 3.7/4.0 (91.4%)
2025-12-26 21:23:27,436 - __main__ - INFO - ⏰ 371s | Server: running (CPU) | Clients: 50 nodes (fractional GPU) | Ray GPU usage: 3.7/4.0 (91.4%)
2025-12-26 21:23:32,450 - __main__ - INFO - ⏰ 376s | Server: running (CPU) | Clients: 50 nodes (fractional GPU) | Ray GPU usage: 3.7/4.0 (91.4%)
2025-12-26 21:23:37,464 - __main__ - INFO - ⏰ 381s | Server: running (CPU) | Clients: 50 nodes (fractional GPU) | Ray GPU usage: 3.7/4.0 (91.4%)
2025-12-26 21:23:42,478 - __main__ - INFO - ⏰ 386s | Server: running (CPU) | Clients: 50 nodes (fractional GPU) | Ray GPU usage: 3.7/4.0 (91.4%)
2025-12-26 21:23:47,492 - __main__ - INFO - ⏰ 391s | Server: running (CPU) | Clients: 50 nodes (fractional GPU) | Ray GPU usage: 3.7/4.0 (91.4%)
2025-12-26 21:23:52,506 - __main__ - INFO - ⏰ 396s | Server: running (CPU) | Clients: 50 nodes (fractional GPU) | Ray GPU usage: 3.7/4.0 (91.4%)
2025-12-26 21:23:57,520 - __main__ - INFO - ⏰ 401s | Server: running (CPU) | Clients: 50 nodes (fractional GPU) | Ray GPU usage: 3.7/4.0 (91.4%)
2025-12-26 21:24:02,538 - __main__ - INFO - ⏰ 406s | Server: running (CPU) | Clients: 50 nodes (fractional GPU) | Ray GPU usage: 3.7/4.0 (91.4%)
2025-12-26 21:24:07,553 - __main__ - INFO - ⏰ 411s | Server: running (CPU) | Clients: 50 nodes (fractional GPU) | Ray GPU usage: 3.7/4.0 (91.4%)
2025-12-26 21:24:12,570 - __main__ - INFO - ⏰ 416s | Server: running (CPU) | Clients: 50 nodes (fractional GPU) | Ray GPU usage: 3.7/4.0 (91.4%)
2025-12-26 21:24:17,587 - __main__ - INFO - ⏰ 421s | Server: running (CPU) | Clients: 50 nodes (fractional GPU) | Ray GPU usage: 3.7/4.0 (91.4%)
2025-12-26 21:24:22,606 - __main__ - INFO - ⏰ 426s | Server: running (CPU) | Clients: 50 nodes (fractional GPU) | Ray GPU usage: 3.7/4.0 (91.4%)
2025-12-26 21:24:27,624 - __main__ - INFO - ⏰ 431s | Server: running (CPU) | Clients: 50 nodes (fractional GPU) | Ray GPU usage: 3.7/4.0 (91.4%)
2025-12-26 21:24:32,642 - __main__ - INFO - ⏰ 436s | Server: running (CPU) | Clients: 50 nodes (fractional GPU) | Ray GPU usage: 3.7/4.0 (91.4%)
2025-12-26 21:24:37,660 - __main__ - INFO - ⏰ 441s | Server: running (CPU) | Clients: 50 nodes (fractional GPU) | Ray GPU usage: 3.7/4.0 (91.4%)
2025-12-26 21:24:42,675 - __main__ - INFO - ⏰ 446s | Server: running (CPU) | Clients: 50 nodes (fractional GPU) | Ray GPU usage: 3.7/4.0 (91.4%)
2025-12-26 21:24:47,690 - __main__ - INFO - ⏰ 451s | Server: running (CPU) | Clients: 50 nodes (fractional GPU) | Ray GPU usage: 3.7/4.0 (91.4%)
2025-12-26 21:24:52,705 - __main__ - INFO - ⏰ 456s | Server: running (CPU) | Clients: 50 nodes (fractional GPU) | Ray GPU usage: 3.7/4.0 (91.4%)
2025-12-26 21:24:57,719 - __main__ - INFO - ⏰ 461s | Server: running (CPU) | Clients: 50 nodes (fractional GPU) | Ray GPU usage: 3.7/4.0 (91.4%)
2025-12-26 21:25:02,737 - __main__ - INFO - ⏰ 466s | Server: running (CPU) | Clients: 50 nodes (fractional GPU) | Ray GPU usage: 3.7/4.0 (91.4%)
2025-12-26 21:25:07,753 - __main__ - INFO - ⏰ 471s | Server: running (CPU) | Clients: 50 nodes (fractional GPU) | Ray GPU usage: 3.7/4.0 (91.4%)
2025-12-26 21:25:12,769 - __main__ - INFO - ⏰ 476s | Server: running (CPU) | Clients: 50 nodes (fractional GPU) | Ray GPU usage: 3.7/4.0 (91.4%)
2025-12-26 21:25:17,784 - __main__ - INFO - ⏰ 481s | Server: running (CPU) | Clients: 50 nodes (fractional GPU) | Ray GPU usage: 3.7/4.0 (91.4%)
2025-12-26 21:25:22,801 - __main__ - INFO - ⏰ 486s | Server: running (CPU) | Clients: 50 nodes (fractional GPU) | Ray GPU usage: 3.7/4.0 (91.4%)
2025-12-26 21:25:27,816 - __main__ - INFO - ⏰ 492s | Server: running (CPU) | Clients: 50 nodes (fractional GPU) | Ray GPU usage: 3.7/4.0 (91.4%)
2025-12-26 21:25:32,831 - __main__ - INFO - ⏰ 497s | Server: running (CPU) | Clients: 50 nodes (fractional GPU) | Ray GPU usage: 3.7/4.0 (91.4%)
2025-12-26 21:25:37,843 - __main__ - INFO - ⏰ 502s | Server: running (CPU) | Clients: 50 nodes (fractional GPU) | Ray GPU usage: 3.7/4.0 (91.4%)
2025-12-26 21:25:42,859 - __main__ - INFO - ⏰ 507s | Server: running (CPU) | Clients: 50 nodes (fractional GPU) | Ray GPU usage: 3.7/4.0 (91.4%)
2025-12-26 21:25:47,873 - __main__ - INFO - ⏰ 512s | Server: running (CPU) | Clients: 50 nodes (fractional GPU) | Ray GPU usage: 3.7/4.0 (91.4%)
2025-12-26 21:25:52,889 - __main__ - INFO - ⏰ 517s | Server: running (CPU) | Clients: 50 nodes (fractional GPU) | Ray GPU usage: 3.7/4.0 (91.4%)
2025-12-26 21:25:57,904 - __main__ - INFO - ⏰ 522s | Server: running (CPU) | Clients: 50 nodes (fractional GPU) | Ray GPU usage: 3.7/4.0 (91.4%)
2025-12-26 21:26:02,918 - __main__ - INFO - ⏰ 527s | Server: running (CPU) | Clients: 50 nodes (fractional GPU) | Ray GPU usage: 3.7/4.0 (91.4%)
2025-12-26 21:26:07,932 - __main__ - INFO - ⏰ 532s | Server: running (CPU) | Clients: 50 nodes (fractional GPU) | Ray GPU usage: 3.7/4.0 (91.4%)
2025-12-26 21:26:12,947 - __main__ - INFO - ⏰ 537s | Server: running (CPU) | Clients: 50 nodes (fractional GPU) | Ray GPU usage: 3.7/4.0 (91.4%)
2025-12-26 21:26:17,962 - __main__ - INFO - ⏰ 542s | Server: running (CPU) | Clients: 50 nodes (fractional GPU) | Ray GPU usage: 3.7/4.0 (91.4%)
2025-12-26 21:26:22,977 - __main__ - INFO - ⏰ 547s | Server: running (CPU) | Clients: 50 nodes (fractional GPU) | Ray GPU usage: 3.7/4.0 (91.4%)
2025-12-26 21:26:27,992 - __main__ - INFO - ⏰ 552s | Server: running (CPU) | Clients: 50 nodes (fractional GPU) | Ray GPU usage: 3.7/4.0 (91.4%)
2025-12-26 21:26:33,007 - __main__ - INFO - ⏰ 557s | Server: running (CPU) | Clients: 50 nodes (fractional GPU) | Ray GPU usage: 3.7/4.0 (91.4%)
2025-12-26 21:26:38,022 - __main__ - INFO - ⏰ 562s | Server: running (CPU) | Clients: 50 nodes (fractional GPU) | Ray GPU usage: 3.7/4.0 (91.4%)
2025-12-26 21:26:43,037 - __main__ - INFO - ⏰ 567s | Server: running (CPU) | Clients: 50 nodes (fractional GPU) | Ray GPU usage: 3.7/4.0 (91.4%)
2025-12-26 21:26:48,052 - __main__ - INFO - ⏰ 572s | Server: running (CPU) | Clients: 50 nodes (fractional GPU) | Ray GPU usage: 3.7/4.0 (91.4%)
2025-12-26 21:26:53,067 - __main__ - INFO - ⏰ 577s | Server: running (CPU) | Clients: 50 nodes (fractional GPU) | Ray GPU usage: 3.7/4.0 (91.4%)
2025-12-26 21:26:58,081 - __main__ - INFO - ⏰ 582s | Server: running (CPU) | Clients: 50 nodes (fractional GPU) | Ray GPU usage: 3.7/4.0 (91.4%)
2025-12-26 21:27:03,096 - __main__ - INFO - ⏰ 587s | Server: running (CPU) | Clients: 50 nodes (fractional GPU) | Ray GPU usage: 3.7/4.0 (91.4%)
2025-12-26 21:27:08,110 - __main__ - INFO - ⏰ 592s | Server: running (CPU) | Clients: 50 nodes (fractional GPU) | Ray GPU usage: 3.7/4.0 (91.4%)
2025-12-26 21:27:13,126 - __main__ - INFO - ⏰ 597s | Server: running (CPU) | Clients: 50 nodes (fractional GPU) | Ray GPU usage: 3.7/4.0 (91.4%)
2025-12-26 21:27:18,141 - __main__ - INFO - ⏰ 602s | Server: running (CPU) | Clients: 50 nodes (fractional GPU) | Ray GPU usage: 3.7/4.0 (91.4%)
2025-12-26 21:27:23,156 - __main__ - INFO - ⏰ 607s | Server: running (CPU) | Clients: 50 nodes (fractional GPU) | Ray GPU usage: 3.7/4.0 (91.4%)
2025-12-26 21:27:28,170 - __main__ - INFO - ⏰ 612s | Server: running (CPU) | Clients: 50 nodes (fractional GPU) | Ray GPU usage: 3.7/4.0 (91.4%)
2025-12-26 21:27:33,185 - __main__ - INFO - ⏰ 617s | Server: running (CPU) | Clients: 50 nodes (fractional GPU) | Ray GPU usage: 3.7/4.0 (91.4%)
2025-12-26 21:27:38,200 - __main__ - INFO - ⏰ 622s | Server: running (CPU) | Clients: 50 nodes (fractional GPU) | Ray GPU usage: 3.7/4.0 (91.4%)
2025-12-26 21:27:43,215 - __main__ - INFO - ⏰ 627s | Server: running (CPU) | Clients: 50 nodes (fractional GPU) | Ray GPU usage: 3.7/4.0 (91.4%)
2025-12-26 21:27:48,230 - __main__ - INFO - ⏰ 632s | Server: running (CPU) | Clients: 50 nodes (fractional GPU) | Ray GPU usage: 3.7/4.0 (91.4%)
2025-12-26 21:27:53,244 - __main__ - INFO - ⏰ 637s | Server: running (CPU) | Clients: 50 nodes (fractional GPU) | Ray GPU usage: 3.7/4.0 (91.4%)
2025-12-26 21:27:58,259 - __main__ - INFO - ⏰ 642s | Server: running (CPU) | Clients: 50 nodes (fractional GPU) | Ray GPU usage: 3.7/4.0 (91.4%)
2025-12-26 21:28:03,274 - __main__ - INFO - ⏰ 647s | Server: running (CPU) | Clients: 50 nodes (fractional GPU) | Ray GPU usage: 3.7/4.0 (91.4%)
2025-12-26 21:28:08,288 - __main__ - INFO - ⏰ 652s | Server: running (CPU) | Clients: 50 nodes (fractional GPU) | Ray GPU usage: 3.7/4.0 (91.4%)
2025-12-26 21:28:13,303 - __main__ - INFO - ⏰ 657s | Server: running (CPU) | Clients: 50 nodes (fractional GPU) | Ray GPU usage: 3.7/4.0 (91.4%)
2025-12-26 21:28:18,319 - __main__ - INFO - ⏰ 662s | Server: running (CPU) | Clients: 50 nodes (fractional GPU) | Ray GPU usage: 3.7/4.0 (91.4%)
2025-12-26 21:28:23,333 - __main__ - INFO - ⏰ 667s | Server: running (CPU) | Clients: 50 nodes (fractional GPU) | Ray GPU usage: 3.7/4.0 (91.4%)
2025-12-26 21:28:28,348 - __main__ - INFO - ⏰ 672s | Server: running (CPU) | Clients: 50 nodes (fractional GPU) | Ray GPU usage: 3.7/4.0 (91.4%)
2025-12-26 21:28:33,360 - __main__ - INFO - ⏰ 677s | Server: running (CPU) | Clients: 50 nodes (fractional GPU) | Ray GPU usage: 3.7/4.0 (91.4%)
2025-12-26 21:28:38,375 - __main__ - INFO - ⏰ 682s | Server: running (CPU) | Clients: 50 nodes (fractional GPU) | Ray GPU usage: 3.7/4.0 (91.4%)
2025-12-26 21:28:43,389 - __main__ - INFO - ⏰ 687s | Server: running (CPU) | Clients: 50 nodes (fractional GPU) | Ray GPU usage: 3.7/4.0 (91.4%)
2025-12-26 21:28:48,405 - __main__ - INFO - ⏰ 692s | Server: running (CPU) | Clients: 50 nodes (fractional GPU) | Ray GPU usage: 3.7/4.0 (91.4%)
2025-12-26 21:28:53,421 - __main__ - INFO - ⏰ 697s | Server: running (CPU) | Clients: 50 nodes (fractional GPU) | Ray GPU usage: 3.7/4.0 (91.4%)
2025-12-26 21:28:58,433 - __main__ - INFO - ⏰ 702s | Server: running (CPU) | Clients: 50 nodes (fractional GPU) | Ray GPU usage: 3.7/4.0 (91.4%)
2025-12-26 21:29:03,447 - __main__ - INFO - ⏰ 707s | Server: running (CPU) | Clients: 50 nodes (fractional GPU) | Ray GPU usage: 3.7/4.0 (91.4%)
2025-12-26 21:29:08,463 - __main__ - INFO - ⏰ 712s | Server: running (CPU) | Clients: 50 nodes (fractional GPU) | Ray GPU usage: 3.7/4.0 (91.4%)
2025-12-26 21:29:13,478 - __main__ - INFO - ⏰ 717s | Server: running (CPU) | Clients: 50 nodes (fractional GPU) | Ray GPU usage: 3.7/4.0 (91.4%)
2025-12-26 21:29:18,494 - __main__ - INFO - ⏰ 722s | Server: running (CPU) | Clients: 50 nodes (fractional GPU) | Ray GPU usage: 3.7/4.0 (91.4%)
2025-12-26 21:29:23,509 - __main__ - INFO - ⏰ 727s | Server: running (CPU) | Clients: 50 nodes (fractional GPU) | Ray GPU usage: 3.7/4.0 (91.4%)
2025-12-26 21:29:28,522 - __main__ - INFO - ⏰ 732s | Server: running (CPU) | Clients: 50 nodes (fractional GPU) | Ray GPU usage: 3.7/4.0 (91.4%)
2025-12-26 21:29:33,537 - __main__ - INFO - ⏰ 737s | Server: running (CPU) | Clients: 50 nodes (fractional GPU) | Ray GPU usage: 3.7/4.0 (91.4%)
2025-12-26 21:29:38,552 - __main__ - INFO - ⏰ 742s | Server: running (CPU) | Clients: 50 nodes (fractional GPU) | Ray GPU usage: 3.7/4.0 (91.4%)
2025-12-26 21:29:43,566 - __main__ - INFO - ⏰ 747s | Server: running (CPU) | Clients: 50 nodes (fractional GPU) | Ray GPU usage: 3.7/4.0 (91.4%)
2025-12-26 21:29:48,581 - __main__ - INFO - ⏰ 752s | Server: running (CPU) | Clients: 50 nodes (fractional GPU) | Ray GPU usage: 3.7/4.0 (91.4%)
2025-12-26 21:29:53,597 - __main__ - INFO - ⏰ 757s | Server: running (CPU) | Clients: 50 nodes (fractional GPU) | Ray GPU usage: 3.7/4.0 (91.4%)
2025-12-26 21:29:58,609 - __main__ - INFO - ⏰ 762s | Server: running (CPU) | Clients: 50 nodes (fractional GPU) | Ray GPU usage: 3.7/4.0 (91.4%)
2025-12-26 21:30:03,623 - __main__ - INFO - ⏰ 767s | Server: running (CPU) | Clients: 50 nodes (fractional GPU) | Ray GPU usage: 3.7/4.0 (91.4%)
2025-12-26 21:30:08,637 - __main__ - INFO - ⏰ 772s | Server: running (CPU) | Clients: 50 nodes (fractional GPU) | Ray GPU usage: 3.7/4.0 (91.4%)
2025-12-26 21:30:13,651 - __main__ - INFO - ⏰ 777s | Server: running (CPU) | Clients: 50 nodes (fractional GPU) | Ray GPU usage: 3.7/4.0 (91.4%)
2025-12-26 21:30:18,665 - __main__ - INFO - ⏰ 782s | Server: running (CPU) | Clients: 50 nodes (fractional GPU) | Ray GPU usage: 3.7/4.0 (91.4%)
2025-12-26 21:30:23,678 - __main__ - INFO - ⏰ 787s | Server: running (CPU) | Clients: 50 nodes (fractional GPU) | Ray GPU usage: 3.7/4.0 (91.4%)
2025-12-26 21:30:28,692 - __main__ - INFO - ⏰ 792s | Server: running (CPU) | Clients: 50 nodes (fractional GPU) | Ray GPU usage: 3.7/4.0 (91.4%)
2025-12-26 21:30:33,706 - __main__ - INFO - ⏰ 797s | Server: running (CPU) | Clients: 50 nodes (fractional GPU) | Ray GPU usage: 3.7/4.0 (91.4%)
2025-12-26 21:30:38,721 - __main__ - INFO - ⏰ 802s | Server: running (CPU) | Clients: 50 nodes (fractional GPU) | Ray GPU usage: 3.7/4.0 (91.4%)
2025-12-26 21:30:43,735 - __main__ - INFO - ⏰ 807s | Server: running (CPU) | Clients: 50 nodes (fractional GPU) | Ray GPU usage: 3.7/4.0 (91.4%)
2025-12-26 21:30:48,750 - __main__ - INFO - ⏰ 812s | Server: running (CPU) | Clients: 50 nodes (fractional GPU) | Ray GPU usage: 3.7/4.0 (91.4%)
2025-12-26 21:30:53,766 - __main__ - INFO - ⏰ 817s | Server: running (CPU) | Clients: 50 nodes (fractional GPU) | Ray GPU usage: 3.7/4.0 (91.4%)
2025-12-26 21:30:58,779 - __main__ - INFO - ⏰ 822s | Server: running (CPU) | Clients: 50 nodes (fractional GPU) | Ray GPU usage: 3.7/4.0 (91.4%)
2025-12-26 21:31:03,793 - __main__ - INFO - ⏰ 827s | Server: running (CPU) | Clients: 50 nodes (fractional GPU) | Ray GPU usage: 3.7/4.0 (91.4%)
2025-12-26 21:31:08,808 - __main__ - INFO - ⏰ 832s | Server: running (CPU) | Clients: 50 nodes (fractional GPU) | Ray GPU usage: 3.7/4.0 (91.4%)
2025-12-26 21:31:13,822 - __main__ - INFO - ⏰ 838s | Server: running (CPU) | Clients: 50 nodes (fractional GPU) | Ray GPU usage: 3.7/4.0 (91.4%)
2025-12-26 21:31:18,836 - __main__ - INFO - ⏰ 843s | Server: running (CPU) | Clients: 50 nodes (fractional GPU) | Ray GPU usage: 3.7/4.0 (91.4%)
2025-12-26 21:31:23,851 - __main__ - INFO - ⏰ 848s | Server: running (CPU) | Clients: 50 nodes (fractional GPU) | Ray GPU usage: 3.7/4.0 (91.4%)
2025-12-26 21:31:28,866 - __main__ - INFO - ⏰ 853s | Server: running (CPU) | Clients: 50 nodes (fractional GPU) | Ray GPU usage: 3.7/4.0 (91.4%)
2025-12-26 21:31:33,880 - __main__ - INFO - ⏰ 858s | Server: running (CPU) | Clients: 50 nodes (fractional GPU) | Ray GPU usage: 3.7/4.0 (91.4%)
2025-12-26 21:31:38,894 - __main__ - INFO - ⏰ 863s | Server: running (CPU) | Clients: 50 nodes (fractional GPU) | Ray GPU usage: 3.7/4.0 (91.4%)
2025-12-26 21:31:43,908 - __main__ - INFO - ⏰ 868s | Server: running (CPU) | Clients: 50 nodes (fractional GPU) | Ray GPU usage: 3.7/4.0 (91.4%)
2025-12-26 21:31:48,922 - __main__ - INFO - ⏰ 873s | Server: running (CPU) | Clients: 50 nodes (fractional GPU) | Ray GPU usage: 3.7/4.0 (91.4%)
2025-12-26 21:31:53,936 - __main__ - INFO - ⏰ 878s | Server: running (CPU) | Clients: 50 nodes (fractional GPU) | Ray GPU usage: 3.7/4.0 (91.4%)
2025-12-26 21:31:58,950 - __main__ - INFO - ⏰ 883s | Server: running (CPU) | Clients: 50 nodes (fractional GPU) | Ray GPU usage: 3.7/4.0 (91.4%)
2025-12-26 21:32:03,964 - __main__ - INFO - ⏰ 888s | Server: running (CPU) | Clients: 50 nodes (fractional GPU) | Ray GPU usage: 3.7/4.0 (91.4%)
2025-12-26 21:32:08,978 - __main__ - INFO - ⏰ 893s | Server: running (CPU) | Clients: 50 nodes (fractional GPU) | Ray GPU usage: 3.7/4.0 (91.4%)
2025-12-26 21:32:13,993 - __main__ - INFO - ⏰ 898s | Server: running (CPU) | Clients: 50 nodes (fractional GPU) | Ray GPU usage: 3.7/4.0 (91.4%)
2025-12-26 21:32:19,006 - __main__ - INFO - ⏰ 903s | Server: running (CPU) | Clients: 50 nodes (fractional GPU) | Ray GPU usage: 3.7/4.0 (91.4%)
2025-12-26 21:32:24,019 - __main__ - INFO - ⏰ 908s | Server: running (CPU) | Clients: 50 nodes (fractional GPU) | Ray GPU usage: 3.7/4.0 (91.4%)
2025-12-26 21:32:29,033 - __main__ - INFO - ⏰ 913s | Server: running (CPU) | Clients: 50 nodes (fractional GPU) | Ray GPU usage: 3.7/4.0 (91.4%)
2025-12-26 21:32:34,047 - __main__ - INFO - ⏰ 918s | Server: running (CPU) | Clients: 50 nodes (fractional GPU) | Ray GPU usage: 3.7/4.0 (91.4%)
2025-12-26 21:32:39,061 - __main__ - INFO - ⏰ 923s | Server: running (CPU) | Clients: 50 nodes (fractional GPU) | Ray GPU usage: 3.7/4.0 (91.4%)
2025-12-26 21:32:44,075 - __main__ - INFO - ⏰ 928s | Server: running (CPU) | Clients: 50 nodes (fractional GPU) | Ray GPU usage: 3.7/4.0 (91.4%)
2025-12-26 21:32:49,088 - __main__ - INFO - ⏰ 933s | Server: running (CPU) | Clients: 50 nodes (fractional GPU) | Ray GPU usage: 3.7/4.0 (91.4%)
2025-12-26 21:32:54,103 - __main__ - INFO - ⏰ 938s | Server: running (CPU) | Clients: 50 nodes (fractional GPU) | Ray GPU usage: 3.7/4.0 (91.4%)
2025-12-26 21:32:59,117 - __main__ - INFO - ⏰ 943s | Server: running (CPU) | Clients: 50 nodes (fractional GPU) | Ray GPU usage: 3.7/4.0 (91.4%)
2025-12-26 21:33:04,132 - __main__ - INFO - ⏰ 948s | Server: running (CPU) | Clients: 50 nodes (fractional GPU) | Ray GPU usage: 3.7/4.0 (91.4%)
2025-12-26 21:33:09,146 - __main__ - INFO - ⏰ 953s | Server: running (CPU) | Clients: 50 nodes (fractional GPU) | Ray GPU usage: 3.7/4.0 (91.4%)
2025-12-26 21:33:14,161 - __main__ - INFO - ⏰ 958s | Server: running (CPU) | Clients: 50 nodes (fractional GPU) | Ray GPU usage: 3.7/4.0 (91.4%)
2025-12-26 21:33:19,176 - __main__ - INFO - ⏰ 963s | Server: running (CPU) | Clients: 50 nodes (fractional GPU) | Ray GPU usage: 3.7/4.0 (91.4%)
2025-12-26 21:33:24,193 - __main__ - INFO - ⏰ 968s | Server: running (CPU) | Clients: 50 nodes (fractional GPU) | Ray GPU usage: 3.7/4.0 (91.4%)
2025-12-26 21:33:29,208 - __main__ - INFO - ⏰ 973s | Server: running (CPU) | Clients: 50 nodes (fractional GPU) | Ray GPU usage: 3.7/4.0 (91.4%)
2025-12-26 21:33:34,223 - __main__ - INFO - ⏰ 978s | Server: running (CPU) | Clients: 50 nodes (fractional GPU) | Ray GPU usage: 3.7/4.0 (91.4%)
2025-12-26 21:33:39,237 - __main__ - INFO - ⏰ 983s | Server: running (CPU) | Clients: 50 nodes (fractional GPU) | Ray GPU usage: 3.7/4.0 (91.4%)
2025-12-26 21:33:44,251 - __main__ - INFO - ⏰ 988s | Server: running (CPU) | Clients: 50 nodes (fractional GPU) | Ray GPU usage: 3.7/4.0 (91.4%)
2025-12-26 21:33:49,266 - __main__ - INFO - ⏰ 993s | Server: running (CPU) | Clients: 50 nodes (fractional GPU) | Ray GPU usage: 3.7/4.0 (91.4%)
2025-12-26 21:33:54,280 - __main__ - INFO - ⏰ 998s | Server: running (CPU) | Clients: 50 nodes (fractional GPU) | Ray GPU usage: 3.7/4.0 (91.4%)
2025-12-26 21:33:59,296 - __main__ - INFO - ⏰ 1003s | Server: running (CPU) | Clients: 50 nodes (fractional GPU) | Ray GPU usage: 3.7/4.0 (91.4%)
2025-12-26 21:34:04,310 - __main__ - INFO - ⏰ 1008s | Server: running (CPU) | Clients: 50 nodes (fractional GPU) | Ray GPU usage: 3.7/4.0 (91.4%)
2025-12-26 21:34:09,324 - __main__ - INFO - ⏰ 1013s | Server: running (CPU) | Clients: 50 nodes (fractional GPU) | Ray GPU usage: 3.7/4.0 (91.4%)
2025-12-26 21:34:14,338 - __main__ - INFO - ⏰ 1018s | Server: running (CPU) | Clients: 50 nodes (fractional GPU) | Ray GPU usage: 3.7/4.0 (91.4%)
2025-12-26 21:34:19,352 - __main__ - INFO - ⏰ 1023s | Server: running (CPU) | Clients: 50 nodes (fractional GPU) | Ray GPU usage: 3.7/4.0 (91.4%)
2025-12-26 21:34:24,366 - __main__ - INFO - ⏰ 1028s | Server: running (CPU) | Clients: 50 nodes (fractional GPU) | Ray GPU usage: 3.7/4.0 (91.4%)
2025-12-26 21:34:29,381 - __main__ - INFO - ⏰ 1033s | Server: running (CPU) | Clients: 50 nodes (fractional GPU) | Ray GPU usage: 3.7/4.0 (91.4%)
2025-12-26 21:34:34,396 - __main__ - INFO - ⏰ 1038s | Server: running (CPU) | Clients: 50 nodes (fractional GPU) | Ray GPU usage: 3.7/4.0 (91.4%)
2025-12-26 21:34:39,411 - __main__ - INFO - ⏰ 1043s | Server: running (CPU) | Clients: 50 nodes (fractional GPU) | Ray GPU usage: 3.7/4.0 (91.4%)
slurmstepd-srv-it-node02: error: *** JOB 573 ON srv-it-node02 CANCELLED AT 2025-12-26T21:34:40 ***
