2025-12-26 21:34:59,828 - __main__ - INFO - 🚀 Start Ray V2 federated learning
2025-12-26 21:34:59,828 - __main__ - INFO - 📊 Configuration: 50 clients, 100 rounds training, total nodes: 51
2025-12-26 21:34:59,828 - __main__ - INFO - 🧹 Clean environment...
2025-12-26 21:35:06,236 - __main__ - INFO - 🗑️  Cleaned tmpfs chunk directory: /tmp/fl_chunks
2025-12-26 21:35:07,038 - __main__ - DEBUG - 🗑️  Cleaned mount directory (simple): /home/naicheng_li/FLTorrent/docker_data/tmp
2025-12-26 21:35:07,042 - __main__ - DEBUG - 🗑️  Cleaned mount directory (simple): /home/naicheng_li/FLTorrent/docker_data/app_tmp
2025-12-26 21:35:08,051 - __main__ - INFO - ✅ Environment cleanup completed
2025-12-26 21:35:08,051 - __main__ - INFO - 🚀 Applying host network optimizations for ultra-high concurrency...
2025-12-26 21:35:08,161 - __main__ - WARNING - ⚠️  22 network optimizations could not be applied (may need sudo access)
2025-12-26 21:35:08,161 - __main__ - DEBUG -    Failed: net.core.somaxconn - sudo: you do not exist in the passwd database
2025-12-26 21:35:08,161 - __main__ - DEBUG -    Failed: net.core.netdev_max_backlog - sudo: you do not exist in the passwd database
2025-12-26 21:35:08,161 - __main__ - DEBUG -    Failed: net.core.rmem_default - sudo: you do not exist in the passwd database
2025-12-26 21:35:08,161 - __main__ - WARNING - ⚠️  No host network optimizations applied! High-concurrency FL may experience issues.
2025-12-26 21:35:08,161 - __main__ - WARNING -    Consider running with sudo or contacting HPC admin to apply these settings.
2025-12-26 21:35:08,161 - __main__ - INFO - 🦭 Initializing Podman rootless environment...
2025-12-26 21:35:08,164 - __main__ - WARNING - ⚠️  Podman unavailable, trying Docker...
2025-12-26 21:35:08,164 - __main__ - INFO - 📦 Using non-container mode (Fallback)
2025-12-26 21:35:10,095 - __main__ - INFO - 🔍 Found available port for Ray dashboard: 8265
2025-12-26 21:35:10,173 - filelock - DEBUG - Attempting to acquire lock 139839665729648 on /home/naicheng_li/ray/session_2025-12-26_21-35-10_166109_2708183/node_ip_address.json.lock
2025-12-26 21:35:10,176 - filelock - DEBUG - Lock 139839665729648 acquired on /home/naicheng_li/ray/session_2025-12-26_21-35-10_166109_2708183/node_ip_address.json.lock
2025-12-26 21:35:10,179 - filelock - DEBUG - Attempting to release lock 139839665729648 on /home/naicheng_li/ray/session_2025-12-26_21-35-10_166109_2708183/node_ip_address.json.lock
2025-12-26 21:35:10,179 - filelock - DEBUG - Lock 139839665729648 released on /home/naicheng_li/ray/session_2025-12-26_21-35-10_166109_2708183/node_ip_address.json.lock
2025-12-26 21:35:10,180 - filelock - DEBUG - Attempting to acquire lock 139839665724848 on /home/naicheng_li/ray/session_2025-12-26_21-35-10_166109_2708183/ports_by_node.json.lock
2025-12-26 21:35:10,181 - filelock - DEBUG - Lock 139839665724848 acquired on /home/naicheng_li/ray/session_2025-12-26_21-35-10_166109_2708183/ports_by_node.json.lock
2025-12-26 21:35:10,183 - filelock - DEBUG - Attempting to release lock 139839665724848 on /home/naicheng_li/ray/session_2025-12-26_21-35-10_166109_2708183/ports_by_node.json.lock
2025-12-26 21:35:10,183 - filelock - DEBUG - Lock 139839665724848 released on /home/naicheng_li/ray/session_2025-12-26_21-35-10_166109_2708183/ports_by_node.json.lock
2025-12-26 21:35:10,183 - filelock - DEBUG - Attempting to acquire lock 139839665724896 on /home/naicheng_li/ray/session_2025-12-26_21-35-10_166109_2708183/ports_by_node.json.lock
2025-12-26 21:35:10,184 - filelock - DEBUG - Lock 139839665724896 acquired on /home/naicheng_li/ray/session_2025-12-26_21-35-10_166109_2708183/ports_by_node.json.lock
2025-12-26 21:35:10,185 - filelock - DEBUG - Attempting to release lock 139839665724896 on /home/naicheng_li/ray/session_2025-12-26_21-35-10_166109_2708183/ports_by_node.json.lock
2025-12-26 21:35:10,186 - filelock - DEBUG - Lock 139839665724896 released on /home/naicheng_li/ray/session_2025-12-26_21-35-10_166109_2708183/ports_by_node.json.lock
2025-12-26 21:35:10,186 - filelock - DEBUG - Attempting to acquire lock 139839665729504 on /home/naicheng_li/ray/session_2025-12-26_21-35-10_166109_2708183/ports_by_node.json.lock
2025-12-26 21:35:10,187 - filelock - DEBUG - Lock 139839665729504 acquired on /home/naicheng_li/ray/session_2025-12-26_21-35-10_166109_2708183/ports_by_node.json.lock
2025-12-26 21:35:10,188 - filelock - DEBUG - Attempting to release lock 139839665729504 on /home/naicheng_li/ray/session_2025-12-26_21-35-10_166109_2708183/ports_by_node.json.lock
2025-12-26 21:35:10,188 - filelock - DEBUG - Lock 139839665729504 released on /home/naicheng_li/ray/session_2025-12-26_21-35-10_166109_2708183/ports_by_node.json.lock
2025-12-26 21:35:10,188 - filelock - DEBUG - Attempting to acquire lock 139839665732144 on /home/naicheng_li/ray/session_2025-12-26_21-35-10_166109_2708183/ports_by_node.json.lock
2025-12-26 21:35:10,189 - filelock - DEBUG - Lock 139839665732144 acquired on /home/naicheng_li/ray/session_2025-12-26_21-35-10_166109_2708183/ports_by_node.json.lock
2025-12-26 21:35:10,190 - filelock - DEBUG - Attempting to release lock 139839665732144 on /home/naicheng_li/ray/session_2025-12-26_21-35-10_166109_2708183/ports_by_node.json.lock
2025-12-26 21:35:10,190 - filelock - DEBUG - Lock 139839665732144 released on /home/naicheng_li/ray/session_2025-12-26_21-35-10_166109_2708183/ports_by_node.json.lock
2025-12-26 21:35:10,190 - filelock - DEBUG - Attempting to acquire lock 139839665726576 on /home/naicheng_li/ray/session_2025-12-26_21-35-10_166109_2708183/ports_by_node.json.lock
2025-12-26 21:35:10,191 - filelock - DEBUG - Lock 139839665726576 acquired on /home/naicheng_li/ray/session_2025-12-26_21-35-10_166109_2708183/ports_by_node.json.lock
2025-12-26 21:35:10,192 - filelock - DEBUG - Attempting to release lock 139839665726576 on /home/naicheng_li/ray/session_2025-12-26_21-35-10_166109_2708183/ports_by_node.json.lock
2025-12-26 21:35:10,192 - filelock - DEBUG - Lock 139839665726576 released on /home/naicheng_li/ray/session_2025-12-26_21-35-10_166109_2708183/ports_by_node.json.lock
2025-12-26 21:35:12,926	INFO worker.py:1998 -- Started a local Ray instance. View the dashboard at [1m[32m10.0.0.2:8265 [39m[22m
/home/naicheng_li/.conda/envs/flv2/lib/python3.10/site-packages/ray/_private/worker.py:2046: FutureWarning: Tip: In future versions of Ray, Ray will no longer override accelerator visible devices env var if num_gpus=0 or num_gpus=None (default). To enable this behavior and turn off this error message, set RAY_ACCEL_ENV_VAR_OVERRIDE_ON_ZERO=0
  warnings.warn(
2025-12-26 21:35:13,895 - __main__ - INFO - 🚀 Ray cluster initialization completed:
2025-12-26 21:35:13,895 - __main__ - INFO -    📊 Resources: {'memory': 375737353216.0, 'CPU': 64.0, 'node:__internal_head__': 1.0, 'node:10.0.0.2': 1.0, 'object_store_memory': 145967201280.0, 'GPU': 4.0, 'accelerator_type:A100': 1.0}
2025-12-26 21:35:13,895 - __main__ - INFO -    🌐 Dashboard: http://127.0.0.1:8265
2025-12-26 21:35:13,895 - __main__ - DEBUG - Found node: 90b1881a1bed... IP: 10.0.0.2, Resources: {'memory': 375737353216.0, 'node:__internal_head__': 1.0, 'object_store_memory': 145967201280.0, 'CPU': 64.0, 'node:10.0.0.2': 1.0, 'accelerator_type:A100': 1.0, 'GPU': 4.0}
2025-12-26 21:35:13,895 - __main__ - INFO - 🌐 Ray Cluster Topology:
2025-12-26 21:35:13,895 - __main__ - INFO -    📍 Head node: 90b1881a1bed... (Server will run here)
2025-12-26 21:35:13,896 - __main__ - WARNING -    ⚠️ No worker nodes found! Clients will run on head node (not recommended)
2025-12-26 21:35:13,896 - __main__ - INFO - 🎮 Detected GPU type on node 90b1881a1bed...: A100 -> 40.0GB per GPU
2025-12-26 21:35:13,896 - __main__ - INFO - 📍 Head node (90b1881a1bed...): 4.0 GPUs, 160.0GB total memory
2025-12-26 21:35:13,896 - __main__ - INFO - 📊 Total GPU memory across all nodes: 160.0GB
2025-12-26 21:35:13,896 - __main__ - INFO - 📊 Memory per client: 3.0GB → Max capacity: 53 clients
2025-12-26 21:35:13,896 - __main__ - INFO -    Node 90b1881a1bed...: 50 clients (160.0GB / 50 = 3.2GB/client)
2025-12-26 21:35:13,897 - __main__ - INFO -    Node 90b1881a1bed...: 4.0 GPU, 50 clients, max 13 clients/GPU -> 0.0731 GPU/client
2025-12-26 21:35:13,897 - __main__ - INFO - 🎯 GPU allocation summary: {'total_available_gpus': 4.0, 'total_allocated_gpus': 3.655, 'utilization_rate': '91.38%', 'server': 'CPU only', 'per_node_allocation': {'90b1881a1bed': {'count': 50, 'total_gpu': 3.6550000000000025}}, 'gpu_clients': 50, 'cpu_clients': 0}
2025-12-26 21:35:13,897 - __main__ - INFO - 📋 Client distribution: 50 GPU clients, 0 CPU clients
2025-12-26 21:35:13,898 - __main__ - INFO - 🔌 Single-node mode detected - UDS can be enabled
2025-12-26 21:35:13,898 - __main__ - INFO - 📍 Server scheduled to head node: 90b1881a1bed...
2025-12-26 21:35:14,119 - __main__ - INFO - 📦 Using Fallback (no container) for Server
2025-12-26 21:35:14,212 - __main__ - INFO - ✅ Server started: unix:///tmp/federatedscope_uds/server_43705.sock:43705
2025-12-26 21:35:29,223 - __main__ - INFO - 📱 Edge device distribution: {'smartphone': 50}
2025-12-26 21:35:29,223 - __main__ - INFO - 📊 Client distribution plan:
2025-12-26 21:35:29,224 - __main__ - INFO -    Client 1 -> head (90b1881a1bed...), Node CPUs: 64.0, Clients on node: 50
2025-12-26 21:35:29,224 - __main__ - INFO -    Client 2 -> head (90b1881a1bed...), Node CPUs: 64.0, Clients on node: 50
2025-12-26 21:35:29,225 - __main__ - INFO -    Client 3 -> head (90b1881a1bed...), Node CPUs: 64.0, Clients on node: 50
2025-12-26 21:35:29,225 - __main__ - INFO -    Client 4 -> head (90b1881a1bed...), Node CPUs: 64.0, Clients on node: 50
2025-12-26 21:35:29,226 - __main__ - INFO -    Client 5 -> head (90b1881a1bed...), Node CPUs: 64.0, Clients on node: 50
2025-12-26 21:35:29,226 - __main__ - INFO -    Client 6 -> head (90b1881a1bed...), Node CPUs: 64.0, Clients on node: 50
2025-12-26 21:35:29,227 - __main__ - INFO -    Client 7 -> head (90b1881a1bed...), Node CPUs: 64.0, Clients on node: 50
2025-12-26 21:35:29,227 - __main__ - INFO -    Client 8 -> head (90b1881a1bed...), Node CPUs: 64.0, Clients on node: 50
2025-12-26 21:35:29,228 - __main__ - INFO -    Client 9 -> head (90b1881a1bed...), Node CPUs: 64.0, Clients on node: 50
2025-12-26 21:35:29,228 - __main__ - INFO -    Client 10 -> head (90b1881a1bed...), Node CPUs: 64.0, Clients on node: 50
2025-12-26 21:35:29,228 - __main__ - INFO -    Client 11 -> head (90b1881a1bed...), Node CPUs: 64.0, Clients on node: 50
2025-12-26 21:35:29,229 - __main__ - INFO -    Client 12 -> head (90b1881a1bed...), Node CPUs: 64.0, Clients on node: 50
2025-12-26 21:35:29,229 - __main__ - INFO -    Client 13 -> head (90b1881a1bed...), Node CPUs: 64.0, Clients on node: 50
2025-12-26 21:35:29,230 - __main__ - INFO -    Client 14 -> head (90b1881a1bed...), Node CPUs: 64.0, Clients on node: 50
2025-12-26 21:35:29,230 - __main__ - INFO -    Client 15 -> head (90b1881a1bed...), Node CPUs: 64.0, Clients on node: 50
2025-12-26 21:35:29,230 - __main__ - INFO -    Client 16 -> head (90b1881a1bed...), Node CPUs: 64.0, Clients on node: 50
2025-12-26 21:35:29,231 - __main__ - INFO -    Client 17 -> head (90b1881a1bed...), Node CPUs: 64.0, Clients on node: 50
2025-12-26 21:35:29,231 - __main__ - INFO -    Client 18 -> head (90b1881a1bed...), Node CPUs: 64.0, Clients on node: 50
2025-12-26 21:35:29,232 - __main__ - INFO -    Client 19 -> head (90b1881a1bed...), Node CPUs: 64.0, Clients on node: 50
2025-12-26 21:35:29,232 - __main__ - INFO -    Client 20 -> head (90b1881a1bed...), Node CPUs: 64.0, Clients on node: 50
2025-12-26 21:35:29,232 - __main__ - INFO -    Client 21 -> head (90b1881a1bed...), Node CPUs: 64.0, Clients on node: 50
2025-12-26 21:35:29,233 - __main__ - INFO -    Client 22 -> head (90b1881a1bed...), Node CPUs: 64.0, Clients on node: 50
2025-12-26 21:35:29,233 - __main__ - INFO -    Client 23 -> head (90b1881a1bed...), Node CPUs: 64.0, Clients on node: 50
2025-12-26 21:35:29,234 - __main__ - INFO -    Client 24 -> head (90b1881a1bed...), Node CPUs: 64.0, Clients on node: 50
2025-12-26 21:35:29,234 - __main__ - INFO -    Client 25 -> head (90b1881a1bed...), Node CPUs: 64.0, Clients on node: 50
2025-12-26 21:35:29,235 - __main__ - INFO -    Client 26 -> head (90b1881a1bed...), Node CPUs: 64.0, Clients on node: 50
2025-12-26 21:35:29,235 - __main__ - INFO -    Client 27 -> head (90b1881a1bed...), Node CPUs: 64.0, Clients on node: 50
2025-12-26 21:35:29,235 - __main__ - INFO -    Client 28 -> head (90b1881a1bed...), Node CPUs: 64.0, Clients on node: 50
2025-12-26 21:35:29,236 - __main__ - INFO -    Client 29 -> head (90b1881a1bed...), Node CPUs: 64.0, Clients on node: 50
2025-12-26 21:35:29,236 - __main__ - INFO -    Client 30 -> head (90b1881a1bed...), Node CPUs: 64.0, Clients on node: 50
2025-12-26 21:35:29,237 - __main__ - INFO -    Client 31 -> head (90b1881a1bed...), Node CPUs: 64.0, Clients on node: 50
2025-12-26 21:35:29,237 - __main__ - INFO -    Client 32 -> head (90b1881a1bed...), Node CPUs: 64.0, Clients on node: 50
2025-12-26 21:35:29,237 - __main__ - INFO -    Client 33 -> head (90b1881a1bed...), Node CPUs: 64.0, Clients on node: 50
2025-12-26 21:35:29,238 - __main__ - INFO -    Client 34 -> head (90b1881a1bed...), Node CPUs: 64.0, Clients on node: 50
2025-12-26 21:35:29,238 - __main__ - INFO -    Client 35 -> head (90b1881a1bed...), Node CPUs: 64.0, Clients on node: 50
2025-12-26 21:35:29,239 - __main__ - INFO -    Client 36 -> head (90b1881a1bed...), Node CPUs: 64.0, Clients on node: 50
2025-12-26 21:35:29,239 - __main__ - INFO -    Client 37 -> head (90b1881a1bed...), Node CPUs: 64.0, Clients on node: 50
2025-12-26 21:35:29,239 - __main__ - INFO -    Client 38 -> head (90b1881a1bed...), Node CPUs: 64.0, Clients on node: 50
2025-12-26 21:35:29,240 - __main__ - INFO -    Client 39 -> head (90b1881a1bed...), Node CPUs: 64.0, Clients on node: 50
2025-12-26 21:35:29,240 - __main__ - INFO -    Client 40 -> head (90b1881a1bed...), Node CPUs: 64.0, Clients on node: 50
2025-12-26 21:35:29,240 - __main__ - INFO -    Client 41 -> head (90b1881a1bed...), Node CPUs: 64.0, Clients on node: 50
2025-12-26 21:35:29,241 - __main__ - INFO -    Client 42 -> head (90b1881a1bed...), Node CPUs: 64.0, Clients on node: 50
2025-12-26 21:35:29,241 - __main__ - INFO -    Client 43 -> head (90b1881a1bed...), Node CPUs: 64.0, Clients on node: 50
2025-12-26 21:35:29,242 - __main__ - INFO -    Client 44 -> head (90b1881a1bed...), Node CPUs: 64.0, Clients on node: 50
2025-12-26 21:35:29,242 - __main__ - INFO -    Client 45 -> head (90b1881a1bed...), Node CPUs: 64.0, Clients on node: 50
2025-12-26 21:35:29,243 - __main__ - INFO -    Client 46 -> head (90b1881a1bed...), Node CPUs: 64.0, Clients on node: 50
2025-12-26 21:35:29,243 - __main__ - INFO -    Client 47 -> head (90b1881a1bed...), Node CPUs: 64.0, Clients on node: 50
2025-12-26 21:35:29,243 - __main__ - INFO -    Client 48 -> head (90b1881a1bed...), Node CPUs: 64.0, Clients on node: 50
2025-12-26 21:35:29,244 - __main__ - INFO -    Client 49 -> head (90b1881a1bed...), Node CPUs: 64.0, Clients on node: 50
2025-12-26 21:35:29,244 - __main__ - INFO -    Client 50 -> head (90b1881a1bed...), Node CPUs: 64.0, Clients on node: 50
2025-12-26 21:35:29,245 - __main__ - INFO - 🔧 Client 1 resources: num_cpus=1.1120, num_gpus=0.0731, memory=2.00GB
2025-12-26 21:35:29,334 - __main__ - INFO - ✅ Client 1 (smartphone) started on head node (90b1881a1bed...)
2025-12-26 21:35:32,337 - __main__ - INFO - 🔧 Client 2 resources: num_cpus=1.1120, num_gpus=0.0731, memory=2.00GB
2025-12-26 21:35:32,428 - __main__ - INFO - ✅ Client 2 (smartphone) started on head node (90b1881a1bed...)
2025-12-26 21:35:35,432 - __main__ - INFO - 🔧 Client 3 resources: num_cpus=1.1120, num_gpus=0.0731, memory=2.00GB
2025-12-26 21:35:35,512 - __main__ - INFO - ✅ Client 3 (smartphone) started on head node (90b1881a1bed...)
2025-12-26 21:35:38,515 - __main__ - INFO - 🔧 Client 4 resources: num_cpus=1.1120, num_gpus=0.0731, memory=2.00GB
2025-12-26 21:35:38,594 - __main__ - INFO - ✅ Client 4 (smartphone) started on head node (90b1881a1bed...)
2025-12-26 21:35:41,598 - __main__ - INFO - 🔧 Client 5 resources: num_cpus=1.1120, num_gpus=0.0731, memory=2.00GB
2025-12-26 21:35:41,691 - __main__ - INFO - ✅ Client 5 (smartphone) started on head node (90b1881a1bed...)
2025-12-26 21:35:44,693 - __main__ - INFO - 🔧 Client 6 resources: num_cpus=1.1120, num_gpus=0.0731, memory=2.00GB
2025-12-26 21:35:44,779 - __main__ - INFO - ✅ Client 6 (smartphone) started on head node (90b1881a1bed...)
2025-12-26 21:35:47,783 - __main__ - INFO - 🔧 Client 7 resources: num_cpus=1.1120, num_gpus=0.0731, memory=2.00GB
2025-12-26 21:35:47,872 - __main__ - INFO - ✅ Client 7 (smartphone) started on head node (90b1881a1bed...)
2025-12-26 21:35:50,875 - __main__ - INFO - 🔧 Client 8 resources: num_cpus=1.1120, num_gpus=0.0731, memory=2.00GB
2025-12-26 21:35:50,960 - __main__ - INFO - ✅ Client 8 (smartphone) started on head node (90b1881a1bed...)
2025-12-26 21:35:53,964 - __main__ - INFO - 🔧 Client 9 resources: num_cpus=1.1120, num_gpus=0.0731, memory=2.00GB
2025-12-26 21:35:54,052 - __main__ - INFO - ✅ Client 9 (smartphone) started on head node (90b1881a1bed...)
2025-12-26 21:35:57,056 - __main__ - INFO - 🔧 Client 10 resources: num_cpus=1.1120, num_gpus=0.0731, memory=2.00GB
2025-12-26 21:35:57,138 - __main__ - INFO - ✅ Client 10 (smartphone) started on head node (90b1881a1bed...)
2025-12-26 21:36:00,139 - __main__ - INFO - 🔧 Client 11 resources: num_cpus=1.1120, num_gpus=0.0731, memory=2.00GB
2025-12-26 21:36:00,236 - __main__ - INFO - ✅ Client 11 (smartphone) started on head node (90b1881a1bed...)
2025-12-26 21:36:03,239 - __main__ - INFO - 🔧 Client 12 resources: num_cpus=1.1120, num_gpus=0.0731, memory=2.00GB
2025-12-26 21:36:03,316 - __main__ - INFO - ✅ Client 12 (smartphone) started on head node (90b1881a1bed...)
2025-12-26 21:36:06,320 - __main__ - INFO - 🔧 Client 13 resources: num_cpus=1.1120, num_gpus=0.0731, memory=2.00GB
2025-12-26 21:36:06,402 - __main__ - INFO - ✅ Client 13 (smartphone) started on head node (90b1881a1bed...)
2025-12-26 21:36:09,404 - __main__ - INFO - 🔧 Client 14 resources: num_cpus=1.1120, num_gpus=0.0731, memory=2.00GB
2025-12-26 21:36:09,487 - __main__ - INFO - ✅ Client 14 (smartphone) started on head node (90b1881a1bed...)
2025-12-26 21:36:12,490 - __main__ - INFO - 🔧 Client 15 resources: num_cpus=1.1120, num_gpus=0.0731, memory=2.00GB
2025-12-26 21:36:12,586 - __main__ - INFO - ✅ Client 15 (smartphone) started on head node (90b1881a1bed...)
2025-12-26 21:36:15,589 - __main__ - INFO - 🔧 Client 16 resources: num_cpus=1.1120, num_gpus=0.0731, memory=2.00GB
2025-12-26 21:36:15,675 - __main__ - INFO - ✅ Client 16 (smartphone) started on head node (90b1881a1bed...)
2025-12-26 21:36:18,679 - __main__ - INFO - 🔧 Client 17 resources: num_cpus=1.1120, num_gpus=0.0731, memory=2.00GB
2025-12-26 21:36:18,769 - __main__ - INFO - ✅ Client 17 (smartphone) started on head node (90b1881a1bed...)
2025-12-26 21:36:21,772 - __main__ - INFO - 🔧 Client 18 resources: num_cpus=1.1120, num_gpus=0.0731, memory=2.00GB
2025-12-26 21:36:21,856 - __main__ - INFO - ✅ Client 18 (smartphone) started on head node (90b1881a1bed...)
2025-12-26 21:36:24,858 - __main__ - INFO - 🔧 Client 19 resources: num_cpus=1.1120, num_gpus=0.0731, memory=2.00GB
2025-12-26 21:36:24,945 - __main__ - INFO - ✅ Client 19 (smartphone) started on head node (90b1881a1bed...)
2025-12-26 21:36:27,949 - __main__ - INFO - 🔧 Client 20 resources: num_cpus=1.1120, num_gpus=0.0731, memory=2.00GB
2025-12-26 21:36:28,033 - __main__ - INFO - ✅ Client 20 (smartphone) started on head node (90b1881a1bed...)
2025-12-26 21:36:31,037 - __main__ - INFO - 🔧 Client 21 resources: num_cpus=1.1120, num_gpus=0.0731, memory=2.00GB
2025-12-26 21:36:31,131 - __main__ - INFO - ✅ Client 21 (smartphone) started on head node (90b1881a1bed...)
2025-12-26 21:36:34,132 - __main__ - INFO - 🔧 Client 22 resources: num_cpus=1.1120, num_gpus=0.0731, memory=2.00GB
2025-12-26 21:36:34,225 - __main__ - INFO - ✅ Client 22 (smartphone) started on head node (90b1881a1bed...)
2025-12-26 21:36:37,226 - __main__ - INFO - 🔧 Client 23 resources: num_cpus=1.1120, num_gpus=0.0731, memory=2.00GB
2025-12-26 21:36:37,310 - __main__ - INFO - ✅ Client 23 (smartphone) started on head node (90b1881a1bed...)
2025-12-26 21:36:40,314 - __main__ - INFO - 🔧 Client 24 resources: num_cpus=1.1120, num_gpus=0.0731, memory=2.00GB
2025-12-26 21:36:40,396 - __main__ - INFO - ✅ Client 24 (smartphone) started on head node (90b1881a1bed...)
2025-12-26 21:36:43,397 - __main__ - INFO - 🔧 Client 25 resources: num_cpus=1.1120, num_gpus=0.0731, memory=2.00GB
2025-12-26 21:36:43,493 - __main__ - INFO - ✅ Client 25 (smartphone) started on head node (90b1881a1bed...)
2025-12-26 21:36:46,497 - __main__ - INFO - 🔧 Client 26 resources: num_cpus=1.1120, num_gpus=0.0731, memory=2.00GB
2025-12-26 21:36:46,583 - __main__ - INFO - ✅ Client 26 (smartphone) started on head node (90b1881a1bed...)
2025-12-26 21:36:49,587 - __main__ - INFO - 🔧 Client 27 resources: num_cpus=1.1120, num_gpus=0.0731, memory=2.00GB
2025-12-26 21:36:49,675 - __main__ - INFO - ✅ Client 27 (smartphone) started on head node (90b1881a1bed...)
2025-12-26 21:36:52,679 - __main__ - INFO - 🔧 Client 28 resources: num_cpus=1.1120, num_gpus=0.0731, memory=2.00GB
2025-12-26 21:36:52,771 - __main__ - INFO - ✅ Client 28 (smartphone) started on head node (90b1881a1bed...)
2025-12-26 21:36:55,774 - __main__ - INFO - 🔧 Client 29 resources: num_cpus=1.1120, num_gpus=0.0731, memory=2.00GB
2025-12-26 21:36:55,861 - __main__ - INFO - ✅ Client 29 (smartphone) started on head node (90b1881a1bed...)
2025-12-26 21:36:58,865 - __main__ - INFO - 🔧 Client 30 resources: num_cpus=1.1120, num_gpus=0.0731, memory=2.00GB
2025-12-26 21:36:58,946 - __main__ - INFO - ✅ Client 30 (smartphone) started on head node (90b1881a1bed...)
2025-12-26 21:37:01,950 - __main__ - INFO - 🔧 Client 31 resources: num_cpus=1.1120, num_gpus=0.0731, memory=2.00GB
2025-12-26 21:37:02,041 - __main__ - INFO - ✅ Client 31 (smartphone) started on head node (90b1881a1bed...)
2025-12-26 21:37:05,045 - __main__ - INFO - 🔧 Client 32 resources: num_cpus=1.1120, num_gpus=0.0731, memory=2.00GB
2025-12-26 21:37:05,135 - __main__ - INFO - ✅ Client 32 (smartphone) started on head node (90b1881a1bed...)
2025-12-26 21:37:08,139 - __main__ - INFO - 🔧 Client 33 resources: num_cpus=1.1120, num_gpus=0.0731, memory=2.00GB
2025-12-26 21:37:08,232 - __main__ - INFO - ✅ Client 33 (smartphone) started on head node (90b1881a1bed...)
2025-12-26 21:37:11,233 - __main__ - INFO - 🔧 Client 34 resources: num_cpus=1.1120, num_gpus=0.0731, memory=2.00GB
2025-12-26 21:37:11,328 - __main__ - INFO - ✅ Client 34 (smartphone) started on head node (90b1881a1bed...)
2025-12-26 21:37:14,332 - __main__ - INFO - 🔧 Client 35 resources: num_cpus=1.1120, num_gpus=0.0731, memory=2.00GB
2025-12-26 21:37:14,422 - __main__ - INFO - ✅ Client 35 (smartphone) started on head node (90b1881a1bed...)
2025-12-26 21:37:17,426 - __main__ - INFO - 🔧 Client 36 resources: num_cpus=1.1120, num_gpus=0.0731, memory=2.00GB
2025-12-26 21:37:17,511 - __main__ - INFO - ✅ Client 36 (smartphone) started on head node (90b1881a1bed...)
2025-12-26 21:37:20,515 - __main__ - INFO - 🔧 Client 37 resources: num_cpus=1.1120, num_gpus=0.0731, memory=2.00GB
2025-12-26 21:37:20,606 - __main__ - INFO - ✅ Client 37 (smartphone) started on head node (90b1881a1bed...)
2025-12-26 21:37:23,610 - __main__ - INFO - 🔧 Client 38 resources: num_cpus=1.1120, num_gpus=0.0731, memory=2.00GB
2025-12-26 21:37:23,699 - __main__ - INFO - ✅ Client 38 (smartphone) started on head node (90b1881a1bed...)
2025-12-26 21:37:26,702 - __main__ - INFO - 🔧 Client 39 resources: num_cpus=1.1120, num_gpus=0.0731, memory=2.00GB
2025-12-26 21:37:26,784 - __main__ - INFO - ✅ Client 39 (smartphone) started on head node (90b1881a1bed...)
2025-12-26 21:37:29,787 - __main__ - INFO - 🔧 Client 40 resources: num_cpus=1.1120, num_gpus=0.0731, memory=2.00GB
2025-12-26 21:37:29,874 - __main__ - INFO - ✅ Client 40 (smartphone) started on head node (90b1881a1bed...)
2025-12-26 21:37:32,877 - __main__ - INFO - 🔧 Client 41 resources: num_cpus=1.1120, num_gpus=0.0731, memory=2.00GB
2025-12-26 21:37:32,967 - __main__ - INFO - ✅ Client 41 (smartphone) started on head node (90b1881a1bed...)
2025-12-26 21:37:35,968 - __main__ - INFO - 🔧 Client 42 resources: num_cpus=1.1120, num_gpus=0.0731, memory=2.00GB
2025-12-26 21:37:36,047 - __main__ - INFO - ✅ Client 42 (smartphone) started on head node (90b1881a1bed...)
2025-12-26 21:37:39,050 - __main__ - INFO - 🔧 Client 43 resources: num_cpus=1.1120, num_gpus=0.0731, memory=2.00GB
2025-12-26 21:37:39,141 - __main__ - INFO - ✅ Client 43 (smartphone) started on head node (90b1881a1bed...)
2025-12-26 21:37:42,145 - __main__ - INFO - 🔧 Client 44 resources: num_cpus=1.1120, num_gpus=0.0731, memory=2.00GB
2025-12-26 21:37:42,242 - __main__ - INFO - ✅ Client 44 (smartphone) started on head node (90b1881a1bed...)
2025-12-26 21:37:45,246 - __main__ - INFO - 🔧 Client 45 resources: num_cpus=1.1120, num_gpus=0.0731, memory=2.00GB
2025-12-26 21:37:45,341 - __main__ - INFO - ✅ Client 45 (smartphone) started on head node (90b1881a1bed...)
2025-12-26 21:37:48,345 - __main__ - INFO - 🔧 Client 46 resources: num_cpus=1.1120, num_gpus=0.0731, memory=2.00GB
2025-12-26 21:37:48,442 - __main__ - INFO - ✅ Client 46 (smartphone) started on head node (90b1881a1bed...)
2025-12-26 21:37:51,446 - __main__ - INFO - 🔧 Client 47 resources: num_cpus=1.1120, num_gpus=0.0731, memory=2.00GB
2025-12-26 21:37:51,534 - __main__ - INFO - ✅ Client 47 (smartphone) started on head node (90b1881a1bed...)
2025-12-26 21:37:54,536 - __main__ - INFO - 🔧 Client 48 resources: num_cpus=1.1120, num_gpus=0.0731, memory=2.00GB
2025-12-26 21:37:54,634 - __main__ - INFO - ✅ Client 48 (smartphone) started on head node (90b1881a1bed...)
2025-12-26 21:37:57,637 - __main__ - INFO - 🔧 Client 49 resources: num_cpus=1.1120, num_gpus=0.0731, memory=2.00GB
2025-12-26 21:37:57,722 - __main__ - INFO - ✅ Client 49 (smartphone) started on head node (90b1881a1bed...)
2025-12-26 21:38:00,725 - __main__ - INFO - 🔧 Client 50 resources: num_cpus=1.1120, num_gpus=0.0731, memory=2.00GB
2025-12-26 21:38:00,820 - __main__ - INFO - ✅ Client 50 (smartphone) started on head node (90b1881a1bed...)
2025-12-26 21:38:03,823 - __main__ - INFO - ✅ 50/50 Docker clients started successfully
2025-12-26 21:38:03,823 - __main__ - INFO - ✅ All 50 clients have completed startup
2025-12-26 21:38:03,823 - __main__ - INFO - 📊 Starting training monitoring (999999999 seconds)...
2025-12-26 21:38:03,835 - __main__ - INFO - ⏰ 0s | Server: running (CPU) | Clients: 50 nodes (fractional GPU) | Ray GPU usage: 3.7/4.0 (91.4%)
2025-12-26 21:38:08,847 - __main__ - INFO - ⏰ 5s | Server: running (CPU) | Clients: 50 nodes (fractional GPU) | Ray GPU usage: 3.7/4.0 (91.4%)
2025-12-26 21:38:13,865 - __main__ - INFO - ⏰ 10s | Server: running (CPU) | Clients: 50 nodes (fractional GPU) | Ray GPU usage: 3.7/4.0 (91.4%)
2025-12-26 21:38:18,883 - __main__ - INFO - ⏰ 15s | Server: running (CPU) | Clients: 50 nodes (fractional GPU) | Ray GPU usage: 3.7/4.0 (91.4%)
2025-12-26 21:38:23,900 - __main__ - INFO - ⏰ 20s | Server: running (CPU) | Clients: 50 nodes (fractional GPU) | Ray GPU usage: 3.7/4.0 (91.4%)
2025-12-26 21:38:28,919 - __main__ - INFO - ⏰ 25s | Server: running (CPU) | Clients: 50 nodes (fractional GPU) | Ray GPU usage: 3.7/4.0 (91.4%)
2025-12-26 21:38:33,933 - __main__ - INFO - ⏰ 30s | Server: running (CPU) | Clients: 50 nodes (fractional GPU) | Ray GPU usage: 3.7/4.0 (91.4%)
2025-12-26 21:38:38,949 - __main__ - INFO - ⏰ 35s | Server: running (CPU) | Clients: 50 nodes (fractional GPU) | Ray GPU usage: 3.7/4.0 (91.4%)
2025-12-26 21:38:43,967 - __main__ - INFO - ⏰ 40s | Server: running (CPU) | Clients: 50 nodes (fractional GPU) | Ray GPU usage: 3.7/4.0 (91.4%)
2025-12-26 21:38:49,005 - __main__ - INFO - ⏰ 45s | Server: running (CPU) | Clients: 50 nodes (fractional GPU) | Ray GPU usage: 3.7/4.0 (91.4%)
2025-12-26 21:38:54,048 - __main__ - INFO - ⏰ 50s | Server: running (CPU) | Clients: 50 nodes (fractional GPU) | Ray GPU usage: 3.7/4.0 (91.4%)
2025-12-26 21:38:59,086 - __main__ - INFO - ⏰ 55s | Server: running (CPU) | Clients: 50 nodes (fractional GPU) | Ray GPU usage: 3.7/4.0 (91.4%)
2025-12-26 21:39:04,121 - __main__ - INFO - ⏰ 60s | Server: running (CPU) | Clients: 50 nodes (fractional GPU) | Ray GPU usage: 3.7/4.0 (91.4%)
2025-12-26 21:39:09,159 - __main__ - INFO - ⏰ 65s | Server: running (CPU) | Clients: 50 nodes (fractional GPU) | Ray GPU usage: 3.7/4.0 (91.4%)
2025-12-26 21:39:14,193 - __main__ - INFO - ⏰ 70s | Server: running (CPU) | Clients: 50 nodes (fractional GPU) | Ray GPU usage: 3.7/4.0 (91.4%)
2025-12-26 21:39:19,230 - __main__ - INFO - ⏰ 75s | Server: running (CPU) | Clients: 50 nodes (fractional GPU) | Ray GPU usage: 3.7/4.0 (91.4%)
2025-12-26 21:39:24,270 - __main__ - INFO - ⏰ 80s | Server: running (CPU) | Clients: 50 nodes (fractional GPU) | Ray GPU usage: 3.7/4.0 (91.4%)
2025-12-26 21:39:29,311 - __main__ - INFO - ⏰ 85s | Server: running (CPU) | Clients: 50 nodes (fractional GPU) | Ray GPU usage: 3.7/4.0 (91.4%)
2025-12-26 21:39:34,347 - __main__ - INFO - ⏰ 90s | Server: running (CPU) | Clients: 50 nodes (fractional GPU) | Ray GPU usage: 3.7/4.0 (91.4%)
2025-12-26 21:39:39,387 - __main__ - INFO - ⏰ 95s | Server: running (CPU) | Clients: 50 nodes (fractional GPU) | Ray GPU usage: 3.7/4.0 (91.4%)
2025-12-26 21:39:44,425 - __main__ - INFO - ⏰ 100s | Server: running (CPU) | Clients: 50 nodes (fractional GPU) | Ray GPU usage: 3.7/4.0 (91.4%)
2025-12-26 21:39:49,465 - __main__ - INFO - ⏰ 105s | Server: running (CPU) | Clients: 50 nodes (fractional GPU) | Ray GPU usage: 3.7/4.0 (91.4%)
2025-12-26 21:39:54,506 - __main__ - INFO - ⏰ 110s | Server: running (CPU) | Clients: 50 nodes (fractional GPU) | Ray GPU usage: 3.7/4.0 (91.4%)
2025-12-26 21:39:59,540 - __main__ - INFO - ⏰ 115s | Server: running (CPU) | Clients: 50 nodes (fractional GPU) | Ray GPU usage: 3.7/4.0 (91.4%)
2025-12-26 21:40:04,579 - __main__ - INFO - ⏰ 120s | Server: running (CPU) | Clients: 50 nodes (fractional GPU) | Ray GPU usage: 3.7/4.0 (91.4%)
2025-12-26 21:40:09,618 - __main__ - INFO - ⏰ 125s | Server: running (CPU) | Clients: 50 nodes (fractional GPU) | Ray GPU usage: 3.7/4.0 (91.4%)
2025-12-26 21:40:14,652 - __main__ - INFO - ⏰ 130s | Server: running (CPU) | Clients: 50 nodes (fractional GPU) | Ray GPU usage: 3.7/4.0 (91.4%)
2025-12-26 21:40:19,687 - __main__ - INFO - ⏰ 135s | Server: running (CPU) | Clients: 50 nodes (fractional GPU) | Ray GPU usage: 3.7/4.0 (91.4%)
2025-12-26 21:40:24,727 - __main__ - INFO - ⏰ 140s | Server: running (CPU) | Clients: 50 nodes (fractional GPU) | Ray GPU usage: 3.7/4.0 (91.4%)
2025-12-26 21:40:29,770 - __main__ - INFO - ⏰ 145s | Server: running (CPU) | Clients: 50 nodes (fractional GPU) | Ray GPU usage: 3.7/4.0 (91.4%)
2025-12-26 21:40:34,808 - __main__ - INFO - ⏰ 150s | Server: running (CPU) | Clients: 50 nodes (fractional GPU) | Ray GPU usage: 3.7/4.0 (91.4%)
2025-12-26 21:40:39,845 - __main__ - INFO - ⏰ 155s | Server: running (CPU) | Clients: 50 nodes (fractional GPU) | Ray GPU usage: 3.7/4.0 (91.4%)
2025-12-26 21:40:44,875 - __main__ - INFO - ⏰ 161s | Server: running (CPU) | Clients: 50 nodes (fractional GPU) | Ray GPU usage: 3.7/4.0 (91.4%)
2025-12-26 21:40:49,909 - __main__ - INFO - ⏰ 166s | Server: running (CPU) | Clients: 50 nodes (fractional GPU) | Ray GPU usage: 3.7/4.0 (91.4%)
2025-12-26 21:40:54,945 - __main__ - INFO - ⏰ 171s | Server: running (CPU) | Clients: 50 nodes (fractional GPU) | Ray GPU usage: 3.7/4.0 (91.4%)
2025-12-26 21:40:59,979 - __main__ - INFO - ⏰ 176s | Server: running (CPU) | Clients: 50 nodes (fractional GPU) | Ray GPU usage: 3.7/4.0 (91.4%)
2025-12-26 21:41:05,016 - __main__ - INFO - ⏰ 181s | Server: running (CPU) | Clients: 50 nodes (fractional GPU) | Ray GPU usage: 3.7/4.0 (91.4%)
2025-12-26 21:41:10,050 - __main__ - INFO - ⏰ 186s | Server: running (CPU) | Clients: 50 nodes (fractional GPU) | Ray GPU usage: 3.7/4.0 (91.4%)
2025-12-26 21:41:15,081 - __main__ - INFO - ⏰ 191s | Server: running (CPU) | Clients: 50 nodes (fractional GPU) | Ray GPU usage: 3.7/4.0 (91.4%)
2025-12-26 21:41:20,104 - __main__ - INFO - ⏰ 196s | Server: running (CPU) | Clients: 50 nodes (fractional GPU) | Ray GPU usage: 3.7/4.0 (91.4%)
2025-12-26 21:41:25,124 - __main__ - INFO - ⏰ 201s | Server: running (CPU) | Clients: 50 nodes (fractional GPU) | Ray GPU usage: 3.7/4.0 (91.4%)
2025-12-26 21:41:30,140 - __main__ - INFO - ⏰ 206s | Server: running (CPU) | Clients: 50 nodes (fractional GPU) | Ray GPU usage: 3.7/4.0 (91.4%)
2025-12-26 21:41:35,157 - __main__ - INFO - ⏰ 211s | Server: running (CPU) | Clients: 50 nodes (fractional GPU) | Ray GPU usage: 3.7/4.0 (91.4%)
2025-12-26 21:41:40,175 - __main__ - INFO - ⏰ 216s | Server: running (CPU) | Clients: 50 nodes (fractional GPU) | Ray GPU usage: 3.7/4.0 (91.4%)
2025-12-26 21:41:45,191 - __main__ - INFO - ⏰ 221s | Server: running (CPU) | Clients: 50 nodes (fractional GPU) | Ray GPU usage: 3.7/4.0 (91.4%)
2025-12-26 21:41:50,208 - __main__ - INFO - ⏰ 226s | Server: running (CPU) | Clients: 50 nodes (fractional GPU) | Ray GPU usage: 3.7/4.0 (91.4%)
2025-12-26 21:41:55,223 - __main__ - INFO - ⏰ 231s | Server: running (CPU) | Clients: 50 nodes (fractional GPU) | Ray GPU usage: 3.7/4.0 (91.4%)
2025-12-26 21:42:00,239 - __main__ - INFO - ⏰ 236s | Server: running (CPU) | Clients: 50 nodes (fractional GPU) | Ray GPU usage: 3.7/4.0 (91.4%)
2025-12-26 21:42:05,256 - __main__ - INFO - ⏰ 241s | Server: running (CPU) | Clients: 50 nodes (fractional GPU) | Ray GPU usage: 3.7/4.0 (91.4%)
2025-12-26 21:42:10,273 - __main__ - INFO - ⏰ 246s | Server: running (CPU) | Clients: 50 nodes (fractional GPU) | Ray GPU usage: 3.7/4.0 (91.4%)
2025-12-26 21:42:15,287 - __main__ - INFO - ⏰ 251s | Server: running (CPU) | Clients: 50 nodes (fractional GPU) | Ray GPU usage: 3.7/4.0 (91.4%)
2025-12-26 21:42:20,306 - __main__ - INFO - ⏰ 256s | Server: running (CPU) | Clients: 50 nodes (fractional GPU) | Ray GPU usage: 3.7/4.0 (91.4%)
2025-12-26 21:42:25,319 - __main__ - INFO - ⏰ 261s | Server: running (CPU) | Clients: 50 nodes (fractional GPU) | Ray GPU usage: 3.7/4.0 (91.4%)
2025-12-26 21:42:30,333 - __main__ - INFO - ⏰ 266s | Server: running (CPU) | Clients: 50 nodes (fractional GPU) | Ray GPU usage: 3.7/4.0 (91.4%)
2025-12-26 21:42:35,347 - __main__ - INFO - ⏰ 271s | Server: running (CPU) | Clients: 50 nodes (fractional GPU) | Ray GPU usage: 3.7/4.0 (91.4%)
2025-12-26 21:42:40,362 - __main__ - INFO - ⏰ 276s | Server: running (CPU) | Clients: 50 nodes (fractional GPU) | Ray GPU usage: 3.7/4.0 (91.4%)
2025-12-26 21:42:45,376 - __main__ - INFO - ⏰ 281s | Server: running (CPU) | Clients: 50 nodes (fractional GPU) | Ray GPU usage: 3.7/4.0 (91.4%)
2025-12-26 21:42:50,390 - __main__ - INFO - ⏰ 286s | Server: running (CPU) | Clients: 50 nodes (fractional GPU) | Ray GPU usage: 3.7/4.0 (91.4%)
2025-12-26 21:42:55,405 - __main__ - INFO - ⏰ 291s | Server: running (CPU) | Clients: 50 nodes (fractional GPU) | Ray GPU usage: 3.7/4.0 (91.4%)
2025-12-26 21:43:00,420 - __main__ - INFO - ⏰ 296s | Server: running (CPU) | Clients: 50 nodes (fractional GPU) | Ray GPU usage: 3.7/4.0 (91.4%)
2025-12-26 21:43:05,438 - __main__ - INFO - ⏰ 301s | Server: running (CPU) | Clients: 50 nodes (fractional GPU) | Ray GPU usage: 3.7/4.0 (91.4%)
2025-12-26 21:43:10,456 - __main__ - INFO - ⏰ 306s | Server: running (CPU) | Clients: 50 nodes (fractional GPU) | Ray GPU usage: 3.7/4.0 (91.4%)
2025-12-26 21:43:15,474 - __main__ - INFO - ⏰ 311s | Server: running (CPU) | Clients: 50 nodes (fractional GPU) | Ray GPU usage: 3.7/4.0 (91.4%)
2025-12-26 21:43:20,487 - __main__ - INFO - ⏰ 316s | Server: running (CPU) | Clients: 50 nodes (fractional GPU) | Ray GPU usage: 3.7/4.0 (91.4%)
2025-12-26 21:43:25,501 - __main__ - INFO - ⏰ 321s | Server: running (CPU) | Clients: 50 nodes (fractional GPU) | Ray GPU usage: 3.7/4.0 (91.4%)
2025-12-26 21:43:30,515 - __main__ - INFO - ⏰ 326s | Server: running (CPU) | Clients: 50 nodes (fractional GPU) | Ray GPU usage: 3.7/4.0 (91.4%)
2025-12-26 21:43:35,529 - __main__ - INFO - ⏰ 331s | Server: running (CPU) | Clients: 50 nodes (fractional GPU) | Ray GPU usage: 3.7/4.0 (91.4%)
2025-12-26 21:43:40,542 - __main__ - INFO - ⏰ 336s | Server: running (CPU) | Clients: 50 nodes (fractional GPU) | Ray GPU usage: 3.7/4.0 (91.4%)
2025-12-26 21:43:45,556 - __main__ - INFO - ⏰ 341s | Server: running (CPU) | Clients: 50 nodes (fractional GPU) | Ray GPU usage: 3.7/4.0 (91.4%)
2025-12-26 21:43:50,574 - __main__ - INFO - ⏰ 346s | Server: running (CPU) | Clients: 50 nodes (fractional GPU) | Ray GPU usage: 3.7/4.0 (91.4%)
2025-12-26 21:43:55,590 - __main__ - INFO - ⏰ 351s | Server: running (CPU) | Clients: 50 nodes (fractional GPU) | Ray GPU usage: 3.7/4.0 (91.4%)
2025-12-26 21:44:00,607 - __main__ - INFO - ⏰ 356s | Server: running (CPU) | Clients: 50 nodes (fractional GPU) | Ray GPU usage: 3.7/4.0 (91.4%)
2025-12-26 21:44:05,624 - __main__ - INFO - ⏰ 361s | Server: running (CPU) | Clients: 50 nodes (fractional GPU) | Ray GPU usage: 3.7/4.0 (91.4%)
2025-12-26 21:44:10,641 - __main__ - INFO - ⏰ 366s | Server: running (CPU) | Clients: 50 nodes (fractional GPU) | Ray GPU usage: 3.7/4.0 (91.4%)
2025-12-26 21:44:15,663 - __main__ - INFO - ⏰ 371s | Server: running (CPU) | Clients: 50 nodes (fractional GPU) | Ray GPU usage: 3.7/4.0 (91.4%)
2025-12-26 21:44:20,678 - __main__ - INFO - ⏰ 376s | Server: running (CPU) | Clients: 50 nodes (fractional GPU) | Ray GPU usage: 3.7/4.0 (91.4%)
2025-12-26 21:44:25,692 - __main__ - INFO - ⏰ 381s | Server: running (CPU) | Clients: 50 nodes (fractional GPU) | Ray GPU usage: 3.7/4.0 (91.4%)
2025-12-26 21:44:30,707 - __main__ - INFO - ⏰ 386s | Server: running (CPU) | Clients: 50 nodes (fractional GPU) | Ray GPU usage: 3.7/4.0 (91.4%)
2025-12-26 21:44:35,721 - __main__ - INFO - ⏰ 391s | Server: running (CPU) | Clients: 50 nodes (fractional GPU) | Ray GPU usage: 3.7/4.0 (91.4%)
2025-12-26 21:44:40,735 - __main__ - INFO - ⏰ 396s | Server: running (CPU) | Clients: 50 nodes (fractional GPU) | Ray GPU usage: 3.7/4.0 (91.4%)
2025-12-26 21:44:45,749 - __main__ - INFO - ⏰ 401s | Server: running (CPU) | Clients: 50 nodes (fractional GPU) | Ray GPU usage: 3.7/4.0 (91.4%)
2025-12-26 21:44:50,764 - __main__ - INFO - ⏰ 406s | Server: running (CPU) | Clients: 50 nodes (fractional GPU) | Ray GPU usage: 3.7/4.0 (91.4%)
2025-12-26 21:44:55,778 - __main__ - INFO - ⏰ 411s | Server: running (CPU) | Clients: 50 nodes (fractional GPU) | Ray GPU usage: 3.7/4.0 (91.4%)
2025-12-26 21:45:00,793 - __main__ - INFO - ⏰ 416s | Server: running (CPU) | Clients: 50 nodes (fractional GPU) | Ray GPU usage: 3.7/4.0 (91.4%)
2025-12-26 21:45:05,809 - __main__ - INFO - ⏰ 421s | Server: running (CPU) | Clients: 50 nodes (fractional GPU) | Ray GPU usage: 3.7/4.0 (91.4%)
2025-12-26 21:45:10,826 - __main__ - INFO - ⏰ 426s | Server: running (CPU) | Clients: 50 nodes (fractional GPU) | Ray GPU usage: 3.7/4.0 (91.4%)
2025-12-26 21:45:15,843 - __main__ - INFO - ⏰ 432s | Server: running (CPU) | Clients: 50 nodes (fractional GPU) | Ray GPU usage: 3.7/4.0 (91.4%)
2025-12-26 21:45:20,859 - __main__ - INFO - ⏰ 437s | Server: running (CPU) | Clients: 50 nodes (fractional GPU) | Ray GPU usage: 3.7/4.0 (91.4%)
2025-12-26 21:45:25,874 - __main__ - INFO - ⏰ 442s | Server: running (CPU) | Clients: 50 nodes (fractional GPU) | Ray GPU usage: 3.7/4.0 (91.4%)
2025-12-26 21:45:30,892 - __main__ - INFO - ⏰ 447s | Server: running (CPU) | Clients: 50 nodes (fractional GPU) | Ray GPU usage: 3.7/4.0 (91.4%)
2025-12-26 21:45:35,909 - __main__ - INFO - ⏰ 452s | Server: running (CPU) | Clients: 50 nodes (fractional GPU) | Ray GPU usage: 3.7/4.0 (91.4%)
2025-12-26 21:45:40,925 - __main__ - INFO - ⏰ 457s | Server: running (CPU) | Clients: 50 nodes (fractional GPU) | Ray GPU usage: 3.7/4.0 (91.4%)
2025-12-26 21:45:45,941 - __main__ - INFO - ⏰ 462s | Server: running (CPU) | Clients: 50 nodes (fractional GPU) | Ray GPU usage: 3.7/4.0 (91.4%)
2025-12-26 21:45:50,958 - __main__ - INFO - ⏰ 467s | Server: running (CPU) | Clients: 50 nodes (fractional GPU) | Ray GPU usage: 3.7/4.0 (91.4%)
2025-12-26 21:45:55,974 - __main__ - INFO - ⏰ 472s | Server: running (CPU) | Clients: 50 nodes (fractional GPU) | Ray GPU usage: 3.7/4.0 (91.4%)
2025-12-26 21:46:00,991 - __main__ - INFO - ⏰ 477s | Server: running (CPU) | Clients: 50 nodes (fractional GPU) | Ray GPU usage: 3.7/4.0 (91.4%)
2025-12-26 21:46:06,010 - __main__ - INFO - ⏰ 482s | Server: running (CPU) | Clients: 50 nodes (fractional GPU) | Ray GPU usage: 3.7/4.0 (91.4%)
2025-12-26 21:46:11,024 - __main__ - INFO - ⏰ 487s | Server: running (CPU) | Clients: 50 nodes (fractional GPU) | Ray GPU usage: 3.7/4.0 (91.4%)
2025-12-26 21:46:16,038 - __main__ - INFO - ⏰ 492s | Server: running (CPU) | Clients: 50 nodes (fractional GPU) | Ray GPU usage: 3.7/4.0 (91.4%)
2025-12-26 21:46:21,052 - __main__ - INFO - ⏰ 497s | Server: running (CPU) | Clients: 50 nodes (fractional GPU) | Ray GPU usage: 3.7/4.0 (91.4%)
2025-12-26 21:46:26,065 - __main__ - INFO - ⏰ 502s | Server: running (CPU) | Clients: 50 nodes (fractional GPU) | Ray GPU usage: 3.7/4.0 (91.4%)
2025-12-26 21:46:31,079 - __main__ - INFO - ⏰ 507s | Server: running (CPU) | Clients: 50 nodes (fractional GPU) | Ray GPU usage: 3.7/4.0 (91.4%)
2025-12-26 21:46:36,096 - __main__ - INFO - ⏰ 512s | Server: running (CPU) | Clients: 50 nodes (fractional GPU) | Ray GPU usage: 3.7/4.0 (91.4%)
2025-12-26 21:46:41,112 - __main__ - INFO - ⏰ 517s | Server: running (CPU) | Clients: 50 nodes (fractional GPU) | Ray GPU usage: 3.7/4.0 (91.4%)
2025-12-26 21:46:46,132 - __main__ - INFO - ⏰ 522s | Server: running (CPU) | Clients: 50 nodes (fractional GPU) | Ray GPU usage: 3.7/4.0 (91.4%)
2025-12-26 21:46:51,151 - __main__ - INFO - ⏰ 527s | Server: running (CPU) | Clients: 50 nodes (fractional GPU) | Ray GPU usage: 3.7/4.0 (91.4%)
2025-12-26 21:46:56,169 - __main__ - INFO - ⏰ 532s | Server: running (CPU) | Clients: 50 nodes (fractional GPU) | Ray GPU usage: 3.7/4.0 (91.4%)
2025-12-26 21:47:01,188 - __main__ - INFO - ⏰ 537s | Server: running (CPU) | Clients: 50 nodes (fractional GPU) | Ray GPU usage: 3.7/4.0 (91.4%)
2025-12-26 21:47:06,206 - __main__ - INFO - ⏰ 542s | Server: running (CPU) | Clients: 50 nodes (fractional GPU) | Ray GPU usage: 3.7/4.0 (91.4%)
2025-12-26 21:47:11,224 - __main__ - INFO - ⏰ 547s | Server: running (CPU) | Clients: 50 nodes (fractional GPU) | Ray GPU usage: 3.7/4.0 (91.4%)
2025-12-26 21:47:16,238 - __main__ - INFO - ⏰ 552s | Server: running (CPU) | Clients: 50 nodes (fractional GPU) | Ray GPU usage: 3.7/4.0 (91.4%)
2025-12-26 21:47:21,255 - __main__ - INFO - ⏰ 557s | Server: running (CPU) | Clients: 50 nodes (fractional GPU) | Ray GPU usage: 3.7/4.0 (91.4%)
2025-12-26 21:47:26,274 - __main__ - INFO - ⏰ 562s | Server: running (CPU) | Clients: 50 nodes (fractional GPU) | Ray GPU usage: 3.7/4.0 (91.4%)
2025-12-26 21:47:31,291 - __main__ - INFO - ⏰ 567s | Server: running (CPU) | Clients: 50 nodes (fractional GPU) | Ray GPU usage: 3.7/4.0 (91.4%)
2025-12-26 21:47:36,309 - __main__ - INFO - ⏰ 572s | Server: running (CPU) | Clients: 50 nodes (fractional GPU) | Ray GPU usage: 3.7/4.0 (91.4%)
2025-12-26 21:47:41,327 - __main__ - INFO - ⏰ 577s | Server: running (CPU) | Clients: 50 nodes (fractional GPU) | Ray GPU usage: 3.7/4.0 (91.4%)
2025-12-26 21:47:46,345 - __main__ - INFO - ⏰ 582s | Server: running (CPU) | Clients: 50 nodes (fractional GPU) | Ray GPU usage: 3.7/4.0 (91.4%)
2025-12-26 21:47:51,362 - __main__ - INFO - ⏰ 587s | Server: running (CPU) | Clients: 50 nodes (fractional GPU) | Ray GPU usage: 3.7/4.0 (91.4%)
2025-12-26 21:47:56,380 - __main__ - INFO - ⏰ 592s | Server: running (CPU) | Clients: 50 nodes (fractional GPU) | Ray GPU usage: 3.7/4.0 (91.4%)
2025-12-26 21:48:01,398 - __main__ - INFO - ⏰ 597s | Server: running (CPU) | Clients: 50 nodes (fractional GPU) | Ray GPU usage: 3.7/4.0 (91.4%)
2025-12-26 21:48:06,417 - __main__ - INFO - ⏰ 602s | Server: running (CPU) | Clients: 50 nodes (fractional GPU) | Ray GPU usage: 3.7/4.0 (91.4%)
2025-12-26 21:48:11,434 - __main__ - INFO - ⏰ 607s | Server: running (CPU) | Clients: 50 nodes (fractional GPU) | Ray GPU usage: 3.7/4.0 (91.4%)
2025-12-26 21:48:16,452 - __main__ - INFO - ⏰ 612s | Server: running (CPU) | Clients: 50 nodes (fractional GPU) | Ray GPU usage: 3.7/4.0 (91.4%)
2025-12-26 21:48:21,469 - __main__ - INFO - ⏰ 617s | Server: running (CPU) | Clients: 50 nodes (fractional GPU) | Ray GPU usage: 3.7/4.0 (91.4%)
2025-12-26 21:48:26,485 - __main__ - INFO - ⏰ 622s | Server: running (CPU) | Clients: 50 nodes (fractional GPU) | Ray GPU usage: 3.7/4.0 (91.4%)
2025-12-26 21:48:31,502 - __main__ - INFO - ⏰ 627s | Server: running (CPU) | Clients: 50 nodes (fractional GPU) | Ray GPU usage: 3.7/4.0 (91.4%)
2025-12-26 21:48:36,521 - __main__ - INFO - ⏰ 632s | Server: running (CPU) | Clients: 50 nodes (fractional GPU) | Ray GPU usage: 3.7/4.0 (91.4%)
2025-12-26 21:48:41,538 - __main__ - INFO - ⏰ 637s | Server: running (CPU) | Clients: 50 nodes (fractional GPU) | Ray GPU usage: 3.7/4.0 (91.4%)
slurmstepd-srv-it-node02: error: *** JOB 574 ON srv-it-node02 CANCELLED AT 2025-12-26T21:48:44 ***
