/home/naicheng_li/.conda/envs/flv2/lib/python3.10/site-packages/torch/cuda/__init__.py:174: UserWarning: CUDA initialization: CUDA driver initialization failed, you might not have a CUDA gpu. (Triggered internally at /pytorch/c10/cuda/CUDAFunctions.cpp:109.)
  return torch._C._cuda_getDeviceCount() > 0
/home/naicheng_li/.conda/envs/flv2/lib/python3.10/site-packages/torch/cuda/__init__.py:174: UserWarning: CUDA initialization: CUDA driver initialization failed, you might not have a CUDA gpu. (Triggered internally at /pytorch/c10/cuda/CUDAFunctions.cpp:109.)
  return torch._C._cuda_getDeviceCount() > 0
2025-12-27 04:32:15,391 - __main__ - INFO - 🚀 Start Ray V2 federated learning
2025-12-27 04:32:15,391 - __main__ - INFO - 📊 Configuration: 50 clients, 100 rounds training, total nodes: 51
2025-12-27 04:32:15,391 - __main__ - INFO - 🧹 Clean environment...
2025-12-27 04:32:19,078 - __main__ - INFO - 🗑️  Cleaned tmpfs chunk directory: /tmp/fl_chunks
2025-12-27 04:32:19,884 - __main__ - DEBUG - 🗑️  Cleaned mount directory (simple): /home/naicheng_li/FLTorrent/docker_data/tmp
2025-12-27 04:32:19,889 - __main__ - DEBUG - 🗑️  Cleaned mount directory (simple): /home/naicheng_li/FLTorrent/docker_data/app_tmp
2025-12-27 04:32:20,909 - __main__ - INFO - ✅ Environment cleanup completed
2025-12-27 04:32:20,909 - __main__ - INFO - 🚀 Applying host network optimizations for ultra-high concurrency...
2025-12-27 04:32:20,992 - __main__ - WARNING - ⚠️  22 network optimizations could not be applied (may need sudo access)
2025-12-27 04:32:20,993 - __main__ - DEBUG -    Failed: net.core.somaxconn - sudo: you do not exist in the passwd database
2025-12-27 04:32:20,993 - __main__ - DEBUG -    Failed: net.core.netdev_max_backlog - sudo: you do not exist in the passwd database
2025-12-27 04:32:20,993 - __main__ - DEBUG -    Failed: net.core.rmem_default - sudo: you do not exist in the passwd database
2025-12-27 04:32:20,993 - __main__ - WARNING - ⚠️  No host network optimizations applied! High-concurrency FL may experience issues.
2025-12-27 04:32:20,993 - __main__ - WARNING -    Consider running with sudo or contacting HPC admin to apply these settings.
2025-12-27 04:32:20,993 - __main__ - INFO - 🦭 Initializing Podman rootless environment...
2025-12-27 04:32:20,995 - __main__ - WARNING - ⚠️  Podman unavailable, trying Docker...
2025-12-27 04:32:20,995 - __main__ - INFO - 📦 Using non-container mode (Fallback)
2025-12-27 04:32:22,621 - __main__ - INFO - 🔍 Found available port for Ray dashboard: 8265
2025-12-27 04:32:22,726 - filelock - DEBUG - Attempting to acquire lock 140652332968416 on /home/naicheng_li/ray/session_2025-12-27_04-32-22_719640_1100372/node_ip_address.json.lock
2025-12-27 04:32:22,729 - filelock - DEBUG - Lock 140652332968416 acquired on /home/naicheng_li/ray/session_2025-12-27_04-32-22_719640_1100372/node_ip_address.json.lock
2025-12-27 04:32:22,734 - filelock - DEBUG - Attempting to release lock 140652332968416 on /home/naicheng_li/ray/session_2025-12-27_04-32-22_719640_1100372/node_ip_address.json.lock
2025-12-27 04:32:22,734 - filelock - DEBUG - Lock 140652332968416 released on /home/naicheng_li/ray/session_2025-12-27_04-32-22_719640_1100372/node_ip_address.json.lock
2025-12-27 04:32:22,736 - filelock - DEBUG - Attempting to acquire lock 140652332960544 on /home/naicheng_li/ray/session_2025-12-27_04-32-22_719640_1100372/ports_by_node.json.lock
2025-12-27 04:32:22,737 - filelock - DEBUG - Lock 140652332960544 acquired on /home/naicheng_li/ray/session_2025-12-27_04-32-22_719640_1100372/ports_by_node.json.lock
2025-12-27 04:32:22,739 - filelock - DEBUG - Attempting to release lock 140652332960544 on /home/naicheng_li/ray/session_2025-12-27_04-32-22_719640_1100372/ports_by_node.json.lock
2025-12-27 04:32:22,739 - filelock - DEBUG - Lock 140652332960544 released on /home/naicheng_li/ray/session_2025-12-27_04-32-22_719640_1100372/ports_by_node.json.lock
2025-12-27 04:32:22,739 - filelock - DEBUG - Attempting to acquire lock 140652332960736 on /home/naicheng_li/ray/session_2025-12-27_04-32-22_719640_1100372/ports_by_node.json.lock
2025-12-27 04:32:22,741 - filelock - DEBUG - Lock 140652332960736 acquired on /home/naicheng_li/ray/session_2025-12-27_04-32-22_719640_1100372/ports_by_node.json.lock
2025-12-27 04:32:22,742 - filelock - DEBUG - Attempting to release lock 140652332960736 on /home/naicheng_li/ray/session_2025-12-27_04-32-22_719640_1100372/ports_by_node.json.lock
2025-12-27 04:32:22,742 - filelock - DEBUG - Lock 140652332960736 released on /home/naicheng_li/ray/session_2025-12-27_04-32-22_719640_1100372/ports_by_node.json.lock
2025-12-27 04:32:22,742 - filelock - DEBUG - Attempting to acquire lock 140652332959824 on /home/naicheng_li/ray/session_2025-12-27_04-32-22_719640_1100372/ports_by_node.json.lock
2025-12-27 04:32:22,743 - filelock - DEBUG - Lock 140652332959824 acquired on /home/naicheng_li/ray/session_2025-12-27_04-32-22_719640_1100372/ports_by_node.json.lock
2025-12-27 04:32:22,745 - filelock - DEBUG - Attempting to release lock 140652332959824 on /home/naicheng_li/ray/session_2025-12-27_04-32-22_719640_1100372/ports_by_node.json.lock
2025-12-27 04:32:22,745 - filelock - DEBUG - Lock 140652332959824 released on /home/naicheng_li/ray/session_2025-12-27_04-32-22_719640_1100372/ports_by_node.json.lock
2025-12-27 04:32:22,745 - filelock - DEBUG - Attempting to acquire lock 140652332972976 on /home/naicheng_li/ray/session_2025-12-27_04-32-22_719640_1100372/ports_by_node.json.lock
2025-12-27 04:32:22,746 - filelock - DEBUG - Lock 140652332972976 acquired on /home/naicheng_li/ray/session_2025-12-27_04-32-22_719640_1100372/ports_by_node.json.lock
2025-12-27 04:32:22,748 - filelock - DEBUG - Attempting to release lock 140652332972976 on /home/naicheng_li/ray/session_2025-12-27_04-32-22_719640_1100372/ports_by_node.json.lock
2025-12-27 04:32:22,748 - filelock - DEBUG - Lock 140652332972976 released on /home/naicheng_li/ray/session_2025-12-27_04-32-22_719640_1100372/ports_by_node.json.lock
2025-12-27 04:32:22,748 - filelock - DEBUG - Attempting to acquire lock 140652332970528 on /home/naicheng_li/ray/session_2025-12-27_04-32-22_719640_1100372/ports_by_node.json.lock
2025-12-27 04:32:22,749 - filelock - DEBUG - Lock 140652332970528 acquired on /home/naicheng_li/ray/session_2025-12-27_04-32-22_719640_1100372/ports_by_node.json.lock
2025-12-27 04:32:22,750 - filelock - DEBUG - Attempting to release lock 140652332970528 on /home/naicheng_li/ray/session_2025-12-27_04-32-22_719640_1100372/ports_by_node.json.lock
2025-12-27 04:32:22,750 - filelock - DEBUG - Lock 140652332970528 released on /home/naicheng_li/ray/session_2025-12-27_04-32-22_719640_1100372/ports_by_node.json.lock
2025-12-27 04:32:26,415	INFO worker.py:1998 -- Started a local Ray instance. View the dashboard at [1m[32m10.0.0.3:8265 [39m[22m
/home/naicheng_li/.conda/envs/flv2/lib/python3.10/site-packages/ray/_private/worker.py:2046: FutureWarning: Tip: In future versions of Ray, Ray will no longer override accelerator visible devices env var if num_gpus=0 or num_gpus=None (default). To enable this behavior and turn off this error message, set RAY_ACCEL_ENV_VAR_OVERRIDE_ON_ZERO=0
  warnings.warn(
2025-12-27 04:32:28,500 - __main__ - INFO - 🚀 Ray cluster initialization completed:
2025-12-27 04:32:28,500 - __main__ - INFO -    📊 Resources: {'GPU': 2.0, 'node:10.0.0.3': 1.0, 'accelerator_type:A100': 1.0, 'memory': 1161408883508.0, 'CPU': 128.0, 'object_store_memory': 438187168972.0, 'node:__internal_head__': 1.0}
2025-12-27 04:32:28,500 - __main__ - INFO -    🌐 Dashboard: http://127.0.0.1:8265
2025-12-27 04:32:28,501 - __main__ - DEBUG - Found node: 50767581528b... IP: 10.0.0.3, Resources: {'node:10.0.0.3': 1.0, 'CPU': 128.0, 'node:__internal_head__': 1.0, 'memory': 1161408883508.0, 'object_store_memory': 438187168972.0, 'GPU': 2.0, 'accelerator_type:A100': 1.0}
2025-12-27 04:32:28,501 - __main__ - INFO - 🌐 Ray Cluster Topology:
2025-12-27 04:32:28,501 - __main__ - INFO -    📍 Head node: 50767581528b... (Server will run here)
2025-12-27 04:32:28,501 - __main__ - WARNING -    ⚠️ No worker nodes found! Clients will run on head node (not recommended)
2025-12-27 04:32:28,501 - __main__ - INFO - 🎮 Detected GPU type on node 50767581528b...: A100 -> 40.0GB per GPU
2025-12-27 04:32:28,501 - __main__ - INFO - 📍 Head node (50767581528b...): 2.0 GPUs, 80.0GB total memory
2025-12-27 04:32:28,502 - __main__ - INFO - 📊 Total GPU memory across all nodes: 80.0GB
2025-12-27 04:32:28,502 - __main__ - INFO - 📊 Memory per client: 3.0GB → Max capacity: 26 clients
2025-12-27 04:32:28,502 - __main__ - WARNING - ⚠️ Node 50767581528b... assigned 50 clients but max capacity is 26
2025-12-27 04:32:28,590 - __main__ - INFO -    Node 50767581528b...: 50 clients (80.0GB / 50 = 1.6GB/client)
2025-12-27 04:32:28,591 - __main__ - INFO -    Node 50767581528b...: 2.0 GPU, 50 clients, max 25 clients/GPU -> 0.0380 GPU/client
2025-12-27 04:32:28,591 - __main__ - INFO - 🎯 GPU allocation summary: {'total_available_gpus': 2.0, 'total_allocated_gpus': 1.9, 'utilization_rate': '95.00%', 'server': 'CPU only', 'per_node_allocation': {'50767581528b': {'count': 50, 'total_gpu': 1.900000000000001}}, 'gpu_clients': 50, 'cpu_clients': 0}
2025-12-27 04:32:28,591 - __main__ - INFO - 📋 Client distribution: 50 GPU clients, 0 CPU clients
2025-12-27 04:32:28,592 - __main__ - INFO - 🔌 Single-node mode detected - UDS can be enabled
2025-12-27 04:32:28,592 - __main__ - INFO - 📍 Server scheduled to head node: 50767581528b...
2025-12-27 04:32:28,627 - __main__ - INFO - 📦 Using Fallback (no container) for Server
2025-12-27 04:32:28,705 - __main__ - INFO - ✅ Server started: unix:///tmp/federatedscope_uds/server_37689.sock:37689
2025-12-27 04:32:43,716 - __main__ - INFO - 📱 Edge device distribution: {'smartphone': 50}
2025-12-27 04:32:43,716 - __main__ - INFO - 📊 Client distribution plan:
2025-12-27 04:32:43,717 - __main__ - INFO -    Client 1 -> head (50767581528b...), Node CPUs: 128.0, Clients on node: 50
2025-12-27 04:32:43,717 - __main__ - INFO -    Client 2 -> head (50767581528b...), Node CPUs: 128.0, Clients on node: 50
2025-12-27 04:32:43,718 - __main__ - INFO -    Client 3 -> head (50767581528b...), Node CPUs: 128.0, Clients on node: 50
2025-12-27 04:32:43,718 - __main__ - INFO -    Client 4 -> head (50767581528b...), Node CPUs: 128.0, Clients on node: 50
2025-12-27 04:32:43,719 - __main__ - INFO -    Client 5 -> head (50767581528b...), Node CPUs: 128.0, Clients on node: 50
2025-12-27 04:32:43,719 - __main__ - INFO -    Client 6 -> head (50767581528b...), Node CPUs: 128.0, Clients on node: 50
2025-12-27 04:32:43,720 - __main__ - INFO -    Client 7 -> head (50767581528b...), Node CPUs: 128.0, Clients on node: 50
2025-12-27 04:32:43,720 - __main__ - INFO -    Client 8 -> head (50767581528b...), Node CPUs: 128.0, Clients on node: 50
2025-12-27 04:32:43,721 - __main__ - INFO -    Client 9 -> head (50767581528b...), Node CPUs: 128.0, Clients on node: 50
2025-12-27 04:32:43,721 - __main__ - INFO -    Client 10 -> head (50767581528b...), Node CPUs: 128.0, Clients on node: 50
2025-12-27 04:32:43,721 - __main__ - INFO -    Client 11 -> head (50767581528b...), Node CPUs: 128.0, Clients on node: 50
2025-12-27 04:32:43,722 - __main__ - INFO -    Client 12 -> head (50767581528b...), Node CPUs: 128.0, Clients on node: 50
2025-12-27 04:32:43,722 - __main__ - INFO -    Client 13 -> head (50767581528b...), Node CPUs: 128.0, Clients on node: 50
2025-12-27 04:32:43,723 - __main__ - INFO -    Client 14 -> head (50767581528b...), Node CPUs: 128.0, Clients on node: 50
2025-12-27 04:32:43,723 - __main__ - INFO -    Client 15 -> head (50767581528b...), Node CPUs: 128.0, Clients on node: 50
2025-12-27 04:32:43,724 - __main__ - INFO -    Client 16 -> head (50767581528b...), Node CPUs: 128.0, Clients on node: 50
2025-12-27 04:32:43,724 - __main__ - INFO -    Client 17 -> head (50767581528b...), Node CPUs: 128.0, Clients on node: 50
2025-12-27 04:32:43,725 - __main__ - INFO -    Client 18 -> head (50767581528b...), Node CPUs: 128.0, Clients on node: 50
2025-12-27 04:32:43,725 - __main__ - INFO -    Client 19 -> head (50767581528b...), Node CPUs: 128.0, Clients on node: 50
2025-12-27 04:32:43,725 - __main__ - INFO -    Client 20 -> head (50767581528b...), Node CPUs: 128.0, Clients on node: 50
2025-12-27 04:32:43,726 - __main__ - INFO -    Client 21 -> head (50767581528b...), Node CPUs: 128.0, Clients on node: 50
2025-12-27 04:32:43,726 - __main__ - INFO -    Client 22 -> head (50767581528b...), Node CPUs: 128.0, Clients on node: 50
2025-12-27 04:32:43,727 - __main__ - INFO -    Client 23 -> head (50767581528b...), Node CPUs: 128.0, Clients on node: 50
2025-12-27 04:32:43,727 - __main__ - INFO -    Client 24 -> head (50767581528b...), Node CPUs: 128.0, Clients on node: 50
2025-12-27 04:32:43,728 - __main__ - INFO -    Client 25 -> head (50767581528b...), Node CPUs: 128.0, Clients on node: 50
2025-12-27 04:32:43,728 - __main__ - INFO -    Client 26 -> head (50767581528b...), Node CPUs: 128.0, Clients on node: 50
2025-12-27 04:32:43,728 - __main__ - INFO -    Client 27 -> head (50767581528b...), Node CPUs: 128.0, Clients on node: 50
2025-12-27 04:32:43,729 - __main__ - INFO -    Client 28 -> head (50767581528b...), Node CPUs: 128.0, Clients on node: 50
2025-12-27 04:32:43,729 - __main__ - INFO -    Client 29 -> head (50767581528b...), Node CPUs: 128.0, Clients on node: 50
2025-12-27 04:32:43,730 - __main__ - INFO -    Client 30 -> head (50767581528b...), Node CPUs: 128.0, Clients on node: 50
2025-12-27 04:32:43,730 - __main__ - INFO -    Client 31 -> head (50767581528b...), Node CPUs: 128.0, Clients on node: 50
2025-12-27 04:32:43,731 - __main__ - INFO -    Client 32 -> head (50767581528b...), Node CPUs: 128.0, Clients on node: 50
2025-12-27 04:32:43,731 - __main__ - INFO -    Client 33 -> head (50767581528b...), Node CPUs: 128.0, Clients on node: 50
2025-12-27 04:32:43,731 - __main__ - INFO -    Client 34 -> head (50767581528b...), Node CPUs: 128.0, Clients on node: 50
2025-12-27 04:32:43,732 - __main__ - INFO -    Client 35 -> head (50767581528b...), Node CPUs: 128.0, Clients on node: 50
2025-12-27 04:32:43,732 - __main__ - INFO -    Client 36 -> head (50767581528b...), Node CPUs: 128.0, Clients on node: 50
2025-12-27 04:32:43,732 - __main__ - INFO -    Client 37 -> head (50767581528b...), Node CPUs: 128.0, Clients on node: 50
2025-12-27 04:32:43,733 - __main__ - INFO -    Client 38 -> head (50767581528b...), Node CPUs: 128.0, Clients on node: 50
2025-12-27 04:32:43,733 - __main__ - INFO -    Client 39 -> head (50767581528b...), Node CPUs: 128.0, Clients on node: 50
2025-12-27 04:32:43,734 - __main__ - INFO -    Client 40 -> head (50767581528b...), Node CPUs: 128.0, Clients on node: 50
2025-12-27 04:32:43,734 - __main__ - INFO -    Client 41 -> head (50767581528b...), Node CPUs: 128.0, Clients on node: 50
2025-12-27 04:32:43,734 - __main__ - INFO -    Client 42 -> head (50767581528b...), Node CPUs: 128.0, Clients on node: 50
2025-12-27 04:32:43,735 - __main__ - INFO -    Client 43 -> head (50767581528b...), Node CPUs: 128.0, Clients on node: 50
2025-12-27 04:32:43,735 - __main__ - INFO -    Client 44 -> head (50767581528b...), Node CPUs: 128.0, Clients on node: 50
2025-12-27 04:32:43,736 - __main__ - INFO -    Client 45 -> head (50767581528b...), Node CPUs: 128.0, Clients on node: 50
2025-12-27 04:32:43,736 - __main__ - INFO -    Client 46 -> head (50767581528b...), Node CPUs: 128.0, Clients on node: 50
2025-12-27 04:32:43,736 - __main__ - INFO -    Client 47 -> head (50767581528b...), Node CPUs: 128.0, Clients on node: 50
2025-12-27 04:32:43,737 - __main__ - INFO -    Client 48 -> head (50767581528b...), Node CPUs: 128.0, Clients on node: 50
2025-12-27 04:32:43,737 - __main__ - INFO -    Client 49 -> head (50767581528b...), Node CPUs: 128.0, Clients on node: 50
2025-12-27 04:32:43,737 - __main__ - INFO -    Client 50 -> head (50767581528b...), Node CPUs: 128.0, Clients on node: 50
2025-12-27 04:32:43,738 - __main__ - INFO - 🔧 Client 1 resources: num_cpus=2.2640, num_gpus=0.0380, memory=2.00GB
2025-12-27 04:32:43,833 - __main__ - INFO - ✅ Client 1 (smartphone) started on head node (50767581528b...)
2025-12-27 04:32:46,836 - __main__ - INFO - 🔧 Client 2 resources: num_cpus=2.2640, num_gpus=0.0380, memory=2.00GB
2025-12-27 04:32:46,920 - __main__ - INFO - ✅ Client 2 (smartphone) started on head node (50767581528b...)
2025-12-27 04:32:49,924 - __main__ - INFO - 🔧 Client 3 resources: num_cpus=2.2640, num_gpus=0.0380, memory=2.00GB
2025-12-27 04:32:50,004 - __main__ - INFO - ✅ Client 3 (smartphone) started on head node (50767581528b...)
2025-12-27 04:32:53,007 - __main__ - INFO - 🔧 Client 4 resources: num_cpus=2.2640, num_gpus=0.0380, memory=2.00GB
2025-12-27 04:32:53,088 - __main__ - INFO - ✅ Client 4 (smartphone) started on head node (50767581528b...)
2025-12-27 04:32:56,091 - __main__ - INFO - 🔧 Client 5 resources: num_cpus=2.2640, num_gpus=0.0380, memory=2.00GB
2025-12-27 04:32:56,175 - __main__ - INFO - ✅ Client 5 (smartphone) started on head node (50767581528b...)
2025-12-27 04:32:59,178 - __main__ - INFO - 🔧 Client 6 resources: num_cpus=2.2640, num_gpus=0.0380, memory=2.00GB
2025-12-27 04:32:59,262 - __main__ - INFO - ✅ Client 6 (smartphone) started on head node (50767581528b...)
2025-12-27 04:33:02,265 - __main__ - INFO - 🔧 Client 7 resources: num_cpus=2.2640, num_gpus=0.0380, memory=2.00GB
2025-12-27 04:33:02,345 - __main__ - INFO - ✅ Client 7 (smartphone) started on head node (50767581528b...)
2025-12-27 04:33:05,347 - __main__ - INFO - 🔧 Client 8 resources: num_cpus=2.2640, num_gpus=0.0380, memory=2.00GB
2025-12-27 04:33:05,428 - __main__ - INFO - ✅ Client 8 (smartphone) started on head node (50767581528b...)
2025-12-27 04:33:08,432 - __main__ - INFO - 🔧 Client 9 resources: num_cpus=2.2640, num_gpus=0.0380, memory=2.00GB
2025-12-27 04:33:08,514 - __main__ - INFO - ✅ Client 9 (smartphone) started on head node (50767581528b...)
2025-12-27 04:33:11,518 - __main__ - INFO - 🔧 Client 10 resources: num_cpus=2.2640, num_gpus=0.0380, memory=2.00GB
2025-12-27 04:33:11,600 - __main__ - INFO - ✅ Client 10 (smartphone) started on head node (50767581528b...)
2025-12-27 04:33:14,604 - __main__ - INFO - 🔧 Client 11 resources: num_cpus=2.2640, num_gpus=0.0380, memory=2.00GB
2025-12-27 04:33:14,687 - __main__ - INFO - ✅ Client 11 (smartphone) started on head node (50767581528b...)
2025-12-27 04:33:17,691 - __main__ - INFO - 🔧 Client 12 resources: num_cpus=2.2640, num_gpus=0.0380, memory=2.00GB
2025-12-27 04:33:17,772 - __main__ - INFO - ✅ Client 12 (smartphone) started on head node (50767581528b...)
2025-12-27 04:33:20,773 - __main__ - INFO - 🔧 Client 13 resources: num_cpus=2.2640, num_gpus=0.0380, memory=2.00GB
2025-12-27 04:33:20,856 - __main__ - INFO - ✅ Client 13 (smartphone) started on head node (50767581528b...)
2025-12-27 04:33:23,858 - __main__ - INFO - 🔧 Client 14 resources: num_cpus=2.2640, num_gpus=0.0380, memory=2.00GB
2025-12-27 04:33:23,941 - __main__ - INFO - ✅ Client 14 (smartphone) started on head node (50767581528b...)
2025-12-27 04:33:26,944 - __main__ - INFO - 🔧 Client 15 resources: num_cpus=2.2640, num_gpus=0.0380, memory=2.00GB
2025-12-27 04:33:27,028 - __main__ - INFO - ✅ Client 15 (smartphone) started on head node (50767581528b...)
2025-12-27 04:33:30,032 - __main__ - INFO - 🔧 Client 16 resources: num_cpus=2.2640, num_gpus=0.0380, memory=2.00GB
2025-12-27 04:33:30,112 - __main__ - INFO - ✅ Client 16 (smartphone) started on head node (50767581528b...)
2025-12-27 04:33:33,116 - __main__ - INFO - 🔧 Client 17 resources: num_cpus=2.2640, num_gpus=0.0380, memory=2.00GB
2025-12-27 04:33:33,198 - __main__ - INFO - ✅ Client 17 (smartphone) started on head node (50767581528b...)
2025-12-27 04:33:36,201 - __main__ - INFO - 🔧 Client 18 resources: num_cpus=2.2640, num_gpus=0.0380, memory=2.00GB
2025-12-27 04:33:36,285 - __main__ - INFO - ✅ Client 18 (smartphone) started on head node (50767581528b...)
2025-12-27 04:33:39,289 - __main__ - INFO - 🔧 Client 19 resources: num_cpus=2.2640, num_gpus=0.0380, memory=2.00GB
2025-12-27 04:33:39,370 - __main__ - INFO - ✅ Client 19 (smartphone) started on head node (50767581528b...)
2025-12-27 04:33:42,374 - __main__ - INFO - 🔧 Client 20 resources: num_cpus=2.2640, num_gpus=0.0380, memory=2.00GB
2025-12-27 04:33:42,456 - __main__ - INFO - ✅ Client 20 (smartphone) started on head node (50767581528b...)
2025-12-27 04:33:45,459 - __main__ - INFO - 🔧 Client 21 resources: num_cpus=2.2640, num_gpus=0.0380, memory=2.00GB
2025-12-27 04:33:45,540 - __main__ - INFO - ✅ Client 21 (smartphone) started on head node (50767581528b...)
2025-12-27 04:33:48,544 - __main__ - INFO - 🔧 Client 22 resources: num_cpus=2.2640, num_gpus=0.0380, memory=2.00GB
2025-12-27 04:33:48,624 - __main__ - INFO - ✅ Client 22 (smartphone) started on head node (50767581528b...)
2025-12-27 04:33:51,628 - __main__ - INFO - 🔧 Client 23 resources: num_cpus=2.2640, num_gpus=0.0380, memory=2.00GB
2025-12-27 04:33:51,710 - __main__ - INFO - ✅ Client 23 (smartphone) started on head node (50767581528b...)
2025-12-27 04:33:54,714 - __main__ - INFO - 🔧 Client 24 resources: num_cpus=2.2640, num_gpus=0.0380, memory=2.00GB
2025-12-27 04:33:54,795 - __main__ - INFO - ✅ Client 24 (smartphone) started on head node (50767581528b...)
2025-12-27 04:33:57,799 - __main__ - INFO - 🔧 Client 25 resources: num_cpus=2.2640, num_gpus=0.0380, memory=2.00GB
2025-12-27 04:33:57,880 - __main__ - INFO - ✅ Client 25 (smartphone) started on head node (50767581528b...)
2025-12-27 04:34:00,884 - __main__ - INFO - 🔧 Client 26 resources: num_cpus=2.2640, num_gpus=0.0380, memory=2.00GB
2025-12-27 04:34:00,968 - __main__ - INFO - ✅ Client 26 (smartphone) started on head node (50767581528b...)
2025-12-27 04:34:03,972 - __main__ - INFO - 🔧 Client 27 resources: num_cpus=2.2640, num_gpus=0.0380, memory=2.00GB
2025-12-27 04:34:04,053 - __main__ - INFO - ✅ Client 27 (smartphone) started on head node (50767581528b...)
2025-12-27 04:34:07,057 - __main__ - INFO - 🔧 Client 28 resources: num_cpus=2.2640, num_gpus=0.0380, memory=2.00GB
2025-12-27 04:34:07,138 - __main__ - INFO - ✅ Client 28 (smartphone) started on head node (50767581528b...)
2025-12-27 04:34:10,142 - __main__ - INFO - 🔧 Client 29 resources: num_cpus=2.2640, num_gpus=0.0380, memory=2.00GB
2025-12-27 04:34:10,223 - __main__ - INFO - ✅ Client 29 (smartphone) started on head node (50767581528b...)
2025-12-27 04:34:13,227 - __main__ - INFO - 🔧 Client 30 resources: num_cpus=2.2640, num_gpus=0.0380, memory=2.00GB
2025-12-27 04:34:13,310 - __main__ - INFO - ✅ Client 30 (smartphone) started on head node (50767581528b...)
2025-12-27 04:34:16,314 - __main__ - INFO - 🔧 Client 31 resources: num_cpus=2.2640, num_gpus=0.0380, memory=2.00GB
2025-12-27 04:34:16,393 - __main__ - INFO - ✅ Client 31 (smartphone) started on head node (50767581528b...)
2025-12-27 04:34:19,397 - __main__ - INFO - 🔧 Client 32 resources: num_cpus=2.2640, num_gpus=0.0380, memory=2.00GB
2025-12-27 04:34:19,478 - __main__ - INFO - ✅ Client 32 (smartphone) started on head node (50767581528b...)
2025-12-27 04:34:22,481 - __main__ - INFO - 🔧 Client 33 resources: num_cpus=2.2640, num_gpus=0.0380, memory=2.00GB
2025-12-27 04:34:22,562 - __main__ - INFO - ✅ Client 33 (smartphone) started on head node (50767581528b...)
2025-12-27 04:34:25,566 - __main__ - INFO - 🔧 Client 34 resources: num_cpus=2.2640, num_gpus=0.0380, memory=2.00GB
2025-12-27 04:34:25,646 - __main__ - INFO - ✅ Client 34 (smartphone) started on head node (50767581528b...)
2025-12-27 04:34:28,650 - __main__ - INFO - 🔧 Client 35 resources: num_cpus=2.2640, num_gpus=0.0380, memory=2.00GB
2025-12-27 04:34:28,736 - __main__ - INFO - ✅ Client 35 (smartphone) started on head node (50767581528b...)
2025-12-27 04:34:31,740 - __main__ - INFO - 🔧 Client 36 resources: num_cpus=2.2640, num_gpus=0.0380, memory=2.00GB
2025-12-27 04:34:31,821 - __main__ - INFO - ✅ Client 36 (smartphone) started on head node (50767581528b...)
2025-12-27 04:34:34,824 - __main__ - INFO - 🔧 Client 37 resources: num_cpus=2.2640, num_gpus=0.0380, memory=2.00GB
2025-12-27 04:34:34,906 - __main__ - INFO - ✅ Client 37 (smartphone) started on head node (50767581528b...)
2025-12-27 04:34:37,910 - __main__ - INFO - 🔧 Client 38 resources: num_cpus=2.2640, num_gpus=0.0380, memory=2.00GB
2025-12-27 04:34:37,992 - __main__ - INFO - ✅ Client 38 (smartphone) started on head node (50767581528b...)
2025-12-27 04:34:40,996 - __main__ - INFO - 🔧 Client 39 resources: num_cpus=2.2640, num_gpus=0.0380, memory=2.00GB
2025-12-27 04:34:41,078 - __main__ - INFO - ✅ Client 39 (smartphone) started on head node (50767581528b...)
2025-12-27 04:34:44,081 - __main__ - INFO - 🔧 Client 40 resources: num_cpus=2.2640, num_gpus=0.0380, memory=2.00GB
2025-12-27 04:34:44,164 - __main__ - INFO - ✅ Client 40 (smartphone) started on head node (50767581528b...)
2025-12-27 04:34:47,167 - __main__ - INFO - 🔧 Client 41 resources: num_cpus=2.2640, num_gpus=0.0380, memory=2.00GB
2025-12-27 04:34:47,248 - __main__ - INFO - ✅ Client 41 (smartphone) started on head node (50767581528b...)
2025-12-27 04:34:50,252 - __main__ - INFO - 🔧 Client 42 resources: num_cpus=2.2640, num_gpus=0.0380, memory=2.00GB
2025-12-27 04:34:50,334 - __main__ - INFO - ✅ Client 42 (smartphone) started on head node (50767581528b...)
2025-12-27 04:34:53,337 - __main__ - INFO - 🔧 Client 43 resources: num_cpus=2.2640, num_gpus=0.0380, memory=2.00GB
2025-12-27 04:34:53,416 - __main__ - INFO - ✅ Client 43 (smartphone) started on head node (50767581528b...)
2025-12-27 04:34:56,419 - __main__ - INFO - 🔧 Client 44 resources: num_cpus=2.2640, num_gpus=0.0380, memory=2.00GB
2025-12-27 04:34:56,502 - __main__ - INFO - ✅ Client 44 (smartphone) started on head node (50767581528b...)
2025-12-27 04:34:59,505 - __main__ - INFO - 🔧 Client 45 resources: num_cpus=2.2640, num_gpus=0.0380, memory=2.00GB
2025-12-27 04:34:59,590 - __main__ - INFO - ✅ Client 45 (smartphone) started on head node (50767581528b...)
2025-12-27 04:35:02,593 - __main__ - INFO - 🔧 Client 46 resources: num_cpus=2.2640, num_gpus=0.0380, memory=2.00GB
2025-12-27 04:35:02,674 - __main__ - INFO - ✅ Client 46 (smartphone) started on head node (50767581528b...)
2025-12-27 04:35:05,677 - __main__ - INFO - 🔧 Client 47 resources: num_cpus=2.2640, num_gpus=0.0380, memory=2.00GB
2025-12-27 04:35:05,759 - __main__ - INFO - ✅ Client 47 (smartphone) started on head node (50767581528b...)
2025-12-27 04:35:08,762 - __main__ - INFO - 🔧 Client 48 resources: num_cpus=2.2640, num_gpus=0.0380, memory=2.00GB
2025-12-27 04:35:08,844 - __main__ - INFO - ✅ Client 48 (smartphone) started on head node (50767581528b...)
2025-12-27 04:35:11,848 - __main__ - INFO - 🔧 Client 49 resources: num_cpus=2.2640, num_gpus=0.0380, memory=2.00GB
2025-12-27 04:35:11,932 - __main__ - INFO - ✅ Client 49 (smartphone) started on head node (50767581528b...)
2025-12-27 04:35:14,934 - __main__ - INFO - 🔧 Client 50 resources: num_cpus=2.2640, num_gpus=0.0380, memory=2.00GB
2025-12-27 04:35:15,013 - __main__ - INFO - ✅ Client 50 (smartphone) started on head node (50767581528b...)
2025-12-27 04:35:18,016 - __main__ - INFO - ✅ 50/50 Docker clients started successfully
2025-12-27 04:35:18,016 - __main__ - INFO - ✅ All 50 clients have completed startup
2025-12-27 04:35:18,016 - __main__ - INFO - 📊 Starting training monitoring (999999999 seconds)...
2025-12-27 04:35:18,026 - __main__ - INFO - ⏰ 0s | Server: running (CPU) | Clients: 50 nodes (fractional GPU) | Ray GPU usage: 1.9/2.0 (95.0%)
2025-12-27 04:35:23,036 - __main__ - INFO - ⏰ 5s | Server: running (CPU) | Clients: 50 nodes (fractional GPU) | Ray GPU usage: 1.9/2.0 (95.0%)
2025-12-27 04:35:28,049 - __main__ - INFO - ⏰ 10s | Server: running (CPU) | Clients: 50 nodes (fractional GPU) | Ray GPU usage: 1.9/2.0 (95.0%)
2025-12-27 04:35:33,063 - __main__ - INFO - ⏰ 15s | Server: running (CPU) | Clients: 50 nodes (fractional GPU) | Ray GPU usage: 1.9/2.0 (95.0%)
2025-12-27 04:35:38,082 - __main__ - INFO - ⏰ 20s | Server: running (CPU) | Clients: 50 nodes (fractional GPU) | Ray GPU usage: 1.9/2.0 (95.0%)
2025-12-27 04:35:43,100 - __main__ - INFO - ⏰ 25s | Server: running (CPU) | Clients: 50 nodes (fractional GPU) | Ray GPU usage: 1.9/2.0 (95.0%)
2025-12-27 04:35:48,117 - __main__ - INFO - ⏰ 30s | Server: running (CPU) | Clients: 50 nodes (fractional GPU) | Ray GPU usage: 1.9/2.0 (95.0%)
2025-12-27 04:35:53,136 - __main__ - INFO - ⏰ 35s | Server: running (CPU) | Clients: 50 nodes (fractional GPU) | Ray GPU usage: 1.9/2.0 (95.0%)
2025-12-27 04:35:58,157 - __main__ - INFO - ⏰ 40s | Server: running (CPU) | Clients: 50 nodes (fractional GPU) | Ray GPU usage: 1.9/2.0 (95.0%)
2025-12-27 04:36:03,177 - __main__ - INFO - ⏰ 45s | Server: running (CPU) | Clients: 50 nodes (fractional GPU) | Ray GPU usage: 1.9/2.0 (95.0%)
2025-12-27 04:36:08,205 - __main__ - INFO - ⏰ 50s | Server: running (CPU) | Clients: 50 nodes (fractional GPU) | Ray GPU usage: 1.9/2.0 (95.0%)
2025-12-27 04:36:13,275 - __main__ - INFO - ⏰ 55s | Server: running (CPU) | Clients: 50 nodes (fractional GPU) | Ray GPU usage: 1.9/2.0 (95.0%)
2025-12-27 04:36:18,335 - __main__ - INFO - ⏰ 60s | Server: running (CPU) | Clients: 50 nodes (fractional GPU) | Ray GPU usage: 1.9/2.0 (95.0%)
2025-12-27 04:36:23,405 - __main__ - INFO - ⏰ 65s | Server: running (CPU) | Clients: 50 nodes (fractional GPU) | Ray GPU usage: 1.9/2.0 (95.0%)
2025-12-27 04:36:28,479 - __main__ - INFO - ⏰ 70s | Server: running (CPU) | Clients: 50 nodes (fractional GPU) | Ray GPU usage: 1.9/2.0 (95.0%)
2025-12-27 04:36:33,523 - __main__ - INFO - ⏰ 75s | Server: running (CPU) | Clients: 50 nodes (fractional GPU) | Ray GPU usage: 1.9/2.0 (95.0%)
2025-12-27 04:36:38,588 - __main__ - INFO - ⏰ 80s | Server: running (CPU) | Clients: 50 nodes (fractional GPU) | Ray GPU usage: 1.9/2.0 (95.0%)
2025-12-27 04:36:43,696 - __main__ - INFO - ⏰ 85s | Server: running (CPU) | Clients: 50 nodes (fractional GPU) | Ray GPU usage: 1.9/2.0 (95.0%)
2025-12-27 04:36:48,821 - __main__ - INFO - ⏰ 90s | Server: running (CPU) | Clients: 50 nodes (fractional GPU) | Ray GPU usage: 1.9/2.0 (95.0%)
2025-12-27 04:36:53,943 - __main__ - INFO - ⏰ 95s | Server: running (CPU) | Clients: 50 nodes (fractional GPU) | Ray GPU usage: 1.9/2.0 (95.0%)
2025-12-27 04:36:59,035 - __main__ - INFO - ⏰ 100s | Server: running (CPU) | Clients: 50 nodes (fractional GPU) | Ray GPU usage: 1.9/2.0 (95.0%)
2025-12-27 04:37:04,092 - __main__ - INFO - ⏰ 106s | Server: running (CPU) | Clients: 50 nodes (fractional GPU) | Ray GPU usage: 1.9/2.0 (95.0%)
2025-12-27 04:37:09,137 - __main__ - INFO - ⏰ 111s | Server: running (CPU) | Clients: 50 nodes (fractional GPU) | Ray GPU usage: 1.9/2.0 (95.0%)
2025-12-27 04:37:14,227 - __main__ - INFO - ⏰ 116s | Server: running (CPU) | Clients: 50 nodes (fractional GPU) | Ray GPU usage: 1.9/2.0 (95.0%)
2025-12-27 04:37:19,277 - __main__ - INFO - ⏰ 121s | Server: running (CPU) | Clients: 50 nodes (fractional GPU) | Ray GPU usage: 1.9/2.0 (95.0%)
2025-12-27 04:37:24,326 - __main__ - INFO - ⏰ 126s | Server: running (CPU) | Clients: 50 nodes (fractional GPU) | Ray GPU usage: 1.9/2.0 (95.0%)
2025-12-27 04:37:29,377 - __main__ - INFO - ⏰ 131s | Server: running (CPU) | Clients: 50 nodes (fractional GPU) | Ray GPU usage: 1.9/2.0 (95.0%)
2025-12-27 04:37:34,414 - __main__ - INFO - ⏰ 136s | Server: running (CPU) | Clients: 50 nodes (fractional GPU) | Ray GPU usage: 1.9/2.0 (95.0%)
2025-12-27 04:37:39,464 - __main__ - INFO - ⏰ 141s | Server: running (CPU) | Clients: 50 nodes (fractional GPU) | Ray GPU usage: 1.9/2.0 (95.0%)
2025-12-27 04:37:44,511 - __main__ - INFO - ⏰ 146s | Server: running (CPU) | Clients: 50 nodes (fractional GPU) | Ray GPU usage: 1.9/2.0 (95.0%)
2025-12-27 04:37:49,642 - __main__ - INFO - ⏰ 151s | Server: running (CPU) | Clients: 50 nodes (fractional GPU) | Ray GPU usage: 1.9/2.0 (95.0%)
2025-12-27 04:37:54,733 - __main__ - INFO - ⏰ 156s | Server: running (CPU) | Clients: 50 nodes (fractional GPU) | Ray GPU usage: 1.9/2.0 (95.0%)
2025-12-27 04:37:59,835 - __main__ - INFO - ⏰ 161s | Server: running (CPU) | Clients: 50 nodes (fractional GPU) | Ray GPU usage: 1.9/2.0 (95.0%)
2025-12-27 04:38:04,910 - __main__ - INFO - ⏰ 166s | Server: running (CPU) | Clients: 50 nodes (fractional GPU) | Ray GPU usage: 1.9/2.0 (95.0%)
2025-12-27 04:38:10,000 - __main__ - INFO - ⏰ 171s | Server: running (CPU) | Clients: 50 nodes (fractional GPU) | Ray GPU usage: 1.9/2.0 (95.0%)
2025-12-27 04:38:15,061 - __main__ - INFO - ⏰ 176s | Server: running (CPU) | Clients: 50 nodes (fractional GPU) | Ray GPU usage: 1.9/2.0 (95.0%)
2025-12-27 04:38:20,111 - __main__ - INFO - ⏰ 182s | Server: running (CPU) | Clients: 50 nodes (fractional GPU) | Ray GPU usage: 1.9/2.0 (95.0%)
2025-12-27 04:38:25,166 - __main__ - INFO - ⏰ 187s | Server: running (CPU) | Clients: 50 nodes (fractional GPU) | Ray GPU usage: 1.9/2.0 (95.0%)
2025-12-27 04:38:30,216 - __main__ - INFO - ⏰ 192s | Server: running (CPU) | Clients: 50 nodes (fractional GPU) | Ray GPU usage: 1.9/2.0 (95.0%)
2025-12-27 04:38:35,286 - __main__ - INFO - ⏰ 197s | Server: running (CPU) | Clients: 50 nodes (fractional GPU) | Ray GPU usage: 1.9/2.0 (95.0%)
2025-12-27 04:38:40,324 - __main__ - INFO - ⏰ 202s | Server: running (CPU) | Clients: 50 nodes (fractional GPU) | Ray GPU usage: 1.9/2.0 (95.0%)
2025-12-27 04:38:45,368 - __main__ - INFO - ⏰ 207s | Server: running (CPU) | Clients: 50 nodes (fractional GPU) | Ray GPU usage: 1.9/2.0 (95.0%)
2025-12-27 04:38:50,417 - __main__ - INFO - ⏰ 212s | Server: running (CPU) | Clients: 50 nodes (fractional GPU) | Ray GPU usage: 1.9/2.0 (95.0%)
2025-12-27 04:38:55,514 - __main__ - INFO - ⏰ 217s | Server: running (CPU) | Clients: 50 nodes (fractional GPU) | Ray GPU usage: 1.9/2.0 (95.0%)
2025-12-27 04:39:00,560 - __main__ - INFO - ⏰ 222s | Server: running (CPU) | Clients: 50 nodes (fractional GPU) | Ray GPU usage: 1.9/2.0 (95.0%)
2025-12-27 04:39:05,635 - __main__ - INFO - ⏰ 227s | Server: running (CPU) | Clients: 50 nodes (fractional GPU) | Ray GPU usage: 1.9/2.0 (95.0%)
2025-12-27 04:39:10,680 - __main__ - INFO - ⏰ 232s | Server: running (CPU) | Clients: 50 nodes (fractional GPU) | Ray GPU usage: 1.9/2.0 (95.0%)
2025-12-27 04:39:15,734 - __main__ - INFO - ⏰ 237s | Server: running (CPU) | Clients: 50 nodes (fractional GPU) | Ray GPU usage: 1.9/2.0 (95.0%)
2025-12-27 04:39:20,761 - __main__ - INFO - ⏰ 242s | Server: running (CPU) | Clients: 50 nodes (fractional GPU) | Ray GPU usage: 1.9/2.0 (95.0%)
2025-12-27 04:39:25,774 - __main__ - INFO - ⏰ 247s | Server: running (CPU) | Clients: 50 nodes (fractional GPU) | Ray GPU usage: 1.9/2.0 (95.0%)
2025-12-27 04:39:30,788 - __main__ - INFO - ⏰ 252s | Server: running (CPU) | Clients: 50 nodes (fractional GPU) | Ray GPU usage: 1.9/2.0 (95.0%)
2025-12-27 04:39:35,798 - __main__ - INFO - ⏰ 257s | Server: running (CPU) | Clients: 50 nodes (fractional GPU) | Ray GPU usage: 1.9/2.0 (95.0%)
2025-12-27 04:39:40,815 - __main__ - INFO - ⏰ 262s | Server: running (CPU) | Clients: 50 nodes (fractional GPU) | Ray GPU usage: 1.9/2.0 (95.0%)
2025-12-27 04:39:45,831 - __main__ - INFO - ⏰ 267s | Server: running (CPU) | Clients: 50 nodes (fractional GPU) | Ray GPU usage: 1.9/2.0 (95.0%)
2025-12-27 04:39:50,846 - __main__ - INFO - ⏰ 272s | Server: running (CPU) | Clients: 50 nodes (fractional GPU) | Ray GPU usage: 1.9/2.0 (95.0%)
2025-12-27 04:39:55,861 - __main__ - INFO - ⏰ 277s | Server: running (CPU) | Clients: 50 nodes (fractional GPU) | Ray GPU usage: 1.9/2.0 (95.0%)
2025-12-27 04:40:00,876 - __main__ - INFO - ⏰ 282s | Server: running (CPU) | Clients: 50 nodes (fractional GPU) | Ray GPU usage: 1.9/2.0 (95.0%)
2025-12-27 04:40:05,890 - __main__ - INFO - ⏰ 287s | Server: running (CPU) | Clients: 50 nodes (fractional GPU) | Ray GPU usage: 1.9/2.0 (95.0%)
2025-12-27 04:40:10,904 - __main__ - INFO - ⏰ 292s | Server: running (CPU) | Clients: 50 nodes (fractional GPU) | Ray GPU usage: 1.9/2.0 (95.0%)
2025-12-27 04:40:15,915 - __main__ - INFO - ⏰ 297s | Server: running (CPU) | Clients: 50 nodes (fractional GPU) | Ray GPU usage: 1.9/2.0 (95.0%)
2025-12-27 04:40:20,927 - __main__ - INFO - ⏰ 302s | Server: running (CPU) | Clients: 50 nodes (fractional GPU) | Ray GPU usage: 1.9/2.0 (95.0%)
2025-12-27 04:40:25,942 - __main__ - INFO - ⏰ 307s | Server: running (CPU) | Clients: 50 nodes (fractional GPU) | Ray GPU usage: 1.9/2.0 (95.0%)
2025-12-27 04:40:30,957 - __main__ - INFO - ⏰ 312s | Server: running (CPU) | Clients: 50 nodes (fractional GPU) | Ray GPU usage: 1.9/2.0 (95.0%)
2025-12-27 04:40:35,971 - __main__ - INFO - ⏰ 317s | Server: running (CPU) | Clients: 50 nodes (fractional GPU) | Ray GPU usage: 1.9/2.0 (95.0%)
2025-12-27 04:40:40,986 - __main__ - INFO - ⏰ 322s | Server: running (CPU) | Clients: 50 nodes (fractional GPU) | Ray GPU usage: 1.9/2.0 (95.0%)
2025-12-27 04:40:46,001 - __main__ - INFO - ⏰ 327s | Server: running (CPU) | Clients: 50 nodes (fractional GPU) | Ray GPU usage: 1.9/2.0 (95.0%)
2025-12-27 04:40:51,016 - __main__ - INFO - ⏰ 332s | Server: running (CPU) | Clients: 50 nodes (fractional GPU) | Ray GPU usage: 1.9/2.0 (95.0%)
2025-12-27 04:40:56,030 - __main__ - INFO - ⏰ 338s | Server: running (CPU) | Clients: 50 nodes (fractional GPU) | Ray GPU usage: 1.9/2.0 (95.0%)
2025-12-27 04:41:01,045 - __main__ - INFO - ⏰ 343s | Server: running (CPU) | Clients: 50 nodes (fractional GPU) | Ray GPU usage: 1.9/2.0 (95.0%)
2025-12-27 04:41:06,057 - __main__ - INFO - ⏰ 348s | Server: running (CPU) | Clients: 50 nodes (fractional GPU) | Ray GPU usage: 1.9/2.0 (95.0%)
2025-12-27 04:41:11,071 - __main__ - INFO - ⏰ 353s | Server: running (CPU) | Clients: 50 nodes (fractional GPU) | Ray GPU usage: 1.9/2.0 (95.0%)
2025-12-27 04:41:16,085 - __main__ - INFO - ⏰ 358s | Server: running (CPU) | Clients: 50 nodes (fractional GPU) | Ray GPU usage: 1.9/2.0 (95.0%)
2025-12-27 04:41:21,100 - __main__ - INFO - ⏰ 363s | Server: running (CPU) | Clients: 50 nodes (fractional GPU) | Ray GPU usage: 1.9/2.0 (95.0%)
2025-12-27 04:41:26,114 - __main__ - INFO - ⏰ 368s | Server: running (CPU) | Clients: 50 nodes (fractional GPU) | Ray GPU usage: 1.9/2.0 (95.0%)
2025-12-27 04:41:31,128 - __main__ - INFO - ⏰ 373s | Server: running (CPU) | Clients: 50 nodes (fractional GPU) | Ray GPU usage: 1.9/2.0 (95.0%)
2025-12-27 04:41:36,144 - __main__ - INFO - ⏰ 378s | Server: running (CPU) | Clients: 50 nodes (fractional GPU) | Ray GPU usage: 1.9/2.0 (95.0%)
2025-12-27 04:41:41,158 - __main__ - INFO - ⏰ 383s | Server: running (CPU) | Clients: 50 nodes (fractional GPU) | Ray GPU usage: 1.9/2.0 (95.0%)
2025-12-27 04:41:46,174 - __main__ - INFO - ⏰ 388s | Server: running (CPU) | Clients: 50 nodes (fractional GPU) | Ray GPU usage: 1.9/2.0 (95.0%)
2025-12-27 04:41:51,189 - __main__ - INFO - ⏰ 393s | Server: running (CPU) | Clients: 50 nodes (fractional GPU) | Ray GPU usage: 1.9/2.0 (95.0%)
2025-12-27 04:41:56,201 - __main__ - INFO - ⏰ 398s | Server: running (CPU) | Clients: 50 nodes (fractional GPU) | Ray GPU usage: 1.9/2.0 (95.0%)
2025-12-27 04:42:01,216 - __main__ - INFO - ⏰ 403s | Server: running (CPU) | Clients: 50 nodes (fractional GPU) | Ray GPU usage: 1.9/2.0 (95.0%)
2025-12-27 04:42:06,231 - __main__ - INFO - ⏰ 408s | Server: running (CPU) | Clients: 50 nodes (fractional GPU) | Ray GPU usage: 1.9/2.0 (95.0%)
2025-12-27 04:42:11,246 - __main__ - INFO - ⏰ 413s | Server: running (CPU) | Clients: 50 nodes (fractional GPU) | Ray GPU usage: 1.9/2.0 (95.0%)
2025-12-27 04:42:16,261 - __main__ - INFO - ⏰ 418s | Server: running (CPU) | Clients: 50 nodes (fractional GPU) | Ray GPU usage: 1.9/2.0 (95.0%)
2025-12-27 04:42:21,274 - __main__ - INFO - ⏰ 423s | Server: running (CPU) | Clients: 50 nodes (fractional GPU) | Ray GPU usage: 1.9/2.0 (95.0%)
2025-12-27 04:42:26,289 - __main__ - INFO - ⏰ 428s | Server: running (CPU) | Clients: 50 nodes (fractional GPU) | Ray GPU usage: 1.9/2.0 (95.0%)
2025-12-27 04:42:31,304 - __main__ - INFO - ⏰ 433s | Server: running (CPU) | Clients: 50 nodes (fractional GPU) | Ray GPU usage: 1.9/2.0 (95.0%)
2025-12-27 04:42:36,319 - __main__ - INFO - ⏰ 438s | Server: running (CPU) | Clients: 50 nodes (fractional GPU) | Ray GPU usage: 1.9/2.0 (95.0%)
2025-12-27 04:42:41,330 - __main__ - INFO - ⏰ 443s | Server: running (CPU) | Clients: 50 nodes (fractional GPU) | Ray GPU usage: 1.9/2.0 (95.0%)
2025-12-27 04:42:46,345 - __main__ - INFO - ⏰ 448s | Server: running (CPU) | Clients: 50 nodes (fractional GPU) | Ray GPU usage: 1.9/2.0 (95.0%)
2025-12-27 04:42:51,359 - __main__ - INFO - ⏰ 453s | Server: running (CPU) | Clients: 50 nodes (fractional GPU) | Ray GPU usage: 1.9/2.0 (95.0%)
2025-12-27 04:42:56,371 - __main__ - INFO - ⏰ 458s | Server: running (CPU) | Clients: 50 nodes (fractional GPU) | Ray GPU usage: 1.9/2.0 (95.0%)
2025-12-27 04:43:01,386 - __main__ - INFO - ⏰ 463s | Server: running (CPU) | Clients: 50 nodes (fractional GPU) | Ray GPU usage: 1.9/2.0 (95.0%)
2025-12-27 04:43:06,398 - __main__ - INFO - ⏰ 468s | Server: running (CPU) | Clients: 50 nodes (fractional GPU) | Ray GPU usage: 1.9/2.0 (95.0%)
2025-12-27 04:43:11,413 - __main__ - INFO - ⏰ 473s | Server: running (CPU) | Clients: 50 nodes (fractional GPU) | Ray GPU usage: 1.9/2.0 (95.0%)
2025-12-27 04:43:16,428 - __main__ - INFO - ⏰ 478s | Server: running (CPU) | Clients: 50 nodes (fractional GPU) | Ray GPU usage: 1.9/2.0 (95.0%)
2025-12-27 04:43:21,443 - __main__ - INFO - ⏰ 483s | Server: running (CPU) | Clients: 50 nodes (fractional GPU) | Ray GPU usage: 1.9/2.0 (95.0%)
2025-12-27 04:43:26,458 - __main__ - INFO - ⏰ 488s | Server: running (CPU) | Clients: 50 nodes (fractional GPU) | Ray GPU usage: 1.9/2.0 (95.0%)
2025-12-27 04:43:31,472 - __main__ - INFO - ⏰ 493s | Server: running (CPU) | Clients: 50 nodes (fractional GPU) | Ray GPU usage: 1.9/2.0 (95.0%)
2025-12-27 04:43:36,487 - __main__ - INFO - ⏰ 498s | Server: running (CPU) | Clients: 50 nodes (fractional GPU) | Ray GPU usage: 1.9/2.0 (95.0%)
2025-12-27 04:43:41,502 - __main__ - INFO - ⏰ 503s | Server: running (CPU) | Clients: 50 nodes (fractional GPU) | Ray GPU usage: 1.9/2.0 (95.0%)
2025-12-27 04:43:46,517 - __main__ - INFO - ⏰ 508s | Server: running (CPU) | Clients: 50 nodes (fractional GPU) | Ray GPU usage: 1.9/2.0 (95.0%)
2025-12-27 04:43:51,531 - __main__ - INFO - ⏰ 513s | Server: running (CPU) | Clients: 50 nodes (fractional GPU) | Ray GPU usage: 1.9/2.0 (95.0%)
2025-12-27 04:43:56,546 - __main__ - INFO - ⏰ 518s | Server: running (CPU) | Clients: 50 nodes (fractional GPU) | Ray GPU usage: 1.9/2.0 (95.0%)
2025-12-27 04:44:01,561 - __main__ - INFO - ⏰ 523s | Server: running (CPU) | Clients: 50 nodes (fractional GPU) | Ray GPU usage: 1.9/2.0 (95.0%)
2025-12-27 04:44:06,575 - __main__ - INFO - ⏰ 528s | Server: running (CPU) | Clients: 50 nodes (fractional GPU) | Ray GPU usage: 1.9/2.0 (95.0%)
2025-12-27 04:44:11,585 - __main__ - INFO - ⏰ 533s | Server: running (CPU) | Clients: 50 nodes (fractional GPU) | Ray GPU usage: 1.9/2.0 (95.0%)
2025-12-27 04:44:16,600 - __main__ - INFO - ⏰ 538s | Server: running (CPU) | Clients: 50 nodes (fractional GPU) | Ray GPU usage: 1.9/2.0 (95.0%)
2025-12-27 04:44:21,615 - __main__ - INFO - ⏰ 543s | Server: running (CPU) | Clients: 50 nodes (fractional GPU) | Ray GPU usage: 1.9/2.0 (95.0%)
2025-12-27 04:44:26,630 - __main__ - INFO - ⏰ 548s | Server: running (CPU) | Clients: 50 nodes (fractional GPU) | Ray GPU usage: 1.9/2.0 (95.0%)
2025-12-27 04:44:31,643 - __main__ - INFO - ⏰ 553s | Server: running (CPU) | Clients: 50 nodes (fractional GPU) | Ray GPU usage: 1.9/2.0 (95.0%)
2025-12-27 04:44:36,657 - __main__ - INFO - ⏰ 558s | Server: running (CPU) | Clients: 50 nodes (fractional GPU) | Ray GPU usage: 1.9/2.0 (95.0%)
2025-12-27 04:44:41,671 - __main__ - INFO - ⏰ 563s | Server: running (CPU) | Clients: 50 nodes (fractional GPU) | Ray GPU usage: 1.9/2.0 (95.0%)
2025-12-27 04:44:46,685 - __main__ - INFO - ⏰ 568s | Server: running (CPU) | Clients: 50 nodes (fractional GPU) | Ray GPU usage: 1.9/2.0 (95.0%)
2025-12-27 04:44:51,699 - __main__ - INFO - ⏰ 573s | Server: running (CPU) | Clients: 50 nodes (fractional GPU) | Ray GPU usage: 1.9/2.0 (95.0%)
2025-12-27 04:44:56,712 - __main__ - INFO - ⏰ 578s | Server: running (CPU) | Clients: 50 nodes (fractional GPU) | Ray GPU usage: 1.9/2.0 (95.0%)
2025-12-27 04:45:01,723 - __main__ - INFO - ⏰ 583s | Server: running (CPU) | Clients: 50 nodes (fractional GPU) | Ray GPU usage: 1.9/2.0 (95.0%)
2025-12-27 04:45:06,737 - __main__ - INFO - ⏰ 588s | Server: running (CPU) | Clients: 50 nodes (fractional GPU) | Ray GPU usage: 1.9/2.0 (95.0%)
2025-12-27 04:45:11,752 - __main__ - INFO - ⏰ 593s | Server: running (CPU) | Clients: 50 nodes (fractional GPU) | Ray GPU usage: 1.9/2.0 (95.0%)
2025-12-27 04:45:16,767 - __main__ - INFO - ⏰ 598s | Server: running (CPU) | Clients: 50 nodes (fractional GPU) | Ray GPU usage: 1.9/2.0 (95.0%)
2025-12-27 04:45:21,781 - __main__ - INFO - ⏰ 603s | Server: running (CPU) | Clients: 50 nodes (fractional GPU) | Ray GPU usage: 1.9/2.0 (95.0%)
2025-12-27 04:45:26,796 - __main__ - INFO - ⏰ 608s | Server: running (CPU) | Clients: 50 nodes (fractional GPU) | Ray GPU usage: 1.9/2.0 (95.0%)
2025-12-27 04:45:31,810 - __main__ - INFO - ⏰ 613s | Server: running (CPU) | Clients: 50 nodes (fractional GPU) | Ray GPU usage: 1.9/2.0 (95.0%)
2025-12-27 04:45:36,825 - __main__ - INFO - ⏰ 618s | Server: running (CPU) | Clients: 50 nodes (fractional GPU) | Ray GPU usage: 1.9/2.0 (95.0%)
2025-12-27 04:45:41,839 - __main__ - INFO - ⏰ 623s | Server: running (CPU) | Clients: 50 nodes (fractional GPU) | Ray GPU usage: 1.9/2.0 (95.0%)
2025-12-27 04:45:46,853 - __main__ - INFO - ⏰ 628s | Server: running (CPU) | Clients: 50 nodes (fractional GPU) | Ray GPU usage: 1.9/2.0 (95.0%)
2025-12-27 04:45:51,871 - __main__ - INFO - ⏰ 633s | Server: running (CPU) | Clients: 50 nodes (fractional GPU) | Ray GPU usage: 1.9/2.0 (95.0%)
2025-12-27 04:45:56,885 - __main__ - INFO - ⏰ 638s | Server: running (CPU) | Clients: 50 nodes (fractional GPU) | Ray GPU usage: 1.9/2.0 (95.0%)
2025-12-27 04:46:01,900 - __main__ - INFO - ⏰ 643s | Server: running (CPU) | Clients: 50 nodes (fractional GPU) | Ray GPU usage: 1.9/2.0 (95.0%)
2025-12-27 04:46:06,914 - __main__ - INFO - ⏰ 648s | Server: running (CPU) | Clients: 50 nodes (fractional GPU) | Ray GPU usage: 1.9/2.0 (95.0%)
2025-12-27 04:46:11,929 - __main__ - INFO - ⏰ 653s | Server: running (CPU) | Clients: 50 nodes (fractional GPU) | Ray GPU usage: 1.9/2.0 (95.0%)
2025-12-27 04:46:16,943 - __main__ - INFO - ⏰ 658s | Server: running (CPU) | Clients: 50 nodes (fractional GPU) | Ray GPU usage: 1.9/2.0 (95.0%)
2025-12-27 04:46:21,957 - __main__ - INFO - ⏰ 663s | Server: running (CPU) | Clients: 50 nodes (fractional GPU) | Ray GPU usage: 1.9/2.0 (95.0%)
2025-12-27 04:46:26,970 - __main__ - INFO - ⏰ 668s | Server: running (CPU) | Clients: 50 nodes (fractional GPU) | Ray GPU usage: 1.9/2.0 (95.0%)
2025-12-27 04:46:31,984 - __main__ - INFO - ⏰ 673s | Server: running (CPU) | Clients: 50 nodes (fractional GPU) | Ray GPU usage: 1.9/2.0 (95.0%)
2025-12-27 04:46:36,998 - __main__ - INFO - ⏰ 678s | Server: running (CPU) | Clients: 50 nodes (fractional GPU) | Ray GPU usage: 1.9/2.0 (95.0%)
2025-12-27 04:46:42,011 - __main__ - INFO - ⏰ 683s | Server: running (CPU) | Clients: 50 nodes (fractional GPU) | Ray GPU usage: 1.9/2.0 (95.0%)
2025-12-27 04:46:47,025 - __main__ - INFO - ⏰ 688s | Server: running (CPU) | Clients: 50 nodes (fractional GPU) | Ray GPU usage: 1.9/2.0 (95.0%)
2025-12-27 04:46:52,041 - __main__ - INFO - ⏰ 694s | Server: running (CPU) | Clients: 50 nodes (fractional GPU) | Ray GPU usage: 1.9/2.0 (95.0%)
2025-12-27 04:46:57,056 - __main__ - INFO - ⏰ 699s | Server: running (CPU) | Clients: 50 nodes (fractional GPU) | Ray GPU usage: 1.9/2.0 (95.0%)
2025-12-27 04:47:02,070 - __main__ - INFO - ⏰ 704s | Server: running (CPU) | Clients: 50 nodes (fractional GPU) | Ray GPU usage: 1.9/2.0 (95.0%)
2025-12-27 04:47:07,084 - __main__ - INFO - ⏰ 709s | Server: running (CPU) | Clients: 50 nodes (fractional GPU) | Ray GPU usage: 1.9/2.0 (95.0%)
2025-12-27 04:47:12,096 - __main__ - INFO - ⏰ 714s | Server: running (CPU) | Clients: 50 nodes (fractional GPU) | Ray GPU usage: 1.9/2.0 (95.0%)
2025-12-27 04:47:17,109 - __main__ - INFO - ⏰ 719s | Server: running (CPU) | Clients: 50 nodes (fractional GPU) | Ray GPU usage: 1.9/2.0 (95.0%)
2025-12-27 04:47:22,124 - __main__ - INFO - ⏰ 724s | Server: running (CPU) | Clients: 50 nodes (fractional GPU) | Ray GPU usage: 1.9/2.0 (95.0%)
2025-12-27 04:47:27,139 - __main__ - INFO - ⏰ 729s | Server: running (CPU) | Clients: 50 nodes (fractional GPU) | Ray GPU usage: 1.9/2.0 (95.0%)
2025-12-27 04:47:32,152 - __main__ - INFO - ⏰ 734s | Server: running (CPU) | Clients: 50 nodes (fractional GPU) | Ray GPU usage: 1.9/2.0 (95.0%)
srun: Job step aborted: Waiting up to 32 seconds for job step to finish.
slurmstepd-srv-it-node03: error: *** STEP 648.0 ON srv-it-node03 CANCELLED AT 2025-12-27T04:47:34 ***
slurmstepd-srv-it-node03: error: *** JOB 648 ON srv-it-node03 CANCELLED AT 2025-12-27T04:47:34 ***
